

================================================================
== Vitis HLS Report for 'dense_resource_rf_leq_nin_ap_ufixed_ap_fixed_16_6_5_3_0_config12_s'
================================================================
* Date:           Mon Apr 28 20:13:02 2025

* Version:        2024.2 (Build 5238294 on Nov  8 2024)
* Project:        myproject_prj
* Solution:       solution1 (Vivado IP Flow Target)
* Product family: artix7
* Target device:  xc7a35t-cpg236-1


================================================================
== Performance Estimates
================================================================
+ Timing: 
    * Summary: 
    +--------+----------+-----------+------------+
    |  Clock |  Target  | Estimated | Uncertainty|
    +--------+----------+-----------+------------+
    |ap_clk  |  30.00 ns|  20.500 ns|     8.10 ns|
    +--------+----------+-----------+------------+

+ Latency: 
    * Summary: 
    +---------+---------+----------+----------+-----+-----+-------------------------------------------+
    |  Latency (cycles) |  Latency (absolute) |  Interval |                  Pipeline                 |
    |   min   |   max   |    min   |    max   | min | max |                    Type                   |
    +---------+---------+----------+----------+-----+-----+-------------------------------------------+
    |       25|       26|  0.750 us|  0.780 us|   25|   25|  loop rewind stp (delay=0 clock cycles(s))|
    +---------+---------+----------+----------+-----+-----+-------------------------------------------+

    + Detail: 
        * Instance: 
        N/A

        * Loop: 
        +-------------+---------+---------+----------+-----------+-----------+------+----------+
        |             |  Latency (cycles) | Iteration|  Initiation Interval  | Trip |          |
        |  Loop Name  |   min   |   max   |  Latency |  achieved |   target  | Count| Pipelined|
        +-------------+---------+---------+----------+-----------+-----------+------+----------+
        |- ReuseLoop  |       25|       25|         2|          1|          1|    25|       yes|
        +-------------+---------+---------+----------+-----------+-----------+------+----------+



================================================================
== Utilization Estimates
================================================================
* Summary: 
+-----------------+---------+----+-------+-------+-----+
|       Name      | BRAM_18K| DSP|   FF  |  LUT  | URAM|
+-----------------+---------+----+-------+-------+-----+
|DSP              |        -|   3|      -|      -|    -|
|Expression       |        -|   -|      0|     80|    -|
|FIFO             |        -|   -|      -|      -|    -|
|Instance         |        -|   0|      0|    667|    -|
|Memory           |        1|   -|      0|      0|    -|
|Multiplexer      |        -|   -|      0|   2325|    -|
|Register         |        -|   -|   1550|      -|    -|
+-----------------+---------+----+-------+-------+-----+
|Total            |        1|   3|   1550|   3072|    0|
+-----------------+---------+----+-------+-------+-----+
|Available        |      100|  90|  41600|  20800|    0|
+-----------------+---------+----+-------+-------+-----+
|Utilization (%)  |        1|   3|      3|     14|    0|
+-----------------+---------+----+-------+-------+-----+

+ Detail: 
    * Instance: 
    +---------------------------+----------------------+---------+----+---+-----+-----+
    |          Instance         |        Module        | BRAM_18K| DSP| FF| LUT | URAM|
    +---------------------------+----------------------+---------+----+---+-----+-----+
    |mul_6s_6ns_12_1_1_U542     |mul_6s_6ns_12_1_1     |        0|   0|  0|   26|    0|
    |mul_6s_6ns_12_1_1_U545     |mul_6s_6ns_12_1_1     |        0|   0|  0|   26|    0|
    |sparsemux_51_5_6_1_1_U541  |sparsemux_51_5_6_1_1  |        0|   0|  0|  123|    0|
    |sparsemux_51_5_6_1_1_U543  |sparsemux_51_5_6_1_1  |        0|   0|  0|  123|    0|
    |sparsemux_51_5_6_1_1_U544  |sparsemux_51_5_6_1_1  |        0|   0|  0|  123|    0|
    |sparsemux_51_5_6_1_1_U546  |sparsemux_51_5_6_1_1  |        0|   0|  0|  123|    0|
    |sparsemux_51_5_6_1_1_U547  |sparsemux_51_5_6_1_1  |        0|   0|  0|  123|    0|
    +---------------------------+----------------------+---------+----+---+-----+-----+
    |Total                      |                      |        0|   0|  0|  667|    0|
    +---------------------------+----------------------+---------+----+---+-----+-----+

    * DSP: 
    +-----------------------------------+------------------------------+--------------+
    |              Instance             |            Module            |  Expression  |
    +-----------------------------------+------------------------------+--------------+
    |mac_muladd_6ns_4s_12s_13_1_1_U550  |mac_muladd_6ns_4s_12s_13_1_1  |  i0 + i1 * i2|
    |mac_muladd_6s_6ns_12s_13_1_1_U549  |mac_muladd_6s_6ns_12s_13_1_1  |  i0 + i1 * i2|
    |mac_muladd_6s_6ns_13s_14_1_1_U548  |mac_muladd_6s_6ns_13s_14_1_1  |  i0 + i1 * i2|
    +-----------------------------------+------------------------------+--------------+

    * Memory: 
    +-------+----------------------------------------------------------------------------------+---------+---+----+-----+------+-----+------+-------------+
    | Memory|                                      Module                                      | BRAM_18K| FF| LUT| URAM| Words| Bits| Banks| W*Bits*Banks|
    +-------+----------------------------------------------------------------------------------+---------+---+----+-----+------+-----+------+-------------+
    |w12_U  |dense_resource_rf_leq_nin_ap_ufixed_ap_fixed_16_6_5_3_0_config12_s_w12_ROM_NPHfu  |        1|  0|   0|    0|    25|   28|     1|          700|
    +-------+----------------------------------------------------------------------------------+---------+---+----+-----+------+-----+------+-------------+
    |Total  |                                                                                  |        1|  0|   0|    0|    25|   28|     1|          700|
    +-------+----------------------------------------------------------------------------------+---------+---+----+-----+------+-----+------+-------------+

    * FIFO: 
    N/A

    * Expression: 
    +------------------------+----------+----+---+----+------------+------------+
    |      Variable Name     | Operation| DSP| FF| LUT| Bitwidth P0| Bitwidth P1|
    +------------------------+----------+----+---+----+------------+------------+
    |add_ln58_15_fu_5088_p2  |         +|   0|  0|  22|          15|          15|
    |add_ln58_16_fu_5098_p2  |         +|   0|  0|  26|          19|          19|
    |w_index_fu_4423_p2      |         +|   0|  0|  13|           5|           1|
    |ap_condition_37         |       and|   0|  0|   2|           1|           1|
    |ap_condition_955        |       and|   0|  0|   2|           1|           1|
    |icmp_ln46_fu_4429_p2    |      icmp|   0|  0|  13|           5|           5|
    |ap_enable_pp0           |       xor|   0|  0|   2|           1|           2|
    +------------------------+----------+----+---+----+------------+------------+
    |Total                   |          |   0|  0|  80|          47|          44|
    +------------------------+----------+----+---+----+------------+------------+

    * Multiplexer: 
    +---------------------------------------------------+----+-----------+-----+-----------+
    |                        Name                       | LUT| Input Size| Bits| Total Bits|
    +---------------------------------------------------+----+-----------+-----+-----------+
    |ap_NS_fsm                                          |  13|          3|    1|          3|
    |ap_enable_reg_pp0_iter1                            |   9|          2|    1|          2|
    |ap_phi_mux_data_0_val15_phi_phi_fu_2922_p4         |   9|          2|    6|         12|
    |ap_phi_mux_data_100_val115_phi_phi_fu_4122_p4      |   9|          2|    6|         12|
    |ap_phi_mux_data_101_val116_phi_phi_fu_4134_p4      |   9|          2|    6|         12|
    |ap_phi_mux_data_102_val117_phi_phi_fu_4146_p4      |   9|          2|    6|         12|
    |ap_phi_mux_data_103_val118_phi_phi_fu_4158_p4      |   9|          2|    6|         12|
    |ap_phi_mux_data_104_val119_phi_phi_fu_4170_p4      |   9|          2|    6|         12|
    |ap_phi_mux_data_105_val120_phi_phi_fu_4182_p4      |   9|          2|    6|         12|
    |ap_phi_mux_data_106_val121_phi_phi_fu_4194_p4      |   9|          2|    6|         12|
    |ap_phi_mux_data_107_val122_phi_phi_fu_4206_p4      |   9|          2|    6|         12|
    |ap_phi_mux_data_108_val123_phi_phi_fu_4218_p4      |   9|          2|    6|         12|
    |ap_phi_mux_data_109_val124_phi_phi_fu_4230_p4      |   9|          2|    6|         12|
    |ap_phi_mux_data_10_val25_phi_phi_fu_3042_p4        |   9|          2|    6|         12|
    |ap_phi_mux_data_110_val125_phi_phi_fu_4242_p4      |   9|          2|    6|         12|
    |ap_phi_mux_data_111_val126_phi_phi_fu_4254_p4      |   9|          2|    6|         12|
    |ap_phi_mux_data_112_val127_phi_phi_fu_4266_p4      |   9|          2|    6|         12|
    |ap_phi_mux_data_113_val128_phi_phi_fu_4278_p4      |   9|          2|    6|         12|
    |ap_phi_mux_data_114_val129_phi_phi_fu_4290_p4      |   9|          2|    6|         12|
    |ap_phi_mux_data_115_val130_phi_phi_fu_4302_p4      |   9|          2|    6|         12|
    |ap_phi_mux_data_116_val131_phi_phi_fu_4314_p4      |   9|          2|    6|         12|
    |ap_phi_mux_data_117_val132_phi_phi_fu_4326_p4      |   9|          2|    6|         12|
    |ap_phi_mux_data_118_val133_phi_phi_fu_4338_p4      |   9|          2|    6|         12|
    |ap_phi_mux_data_119_val134_phi_phi_fu_4350_p4      |   9|          2|    6|         12|
    |ap_phi_mux_data_11_val26_phi_phi_fu_3054_p4        |   9|          2|    6|         12|
    |ap_phi_mux_data_120_val135_phi_phi_fu_4362_p4      |   9|          2|    6|         12|
    |ap_phi_mux_data_121_val136_phi_phi_fu_4374_p4      |   9|          2|    6|         12|
    |ap_phi_mux_data_122_val137_phi_phi_fu_4386_p4      |   9|          2|    6|         12|
    |ap_phi_mux_data_123_val138_phi_phi_fu_4398_p4      |   9|          2|    6|         12|
    |ap_phi_mux_data_124_val139_phi_phi_fu_4410_p4      |   9|          2|    6|         12|
    |ap_phi_mux_data_12_val27_phi_phi_fu_3066_p4        |   9|          2|    6|         12|
    |ap_phi_mux_data_13_val28_phi_phi_fu_3078_p4        |   9|          2|    6|         12|
    |ap_phi_mux_data_14_val29_phi_phi_fu_3090_p4        |   9|          2|    6|         12|
    |ap_phi_mux_data_15_val30_phi_phi_fu_3102_p4        |   9|          2|    6|         12|
    |ap_phi_mux_data_16_val31_phi_phi_fu_3114_p4        |   9|          2|    6|         12|
    |ap_phi_mux_data_17_val32_phi_phi_fu_3126_p4        |   9|          2|    6|         12|
    |ap_phi_mux_data_18_val33_phi_phi_fu_3138_p4        |   9|          2|    6|         12|
    |ap_phi_mux_data_19_val34_phi_phi_fu_3150_p4        |   9|          2|    6|         12|
    |ap_phi_mux_data_1_val16_phi_phi_fu_2934_p4         |   9|          2|    6|         12|
    |ap_phi_mux_data_20_val35_phi_phi_fu_3162_p4        |   9|          2|    6|         12|
    |ap_phi_mux_data_21_val36_phi_phi_fu_3174_p4        |   9|          2|    6|         12|
    |ap_phi_mux_data_22_val37_phi_phi_fu_3186_p4        |   9|          2|    6|         12|
    |ap_phi_mux_data_23_val38_phi_phi_fu_3198_p4        |   9|          2|    6|         12|
    |ap_phi_mux_data_24_val39_phi_phi_fu_3210_p4        |   9|          2|    6|         12|
    |ap_phi_mux_data_25_val40_phi_phi_fu_3222_p4        |   9|          2|    6|         12|
    |ap_phi_mux_data_26_val41_phi_phi_fu_3234_p4        |   9|          2|    6|         12|
    |ap_phi_mux_data_27_val42_phi_phi_fu_3246_p4        |   9|          2|    6|         12|
    |ap_phi_mux_data_28_val43_phi_phi_fu_3258_p4        |   9|          2|    6|         12|
    |ap_phi_mux_data_29_val44_phi_phi_fu_3270_p4        |   9|          2|    6|         12|
    |ap_phi_mux_data_2_val17_phi_phi_fu_2946_p4         |   9|          2|    6|         12|
    |ap_phi_mux_data_30_val45_phi_phi_fu_3282_p4        |   9|          2|    6|         12|
    |ap_phi_mux_data_31_val46_phi_phi_fu_3294_p4        |   9|          2|    6|         12|
    |ap_phi_mux_data_32_val47_phi_phi_fu_3306_p4        |   9|          2|    6|         12|
    |ap_phi_mux_data_33_val48_phi_phi_fu_3318_p4        |   9|          2|    6|         12|
    |ap_phi_mux_data_34_val49_phi_phi_fu_3330_p4        |   9|          2|    6|         12|
    |ap_phi_mux_data_35_val50_phi_phi_fu_3342_p4        |   9|          2|    6|         12|
    |ap_phi_mux_data_36_val51_phi_phi_fu_3354_p4        |   9|          2|    6|         12|
    |ap_phi_mux_data_37_val52_phi_phi_fu_3366_p4        |   9|          2|    6|         12|
    |ap_phi_mux_data_38_val53_phi_phi_fu_3378_p4        |   9|          2|    6|         12|
    |ap_phi_mux_data_39_val54_phi_phi_fu_3390_p4        |   9|          2|    6|         12|
    |ap_phi_mux_data_3_val18_phi_phi_fu_2958_p4         |   9|          2|    6|         12|
    |ap_phi_mux_data_40_val55_phi_phi_fu_3402_p4        |   9|          2|    6|         12|
    |ap_phi_mux_data_41_val56_phi_phi_fu_3414_p4        |   9|          2|    6|         12|
    |ap_phi_mux_data_42_val57_phi_phi_fu_3426_p4        |   9|          2|    6|         12|
    |ap_phi_mux_data_43_val58_phi_phi_fu_3438_p4        |   9|          2|    6|         12|
    |ap_phi_mux_data_44_val59_phi_phi_fu_3450_p4        |   9|          2|    6|         12|
    |ap_phi_mux_data_45_val60_phi_phi_fu_3462_p4        |   9|          2|    6|         12|
    |ap_phi_mux_data_46_val61_phi_phi_fu_3474_p4        |   9|          2|    6|         12|
    |ap_phi_mux_data_47_val62_phi_phi_fu_3486_p4        |   9|          2|    6|         12|
    |ap_phi_mux_data_48_val63_phi_phi_fu_3498_p4        |   9|          2|    6|         12|
    |ap_phi_mux_data_49_val64_phi_phi_fu_3510_p4        |   9|          2|    6|         12|
    |ap_phi_mux_data_4_val19_phi_phi_fu_2970_p4         |   9|          2|    6|         12|
    |ap_phi_mux_data_50_val65_phi_phi_fu_3522_p4        |   9|          2|    6|         12|
    |ap_phi_mux_data_51_val66_phi_phi_fu_3534_p4        |   9|          2|    6|         12|
    |ap_phi_mux_data_52_val67_phi_phi_fu_3546_p4        |   9|          2|    6|         12|
    |ap_phi_mux_data_53_val68_phi_phi_fu_3558_p4        |   9|          2|    6|         12|
    |ap_phi_mux_data_54_val69_phi_phi_fu_3570_p4        |   9|          2|    6|         12|
    |ap_phi_mux_data_55_val70_phi_phi_fu_3582_p4        |   9|          2|    6|         12|
    |ap_phi_mux_data_56_val71_phi_phi_fu_3594_p4        |   9|          2|    6|         12|
    |ap_phi_mux_data_57_val72_phi_phi_fu_3606_p4        |   9|          2|    6|         12|
    |ap_phi_mux_data_58_val73_phi_phi_fu_3618_p4        |   9|          2|    6|         12|
    |ap_phi_mux_data_59_val74_phi_phi_fu_3630_p4        |   9|          2|    6|         12|
    |ap_phi_mux_data_5_val20_phi_phi_fu_2982_p4         |   9|          2|    6|         12|
    |ap_phi_mux_data_60_val75_phi_phi_fu_3642_p4        |   9|          2|    6|         12|
    |ap_phi_mux_data_61_val76_phi_phi_fu_3654_p4        |   9|          2|    6|         12|
    |ap_phi_mux_data_62_val77_phi_phi_fu_3666_p4        |   9|          2|    6|         12|
    |ap_phi_mux_data_63_val78_phi_phi_fu_3678_p4        |   9|          2|    6|         12|
    |ap_phi_mux_data_64_val79_phi_phi_fu_3690_p4        |   9|          2|    6|         12|
    |ap_phi_mux_data_65_val80_phi_phi_fu_3702_p4        |   9|          2|    6|         12|
    |ap_phi_mux_data_66_val81_phi_phi_fu_3714_p4        |   9|          2|    6|         12|
    |ap_phi_mux_data_67_val82_phi_phi_fu_3726_p4        |   9|          2|    6|         12|
    |ap_phi_mux_data_68_val83_phi_phi_fu_3738_p4        |   9|          2|    6|         12|
    |ap_phi_mux_data_69_val84_phi_phi_fu_3750_p4        |   9|          2|    6|         12|
    |ap_phi_mux_data_6_val21_phi_phi_fu_2994_p4         |   9|          2|    6|         12|
    |ap_phi_mux_data_70_val85_phi_phi_fu_3762_p4        |   9|          2|    6|         12|
    |ap_phi_mux_data_71_val86_phi_phi_fu_3774_p4        |   9|          2|    6|         12|
    |ap_phi_mux_data_72_val87_phi_phi_fu_3786_p4        |   9|          2|    6|         12|
    |ap_phi_mux_data_73_val88_phi_phi_fu_3798_p4        |   9|          2|    6|         12|
    |ap_phi_mux_data_74_val89_phi_phi_fu_3810_p4        |   9|          2|    6|         12|
    |ap_phi_mux_data_75_val90_phi_phi_fu_3822_p4        |   9|          2|    6|         12|
    |ap_phi_mux_data_76_val91_phi_phi_fu_3834_p4        |   9|          2|    6|         12|
    |ap_phi_mux_data_77_val92_phi_phi_fu_3846_p4        |   9|          2|    6|         12|
    |ap_phi_mux_data_78_val93_phi_phi_fu_3858_p4        |   9|          2|    6|         12|
    |ap_phi_mux_data_79_val94_phi_phi_fu_3870_p4        |   9|          2|    6|         12|
    |ap_phi_mux_data_7_val22_phi_phi_fu_3006_p4         |   9|          2|    6|         12|
    |ap_phi_mux_data_80_val95_phi_phi_fu_3882_p4        |   9|          2|    6|         12|
    |ap_phi_mux_data_81_val96_phi_phi_fu_3894_p4        |   9|          2|    6|         12|
    |ap_phi_mux_data_82_val97_phi_phi_fu_3906_p4        |   9|          2|    6|         12|
    |ap_phi_mux_data_83_val98_phi_phi_fu_3918_p4        |   9|          2|    6|         12|
    |ap_phi_mux_data_84_val99_phi_phi_fu_3930_p4        |   9|          2|    6|         12|
    |ap_phi_mux_data_85_val100_phi_phi_fu_3942_p4       |   9|          2|    6|         12|
    |ap_phi_mux_data_86_val101_phi_phi_fu_3954_p4       |   9|          2|    6|         12|
    |ap_phi_mux_data_87_val102_phi_phi_fu_3966_p4       |   9|          2|    6|         12|
    |ap_phi_mux_data_88_val103_phi_phi_fu_3978_p4       |   9|          2|    6|         12|
    |ap_phi_mux_data_89_val104_phi_phi_fu_3990_p4       |   9|          2|    6|         12|
    |ap_phi_mux_data_8_val23_phi_phi_fu_3018_p4         |   9|          2|    6|         12|
    |ap_phi_mux_data_90_val105_phi_phi_fu_4002_p4       |   9|          2|    6|         12|
    |ap_phi_mux_data_91_val106_phi_phi_fu_4014_p4       |   9|          2|    6|         12|
    |ap_phi_mux_data_92_val107_phi_phi_fu_4026_p4       |   9|          2|    6|         12|
    |ap_phi_mux_data_93_val108_phi_phi_fu_4038_p4       |   9|          2|    6|         12|
    |ap_phi_mux_data_94_val109_phi_phi_fu_4050_p4       |   9|          2|    6|         12|
    |ap_phi_mux_data_95_val110_phi_phi_fu_4062_p4       |   9|          2|    6|         12|
    |ap_phi_mux_data_96_val111_phi_phi_fu_4074_p4       |   9|          2|    6|         12|
    |ap_phi_mux_data_97_val112_phi_phi_fu_4086_p4       |   9|          2|    6|         12|
    |ap_phi_mux_data_98_val113_phi_phi_fu_4098_p4       |   9|          2|    6|         12|
    |ap_phi_mux_data_99_val114_phi_phi_fu_4110_p4       |   9|          2|    6|         12|
    |ap_phi_mux_data_9_val24_phi_phi_fu_3030_p4         |   9|          2|    6|         12|
    |ap_phi_mux_do_init_phi_fu_1127_p6                  |  13|          3|    1|          3|
    |ap_phi_mux_w_index3_phi_fu_1143_p6                 |  13|          3|    5|         15|
    |ap_phi_reg_pp0_iter1_data_0_val15_phi_reg_2918     |   9|          2|    6|         12|
    |ap_phi_reg_pp0_iter1_data_100_val115_phi_reg_4118  |   9|          2|    6|         12|
    |ap_phi_reg_pp0_iter1_data_101_val116_phi_reg_4130  |   9|          2|    6|         12|
    |ap_phi_reg_pp0_iter1_data_102_val117_phi_reg_4142  |   9|          2|    6|         12|
    |ap_phi_reg_pp0_iter1_data_103_val118_phi_reg_4154  |   9|          2|    6|         12|
    |ap_phi_reg_pp0_iter1_data_104_val119_phi_reg_4166  |   9|          2|    6|         12|
    |ap_phi_reg_pp0_iter1_data_105_val120_phi_reg_4178  |   9|          2|    6|         12|
    |ap_phi_reg_pp0_iter1_data_106_val121_phi_reg_4190  |   9|          2|    6|         12|
    |ap_phi_reg_pp0_iter1_data_107_val122_phi_reg_4202  |   9|          2|    6|         12|
    |ap_phi_reg_pp0_iter1_data_108_val123_phi_reg_4214  |   9|          2|    6|         12|
    |ap_phi_reg_pp0_iter1_data_109_val124_phi_reg_4226  |   9|          2|    6|         12|
    |ap_phi_reg_pp0_iter1_data_10_val25_phi_reg_3038    |   9|          2|    6|         12|
    |ap_phi_reg_pp0_iter1_data_110_val125_phi_reg_4238  |   9|          2|    6|         12|
    |ap_phi_reg_pp0_iter1_data_111_val126_phi_reg_4250  |   9|          2|    6|         12|
    |ap_phi_reg_pp0_iter1_data_112_val127_phi_reg_4262  |   9|          2|    6|         12|
    |ap_phi_reg_pp0_iter1_data_113_val128_phi_reg_4274  |   9|          2|    6|         12|
    |ap_phi_reg_pp0_iter1_data_114_val129_phi_reg_4286  |   9|          2|    6|         12|
    |ap_phi_reg_pp0_iter1_data_115_val130_phi_reg_4298  |   9|          2|    6|         12|
    |ap_phi_reg_pp0_iter1_data_116_val131_phi_reg_4310  |   9|          2|    6|         12|
    |ap_phi_reg_pp0_iter1_data_117_val132_phi_reg_4322  |   9|          2|    6|         12|
    |ap_phi_reg_pp0_iter1_data_118_val133_phi_reg_4334  |   9|          2|    6|         12|
    |ap_phi_reg_pp0_iter1_data_119_val134_phi_reg_4346  |   9|          2|    6|         12|
    |ap_phi_reg_pp0_iter1_data_11_val26_phi_reg_3050    |   9|          2|    6|         12|
    |ap_phi_reg_pp0_iter1_data_120_val135_phi_reg_4358  |   9|          2|    6|         12|
    |ap_phi_reg_pp0_iter1_data_121_val136_phi_reg_4370  |   9|          2|    6|         12|
    |ap_phi_reg_pp0_iter1_data_122_val137_phi_reg_4382  |   9|          2|    6|         12|
    |ap_phi_reg_pp0_iter1_data_123_val138_phi_reg_4394  |   9|          2|    6|         12|
    |ap_phi_reg_pp0_iter1_data_124_val139_phi_reg_4406  |   9|          2|    6|         12|
    |ap_phi_reg_pp0_iter1_data_12_val27_phi_reg_3062    |   9|          2|    6|         12|
    |ap_phi_reg_pp0_iter1_data_13_val28_phi_reg_3074    |   9|          2|    6|         12|
    |ap_phi_reg_pp0_iter1_data_14_val29_phi_reg_3086    |   9|          2|    6|         12|
    |ap_phi_reg_pp0_iter1_data_15_val30_phi_reg_3098    |   9|          2|    6|         12|
    |ap_phi_reg_pp0_iter1_data_16_val31_phi_reg_3110    |   9|          2|    6|         12|
    |ap_phi_reg_pp0_iter1_data_17_val32_phi_reg_3122    |   9|          2|    6|         12|
    |ap_phi_reg_pp0_iter1_data_18_val33_phi_reg_3134    |   9|          2|    6|         12|
    |ap_phi_reg_pp0_iter1_data_19_val34_phi_reg_3146    |   9|          2|    6|         12|
    |ap_phi_reg_pp0_iter1_data_1_val16_phi_reg_2930     |   9|          2|    6|         12|
    |ap_phi_reg_pp0_iter1_data_20_val35_phi_reg_3158    |   9|          2|    6|         12|
    |ap_phi_reg_pp0_iter1_data_21_val36_phi_reg_3170    |   9|          2|    6|         12|
    |ap_phi_reg_pp0_iter1_data_22_val37_phi_reg_3182    |   9|          2|    6|         12|
    |ap_phi_reg_pp0_iter1_data_23_val38_phi_reg_3194    |   9|          2|    6|         12|
    |ap_phi_reg_pp0_iter1_data_24_val39_phi_reg_3206    |   9|          2|    6|         12|
    |ap_phi_reg_pp0_iter1_data_25_val40_phi_reg_3218    |   9|          2|    6|         12|
    |ap_phi_reg_pp0_iter1_data_26_val41_phi_reg_3230    |   9|          2|    6|         12|
    |ap_phi_reg_pp0_iter1_data_27_val42_phi_reg_3242    |   9|          2|    6|         12|
    |ap_phi_reg_pp0_iter1_data_28_val43_phi_reg_3254    |   9|          2|    6|         12|
    |ap_phi_reg_pp0_iter1_data_29_val44_phi_reg_3266    |   9|          2|    6|         12|
    |ap_phi_reg_pp0_iter1_data_2_val17_phi_reg_2942     |   9|          2|    6|         12|
    |ap_phi_reg_pp0_iter1_data_30_val45_phi_reg_3278    |   9|          2|    6|         12|
    |ap_phi_reg_pp0_iter1_data_31_val46_phi_reg_3290    |   9|          2|    6|         12|
    |ap_phi_reg_pp0_iter1_data_32_val47_phi_reg_3302    |   9|          2|    6|         12|
    |ap_phi_reg_pp0_iter1_data_33_val48_phi_reg_3314    |   9|          2|    6|         12|
    |ap_phi_reg_pp0_iter1_data_34_val49_phi_reg_3326    |   9|          2|    6|         12|
    |ap_phi_reg_pp0_iter1_data_35_val50_phi_reg_3338    |   9|          2|    6|         12|
    |ap_phi_reg_pp0_iter1_data_36_val51_phi_reg_3350    |   9|          2|    6|         12|
    |ap_phi_reg_pp0_iter1_data_37_val52_phi_reg_3362    |   9|          2|    6|         12|
    |ap_phi_reg_pp0_iter1_data_38_val53_phi_reg_3374    |   9|          2|    6|         12|
    |ap_phi_reg_pp0_iter1_data_39_val54_phi_reg_3386    |   9|          2|    6|         12|
    |ap_phi_reg_pp0_iter1_data_3_val18_phi_reg_2954     |   9|          2|    6|         12|
    |ap_phi_reg_pp0_iter1_data_40_val55_phi_reg_3398    |   9|          2|    6|         12|
    |ap_phi_reg_pp0_iter1_data_41_val56_phi_reg_3410    |   9|          2|    6|         12|
    |ap_phi_reg_pp0_iter1_data_42_val57_phi_reg_3422    |   9|          2|    6|         12|
    |ap_phi_reg_pp0_iter1_data_43_val58_phi_reg_3434    |   9|          2|    6|         12|
    |ap_phi_reg_pp0_iter1_data_44_val59_phi_reg_3446    |   9|          2|    6|         12|
    |ap_phi_reg_pp0_iter1_data_45_val60_phi_reg_3458    |   9|          2|    6|         12|
    |ap_phi_reg_pp0_iter1_data_46_val61_phi_reg_3470    |   9|          2|    6|         12|
    |ap_phi_reg_pp0_iter1_data_47_val62_phi_reg_3482    |   9|          2|    6|         12|
    |ap_phi_reg_pp0_iter1_data_48_val63_phi_reg_3494    |   9|          2|    6|         12|
    |ap_phi_reg_pp0_iter1_data_49_val64_phi_reg_3506    |   9|          2|    6|         12|
    |ap_phi_reg_pp0_iter1_data_4_val19_phi_reg_2966     |   9|          2|    6|         12|
    |ap_phi_reg_pp0_iter1_data_50_val65_phi_reg_3518    |   9|          2|    6|         12|
    |ap_phi_reg_pp0_iter1_data_51_val66_phi_reg_3530    |   9|          2|    6|         12|
    |ap_phi_reg_pp0_iter1_data_52_val67_phi_reg_3542    |   9|          2|    6|         12|
    |ap_phi_reg_pp0_iter1_data_53_val68_phi_reg_3554    |   9|          2|    6|         12|
    |ap_phi_reg_pp0_iter1_data_54_val69_phi_reg_3566    |   9|          2|    6|         12|
    |ap_phi_reg_pp0_iter1_data_55_val70_phi_reg_3578    |   9|          2|    6|         12|
    |ap_phi_reg_pp0_iter1_data_56_val71_phi_reg_3590    |   9|          2|    6|         12|
    |ap_phi_reg_pp0_iter1_data_57_val72_phi_reg_3602    |   9|          2|    6|         12|
    |ap_phi_reg_pp0_iter1_data_58_val73_phi_reg_3614    |   9|          2|    6|         12|
    |ap_phi_reg_pp0_iter1_data_59_val74_phi_reg_3626    |   9|          2|    6|         12|
    |ap_phi_reg_pp0_iter1_data_5_val20_phi_reg_2978     |   9|          2|    6|         12|
    |ap_phi_reg_pp0_iter1_data_60_val75_phi_reg_3638    |   9|          2|    6|         12|
    |ap_phi_reg_pp0_iter1_data_61_val76_phi_reg_3650    |   9|          2|    6|         12|
    |ap_phi_reg_pp0_iter1_data_62_val77_phi_reg_3662    |   9|          2|    6|         12|
    |ap_phi_reg_pp0_iter1_data_63_val78_phi_reg_3674    |   9|          2|    6|         12|
    |ap_phi_reg_pp0_iter1_data_64_val79_phi_reg_3686    |   9|          2|    6|         12|
    |ap_phi_reg_pp0_iter1_data_65_val80_phi_reg_3698    |   9|          2|    6|         12|
    |ap_phi_reg_pp0_iter1_data_66_val81_phi_reg_3710    |   9|          2|    6|         12|
    |ap_phi_reg_pp0_iter1_data_67_val82_phi_reg_3722    |   9|          2|    6|         12|
    |ap_phi_reg_pp0_iter1_data_68_val83_phi_reg_3734    |   9|          2|    6|         12|
    |ap_phi_reg_pp0_iter1_data_69_val84_phi_reg_3746    |   9|          2|    6|         12|
    |ap_phi_reg_pp0_iter1_data_6_val21_phi_reg_2990     |   9|          2|    6|         12|
    |ap_phi_reg_pp0_iter1_data_70_val85_phi_reg_3758    |   9|          2|    6|         12|
    |ap_phi_reg_pp0_iter1_data_71_val86_phi_reg_3770    |   9|          2|    6|         12|
    |ap_phi_reg_pp0_iter1_data_72_val87_phi_reg_3782    |   9|          2|    6|         12|
    |ap_phi_reg_pp0_iter1_data_73_val88_phi_reg_3794    |   9|          2|    6|         12|
    |ap_phi_reg_pp0_iter1_data_74_val89_phi_reg_3806    |   9|          2|    6|         12|
    |ap_phi_reg_pp0_iter1_data_75_val90_phi_reg_3818    |   9|          2|    6|         12|
    |ap_phi_reg_pp0_iter1_data_76_val91_phi_reg_3830    |   9|          2|    6|         12|
    |ap_phi_reg_pp0_iter1_data_77_val92_phi_reg_3842    |   9|          2|    6|         12|
    |ap_phi_reg_pp0_iter1_data_78_val93_phi_reg_3854    |   9|          2|    6|         12|
    |ap_phi_reg_pp0_iter1_data_79_val94_phi_reg_3866    |   9|          2|    6|         12|
    |ap_phi_reg_pp0_iter1_data_7_val22_phi_reg_3002     |   9|          2|    6|         12|
    |ap_phi_reg_pp0_iter1_data_80_val95_phi_reg_3878    |   9|          2|    6|         12|
    |ap_phi_reg_pp0_iter1_data_81_val96_phi_reg_3890    |   9|          2|    6|         12|
    |ap_phi_reg_pp0_iter1_data_82_val97_phi_reg_3902    |   9|          2|    6|         12|
    |ap_phi_reg_pp0_iter1_data_83_val98_phi_reg_3914    |   9|          2|    6|         12|
    |ap_phi_reg_pp0_iter1_data_84_val99_phi_reg_3926    |   9|          2|    6|         12|
    |ap_phi_reg_pp0_iter1_data_85_val100_phi_reg_3938   |   9|          2|    6|         12|
    |ap_phi_reg_pp0_iter1_data_86_val101_phi_reg_3950   |   9|          2|    6|         12|
    |ap_phi_reg_pp0_iter1_data_87_val102_phi_reg_3962   |   9|          2|    6|         12|
    |ap_phi_reg_pp0_iter1_data_88_val103_phi_reg_3974   |   9|          2|    6|         12|
    |ap_phi_reg_pp0_iter1_data_89_val104_phi_reg_3986   |   9|          2|    6|         12|
    |ap_phi_reg_pp0_iter1_data_8_val23_phi_reg_3014     |   9|          2|    6|         12|
    |ap_phi_reg_pp0_iter1_data_90_val105_phi_reg_3998   |   9|          2|    6|         12|
    |ap_phi_reg_pp0_iter1_data_91_val106_phi_reg_4010   |   9|          2|    6|         12|
    |ap_phi_reg_pp0_iter1_data_92_val107_phi_reg_4022   |   9|          2|    6|         12|
    |ap_phi_reg_pp0_iter1_data_93_val108_phi_reg_4034   |   9|          2|    6|         12|
    |ap_phi_reg_pp0_iter1_data_94_val109_phi_reg_4046   |   9|          2|    6|         12|
    |ap_phi_reg_pp0_iter1_data_95_val110_phi_reg_4058   |   9|          2|    6|         12|
    |ap_phi_reg_pp0_iter1_data_96_val111_phi_reg_4070   |   9|          2|    6|         12|
    |ap_phi_reg_pp0_iter1_data_97_val112_phi_reg_4082   |   9|          2|    6|         12|
    |ap_phi_reg_pp0_iter1_data_98_val113_phi_reg_4094   |   9|          2|    6|         12|
    |ap_phi_reg_pp0_iter1_data_99_val114_phi_reg_4106   |   9|          2|    6|         12|
    |ap_phi_reg_pp0_iter1_data_9_val24_phi_reg_3026     |   9|          2|    6|         12|
    |ap_return                                          |   9|          2|   16|         32|
    |empty_reg_2904                                     |   9|          2|   19|         38|
    |w_index3_reg_1139                                  |   9|          2|    5|         10|
    +---------------------------------------------------+----+-----------+-----+-----------+
    |Total                                              |2325|        517| 1548|       3103|
    +---------------------------------------------------+----+-----------+-----+-----------+

    * Register: 
    +---------------------------------------------------+----+----+-----+-----------+
    |                        Name                       | FF | LUT| Bits| Const Bits|
    +---------------------------------------------------+----+----+-----+-----------+
    |ap_CS_fsm                                          |   2|   0|    2|          0|
    |ap_enable_reg_pp0_iter1                            |   1|   0|    1|          0|
    |ap_phi_reg_pp0_iter1_data_0_val15_phi_reg_2918     |   6|   0|    6|          0|
    |ap_phi_reg_pp0_iter1_data_100_val115_phi_reg_4118  |   6|   0|    6|          0|
    |ap_phi_reg_pp0_iter1_data_101_val116_phi_reg_4130  |   6|   0|    6|          0|
    |ap_phi_reg_pp0_iter1_data_102_val117_phi_reg_4142  |   6|   0|    6|          0|
    |ap_phi_reg_pp0_iter1_data_103_val118_phi_reg_4154  |   6|   0|    6|          0|
    |ap_phi_reg_pp0_iter1_data_104_val119_phi_reg_4166  |   6|   0|    6|          0|
    |ap_phi_reg_pp0_iter1_data_105_val120_phi_reg_4178  |   6|   0|    6|          0|
    |ap_phi_reg_pp0_iter1_data_106_val121_phi_reg_4190  |   6|   0|    6|          0|
    |ap_phi_reg_pp0_iter1_data_107_val122_phi_reg_4202  |   6|   0|    6|          0|
    |ap_phi_reg_pp0_iter1_data_108_val123_phi_reg_4214  |   6|   0|    6|          0|
    |ap_phi_reg_pp0_iter1_data_109_val124_phi_reg_4226  |   6|   0|    6|          0|
    |ap_phi_reg_pp0_iter1_data_10_val25_phi_reg_3038    |   6|   0|    6|          0|
    |ap_phi_reg_pp0_iter1_data_110_val125_phi_reg_4238  |   6|   0|    6|          0|
    |ap_phi_reg_pp0_iter1_data_111_val126_phi_reg_4250  |   6|   0|    6|          0|
    |ap_phi_reg_pp0_iter1_data_112_val127_phi_reg_4262  |   6|   0|    6|          0|
    |ap_phi_reg_pp0_iter1_data_113_val128_phi_reg_4274  |   6|   0|    6|          0|
    |ap_phi_reg_pp0_iter1_data_114_val129_phi_reg_4286  |   6|   0|    6|          0|
    |ap_phi_reg_pp0_iter1_data_115_val130_phi_reg_4298  |   6|   0|    6|          0|
    |ap_phi_reg_pp0_iter1_data_116_val131_phi_reg_4310  |   6|   0|    6|          0|
    |ap_phi_reg_pp0_iter1_data_117_val132_phi_reg_4322  |   6|   0|    6|          0|
    |ap_phi_reg_pp0_iter1_data_118_val133_phi_reg_4334  |   6|   0|    6|          0|
    |ap_phi_reg_pp0_iter1_data_119_val134_phi_reg_4346  |   6|   0|    6|          0|
    |ap_phi_reg_pp0_iter1_data_11_val26_phi_reg_3050    |   6|   0|    6|          0|
    |ap_phi_reg_pp0_iter1_data_120_val135_phi_reg_4358  |   6|   0|    6|          0|
    |ap_phi_reg_pp0_iter1_data_121_val136_phi_reg_4370  |   6|   0|    6|          0|
    |ap_phi_reg_pp0_iter1_data_122_val137_phi_reg_4382  |   6|   0|    6|          0|
    |ap_phi_reg_pp0_iter1_data_123_val138_phi_reg_4394  |   6|   0|    6|          0|
    |ap_phi_reg_pp0_iter1_data_124_val139_phi_reg_4406  |   6|   0|    6|          0|
    |ap_phi_reg_pp0_iter1_data_12_val27_phi_reg_3062    |   6|   0|    6|          0|
    |ap_phi_reg_pp0_iter1_data_13_val28_phi_reg_3074    |   6|   0|    6|          0|
    |ap_phi_reg_pp0_iter1_data_14_val29_phi_reg_3086    |   6|   0|    6|          0|
    |ap_phi_reg_pp0_iter1_data_15_val30_phi_reg_3098    |   6|   0|    6|          0|
    |ap_phi_reg_pp0_iter1_data_16_val31_phi_reg_3110    |   6|   0|    6|          0|
    |ap_phi_reg_pp0_iter1_data_17_val32_phi_reg_3122    |   6|   0|    6|          0|
    |ap_phi_reg_pp0_iter1_data_18_val33_phi_reg_3134    |   6|   0|    6|          0|
    |ap_phi_reg_pp0_iter1_data_19_val34_phi_reg_3146    |   6|   0|    6|          0|
    |ap_phi_reg_pp0_iter1_data_1_val16_phi_reg_2930     |   6|   0|    6|          0|
    |ap_phi_reg_pp0_iter1_data_20_val35_phi_reg_3158    |   6|   0|    6|          0|
    |ap_phi_reg_pp0_iter1_data_21_val36_phi_reg_3170    |   6|   0|    6|          0|
    |ap_phi_reg_pp0_iter1_data_22_val37_phi_reg_3182    |   6|   0|    6|          0|
    |ap_phi_reg_pp0_iter1_data_23_val38_phi_reg_3194    |   6|   0|    6|          0|
    |ap_phi_reg_pp0_iter1_data_24_val39_phi_reg_3206    |   6|   0|    6|          0|
    |ap_phi_reg_pp0_iter1_data_25_val40_phi_reg_3218    |   6|   0|    6|          0|
    |ap_phi_reg_pp0_iter1_data_26_val41_phi_reg_3230    |   6|   0|    6|          0|
    |ap_phi_reg_pp0_iter1_data_27_val42_phi_reg_3242    |   6|   0|    6|          0|
    |ap_phi_reg_pp0_iter1_data_28_val43_phi_reg_3254    |   6|   0|    6|          0|
    |ap_phi_reg_pp0_iter1_data_29_val44_phi_reg_3266    |   6|   0|    6|          0|
    |ap_phi_reg_pp0_iter1_data_2_val17_phi_reg_2942     |   6|   0|    6|          0|
    |ap_phi_reg_pp0_iter1_data_30_val45_phi_reg_3278    |   6|   0|    6|          0|
    |ap_phi_reg_pp0_iter1_data_31_val46_phi_reg_3290    |   6|   0|    6|          0|
    |ap_phi_reg_pp0_iter1_data_32_val47_phi_reg_3302    |   6|   0|    6|          0|
    |ap_phi_reg_pp0_iter1_data_33_val48_phi_reg_3314    |   6|   0|    6|          0|
    |ap_phi_reg_pp0_iter1_data_34_val49_phi_reg_3326    |   6|   0|    6|          0|
    |ap_phi_reg_pp0_iter1_data_35_val50_phi_reg_3338    |   6|   0|    6|          0|
    |ap_phi_reg_pp0_iter1_data_36_val51_phi_reg_3350    |   6|   0|    6|          0|
    |ap_phi_reg_pp0_iter1_data_37_val52_phi_reg_3362    |   6|   0|    6|          0|
    |ap_phi_reg_pp0_iter1_data_38_val53_phi_reg_3374    |   6|   0|    6|          0|
    |ap_phi_reg_pp0_iter1_data_39_val54_phi_reg_3386    |   6|   0|    6|          0|
    |ap_phi_reg_pp0_iter1_data_3_val18_phi_reg_2954     |   6|   0|    6|          0|
    |ap_phi_reg_pp0_iter1_data_40_val55_phi_reg_3398    |   6|   0|    6|          0|
    |ap_phi_reg_pp0_iter1_data_41_val56_phi_reg_3410    |   6|   0|    6|          0|
    |ap_phi_reg_pp0_iter1_data_42_val57_phi_reg_3422    |   6|   0|    6|          0|
    |ap_phi_reg_pp0_iter1_data_43_val58_phi_reg_3434    |   6|   0|    6|          0|
    |ap_phi_reg_pp0_iter1_data_44_val59_phi_reg_3446    |   6|   0|    6|          0|
    |ap_phi_reg_pp0_iter1_data_45_val60_phi_reg_3458    |   6|   0|    6|          0|
    |ap_phi_reg_pp0_iter1_data_46_val61_phi_reg_3470    |   6|   0|    6|          0|
    |ap_phi_reg_pp0_iter1_data_47_val62_phi_reg_3482    |   6|   0|    6|          0|
    |ap_phi_reg_pp0_iter1_data_48_val63_phi_reg_3494    |   6|   0|    6|          0|
    |ap_phi_reg_pp0_iter1_data_49_val64_phi_reg_3506    |   6|   0|    6|          0|
    |ap_phi_reg_pp0_iter1_data_4_val19_phi_reg_2966     |   6|   0|    6|          0|
    |ap_phi_reg_pp0_iter1_data_50_val65_phi_reg_3518    |   6|   0|    6|          0|
    |ap_phi_reg_pp0_iter1_data_51_val66_phi_reg_3530    |   6|   0|    6|          0|
    |ap_phi_reg_pp0_iter1_data_52_val67_phi_reg_3542    |   6|   0|    6|          0|
    |ap_phi_reg_pp0_iter1_data_53_val68_phi_reg_3554    |   6|   0|    6|          0|
    |ap_phi_reg_pp0_iter1_data_54_val69_phi_reg_3566    |   6|   0|    6|          0|
    |ap_phi_reg_pp0_iter1_data_55_val70_phi_reg_3578    |   6|   0|    6|          0|
    |ap_phi_reg_pp0_iter1_data_56_val71_phi_reg_3590    |   6|   0|    6|          0|
    |ap_phi_reg_pp0_iter1_data_57_val72_phi_reg_3602    |   6|   0|    6|          0|
    |ap_phi_reg_pp0_iter1_data_58_val73_phi_reg_3614    |   6|   0|    6|          0|
    |ap_phi_reg_pp0_iter1_data_59_val74_phi_reg_3626    |   6|   0|    6|          0|
    |ap_phi_reg_pp0_iter1_data_5_val20_phi_reg_2978     |   6|   0|    6|          0|
    |ap_phi_reg_pp0_iter1_data_60_val75_phi_reg_3638    |   6|   0|    6|          0|
    |ap_phi_reg_pp0_iter1_data_61_val76_phi_reg_3650    |   6|   0|    6|          0|
    |ap_phi_reg_pp0_iter1_data_62_val77_phi_reg_3662    |   6|   0|    6|          0|
    |ap_phi_reg_pp0_iter1_data_63_val78_phi_reg_3674    |   6|   0|    6|          0|
    |ap_phi_reg_pp0_iter1_data_64_val79_phi_reg_3686    |   6|   0|    6|          0|
    |ap_phi_reg_pp0_iter1_data_65_val80_phi_reg_3698    |   6|   0|    6|          0|
    |ap_phi_reg_pp0_iter1_data_66_val81_phi_reg_3710    |   6|   0|    6|          0|
    |ap_phi_reg_pp0_iter1_data_67_val82_phi_reg_3722    |   6|   0|    6|          0|
    |ap_phi_reg_pp0_iter1_data_68_val83_phi_reg_3734    |   6|   0|    6|          0|
    |ap_phi_reg_pp0_iter1_data_69_val84_phi_reg_3746    |   6|   0|    6|          0|
    |ap_phi_reg_pp0_iter1_data_6_val21_phi_reg_2990     |   6|   0|    6|          0|
    |ap_phi_reg_pp0_iter1_data_70_val85_phi_reg_3758    |   6|   0|    6|          0|
    |ap_phi_reg_pp0_iter1_data_71_val86_phi_reg_3770    |   6|   0|    6|          0|
    |ap_phi_reg_pp0_iter1_data_72_val87_phi_reg_3782    |   6|   0|    6|          0|
    |ap_phi_reg_pp0_iter1_data_73_val88_phi_reg_3794    |   6|   0|    6|          0|
    |ap_phi_reg_pp0_iter1_data_74_val89_phi_reg_3806    |   6|   0|    6|          0|
    |ap_phi_reg_pp0_iter1_data_75_val90_phi_reg_3818    |   6|   0|    6|          0|
    |ap_phi_reg_pp0_iter1_data_76_val91_phi_reg_3830    |   6|   0|    6|          0|
    |ap_phi_reg_pp0_iter1_data_77_val92_phi_reg_3842    |   6|   0|    6|          0|
    |ap_phi_reg_pp0_iter1_data_78_val93_phi_reg_3854    |   6|   0|    6|          0|
    |ap_phi_reg_pp0_iter1_data_79_val94_phi_reg_3866    |   6|   0|    6|          0|
    |ap_phi_reg_pp0_iter1_data_7_val22_phi_reg_3002     |   6|   0|    6|          0|
    |ap_phi_reg_pp0_iter1_data_80_val95_phi_reg_3878    |   6|   0|    6|          0|
    |ap_phi_reg_pp0_iter1_data_81_val96_phi_reg_3890    |   6|   0|    6|          0|
    |ap_phi_reg_pp0_iter1_data_82_val97_phi_reg_3902    |   6|   0|    6|          0|
    |ap_phi_reg_pp0_iter1_data_83_val98_phi_reg_3914    |   6|   0|    6|          0|
    |ap_phi_reg_pp0_iter1_data_84_val99_phi_reg_3926    |   6|   0|    6|          0|
    |ap_phi_reg_pp0_iter1_data_85_val100_phi_reg_3938   |   6|   0|    6|          0|
    |ap_phi_reg_pp0_iter1_data_86_val101_phi_reg_3950   |   6|   0|    6|          0|
    |ap_phi_reg_pp0_iter1_data_87_val102_phi_reg_3962   |   6|   0|    6|          0|
    |ap_phi_reg_pp0_iter1_data_88_val103_phi_reg_3974   |   6|   0|    6|          0|
    |ap_phi_reg_pp0_iter1_data_89_val104_phi_reg_3986   |   6|   0|    6|          0|
    |ap_phi_reg_pp0_iter1_data_8_val23_phi_reg_3014     |   6|   0|    6|          0|
    |ap_phi_reg_pp0_iter1_data_90_val105_phi_reg_3998   |   6|   0|    6|          0|
    |ap_phi_reg_pp0_iter1_data_91_val106_phi_reg_4010   |   6|   0|    6|          0|
    |ap_phi_reg_pp0_iter1_data_92_val107_phi_reg_4022   |   6|   0|    6|          0|
    |ap_phi_reg_pp0_iter1_data_93_val108_phi_reg_4034   |   6|   0|    6|          0|
    |ap_phi_reg_pp0_iter1_data_94_val109_phi_reg_4046   |   6|   0|    6|          0|
    |ap_phi_reg_pp0_iter1_data_95_val110_phi_reg_4058   |   6|   0|    6|          0|
    |ap_phi_reg_pp0_iter1_data_96_val111_phi_reg_4070   |   6|   0|    6|          0|
    |ap_phi_reg_pp0_iter1_data_97_val112_phi_reg_4082   |   6|   0|    6|          0|
    |ap_phi_reg_pp0_iter1_data_98_val113_phi_reg_4094   |   6|   0|    6|          0|
    |ap_phi_reg_pp0_iter1_data_99_val114_phi_reg_4106   |   6|   0|    6|          0|
    |ap_phi_reg_pp0_iter1_data_9_val24_phi_reg_3026     |   6|   0|    6|          0|
    |ap_return_preg                                     |  16|   0|   16|          0|
    |data_0_val15_rewind_reg_1154                       |   6|   0|    6|          0|
    |data_100_val115_rewind_reg_2554                    |   6|   0|    6|          0|
    |data_101_val116_rewind_reg_2568                    |   6|   0|    6|          0|
    |data_102_val117_rewind_reg_2582                    |   6|   0|    6|          0|
    |data_103_val118_rewind_reg_2596                    |   6|   0|    6|          0|
    |data_104_val119_rewind_reg_2610                    |   6|   0|    6|          0|
    |data_105_val120_rewind_reg_2624                    |   6|   0|    6|          0|
    |data_106_val121_rewind_reg_2638                    |   6|   0|    6|          0|
    |data_107_val122_rewind_reg_2652                    |   6|   0|    6|          0|
    |data_108_val123_rewind_reg_2666                    |   6|   0|    6|          0|
    |data_109_val124_rewind_reg_2680                    |   6|   0|    6|          0|
    |data_10_val25_rewind_reg_1294                      |   6|   0|    6|          0|
    |data_110_val125_rewind_reg_2694                    |   6|   0|    6|          0|
    |data_111_val126_rewind_reg_2708                    |   6|   0|    6|          0|
    |data_112_val127_rewind_reg_2722                    |   6|   0|    6|          0|
    |data_113_val128_rewind_reg_2736                    |   6|   0|    6|          0|
    |data_114_val129_rewind_reg_2750                    |   6|   0|    6|          0|
    |data_115_val130_rewind_reg_2764                    |   6|   0|    6|          0|
    |data_116_val131_rewind_reg_2778                    |   6|   0|    6|          0|
    |data_117_val132_rewind_reg_2792                    |   6|   0|    6|          0|
    |data_118_val133_rewind_reg_2806                    |   6|   0|    6|          0|
    |data_119_val134_rewind_reg_2820                    |   6|   0|    6|          0|
    |data_11_val26_rewind_reg_1308                      |   6|   0|    6|          0|
    |data_120_val135_rewind_reg_2834                    |   6|   0|    6|          0|
    |data_121_val136_rewind_reg_2848                    |   6|   0|    6|          0|
    |data_122_val137_rewind_reg_2862                    |   6|   0|    6|          0|
    |data_123_val138_rewind_reg_2876                    |   6|   0|    6|          0|
    |data_124_val139_rewind_reg_2890                    |   6|   0|    6|          0|
    |data_12_val27_rewind_reg_1322                      |   6|   0|    6|          0|
    |data_13_val28_rewind_reg_1336                      |   6|   0|    6|          0|
    |data_14_val29_rewind_reg_1350                      |   6|   0|    6|          0|
    |data_15_val30_rewind_reg_1364                      |   6|   0|    6|          0|
    |data_16_val31_rewind_reg_1378                      |   6|   0|    6|          0|
    |data_17_val32_rewind_reg_1392                      |   6|   0|    6|          0|
    |data_18_val33_rewind_reg_1406                      |   6|   0|    6|          0|
    |data_19_val34_rewind_reg_1420                      |   6|   0|    6|          0|
    |data_1_val16_rewind_reg_1168                       |   6|   0|    6|          0|
    |data_20_val35_rewind_reg_1434                      |   6|   0|    6|          0|
    |data_21_val36_rewind_reg_1448                      |   6|   0|    6|          0|
    |data_22_val37_rewind_reg_1462                      |   6|   0|    6|          0|
    |data_23_val38_rewind_reg_1476                      |   6|   0|    6|          0|
    |data_24_val39_rewind_reg_1490                      |   6|   0|    6|          0|
    |data_25_val40_rewind_reg_1504                      |   6|   0|    6|          0|
    |data_26_val41_rewind_reg_1518                      |   6|   0|    6|          0|
    |data_27_val42_rewind_reg_1532                      |   6|   0|    6|          0|
    |data_28_val43_rewind_reg_1546                      |   6|   0|    6|          0|
    |data_29_val44_rewind_reg_1560                      |   6|   0|    6|          0|
    |data_2_val17_rewind_reg_1182                       |   6|   0|    6|          0|
    |data_30_val45_rewind_reg_1574                      |   6|   0|    6|          0|
    |data_31_val46_rewind_reg_1588                      |   6|   0|    6|          0|
    |data_32_val47_rewind_reg_1602                      |   6|   0|    6|          0|
    |data_33_val48_rewind_reg_1616                      |   6|   0|    6|          0|
    |data_34_val49_rewind_reg_1630                      |   6|   0|    6|          0|
    |data_35_val50_rewind_reg_1644                      |   6|   0|    6|          0|
    |data_36_val51_rewind_reg_1658                      |   6|   0|    6|          0|
    |data_37_val52_rewind_reg_1672                      |   6|   0|    6|          0|
    |data_38_val53_rewind_reg_1686                      |   6|   0|    6|          0|
    |data_39_val54_rewind_reg_1700                      |   6|   0|    6|          0|
    |data_3_val18_rewind_reg_1196                       |   6|   0|    6|          0|
    |data_40_val55_rewind_reg_1714                      |   6|   0|    6|          0|
    |data_41_val56_rewind_reg_1728                      |   6|   0|    6|          0|
    |data_42_val57_rewind_reg_1742                      |   6|   0|    6|          0|
    |data_43_val58_rewind_reg_1756                      |   6|   0|    6|          0|
    |data_44_val59_rewind_reg_1770                      |   6|   0|    6|          0|
    |data_45_val60_rewind_reg_1784                      |   6|   0|    6|          0|
    |data_46_val61_rewind_reg_1798                      |   6|   0|    6|          0|
    |data_47_val62_rewind_reg_1812                      |   6|   0|    6|          0|
    |data_48_val63_rewind_reg_1826                      |   6|   0|    6|          0|
    |data_49_val64_rewind_reg_1840                      |   6|   0|    6|          0|
    |data_4_val19_rewind_reg_1210                       |   6|   0|    6|          0|
    |data_50_val65_rewind_reg_1854                      |   6|   0|    6|          0|
    |data_51_val66_rewind_reg_1868                      |   6|   0|    6|          0|
    |data_52_val67_rewind_reg_1882                      |   6|   0|    6|          0|
    |data_53_val68_rewind_reg_1896                      |   6|   0|    6|          0|
    |data_54_val69_rewind_reg_1910                      |   6|   0|    6|          0|
    |data_55_val70_rewind_reg_1924                      |   6|   0|    6|          0|
    |data_56_val71_rewind_reg_1938                      |   6|   0|    6|          0|
    |data_57_val72_rewind_reg_1952                      |   6|   0|    6|          0|
    |data_58_val73_rewind_reg_1966                      |   6|   0|    6|          0|
    |data_59_val74_rewind_reg_1980                      |   6|   0|    6|          0|
    |data_5_val20_rewind_reg_1224                       |   6|   0|    6|          0|
    |data_60_val75_rewind_reg_1994                      |   6|   0|    6|          0|
    |data_61_val76_rewind_reg_2008                      |   6|   0|    6|          0|
    |data_62_val77_rewind_reg_2022                      |   6|   0|    6|          0|
    |data_63_val78_rewind_reg_2036                      |   6|   0|    6|          0|
    |data_64_val79_rewind_reg_2050                      |   6|   0|    6|          0|
    |data_65_val80_rewind_reg_2064                      |   6|   0|    6|          0|
    |data_66_val81_rewind_reg_2078                      |   6|   0|    6|          0|
    |data_67_val82_rewind_reg_2092                      |   6|   0|    6|          0|
    |data_68_val83_rewind_reg_2106                      |   6|   0|    6|          0|
    |data_69_val84_rewind_reg_2120                      |   6|   0|    6|          0|
    |data_6_val21_rewind_reg_1238                       |   6|   0|    6|          0|
    |data_70_val85_rewind_reg_2134                      |   6|   0|    6|          0|
    |data_71_val86_rewind_reg_2148                      |   6|   0|    6|          0|
    |data_72_val87_rewind_reg_2162                      |   6|   0|    6|          0|
    |data_73_val88_rewind_reg_2176                      |   6|   0|    6|          0|
    |data_74_val89_rewind_reg_2190                      |   6|   0|    6|          0|
    |data_75_val90_rewind_reg_2204                      |   6|   0|    6|          0|
    |data_76_val91_rewind_reg_2218                      |   6|   0|    6|          0|
    |data_77_val92_rewind_reg_2232                      |   6|   0|    6|          0|
    |data_78_val93_rewind_reg_2246                      |   6|   0|    6|          0|
    |data_79_val94_rewind_reg_2260                      |   6|   0|    6|          0|
    |data_7_val22_rewind_reg_1252                       |   6|   0|    6|          0|
    |data_80_val95_rewind_reg_2274                      |   6|   0|    6|          0|
    |data_81_val96_rewind_reg_2288                      |   6|   0|    6|          0|
    |data_82_val97_rewind_reg_2302                      |   6|   0|    6|          0|
    |data_83_val98_rewind_reg_2316                      |   6|   0|    6|          0|
    |data_84_val99_rewind_reg_2330                      |   6|   0|    6|          0|
    |data_85_val100_rewind_reg_2344                     |   6|   0|    6|          0|
    |data_86_val101_rewind_reg_2358                     |   6|   0|    6|          0|
    |data_87_val102_rewind_reg_2372                     |   6|   0|    6|          0|
    |data_88_val103_rewind_reg_2386                     |   6|   0|    6|          0|
    |data_89_val104_rewind_reg_2400                     |   6|   0|    6|          0|
    |data_8_val23_rewind_reg_1266                       |   6|   0|    6|          0|
    |data_90_val105_rewind_reg_2414                     |   6|   0|    6|          0|
    |data_91_val106_rewind_reg_2428                     |   6|   0|    6|          0|
    |data_92_val107_rewind_reg_2442                     |   6|   0|    6|          0|
    |data_93_val108_rewind_reg_2456                     |   6|   0|    6|          0|
    |data_94_val109_rewind_reg_2470                     |   6|   0|    6|          0|
    |data_95_val110_rewind_reg_2484                     |   6|   0|    6|          0|
    |data_96_val111_rewind_reg_2498                     |   6|   0|    6|          0|
    |data_97_val112_rewind_reg_2512                     |   6|   0|    6|          0|
    |data_98_val113_rewind_reg_2526                     |   6|   0|    6|          0|
    |data_99_val114_rewind_reg_2540                     |   6|   0|    6|          0|
    |data_9_val24_rewind_reg_1280                       |   6|   0|    6|          0|
    |do_init_reg_1123                                   |   1|   0|    1|          0|
    |empty_reg_2904                                     |  19|   0|   19|          0|
    |icmp_ln46_reg_5774                                 |   1|   0|    1|          0|
    |w_index3_reg_1139                                  |   5|   0|    5|          0|
    |w_index_reg_5769                                   |   5|   0|    5|          0|
    +---------------------------------------------------+----+----+-----+-----------+
    |Total                                              |1550|   0| 1550|          0|
    +---------------------------------------------------+----+----+-----+-----------+



================================================================
== Interface
================================================================
* Summary: 
+--------------+-----+-----+------------+--------------------------------------------------------------------+--------------+
|   RTL Ports  | Dir | Bits|  Protocol  |                            Source Object                           |    C Type    |
+--------------+-----+-----+------------+--------------------------------------------------------------------+--------------+
|ap_clk        |   in|    1|  ap_ctrl_hs|  dense_resource_rf_leq_nin<ap_ufixed,ap_fixed<16,6,5,3,0>,config12>|  return value|
|ap_rst        |   in|    1|  ap_ctrl_hs|  dense_resource_rf_leq_nin<ap_ufixed,ap_fixed<16,6,5,3,0>,config12>|  return value|
|ap_start      |   in|    1|  ap_ctrl_hs|  dense_resource_rf_leq_nin<ap_ufixed,ap_fixed<16,6,5,3,0>,config12>|  return value|
|ap_done       |  out|    1|  ap_ctrl_hs|  dense_resource_rf_leq_nin<ap_ufixed,ap_fixed<16,6,5,3,0>,config12>|  return value|
|ap_idle       |  out|    1|  ap_ctrl_hs|  dense_resource_rf_leq_nin<ap_ufixed,ap_fixed<16,6,5,3,0>,config12>|  return value|
|ap_ready      |  out|    1|  ap_ctrl_hs|  dense_resource_rf_leq_nin<ap_ufixed,ap_fixed<16,6,5,3,0>,config12>|  return value|
|ap_return     |  out|   16|  ap_ctrl_hs|  dense_resource_rf_leq_nin<ap_ufixed,ap_fixed<16,6,5,3,0>,config12>|  return value|
|data_0_val    |   in|    6|     ap_none|                                                          data_0_val|        scalar|
|data_1_val    |   in|    6|     ap_none|                                                          data_1_val|        scalar|
|data_2_val    |   in|    6|     ap_none|                                                          data_2_val|        scalar|
|data_3_val    |   in|    6|     ap_none|                                                          data_3_val|        scalar|
|data_4_val    |   in|    6|     ap_none|                                                          data_4_val|        scalar|
|data_5_val    |   in|    6|     ap_none|                                                          data_5_val|        scalar|
|data_6_val    |   in|    6|     ap_none|                                                          data_6_val|        scalar|
|data_7_val    |   in|    6|     ap_none|                                                          data_7_val|        scalar|
|data_8_val    |   in|    6|     ap_none|                                                          data_8_val|        scalar|
|data_9_val    |   in|    6|     ap_none|                                                          data_9_val|        scalar|
|data_10_val   |   in|    6|     ap_none|                                                         data_10_val|        scalar|
|data_11_val   |   in|    6|     ap_none|                                                         data_11_val|        scalar|
|data_12_val   |   in|    6|     ap_none|                                                         data_12_val|        scalar|
|data_13_val   |   in|    6|     ap_none|                                                         data_13_val|        scalar|
|data_14_val   |   in|    6|     ap_none|                                                         data_14_val|        scalar|
|data_15_val   |   in|    6|     ap_none|                                                         data_15_val|        scalar|
|data_16_val   |   in|    6|     ap_none|                                                         data_16_val|        scalar|
|data_17_val   |   in|    6|     ap_none|                                                         data_17_val|        scalar|
|data_18_val   |   in|    6|     ap_none|                                                         data_18_val|        scalar|
|data_19_val   |   in|    6|     ap_none|                                                         data_19_val|        scalar|
|data_20_val   |   in|    6|     ap_none|                                                         data_20_val|        scalar|
|data_21_val   |   in|    6|     ap_none|                                                         data_21_val|        scalar|
|data_22_val   |   in|    6|     ap_none|                                                         data_22_val|        scalar|
|data_23_val   |   in|    6|     ap_none|                                                         data_23_val|        scalar|
|data_24_val   |   in|    6|     ap_none|                                                         data_24_val|        scalar|
|data_25_val   |   in|    6|     ap_none|                                                         data_25_val|        scalar|
|data_26_val   |   in|    6|     ap_none|                                                         data_26_val|        scalar|
|data_27_val   |   in|    6|     ap_none|                                                         data_27_val|        scalar|
|data_28_val   |   in|    6|     ap_none|                                                         data_28_val|        scalar|
|data_29_val   |   in|    6|     ap_none|                                                         data_29_val|        scalar|
|data_30_val   |   in|    6|     ap_none|                                                         data_30_val|        scalar|
|data_31_val   |   in|    6|     ap_none|                                                         data_31_val|        scalar|
|data_32_val   |   in|    6|     ap_none|                                                         data_32_val|        scalar|
|data_33_val   |   in|    6|     ap_none|                                                         data_33_val|        scalar|
|data_34_val   |   in|    6|     ap_none|                                                         data_34_val|        scalar|
|data_35_val   |   in|    6|     ap_none|                                                         data_35_val|        scalar|
|data_36_val   |   in|    6|     ap_none|                                                         data_36_val|        scalar|
|data_37_val   |   in|    6|     ap_none|                                                         data_37_val|        scalar|
|data_38_val   |   in|    6|     ap_none|                                                         data_38_val|        scalar|
|data_39_val   |   in|    6|     ap_none|                                                         data_39_val|        scalar|
|data_40_val   |   in|    6|     ap_none|                                                         data_40_val|        scalar|
|data_41_val   |   in|    6|     ap_none|                                                         data_41_val|        scalar|
|data_42_val   |   in|    6|     ap_none|                                                         data_42_val|        scalar|
|data_43_val   |   in|    6|     ap_none|                                                         data_43_val|        scalar|
|data_44_val   |   in|    6|     ap_none|                                                         data_44_val|        scalar|
|data_45_val   |   in|    6|     ap_none|                                                         data_45_val|        scalar|
|data_46_val   |   in|    6|     ap_none|                                                         data_46_val|        scalar|
|data_47_val   |   in|    6|     ap_none|                                                         data_47_val|        scalar|
|data_48_val   |   in|    6|     ap_none|                                                         data_48_val|        scalar|
|data_49_val   |   in|    6|     ap_none|                                                         data_49_val|        scalar|
|data_50_val   |   in|    6|     ap_none|                                                         data_50_val|        scalar|
|data_51_val   |   in|    6|     ap_none|                                                         data_51_val|        scalar|
|data_52_val   |   in|    6|     ap_none|                                                         data_52_val|        scalar|
|data_53_val   |   in|    6|     ap_none|                                                         data_53_val|        scalar|
|data_54_val   |   in|    6|     ap_none|                                                         data_54_val|        scalar|
|data_55_val   |   in|    6|     ap_none|                                                         data_55_val|        scalar|
|data_56_val   |   in|    6|     ap_none|                                                         data_56_val|        scalar|
|data_57_val   |   in|    6|     ap_none|                                                         data_57_val|        scalar|
|data_58_val   |   in|    6|     ap_none|                                                         data_58_val|        scalar|
|data_59_val   |   in|    6|     ap_none|                                                         data_59_val|        scalar|
|data_60_val   |   in|    6|     ap_none|                                                         data_60_val|        scalar|
|data_61_val   |   in|    6|     ap_none|                                                         data_61_val|        scalar|
|data_62_val   |   in|    6|     ap_none|                                                         data_62_val|        scalar|
|data_63_val   |   in|    6|     ap_none|                                                         data_63_val|        scalar|
|data_64_val   |   in|    6|     ap_none|                                                         data_64_val|        scalar|
|data_65_val   |   in|    6|     ap_none|                                                         data_65_val|        scalar|
|data_66_val   |   in|    6|     ap_none|                                                         data_66_val|        scalar|
|data_67_val   |   in|    6|     ap_none|                                                         data_67_val|        scalar|
|data_68_val   |   in|    6|     ap_none|                                                         data_68_val|        scalar|
|data_69_val   |   in|    6|     ap_none|                                                         data_69_val|        scalar|
|data_70_val   |   in|    6|     ap_none|                                                         data_70_val|        scalar|
|data_71_val   |   in|    6|     ap_none|                                                         data_71_val|        scalar|
|data_72_val   |   in|    6|     ap_none|                                                         data_72_val|        scalar|
|data_73_val   |   in|    6|     ap_none|                                                         data_73_val|        scalar|
|data_74_val   |   in|    6|     ap_none|                                                         data_74_val|        scalar|
|data_75_val   |   in|    6|     ap_none|                                                         data_75_val|        scalar|
|data_76_val   |   in|    6|     ap_none|                                                         data_76_val|        scalar|
|data_77_val   |   in|    6|     ap_none|                                                         data_77_val|        scalar|
|data_78_val   |   in|    6|     ap_none|                                                         data_78_val|        scalar|
|data_79_val   |   in|    6|     ap_none|                                                         data_79_val|        scalar|
|data_80_val   |   in|    6|     ap_none|                                                         data_80_val|        scalar|
|data_81_val   |   in|    6|     ap_none|                                                         data_81_val|        scalar|
|data_82_val   |   in|    6|     ap_none|                                                         data_82_val|        scalar|
|data_83_val   |   in|    6|     ap_none|                                                         data_83_val|        scalar|
|data_84_val   |   in|    6|     ap_none|                                                         data_84_val|        scalar|
|data_85_val   |   in|    6|     ap_none|                                                         data_85_val|        scalar|
|data_86_val   |   in|    6|     ap_none|                                                         data_86_val|        scalar|
|data_87_val   |   in|    6|     ap_none|                                                         data_87_val|        scalar|
|data_88_val   |   in|    6|     ap_none|                                                         data_88_val|        scalar|
|data_89_val   |   in|    6|     ap_none|                                                         data_89_val|        scalar|
|data_90_val   |   in|    6|     ap_none|                                                         data_90_val|        scalar|
|data_91_val   |   in|    6|     ap_none|                                                         data_91_val|        scalar|
|data_92_val   |   in|    6|     ap_none|                                                         data_92_val|        scalar|
|data_93_val   |   in|    6|     ap_none|                                                         data_93_val|        scalar|
|data_94_val   |   in|    6|     ap_none|                                                         data_94_val|        scalar|
|data_95_val   |   in|    6|     ap_none|                                                         data_95_val|        scalar|
|data_96_val   |   in|    6|     ap_none|                                                         data_96_val|        scalar|
|data_97_val   |   in|    6|     ap_none|                                                         data_97_val|        scalar|
|data_98_val   |   in|    6|     ap_none|                                                         data_98_val|        scalar|
|data_99_val   |   in|    6|     ap_none|                                                         data_99_val|        scalar|
|data_100_val  |   in|    6|     ap_none|                                                        data_100_val|        scalar|
|data_101_val  |   in|    6|     ap_none|                                                        data_101_val|        scalar|
|data_102_val  |   in|    6|     ap_none|                                                        data_102_val|        scalar|
|data_103_val  |   in|    6|     ap_none|                                                        data_103_val|        scalar|
|data_104_val  |   in|    6|     ap_none|                                                        data_104_val|        scalar|
|data_105_val  |   in|    6|     ap_none|                                                        data_105_val|        scalar|
|data_106_val  |   in|    6|     ap_none|                                                        data_106_val|        scalar|
|data_107_val  |   in|    6|     ap_none|                                                        data_107_val|        scalar|
|data_108_val  |   in|    6|     ap_none|                                                        data_108_val|        scalar|
|data_109_val  |   in|    6|     ap_none|                                                        data_109_val|        scalar|
|data_110_val  |   in|    6|     ap_none|                                                        data_110_val|        scalar|
|data_111_val  |   in|    6|     ap_none|                                                        data_111_val|        scalar|
|data_112_val  |   in|    6|     ap_none|                                                        data_112_val|        scalar|
|data_113_val  |   in|    6|     ap_none|                                                        data_113_val|        scalar|
|data_114_val  |   in|    6|     ap_none|                                                        data_114_val|        scalar|
|data_115_val  |   in|    6|     ap_none|                                                        data_115_val|        scalar|
|data_116_val  |   in|    6|     ap_none|                                                        data_116_val|        scalar|
|data_117_val  |   in|    6|     ap_none|                                                        data_117_val|        scalar|
|data_118_val  |   in|    6|     ap_none|                                                        data_118_val|        scalar|
|data_119_val  |   in|    6|     ap_none|                                                        data_119_val|        scalar|
|data_120_val  |   in|    6|     ap_none|                                                        data_120_val|        scalar|
|data_121_val  |   in|    6|     ap_none|                                                        data_121_val|        scalar|
|data_122_val  |   in|    6|     ap_none|                                                        data_122_val|        scalar|
|data_123_val  |   in|    6|     ap_none|                                                        data_123_val|        scalar|
|data_124_val  |   in|    6|     ap_none|                                                        data_124_val|        scalar|
+--------------+-----+-----+------------+--------------------------------------------------------------------+--------------+

