

================================================================
== Vitis HLS Report for 'dense_array_array_ap_fixed_16_6_5_3_0_1u_config12_Pipeline_DataPrepare'
================================================================
* Date:           Mon Apr 28 20:13:02 2025

* Version:        2024.2 (Build 5238294 on Nov  8 2024)
* Project:        myproject_prj
* Solution:       solution1 (Vivado IP Flow Target)
* Product family: artix7
* Target device:  xc7a35t-cpg236-1


================================================================
== Performance Estimates
================================================================
+ Timing: 
    * Summary: 
    +--------+----------+----------+------------+
    |  Clock |  Target  | Estimated| Uncertainty|
    +--------+----------+----------+------------+
    |ap_clk  |  30.00 ns|  5.082 ns|     8.10 ns|
    +--------+----------+----------+------------+

+ Latency: 
    * Summary: 
    +---------+---------+----------+----------+-----+-----+------------------------------------------------+
    |  Latency (cycles) |  Latency (absolute) |  Interval |                    Pipeline                    |
    |   min   |   max   |    min   |    max   | min | max |                      Type                      |
    +---------+---------+----------+----------+-----+-----+------------------------------------------------+
    |       26|       26|  0.780 us|  0.780 us|   25|   25|  loop auto-rewind stp (delay=0 clock cycles(s))|
    +---------+---------+----------+----------+-----+-----+------------------------------------------------+

    + Detail: 
        * Instance: 
        N/A

        * Loop: 
        +---------------+---------+---------+----------+-----------+-----------+------+----------+
        |               |  Latency (cycles) | Iteration|  Initiation Interval  | Trip |          |
        |   Loop Name   |   min   |   max   |  Latency |  achieved |   target  | Count| Pipelined|
        +---------------+---------+---------+----------+-----------+-----------+------+----------+
        |- DataPrepare  |       24|       24|         1|          1|          1|    25|       yes|
        +---------------+---------+---------+----------+-----------+-----------+------+----------+



================================================================
== Utilization Estimates
================================================================
* Summary: 
+-----------------+---------+----+-------+-------+-----+
|       Name      | BRAM_18K| DSP|   FF  |  LUT  | URAM|
+-----------------+---------+----+-------+-------+-----+
|DSP              |        -|   -|      -|      -|    -|
|Expression       |        -|   -|      0|     28|    -|
|FIFO             |        -|   -|      -|      -|    -|
|Instance         |        -|   -|      -|      -|    -|
|Memory           |        -|   -|      -|      -|    -|
|Multiplexer      |        -|   -|      0|     36|    -|
|Register         |        -|   -|    757|      -|    -|
+-----------------+---------+----+-------+-------+-----+
|Total            |        0|   0|    757|     64|    0|
+-----------------+---------+----+-------+-------+-----+
|Available        |      100|  90|  41600|  20800|    0|
+-----------------+---------+----+-------+-------+-----+
|Utilization (%)  |        0|   0|      1|     ~0|    0|
+-----------------+---------+----+-------+-------+-----+

+ Detail: 
    * Instance: 
    N/A

    * DSP: 
    N/A

    * Memory: 
    N/A

    * FIFO: 
    N/A

    * Expression: 
    +----------------------------------+----------+----+---+----+------------+------------+
    |           Variable Name          | Operation| DSP| FF| LUT| Bitwidth P0| Bitwidth P1|
    +----------------------------------+----------+----+---+----+------------+------------+
    |i_in_fu_1783_p2                   |         +|   0|  0|  13|           5|           1|
    |icmp_ln33_fu_2414_p2              |      icmp|   0|  0|  13|           5|           5|
    |ap_block_state1_pp0_stage0_iter0  |        or|   0|  0|   2|           1|           1|
    +----------------------------------+----------+----+---+----+------------+------------+
    |Total                             |          |   0|  0|  28|          11|           7|
    +----------------------------------+----------+----+---+----+------------+------------+

    * Multiplexer: 
    +-------------------------------+----+-----------+-----+-----------+
    |              Name             | LUT| Input Size| Bits| Total Bits|
    +-------------------------------+----+-----------+-----+-----------+
    |ap_done_int                    |   9|          2|    1|          2|
    |ap_sig_allocacmp_i_in251_load  |   9|          2|    5|         10|
    |i_in251_fu_346                 |   9|          2|    5|         10|
    |layer10_out_blk_n              |   9|          2|    1|          2|
    +-------------------------------+----+-----------+-----+-----------+
    |Total                          |  36|          8|   12|         24|
    +-------------------------------+----+-----------+-----+-----------+

    * Register: 
    +--------------------------+---+----+-----+-----------+
    |           Name           | FF| LUT| Bits| Const Bits|
    +--------------------------+---+----+-----+-----------+
    |ap_CS_fsm                 |  1|   0|    1|          0|
    |ap_done_reg               |  1|   0|    1|          0|
    |i_in251_fu_346            |  5|   0|    5|          0|
    |p_0_0_0_0_0101150_fu_646  |  6|   0|    6|          0|
    |p_0_0_0_0_0111140_fu_626  |  6|   0|    6|          0|
    |p_0_0_0_0_011240_fu_826   |  6|   0|    6|          0|
    |p_0_0_0_0_0121130_fu_606  |  6|   0|    6|          0|
    |p_0_0_0_0_01250_fu_846    |  6|   0|    6|          0|
    |p_0_0_0_0_0131120_fu_586  |  6|   0|    6|          0|
    |p_0_0_0_0_0141110_fu_566  |  6|   0|    6|          0|
    |p_0_0_0_0_0151100_fu_546  |  6|   0|    6|          0|
    |p_0_0_0_0_016190_fu_526   |  6|   0|    6|          0|
    |p_0_0_0_0_017180_fu_506   |  6|   0|    6|          0|
    |p_0_0_0_0_018170_fu_486   |  6|   0|    6|          0|
    |p_0_0_0_0_019160_fu_466   |  6|   0|    6|          0|
    |p_0_0_0_0_020150_fu_446   |  6|   0|    6|          0|
    |p_0_0_0_0_021140_fu_426   |  6|   0|    6|          0|
    |p_0_0_0_0_021230_fu_806   |  6|   0|    6|          0|
    |p_0_0_0_0_022130_fu_406   |  6|   0|    6|          0|
    |p_0_0_0_0_023120_fu_386   |  6|   0|    6|          0|
    |p_0_0_0_0_024110_fu_366   |  6|   0|    6|          0|
    |p_0_0_0_0_031220_fu_786   |  6|   0|    6|          0|
    |p_0_0_0_0_041210_fu_766   |  6|   0|    6|          0|
    |p_0_0_0_0_051200_fu_746   |  6|   0|    6|          0|
    |p_0_0_0_0_061190_fu_726   |  6|   0|    6|          0|
    |p_0_0_0_0_071180_fu_706   |  6|   0|    6|          0|
    |p_0_0_0_0_081170_fu_686   |  6|   0|    6|          0|
    |p_0_0_0_0_091160_fu_666   |  6|   0|    6|          0|
    |p_0_1_0_0_0103148_fu_642  |  6|   0|    6|          0|
    |p_0_1_0_0_0113138_fu_622  |  6|   0|    6|          0|
    |p_0_1_0_0_0123128_fu_602  |  6|   0|    6|          0|
    |p_0_1_0_0_013238_fu_822   |  6|   0|    6|          0|
    |p_0_1_0_0_0133118_fu_582  |  6|   0|    6|          0|
    |p_0_1_0_0_0143108_fu_562  |  6|   0|    6|          0|
    |p_0_1_0_0_015398_fu_542   |  6|   0|    6|          0|
    |p_0_1_0_0_016388_fu_522   |  6|   0|    6|          0|
    |p_0_1_0_0_017378_fu_502   |  6|   0|    6|          0|
    |p_0_1_0_0_018368_fu_482   |  6|   0|    6|          0|
    |p_0_1_0_0_019358_fu_462   |  6|   0|    6|          0|
    |p_0_1_0_0_020348_fu_442   |  6|   0|    6|          0|
    |p_0_1_0_0_021338_fu_422   |  6|   0|    6|          0|
    |p_0_1_0_0_022328_fu_402   |  6|   0|    6|          0|
    |p_0_1_0_0_023228_fu_802   |  6|   0|    6|          0|
    |p_0_1_0_0_023318_fu_382   |  6|   0|    6|          0|
    |p_0_1_0_0_02438_fu_362    |  6|   0|    6|          0|
    |p_0_1_0_0_03248_fu_842    |  6|   0|    6|          0|
    |p_0_1_0_0_033218_fu_782   |  6|   0|    6|          0|
    |p_0_1_0_0_043208_fu_762   |  6|   0|    6|          0|
    |p_0_1_0_0_053198_fu_742   |  6|   0|    6|          0|
    |p_0_1_0_0_063188_fu_722   |  6|   0|    6|          0|
    |p_0_1_0_0_073178_fu_702   |  6|   0|    6|          0|
    |p_0_1_0_0_083168_fu_682   |  6|   0|    6|          0|
    |p_0_1_0_0_093158_fu_662   |  6|   0|    6|          0|
    |p_0_2_0_0_0105146_fu_638  |  6|   0|    6|          0|
    |p_0_2_0_0_0115136_fu_618  |  6|   0|    6|          0|
    |p_0_2_0_0_0125126_fu_598  |  6|   0|    6|          0|
    |p_0_2_0_0_0135116_fu_578  |  6|   0|    6|          0|
    |p_0_2_0_0_0145106_fu_558  |  6|   0|    6|          0|
    |p_0_2_0_0_015236_fu_818   |  6|   0|    6|          0|
    |p_0_2_0_0_015596_fu_538   |  6|   0|    6|          0|
    |p_0_2_0_0_016586_fu_518   |  6|   0|    6|          0|
    |p_0_2_0_0_017576_fu_498   |  6|   0|    6|          0|
    |p_0_2_0_0_018566_fu_478   |  6|   0|    6|          0|
    |p_0_2_0_0_019556_fu_458   |  6|   0|    6|          0|
    |p_0_2_0_0_020546_fu_438   |  6|   0|    6|          0|
    |p_0_2_0_0_021536_fu_418   |  6|   0|    6|          0|
    |p_0_2_0_0_022526_fu_398   |  6|   0|    6|          0|
    |p_0_2_0_0_023516_fu_378   |  6|   0|    6|          0|
    |p_0_2_0_0_02456_fu_358    |  6|   0|    6|          0|
    |p_0_2_0_0_025226_fu_798   |  6|   0|    6|          0|
    |p_0_2_0_0_035216_fu_778   |  6|   0|    6|          0|
    |p_0_2_0_0_045206_fu_758   |  6|   0|    6|          0|
    |p_0_2_0_0_05246_fu_838    |  6|   0|    6|          0|
    |p_0_2_0_0_055196_fu_738   |  6|   0|    6|          0|
    |p_0_2_0_0_065186_fu_718   |  6|   0|    6|          0|
    |p_0_2_0_0_075176_fu_698   |  6|   0|    6|          0|
    |p_0_2_0_0_085166_fu_678   |  6|   0|    6|          0|
    |p_0_2_0_0_095156_fu_658   |  6|   0|    6|          0|
    |p_0_3_0_0_0107144_fu_634  |  6|   0|    6|          0|
    |p_0_3_0_0_0117134_fu_614  |  6|   0|    6|          0|
    |p_0_3_0_0_0127124_fu_594  |  6|   0|    6|          0|
    |p_0_3_0_0_0137114_fu_574  |  6|   0|    6|          0|
    |p_0_3_0_0_0147104_fu_554  |  6|   0|    6|          0|
    |p_0_3_0_0_015794_fu_534   |  6|   0|    6|          0|
    |p_0_3_0_0_016784_fu_514   |  6|   0|    6|          0|
    |p_0_3_0_0_017234_fu_814   |  6|   0|    6|          0|
    |p_0_3_0_0_017774_fu_494   |  6|   0|    6|          0|
    |p_0_3_0_0_018764_fu_474   |  6|   0|    6|          0|
    |p_0_3_0_0_019754_fu_454   |  6|   0|    6|          0|
    |p_0_3_0_0_020744_fu_434   |  6|   0|    6|          0|
    |p_0_3_0_0_021734_fu_414   |  6|   0|    6|          0|
    |p_0_3_0_0_022724_fu_394   |  6|   0|    6|          0|
    |p_0_3_0_0_023714_fu_374   |  6|   0|    6|          0|
    |p_0_3_0_0_02474_fu_354    |  6|   0|    6|          0|
    |p_0_3_0_0_027224_fu_794   |  6|   0|    6|          0|
    |p_0_3_0_0_037214_fu_774   |  6|   0|    6|          0|
    |p_0_3_0_0_047204_fu_754   |  6|   0|    6|          0|
    |p_0_3_0_0_057194_fu_734   |  6|   0|    6|          0|
    |p_0_3_0_0_067184_fu_714   |  6|   0|    6|          0|
    |p_0_3_0_0_07244_fu_834    |  6|   0|    6|          0|
    |p_0_3_0_0_077174_fu_694   |  6|   0|    6|          0|
    |p_0_3_0_0_087164_fu_674   |  6|   0|    6|          0|
    |p_0_3_0_0_097154_fu_654   |  6|   0|    6|          0|
    |p_0_4_0_0_0109142_fu_630  |  6|   0|    6|          0|
    |p_0_4_0_0_0119132_fu_610  |  6|   0|    6|          0|
    |p_0_4_0_0_0129122_fu_590  |  6|   0|    6|          0|
    |p_0_4_0_0_0139112_fu_570  |  6|   0|    6|          0|
    |p_0_4_0_0_0149102_fu_550  |  6|   0|    6|          0|
    |p_0_4_0_0_015992_fu_530   |  6|   0|    6|          0|
    |p_0_4_0_0_016982_fu_510   |  6|   0|    6|          0|
    |p_0_4_0_0_017972_fu_490   |  6|   0|    6|          0|
    |p_0_4_0_0_018962_fu_470   |  6|   0|    6|          0|
    |p_0_4_0_0_019232_fu_810   |  6|   0|    6|          0|
    |p_0_4_0_0_019952_fu_450   |  6|   0|    6|          0|
    |p_0_4_0_0_020942_fu_430   |  6|   0|    6|          0|
    |p_0_4_0_0_021932_fu_410   |  6|   0|    6|          0|
    |p_0_4_0_0_022922_fu_390   |  6|   0|    6|          0|
    |p_0_4_0_0_023912_fu_370   |  6|   0|    6|          0|
    |p_0_4_0_0_02492_fu_350    |  6|   0|    6|          0|
    |p_0_4_0_0_029222_fu_790   |  6|   0|    6|          0|
    |p_0_4_0_0_039212_fu_770   |  6|   0|    6|          0|
    |p_0_4_0_0_049202_fu_750   |  6|   0|    6|          0|
    |p_0_4_0_0_059192_fu_730   |  6|   0|    6|          0|
    |p_0_4_0_0_069182_fu_710   |  6|   0|    6|          0|
    |p_0_4_0_0_079172_fu_690   |  6|   0|    6|          0|
    |p_0_4_0_0_089162_fu_670   |  6|   0|    6|          0|
    |p_0_4_0_0_09242_fu_830    |  6|   0|    6|          0|
    |p_0_4_0_0_099152_fu_650   |  6|   0|    6|          0|
    +--------------------------+---+----+-----+-----------+
    |Total                     |757|   0|  757|          0|
    +--------------------------+---+----+-----+-----------+



================================================================
== Interface
================================================================
* Summary: 
+----------------------------+-----+-----+------------+---------------------------------------------------------------------------+--------------+
|          RTL Ports         | Dir | Bits|  Protocol  |                               Source Object                               |    C Type    |
+----------------------------+-----+-----+------------+---------------------------------------------------------------------------+--------------+
|ap_clk                      |   in|    1|  ap_ctrl_hs|  dense<array,array<ap_fixed<16,6,5,3,0>,1u>,config12>_Pipeline_DataPrepare|  return value|
|ap_rst                      |   in|    1|  ap_ctrl_hs|  dense<array,array<ap_fixed<16,6,5,3,0>,1u>,config12>_Pipeline_DataPrepare|  return value|
|ap_start                    |   in|    1|  ap_ctrl_hs|  dense<array,array<ap_fixed<16,6,5,3,0>,1u>,config12>_Pipeline_DataPrepare|  return value|
|ap_done                     |  out|    1|  ap_ctrl_hs|  dense<array,array<ap_fixed<16,6,5,3,0>,1u>,config12>_Pipeline_DataPrepare|  return value|
|ap_idle                     |  out|    1|  ap_ctrl_hs|  dense<array,array<ap_fixed<16,6,5,3,0>,1u>,config12>_Pipeline_DataPrepare|  return value|
|ap_ready                    |  out|    1|  ap_ctrl_hs|  dense<array,array<ap_fixed<16,6,5,3,0>,1u>,config12>_Pipeline_DataPrepare|  return value|
|layer10_out_dout            |   in|   30|     ap_fifo|                                                                layer10_out|       pointer|
|layer10_out_empty_n         |   in|    1|     ap_fifo|                                                                layer10_out|       pointer|
|layer10_out_read            |  out|    1|     ap_fifo|                                                                layer10_out|       pointer|
|layer10_out_num_data_valid  |   in|    6|     ap_fifo|                                                                layer10_out|       pointer|
|layer10_out_fifo_cap        |   in|    6|     ap_fifo|                                                                layer10_out|       pointer|
|data_124_out                |  out|    6|      ap_vld|                                                               data_124_out|       pointer|
|data_124_out_ap_vld         |  out|    1|      ap_vld|                                                               data_124_out|       pointer|
|data_123_out                |  out|    6|      ap_vld|                                                               data_123_out|       pointer|
|data_123_out_ap_vld         |  out|    1|      ap_vld|                                                               data_123_out|       pointer|
|data_122_out                |  out|    6|      ap_vld|                                                               data_122_out|       pointer|
|data_122_out_ap_vld         |  out|    1|      ap_vld|                                                               data_122_out|       pointer|
|data_121_out                |  out|    6|      ap_vld|                                                               data_121_out|       pointer|
|data_121_out_ap_vld         |  out|    1|      ap_vld|                                                               data_121_out|       pointer|
|data_120_out                |  out|    6|      ap_vld|                                                               data_120_out|       pointer|
|data_120_out_ap_vld         |  out|    1|      ap_vld|                                                               data_120_out|       pointer|
|data_119_out                |  out|    6|      ap_vld|                                                               data_119_out|       pointer|
|data_119_out_ap_vld         |  out|    1|      ap_vld|                                                               data_119_out|       pointer|
|data_118_out                |  out|    6|      ap_vld|                                                               data_118_out|       pointer|
|data_118_out_ap_vld         |  out|    1|      ap_vld|                                                               data_118_out|       pointer|
|data_117_out                |  out|    6|      ap_vld|                                                               data_117_out|       pointer|
|data_117_out_ap_vld         |  out|    1|      ap_vld|                                                               data_117_out|       pointer|
|data_116_out                |  out|    6|      ap_vld|                                                               data_116_out|       pointer|
|data_116_out_ap_vld         |  out|    1|      ap_vld|                                                               data_116_out|       pointer|
|data_115_out                |  out|    6|      ap_vld|                                                               data_115_out|       pointer|
|data_115_out_ap_vld         |  out|    1|      ap_vld|                                                               data_115_out|       pointer|
|data_114_out                |  out|    6|      ap_vld|                                                               data_114_out|       pointer|
|data_114_out_ap_vld         |  out|    1|      ap_vld|                                                               data_114_out|       pointer|
|data_113_out                |  out|    6|      ap_vld|                                                               data_113_out|       pointer|
|data_113_out_ap_vld         |  out|    1|      ap_vld|                                                               data_113_out|       pointer|
|data_112_out                |  out|    6|      ap_vld|                                                               data_112_out|       pointer|
|data_112_out_ap_vld         |  out|    1|      ap_vld|                                                               data_112_out|       pointer|
|data_111_out                |  out|    6|      ap_vld|                                                               data_111_out|       pointer|
|data_111_out_ap_vld         |  out|    1|      ap_vld|                                                               data_111_out|       pointer|
|data_110_out                |  out|    6|      ap_vld|                                                               data_110_out|       pointer|
|data_110_out_ap_vld         |  out|    1|      ap_vld|                                                               data_110_out|       pointer|
|data_109_out                |  out|    6|      ap_vld|                                                               data_109_out|       pointer|
|data_109_out_ap_vld         |  out|    1|      ap_vld|                                                               data_109_out|       pointer|
|data_108_out                |  out|    6|      ap_vld|                                                               data_108_out|       pointer|
|data_108_out_ap_vld         |  out|    1|      ap_vld|                                                               data_108_out|       pointer|
|data_107_out                |  out|    6|      ap_vld|                                                               data_107_out|       pointer|
|data_107_out_ap_vld         |  out|    1|      ap_vld|                                                               data_107_out|       pointer|
|data_106_out                |  out|    6|      ap_vld|                                                               data_106_out|       pointer|
|data_106_out_ap_vld         |  out|    1|      ap_vld|                                                               data_106_out|       pointer|
|data_105_out                |  out|    6|      ap_vld|                                                               data_105_out|       pointer|
|data_105_out_ap_vld         |  out|    1|      ap_vld|                                                               data_105_out|       pointer|
|data_104_out                |  out|    6|      ap_vld|                                                               data_104_out|       pointer|
|data_104_out_ap_vld         |  out|    1|      ap_vld|                                                               data_104_out|       pointer|
|data_103_out                |  out|    6|      ap_vld|                                                               data_103_out|       pointer|
|data_103_out_ap_vld         |  out|    1|      ap_vld|                                                               data_103_out|       pointer|
|data_102_out                |  out|    6|      ap_vld|                                                               data_102_out|       pointer|
|data_102_out_ap_vld         |  out|    1|      ap_vld|                                                               data_102_out|       pointer|
|data_101_out                |  out|    6|      ap_vld|                                                               data_101_out|       pointer|
|data_101_out_ap_vld         |  out|    1|      ap_vld|                                                               data_101_out|       pointer|
|data_100_out                |  out|    6|      ap_vld|                                                               data_100_out|       pointer|
|data_100_out_ap_vld         |  out|    1|      ap_vld|                                                               data_100_out|       pointer|
|data_99_out                 |  out|    6|      ap_vld|                                                                data_99_out|       pointer|
|data_99_out_ap_vld          |  out|    1|      ap_vld|                                                                data_99_out|       pointer|
|data_98_out                 |  out|    6|      ap_vld|                                                                data_98_out|       pointer|
|data_98_out_ap_vld          |  out|    1|      ap_vld|                                                                data_98_out|       pointer|
|data_97_out                 |  out|    6|      ap_vld|                                                                data_97_out|       pointer|
|data_97_out_ap_vld          |  out|    1|      ap_vld|                                                                data_97_out|       pointer|
|data_96_out                 |  out|    6|      ap_vld|                                                                data_96_out|       pointer|
|data_96_out_ap_vld          |  out|    1|      ap_vld|                                                                data_96_out|       pointer|
|data_95_out                 |  out|    6|      ap_vld|                                                                data_95_out|       pointer|
|data_95_out_ap_vld          |  out|    1|      ap_vld|                                                                data_95_out|       pointer|
|data_94_out                 |  out|    6|      ap_vld|                                                                data_94_out|       pointer|
|data_94_out_ap_vld          |  out|    1|      ap_vld|                                                                data_94_out|       pointer|
|data_93_out                 |  out|    6|      ap_vld|                                                                data_93_out|       pointer|
|data_93_out_ap_vld          |  out|    1|      ap_vld|                                                                data_93_out|       pointer|
|data_92_out                 |  out|    6|      ap_vld|                                                                data_92_out|       pointer|
|data_92_out_ap_vld          |  out|    1|      ap_vld|                                                                data_92_out|       pointer|
|data_91_out                 |  out|    6|      ap_vld|                                                                data_91_out|       pointer|
|data_91_out_ap_vld          |  out|    1|      ap_vld|                                                                data_91_out|       pointer|
|data_90_out                 |  out|    6|      ap_vld|                                                                data_90_out|       pointer|
|data_90_out_ap_vld          |  out|    1|      ap_vld|                                                                data_90_out|       pointer|
|data_89_out                 |  out|    6|      ap_vld|                                                                data_89_out|       pointer|
|data_89_out_ap_vld          |  out|    1|      ap_vld|                                                                data_89_out|       pointer|
|data_88_out                 |  out|    6|      ap_vld|                                                                data_88_out|       pointer|
|data_88_out_ap_vld          |  out|    1|      ap_vld|                                                                data_88_out|       pointer|
|data_87_out                 |  out|    6|      ap_vld|                                                                data_87_out|       pointer|
|data_87_out_ap_vld          |  out|    1|      ap_vld|                                                                data_87_out|       pointer|
|data_86_out                 |  out|    6|      ap_vld|                                                                data_86_out|       pointer|
|data_86_out_ap_vld          |  out|    1|      ap_vld|                                                                data_86_out|       pointer|
|data_85_out                 |  out|    6|      ap_vld|                                                                data_85_out|       pointer|
|data_85_out_ap_vld          |  out|    1|      ap_vld|                                                                data_85_out|       pointer|
|data_84_out                 |  out|    6|      ap_vld|                                                                data_84_out|       pointer|
|data_84_out_ap_vld          |  out|    1|      ap_vld|                                                                data_84_out|       pointer|
|data_83_out                 |  out|    6|      ap_vld|                                                                data_83_out|       pointer|
|data_83_out_ap_vld          |  out|    1|      ap_vld|                                                                data_83_out|       pointer|
|data_82_out                 |  out|    6|      ap_vld|                                                                data_82_out|       pointer|
|data_82_out_ap_vld          |  out|    1|      ap_vld|                                                                data_82_out|       pointer|
|data_81_out                 |  out|    6|      ap_vld|                                                                data_81_out|       pointer|
|data_81_out_ap_vld          |  out|    1|      ap_vld|                                                                data_81_out|       pointer|
|data_80_out                 |  out|    6|      ap_vld|                                                                data_80_out|       pointer|
|data_80_out_ap_vld          |  out|    1|      ap_vld|                                                                data_80_out|       pointer|
|data_79_out                 |  out|    6|      ap_vld|                                                                data_79_out|       pointer|
|data_79_out_ap_vld          |  out|    1|      ap_vld|                                                                data_79_out|       pointer|
|data_78_out                 |  out|    6|      ap_vld|                                                                data_78_out|       pointer|
|data_78_out_ap_vld          |  out|    1|      ap_vld|                                                                data_78_out|       pointer|
|data_77_out                 |  out|    6|      ap_vld|                                                                data_77_out|       pointer|
|data_77_out_ap_vld          |  out|    1|      ap_vld|                                                                data_77_out|       pointer|
|data_76_out                 |  out|    6|      ap_vld|                                                                data_76_out|       pointer|
|data_76_out_ap_vld          |  out|    1|      ap_vld|                                                                data_76_out|       pointer|
|data_75_out                 |  out|    6|      ap_vld|                                                                data_75_out|       pointer|
|data_75_out_ap_vld          |  out|    1|      ap_vld|                                                                data_75_out|       pointer|
|data_74_out                 |  out|    6|      ap_vld|                                                                data_74_out|       pointer|
|data_74_out_ap_vld          |  out|    1|      ap_vld|                                                                data_74_out|       pointer|
|data_73_out                 |  out|    6|      ap_vld|                                                                data_73_out|       pointer|
|data_73_out_ap_vld          |  out|    1|      ap_vld|                                                                data_73_out|       pointer|
|data_72_out                 |  out|    6|      ap_vld|                                                                data_72_out|       pointer|
|data_72_out_ap_vld          |  out|    1|      ap_vld|                                                                data_72_out|       pointer|
|data_71_out                 |  out|    6|      ap_vld|                                                                data_71_out|       pointer|
|data_71_out_ap_vld          |  out|    1|      ap_vld|                                                                data_71_out|       pointer|
|data_70_out                 |  out|    6|      ap_vld|                                                                data_70_out|       pointer|
|data_70_out_ap_vld          |  out|    1|      ap_vld|                                                                data_70_out|       pointer|
|data_69_out                 |  out|    6|      ap_vld|                                                                data_69_out|       pointer|
|data_69_out_ap_vld          |  out|    1|      ap_vld|                                                                data_69_out|       pointer|
|data_68_out                 |  out|    6|      ap_vld|                                                                data_68_out|       pointer|
|data_68_out_ap_vld          |  out|    1|      ap_vld|                                                                data_68_out|       pointer|
|data_67_out                 |  out|    6|      ap_vld|                                                                data_67_out|       pointer|
|data_67_out_ap_vld          |  out|    1|      ap_vld|                                                                data_67_out|       pointer|
|data_66_out                 |  out|    6|      ap_vld|                                                                data_66_out|       pointer|
|data_66_out_ap_vld          |  out|    1|      ap_vld|                                                                data_66_out|       pointer|
|data_65_out                 |  out|    6|      ap_vld|                                                                data_65_out|       pointer|
|data_65_out_ap_vld          |  out|    1|      ap_vld|                                                                data_65_out|       pointer|
|data_64_out                 |  out|    6|      ap_vld|                                                                data_64_out|       pointer|
|data_64_out_ap_vld          |  out|    1|      ap_vld|                                                                data_64_out|       pointer|
|data_63_out                 |  out|    6|      ap_vld|                                                                data_63_out|       pointer|
|data_63_out_ap_vld          |  out|    1|      ap_vld|                                                                data_63_out|       pointer|
|data_62_out                 |  out|    6|      ap_vld|                                                                data_62_out|       pointer|
|data_62_out_ap_vld          |  out|    1|      ap_vld|                                                                data_62_out|       pointer|
|data_61_out                 |  out|    6|      ap_vld|                                                                data_61_out|       pointer|
|data_61_out_ap_vld          |  out|    1|      ap_vld|                                                                data_61_out|       pointer|
|data_60_out                 |  out|    6|      ap_vld|                                                                data_60_out|       pointer|
|data_60_out_ap_vld          |  out|    1|      ap_vld|                                                                data_60_out|       pointer|
|data_59_out                 |  out|    6|      ap_vld|                                                                data_59_out|       pointer|
|data_59_out_ap_vld          |  out|    1|      ap_vld|                                                                data_59_out|       pointer|
|data_58_out                 |  out|    6|      ap_vld|                                                                data_58_out|       pointer|
|data_58_out_ap_vld          |  out|    1|      ap_vld|                                                                data_58_out|       pointer|
|data_57_out                 |  out|    6|      ap_vld|                                                                data_57_out|       pointer|
|data_57_out_ap_vld          |  out|    1|      ap_vld|                                                                data_57_out|       pointer|
|data_56_out                 |  out|    6|      ap_vld|                                                                data_56_out|       pointer|
|data_56_out_ap_vld          |  out|    1|      ap_vld|                                                                data_56_out|       pointer|
|data_55_out                 |  out|    6|      ap_vld|                                                                data_55_out|       pointer|
|data_55_out_ap_vld          |  out|    1|      ap_vld|                                                                data_55_out|       pointer|
|data_54_out                 |  out|    6|      ap_vld|                                                                data_54_out|       pointer|
|data_54_out_ap_vld          |  out|    1|      ap_vld|                                                                data_54_out|       pointer|
|data_53_out                 |  out|    6|      ap_vld|                                                                data_53_out|       pointer|
|data_53_out_ap_vld          |  out|    1|      ap_vld|                                                                data_53_out|       pointer|
|data_52_out                 |  out|    6|      ap_vld|                                                                data_52_out|       pointer|
|data_52_out_ap_vld          |  out|    1|      ap_vld|                                                                data_52_out|       pointer|
|data_51_out                 |  out|    6|      ap_vld|                                                                data_51_out|       pointer|
|data_51_out_ap_vld          |  out|    1|      ap_vld|                                                                data_51_out|       pointer|
|data_50_out                 |  out|    6|      ap_vld|                                                                data_50_out|       pointer|
|data_50_out_ap_vld          |  out|    1|      ap_vld|                                                                data_50_out|       pointer|
|data_49_out                 |  out|    6|      ap_vld|                                                                data_49_out|       pointer|
|data_49_out_ap_vld          |  out|    1|      ap_vld|                                                                data_49_out|       pointer|
|data_48_out                 |  out|    6|      ap_vld|                                                                data_48_out|       pointer|
|data_48_out_ap_vld          |  out|    1|      ap_vld|                                                                data_48_out|       pointer|
|data_47_out                 |  out|    6|      ap_vld|                                                                data_47_out|       pointer|
|data_47_out_ap_vld          |  out|    1|      ap_vld|                                                                data_47_out|       pointer|
|data_46_out                 |  out|    6|      ap_vld|                                                                data_46_out|       pointer|
|data_46_out_ap_vld          |  out|    1|      ap_vld|                                                                data_46_out|       pointer|
|data_45_out                 |  out|    6|      ap_vld|                                                                data_45_out|       pointer|
|data_45_out_ap_vld          |  out|    1|      ap_vld|                                                                data_45_out|       pointer|
|data_44_out                 |  out|    6|      ap_vld|                                                                data_44_out|       pointer|
|data_44_out_ap_vld          |  out|    1|      ap_vld|                                                                data_44_out|       pointer|
|data_43_out                 |  out|    6|      ap_vld|                                                                data_43_out|       pointer|
|data_43_out_ap_vld          |  out|    1|      ap_vld|                                                                data_43_out|       pointer|
|data_42_out                 |  out|    6|      ap_vld|                                                                data_42_out|       pointer|
|data_42_out_ap_vld          |  out|    1|      ap_vld|                                                                data_42_out|       pointer|
|data_41_out                 |  out|    6|      ap_vld|                                                                data_41_out|       pointer|
|data_41_out_ap_vld          |  out|    1|      ap_vld|                                                                data_41_out|       pointer|
|data_40_out                 |  out|    6|      ap_vld|                                                                data_40_out|       pointer|
|data_40_out_ap_vld          |  out|    1|      ap_vld|                                                                data_40_out|       pointer|
|data_39_out                 |  out|    6|      ap_vld|                                                                data_39_out|       pointer|
|data_39_out_ap_vld          |  out|    1|      ap_vld|                                                                data_39_out|       pointer|
|data_38_out                 |  out|    6|      ap_vld|                                                                data_38_out|       pointer|
|data_38_out_ap_vld          |  out|    1|      ap_vld|                                                                data_38_out|       pointer|
|data_37_out                 |  out|    6|      ap_vld|                                                                data_37_out|       pointer|
|data_37_out_ap_vld          |  out|    1|      ap_vld|                                                                data_37_out|       pointer|
|data_36_out                 |  out|    6|      ap_vld|                                                                data_36_out|       pointer|
|data_36_out_ap_vld          |  out|    1|      ap_vld|                                                                data_36_out|       pointer|
|data_35_out                 |  out|    6|      ap_vld|                                                                data_35_out|       pointer|
|data_35_out_ap_vld          |  out|    1|      ap_vld|                                                                data_35_out|       pointer|
|data_34_out                 |  out|    6|      ap_vld|                                                                data_34_out|       pointer|
|data_34_out_ap_vld          |  out|    1|      ap_vld|                                                                data_34_out|       pointer|
|data_33_out                 |  out|    6|      ap_vld|                                                                data_33_out|       pointer|
|data_33_out_ap_vld          |  out|    1|      ap_vld|                                                                data_33_out|       pointer|
|data_32_out                 |  out|    6|      ap_vld|                                                                data_32_out|       pointer|
|data_32_out_ap_vld          |  out|    1|      ap_vld|                                                                data_32_out|       pointer|
|data_31_out                 |  out|    6|      ap_vld|                                                                data_31_out|       pointer|
|data_31_out_ap_vld          |  out|    1|      ap_vld|                                                                data_31_out|       pointer|
|data_30_out                 |  out|    6|      ap_vld|                                                                data_30_out|       pointer|
|data_30_out_ap_vld          |  out|    1|      ap_vld|                                                                data_30_out|       pointer|
|data_29_out                 |  out|    6|      ap_vld|                                                                data_29_out|       pointer|
|data_29_out_ap_vld          |  out|    1|      ap_vld|                                                                data_29_out|       pointer|
|data_28_out                 |  out|    6|      ap_vld|                                                                data_28_out|       pointer|
|data_28_out_ap_vld          |  out|    1|      ap_vld|                                                                data_28_out|       pointer|
|data_27_out                 |  out|    6|      ap_vld|                                                                data_27_out|       pointer|
|data_27_out_ap_vld          |  out|    1|      ap_vld|                                                                data_27_out|       pointer|
|data_26_out                 |  out|    6|      ap_vld|                                                                data_26_out|       pointer|
|data_26_out_ap_vld          |  out|    1|      ap_vld|                                                                data_26_out|       pointer|
|data_25_out                 |  out|    6|      ap_vld|                                                                data_25_out|       pointer|
|data_25_out_ap_vld          |  out|    1|      ap_vld|                                                                data_25_out|       pointer|
|data_24_out                 |  out|    6|      ap_vld|                                                                data_24_out|       pointer|
|data_24_out_ap_vld          |  out|    1|      ap_vld|                                                                data_24_out|       pointer|
|data_23_out                 |  out|    6|      ap_vld|                                                                data_23_out|       pointer|
|data_23_out_ap_vld          |  out|    1|      ap_vld|                                                                data_23_out|       pointer|
|data_22_out                 |  out|    6|      ap_vld|                                                                data_22_out|       pointer|
|data_22_out_ap_vld          |  out|    1|      ap_vld|                                                                data_22_out|       pointer|
|data_21_out                 |  out|    6|      ap_vld|                                                                data_21_out|       pointer|
|data_21_out_ap_vld          |  out|    1|      ap_vld|                                                                data_21_out|       pointer|
|data_20_out                 |  out|    6|      ap_vld|                                                                data_20_out|       pointer|
|data_20_out_ap_vld          |  out|    1|      ap_vld|                                                                data_20_out|       pointer|
|data_19_out                 |  out|    6|      ap_vld|                                                                data_19_out|       pointer|
|data_19_out_ap_vld          |  out|    1|      ap_vld|                                                                data_19_out|       pointer|
|data_18_out                 |  out|    6|      ap_vld|                                                                data_18_out|       pointer|
|data_18_out_ap_vld          |  out|    1|      ap_vld|                                                                data_18_out|       pointer|
|data_17_out                 |  out|    6|      ap_vld|                                                                data_17_out|       pointer|
|data_17_out_ap_vld          |  out|    1|      ap_vld|                                                                data_17_out|       pointer|
|data_16_out                 |  out|    6|      ap_vld|                                                                data_16_out|       pointer|
|data_16_out_ap_vld          |  out|    1|      ap_vld|                                                                data_16_out|       pointer|
|data_15_out                 |  out|    6|      ap_vld|                                                                data_15_out|       pointer|
|data_15_out_ap_vld          |  out|    1|      ap_vld|                                                                data_15_out|       pointer|
|data_14_out                 |  out|    6|      ap_vld|                                                                data_14_out|       pointer|
|data_14_out_ap_vld          |  out|    1|      ap_vld|                                                                data_14_out|       pointer|
|data_13_out                 |  out|    6|      ap_vld|                                                                data_13_out|       pointer|
|data_13_out_ap_vld          |  out|    1|      ap_vld|                                                                data_13_out|       pointer|
|data_12_out                 |  out|    6|      ap_vld|                                                                data_12_out|       pointer|
|data_12_out_ap_vld          |  out|    1|      ap_vld|                                                                data_12_out|       pointer|
|data_11_out                 |  out|    6|      ap_vld|                                                                data_11_out|       pointer|
|data_11_out_ap_vld          |  out|    1|      ap_vld|                                                                data_11_out|       pointer|
|data_10_out                 |  out|    6|      ap_vld|                                                                data_10_out|       pointer|
|data_10_out_ap_vld          |  out|    1|      ap_vld|                                                                data_10_out|       pointer|
|data_9_out                  |  out|    6|      ap_vld|                                                                 data_9_out|       pointer|
|data_9_out_ap_vld           |  out|    1|      ap_vld|                                                                 data_9_out|       pointer|
|data_8_out                  |  out|    6|      ap_vld|                                                                 data_8_out|       pointer|
|data_8_out_ap_vld           |  out|    1|      ap_vld|                                                                 data_8_out|       pointer|
|data_7_out                  |  out|    6|      ap_vld|                                                                 data_7_out|       pointer|
|data_7_out_ap_vld           |  out|    1|      ap_vld|                                                                 data_7_out|       pointer|
|data_6_out                  |  out|    6|      ap_vld|                                                                 data_6_out|       pointer|
|data_6_out_ap_vld           |  out|    1|      ap_vld|                                                                 data_6_out|       pointer|
|data_5_out                  |  out|    6|      ap_vld|                                                                 data_5_out|       pointer|
|data_5_out_ap_vld           |  out|    1|      ap_vld|                                                                 data_5_out|       pointer|
|data_4_out                  |  out|    6|      ap_vld|                                                                 data_4_out|       pointer|
|data_4_out_ap_vld           |  out|    1|      ap_vld|                                                                 data_4_out|       pointer|
|data_3_out                  |  out|    6|      ap_vld|                                                                 data_3_out|       pointer|
|data_3_out_ap_vld           |  out|    1|      ap_vld|                                                                 data_3_out|       pointer|
|data_2_out                  |  out|    6|      ap_vld|                                                                 data_2_out|       pointer|
|data_2_out_ap_vld           |  out|    1|      ap_vld|                                                                 data_2_out|       pointer|
|data_1_out                  |  out|    6|      ap_vld|                                                                 data_1_out|       pointer|
|data_1_out_ap_vld           |  out|    1|      ap_vld|                                                                 data_1_out|       pointer|
|data_out                    |  out|    6|      ap_vld|                                                                   data_out|       pointer|
|data_out_ap_vld             |  out|    1|      ap_vld|                                                                   data_out|       pointer|
+----------------------------+-----+-----+------------+---------------------------------------------------------------------------+--------------+

