

================================================================
== Vitis HLS Report for 'shift_line_buffer_array_ap_uint_8_1u_config2_s'
================================================================
* Date:           Mon Apr 28 20:13:01 2025

* Version:        2024.2 (Build 5238294 on Nov  8 2024)
* Project:        myproject_prj
* Solution:       solution1 (Vivado IP Flow Target)
* Product family: artix7
* Target device:  xc7a35t-cpg236-1


================================================================
== Performance Estimates
================================================================
+ Timing: 
    * Summary: 
    +--------+----------+----------+------------+
    |  Clock |  Target  | Estimated| Uncertainty|
    +--------+----------+----------+------------+
    |ap_clk  |  30.00 ns|  6.468 ns|     8.10 ns|
    +--------+----------+----------+------------+

+ Latency: 
    * Summary: 
    +---------+---------+----------+----------+-----+-----+---------+
    |  Latency (cycles) |  Latency (absolute) |  Interval | Pipeline|
    |   min   |   max   |    min   |    max   | min | max |   Type  |
    +---------+---------+----------+----------+-----+-----+---------+
    |        0|        0|      0 ns|      0 ns|    1|    1|      yes|
    +---------+---------+----------+----------+-----+-----+---------+

    + Detail: 
        * Instance: 
        N/A

        * Loop: 
        N/A



================================================================
== Utilization Estimates
================================================================
* Summary: 
+-----------------+---------+----+-------+-------+-----+
|       Name      | BRAM_18K| DSP|   FF  |  LUT  | URAM|
+-----------------+---------+----+-------+-------+-----+
|DSP              |        -|   -|      -|      -|    -|
|Expression       |        -|   -|      -|      -|    -|
|FIFO             |        -|   -|      -|      -|    -|
|Instance         |        -|   -|      -|      -|    -|
|Memory           |        -|   -|    256|    128|    -|
|Multiplexer      |        -|   -|      0|    180|    -|
|Register         |        -|   -|      1|      -|    -|
+-----------------+---------+----+-------+-------+-----+
|Total            |        0|   0|    257|    308|    0|
+-----------------+---------+----+-------+-------+-----+
|Available        |      100|  90|  41600|  20800|    0|
+-----------------+---------+----+-------+-------+-----+
|Utilization (%)  |        0|   0|     ~0|      1|    0|
+-----------------+---------+----+-------+-------+-----+

+ Detail: 
    * Instance: 
    N/A

    * DSP: 
    N/A

    * Memory: 
    +-------------------------------------------------------------------------------+----------------------------------------------------------------------------------+---------+----+----+-----+------+-----+------+-------------+
    |                                     Memory                                    |                                      Module                                      | BRAM_18K| FF | LUT| URAM| Words| Bits| Banks| W*Bits*Banks|
    +-------------------------------------------------------------------------------+----------------------------------------------------------------------------------+---------+----+----+-----+------+-----+------+-------------+
    |void_conv_2d_buffer_resource_cl_stream_stream_weight_t_bias_t_line_buffer_3_U  |shift_line_buffer_array_ap_uint_8_1u_config2_s_void_conv_2d_buffer_resource_cbkb  |        0|  64|  32|    0|    64|    8|     1|          512|
    |void_conv_2d_buffer_resource_cl_stream_stream_weight_t_bias_t_line_buffer_2_U  |shift_line_buffer_array_ap_uint_8_1u_config2_s_void_conv_2d_buffer_resource_cbkb  |        0|  64|  32|    0|    64|    8|     1|          512|
    |void_conv_2d_buffer_resource_cl_stream_stream_weight_t_bias_t_line_buffer_1_U  |shift_line_buffer_array_ap_uint_8_1u_config2_s_void_conv_2d_buffer_resource_cbkb  |        0|  64|  32|    0|    64|    8|     1|          512|
    |void_conv_2d_buffer_resource_cl_stream_stream_weight_t_bias_t_line_buffer_U    |shift_line_buffer_array_ap_uint_8_1u_config2_s_void_conv_2d_buffer_resource_cbkb  |        0|  64|  32|    0|    64|    8|     1|          512|
    +-------------------------------------------------------------------------------+----------------------------------------------------------------------------------+---------+----+----+-----+------+-----+------+-------------+
    |Total                                                                          |                                                                                  |        0| 256| 128|    0|   256|   32|     4|         2048|
    +-------------------------------------------------------------------------------+----------------------------------------------------------------------------------+---------+----+----+-----+------+-----+------+-------------+

    * FIFO: 
    N/A

    * Expression: 
    N/A

    * Multiplexer: 
    +----------------------------------------------------------------------------------------+----+-----------+-----+-----------+
    |                                          Name                                          | LUT| Input Size| Bits| Total Bits|
    +----------------------------------------------------------------------------------------+----+-----------+-----+-----------+
    |p_ZZN4nnet24compute_output_buffer_2dINS_5arrayI7ap_uintILi8EELj1EEENS1_I8ap_fixed_10_o  |   9|          2|    8|         16|
    |p_ZZN4nnet24compute_output_buffer_2dINS_5arrayI7ap_uintILi8EELj1EEENS1_I8ap_fixed_11_o  |   9|          2|    8|         16|
    |p_ZZN4nnet24compute_output_buffer_2dINS_5arrayI7ap_uintILi8EELj1EEENS1_I8ap_fixed_12_o  |   9|          2|    8|         16|
    |p_ZZN4nnet24compute_output_buffer_2dINS_5arrayI7ap_uintILi8EELj1EEENS1_I8ap_fixed_13_o  |   9|          2|    8|         16|
    |p_ZZN4nnet24compute_output_buffer_2dINS_5arrayI7ap_uintILi8EELj1EEENS1_I8ap_fixed_1_o   |   9|          2|    8|         16|
    |p_ZZN4nnet24compute_output_buffer_2dINS_5arrayI7ap_uintILi8EELj1EEENS1_I8ap_fixed_2_o   |   9|          2|    8|         16|
    |p_ZZN4nnet24compute_output_buffer_2dINS_5arrayI7ap_uintILi8EELj1EEENS1_I8ap_fixed_3_o   |   9|          2|    8|         16|
    |p_ZZN4nnet24compute_output_buffer_2dINS_5arrayI7ap_uintILi8EELj1EEENS1_I8ap_fixed_5_o   |   9|          2|    8|         16|
    |p_ZZN4nnet24compute_output_buffer_2dINS_5arrayI7ap_uintILi8EELj1EEENS1_I8ap_fixed_6_o   |   9|          2|    8|         16|
    |p_ZZN4nnet24compute_output_buffer_2dINS_5arrayI7ap_uintILi8EELj1EEENS1_I8ap_fixed_7_o   |   9|          2|    8|         16|
    |p_ZZN4nnet24compute_output_buffer_2dINS_5arrayI7ap_uintILi8EELj1EEENS1_I8ap_fixed_8_o   |   9|          2|    8|         16|
    |p_ZZN4nnet24compute_output_buffer_2dINS_5arrayI7ap_uintILi8EELj1EEENS1_I8ap_fixed_o     |   9|          2|    8|         16|
    |void_compute_output_buffer_2d_array_const_ap_shift_reg_n_chan_stream_weig_1_o           |   9|          2|    8|         16|
    |void_compute_output_buffer_2d_array_const_ap_shift_reg_n_chan_stream_weig_2_o           |   9|          2|    8|         16|
    |void_compute_output_buffer_2d_array_const_ap_shift_reg_n_chan_stream_weig_3_o           |   9|          2|    8|         16|
    |void_compute_output_buffer_2d_array_const_ap_shift_reg_n_chan_stream_weig_5_o           |   9|          2|    8|         16|
    |void_compute_output_buffer_2d_array_const_ap_shift_reg_n_chan_stream_weig_6_o           |   9|          2|    8|         16|
    |void_compute_output_buffer_2d_array_const_ap_shift_reg_n_chan_stream_weig_7_o           |   9|          2|    8|         16|
    |void_compute_output_buffer_2d_array_const_ap_shift_reg_n_chan_stream_weig_8_o           |   9|          2|    8|         16|
    |void_compute_output_buffer_2d_array_const_ap_shift_reg_n_chan_stream_weig_o             |   9|          2|    8|         16|
    +----------------------------------------------------------------------------------------+----+-----------+-----+-----------+
    |Total                                                                                   | 180|         40|  160|        320|
    +----------------------------------------------------------------------------------------+----+-----------+-----+-----------+

    * Register: 
    +-----------+---+----+-----+-----------+
    |    Name   | FF| LUT| Bits| Const Bits|
    +-----------+---+----+-----+-----------+
    |ap_CS_fsm  |  1|   0|    1|          0|
    +-----------+---+----+-----+-----------+
    |Total      |  1|   0|    1|          0|
    +-----------+---+----+-----+-----------+



================================================================
== Interface
================================================================
* Summary: 
+-----------------------------------------------------------------------------------------------+-----+-----+------------+--------------------------------------------------------------------------------------+--------------+
|                                           RTL Ports                                           | Dir | Bits|  Protocol  |                                     Source Object                                    |    C Type    |
+-----------------------------------------------------------------------------------------------+-----+-----+------------+--------------------------------------------------------------------------------------+--------------+
|ap_clk                                                                                         |   in|    1|  ap_ctrl_hs|                                     shift_line_buffer<array<ap_uint<8>, 1u>, config2>|  return value|
|ap_rst                                                                                         |   in|    1|  ap_ctrl_hs|                                     shift_line_buffer<array<ap_uint<8>, 1u>, config2>|  return value|
|ap_start                                                                                       |   in|    1|  ap_ctrl_hs|                                     shift_line_buffer<array<ap_uint<8>, 1u>, config2>|  return value|
|ap_done                                                                                        |  out|    1|  ap_ctrl_hs|                                     shift_line_buffer<array<ap_uint<8>, 1u>, config2>|  return value|
|ap_idle                                                                                        |  out|    1|  ap_ctrl_hs|                                     shift_line_buffer<array<ap_uint<8>, 1u>, config2>|  return value|
|ap_ready                                                                                       |  out|    1|  ap_ctrl_hs|                                     shift_line_buffer<array<ap_uint<8>, 1u>, config2>|  return value|
|in_elem_0_0_0_0_0_val                                                                          |   in|    8|     ap_none|                                                                 in_elem_0_0_0_0_0_val|        scalar|
|void_compute_output_buffer_2d_array_const_ap_shift_reg_n_chan_stream_weig_8_i                  |   in|    8|     ap_ovld|           void_compute_output_buffer_2d_array_const_ap_shift_reg_n_chan_stream_weig_8|       pointer|
|void_compute_output_buffer_2d_array_const_ap_shift_reg_n_chan_stream_weig_8_o                  |  out|    8|     ap_ovld|           void_compute_output_buffer_2d_array_const_ap_shift_reg_n_chan_stream_weig_8|       pointer|
|void_compute_output_buffer_2d_array_const_ap_shift_reg_n_chan_stream_weig_8_o_ap_vld           |  out|    1|     ap_ovld|           void_compute_output_buffer_2d_array_const_ap_shift_reg_n_chan_stream_weig_8|       pointer|
|void_compute_output_buffer_2d_array_const_ap_shift_reg_n_chan_stream_weig_9                    |  out|    8|      ap_vld|           void_compute_output_buffer_2d_array_const_ap_shift_reg_n_chan_stream_weig_9|       pointer|
|void_compute_output_buffer_2d_array_const_ap_shift_reg_n_chan_stream_weig_9_ap_vld             |  out|    1|      ap_vld|           void_compute_output_buffer_2d_array_const_ap_shift_reg_n_chan_stream_weig_9|       pointer|
|void_compute_output_buffer_2d_array_const_ap_shift_reg_n_chan_stream_weig_3_i                  |   in|    8|     ap_ovld|           void_compute_output_buffer_2d_array_const_ap_shift_reg_n_chan_stream_weig_3|       pointer|
|void_compute_output_buffer_2d_array_const_ap_shift_reg_n_chan_stream_weig_3_o                  |  out|    8|     ap_ovld|           void_compute_output_buffer_2d_array_const_ap_shift_reg_n_chan_stream_weig_3|       pointer|
|void_compute_output_buffer_2d_array_const_ap_shift_reg_n_chan_stream_weig_3_o_ap_vld           |  out|    1|     ap_ovld|           void_compute_output_buffer_2d_array_const_ap_shift_reg_n_chan_stream_weig_3|       pointer|
|void_compute_output_buffer_2d_array_const_ap_shift_reg_n_chan_stream_weig_4                    |  out|    8|      ap_vld|           void_compute_output_buffer_2d_array_const_ap_shift_reg_n_chan_stream_weig_4|       pointer|
|void_compute_output_buffer_2d_array_const_ap_shift_reg_n_chan_stream_weig_4_ap_vld             |  out|    1|      ap_vld|           void_compute_output_buffer_2d_array_const_ap_shift_reg_n_chan_stream_weig_4|       pointer|
|p_ZZN4nnet24compute_output_buffer_2dINS_5arrayI7ap_uintILi8EELj1EEENS1_I8ap_fixed_13_i         |   in|    8|     ap_ovld|  p_ZZN4nnet24compute_output_buffer_2dINS_5arrayI7ap_uintILi8EELj1EEENS1_I8ap_fixed_13|       pointer|
|p_ZZN4nnet24compute_output_buffer_2dINS_5arrayI7ap_uintILi8EELj1EEENS1_I8ap_fixed_13_o         |  out|    8|     ap_ovld|  p_ZZN4nnet24compute_output_buffer_2dINS_5arrayI7ap_uintILi8EELj1EEENS1_I8ap_fixed_13|       pointer|
|p_ZZN4nnet24compute_output_buffer_2dINS_5arrayI7ap_uintILi8EELj1EEENS1_I8ap_fixed_13_o_ap_vld  |  out|    1|     ap_ovld|  p_ZZN4nnet24compute_output_buffer_2dINS_5arrayI7ap_uintILi8EELj1EEENS1_I8ap_fixed_13|       pointer|
|p_ZZN4nnet24compute_output_buffer_2dINS_5arrayI7ap_uintILi8EELj1EEENS1_I8ap_fixed_14           |  out|    8|      ap_vld|  p_ZZN4nnet24compute_output_buffer_2dINS_5arrayI7ap_uintILi8EELj1EEENS1_I8ap_fixed_14|       pointer|
|p_ZZN4nnet24compute_output_buffer_2dINS_5arrayI7ap_uintILi8EELj1EEENS1_I8ap_fixed_14_ap_vld    |  out|    1|      ap_vld|  p_ZZN4nnet24compute_output_buffer_2dINS_5arrayI7ap_uintILi8EELj1EEENS1_I8ap_fixed_14|       pointer|
|p_ZZN4nnet24compute_output_buffer_2dINS_5arrayI7ap_uintILi8EELj1EEENS1_I8ap_fixed_8_i          |   in|    8|     ap_ovld|   p_ZZN4nnet24compute_output_buffer_2dINS_5arrayI7ap_uintILi8EELj1EEENS1_I8ap_fixed_8|       pointer|
|p_ZZN4nnet24compute_output_buffer_2dINS_5arrayI7ap_uintILi8EELj1EEENS1_I8ap_fixed_8_o          |  out|    8|     ap_ovld|   p_ZZN4nnet24compute_output_buffer_2dINS_5arrayI7ap_uintILi8EELj1EEENS1_I8ap_fixed_8|       pointer|
|p_ZZN4nnet24compute_output_buffer_2dINS_5arrayI7ap_uintILi8EELj1EEENS1_I8ap_fixed_8_o_ap_vld   |  out|    1|     ap_ovld|   p_ZZN4nnet24compute_output_buffer_2dINS_5arrayI7ap_uintILi8EELj1EEENS1_I8ap_fixed_8|       pointer|
|p_ZZN4nnet24compute_output_buffer_2dINS_5arrayI7ap_uintILi8EELj1EEENS1_I8ap_fixed_9            |  out|    8|      ap_vld|   p_ZZN4nnet24compute_output_buffer_2dINS_5arrayI7ap_uintILi8EELj1EEENS1_I8ap_fixed_9|       pointer|
|p_ZZN4nnet24compute_output_buffer_2dINS_5arrayI7ap_uintILi8EELj1EEENS1_I8ap_fixed_9_ap_vld     |  out|    1|      ap_vld|   p_ZZN4nnet24compute_output_buffer_2dINS_5arrayI7ap_uintILi8EELj1EEENS1_I8ap_fixed_9|       pointer|
|p_ZZN4nnet24compute_output_buffer_2dINS_5arrayI7ap_uintILi8EELj1EEENS1_I8ap_fixed_3_i          |   in|    8|     ap_ovld|   p_ZZN4nnet24compute_output_buffer_2dINS_5arrayI7ap_uintILi8EELj1EEENS1_I8ap_fixed_3|       pointer|
|p_ZZN4nnet24compute_output_buffer_2dINS_5arrayI7ap_uintILi8EELj1EEENS1_I8ap_fixed_3_o          |  out|    8|     ap_ovld|   p_ZZN4nnet24compute_output_buffer_2dINS_5arrayI7ap_uintILi8EELj1EEENS1_I8ap_fixed_3|       pointer|
|p_ZZN4nnet24compute_output_buffer_2dINS_5arrayI7ap_uintILi8EELj1EEENS1_I8ap_fixed_3_o_ap_vld   |  out|    1|     ap_ovld|   p_ZZN4nnet24compute_output_buffer_2dINS_5arrayI7ap_uintILi8EELj1EEENS1_I8ap_fixed_3|       pointer|
|p_ZZN4nnet24compute_output_buffer_2dINS_5arrayI7ap_uintILi8EELj1EEENS1_I8ap_fixed_4            |  out|    8|      ap_vld|   p_ZZN4nnet24compute_output_buffer_2dINS_5arrayI7ap_uintILi8EELj1EEENS1_I8ap_fixed_4|       pointer|
|p_ZZN4nnet24compute_output_buffer_2dINS_5arrayI7ap_uintILi8EELj1EEENS1_I8ap_fixed_4_ap_vld     |  out|    1|      ap_vld|   p_ZZN4nnet24compute_output_buffer_2dINS_5arrayI7ap_uintILi8EELj1EEENS1_I8ap_fixed_4|       pointer|
|void_compute_output_buffer_2d_array_const_ap_shift_reg_n_chan_stream_weig_7_i                  |   in|    8|     ap_ovld|           void_compute_output_buffer_2d_array_const_ap_shift_reg_n_chan_stream_weig_7|       pointer|
|void_compute_output_buffer_2d_array_const_ap_shift_reg_n_chan_stream_weig_7_o                  |  out|    8|     ap_ovld|           void_compute_output_buffer_2d_array_const_ap_shift_reg_n_chan_stream_weig_7|       pointer|
|void_compute_output_buffer_2d_array_const_ap_shift_reg_n_chan_stream_weig_7_o_ap_vld           |  out|    1|     ap_ovld|           void_compute_output_buffer_2d_array_const_ap_shift_reg_n_chan_stream_weig_7|       pointer|
|void_compute_output_buffer_2d_array_const_ap_shift_reg_n_chan_stream_weig_2_i                  |   in|    8|     ap_ovld|           void_compute_output_buffer_2d_array_const_ap_shift_reg_n_chan_stream_weig_2|       pointer|
|void_compute_output_buffer_2d_array_const_ap_shift_reg_n_chan_stream_weig_2_o                  |  out|    8|     ap_ovld|           void_compute_output_buffer_2d_array_const_ap_shift_reg_n_chan_stream_weig_2|       pointer|
|void_compute_output_buffer_2d_array_const_ap_shift_reg_n_chan_stream_weig_2_o_ap_vld           |  out|    1|     ap_ovld|           void_compute_output_buffer_2d_array_const_ap_shift_reg_n_chan_stream_weig_2|       pointer|
|p_ZZN4nnet24compute_output_buffer_2dINS_5arrayI7ap_uintILi8EELj1EEENS1_I8ap_fixed_12_i         |   in|    8|     ap_ovld|  p_ZZN4nnet24compute_output_buffer_2dINS_5arrayI7ap_uintILi8EELj1EEENS1_I8ap_fixed_12|       pointer|
|p_ZZN4nnet24compute_output_buffer_2dINS_5arrayI7ap_uintILi8EELj1EEENS1_I8ap_fixed_12_o         |  out|    8|     ap_ovld|  p_ZZN4nnet24compute_output_buffer_2dINS_5arrayI7ap_uintILi8EELj1EEENS1_I8ap_fixed_12|       pointer|
|p_ZZN4nnet24compute_output_buffer_2dINS_5arrayI7ap_uintILi8EELj1EEENS1_I8ap_fixed_12_o_ap_vld  |  out|    1|     ap_ovld|  p_ZZN4nnet24compute_output_buffer_2dINS_5arrayI7ap_uintILi8EELj1EEENS1_I8ap_fixed_12|       pointer|
|p_ZZN4nnet24compute_output_buffer_2dINS_5arrayI7ap_uintILi8EELj1EEENS1_I8ap_fixed_7_i          |   in|    8|     ap_ovld|   p_ZZN4nnet24compute_output_buffer_2dINS_5arrayI7ap_uintILi8EELj1EEENS1_I8ap_fixed_7|       pointer|
|p_ZZN4nnet24compute_output_buffer_2dINS_5arrayI7ap_uintILi8EELj1EEENS1_I8ap_fixed_7_o          |  out|    8|     ap_ovld|   p_ZZN4nnet24compute_output_buffer_2dINS_5arrayI7ap_uintILi8EELj1EEENS1_I8ap_fixed_7|       pointer|
|p_ZZN4nnet24compute_output_buffer_2dINS_5arrayI7ap_uintILi8EELj1EEENS1_I8ap_fixed_7_o_ap_vld   |  out|    1|     ap_ovld|   p_ZZN4nnet24compute_output_buffer_2dINS_5arrayI7ap_uintILi8EELj1EEENS1_I8ap_fixed_7|       pointer|
|p_ZZN4nnet24compute_output_buffer_2dINS_5arrayI7ap_uintILi8EELj1EEENS1_I8ap_fixed_2_i          |   in|    8|     ap_ovld|   p_ZZN4nnet24compute_output_buffer_2dINS_5arrayI7ap_uintILi8EELj1EEENS1_I8ap_fixed_2|       pointer|
|p_ZZN4nnet24compute_output_buffer_2dINS_5arrayI7ap_uintILi8EELj1EEENS1_I8ap_fixed_2_o          |  out|    8|     ap_ovld|   p_ZZN4nnet24compute_output_buffer_2dINS_5arrayI7ap_uintILi8EELj1EEENS1_I8ap_fixed_2|       pointer|
|p_ZZN4nnet24compute_output_buffer_2dINS_5arrayI7ap_uintILi8EELj1EEENS1_I8ap_fixed_2_o_ap_vld   |  out|    1|     ap_ovld|   p_ZZN4nnet24compute_output_buffer_2dINS_5arrayI7ap_uintILi8EELj1EEENS1_I8ap_fixed_2|       pointer|
|void_compute_output_buffer_2d_array_const_ap_shift_reg_n_chan_stream_weig_6_i                  |   in|    8|     ap_ovld|           void_compute_output_buffer_2d_array_const_ap_shift_reg_n_chan_stream_weig_6|       pointer|
|void_compute_output_buffer_2d_array_const_ap_shift_reg_n_chan_stream_weig_6_o                  |  out|    8|     ap_ovld|           void_compute_output_buffer_2d_array_const_ap_shift_reg_n_chan_stream_weig_6|       pointer|
|void_compute_output_buffer_2d_array_const_ap_shift_reg_n_chan_stream_weig_6_o_ap_vld           |  out|    1|     ap_ovld|           void_compute_output_buffer_2d_array_const_ap_shift_reg_n_chan_stream_weig_6|       pointer|
|void_compute_output_buffer_2d_array_const_ap_shift_reg_n_chan_stream_weig_1_i                  |   in|    8|     ap_ovld|           void_compute_output_buffer_2d_array_const_ap_shift_reg_n_chan_stream_weig_1|       pointer|
|void_compute_output_buffer_2d_array_const_ap_shift_reg_n_chan_stream_weig_1_o                  |  out|    8|     ap_ovld|           void_compute_output_buffer_2d_array_const_ap_shift_reg_n_chan_stream_weig_1|       pointer|
|void_compute_output_buffer_2d_array_const_ap_shift_reg_n_chan_stream_weig_1_o_ap_vld           |  out|    1|     ap_ovld|           void_compute_output_buffer_2d_array_const_ap_shift_reg_n_chan_stream_weig_1|       pointer|
|p_ZZN4nnet24compute_output_buffer_2dINS_5arrayI7ap_uintILi8EELj1EEENS1_I8ap_fixed_11_i         |   in|    8|     ap_ovld|  p_ZZN4nnet24compute_output_buffer_2dINS_5arrayI7ap_uintILi8EELj1EEENS1_I8ap_fixed_11|       pointer|
|p_ZZN4nnet24compute_output_buffer_2dINS_5arrayI7ap_uintILi8EELj1EEENS1_I8ap_fixed_11_o         |  out|    8|     ap_ovld|  p_ZZN4nnet24compute_output_buffer_2dINS_5arrayI7ap_uintILi8EELj1EEENS1_I8ap_fixed_11|       pointer|
|p_ZZN4nnet24compute_output_buffer_2dINS_5arrayI7ap_uintILi8EELj1EEENS1_I8ap_fixed_11_o_ap_vld  |  out|    1|     ap_ovld|  p_ZZN4nnet24compute_output_buffer_2dINS_5arrayI7ap_uintILi8EELj1EEENS1_I8ap_fixed_11|       pointer|
|p_ZZN4nnet24compute_output_buffer_2dINS_5arrayI7ap_uintILi8EELj1EEENS1_I8ap_fixed_6_i          |   in|    8|     ap_ovld|   p_ZZN4nnet24compute_output_buffer_2dINS_5arrayI7ap_uintILi8EELj1EEENS1_I8ap_fixed_6|       pointer|
|p_ZZN4nnet24compute_output_buffer_2dINS_5arrayI7ap_uintILi8EELj1EEENS1_I8ap_fixed_6_o          |  out|    8|     ap_ovld|   p_ZZN4nnet24compute_output_buffer_2dINS_5arrayI7ap_uintILi8EELj1EEENS1_I8ap_fixed_6|       pointer|
|p_ZZN4nnet24compute_output_buffer_2dINS_5arrayI7ap_uintILi8EELj1EEENS1_I8ap_fixed_6_o_ap_vld   |  out|    1|     ap_ovld|   p_ZZN4nnet24compute_output_buffer_2dINS_5arrayI7ap_uintILi8EELj1EEENS1_I8ap_fixed_6|       pointer|
|p_ZZN4nnet24compute_output_buffer_2dINS_5arrayI7ap_uintILi8EELj1EEENS1_I8ap_fixed_1_i          |   in|    8|     ap_ovld|   p_ZZN4nnet24compute_output_buffer_2dINS_5arrayI7ap_uintILi8EELj1EEENS1_I8ap_fixed_1|       pointer|
|p_ZZN4nnet24compute_output_buffer_2dINS_5arrayI7ap_uintILi8EELj1EEENS1_I8ap_fixed_1_o          |  out|    8|     ap_ovld|   p_ZZN4nnet24compute_output_buffer_2dINS_5arrayI7ap_uintILi8EELj1EEENS1_I8ap_fixed_1|       pointer|
|p_ZZN4nnet24compute_output_buffer_2dINS_5arrayI7ap_uintILi8EELj1EEENS1_I8ap_fixed_1_o_ap_vld   |  out|    1|     ap_ovld|   p_ZZN4nnet24compute_output_buffer_2dINS_5arrayI7ap_uintILi8EELj1EEENS1_I8ap_fixed_1|       pointer|
|void_compute_output_buffer_2d_array_const_ap_shift_reg_n_chan_stream_weig_5_i                  |   in|    8|     ap_ovld|           void_compute_output_buffer_2d_array_const_ap_shift_reg_n_chan_stream_weig_5|       pointer|
|void_compute_output_buffer_2d_array_const_ap_shift_reg_n_chan_stream_weig_5_o                  |  out|    8|     ap_ovld|           void_compute_output_buffer_2d_array_const_ap_shift_reg_n_chan_stream_weig_5|       pointer|
|void_compute_output_buffer_2d_array_const_ap_shift_reg_n_chan_stream_weig_5_o_ap_vld           |  out|    1|     ap_ovld|           void_compute_output_buffer_2d_array_const_ap_shift_reg_n_chan_stream_weig_5|       pointer|
|void_compute_output_buffer_2d_array_const_ap_shift_reg_n_chan_stream_weig_i                    |   in|    8|     ap_ovld|             void_compute_output_buffer_2d_array_const_ap_shift_reg_n_chan_stream_weig|       pointer|
|void_compute_output_buffer_2d_array_const_ap_shift_reg_n_chan_stream_weig_o                    |  out|    8|     ap_ovld|             void_compute_output_buffer_2d_array_const_ap_shift_reg_n_chan_stream_weig|       pointer|
|void_compute_output_buffer_2d_array_const_ap_shift_reg_n_chan_stream_weig_o_ap_vld             |  out|    1|     ap_ovld|             void_compute_output_buffer_2d_array_const_ap_shift_reg_n_chan_stream_weig|       pointer|
|p_ZZN4nnet24compute_output_buffer_2dINS_5arrayI7ap_uintILi8EELj1EEENS1_I8ap_fixed_10_i         |   in|    8|     ap_ovld|  p_ZZN4nnet24compute_output_buffer_2dINS_5arrayI7ap_uintILi8EELj1EEENS1_I8ap_fixed_10|       pointer|
|p_ZZN4nnet24compute_output_buffer_2dINS_5arrayI7ap_uintILi8EELj1EEENS1_I8ap_fixed_10_o         |  out|    8|     ap_ovld|  p_ZZN4nnet24compute_output_buffer_2dINS_5arrayI7ap_uintILi8EELj1EEENS1_I8ap_fixed_10|       pointer|
|p_ZZN4nnet24compute_output_buffer_2dINS_5arrayI7ap_uintILi8EELj1EEENS1_I8ap_fixed_10_o_ap_vld  |  out|    1|     ap_ovld|  p_ZZN4nnet24compute_output_buffer_2dINS_5arrayI7ap_uintILi8EELj1EEENS1_I8ap_fixed_10|       pointer|
|p_ZZN4nnet24compute_output_buffer_2dINS_5arrayI7ap_uintILi8EELj1EEENS1_I8ap_fixed_5_i          |   in|    8|     ap_ovld|   p_ZZN4nnet24compute_output_buffer_2dINS_5arrayI7ap_uintILi8EELj1EEENS1_I8ap_fixed_5|       pointer|
|p_ZZN4nnet24compute_output_buffer_2dINS_5arrayI7ap_uintILi8EELj1EEENS1_I8ap_fixed_5_o          |  out|    8|     ap_ovld|   p_ZZN4nnet24compute_output_buffer_2dINS_5arrayI7ap_uintILi8EELj1EEENS1_I8ap_fixed_5|       pointer|
|p_ZZN4nnet24compute_output_buffer_2dINS_5arrayI7ap_uintILi8EELj1EEENS1_I8ap_fixed_5_o_ap_vld   |  out|    1|     ap_ovld|   p_ZZN4nnet24compute_output_buffer_2dINS_5arrayI7ap_uintILi8EELj1EEENS1_I8ap_fixed_5|       pointer|
|p_ZZN4nnet24compute_output_buffer_2dINS_5arrayI7ap_uintILi8EELj1EEENS1_I8ap_fixed_i            |   in|    8|     ap_ovld|     p_ZZN4nnet24compute_output_buffer_2dINS_5arrayI7ap_uintILi8EELj1EEENS1_I8ap_fixed|       pointer|
|p_ZZN4nnet24compute_output_buffer_2dINS_5arrayI7ap_uintILi8EELj1EEENS1_I8ap_fixed_o            |  out|    8|     ap_ovld|     p_ZZN4nnet24compute_output_buffer_2dINS_5arrayI7ap_uintILi8EELj1EEENS1_I8ap_fixed|       pointer|
|p_ZZN4nnet24compute_output_buffer_2dINS_5arrayI7ap_uintILi8EELj1EEENS1_I8ap_fixed_o_ap_vld     |  out|    1|     ap_ovld|     p_ZZN4nnet24compute_output_buffer_2dINS_5arrayI7ap_uintILi8EELj1EEENS1_I8ap_fixed|       pointer|
+-----------------------------------------------------------------------------------------------+-----+-----+------------+--------------------------------------------------------------------------------------+--------------+

