
*** Running vivado
    with args -log base.vds -m64 -product Vivado -mode batch -messageDb vivado.pb -notrace -source base.tcl


ECHO is off.
ECHO is off.

****** Vivado v2023.1 (64-bit)
  **** SW Build 3865809 on Sun May  7 15:05:29 MDT 2023
  **** IP Build 3864474 on Sun May  7 20:36:21 MDT 2023
  **** SharedData Build 3865790 on Sun May 07 13:33:03 MDT 2023
    ** Copyright 1986-2022 Xilinx, Inc. All Rights Reserved.
    ** Copyright 2022-2023 Advanced Micro Devices, Inc. All Rights Reserved.

source base.tcl -notrace
create_project: Time (s): cpu = 00:00:07 ; elapsed = 00:00:07 . Memory (MB): peak = 472.430 ; gain = 162.801
INFO: [IP_Flow 19-234] Refreshing IP repositories
INFO: [IP_Flow 19-1704] No user IP repositories specified
INFO: [IP_Flow 19-2313] Loaded Vivado IP repository 'C:/Xilinx/Vivado/2023.1/data/ip'.
Command: read_checkpoint -auto_incremental -incremental D:/GitHub/753-FPGA/spi-controller-cmod-a7/spi-controller-cmod-a7.srcs/utils_1/imports/synth_1/base.dcp
INFO: [Vivado 12-5825] Read reference checkpoint from D:/GitHub/753-FPGA/spi-controller-cmod-a7/spi-controller-cmod-a7.srcs/utils_1/imports/synth_1/base.dcp for incremental synthesis
INFO: [Vivado 12-7989] Please ensure there are no constraint changes
Command: synth_design -top base -part xc7a35tcpg236-1
Starting synth_design
Attempting to get a license for feature 'Synthesis' and/or device 'xc7a35t'
INFO: [Common 17-349] Got license for feature 'Synthesis' and/or device 'xc7a35t'
INFO: [Device 21-403] Loading part xc7a35tcpg236-1
INFO: [Designutils 20-5440] No compile time benefit to using incremental synthesis; A full resynthesis will be run
INFO: [Designutils 20-4379] Flow is switching to default flow due to incremental criteria not met. If you would like to alter this behaviour and have the flow terminate instead, please set the following parameter config_implementation {autoIncr.Synth.RejectBehavior Terminate}
INFO: [Synth 8-7079] Multithreading enabled for synth_design using a maximum of 2 processes.
INFO: [Synth 8-7078] Launching helper process for spawning children vivado processes
INFO: [Synth 8-7075] Helper process launched with PID 17640
---------------------------------------------------------------------------------
Starting RTL Elaboration : Time (s): cpu = 00:00:04 ; elapsed = 00:00:05 . Memory (MB): peak = 1339.730 ; gain = 411.754
---------------------------------------------------------------------------------
INFO: [Synth 8-6157] synthesizing module 'base' [D:/GitHub/753-FPGA/spi-controller-cmod-a7/spi-controller-cmod-a7.srcs/sources_1/new/base.v:23]
INFO: [Synth 8-6157] synthesizing module 'design_1_wrapper' [D:/GitHub/753-FPGA/spi-controller-cmod-a7/spi-controller-cmod-a7.gen/sources_1/bd/design_1/hdl/design_1_wrapper.v:13]
INFO: [Synth 8-6157] synthesizing module 'design_1' [d:/GitHub/753-FPGA/spi-controller-cmod-a7/spi-controller-cmod-a7.gen/sources_1/bd/design_1/synth/design_1.v:13]
INFO: [Synth 8-6157] synthesizing module 'design_1_clk_wiz_0_0' [D:/GitHub/753-FPGA/spi-controller-cmod-a7/spi-controller-cmod-a7.runs/synth_1/.Xil/Vivado-2552-LAPTOP-3I9GNI1F/realtime/design_1_clk_wiz_0_0_stub.v:6]
INFO: [Synth 8-6155] done synthesizing module 'design_1_clk_wiz_0_0' (0#1) [D:/GitHub/753-FPGA/spi-controller-cmod-a7/spi-controller-cmod-a7.runs/synth_1/.Xil/Vivado-2552-LAPTOP-3I9GNI1F/realtime/design_1_clk_wiz_0_0_stub.v:6]
WARNING: [Synth 8-7071] port 'locked' of module 'design_1_clk_wiz_0_0' is unconnected for instance 'clk_wiz_0' [d:/GitHub/753-FPGA/spi-controller-cmod-a7/spi-controller-cmod-a7.gen/sources_1/bd/design_1/synth/design_1.v:45]
WARNING: [Synth 8-7023] instance 'clk_wiz_0' of module 'design_1_clk_wiz_0_0' has 4 connections declared, but only 3 given [d:/GitHub/753-FPGA/spi-controller-cmod-a7/spi-controller-cmod-a7.gen/sources_1/bd/design_1/synth/design_1.v:45]
WARNING: [Synth 8-4446] all outputs are unconnected for this instance and logic may be removed [d:/GitHub/753-FPGA/spi-controller-cmod-a7/spi-controller-cmod-a7.gen/sources_1/bd/design_1/synth/design_1.v:49]
INFO: [Synth 8-6157] synthesizing module 'design_1_ila_0_0' [D:/GitHub/753-FPGA/spi-controller-cmod-a7/spi-controller-cmod-a7.runs/synth_1/.Xil/Vivado-2552-LAPTOP-3I9GNI1F/realtime/design_1_ila_0_0_stub.v:6]
INFO: [Synth 8-6155] done synthesizing module 'design_1_ila_0_0' (0#1) [D:/GitHub/753-FPGA/spi-controller-cmod-a7/spi-controller-cmod-a7.runs/synth_1/.Xil/Vivado-2552-LAPTOP-3I9GNI1F/realtime/design_1_ila_0_0_stub.v:6]
INFO: [Synth 8-6155] done synthesizing module 'design_1' (0#1) [d:/GitHub/753-FPGA/spi-controller-cmod-a7/spi-controller-cmod-a7.gen/sources_1/bd/design_1/synth/design_1.v:13]
INFO: [Synth 8-6155] done synthesizing module 'design_1_wrapper' (0#1) [D:/GitHub/753-FPGA/spi-controller-cmod-a7/spi-controller-cmod-a7.gen/sources_1/bd/design_1/hdl/design_1_wrapper.v:13]
WARNING: [Synth 8-4446] all outputs are unconnected for this instance and logic may be removed [D:/GitHub/753-FPGA/spi-controller-cmod-a7/spi-controller-cmod-a7.srcs/sources_1/new/base.v:69]
INFO: [Synth 8-6157] synthesizing module 'design_2_wrapper' [D:/GitHub/753-FPGA/spi-controller-cmod-a7/spi-controller-cmod-a7.gen/sources_1/bd/design_2/hdl/design_2_wrapper.v:13]
WARNING: [Synth 8-4446] all outputs are unconnected for this instance and logic may be removed [D:/GitHub/753-FPGA/spi-controller-cmod-a7/spi-controller-cmod-a7.gen/sources_1/bd/design_2/hdl/design_2_wrapper.v:46]
INFO: [Synth 8-6157] synthesizing module 'design_2' [d:/GitHub/753-FPGA/spi-controller-cmod-a7/spi-controller-cmod-a7.gen/sources_1/bd/design_2/synth/design_2.v:13]
WARNING: [Synth 8-4446] all outputs are unconnected for this instance and logic may be removed [d:/GitHub/753-FPGA/spi-controller-cmod-a7/spi-controller-cmod-a7.gen/sources_1/bd/design_2/synth/design_2.v:57]
INFO: [Synth 8-6157] synthesizing module 'design_2_ila_0_0' [D:/GitHub/753-FPGA/spi-controller-cmod-a7/spi-controller-cmod-a7.runs/synth_1/.Xil/Vivado-2552-LAPTOP-3I9GNI1F/realtime/design_2_ila_0_0_stub.v:6]
INFO: [Synth 8-6155] done synthesizing module 'design_2_ila_0_0' (0#1) [D:/GitHub/753-FPGA/spi-controller-cmod-a7/spi-controller-cmod-a7.runs/synth_1/.Xil/Vivado-2552-LAPTOP-3I9GNI1F/realtime/design_2_ila_0_0_stub.v:6]
INFO: [Synth 8-6155] done synthesizing module 'design_2' (0#1) [d:/GitHub/753-FPGA/spi-controller-cmod-a7/spi-controller-cmod-a7.gen/sources_1/bd/design_2/synth/design_2.v:13]
INFO: [Synth 8-6155] done synthesizing module 'design_2_wrapper' (0#1) [D:/GitHub/753-FPGA/spi-controller-cmod-a7/spi-controller-cmod-a7.gen/sources_1/bd/design_2/hdl/design_2_wrapper.v:13]
WARNING: [Synth 8-4446] all outputs are unconnected for this instance and logic may be removed [D:/GitHub/753-FPGA/spi-controller-cmod-a7/spi-controller-cmod-a7.srcs/sources_1/new/base.v:82]
INFO: [Synth 8-6157] synthesizing module 'design_3_wrapper' [D:/GitHub/753-FPGA/spi-controller-cmod-a7/spi-controller-cmod-a7.gen/sources_1/bd/design_3/hdl/design_3_wrapper.v:13]
WARNING: [Synth 8-4446] all outputs are unconnected for this instance and logic may be removed [D:/GitHub/753-FPGA/spi-controller-cmod-a7/spi-controller-cmod-a7.gen/sources_1/bd/design_3/hdl/design_3_wrapper.v:22]
INFO: [Synth 8-6157] synthesizing module 'design_3' [d:/GitHub/753-FPGA/spi-controller-cmod-a7/spi-controller-cmod-a7.gen/sources_1/bd/design_3/synth/design_3.v:13]
WARNING: [Synth 8-4446] all outputs are unconnected for this instance and logic may be removed [d:/GitHub/753-FPGA/spi-controller-cmod-a7/spi-controller-cmod-a7.gen/sources_1/bd/design_3/synth/design_3.v:25]
INFO: [Synth 8-6157] synthesizing module 'design_3_ila_0_0' [D:/GitHub/753-FPGA/spi-controller-cmod-a7/spi-controller-cmod-a7.runs/synth_1/.Xil/Vivado-2552-LAPTOP-3I9GNI1F/realtime/design_3_ila_0_0_stub.v:6]
INFO: [Synth 8-6155] done synthesizing module 'design_3_ila_0_0' (0#1) [D:/GitHub/753-FPGA/spi-controller-cmod-a7/spi-controller-cmod-a7.runs/synth_1/.Xil/Vivado-2552-LAPTOP-3I9GNI1F/realtime/design_3_ila_0_0_stub.v:6]
INFO: [Synth 8-6155] done synthesizing module 'design_3' (0#1) [d:/GitHub/753-FPGA/spi-controller-cmod-a7/spi-controller-cmod-a7.gen/sources_1/bd/design_3/synth/design_3.v:13]
INFO: [Synth 8-6155] done synthesizing module 'design_3_wrapper' (0#1) [D:/GitHub/753-FPGA/spi-controller-cmod-a7/spi-controller-cmod-a7.gen/sources_1/bd/design_3/hdl/design_3_wrapper.v:13]
INFO: [Synth 8-6157] synthesizing module 'spi_camera_axis_wrapper' [D:/GitHub/753-FPGA/spi-controller-cmod-a7/spi-controller-cmod-a7.srcs/sources_1/new/spi_camera_axis_wrapper.v:23]
INFO: [Synth 8-6157] synthesizing module 'yuv422_2_gray8' [D:/GitHub/753-FPGA/spi-controller-cmod-a7/spi-controller-cmod-a7.srcs/sources_1/new/yuv422_2_gray8.v:23]
INFO: [Synth 8-6155] done synthesizing module 'yuv422_2_gray8' (0#1) [D:/GitHub/753-FPGA/spi-controller-cmod-a7/spi-controller-cmod-a7.srcs/sources_1/new/yuv422_2_gray8.v:23]
INFO: [Synth 8-6157] synthesizing module 'spi_camera_controller' [D:/GitHub/753-FPGA/spi-controller-cmod-a7/spi-controller-cmod-a7.srcs/sources_1/imports/SPI-Controller/spi_camera_controller.v:8]
INFO: [Synth 8-155] case statement is not full and has no default [D:/GitHub/753-FPGA/spi-controller-cmod-a7/spi-controller-cmod-a7.srcs/sources_1/imports/SPI-Controller/spi_camera_controller.v:218]
INFO: [Synth 8-638] synthesizing module 'SPI_MASTER' [D:/GitHub/753-FPGA/spi-controller-cmod-a7/spi-controller-cmod-a7.srcs/sources_1/new/spi_master.vhd:43]
	Parameter CLK_FREQ bound to: 100000000 - type: integer 
	Parameter SCLK_FREQ bound to: 5000000 - type: integer 
	Parameter WORD_SIZE bound to: 8 - type: integer 
	Parameter SLAVE_COUNT bound to: 1 - type: integer 
WARNING: [Synth 8-506] null port 'DIN_ADDR' ignored [D:/GitHub/753-FPGA/spi-controller-cmod-a7/spi-controller-cmod-a7.srcs/sources_1/new/spi_master.vhd:33]
WARNING: [Synth 8-6774] Null subtype or type declaration found [D:/GitHub/753-FPGA/spi-controller-cmod-a7/spi-controller-cmod-a7.srcs/sources_1/new/spi_master.vhd:52]
WARNING: [Synth 8-3919] null assignment ignored
INFO: [Synth 8-256] done synthesizing module 'SPI_MASTER' (0#1) [D:/GitHub/753-FPGA/spi-controller-cmod-a7/spi-controller-cmod-a7.srcs/sources_1/new/spi_master.vhd:43]
INFO: [Synth 8-6155] done synthesizing module 'spi_camera_controller' (0#1) [D:/GitHub/753-FPGA/spi-controller-cmod-a7/spi-controller-cmod-a7.srcs/sources_1/imports/SPI-Controller/spi_camera_controller.v:8]
INFO: [Synth 8-6157] synthesizing module 'spi_camera_stream_bridge' [D:/GitHub/753-FPGA/spi-controller-cmod-a7/spi-controller-cmod-a7.srcs/sources_1/new/spi_camera_stream_bridge.v:1]
INFO: [Synth 8-6155] done synthesizing module 'spi_camera_stream_bridge' (0#1) [D:/GitHub/753-FPGA/spi-controller-cmod-a7/spi-controller-cmod-a7.srcs/sources_1/new/spi_camera_stream_bridge.v:1]
INFO: [Synth 8-6155] done synthesizing module 'spi_camera_axis_wrapper' (0#1) [D:/GitHub/753-FPGA/spi-controller-cmod-a7/spi-controller-cmod-a7.srcs/sources_1/new/spi_camera_axis_wrapper.v:23]
INFO: [Synth 8-6157] synthesizing module 'debounce_pulse' [D:/GitHub/753-FPGA/spi-controller-cmod-a7/spi-controller-cmod-a7.srcs/sources_1/new/debounce_pulse.v:1]
INFO: [Synth 8-6155] done synthesizing module 'debounce_pulse' (0#1) [D:/GitHub/753-FPGA/spi-controller-cmod-a7/spi-controller-cmod-a7.srcs/sources_1/new/debounce_pulse.v:1]
INFO: [Synth 8-6155] done synthesizing module 'base' (0#1) [D:/GitHub/753-FPGA/spi-controller-cmod-a7/spi-controller-cmod-a7.srcs/sources_1/new/base.v:23]
INFO: [Synth 8-6071] Mark debug on the nets applies keep_hierarchy on instance 'ila_0'. This will prevent further optimization [d:/GitHub/753-FPGA/spi-controller-cmod-a7/spi-controller-cmod-a7.gen/sources_1/bd/design_1/synth/design_1.v:49]
INFO: [Synth 8-6071] Mark debug on the nets applies keep_hierarchy on instance 'ila_0'. This will prevent further optimization [d:/GitHub/753-FPGA/spi-controller-cmod-a7/spi-controller-cmod-a7.gen/sources_1/bd/design_2/synth/design_2.v:57]
INFO: [Synth 8-6071] Mark debug on the nets applies keep_hierarchy on instance 'ila_0'. This will prevent further optimization [d:/GitHub/753-FPGA/spi-controller-cmod-a7/spi-controller-cmod-a7.gen/sources_1/bd/design_3/synth/design_3.v:25]
WARNING: [Synth 8-6014] Unused sequential element row_reg was removed.  [D:/GitHub/753-FPGA/spi-controller-cmod-a7/spi-controller-cmod-a7.srcs/sources_1/imports/SPI-Controller/spi_camera_controller.v:205]
WARNING: [Synth 8-6014] Unused sequential element col_reg was removed.  [D:/GitHub/753-FPGA/spi-controller-cmod-a7/spi-controller-cmod-a7.srcs/sources_1/imports/SPI-Controller/spi_camera_controller.v:206]
---------------------------------------------------------------------------------
Finished RTL Elaboration : Time (s): cpu = 00:00:06 ; elapsed = 00:00:07 . Memory (MB): peak = 1446.125 ; gain = 518.148
---------------------------------------------------------------------------------
---------------------------------------------------------------------------------
Start Handling Custom Attributes
---------------------------------------------------------------------------------
---------------------------------------------------------------------------------
Finished Handling Custom Attributes : Time (s): cpu = 00:00:06 ; elapsed = 00:00:07 . Memory (MB): peak = 1446.125 ; gain = 518.148
---------------------------------------------------------------------------------
---------------------------------------------------------------------------------
Finished RTL Optimization Phase 1 : Time (s): cpu = 00:00:06 ; elapsed = 00:00:07 . Memory (MB): peak = 1446.125 ; gain = 518.148
---------------------------------------------------------------------------------
Netlist sorting complete. Time (s): cpu = 00:00:00 ; elapsed = 00:00:00.024 . Memory (MB): peak = 1446.125 ; gain = 0.000
INFO: [Project 1-570] Preparing netlist for logic optimization

Processing XDC Constraints
Initializing timing engine
Parsing XDC File [d:/GitHub/753-FPGA/spi-controller-cmod-a7/spi-controller-cmod-a7.gen/sources_1/bd/design_3/ip/design_3_ila_0_0/design_3_ila_0_0/design_3_ila_0_0_in_context.xdc] for cell 'design_3/design_3_i/ila_0'
Finished Parsing XDC File [d:/GitHub/753-FPGA/spi-controller-cmod-a7/spi-controller-cmod-a7.gen/sources_1/bd/design_3/ip/design_3_ila_0_0/design_3_ila_0_0/design_3_ila_0_0_in_context.xdc] for cell 'design_3/design_3_i/ila_0'
Parsing XDC File [d:/GitHub/753-FPGA/spi-controller-cmod-a7/spi-controller-cmod-a7.gen/sources_1/bd/design_2/ip/design_2_ila_0_0/design_2_ila_0_0/design_2_ila_0_0_in_context.xdc] for cell 'design_2/design_2_i/ila_0'
Finished Parsing XDC File [d:/GitHub/753-FPGA/spi-controller-cmod-a7/spi-controller-cmod-a7.gen/sources_1/bd/design_2/ip/design_2_ila_0_0/design_2_ila_0_0/design_2_ila_0_0_in_context.xdc] for cell 'design_2/design_2_i/ila_0'
Parsing XDC File [d:/GitHub/753-FPGA/spi-controller-cmod-a7/spi-controller-cmod-a7.gen/sources_1/bd/design_1/ip/design_1_clk_wiz_0_0/design_1_clk_wiz_0_0/design_1_clk_wiz_0_0_in_context.xdc] for cell 'design_1/design_1_i/clk_wiz_0'
Finished Parsing XDC File [d:/GitHub/753-FPGA/spi-controller-cmod-a7/spi-controller-cmod-a7.gen/sources_1/bd/design_1/ip/design_1_clk_wiz_0_0/design_1_clk_wiz_0_0/design_1_clk_wiz_0_0_in_context.xdc] for cell 'design_1/design_1_i/clk_wiz_0'
Parsing XDC File [d:/GitHub/753-FPGA/spi-controller-cmod-a7/spi-controller-cmod-a7.gen/sources_1/bd/design_1/ip/design_1_ila_0_0/design_1_ila_0_0/design_1_ila_0_0_in_context.xdc] for cell 'design_1/design_1_i/ila_0'
Finished Parsing XDC File [d:/GitHub/753-FPGA/spi-controller-cmod-a7/spi-controller-cmod-a7.gen/sources_1/bd/design_1/ip/design_1_ila_0_0/design_1_ila_0_0/design_1_ila_0_0_in_context.xdc] for cell 'design_1/design_1_i/ila_0'
Parsing XDC File [D:/GitHub/753-FPGA/spi-controller-cmod-a7/spi-controller-cmod-a7.srcs/constrs_1/new/master.xdc]
Finished Parsing XDC File [D:/GitHub/753-FPGA/spi-controller-cmod-a7/spi-controller-cmod-a7.srcs/constrs_1/new/master.xdc]
INFO: [Project 1-236] Implementation specific constraints were found while reading constraint file [D:/GitHub/753-FPGA/spi-controller-cmod-a7/spi-controller-cmod-a7.srcs/constrs_1/new/master.xdc]. These constraints will be ignored for synthesis but will be used in implementation. Impacted constraints are listed in the file [.Xil/base_propImpl.xdc].
Resolution: To avoid this warning, move constraints listed in [.Xil/base_propImpl.xdc] to another XDC file and exclude this new file from synthesis with the used_in_synthesis property (File Properties dialog in GUI) and re-run elaboration/synthesis.
Parsing XDC File [D:/GitHub/753-FPGA/spi-controller-cmod-a7/spi-controller-cmod-a7.runs/synth_1/dont_touch.xdc]
Finished Parsing XDC File [D:/GitHub/753-FPGA/spi-controller-cmod-a7/spi-controller-cmod-a7.runs/synth_1/dont_touch.xdc]
Completed Processing XDC Constraints

Netlist sorting complete. Time (s): cpu = 00:00:00 ; elapsed = 00:00:00.001 . Memory (MB): peak = 1540.410 ; gain = 0.000
INFO: [Project 1-111] Unisim Transformation Summary:
No Unisim elements were transformed.

Constraint Validation Runtime : Time (s): cpu = 00:00:00 ; elapsed = 00:00:00.007 . Memory (MB): peak = 1540.410 ; gain = 0.000
INFO: [Designutils 20-5440] No compile time benefit to using incremental synthesis; A full resynthesis will be run
INFO: [Designutils 20-4379] Flow is switching to default flow due to incremental criteria not met. If you would like to alter this behaviour and have the flow terminate instead, please set the following parameter config_implementation {autoIncr.Synth.RejectBehavior Terminate}
---------------------------------------------------------------------------------
Finished Constraint Validation : Time (s): cpu = 00:00:13 ; elapsed = 00:00:14 . Memory (MB): peak = 1540.410 ; gain = 612.434
---------------------------------------------------------------------------------
---------------------------------------------------------------------------------
Start Loading Part and Timing Information
---------------------------------------------------------------------------------
Loading part: xc7a35tcpg236-1
---------------------------------------------------------------------------------
Finished Loading Part and Timing Information : Time (s): cpu = 00:00:13 ; elapsed = 00:00:14 . Memory (MB): peak = 1540.410 ; gain = 612.434
---------------------------------------------------------------------------------
---------------------------------------------------------------------------------
Start Applying 'set_property' XDC Constraints
---------------------------------------------------------------------------------
Applied set_property IO_BUFFER_TYPE = NONE for sysclk. (constraint file  d:/GitHub/753-FPGA/spi-controller-cmod-a7/spi-controller-cmod-a7.gen/sources_1/bd/design_1/ip/design_1_clk_wiz_0_0/design_1_clk_wiz_0_0/design_1_clk_wiz_0_0_in_context.xdc, line 3).
Applied set_property CLOCK_BUFFER_TYPE = NONE for sysclk. (constraint file  d:/GitHub/753-FPGA/spi-controller-cmod-a7/spi-controller-cmod-a7.gen/sources_1/bd/design_1/ip/design_1_clk_wiz_0_0/design_1_clk_wiz_0_0/design_1_clk_wiz_0_0_in_context.xdc, line 4).
Applied set_property KEEP_HIERARCHY = SOFT for design_3/design_3_i. (constraint file  auto generated constraint).
Applied set_property KEEP_HIERARCHY = SOFT for design_3/design_3_i/ila_0. (constraint file  auto generated constraint).
Applied set_property KEEP_HIERARCHY = SOFT for design_2/design_2_i. (constraint file  auto generated constraint).
Applied set_property KEEP_HIERARCHY = SOFT for design_2/design_2_i/ila_0. (constraint file  auto generated constraint).
Applied set_property KEEP_HIERARCHY = SOFT for design_1/design_1_i. (constraint file  auto generated constraint).
Applied set_property KEEP_HIERARCHY = SOFT for design_1/design_1_i/clk_wiz_0. (constraint file  auto generated constraint).
Applied set_property KEEP_HIERARCHY = SOFT for design_1/design_1_i/ila_0. (constraint file  auto generated constraint).
---------------------------------------------------------------------------------
Finished applying 'set_property' XDC Constraints : Time (s): cpu = 00:00:13 ; elapsed = 00:00:14 . Memory (MB): peak = 1540.410 ; gain = 612.434
---------------------------------------------------------------------------------
INFO: [Synth 8-802] inferred FSM for state register 'present_state_reg' in module 'SPI_MASTER'
---------------------------------------------------------------------------------------------------
                   State |                     New Encoding |                Previous Encoding 
---------------------------------------------------------------------------------------------------
                    idle |                            00001 |                              000
              first_edge |                            00010 |                              001
             second_edge |                            00100 |                              010
            transmit_end |                            01000 |                              011
            transmit_gap |                            10000 |                              100
---------------------------------------------------------------------------------------------------
INFO: [Synth 8-3354] encoded FSM with state register 'present_state_reg' using encoding 'one-hot' in module 'SPI_MASTER'
---------------------------------------------------------------------------------
Finished RTL Optimization Phase 2 : Time (s): cpu = 00:00:14 ; elapsed = 00:00:16 . Memory (MB): peak = 1540.410 ; gain = 612.434
---------------------------------------------------------------------------------
---------------------------------------------------------------------------------
Start RTL Component Statistics 
---------------------------------------------------------------------------------
Detailed RTL Component Info : 
+---Adders : 
	   2 Input   32 Bit       Adders := 6     
	   2 Input   13 Bit       Adders := 2     
	   2 Input    4 Bit       Adders := 1     
	   2 Input    3 Bit       Adders := 1     
+---Registers : 
	               32 Bit    Registers := 10    
	               16 Bit    Registers := 2     
	                8 Bit    Registers := 10    
	                4 Bit    Registers := 1     
	                3 Bit    Registers := 1     
	                1 Bit    Registers := 29    
+---RAMs : 
	              72K Bit	(9216 X 8 bit)          RAMs := 1     
+---Muxes : 
	  58 Input   32 Bit        Muxes := 3     
	   2 Input   32 Bit        Muxes := 3     
	   2 Input   13 Bit        Muxes := 4     
	   2 Input    8 Bit        Muxes := 1     
	  58 Input    8 Bit        Muxes := 3     
	   2 Input    7 Bit        Muxes := 2     
	   5 Input    5 Bit        Muxes := 1     
	   2 Input    5 Bit        Muxes := 6     
	   2 Input    1 Bit        Muxes := 33    
	   3 Input    1 Bit        Muxes := 1     
	   5 Input    1 Bit        Muxes := 5     
	  58 Input    1 Bit        Muxes := 25    
---------------------------------------------------------------------------------
Finished RTL Component Statistics 
---------------------------------------------------------------------------------
---------------------------------------------------------------------------------
Start Part Resource Summary
---------------------------------------------------------------------------------
Part Resources:
DSPs: 90 (col length:60)
BRAMs: 100 (col length: RAMB18 60 RAMB36 30)
---------------------------------------------------------------------------------
Finished Part Resource Summary
---------------------------------------------------------------------------------
---------------------------------------------------------------------------------
Start Cross Boundary and Area Optimization
---------------------------------------------------------------------------------
WARNING: [Synth 8-7080] Parallel synthesis criteria is not met
WARNING: [Synth 8-3936] Found unconnected internal register 'spi_camera/controller/rx_addr_buf_reg' and it is trimmed from '8' to '7' bits. [D:/GitHub/753-FPGA/spi-controller-cmod-a7/spi-controller-cmod-a7.srcs/sources_1/imports/SPI-Controller/spi_camera_controller.v:281]
---------------------------------------------------------------------------------
Finished Cross Boundary and Area Optimization : Time (s): cpu = 00:00:19 ; elapsed = 00:00:20 . Memory (MB): peak = 1540.410 ; gain = 612.434
---------------------------------------------------------------------------------
---------------------------------------------------------------------------------
Start ROM, RAM, DSP, Shift Register and Retiming Reporting
---------------------------------------------------------------------------------

ROM: Preliminary Mapping Report
+------------+------------------------------------+---------------+----------------+
|Module Name | RTL Object                         | Depth x Width | Implemented As | 
+------------+------------------------------------+---------------+----------------+
|base        | spi_camera/controller/return_state | 128x1         | LUT            | 
+------------+------------------------------------+---------------+----------------+


Block RAM: Preliminary Mapping Report (see note below)
+------------+---------------------------------+------------------------+---+---+------------------------+---+---+------------------+--------+--------+
|Module Name | RTL Object                      | PORT A (Depth x Width) | W | R | PORT B (Depth x Width) | W | R | Ports driving FF | RAMB18 | RAMB36 | 
+------------+---------------------------------+------------------------+---+---+------------------------+---+---+------------------+--------+--------+
|base        | spi_camera/bridge/fifo_data_reg | 9 K x 8(READ_FIRST)    | W |   | 9 K x 8(WRITE_FIRST)   |   | R | Port A and B     | 0      | 4      | 
+------------+---------------------------------+------------------------+---+---+------------------------+---+---+------------------+--------+--------+

Note: The table above is a preliminary report that shows the Block RAMs at the current stage of the synthesis flow. Some Block RAMs may be reimplemented as non Block RAM primitives later in the synthesis flow. Multiple instantiated Block RAMs are reported only once. 
---------------------------------------------------------------------------------
Finished ROM, RAM, DSP, Shift Register and Retiming Reporting
---------------------------------------------------------------------------------
---------------------------------------------------------------------------------
Start Applying XDC Timing Constraints
---------------------------------------------------------------------------------
---------------------------------------------------------------------------------
Finished Applying XDC Timing Constraints : Time (s): cpu = 00:00:24 ; elapsed = 00:00:25 . Memory (MB): peak = 1540.410 ; gain = 612.434
---------------------------------------------------------------------------------
---------------------------------------------------------------------------------
Start Timing Optimization
---------------------------------------------------------------------------------
---------------------------------------------------------------------------------
Finished Timing Optimization : Time (s): cpu = 00:00:26 ; elapsed = 00:00:27 . Memory (MB): peak = 1540.410 ; gain = 612.434
---------------------------------------------------------------------------------
---------------------------------------------------------------------------------
Start ROM, RAM, DSP, Shift Register and Retiming Reporting
---------------------------------------------------------------------------------

Block RAM: Final Mapping Report
+------------+---------------------------------+------------------------+---+---+------------------------+---+---+------------------+--------+--------+
|Module Name | RTL Object                      | PORT A (Depth x Width) | W | R | PORT B (Depth x Width) | W | R | Ports driving FF | RAMB18 | RAMB36 | 
+------------+---------------------------------+------------------------+---+---+------------------------+---+---+------------------+--------+--------+
|base        | spi_camera/bridge/fifo_data_reg | 9 K x 8(READ_FIRST)    | W |   | 9 K x 8(WRITE_FIRST)   |   | R | Port A and B     | 0      | 4      | 
+------------+---------------------------------+------------------------+---+---+------------------------+---+---+------------------+--------+--------+

---------------------------------------------------------------------------------
Finished ROM, RAM, DSP, Shift Register and Retiming Reporting
---------------------------------------------------------------------------------
---------------------------------------------------------------------------------
Start Technology Mapping
---------------------------------------------------------------------------------
INFO: [Synth 8-7052] The timing for the instance spi_camera/bridge/fifo_data_reg_0 (implemented as a Block RAM) might be sub-optimal as no optional output register could be merged into the ram block. Providing additional output register may help in improving timing.
INFO: [Synth 8-7052] The timing for the instance spi_camera/bridge/fifo_data_reg_1 (implemented as a Block RAM) might be sub-optimal as no optional output register could be merged into the ram block. Providing additional output register may help in improving timing.
INFO: [Synth 8-7052] The timing for the instance spi_camera/bridge/fifo_data_reg_2 (implemented as a Block RAM) might be sub-optimal as no optional output register could be merged into the ram block. Providing additional output register may help in improving timing.
INFO: [Synth 8-7052] The timing for the instance spi_camera/bridge/fifo_data_reg_3 (implemented as a Block RAM) might be sub-optimal as no optional output register could be merged into the ram block. Providing additional output register may help in improving timing.
---------------------------------------------------------------------------------
Finished Technology Mapping : Time (s): cpu = 00:00:26 ; elapsed = 00:00:27 . Memory (MB): peak = 1540.410 ; gain = 612.434
---------------------------------------------------------------------------------
---------------------------------------------------------------------------------
Start IO Insertion
---------------------------------------------------------------------------------
---------------------------------------------------------------------------------
Start Flattening Before IO Insertion
---------------------------------------------------------------------------------
---------------------------------------------------------------------------------
Finished Flattening Before IO Insertion
---------------------------------------------------------------------------------
---------------------------------------------------------------------------------
Start Final Netlist Cleanup
---------------------------------------------------------------------------------
---------------------------------------------------------------------------------
Finished Final Netlist Cleanup
---------------------------------------------------------------------------------
---------------------------------------------------------------------------------
Finished IO Insertion : Time (s): cpu = 00:00:30 ; elapsed = 00:00:31 . Memory (MB): peak = 1540.410 ; gain = 612.434
---------------------------------------------------------------------------------
---------------------------------------------------------------------------------
Start Renaming Generated Instances
---------------------------------------------------------------------------------
---------------------------------------------------------------------------------
Finished Renaming Generated Instances : Time (s): cpu = 00:00:30 ; elapsed = 00:00:31 . Memory (MB): peak = 1540.410 ; gain = 612.434
---------------------------------------------------------------------------------
---------------------------------------------------------------------------------
Start Rebuilding User Hierarchy
---------------------------------------------------------------------------------
---------------------------------------------------------------------------------
Finished Rebuilding User Hierarchy : Time (s): cpu = 00:00:30 ; elapsed = 00:00:31 . Memory (MB): peak = 1540.410 ; gain = 612.434
---------------------------------------------------------------------------------
---------------------------------------------------------------------------------
Start Renaming Generated Ports
---------------------------------------------------------------------------------
---------------------------------------------------------------------------------
Finished Renaming Generated Ports : Time (s): cpu = 00:00:30 ; elapsed = 00:00:31 . Memory (MB): peak = 1540.410 ; gain = 612.434
---------------------------------------------------------------------------------
---------------------------------------------------------------------------------
Start Handling Custom Attributes
---------------------------------------------------------------------------------
---------------------------------------------------------------------------------
Finished Handling Custom Attributes : Time (s): cpu = 00:00:30 ; elapsed = 00:00:31 . Memory (MB): peak = 1540.410 ; gain = 612.434
---------------------------------------------------------------------------------
---------------------------------------------------------------------------------
Start Renaming Generated Nets
---------------------------------------------------------------------------------
---------------------------------------------------------------------------------
Finished Renaming Generated Nets : Time (s): cpu = 00:00:30 ; elapsed = 00:00:31 . Memory (MB): peak = 1540.410 ; gain = 612.434
---------------------------------------------------------------------------------
---------------------------------------------------------------------------------
Start Writing Synthesis Report
---------------------------------------------------------------------------------

Report BlackBoxes: 
+------+---------------------+----------+
|      |BlackBox name        |Instances |
+------+---------------------+----------+
|1     |design_1_clk_wiz_0_0 |         1|
|2     |design_1_ila_0_0     |         1|
|3     |design_2_ila_0_0     |         1|
|4     |design_3_ila_0_0     |         1|
+------+---------------------+----------+

Report Cell Usage: 
+------+-------------------+------+
|      |Cell               |Count |
+------+-------------------+------+
|1     |design_1_clk_wiz_0 |     1|
|2     |design_1_ila_0     |     1|
|3     |design_2_ila_0     |     1|
|4     |design_3_ila_0     |     1|
|5     |CARRY4             |    79|
|6     |LUT1               |    63|
|7     |LUT2               |    87|
|8     |LUT3               |    31|
|9     |LUT4               |    56|
|10    |LUT5               |    41|
|11    |LUT6               |   144|
|12    |MUXF7              |     1|
|13    |RAMB36E1           |     4|
|14    |FDRE               |   375|
|15    |IBUF               |     3|
|16    |OBUF               |     4|
+------+-------------------+------+
---------------------------------------------------------------------------------
Finished Writing Synthesis Report : Time (s): cpu = 00:00:30 ; elapsed = 00:00:31 . Memory (MB): peak = 1540.410 ; gain = 612.434
---------------------------------------------------------------------------------
Synthesis finished with 0 errors, 0 critical warnings and 2 warnings.
Synthesis Optimization Runtime : Time (s): cpu = 00:00:22 ; elapsed = 00:00:30 . Memory (MB): peak = 1540.410 ; gain = 518.148
Synthesis Optimization Complete : Time (s): cpu = 00:00:30 ; elapsed = 00:00:32 . Memory (MB): peak = 1540.410 ; gain = 612.434
INFO: [Project 1-571] Translating synthesized netlist
Netlist sorting complete. Time (s): cpu = 00:00:00 ; elapsed = 00:00:00.009 . Memory (MB): peak = 1540.410 ; gain = 0.000
INFO: [Netlist 29-17] Analyzing 84 Unisim elements for replacement
INFO: [Netlist 29-28] Unisim Transformation completed in 0 CPU seconds
INFO: [Project 1-570] Preparing netlist for logic optimization
INFO: [Opt 31-138] Pushed 0 inverter(s) to 0 load pin(s).
Netlist sorting complete. Time (s): cpu = 00:00:00 ; elapsed = 00:00:00 . Memory (MB): peak = 1540.410 ; gain = 0.000
INFO: [Project 1-111] Unisim Transformation Summary:
No Unisim elements were transformed.

Synth Design complete | Checksum: 3365d610
INFO: [Common 17-83] Releasing license: Synthesis
68 Infos, 16 Warnings, 0 Critical Warnings and 0 Errors encountered.
synth_design completed successfully
synth_design: Time (s): cpu = 00:00:35 ; elapsed = 00:00:36 . Memory (MB): peak = 1540.410 ; gain = 983.211
INFO: [Common 17-600] The following parameters have non-default value.
tcl.collectionResultDisplayLimit
INFO: [Common 17-1381] The checkpoint 'D:/GitHub/753-FPGA/spi-controller-cmod-a7/spi-controller-cmod-a7.runs/synth_1/base.dcp' has been generated.
INFO: [runtcl-4] Executing : report_utilization -file base_utilization_synth.rpt -pb base_utilization_synth.pb
INFO: [Common 17-206] Exiting Vivado at Sun Apr 27 12:18:20 2025...
