

================================================================
== Vitis HLS Report for 'dense_resource_rf_leq_nin_ap_ufixed_ap_fixed_19_9_5_3_0_config5_mult_s'
================================================================
* Date:           Mon Apr 28 20:13:00 2025

* Version:        2024.2 (Build 5238294 on Nov  8 2024)
* Project:        myproject_prj
* Solution:       solution1 (Vivado IP Flow Target)
* Product family: artix7
* Target device:  xc7a35t-cpg236-1


================================================================
== Performance Estimates
================================================================
+ Timing: 
    * Summary: 
    +--------+----------+-----------+------------+
    |  Clock |  Target  | Estimated | Uncertainty|
    +--------+----------+-----------+------------+
    |ap_clk  |  30.00 ns|  11.867 ns|     8.10 ns|
    +--------+----------+-----------+------------+

+ Latency: 
    * Summary: 
    +---------+---------+----------+----------+-----+-----+-------------------------------------------+
    |  Latency (cycles) |  Latency (absolute) |  Interval |                  Pipeline                 |
    |   min   |   max   |    min   |    max   | min | max |                    Type                   |
    +---------+---------+----------+----------+-----+-----+-------------------------------------------+
    |       50|       51|  1.500 us|  1.530 us|   50|   50|  loop rewind stp (delay=0 clock cycles(s))|
    +---------+---------+----------+----------+-----+-----+-------------------------------------------+

    + Detail: 
        * Instance: 
        N/A

        * Loop: 
        +-------------+---------+---------+----------+-----------+-----------+------+----------+
        |             |  Latency (cycles) | Iteration|  Initiation Interval  | Trip |          |
        |  Loop Name  |   min   |   max   |  Latency |  achieved |   target  | Count| Pipelined|
        +-------------+---------+---------+----------+-----------+-----------+------+----------+
        |- ReuseLoop  |       50|       50|         2|          1|          1|    50|       yes|
        +-------------+---------+---------+----------+-----------+-----------+------+----------+

============================================================
+ Verbose Summary: Synthesis Manager
============================================================
InlineROM: 1
ExposeGlobal: 0
============================================================
+ Verbose Summary: CDFG Model
============================================================
IsTopModel: 0
ResetActiveHigh: 1
IsCombinational: 0
IsDatapathOnly: 0
HasWiredReturn: 1
HasMFsm: 2
HasVarLatency: 1
IsPipeline: 0
IsRtlPipelined: 0
IsInstanceOverlapped: 0
IsDontTouch: 0
HasImplIP: 0
IsGatedGlobalClock: 0

+ Individual pipeline summary: 
  * Pipeline-0: initiation interval (II) = 1, depth = 2


============================================================
+ Verbose Summary: Schedule
============================================================
* Number of FSM states : 3
* Pipeline : 1
  Pipeline-0 : II = 1, D = 2, States = { 2 3 }
* Dataflow Pipeline: 0

* FSM state transitions: 
1 --> 2 
2 --> 3 
3 --> 2 

* FSM state operations: 

State 1 <SV = 0> <Delay = 1.61>
ST_1 : Operation 4 [1/1] (1.61ns)   --->   "%br_ln46 = br void %rewind_header" [firmware/nnet_utils/nnet_dense_resource.h:46]   --->   Operation 4 'br' 'br_ln46' <Predicate = true> <Delay = 1.61>

State 2 <SV = 1> <Delay = 3.25>
ST_2 : Operation 5 [1/1] (0.00ns)   --->   "%do_init = phi i1 1, void %entry, i1 0, void %MultLoop.split.i, i1 1, void %dense_resource_rf_leq_nin<ap_ufixed<6, 0, 4, 0, 0>, ap_fixed<19, 9, 5, 3, 0>, config5_mult>.exit"   --->   Operation 5 'phi' 'do_init' <Predicate = true> <Delay = 0.00>
ST_2 : Operation 6 [1/1] (0.00ns)   --->   "%w_index3 = phi i6 0, void %entry, i6 %w_index, void %MultLoop.split.i, i6 0, void %dense_resource_rf_leq_nin<ap_ufixed<6, 0, 4, 0, 0>, ap_fixed<19, 9, 5, 3, 0>, config5_mult>.exit"   --->   Operation 6 'phi' 'w_index3' <Predicate = true> <Delay = 0.00>
ST_2 : Operation 7 [1/1] (0.00ns)   --->   "%specmemcore_ln0 = specmemcore void @_ssdm_op_SpecMemCore, i22 %w5, i64 666, i64 38, i64 18446744073709551615"   --->   Operation 7 'specmemcore' 'specmemcore_ln0' <Predicate = (do_init)> <Delay = 0.00>
ST_2 : Operation 8 [1/1] (0.00ns)   --->   "%void_compute_output_buffer_2d_array_const_ap_shift_reg_n_chan_stream_weig_92 = load i6 %void_compute_output_buffer_2d_array_const_ap_shift_reg_n_chan_stream_weig_29"   --->   Operation 8 'load' 'void_compute_output_buffer_2d_array_const_ap_shift_reg_n_chan_stream_weig_92' <Predicate = (do_init)> <Delay = 0.00>
ST_2 : Operation 9 [1/1] (0.00ns)   --->   "%void_compute_output_buffer_2d_array_const_ap_shift_reg_n_chan_stream_weig_93 = load i6 %void_compute_output_buffer_2d_array_const_ap_shift_reg_n_chan_stream_weig_28"   --->   Operation 9 'load' 'void_compute_output_buffer_2d_array_const_ap_shift_reg_n_chan_stream_weig_93' <Predicate = (do_init)> <Delay = 0.00>
ST_2 : Operation 10 [1/1] (0.00ns)   --->   "%void_compute_output_buffer_2d_array_const_ap_shift_reg_n_chan_stream_weig_94 = load i6 %void_compute_output_buffer_2d_array_const_ap_shift_reg_n_chan_stream_weig_27"   --->   Operation 10 'load' 'void_compute_output_buffer_2d_array_const_ap_shift_reg_n_chan_stream_weig_94' <Predicate = (do_init)> <Delay = 0.00>
ST_2 : Operation 11 [1/1] (0.00ns)   --->   "%void_compute_output_buffer_2d_array_const_ap_shift_reg_n_chan_stream_weig_95 = load i6 %void_compute_output_buffer_2d_array_const_ap_shift_reg_n_chan_stream_weig_26"   --->   Operation 11 'load' 'void_compute_output_buffer_2d_array_const_ap_shift_reg_n_chan_stream_weig_95' <Predicate = (do_init)> <Delay = 0.00>
ST_2 : Operation 12 [1/1] (0.00ns)   --->   "%void_compute_output_buffer_2d_array_const_ap_shift_reg_n_chan_stream_weig_96 = load i6 %void_compute_output_buffer_2d_array_const_ap_shift_reg_n_chan_stream_weig_25"   --->   Operation 12 'load' 'void_compute_output_buffer_2d_array_const_ap_shift_reg_n_chan_stream_weig_96' <Predicate = (do_init)> <Delay = 0.00>
ST_2 : Operation 13 [1/1] (0.00ns)   --->   "%void_compute_output_buffer_2d_array_const_ap_shift_reg_n_chan_stream_weig_97 = load i6 %void_compute_output_buffer_2d_array_const_ap_shift_reg_n_chan_stream_weig_24"   --->   Operation 13 'load' 'void_compute_output_buffer_2d_array_const_ap_shift_reg_n_chan_stream_weig_97' <Predicate = (do_init)> <Delay = 0.00>
ST_2 : Operation 14 [1/1] (0.00ns)   --->   "%void_compute_output_buffer_2d_array_const_ap_shift_reg_n_chan_stream_weig_98 = load i6 %void_compute_output_buffer_2d_array_const_ap_shift_reg_n_chan_stream_weig_23"   --->   Operation 14 'load' 'void_compute_output_buffer_2d_array_const_ap_shift_reg_n_chan_stream_weig_98' <Predicate = (do_init)> <Delay = 0.00>
ST_2 : Operation 15 [1/1] (0.00ns)   --->   "%void_compute_output_buffer_2d_array_const_ap_shift_reg_n_chan_stream_weig_99 = load i6 %void_compute_output_buffer_2d_array_const_ap_shift_reg_n_chan_stream_weig_22"   --->   Operation 15 'load' 'void_compute_output_buffer_2d_array_const_ap_shift_reg_n_chan_stream_weig_99' <Predicate = (do_init)> <Delay = 0.00>
ST_2 : Operation 16 [1/1] (0.00ns)   --->   "%void_compute_output_buffer_2d_array_const_ap_shift_reg_n_chan_stream_weig_100 = load i6 %void_compute_output_buffer_2d_array_const_ap_shift_reg_n_chan_stream_weig_21"   --->   Operation 16 'load' 'void_compute_output_buffer_2d_array_const_ap_shift_reg_n_chan_stream_weig_100' <Predicate = (do_init)> <Delay = 0.00>
ST_2 : Operation 17 [1/1] (0.00ns)   --->   "%void_compute_output_buffer_2d_array_const_ap_shift_reg_n_chan_stream_weig_101 = load i6 %void_compute_output_buffer_2d_array_const_ap_shift_reg_n_chan_stream_weig_20"   --->   Operation 17 'load' 'void_compute_output_buffer_2d_array_const_ap_shift_reg_n_chan_stream_weig_101' <Predicate = (do_init)> <Delay = 0.00>
ST_2 : Operation 18 [1/1] (0.00ns)   --->   "%p_ZZN4nnet24compute_output_buffer_2dINS_5arrayI9ap_ufixedILi6ELi0EL9ap_q_mode4EL9_575 = load i6 %p_ZZN4nnet24compute_output_buffer_2dINS_5arrayI9ap_ufixedILi6ELi0EL9ap_q_mode4EL9_129"   --->   Operation 18 'load' 'p_ZZN4nnet24compute_output_buffer_2dINS_5arrayI9ap_ufixedILi6ELi0EL9ap_q_mode4EL9_575' <Predicate = (do_init)> <Delay = 0.00>
ST_2 : Operation 19 [1/1] (0.00ns)   --->   "%p_ZZN4nnet24compute_output_buffer_2dINS_5arrayI9ap_ufixedILi6ELi0EL9ap_q_mode4EL9_576 = load i6 %p_ZZN4nnet24compute_output_buffer_2dINS_5arrayI9ap_ufixedILi6ELi0EL9ap_q_mode4EL9_130"   --->   Operation 19 'load' 'p_ZZN4nnet24compute_output_buffer_2dINS_5arrayI9ap_ufixedILi6ELi0EL9ap_q_mode4EL9_576' <Predicate = (do_init)> <Delay = 0.00>
ST_2 : Operation 20 [1/1] (0.00ns)   --->   "%p_ZZN4nnet24compute_output_buffer_2dINS_5arrayI9ap_ufixedILi6ELi0EL9ap_q_mode4EL9_577 = load i6 %p_ZZN4nnet24compute_output_buffer_2dINS_5arrayI9ap_ufixedILi6ELi0EL9ap_q_mode4EL9_131"   --->   Operation 20 'load' 'p_ZZN4nnet24compute_output_buffer_2dINS_5arrayI9ap_ufixedILi6ELi0EL9ap_q_mode4EL9_577' <Predicate = (do_init)> <Delay = 0.00>
ST_2 : Operation 21 [1/1] (0.00ns)   --->   "%p_ZZN4nnet24compute_output_buffer_2dINS_5arrayI9ap_ufixedILi6ELi0EL9ap_q_mode4EL9_578 = load i6 %p_ZZN4nnet24compute_output_buffer_2dINS_5arrayI9ap_ufixedILi6ELi0EL9ap_q_mode4EL9_132"   --->   Operation 21 'load' 'p_ZZN4nnet24compute_output_buffer_2dINS_5arrayI9ap_ufixedILi6ELi0EL9ap_q_mode4EL9_578' <Predicate = (do_init)> <Delay = 0.00>
ST_2 : Operation 22 [1/1] (0.00ns)   --->   "%p_ZZN4nnet24compute_output_buffer_2dINS_5arrayI9ap_ufixedILi6ELi0EL9ap_q_mode4EL9_579 = load i6 %p_ZZN4nnet24compute_output_buffer_2dINS_5arrayI9ap_ufixedILi6ELi0EL9ap_q_mode4EL9_133"   --->   Operation 22 'load' 'p_ZZN4nnet24compute_output_buffer_2dINS_5arrayI9ap_ufixedILi6ELi0EL9ap_q_mode4EL9_579' <Predicate = (do_init)> <Delay = 0.00>
ST_2 : Operation 23 [1/1] (0.00ns)   --->   "%p_ZZN4nnet24compute_output_buffer_2dINS_5arrayI9ap_ufixedILi6ELi0EL9ap_q_mode4EL9_580 = load i6 %p_ZZN4nnet24compute_output_buffer_2dINS_5arrayI9ap_ufixedILi6ELi0EL9ap_q_mode4EL9_134"   --->   Operation 23 'load' 'p_ZZN4nnet24compute_output_buffer_2dINS_5arrayI9ap_ufixedILi6ELi0EL9ap_q_mode4EL9_580' <Predicate = (do_init)> <Delay = 0.00>
ST_2 : Operation 24 [1/1] (0.00ns)   --->   "%p_ZZN4nnet24compute_output_buffer_2dINS_5arrayI9ap_ufixedILi6ELi0EL9ap_q_mode4EL9_581 = load i6 %p_ZZN4nnet24compute_output_buffer_2dINS_5arrayI9ap_ufixedILi6ELi0EL9ap_q_mode4EL9_135"   --->   Operation 24 'load' 'p_ZZN4nnet24compute_output_buffer_2dINS_5arrayI9ap_ufixedILi6ELi0EL9ap_q_mode4EL9_581' <Predicate = (do_init)> <Delay = 0.00>
ST_2 : Operation 25 [1/1] (0.00ns)   --->   "%p_ZZN4nnet24compute_output_buffer_2dINS_5arrayI9ap_ufixedILi6ELi0EL9ap_q_mode4EL9_582 = load i6 %p_ZZN4nnet24compute_output_buffer_2dINS_5arrayI9ap_ufixedILi6ELi0EL9ap_q_mode4EL9_136"   --->   Operation 25 'load' 'p_ZZN4nnet24compute_output_buffer_2dINS_5arrayI9ap_ufixedILi6ELi0EL9ap_q_mode4EL9_582' <Predicate = (do_init)> <Delay = 0.00>
ST_2 : Operation 26 [1/1] (0.00ns)   --->   "%p_ZZN4nnet24compute_output_buffer_2dINS_5arrayI9ap_ufixedILi6ELi0EL9ap_q_mode4EL9_583 = load i6 %p_ZZN4nnet24compute_output_buffer_2dINS_5arrayI9ap_ufixedILi6ELi0EL9ap_q_mode4EL9_137"   --->   Operation 26 'load' 'p_ZZN4nnet24compute_output_buffer_2dINS_5arrayI9ap_ufixedILi6ELi0EL9ap_q_mode4EL9_583' <Predicate = (do_init)> <Delay = 0.00>
ST_2 : Operation 27 [1/1] (0.00ns)   --->   "%p_ZZN4nnet24compute_output_buffer_2dINS_5arrayI9ap_ufixedILi6ELi0EL9ap_q_mode4EL9_584 = load i6 %p_ZZN4nnet24compute_output_buffer_2dINS_5arrayI9ap_ufixedILi6ELi0EL9ap_q_mode4EL9_138"   --->   Operation 27 'load' 'p_ZZN4nnet24compute_output_buffer_2dINS_5arrayI9ap_ufixedILi6ELi0EL9ap_q_mode4EL9_584' <Predicate = (do_init)> <Delay = 0.00>
ST_2 : Operation 28 [1/1] (0.00ns)   --->   "%p_ZZN4nnet24compute_output_buffer_2dINS_5arrayI9ap_ufixedILi6ELi0EL9ap_q_mode4EL9_585 = load i6 %p_ZZN4nnet24compute_output_buffer_2dINS_5arrayI9ap_ufixedILi6ELi0EL9ap_q_mode4EL9_139"   --->   Operation 28 'load' 'p_ZZN4nnet24compute_output_buffer_2dINS_5arrayI9ap_ufixedILi6ELi0EL9ap_q_mode4EL9_585' <Predicate = (do_init)> <Delay = 0.00>
ST_2 : Operation 29 [1/1] (0.00ns)   --->   "%p_ZZN4nnet24compute_output_buffer_2dINS_5arrayI9ap_ufixedILi6ELi0EL9ap_q_mode4EL9_586 = load i6 %p_ZZN4nnet24compute_output_buffer_2dINS_5arrayI9ap_ufixedILi6ELi0EL9ap_q_mode4EL9_140"   --->   Operation 29 'load' 'p_ZZN4nnet24compute_output_buffer_2dINS_5arrayI9ap_ufixedILi6ELi0EL9ap_q_mode4EL9_586' <Predicate = (do_init)> <Delay = 0.00>
ST_2 : Operation 30 [1/1] (0.00ns)   --->   "%p_ZZN4nnet24compute_output_buffer_2dINS_5arrayI9ap_ufixedILi6ELi0EL9ap_q_mode4EL9_587 = load i6 %p_ZZN4nnet24compute_output_buffer_2dINS_5arrayI9ap_ufixedILi6ELi0EL9ap_q_mode4EL9_141"   --->   Operation 30 'load' 'p_ZZN4nnet24compute_output_buffer_2dINS_5arrayI9ap_ufixedILi6ELi0EL9ap_q_mode4EL9_587' <Predicate = (do_init)> <Delay = 0.00>
ST_2 : Operation 31 [1/1] (0.00ns)   --->   "%p_ZZN4nnet24compute_output_buffer_2dINS_5arrayI9ap_ufixedILi6ELi0EL9ap_q_mode4EL9_588 = load i6 %p_ZZN4nnet24compute_output_buffer_2dINS_5arrayI9ap_ufixedILi6ELi0EL9ap_q_mode4EL9_142"   --->   Operation 31 'load' 'p_ZZN4nnet24compute_output_buffer_2dINS_5arrayI9ap_ufixedILi6ELi0EL9ap_q_mode4EL9_588' <Predicate = (do_init)> <Delay = 0.00>
ST_2 : Operation 32 [1/1] (0.00ns)   --->   "%p_ZZN4nnet24compute_output_buffer_2dINS_5arrayI9ap_ufixedILi6ELi0EL9ap_q_mode4EL9_589 = load i6 %p_ZZN4nnet24compute_output_buffer_2dINS_5arrayI9ap_ufixedILi6ELi0EL9ap_q_mode4EL9_143"   --->   Operation 32 'load' 'p_ZZN4nnet24compute_output_buffer_2dINS_5arrayI9ap_ufixedILi6ELi0EL9ap_q_mode4EL9_589' <Predicate = (do_init)> <Delay = 0.00>
ST_2 : Operation 33 [1/1] (0.00ns)   --->   "%p_ZZN4nnet24compute_output_buffer_2dINS_5arrayI9ap_ufixedILi6ELi0EL9ap_q_mode4EL9_590 = load i6 %p_ZZN4nnet24compute_output_buffer_2dINS_5arrayI9ap_ufixedILi6ELi0EL9ap_q_mode4EL9_144"   --->   Operation 33 'load' 'p_ZZN4nnet24compute_output_buffer_2dINS_5arrayI9ap_ufixedILi6ELi0EL9ap_q_mode4EL9_590' <Predicate = (do_init)> <Delay = 0.00>
ST_2 : Operation 34 [1/1] (0.00ns)   --->   "%p_ZZN4nnet24compute_output_buffer_2dINS_5arrayI9ap_ufixedILi6ELi0EL9ap_q_mode4EL9_591 = load i6 %p_ZZN4nnet24compute_output_buffer_2dINS_5arrayI9ap_ufixedILi6ELi0EL9ap_q_mode4EL9_145"   --->   Operation 34 'load' 'p_ZZN4nnet24compute_output_buffer_2dINS_5arrayI9ap_ufixedILi6ELi0EL9ap_q_mode4EL9_591' <Predicate = (do_init)> <Delay = 0.00>
ST_2 : Operation 35 [1/1] (0.00ns)   --->   "%p_ZZN4nnet24compute_output_buffer_2dINS_5arrayI9ap_ufixedILi6ELi0EL9ap_q_mode4EL9_592 = load i6 %p_ZZN4nnet24compute_output_buffer_2dINS_5arrayI9ap_ufixedILi6ELi0EL9ap_q_mode4EL9_146"   --->   Operation 35 'load' 'p_ZZN4nnet24compute_output_buffer_2dINS_5arrayI9ap_ufixedILi6ELi0EL9ap_q_mode4EL9_592' <Predicate = (do_init)> <Delay = 0.00>
ST_2 : Operation 36 [1/1] (0.00ns)   --->   "%p_ZZN4nnet24compute_output_buffer_2dINS_5arrayI9ap_ufixedILi6ELi0EL9ap_q_mode4EL9_593 = load i6 %p_ZZN4nnet24compute_output_buffer_2dINS_5arrayI9ap_ufixedILi6ELi0EL9ap_q_mode4EL9_147"   --->   Operation 36 'load' 'p_ZZN4nnet24compute_output_buffer_2dINS_5arrayI9ap_ufixedILi6ELi0EL9ap_q_mode4EL9_593' <Predicate = (do_init)> <Delay = 0.00>
ST_2 : Operation 37 [1/1] (0.00ns)   --->   "%p_ZZN4nnet24compute_output_buffer_2dINS_5arrayI9ap_ufixedILi6ELi0EL9ap_q_mode4EL9_594 = load i6 %p_ZZN4nnet24compute_output_buffer_2dINS_5arrayI9ap_ufixedILi6ELi0EL9ap_q_mode4EL9_148"   --->   Operation 37 'load' 'p_ZZN4nnet24compute_output_buffer_2dINS_5arrayI9ap_ufixedILi6ELi0EL9ap_q_mode4EL9_594' <Predicate = (do_init)> <Delay = 0.00>
ST_2 : Operation 38 [1/1] (0.00ns)   --->   "%p_ZZN4nnet24compute_output_buffer_2dINS_5arrayI9ap_ufixedILi6ELi0EL9ap_q_mode4EL9_595 = load i6 %p_ZZN4nnet24compute_output_buffer_2dINS_5arrayI9ap_ufixedILi6ELi0EL9ap_q_mode4EL9_149"   --->   Operation 38 'load' 'p_ZZN4nnet24compute_output_buffer_2dINS_5arrayI9ap_ufixedILi6ELi0EL9ap_q_mode4EL9_595' <Predicate = (do_init)> <Delay = 0.00>
ST_2 : Operation 39 [1/1] (0.00ns)   --->   "%p_ZZN4nnet24compute_output_buffer_2dINS_5arrayI9ap_ufixedILi6ELi0EL9ap_q_mode4EL9_596 = load i6 %p_ZZN4nnet24compute_output_buffer_2dINS_5arrayI9ap_ufixedILi6ELi0EL9ap_q_mode4EL9_150"   --->   Operation 39 'load' 'p_ZZN4nnet24compute_output_buffer_2dINS_5arrayI9ap_ufixedILi6ELi0EL9ap_q_mode4EL9_596' <Predicate = (do_init)> <Delay = 0.00>
ST_2 : Operation 40 [1/1] (0.00ns)   --->   "%p_ZZN4nnet24compute_output_buffer_2dINS_5arrayI9ap_ufixedILi6ELi0EL9ap_q_mode4EL9_597 = load i6 %p_ZZN4nnet24compute_output_buffer_2dINS_5arrayI9ap_ufixedILi6ELi0EL9ap_q_mode4EL9_151"   --->   Operation 40 'load' 'p_ZZN4nnet24compute_output_buffer_2dINS_5arrayI9ap_ufixedILi6ELi0EL9ap_q_mode4EL9_597' <Predicate = (do_init)> <Delay = 0.00>
ST_2 : Operation 41 [1/1] (0.00ns)   --->   "%p_ZZN4nnet24compute_output_buffer_2dINS_5arrayI9ap_ufixedILi6ELi0EL9ap_q_mode4EL9_598 = load i6 %p_ZZN4nnet24compute_output_buffer_2dINS_5arrayI9ap_ufixedILi6ELi0EL9ap_q_mode4EL9_152"   --->   Operation 41 'load' 'p_ZZN4nnet24compute_output_buffer_2dINS_5arrayI9ap_ufixedILi6ELi0EL9ap_q_mode4EL9_598' <Predicate = (do_init)> <Delay = 0.00>
ST_2 : Operation 42 [1/1] (0.00ns)   --->   "%p_ZZN4nnet24compute_output_buffer_2dINS_5arrayI9ap_ufixedILi6ELi0EL9ap_q_mode4EL9_599 = load i6 %p_ZZN4nnet24compute_output_buffer_2dINS_5arrayI9ap_ufixedILi6ELi0EL9ap_q_mode4EL9_153"   --->   Operation 42 'load' 'p_ZZN4nnet24compute_output_buffer_2dINS_5arrayI9ap_ufixedILi6ELi0EL9ap_q_mode4EL9_599' <Predicate = (do_init)> <Delay = 0.00>
ST_2 : Operation 43 [1/1] (0.00ns)   --->   "%p_ZZN4nnet24compute_output_buffer_2dINS_5arrayI9ap_ufixedILi6ELi0EL9ap_q_mode4EL9_600 = load i6 %p_ZZN4nnet24compute_output_buffer_2dINS_5arrayI9ap_ufixedILi6ELi0EL9ap_q_mode4EL9_154"   --->   Operation 43 'load' 'p_ZZN4nnet24compute_output_buffer_2dINS_5arrayI9ap_ufixedILi6ELi0EL9ap_q_mode4EL9_600' <Predicate = (do_init)> <Delay = 0.00>
ST_2 : Operation 44 [1/1] (0.00ns)   --->   "%p_ZZN4nnet24compute_output_buffer_2dINS_5arrayI9ap_ufixedILi6ELi0EL9ap_q_mode4EL9_601 = load i6 %p_ZZN4nnet24compute_output_buffer_2dINS_5arrayI9ap_ufixedILi6ELi0EL9ap_q_mode4EL9_155"   --->   Operation 44 'load' 'p_ZZN4nnet24compute_output_buffer_2dINS_5arrayI9ap_ufixedILi6ELi0EL9ap_q_mode4EL9_601' <Predicate = (do_init)> <Delay = 0.00>
ST_2 : Operation 45 [1/1] (0.00ns)   --->   "%p_ZZN4nnet24compute_output_buffer_2dINS_5arrayI9ap_ufixedILi6ELi0EL9ap_q_mode4EL9_602 = load i6 %p_ZZN4nnet24compute_output_buffer_2dINS_5arrayI9ap_ufixedILi6ELi0EL9ap_q_mode4EL9_156"   --->   Operation 45 'load' 'p_ZZN4nnet24compute_output_buffer_2dINS_5arrayI9ap_ufixedILi6ELi0EL9ap_q_mode4EL9_602' <Predicate = (do_init)> <Delay = 0.00>
ST_2 : Operation 46 [1/1] (0.00ns)   --->   "%p_ZZN4nnet24compute_output_buffer_2dINS_5arrayI9ap_ufixedILi6ELi0EL9ap_q_mode4EL9_603 = load i6 %p_ZZN4nnet24compute_output_buffer_2dINS_5arrayI9ap_ufixedILi6ELi0EL9ap_q_mode4EL9_157"   --->   Operation 46 'load' 'p_ZZN4nnet24compute_output_buffer_2dINS_5arrayI9ap_ufixedILi6ELi0EL9ap_q_mode4EL9_603' <Predicate = (do_init)> <Delay = 0.00>
ST_2 : Operation 47 [1/1] (0.00ns)   --->   "%p_ZZN4nnet24compute_output_buffer_2dINS_5arrayI9ap_ufixedILi6ELi0EL9ap_q_mode4EL9_604 = load i6 %p_ZZN4nnet24compute_output_buffer_2dINS_5arrayI9ap_ufixedILi6ELi0EL9ap_q_mode4EL9_158"   --->   Operation 47 'load' 'p_ZZN4nnet24compute_output_buffer_2dINS_5arrayI9ap_ufixedILi6ELi0EL9ap_q_mode4EL9_604' <Predicate = (do_init)> <Delay = 0.00>
ST_2 : Operation 48 [1/1] (0.00ns)   --->   "%p_ZZN4nnet24compute_output_buffer_2dINS_5arrayI9ap_ufixedILi6ELi0EL9ap_q_mode4EL9_605 = load i6 %p_ZZN4nnet24compute_output_buffer_2dINS_5arrayI9ap_ufixedILi6ELi0EL9ap_q_mode4EL9_99"   --->   Operation 48 'load' 'p_ZZN4nnet24compute_output_buffer_2dINS_5arrayI9ap_ufixedILi6ELi0EL9ap_q_mode4EL9_605' <Predicate = (do_init)> <Delay = 0.00>
ST_2 : Operation 49 [1/1] (0.00ns)   --->   "%p_ZZN4nnet24compute_output_buffer_2dINS_5arrayI9ap_ufixedILi6ELi0EL9ap_q_mode4EL9_606 = load i6 %p_ZZN4nnet24compute_output_buffer_2dINS_5arrayI9ap_ufixedILi6ELi0EL9ap_q_mode4EL9_98"   --->   Operation 49 'load' 'p_ZZN4nnet24compute_output_buffer_2dINS_5arrayI9ap_ufixedILi6ELi0EL9ap_q_mode4EL9_606' <Predicate = (do_init)> <Delay = 0.00>
ST_2 : Operation 50 [1/1] (0.00ns)   --->   "%p_ZZN4nnet24compute_output_buffer_2dINS_5arrayI9ap_ufixedILi6ELi0EL9ap_q_mode4EL9_607 = load i6 %p_ZZN4nnet24compute_output_buffer_2dINS_5arrayI9ap_ufixedILi6ELi0EL9ap_q_mode4EL9_97"   --->   Operation 50 'load' 'p_ZZN4nnet24compute_output_buffer_2dINS_5arrayI9ap_ufixedILi6ELi0EL9ap_q_mode4EL9_607' <Predicate = (do_init)> <Delay = 0.00>
ST_2 : Operation 51 [1/1] (0.00ns)   --->   "%p_ZZN4nnet24compute_output_buffer_2dINS_5arrayI9ap_ufixedILi6ELi0EL9ap_q_mode4EL9_608 = load i6 %p_ZZN4nnet24compute_output_buffer_2dINS_5arrayI9ap_ufixedILi6ELi0EL9ap_q_mode4EL9_96"   --->   Operation 51 'load' 'p_ZZN4nnet24compute_output_buffer_2dINS_5arrayI9ap_ufixedILi6ELi0EL9ap_q_mode4EL9_608' <Predicate = (do_init)> <Delay = 0.00>
ST_2 : Operation 52 [1/1] (0.00ns)   --->   "%p_ZZN4nnet24compute_output_buffer_2dINS_5arrayI9ap_ufixedILi6ELi0EL9ap_q_mode4EL9_609 = load i6 %p_ZZN4nnet24compute_output_buffer_2dINS_5arrayI9ap_ufixedILi6ELi0EL9ap_q_mode4EL9_95"   --->   Operation 52 'load' 'p_ZZN4nnet24compute_output_buffer_2dINS_5arrayI9ap_ufixedILi6ELi0EL9ap_q_mode4EL9_609' <Predicate = (do_init)> <Delay = 0.00>
ST_2 : Operation 53 [1/1] (0.00ns)   --->   "%p_ZZN4nnet24compute_output_buffer_2dINS_5arrayI9ap_ufixedILi6ELi0EL9ap_q_mode4EL9_610 = load i6 %p_ZZN4nnet24compute_output_buffer_2dINS_5arrayI9ap_ufixedILi6ELi0EL9ap_q_mode4EL9_94"   --->   Operation 53 'load' 'p_ZZN4nnet24compute_output_buffer_2dINS_5arrayI9ap_ufixedILi6ELi0EL9ap_q_mode4EL9_610' <Predicate = (do_init)> <Delay = 0.00>
ST_2 : Operation 54 [1/1] (0.00ns)   --->   "%p_ZZN4nnet24compute_output_buffer_2dINS_5arrayI9ap_ufixedILi6ELi0EL9ap_q_mode4EL9_611 = load i6 %p_ZZN4nnet24compute_output_buffer_2dINS_5arrayI9ap_ufixedILi6ELi0EL9ap_q_mode4EL9_93"   --->   Operation 54 'load' 'p_ZZN4nnet24compute_output_buffer_2dINS_5arrayI9ap_ufixedILi6ELi0EL9ap_q_mode4EL9_611' <Predicate = (do_init)> <Delay = 0.00>
ST_2 : Operation 55 [1/1] (0.00ns)   --->   "%p_ZZN4nnet24compute_output_buffer_2dINS_5arrayI9ap_ufixedILi6ELi0EL9ap_q_mode4EL9_612 = load i6 %p_ZZN4nnet24compute_output_buffer_2dINS_5arrayI9ap_ufixedILi6ELi0EL9ap_q_mode4EL9_92"   --->   Operation 55 'load' 'p_ZZN4nnet24compute_output_buffer_2dINS_5arrayI9ap_ufixedILi6ELi0EL9ap_q_mode4EL9_612' <Predicate = (do_init)> <Delay = 0.00>
ST_2 : Operation 56 [1/1] (0.00ns)   --->   "%p_ZZN4nnet24compute_output_buffer_2dINS_5arrayI9ap_ufixedILi6ELi0EL9ap_q_mode4EL9_613 = load i6 %p_ZZN4nnet24compute_output_buffer_2dINS_5arrayI9ap_ufixedILi6ELi0EL9ap_q_mode4EL9_91"   --->   Operation 56 'load' 'p_ZZN4nnet24compute_output_buffer_2dINS_5arrayI9ap_ufixedILi6ELi0EL9ap_q_mode4EL9_613' <Predicate = (do_init)> <Delay = 0.00>
ST_2 : Operation 57 [1/1] (0.00ns)   --->   "%p_ZZN4nnet24compute_output_buffer_2dINS_5arrayI9ap_ufixedILi6ELi0EL9ap_q_mode4EL9_614 = load i6 %p_ZZN4nnet24compute_output_buffer_2dINS_5arrayI9ap_ufixedILi6ELi0EL9ap_q_mode4EL9_90"   --->   Operation 57 'load' 'p_ZZN4nnet24compute_output_buffer_2dINS_5arrayI9ap_ufixedILi6ELi0EL9ap_q_mode4EL9_614' <Predicate = (do_init)> <Delay = 0.00>
ST_2 : Operation 58 [1/1] (1.61ns)   --->   "%br_ln46 = br void %MultLoop.split.i" [firmware/nnet_utils/nnet_dense_resource.h:46]   --->   Operation 58 'br' 'br_ln46' <Predicate = (do_init)> <Delay = 1.61>
ST_2 : Operation 59 [1/1] (0.00ns)   --->   "%zext_ln46 = zext i6 %w_index3" [firmware/nnet_utils/nnet_dense_resource.h:46]   --->   Operation 59 'zext' 'zext_ln46' <Predicate = true> <Delay = 0.00>
ST_2 : Operation 60 [1/1] (0.00ns)   --->   "%w5_addr = getelementptr i22 %w5, i64 0, i64 %zext_ln46" [firmware/nnet_utils/nnet_dense_resource.h:59]   --->   Operation 60 'getelementptr' 'w5_addr' <Predicate = true> <Delay = 0.00>
ST_2 : Operation 61 [2/2] (3.25ns)   --->   "%w5_load = load i6 %w5_addr" [firmware/nnet_utils/nnet_dense_resource.h:59]   --->   Operation 61 'load' 'w5_load' <Predicate = true> <Delay = 3.25> <CoreInst = "ROM_nP_BRAM">   --->   Core 102 'ROM_nP_BRAM' <Latency = 1> <II = 1> <Delay = 3.25> <Storage> <Opcode : 'load'> <Ports = 0> <Width = 22> <Depth = 50> <ROM>
ST_2 : Operation 62 [1/1] (1.94ns)   --->   "%w_index = add i6 %w_index3, i6 1" [firmware/nnet_utils/nnet_dense_resource.h:46]   --->   Operation 62 'add' 'w_index' <Predicate = true> <Delay = 1.94> <CoreInst = "Adder">   --->   Core 1 'Adder' <Latency = 0> <II = 1> <Delay = 1.94> <FuncUnit> <Opcode : 'add' 'sub'> <InPorts = 2> <OutPorts = 1>
ST_2 : Operation 63 [1/1] (1.94ns)   --->   "%icmp_ln46 = icmp_eq  i6 %w_index3, i6 49" [firmware/nnet_utils/nnet_dense_resource.h:46]   --->   Operation 63 'icmp' 'icmp_ln46' <Predicate = true> <Delay = 1.94> <CoreInst = "Cmp">   --->   Core 9 'Cmp' <Latency = 0> <II = 1> <Delay = 1.94> <FuncUnit> <Opcode : 'seteq' 'setne' 'setle' 'setge' 'setlt' 'setgt'> <InPorts = 2> <OutPorts = 1>
ST_2 : Operation 64 [1/1] (0.00ns)   --->   "%br_ln46 = br i1 %icmp_ln46, void %rewind_header, void %dense_resource_rf_leq_nin<ap_ufixed<6, 0, 4, 0, 0>, ap_fixed<19, 9, 5, 3, 0>, config5_mult>.exit" [firmware/nnet_utils/nnet_dense_resource.h:46]   --->   Operation 64 'br' 'br_ln46' <Predicate = true> <Delay = 0.00>
ST_2 : Operation 65 [1/1] (0.00ns)   --->   "%br_ln0 = br void %rewind_header"   --->   Operation 65 'br' 'br_ln0' <Predicate = (icmp_ln46)> <Delay = 0.00>

State 3 <SV = 2> <Delay = 11.8>
ST_3 : Operation 66 [1/1] (0.00ns)   --->   "%p_ZZN4nnet24compute_output_buffer_2dINS_5arrayI9ap_ufixedILi6ELi0EL9ap_q_mode4EL9_615 = phi i6 0, void %entry, i6 %p_ZZN4nnet24compute_output_buffer_2dINS_5arrayI9ap_ufixedILi6ELi0EL9ap_q_mode4EL9_535, void %MultLoop.split.i, i6 0, void %dense_resource_rf_leq_nin<ap_ufixed<6, 0, 4, 0, 0>, ap_fixed<19, 9, 5, 3, 0>, config5_mult>.exit"   --->   Operation 66 'phi' 'p_ZZN4nnet24compute_output_buffer_2dINS_5arrayI9ap_ufixedILi6ELi0EL9ap_q_mode4EL9_615' <Predicate = true> <Delay = 0.00>
ST_3 : Operation 67 [1/1] (0.00ns)   --->   "%p_ZZN4nnet24compute_output_buffer_2dINS_5arrayI9ap_ufixedILi6ELi0EL9ap_q_mode4EL9_616 = phi i6 0, void %entry, i6 %p_ZZN4nnet24compute_output_buffer_2dINS_5arrayI9ap_ufixedILi6ELi0EL9ap_q_mode4EL9_536, void %MultLoop.split.i, i6 0, void %dense_resource_rf_leq_nin<ap_ufixed<6, 0, 4, 0, 0>, ap_fixed<19, 9, 5, 3, 0>, config5_mult>.exit"   --->   Operation 67 'phi' 'p_ZZN4nnet24compute_output_buffer_2dINS_5arrayI9ap_ufixedILi6ELi0EL9ap_q_mode4EL9_616' <Predicate = true> <Delay = 0.00>
ST_3 : Operation 68 [1/1] (0.00ns)   --->   "%p_ZZN4nnet24compute_output_buffer_2dINS_5arrayI9ap_ufixedILi6ELi0EL9ap_q_mode4EL9_617 = phi i6 0, void %entry, i6 %p_ZZN4nnet24compute_output_buffer_2dINS_5arrayI9ap_ufixedILi6ELi0EL9ap_q_mode4EL9_537, void %MultLoop.split.i, i6 0, void %dense_resource_rf_leq_nin<ap_ufixed<6, 0, 4, 0, 0>, ap_fixed<19, 9, 5, 3, 0>, config5_mult>.exit"   --->   Operation 68 'phi' 'p_ZZN4nnet24compute_output_buffer_2dINS_5arrayI9ap_ufixedILi6ELi0EL9ap_q_mode4EL9_617' <Predicate = true> <Delay = 0.00>
ST_3 : Operation 69 [1/1] (0.00ns)   --->   "%p_ZZN4nnet24compute_output_buffer_2dINS_5arrayI9ap_ufixedILi6ELi0EL9ap_q_mode4EL9_618 = phi i6 0, void %entry, i6 %p_ZZN4nnet24compute_output_buffer_2dINS_5arrayI9ap_ufixedILi6ELi0EL9ap_q_mode4EL9_538, void %MultLoop.split.i, i6 0, void %dense_resource_rf_leq_nin<ap_ufixed<6, 0, 4, 0, 0>, ap_fixed<19, 9, 5, 3, 0>, config5_mult>.exit"   --->   Operation 69 'phi' 'p_ZZN4nnet24compute_output_buffer_2dINS_5arrayI9ap_ufixedILi6ELi0EL9ap_q_mode4EL9_618' <Predicate = true> <Delay = 0.00>
ST_3 : Operation 70 [1/1] (0.00ns)   --->   "%p_ZZN4nnet24compute_output_buffer_2dINS_5arrayI9ap_ufixedILi6ELi0EL9ap_q_mode4EL9_619 = phi i6 0, void %entry, i6 %p_ZZN4nnet24compute_output_buffer_2dINS_5arrayI9ap_ufixedILi6ELi0EL9ap_q_mode4EL9_539, void %MultLoop.split.i, i6 0, void %dense_resource_rf_leq_nin<ap_ufixed<6, 0, 4, 0, 0>, ap_fixed<19, 9, 5, 3, 0>, config5_mult>.exit"   --->   Operation 70 'phi' 'p_ZZN4nnet24compute_output_buffer_2dINS_5arrayI9ap_ufixedILi6ELi0EL9ap_q_mode4EL9_619' <Predicate = true> <Delay = 0.00>
ST_3 : Operation 71 [1/1] (0.00ns)   --->   "%p_ZZN4nnet24compute_output_buffer_2dINS_5arrayI9ap_ufixedILi6ELi0EL9ap_q_mode4EL9_620 = phi i6 0, void %entry, i6 %p_ZZN4nnet24compute_output_buffer_2dINS_5arrayI9ap_ufixedILi6ELi0EL9ap_q_mode4EL9_540, void %MultLoop.split.i, i6 0, void %dense_resource_rf_leq_nin<ap_ufixed<6, 0, 4, 0, 0>, ap_fixed<19, 9, 5, 3, 0>, config5_mult>.exit"   --->   Operation 71 'phi' 'p_ZZN4nnet24compute_output_buffer_2dINS_5arrayI9ap_ufixedILi6ELi0EL9ap_q_mode4EL9_620' <Predicate = true> <Delay = 0.00>
ST_3 : Operation 72 [1/1] (0.00ns)   --->   "%p_ZZN4nnet24compute_output_buffer_2dINS_5arrayI9ap_ufixedILi6ELi0EL9ap_q_mode4EL9_621 = phi i6 0, void %entry, i6 %p_ZZN4nnet24compute_output_buffer_2dINS_5arrayI9ap_ufixedILi6ELi0EL9ap_q_mode4EL9_541, void %MultLoop.split.i, i6 0, void %dense_resource_rf_leq_nin<ap_ufixed<6, 0, 4, 0, 0>, ap_fixed<19, 9, 5, 3, 0>, config5_mult>.exit"   --->   Operation 72 'phi' 'p_ZZN4nnet24compute_output_buffer_2dINS_5arrayI9ap_ufixedILi6ELi0EL9ap_q_mode4EL9_621' <Predicate = true> <Delay = 0.00>
ST_3 : Operation 73 [1/1] (0.00ns)   --->   "%p_ZZN4nnet24compute_output_buffer_2dINS_5arrayI9ap_ufixedILi6ELi0EL9ap_q_mode4EL9_622 = phi i6 0, void %entry, i6 %p_ZZN4nnet24compute_output_buffer_2dINS_5arrayI9ap_ufixedILi6ELi0EL9ap_q_mode4EL9_542, void %MultLoop.split.i, i6 0, void %dense_resource_rf_leq_nin<ap_ufixed<6, 0, 4, 0, 0>, ap_fixed<19, 9, 5, 3, 0>, config5_mult>.exit"   --->   Operation 73 'phi' 'p_ZZN4nnet24compute_output_buffer_2dINS_5arrayI9ap_ufixedILi6ELi0EL9ap_q_mode4EL9_622' <Predicate = true> <Delay = 0.00>
ST_3 : Operation 74 [1/1] (0.00ns)   --->   "%p_ZZN4nnet24compute_output_buffer_2dINS_5arrayI9ap_ufixedILi6ELi0EL9ap_q_mode4EL9_623 = phi i6 0, void %entry, i6 %p_ZZN4nnet24compute_output_buffer_2dINS_5arrayI9ap_ufixedILi6ELi0EL9ap_q_mode4EL9_543, void %MultLoop.split.i, i6 0, void %dense_resource_rf_leq_nin<ap_ufixed<6, 0, 4, 0, 0>, ap_fixed<19, 9, 5, 3, 0>, config5_mult>.exit"   --->   Operation 74 'phi' 'p_ZZN4nnet24compute_output_buffer_2dINS_5arrayI9ap_ufixedILi6ELi0EL9ap_q_mode4EL9_623' <Predicate = true> <Delay = 0.00>
ST_3 : Operation 75 [1/1] (0.00ns)   --->   "%p_ZZN4nnet24compute_output_buffer_2dINS_5arrayI9ap_ufixedILi6ELi0EL9ap_q_mode4EL9_624 = phi i6 0, void %entry, i6 %p_ZZN4nnet24compute_output_buffer_2dINS_5arrayI9ap_ufixedILi6ELi0EL9ap_q_mode4EL9_544, void %MultLoop.split.i, i6 0, void %dense_resource_rf_leq_nin<ap_ufixed<6, 0, 4, 0, 0>, ap_fixed<19, 9, 5, 3, 0>, config5_mult>.exit"   --->   Operation 75 'phi' 'p_ZZN4nnet24compute_output_buffer_2dINS_5arrayI9ap_ufixedILi6ELi0EL9ap_q_mode4EL9_624' <Predicate = true> <Delay = 0.00>
ST_3 : Operation 76 [1/1] (0.00ns)   --->   "%p_ZZN4nnet24compute_output_buffer_2dINS_5arrayI9ap_ufixedILi6ELi0EL9ap_q_mode4EL9_625 = phi i6 0, void %entry, i6 %p_ZZN4nnet24compute_output_buffer_2dINS_5arrayI9ap_ufixedILi6ELi0EL9ap_q_mode4EL9_545, void %MultLoop.split.i, i6 0, void %dense_resource_rf_leq_nin<ap_ufixed<6, 0, 4, 0, 0>, ap_fixed<19, 9, 5, 3, 0>, config5_mult>.exit"   --->   Operation 76 'phi' 'p_ZZN4nnet24compute_output_buffer_2dINS_5arrayI9ap_ufixedILi6ELi0EL9ap_q_mode4EL9_625' <Predicate = true> <Delay = 0.00>
ST_3 : Operation 77 [1/1] (0.00ns)   --->   "%p_ZZN4nnet24compute_output_buffer_2dINS_5arrayI9ap_ufixedILi6ELi0EL9ap_q_mode4EL9_626 = phi i6 0, void %entry, i6 %p_ZZN4nnet24compute_output_buffer_2dINS_5arrayI9ap_ufixedILi6ELi0EL9ap_q_mode4EL9_546, void %MultLoop.split.i, i6 0, void %dense_resource_rf_leq_nin<ap_ufixed<6, 0, 4, 0, 0>, ap_fixed<19, 9, 5, 3, 0>, config5_mult>.exit"   --->   Operation 77 'phi' 'p_ZZN4nnet24compute_output_buffer_2dINS_5arrayI9ap_ufixedILi6ELi0EL9ap_q_mode4EL9_626' <Predicate = true> <Delay = 0.00>
ST_3 : Operation 78 [1/1] (0.00ns)   --->   "%p_ZZN4nnet24compute_output_buffer_2dINS_5arrayI9ap_ufixedILi6ELi0EL9ap_q_mode4EL9_627 = phi i6 0, void %entry, i6 %p_ZZN4nnet24compute_output_buffer_2dINS_5arrayI9ap_ufixedILi6ELi0EL9ap_q_mode4EL9_547, void %MultLoop.split.i, i6 0, void %dense_resource_rf_leq_nin<ap_ufixed<6, 0, 4, 0, 0>, ap_fixed<19, 9, 5, 3, 0>, config5_mult>.exit"   --->   Operation 78 'phi' 'p_ZZN4nnet24compute_output_buffer_2dINS_5arrayI9ap_ufixedILi6ELi0EL9ap_q_mode4EL9_627' <Predicate = true> <Delay = 0.00>
ST_3 : Operation 79 [1/1] (0.00ns)   --->   "%p_ZZN4nnet24compute_output_buffer_2dINS_5arrayI9ap_ufixedILi6ELi0EL9ap_q_mode4EL9_628 = phi i6 0, void %entry, i6 %p_ZZN4nnet24compute_output_buffer_2dINS_5arrayI9ap_ufixedILi6ELi0EL9ap_q_mode4EL9_548, void %MultLoop.split.i, i6 0, void %dense_resource_rf_leq_nin<ap_ufixed<6, 0, 4, 0, 0>, ap_fixed<19, 9, 5, 3, 0>, config5_mult>.exit"   --->   Operation 79 'phi' 'p_ZZN4nnet24compute_output_buffer_2dINS_5arrayI9ap_ufixedILi6ELi0EL9ap_q_mode4EL9_628' <Predicate = true> <Delay = 0.00>
ST_3 : Operation 80 [1/1] (0.00ns)   --->   "%p_ZZN4nnet24compute_output_buffer_2dINS_5arrayI9ap_ufixedILi6ELi0EL9ap_q_mode4EL9_629 = phi i6 0, void %entry, i6 %p_ZZN4nnet24compute_output_buffer_2dINS_5arrayI9ap_ufixedILi6ELi0EL9ap_q_mode4EL9_549, void %MultLoop.split.i, i6 0, void %dense_resource_rf_leq_nin<ap_ufixed<6, 0, 4, 0, 0>, ap_fixed<19, 9, 5, 3, 0>, config5_mult>.exit"   --->   Operation 80 'phi' 'p_ZZN4nnet24compute_output_buffer_2dINS_5arrayI9ap_ufixedILi6ELi0EL9ap_q_mode4EL9_629' <Predicate = true> <Delay = 0.00>
ST_3 : Operation 81 [1/1] (0.00ns)   --->   "%p_ZZN4nnet24compute_output_buffer_2dINS_5arrayI9ap_ufixedILi6ELi0EL9ap_q_mode4EL9_630 = phi i6 0, void %entry, i6 %p_ZZN4nnet24compute_output_buffer_2dINS_5arrayI9ap_ufixedILi6ELi0EL9ap_q_mode4EL9_550, void %MultLoop.split.i, i6 0, void %dense_resource_rf_leq_nin<ap_ufixed<6, 0, 4, 0, 0>, ap_fixed<19, 9, 5, 3, 0>, config5_mult>.exit"   --->   Operation 81 'phi' 'p_ZZN4nnet24compute_output_buffer_2dINS_5arrayI9ap_ufixedILi6ELi0EL9ap_q_mode4EL9_630' <Predicate = true> <Delay = 0.00>
ST_3 : Operation 82 [1/1] (0.00ns)   --->   "%p_ZZN4nnet24compute_output_buffer_2dINS_5arrayI9ap_ufixedILi6ELi0EL9ap_q_mode4EL9_631 = phi i6 0, void %entry, i6 %p_ZZN4nnet24compute_output_buffer_2dINS_5arrayI9ap_ufixedILi6ELi0EL9ap_q_mode4EL9_551, void %MultLoop.split.i, i6 0, void %dense_resource_rf_leq_nin<ap_ufixed<6, 0, 4, 0, 0>, ap_fixed<19, 9, 5, 3, 0>, config5_mult>.exit"   --->   Operation 82 'phi' 'p_ZZN4nnet24compute_output_buffer_2dINS_5arrayI9ap_ufixedILi6ELi0EL9ap_q_mode4EL9_631' <Predicate = true> <Delay = 0.00>
ST_3 : Operation 83 [1/1] (0.00ns)   --->   "%p_ZZN4nnet24compute_output_buffer_2dINS_5arrayI9ap_ufixedILi6ELi0EL9ap_q_mode4EL9_632 = phi i6 0, void %entry, i6 %p_ZZN4nnet24compute_output_buffer_2dINS_5arrayI9ap_ufixedILi6ELi0EL9ap_q_mode4EL9_552, void %MultLoop.split.i, i6 0, void %dense_resource_rf_leq_nin<ap_ufixed<6, 0, 4, 0, 0>, ap_fixed<19, 9, 5, 3, 0>, config5_mult>.exit"   --->   Operation 83 'phi' 'p_ZZN4nnet24compute_output_buffer_2dINS_5arrayI9ap_ufixedILi6ELi0EL9ap_q_mode4EL9_632' <Predicate = true> <Delay = 0.00>
ST_3 : Operation 84 [1/1] (0.00ns)   --->   "%p_ZZN4nnet24compute_output_buffer_2dINS_5arrayI9ap_ufixedILi6ELi0EL9ap_q_mode4EL9_633 = phi i6 0, void %entry, i6 %p_ZZN4nnet24compute_output_buffer_2dINS_5arrayI9ap_ufixedILi6ELi0EL9ap_q_mode4EL9_553, void %MultLoop.split.i, i6 0, void %dense_resource_rf_leq_nin<ap_ufixed<6, 0, 4, 0, 0>, ap_fixed<19, 9, 5, 3, 0>, config5_mult>.exit"   --->   Operation 84 'phi' 'p_ZZN4nnet24compute_output_buffer_2dINS_5arrayI9ap_ufixedILi6ELi0EL9ap_q_mode4EL9_633' <Predicate = true> <Delay = 0.00>
ST_3 : Operation 85 [1/1] (0.00ns)   --->   "%p_ZZN4nnet24compute_output_buffer_2dINS_5arrayI9ap_ufixedILi6ELi0EL9ap_q_mode4EL9_634 = phi i6 0, void %entry, i6 %p_ZZN4nnet24compute_output_buffer_2dINS_5arrayI9ap_ufixedILi6ELi0EL9ap_q_mode4EL9_554, void %MultLoop.split.i, i6 0, void %dense_resource_rf_leq_nin<ap_ufixed<6, 0, 4, 0, 0>, ap_fixed<19, 9, 5, 3, 0>, config5_mult>.exit"   --->   Operation 85 'phi' 'p_ZZN4nnet24compute_output_buffer_2dINS_5arrayI9ap_ufixedILi6ELi0EL9ap_q_mode4EL9_634' <Predicate = true> <Delay = 0.00>
ST_3 : Operation 86 [1/1] (0.00ns)   --->   "%p_ZZN4nnet24compute_output_buffer_2dINS_5arrayI9ap_ufixedILi6ELi0EL9ap_q_mode4EL9_635 = phi i6 0, void %entry, i6 %p_ZZN4nnet24compute_output_buffer_2dINS_5arrayI9ap_ufixedILi6ELi0EL9ap_q_mode4EL9_555, void %MultLoop.split.i, i6 0, void %dense_resource_rf_leq_nin<ap_ufixed<6, 0, 4, 0, 0>, ap_fixed<19, 9, 5, 3, 0>, config5_mult>.exit"   --->   Operation 86 'phi' 'p_ZZN4nnet24compute_output_buffer_2dINS_5arrayI9ap_ufixedILi6ELi0EL9ap_q_mode4EL9_635' <Predicate = true> <Delay = 0.00>
ST_3 : Operation 87 [1/1] (0.00ns)   --->   "%p_ZZN4nnet24compute_output_buffer_2dINS_5arrayI9ap_ufixedILi6ELi0EL9ap_q_mode4EL9_636 = phi i6 0, void %entry, i6 %p_ZZN4nnet24compute_output_buffer_2dINS_5arrayI9ap_ufixedILi6ELi0EL9ap_q_mode4EL9_556, void %MultLoop.split.i, i6 0, void %dense_resource_rf_leq_nin<ap_ufixed<6, 0, 4, 0, 0>, ap_fixed<19, 9, 5, 3, 0>, config5_mult>.exit"   --->   Operation 87 'phi' 'p_ZZN4nnet24compute_output_buffer_2dINS_5arrayI9ap_ufixedILi6ELi0EL9ap_q_mode4EL9_636' <Predicate = true> <Delay = 0.00>
ST_3 : Operation 88 [1/1] (0.00ns)   --->   "%p_ZZN4nnet24compute_output_buffer_2dINS_5arrayI9ap_ufixedILi6ELi0EL9ap_q_mode4EL9_637 = phi i6 0, void %entry, i6 %p_ZZN4nnet24compute_output_buffer_2dINS_5arrayI9ap_ufixedILi6ELi0EL9ap_q_mode4EL9_557, void %MultLoop.split.i, i6 0, void %dense_resource_rf_leq_nin<ap_ufixed<6, 0, 4, 0, 0>, ap_fixed<19, 9, 5, 3, 0>, config5_mult>.exit"   --->   Operation 88 'phi' 'p_ZZN4nnet24compute_output_buffer_2dINS_5arrayI9ap_ufixedILi6ELi0EL9ap_q_mode4EL9_637' <Predicate = true> <Delay = 0.00>
ST_3 : Operation 89 [1/1] (0.00ns)   --->   "%p_ZZN4nnet24compute_output_buffer_2dINS_5arrayI9ap_ufixedILi6ELi0EL9ap_q_mode4EL9_638 = phi i6 0, void %entry, i6 %p_ZZN4nnet24compute_output_buffer_2dINS_5arrayI9ap_ufixedILi6ELi0EL9ap_q_mode4EL9_558, void %MultLoop.split.i, i6 0, void %dense_resource_rf_leq_nin<ap_ufixed<6, 0, 4, 0, 0>, ap_fixed<19, 9, 5, 3, 0>, config5_mult>.exit"   --->   Operation 89 'phi' 'p_ZZN4nnet24compute_output_buffer_2dINS_5arrayI9ap_ufixedILi6ELi0EL9ap_q_mode4EL9_638' <Predicate = true> <Delay = 0.00>
ST_3 : Operation 90 [1/1] (0.00ns)   --->   "%p_ZZN4nnet24compute_output_buffer_2dINS_5arrayI9ap_ufixedILi6ELi0EL9ap_q_mode4EL9_639 = phi i6 0, void %entry, i6 %p_ZZN4nnet24compute_output_buffer_2dINS_5arrayI9ap_ufixedILi6ELi0EL9ap_q_mode4EL9_559, void %MultLoop.split.i, i6 0, void %dense_resource_rf_leq_nin<ap_ufixed<6, 0, 4, 0, 0>, ap_fixed<19, 9, 5, 3, 0>, config5_mult>.exit"   --->   Operation 90 'phi' 'p_ZZN4nnet24compute_output_buffer_2dINS_5arrayI9ap_ufixedILi6ELi0EL9ap_q_mode4EL9_639' <Predicate = true> <Delay = 0.00>
ST_3 : Operation 91 [1/1] (0.00ns)   --->   "%p_ZZN4nnet24compute_output_buffer_2dINS_5arrayI9ap_ufixedILi6ELi0EL9ap_q_mode4EL9_640 = phi i6 0, void %entry, i6 %p_ZZN4nnet24compute_output_buffer_2dINS_5arrayI9ap_ufixedILi6ELi0EL9ap_q_mode4EL9_560, void %MultLoop.split.i, i6 0, void %dense_resource_rf_leq_nin<ap_ufixed<6, 0, 4, 0, 0>, ap_fixed<19, 9, 5, 3, 0>, config5_mult>.exit"   --->   Operation 91 'phi' 'p_ZZN4nnet24compute_output_buffer_2dINS_5arrayI9ap_ufixedILi6ELi0EL9ap_q_mode4EL9_640' <Predicate = true> <Delay = 0.00>
ST_3 : Operation 92 [1/1] (0.00ns)   --->   "%p_ZZN4nnet24compute_output_buffer_2dINS_5arrayI9ap_ufixedILi6ELi0EL9ap_q_mode4EL9_641 = phi i6 0, void %entry, i6 %p_ZZN4nnet24compute_output_buffer_2dINS_5arrayI9ap_ufixedILi6ELi0EL9ap_q_mode4EL9_561, void %MultLoop.split.i, i6 0, void %dense_resource_rf_leq_nin<ap_ufixed<6, 0, 4, 0, 0>, ap_fixed<19, 9, 5, 3, 0>, config5_mult>.exit"   --->   Operation 92 'phi' 'p_ZZN4nnet24compute_output_buffer_2dINS_5arrayI9ap_ufixedILi6ELi0EL9ap_q_mode4EL9_641' <Predicate = true> <Delay = 0.00>
ST_3 : Operation 93 [1/1] (0.00ns)   --->   "%p_ZZN4nnet24compute_output_buffer_2dINS_5arrayI9ap_ufixedILi6ELi0EL9ap_q_mode4EL9_642 = phi i6 0, void %entry, i6 %p_ZZN4nnet24compute_output_buffer_2dINS_5arrayI9ap_ufixedILi6ELi0EL9ap_q_mode4EL9_562, void %MultLoop.split.i, i6 0, void %dense_resource_rf_leq_nin<ap_ufixed<6, 0, 4, 0, 0>, ap_fixed<19, 9, 5, 3, 0>, config5_mult>.exit"   --->   Operation 93 'phi' 'p_ZZN4nnet24compute_output_buffer_2dINS_5arrayI9ap_ufixedILi6ELi0EL9ap_q_mode4EL9_642' <Predicate = true> <Delay = 0.00>
ST_3 : Operation 94 [1/1] (0.00ns)   --->   "%p_ZZN4nnet24compute_output_buffer_2dINS_5arrayI9ap_ufixedILi6ELi0EL9ap_q_mode4EL9_643 = phi i6 0, void %entry, i6 %p_ZZN4nnet24compute_output_buffer_2dINS_5arrayI9ap_ufixedILi6ELi0EL9ap_q_mode4EL9_563, void %MultLoop.split.i, i6 0, void %dense_resource_rf_leq_nin<ap_ufixed<6, 0, 4, 0, 0>, ap_fixed<19, 9, 5, 3, 0>, config5_mult>.exit"   --->   Operation 94 'phi' 'p_ZZN4nnet24compute_output_buffer_2dINS_5arrayI9ap_ufixedILi6ELi0EL9ap_q_mode4EL9_643' <Predicate = true> <Delay = 0.00>
ST_3 : Operation 95 [1/1] (0.00ns)   --->   "%p_ZZN4nnet24compute_output_buffer_2dINS_5arrayI9ap_ufixedILi6ELi0EL9ap_q_mode4EL9_644 = phi i6 0, void %entry, i6 %p_ZZN4nnet24compute_output_buffer_2dINS_5arrayI9ap_ufixedILi6ELi0EL9ap_q_mode4EL9_564, void %MultLoop.split.i, i6 0, void %dense_resource_rf_leq_nin<ap_ufixed<6, 0, 4, 0, 0>, ap_fixed<19, 9, 5, 3, 0>, config5_mult>.exit"   --->   Operation 95 'phi' 'p_ZZN4nnet24compute_output_buffer_2dINS_5arrayI9ap_ufixedILi6ELi0EL9ap_q_mode4EL9_644' <Predicate = true> <Delay = 0.00>
ST_3 : Operation 96 [1/1] (0.00ns)   --->   "%p_ZZN4nnet24compute_output_buffer_2dINS_5arrayI9ap_ufixedILi6ELi0EL9ap_q_mode4EL9_645 = phi i6 0, void %entry, i6 %p_ZZN4nnet24compute_output_buffer_2dINS_5arrayI9ap_ufixedILi6ELi0EL9ap_q_mode4EL9_565, void %MultLoop.split.i, i6 0, void %dense_resource_rf_leq_nin<ap_ufixed<6, 0, 4, 0, 0>, ap_fixed<19, 9, 5, 3, 0>, config5_mult>.exit"   --->   Operation 96 'phi' 'p_ZZN4nnet24compute_output_buffer_2dINS_5arrayI9ap_ufixedILi6ELi0EL9ap_q_mode4EL9_645' <Predicate = true> <Delay = 0.00>
ST_3 : Operation 97 [1/1] (0.00ns)   --->   "%p_ZZN4nnet24compute_output_buffer_2dINS_5arrayI9ap_ufixedILi6ELi0EL9ap_q_mode4EL9_646 = phi i6 0, void %entry, i6 %p_ZZN4nnet24compute_output_buffer_2dINS_5arrayI9ap_ufixedILi6ELi0EL9ap_q_mode4EL9_566, void %MultLoop.split.i, i6 0, void %dense_resource_rf_leq_nin<ap_ufixed<6, 0, 4, 0, 0>, ap_fixed<19, 9, 5, 3, 0>, config5_mult>.exit"   --->   Operation 97 'phi' 'p_ZZN4nnet24compute_output_buffer_2dINS_5arrayI9ap_ufixedILi6ELi0EL9ap_q_mode4EL9_646' <Predicate = true> <Delay = 0.00>
ST_3 : Operation 98 [1/1] (0.00ns)   --->   "%p_ZZN4nnet24compute_output_buffer_2dINS_5arrayI9ap_ufixedILi6ELi0EL9ap_q_mode4EL9_647 = phi i6 0, void %entry, i6 %p_ZZN4nnet24compute_output_buffer_2dINS_5arrayI9ap_ufixedILi6ELi0EL9ap_q_mode4EL9_567, void %MultLoop.split.i, i6 0, void %dense_resource_rf_leq_nin<ap_ufixed<6, 0, 4, 0, 0>, ap_fixed<19, 9, 5, 3, 0>, config5_mult>.exit"   --->   Operation 98 'phi' 'p_ZZN4nnet24compute_output_buffer_2dINS_5arrayI9ap_ufixedILi6ELi0EL9ap_q_mode4EL9_647' <Predicate = true> <Delay = 0.00>
ST_3 : Operation 99 [1/1] (0.00ns)   --->   "%p_ZZN4nnet24compute_output_buffer_2dINS_5arrayI9ap_ufixedILi6ELi0EL9ap_q_mode4EL9_648 = phi i6 0, void %entry, i6 %p_ZZN4nnet24compute_output_buffer_2dINS_5arrayI9ap_ufixedILi6ELi0EL9ap_q_mode4EL9_568, void %MultLoop.split.i, i6 0, void %dense_resource_rf_leq_nin<ap_ufixed<6, 0, 4, 0, 0>, ap_fixed<19, 9, 5, 3, 0>, config5_mult>.exit"   --->   Operation 99 'phi' 'p_ZZN4nnet24compute_output_buffer_2dINS_5arrayI9ap_ufixedILi6ELi0EL9ap_q_mode4EL9_648' <Predicate = true> <Delay = 0.00>
ST_3 : Operation 100 [1/1] (0.00ns)   --->   "%p_ZZN4nnet24compute_output_buffer_2dINS_5arrayI9ap_ufixedILi6ELi0EL9ap_q_mode4EL9_649 = phi i6 0, void %entry, i6 %p_ZZN4nnet24compute_output_buffer_2dINS_5arrayI9ap_ufixedILi6ELi0EL9ap_q_mode4EL9_569, void %MultLoop.split.i, i6 0, void %dense_resource_rf_leq_nin<ap_ufixed<6, 0, 4, 0, 0>, ap_fixed<19, 9, 5, 3, 0>, config5_mult>.exit"   --->   Operation 100 'phi' 'p_ZZN4nnet24compute_output_buffer_2dINS_5arrayI9ap_ufixedILi6ELi0EL9ap_q_mode4EL9_649' <Predicate = true> <Delay = 0.00>
ST_3 : Operation 101 [1/1] (0.00ns)   --->   "%p_ZZN4nnet24compute_output_buffer_2dINS_5arrayI9ap_ufixedILi6ELi0EL9ap_q_mode4EL9_650 = phi i6 0, void %entry, i6 %p_ZZN4nnet24compute_output_buffer_2dINS_5arrayI9ap_ufixedILi6ELi0EL9ap_q_mode4EL9_570, void %MultLoop.split.i, i6 0, void %dense_resource_rf_leq_nin<ap_ufixed<6, 0, 4, 0, 0>, ap_fixed<19, 9, 5, 3, 0>, config5_mult>.exit"   --->   Operation 101 'phi' 'p_ZZN4nnet24compute_output_buffer_2dINS_5arrayI9ap_ufixedILi6ELi0EL9ap_q_mode4EL9_650' <Predicate = true> <Delay = 0.00>
ST_3 : Operation 102 [1/1] (0.00ns)   --->   "%p_ZZN4nnet24compute_output_buffer_2dINS_5arrayI9ap_ufixedILi6ELi0EL9ap_q_mode4EL9_651 = phi i6 0, void %entry, i6 %p_ZZN4nnet24compute_output_buffer_2dINS_5arrayI9ap_ufixedILi6ELi0EL9ap_q_mode4EL9_571, void %MultLoop.split.i, i6 0, void %dense_resource_rf_leq_nin<ap_ufixed<6, 0, 4, 0, 0>, ap_fixed<19, 9, 5, 3, 0>, config5_mult>.exit"   --->   Operation 102 'phi' 'p_ZZN4nnet24compute_output_buffer_2dINS_5arrayI9ap_ufixedILi6ELi0EL9ap_q_mode4EL9_651' <Predicate = true> <Delay = 0.00>
ST_3 : Operation 103 [1/1] (0.00ns)   --->   "%p_ZZN4nnet24compute_output_buffer_2dINS_5arrayI9ap_ufixedILi6ELi0EL9ap_q_mode4EL9_652 = phi i6 0, void %entry, i6 %p_ZZN4nnet24compute_output_buffer_2dINS_5arrayI9ap_ufixedILi6ELi0EL9ap_q_mode4EL9_572, void %MultLoop.split.i, i6 0, void %dense_resource_rf_leq_nin<ap_ufixed<6, 0, 4, 0, 0>, ap_fixed<19, 9, 5, 3, 0>, config5_mult>.exit"   --->   Operation 103 'phi' 'p_ZZN4nnet24compute_output_buffer_2dINS_5arrayI9ap_ufixedILi6ELi0EL9ap_q_mode4EL9_652' <Predicate = true> <Delay = 0.00>
ST_3 : Operation 104 [1/1] (0.00ns)   --->   "%p_ZZN4nnet24compute_output_buffer_2dINS_5arrayI9ap_ufixedILi6ELi0EL9ap_q_mode4EL9_653 = phi i6 0, void %entry, i6 %p_ZZN4nnet24compute_output_buffer_2dINS_5arrayI9ap_ufixedILi6ELi0EL9ap_q_mode4EL9_573, void %MultLoop.split.i, i6 0, void %dense_resource_rf_leq_nin<ap_ufixed<6, 0, 4, 0, 0>, ap_fixed<19, 9, 5, 3, 0>, config5_mult>.exit"   --->   Operation 104 'phi' 'p_ZZN4nnet24compute_output_buffer_2dINS_5arrayI9ap_ufixedILi6ELi0EL9ap_q_mode4EL9_653' <Predicate = true> <Delay = 0.00>
ST_3 : Operation 105 [1/1] (0.00ns)   --->   "%p_ZZN4nnet24compute_output_buffer_2dINS_5arrayI9ap_ufixedILi6ELi0EL9ap_q_mode4EL9_654 = phi i6 0, void %entry, i6 %p_ZZN4nnet24compute_output_buffer_2dINS_5arrayI9ap_ufixedILi6ELi0EL9ap_q_mode4EL9_574, void %MultLoop.split.i, i6 0, void %dense_resource_rf_leq_nin<ap_ufixed<6, 0, 4, 0, 0>, ap_fixed<19, 9, 5, 3, 0>, config5_mult>.exit"   --->   Operation 105 'phi' 'p_ZZN4nnet24compute_output_buffer_2dINS_5arrayI9ap_ufixedILi6ELi0EL9ap_q_mode4EL9_654' <Predicate = true> <Delay = 0.00>
ST_3 : Operation 106 [1/1] (0.00ns)   --->   "%void_compute_output_buffer_2d_array_const_ap_shift_reg_n_chan_stream_weig_102 = phi i6 0, void %entry, i6 %void_compute_output_buffer_2d_array_const_ap_shift_reg_n_chan_stream_weig_82, void %MultLoop.split.i, i6 0, void %dense_resource_rf_leq_nin<ap_ufixed<6, 0, 4, 0, 0>, ap_fixed<19, 9, 5, 3, 0>, config5_mult>.exit"   --->   Operation 106 'phi' 'void_compute_output_buffer_2d_array_const_ap_shift_reg_n_chan_stream_weig_102' <Predicate = true> <Delay = 0.00>
ST_3 : Operation 107 [1/1] (0.00ns)   --->   "%void_compute_output_buffer_2d_array_const_ap_shift_reg_n_chan_stream_weig_103 = phi i6 0, void %entry, i6 %void_compute_output_buffer_2d_array_const_ap_shift_reg_n_chan_stream_weig_83, void %MultLoop.split.i, i6 0, void %dense_resource_rf_leq_nin<ap_ufixed<6, 0, 4, 0, 0>, ap_fixed<19, 9, 5, 3, 0>, config5_mult>.exit"   --->   Operation 107 'phi' 'void_compute_output_buffer_2d_array_const_ap_shift_reg_n_chan_stream_weig_103' <Predicate = true> <Delay = 0.00>
ST_3 : Operation 108 [1/1] (0.00ns)   --->   "%void_compute_output_buffer_2d_array_const_ap_shift_reg_n_chan_stream_weig_104 = phi i6 0, void %entry, i6 %void_compute_output_buffer_2d_array_const_ap_shift_reg_n_chan_stream_weig_84, void %MultLoop.split.i, i6 0, void %dense_resource_rf_leq_nin<ap_ufixed<6, 0, 4, 0, 0>, ap_fixed<19, 9, 5, 3, 0>, config5_mult>.exit"   --->   Operation 108 'phi' 'void_compute_output_buffer_2d_array_const_ap_shift_reg_n_chan_stream_weig_104' <Predicate = true> <Delay = 0.00>
ST_3 : Operation 109 [1/1] (0.00ns)   --->   "%void_compute_output_buffer_2d_array_const_ap_shift_reg_n_chan_stream_weig_105 = phi i6 0, void %entry, i6 %void_compute_output_buffer_2d_array_const_ap_shift_reg_n_chan_stream_weig_85, void %MultLoop.split.i, i6 0, void %dense_resource_rf_leq_nin<ap_ufixed<6, 0, 4, 0, 0>, ap_fixed<19, 9, 5, 3, 0>, config5_mult>.exit"   --->   Operation 109 'phi' 'void_compute_output_buffer_2d_array_const_ap_shift_reg_n_chan_stream_weig_105' <Predicate = true> <Delay = 0.00>
ST_3 : Operation 110 [1/1] (0.00ns)   --->   "%void_compute_output_buffer_2d_array_const_ap_shift_reg_n_chan_stream_weig_106 = phi i6 0, void %entry, i6 %void_compute_output_buffer_2d_array_const_ap_shift_reg_n_chan_stream_weig_86, void %MultLoop.split.i, i6 0, void %dense_resource_rf_leq_nin<ap_ufixed<6, 0, 4, 0, 0>, ap_fixed<19, 9, 5, 3, 0>, config5_mult>.exit"   --->   Operation 110 'phi' 'void_compute_output_buffer_2d_array_const_ap_shift_reg_n_chan_stream_weig_106' <Predicate = true> <Delay = 0.00>
ST_3 : Operation 111 [1/1] (0.00ns)   --->   "%void_compute_output_buffer_2d_array_const_ap_shift_reg_n_chan_stream_weig_107 = phi i6 0, void %entry, i6 %void_compute_output_buffer_2d_array_const_ap_shift_reg_n_chan_stream_weig_87, void %MultLoop.split.i, i6 0, void %dense_resource_rf_leq_nin<ap_ufixed<6, 0, 4, 0, 0>, ap_fixed<19, 9, 5, 3, 0>, config5_mult>.exit"   --->   Operation 111 'phi' 'void_compute_output_buffer_2d_array_const_ap_shift_reg_n_chan_stream_weig_107' <Predicate = true> <Delay = 0.00>
ST_3 : Operation 112 [1/1] (0.00ns)   --->   "%void_compute_output_buffer_2d_array_const_ap_shift_reg_n_chan_stream_weig_108 = phi i6 0, void %entry, i6 %void_compute_output_buffer_2d_array_const_ap_shift_reg_n_chan_stream_weig_88, void %MultLoop.split.i, i6 0, void %dense_resource_rf_leq_nin<ap_ufixed<6, 0, 4, 0, 0>, ap_fixed<19, 9, 5, 3, 0>, config5_mult>.exit"   --->   Operation 112 'phi' 'void_compute_output_buffer_2d_array_const_ap_shift_reg_n_chan_stream_weig_108' <Predicate = true> <Delay = 0.00>
ST_3 : Operation 113 [1/1] (0.00ns)   --->   "%void_compute_output_buffer_2d_array_const_ap_shift_reg_n_chan_stream_weig_109 = phi i6 0, void %entry, i6 %void_compute_output_buffer_2d_array_const_ap_shift_reg_n_chan_stream_weig_89, void %MultLoop.split.i, i6 0, void %dense_resource_rf_leq_nin<ap_ufixed<6, 0, 4, 0, 0>, ap_fixed<19, 9, 5, 3, 0>, config5_mult>.exit"   --->   Operation 113 'phi' 'void_compute_output_buffer_2d_array_const_ap_shift_reg_n_chan_stream_weig_109' <Predicate = true> <Delay = 0.00>
ST_3 : Operation 114 [1/1] (0.00ns)   --->   "%void_compute_output_buffer_2d_array_const_ap_shift_reg_n_chan_stream_weig_110 = phi i6 0, void %entry, i6 %void_compute_output_buffer_2d_array_const_ap_shift_reg_n_chan_stream_weig_90, void %MultLoop.split.i, i6 0, void %dense_resource_rf_leq_nin<ap_ufixed<6, 0, 4, 0, 0>, ap_fixed<19, 9, 5, 3, 0>, config5_mult>.exit"   --->   Operation 114 'phi' 'void_compute_output_buffer_2d_array_const_ap_shift_reg_n_chan_stream_weig_110' <Predicate = true> <Delay = 0.00>
ST_3 : Operation 115 [1/1] (0.00ns)   --->   "%void_compute_output_buffer_2d_array_const_ap_shift_reg_n_chan_stream_weig_111 = phi i6 0, void %entry, i6 %void_compute_output_buffer_2d_array_const_ap_shift_reg_n_chan_stream_weig_91, void %MultLoop.split.i, i6 0, void %dense_resource_rf_leq_nin<ap_ufixed<6, 0, 4, 0, 0>, ap_fixed<19, 9, 5, 3, 0>, config5_mult>.exit"   --->   Operation 115 'phi' 'void_compute_output_buffer_2d_array_const_ap_shift_reg_n_chan_stream_weig_111' <Predicate = true> <Delay = 0.00>
ST_3 : Operation 116 [1/1] (0.00ns)   --->   "%conv_i_i228_i7 = phi i18 0, void %entry, i18 %add_ln58, void %MultLoop.split.i, i18 0, void %dense_resource_rf_leq_nin<ap_ufixed<6, 0, 4, 0, 0>, ap_fixed<19, 9, 5, 3, 0>, config5_mult>.exit" [firmware/nnet_utils/nnet_dense_resource.h:58]   --->   Operation 116 'phi' 'conv_i_i228_i7' <Predicate = true> <Delay = 0.00>
ST_3 : Operation 117 [1/1] (0.00ns)   --->   "%conv_i_i22_19_i6 = phi i18 0, void %entry, i18 %add_ln58_10, void %MultLoop.split.i, i18 0, void %dense_resource_rf_leq_nin<ap_ufixed<6, 0, 4, 0, 0>, ap_fixed<19, 9, 5, 3, 0>, config5_mult>.exit" [firmware/nnet_utils/nnet_dense_resource.h:58]   --->   Operation 117 'phi' 'conv_i_i22_19_i6' <Predicate = true> <Delay = 0.00>
ST_3 : Operation 118 [1/1] (0.00ns)   --->   "%conv_i_i22_210_i5 = phi i18 0, void %entry, i18 %add_ln58_11, void %MultLoop.split.i, i18 0, void %dense_resource_rf_leq_nin<ap_ufixed<6, 0, 4, 0, 0>, ap_fixed<19, 9, 5, 3, 0>, config5_mult>.exit" [firmware/nnet_utils/nnet_dense_resource.h:58]   --->   Operation 118 'phi' 'conv_i_i22_210_i5' <Predicate = true> <Delay = 0.00>
ST_3 : Operation 119 [1/1] (0.00ns)   --->   "%conv_i_i22_311_i4 = phi i16 0, void %entry, i16 %add_ln58_12, void %MultLoop.split.i, i16 0, void %dense_resource_rf_leq_nin<ap_ufixed<6, 0, 4, 0, 0>, ap_fixed<19, 9, 5, 3, 0>, config5_mult>.exit" [firmware/nnet_utils/nnet_dense_resource.h:58]   --->   Operation 119 'phi' 'conv_i_i22_311_i4' <Predicate = true> <Delay = 0.00>
ST_3 : Operation 120 [1/1] (1.61ns)   --->   "%br_ln0 = br i1 %do_init, void %MultLoop.split.i, void %rewind_init"   --->   Operation 120 'br' 'br_ln0' <Predicate = true> <Delay = 1.61>
ST_3 : Operation 121 [1/1] (0.00ns)   --->   "%p_ZZN4nnet24compute_output_buffer_2dINS_5arrayI9ap_ufixedILi6ELi0EL9ap_q_mode4EL9_535 = phi i6 %p_ZZN4nnet24compute_output_buffer_2dINS_5arrayI9ap_ufixedILi6ELi0EL9ap_q_mode4EL9_614, void %rewind_init, i6 %p_ZZN4nnet24compute_output_buffer_2dINS_5arrayI9ap_ufixedILi6ELi0EL9ap_q_mode4EL9_615, void %rewind_header"   --->   Operation 121 'phi' 'p_ZZN4nnet24compute_output_buffer_2dINS_5arrayI9ap_ufixedILi6ELi0EL9ap_q_mode4EL9_535' <Predicate = true> <Delay = 0.00>
ST_3 : Operation 122 [1/1] (0.00ns)   --->   "%p_ZZN4nnet24compute_output_buffer_2dINS_5arrayI9ap_ufixedILi6ELi0EL9ap_q_mode4EL9_536 = phi i6 %p_ZZN4nnet24compute_output_buffer_2dINS_5arrayI9ap_ufixedILi6ELi0EL9ap_q_mode4EL9_613, void %rewind_init, i6 %p_ZZN4nnet24compute_output_buffer_2dINS_5arrayI9ap_ufixedILi6ELi0EL9ap_q_mode4EL9_616, void %rewind_header"   --->   Operation 122 'phi' 'p_ZZN4nnet24compute_output_buffer_2dINS_5arrayI9ap_ufixedILi6ELi0EL9ap_q_mode4EL9_536' <Predicate = true> <Delay = 0.00>
ST_3 : Operation 123 [1/1] (0.00ns)   --->   "%p_ZZN4nnet24compute_output_buffer_2dINS_5arrayI9ap_ufixedILi6ELi0EL9ap_q_mode4EL9_537 = phi i6 %p_ZZN4nnet24compute_output_buffer_2dINS_5arrayI9ap_ufixedILi6ELi0EL9ap_q_mode4EL9_612, void %rewind_init, i6 %p_ZZN4nnet24compute_output_buffer_2dINS_5arrayI9ap_ufixedILi6ELi0EL9ap_q_mode4EL9_617, void %rewind_header"   --->   Operation 123 'phi' 'p_ZZN4nnet24compute_output_buffer_2dINS_5arrayI9ap_ufixedILi6ELi0EL9ap_q_mode4EL9_537' <Predicate = true> <Delay = 0.00>
ST_3 : Operation 124 [1/1] (0.00ns)   --->   "%p_ZZN4nnet24compute_output_buffer_2dINS_5arrayI9ap_ufixedILi6ELi0EL9ap_q_mode4EL9_538 = phi i6 %p_ZZN4nnet24compute_output_buffer_2dINS_5arrayI9ap_ufixedILi6ELi0EL9ap_q_mode4EL9_611, void %rewind_init, i6 %p_ZZN4nnet24compute_output_buffer_2dINS_5arrayI9ap_ufixedILi6ELi0EL9ap_q_mode4EL9_618, void %rewind_header"   --->   Operation 124 'phi' 'p_ZZN4nnet24compute_output_buffer_2dINS_5arrayI9ap_ufixedILi6ELi0EL9ap_q_mode4EL9_538' <Predicate = true> <Delay = 0.00>
ST_3 : Operation 125 [1/1] (0.00ns)   --->   "%p_ZZN4nnet24compute_output_buffer_2dINS_5arrayI9ap_ufixedILi6ELi0EL9ap_q_mode4EL9_539 = phi i6 %p_ZZN4nnet24compute_output_buffer_2dINS_5arrayI9ap_ufixedILi6ELi0EL9ap_q_mode4EL9_610, void %rewind_init, i6 %p_ZZN4nnet24compute_output_buffer_2dINS_5arrayI9ap_ufixedILi6ELi0EL9ap_q_mode4EL9_619, void %rewind_header"   --->   Operation 125 'phi' 'p_ZZN4nnet24compute_output_buffer_2dINS_5arrayI9ap_ufixedILi6ELi0EL9ap_q_mode4EL9_539' <Predicate = true> <Delay = 0.00>
ST_3 : Operation 126 [1/1] (0.00ns)   --->   "%p_ZZN4nnet24compute_output_buffer_2dINS_5arrayI9ap_ufixedILi6ELi0EL9ap_q_mode4EL9_540 = phi i6 %p_ZZN4nnet24compute_output_buffer_2dINS_5arrayI9ap_ufixedILi6ELi0EL9ap_q_mode4EL9_609, void %rewind_init, i6 %p_ZZN4nnet24compute_output_buffer_2dINS_5arrayI9ap_ufixedILi6ELi0EL9ap_q_mode4EL9_620, void %rewind_header"   --->   Operation 126 'phi' 'p_ZZN4nnet24compute_output_buffer_2dINS_5arrayI9ap_ufixedILi6ELi0EL9ap_q_mode4EL9_540' <Predicate = true> <Delay = 0.00>
ST_3 : Operation 127 [1/1] (0.00ns)   --->   "%p_ZZN4nnet24compute_output_buffer_2dINS_5arrayI9ap_ufixedILi6ELi0EL9ap_q_mode4EL9_541 = phi i6 %p_ZZN4nnet24compute_output_buffer_2dINS_5arrayI9ap_ufixedILi6ELi0EL9ap_q_mode4EL9_608, void %rewind_init, i6 %p_ZZN4nnet24compute_output_buffer_2dINS_5arrayI9ap_ufixedILi6ELi0EL9ap_q_mode4EL9_621, void %rewind_header"   --->   Operation 127 'phi' 'p_ZZN4nnet24compute_output_buffer_2dINS_5arrayI9ap_ufixedILi6ELi0EL9ap_q_mode4EL9_541' <Predicate = true> <Delay = 0.00>
ST_3 : Operation 128 [1/1] (0.00ns)   --->   "%p_ZZN4nnet24compute_output_buffer_2dINS_5arrayI9ap_ufixedILi6ELi0EL9ap_q_mode4EL9_542 = phi i6 %p_ZZN4nnet24compute_output_buffer_2dINS_5arrayI9ap_ufixedILi6ELi0EL9ap_q_mode4EL9_607, void %rewind_init, i6 %p_ZZN4nnet24compute_output_buffer_2dINS_5arrayI9ap_ufixedILi6ELi0EL9ap_q_mode4EL9_622, void %rewind_header"   --->   Operation 128 'phi' 'p_ZZN4nnet24compute_output_buffer_2dINS_5arrayI9ap_ufixedILi6ELi0EL9ap_q_mode4EL9_542' <Predicate = true> <Delay = 0.00>
ST_3 : Operation 129 [1/1] (0.00ns)   --->   "%p_ZZN4nnet24compute_output_buffer_2dINS_5arrayI9ap_ufixedILi6ELi0EL9ap_q_mode4EL9_543 = phi i6 %p_ZZN4nnet24compute_output_buffer_2dINS_5arrayI9ap_ufixedILi6ELi0EL9ap_q_mode4EL9_606, void %rewind_init, i6 %p_ZZN4nnet24compute_output_buffer_2dINS_5arrayI9ap_ufixedILi6ELi0EL9ap_q_mode4EL9_623, void %rewind_header"   --->   Operation 129 'phi' 'p_ZZN4nnet24compute_output_buffer_2dINS_5arrayI9ap_ufixedILi6ELi0EL9ap_q_mode4EL9_543' <Predicate = true> <Delay = 0.00>
ST_3 : Operation 130 [1/1] (0.00ns)   --->   "%p_ZZN4nnet24compute_output_buffer_2dINS_5arrayI9ap_ufixedILi6ELi0EL9ap_q_mode4EL9_544 = phi i6 %p_ZZN4nnet24compute_output_buffer_2dINS_5arrayI9ap_ufixedILi6ELi0EL9ap_q_mode4EL9_605, void %rewind_init, i6 %p_ZZN4nnet24compute_output_buffer_2dINS_5arrayI9ap_ufixedILi6ELi0EL9ap_q_mode4EL9_624, void %rewind_header"   --->   Operation 130 'phi' 'p_ZZN4nnet24compute_output_buffer_2dINS_5arrayI9ap_ufixedILi6ELi0EL9ap_q_mode4EL9_544' <Predicate = true> <Delay = 0.00>
ST_3 : Operation 131 [1/1] (0.00ns)   --->   "%p_ZZN4nnet24compute_output_buffer_2dINS_5arrayI9ap_ufixedILi6ELi0EL9ap_q_mode4EL9_545 = phi i6 %p_ZZN4nnet24compute_output_buffer_2dINS_5arrayI9ap_ufixedILi6ELi0EL9ap_q_mode4EL9_604, void %rewind_init, i6 %p_ZZN4nnet24compute_output_buffer_2dINS_5arrayI9ap_ufixedILi6ELi0EL9ap_q_mode4EL9_625, void %rewind_header"   --->   Operation 131 'phi' 'p_ZZN4nnet24compute_output_buffer_2dINS_5arrayI9ap_ufixedILi6ELi0EL9ap_q_mode4EL9_545' <Predicate = true> <Delay = 0.00>
ST_3 : Operation 132 [1/1] (0.00ns)   --->   "%p_ZZN4nnet24compute_output_buffer_2dINS_5arrayI9ap_ufixedILi6ELi0EL9ap_q_mode4EL9_546 = phi i6 %p_ZZN4nnet24compute_output_buffer_2dINS_5arrayI9ap_ufixedILi6ELi0EL9ap_q_mode4EL9_603, void %rewind_init, i6 %p_ZZN4nnet24compute_output_buffer_2dINS_5arrayI9ap_ufixedILi6ELi0EL9ap_q_mode4EL9_626, void %rewind_header"   --->   Operation 132 'phi' 'p_ZZN4nnet24compute_output_buffer_2dINS_5arrayI9ap_ufixedILi6ELi0EL9ap_q_mode4EL9_546' <Predicate = true> <Delay = 0.00>
ST_3 : Operation 133 [1/1] (0.00ns)   --->   "%p_ZZN4nnet24compute_output_buffer_2dINS_5arrayI9ap_ufixedILi6ELi0EL9ap_q_mode4EL9_547 = phi i6 %p_ZZN4nnet24compute_output_buffer_2dINS_5arrayI9ap_ufixedILi6ELi0EL9ap_q_mode4EL9_602, void %rewind_init, i6 %p_ZZN4nnet24compute_output_buffer_2dINS_5arrayI9ap_ufixedILi6ELi0EL9ap_q_mode4EL9_627, void %rewind_header"   --->   Operation 133 'phi' 'p_ZZN4nnet24compute_output_buffer_2dINS_5arrayI9ap_ufixedILi6ELi0EL9ap_q_mode4EL9_547' <Predicate = true> <Delay = 0.00>
ST_3 : Operation 134 [1/1] (0.00ns)   --->   "%p_ZZN4nnet24compute_output_buffer_2dINS_5arrayI9ap_ufixedILi6ELi0EL9ap_q_mode4EL9_548 = phi i6 %p_ZZN4nnet24compute_output_buffer_2dINS_5arrayI9ap_ufixedILi6ELi0EL9ap_q_mode4EL9_601, void %rewind_init, i6 %p_ZZN4nnet24compute_output_buffer_2dINS_5arrayI9ap_ufixedILi6ELi0EL9ap_q_mode4EL9_628, void %rewind_header"   --->   Operation 134 'phi' 'p_ZZN4nnet24compute_output_buffer_2dINS_5arrayI9ap_ufixedILi6ELi0EL9ap_q_mode4EL9_548' <Predicate = true> <Delay = 0.00>
ST_3 : Operation 135 [1/1] (0.00ns)   --->   "%p_ZZN4nnet24compute_output_buffer_2dINS_5arrayI9ap_ufixedILi6ELi0EL9ap_q_mode4EL9_549 = phi i6 %p_ZZN4nnet24compute_output_buffer_2dINS_5arrayI9ap_ufixedILi6ELi0EL9ap_q_mode4EL9_600, void %rewind_init, i6 %p_ZZN4nnet24compute_output_buffer_2dINS_5arrayI9ap_ufixedILi6ELi0EL9ap_q_mode4EL9_629, void %rewind_header"   --->   Operation 135 'phi' 'p_ZZN4nnet24compute_output_buffer_2dINS_5arrayI9ap_ufixedILi6ELi0EL9ap_q_mode4EL9_549' <Predicate = true> <Delay = 0.00>
ST_3 : Operation 136 [1/1] (0.00ns)   --->   "%p_ZZN4nnet24compute_output_buffer_2dINS_5arrayI9ap_ufixedILi6ELi0EL9ap_q_mode4EL9_550 = phi i6 %p_ZZN4nnet24compute_output_buffer_2dINS_5arrayI9ap_ufixedILi6ELi0EL9ap_q_mode4EL9_599, void %rewind_init, i6 %p_ZZN4nnet24compute_output_buffer_2dINS_5arrayI9ap_ufixedILi6ELi0EL9ap_q_mode4EL9_630, void %rewind_header"   --->   Operation 136 'phi' 'p_ZZN4nnet24compute_output_buffer_2dINS_5arrayI9ap_ufixedILi6ELi0EL9ap_q_mode4EL9_550' <Predicate = true> <Delay = 0.00>
ST_3 : Operation 137 [1/1] (0.00ns)   --->   "%p_ZZN4nnet24compute_output_buffer_2dINS_5arrayI9ap_ufixedILi6ELi0EL9ap_q_mode4EL9_551 = phi i6 %p_ZZN4nnet24compute_output_buffer_2dINS_5arrayI9ap_ufixedILi6ELi0EL9ap_q_mode4EL9_598, void %rewind_init, i6 %p_ZZN4nnet24compute_output_buffer_2dINS_5arrayI9ap_ufixedILi6ELi0EL9ap_q_mode4EL9_631, void %rewind_header"   --->   Operation 137 'phi' 'p_ZZN4nnet24compute_output_buffer_2dINS_5arrayI9ap_ufixedILi6ELi0EL9ap_q_mode4EL9_551' <Predicate = true> <Delay = 0.00>
ST_3 : Operation 138 [1/1] (0.00ns)   --->   "%p_ZZN4nnet24compute_output_buffer_2dINS_5arrayI9ap_ufixedILi6ELi0EL9ap_q_mode4EL9_552 = phi i6 %p_ZZN4nnet24compute_output_buffer_2dINS_5arrayI9ap_ufixedILi6ELi0EL9ap_q_mode4EL9_597, void %rewind_init, i6 %p_ZZN4nnet24compute_output_buffer_2dINS_5arrayI9ap_ufixedILi6ELi0EL9ap_q_mode4EL9_632, void %rewind_header"   --->   Operation 138 'phi' 'p_ZZN4nnet24compute_output_buffer_2dINS_5arrayI9ap_ufixedILi6ELi0EL9ap_q_mode4EL9_552' <Predicate = true> <Delay = 0.00>
ST_3 : Operation 139 [1/1] (0.00ns)   --->   "%p_ZZN4nnet24compute_output_buffer_2dINS_5arrayI9ap_ufixedILi6ELi0EL9ap_q_mode4EL9_553 = phi i6 %p_ZZN4nnet24compute_output_buffer_2dINS_5arrayI9ap_ufixedILi6ELi0EL9ap_q_mode4EL9_596, void %rewind_init, i6 %p_ZZN4nnet24compute_output_buffer_2dINS_5arrayI9ap_ufixedILi6ELi0EL9ap_q_mode4EL9_633, void %rewind_header"   --->   Operation 139 'phi' 'p_ZZN4nnet24compute_output_buffer_2dINS_5arrayI9ap_ufixedILi6ELi0EL9ap_q_mode4EL9_553' <Predicate = true> <Delay = 0.00>
ST_3 : Operation 140 [1/1] (0.00ns)   --->   "%p_ZZN4nnet24compute_output_buffer_2dINS_5arrayI9ap_ufixedILi6ELi0EL9ap_q_mode4EL9_554 = phi i6 %p_ZZN4nnet24compute_output_buffer_2dINS_5arrayI9ap_ufixedILi6ELi0EL9ap_q_mode4EL9_595, void %rewind_init, i6 %p_ZZN4nnet24compute_output_buffer_2dINS_5arrayI9ap_ufixedILi6ELi0EL9ap_q_mode4EL9_634, void %rewind_header"   --->   Operation 140 'phi' 'p_ZZN4nnet24compute_output_buffer_2dINS_5arrayI9ap_ufixedILi6ELi0EL9ap_q_mode4EL9_554' <Predicate = true> <Delay = 0.00>
ST_3 : Operation 141 [1/1] (0.00ns)   --->   "%p_ZZN4nnet24compute_output_buffer_2dINS_5arrayI9ap_ufixedILi6ELi0EL9ap_q_mode4EL9_555 = phi i6 %p_ZZN4nnet24compute_output_buffer_2dINS_5arrayI9ap_ufixedILi6ELi0EL9ap_q_mode4EL9_594, void %rewind_init, i6 %p_ZZN4nnet24compute_output_buffer_2dINS_5arrayI9ap_ufixedILi6ELi0EL9ap_q_mode4EL9_635, void %rewind_header"   --->   Operation 141 'phi' 'p_ZZN4nnet24compute_output_buffer_2dINS_5arrayI9ap_ufixedILi6ELi0EL9ap_q_mode4EL9_555' <Predicate = true> <Delay = 0.00>
ST_3 : Operation 142 [1/1] (0.00ns)   --->   "%p_ZZN4nnet24compute_output_buffer_2dINS_5arrayI9ap_ufixedILi6ELi0EL9ap_q_mode4EL9_556 = phi i6 %p_ZZN4nnet24compute_output_buffer_2dINS_5arrayI9ap_ufixedILi6ELi0EL9ap_q_mode4EL9_593, void %rewind_init, i6 %p_ZZN4nnet24compute_output_buffer_2dINS_5arrayI9ap_ufixedILi6ELi0EL9ap_q_mode4EL9_636, void %rewind_header"   --->   Operation 142 'phi' 'p_ZZN4nnet24compute_output_buffer_2dINS_5arrayI9ap_ufixedILi6ELi0EL9ap_q_mode4EL9_556' <Predicate = true> <Delay = 0.00>
ST_3 : Operation 143 [1/1] (0.00ns)   --->   "%p_ZZN4nnet24compute_output_buffer_2dINS_5arrayI9ap_ufixedILi6ELi0EL9ap_q_mode4EL9_557 = phi i6 %p_ZZN4nnet24compute_output_buffer_2dINS_5arrayI9ap_ufixedILi6ELi0EL9ap_q_mode4EL9_592, void %rewind_init, i6 %p_ZZN4nnet24compute_output_buffer_2dINS_5arrayI9ap_ufixedILi6ELi0EL9ap_q_mode4EL9_637, void %rewind_header"   --->   Operation 143 'phi' 'p_ZZN4nnet24compute_output_buffer_2dINS_5arrayI9ap_ufixedILi6ELi0EL9ap_q_mode4EL9_557' <Predicate = true> <Delay = 0.00>
ST_3 : Operation 144 [1/1] (0.00ns)   --->   "%p_ZZN4nnet24compute_output_buffer_2dINS_5arrayI9ap_ufixedILi6ELi0EL9ap_q_mode4EL9_558 = phi i6 %p_ZZN4nnet24compute_output_buffer_2dINS_5arrayI9ap_ufixedILi6ELi0EL9ap_q_mode4EL9_591, void %rewind_init, i6 %p_ZZN4nnet24compute_output_buffer_2dINS_5arrayI9ap_ufixedILi6ELi0EL9ap_q_mode4EL9_638, void %rewind_header"   --->   Operation 144 'phi' 'p_ZZN4nnet24compute_output_buffer_2dINS_5arrayI9ap_ufixedILi6ELi0EL9ap_q_mode4EL9_558' <Predicate = true> <Delay = 0.00>
ST_3 : Operation 145 [1/1] (0.00ns)   --->   "%p_ZZN4nnet24compute_output_buffer_2dINS_5arrayI9ap_ufixedILi6ELi0EL9ap_q_mode4EL9_559 = phi i6 %p_ZZN4nnet24compute_output_buffer_2dINS_5arrayI9ap_ufixedILi6ELi0EL9ap_q_mode4EL9_590, void %rewind_init, i6 %p_ZZN4nnet24compute_output_buffer_2dINS_5arrayI9ap_ufixedILi6ELi0EL9ap_q_mode4EL9_639, void %rewind_header"   --->   Operation 145 'phi' 'p_ZZN4nnet24compute_output_buffer_2dINS_5arrayI9ap_ufixedILi6ELi0EL9ap_q_mode4EL9_559' <Predicate = true> <Delay = 0.00>
ST_3 : Operation 146 [1/1] (0.00ns)   --->   "%p_ZZN4nnet24compute_output_buffer_2dINS_5arrayI9ap_ufixedILi6ELi0EL9ap_q_mode4EL9_560 = phi i6 %p_ZZN4nnet24compute_output_buffer_2dINS_5arrayI9ap_ufixedILi6ELi0EL9ap_q_mode4EL9_589, void %rewind_init, i6 %p_ZZN4nnet24compute_output_buffer_2dINS_5arrayI9ap_ufixedILi6ELi0EL9ap_q_mode4EL9_640, void %rewind_header"   --->   Operation 146 'phi' 'p_ZZN4nnet24compute_output_buffer_2dINS_5arrayI9ap_ufixedILi6ELi0EL9ap_q_mode4EL9_560' <Predicate = true> <Delay = 0.00>
ST_3 : Operation 147 [1/1] (0.00ns)   --->   "%p_ZZN4nnet24compute_output_buffer_2dINS_5arrayI9ap_ufixedILi6ELi0EL9ap_q_mode4EL9_561 = phi i6 %p_ZZN4nnet24compute_output_buffer_2dINS_5arrayI9ap_ufixedILi6ELi0EL9ap_q_mode4EL9_588, void %rewind_init, i6 %p_ZZN4nnet24compute_output_buffer_2dINS_5arrayI9ap_ufixedILi6ELi0EL9ap_q_mode4EL9_641, void %rewind_header"   --->   Operation 147 'phi' 'p_ZZN4nnet24compute_output_buffer_2dINS_5arrayI9ap_ufixedILi6ELi0EL9ap_q_mode4EL9_561' <Predicate = true> <Delay = 0.00>
ST_3 : Operation 148 [1/1] (0.00ns)   --->   "%p_ZZN4nnet24compute_output_buffer_2dINS_5arrayI9ap_ufixedILi6ELi0EL9ap_q_mode4EL9_562 = phi i6 %p_ZZN4nnet24compute_output_buffer_2dINS_5arrayI9ap_ufixedILi6ELi0EL9ap_q_mode4EL9_587, void %rewind_init, i6 %p_ZZN4nnet24compute_output_buffer_2dINS_5arrayI9ap_ufixedILi6ELi0EL9ap_q_mode4EL9_642, void %rewind_header"   --->   Operation 148 'phi' 'p_ZZN4nnet24compute_output_buffer_2dINS_5arrayI9ap_ufixedILi6ELi0EL9ap_q_mode4EL9_562' <Predicate = true> <Delay = 0.00>
ST_3 : Operation 149 [1/1] (0.00ns)   --->   "%p_ZZN4nnet24compute_output_buffer_2dINS_5arrayI9ap_ufixedILi6ELi0EL9ap_q_mode4EL9_563 = phi i6 %p_ZZN4nnet24compute_output_buffer_2dINS_5arrayI9ap_ufixedILi6ELi0EL9ap_q_mode4EL9_586, void %rewind_init, i6 %p_ZZN4nnet24compute_output_buffer_2dINS_5arrayI9ap_ufixedILi6ELi0EL9ap_q_mode4EL9_643, void %rewind_header"   --->   Operation 149 'phi' 'p_ZZN4nnet24compute_output_buffer_2dINS_5arrayI9ap_ufixedILi6ELi0EL9ap_q_mode4EL9_563' <Predicate = true> <Delay = 0.00>
ST_3 : Operation 150 [1/1] (0.00ns)   --->   "%p_ZZN4nnet24compute_output_buffer_2dINS_5arrayI9ap_ufixedILi6ELi0EL9ap_q_mode4EL9_564 = phi i6 %p_ZZN4nnet24compute_output_buffer_2dINS_5arrayI9ap_ufixedILi6ELi0EL9ap_q_mode4EL9_585, void %rewind_init, i6 %p_ZZN4nnet24compute_output_buffer_2dINS_5arrayI9ap_ufixedILi6ELi0EL9ap_q_mode4EL9_644, void %rewind_header"   --->   Operation 150 'phi' 'p_ZZN4nnet24compute_output_buffer_2dINS_5arrayI9ap_ufixedILi6ELi0EL9ap_q_mode4EL9_564' <Predicate = true> <Delay = 0.00>
ST_3 : Operation 151 [1/1] (0.00ns)   --->   "%p_ZZN4nnet24compute_output_buffer_2dINS_5arrayI9ap_ufixedILi6ELi0EL9ap_q_mode4EL9_565 = phi i6 %p_ZZN4nnet24compute_output_buffer_2dINS_5arrayI9ap_ufixedILi6ELi0EL9ap_q_mode4EL9_584, void %rewind_init, i6 %p_ZZN4nnet24compute_output_buffer_2dINS_5arrayI9ap_ufixedILi6ELi0EL9ap_q_mode4EL9_645, void %rewind_header"   --->   Operation 151 'phi' 'p_ZZN4nnet24compute_output_buffer_2dINS_5arrayI9ap_ufixedILi6ELi0EL9ap_q_mode4EL9_565' <Predicate = true> <Delay = 0.00>
ST_3 : Operation 152 [1/1] (0.00ns)   --->   "%p_ZZN4nnet24compute_output_buffer_2dINS_5arrayI9ap_ufixedILi6ELi0EL9ap_q_mode4EL9_566 = phi i6 %p_ZZN4nnet24compute_output_buffer_2dINS_5arrayI9ap_ufixedILi6ELi0EL9ap_q_mode4EL9_583, void %rewind_init, i6 %p_ZZN4nnet24compute_output_buffer_2dINS_5arrayI9ap_ufixedILi6ELi0EL9ap_q_mode4EL9_646, void %rewind_header"   --->   Operation 152 'phi' 'p_ZZN4nnet24compute_output_buffer_2dINS_5arrayI9ap_ufixedILi6ELi0EL9ap_q_mode4EL9_566' <Predicate = true> <Delay = 0.00>
ST_3 : Operation 153 [1/1] (0.00ns)   --->   "%p_ZZN4nnet24compute_output_buffer_2dINS_5arrayI9ap_ufixedILi6ELi0EL9ap_q_mode4EL9_567 = phi i6 %p_ZZN4nnet24compute_output_buffer_2dINS_5arrayI9ap_ufixedILi6ELi0EL9ap_q_mode4EL9_582, void %rewind_init, i6 %p_ZZN4nnet24compute_output_buffer_2dINS_5arrayI9ap_ufixedILi6ELi0EL9ap_q_mode4EL9_647, void %rewind_header"   --->   Operation 153 'phi' 'p_ZZN4nnet24compute_output_buffer_2dINS_5arrayI9ap_ufixedILi6ELi0EL9ap_q_mode4EL9_567' <Predicate = true> <Delay = 0.00>
ST_3 : Operation 154 [1/1] (0.00ns)   --->   "%p_ZZN4nnet24compute_output_buffer_2dINS_5arrayI9ap_ufixedILi6ELi0EL9ap_q_mode4EL9_568 = phi i6 %p_ZZN4nnet24compute_output_buffer_2dINS_5arrayI9ap_ufixedILi6ELi0EL9ap_q_mode4EL9_581, void %rewind_init, i6 %p_ZZN4nnet24compute_output_buffer_2dINS_5arrayI9ap_ufixedILi6ELi0EL9ap_q_mode4EL9_648, void %rewind_header"   --->   Operation 154 'phi' 'p_ZZN4nnet24compute_output_buffer_2dINS_5arrayI9ap_ufixedILi6ELi0EL9ap_q_mode4EL9_568' <Predicate = true> <Delay = 0.00>
ST_3 : Operation 155 [1/1] (0.00ns)   --->   "%p_ZZN4nnet24compute_output_buffer_2dINS_5arrayI9ap_ufixedILi6ELi0EL9ap_q_mode4EL9_569 = phi i6 %p_ZZN4nnet24compute_output_buffer_2dINS_5arrayI9ap_ufixedILi6ELi0EL9ap_q_mode4EL9_580, void %rewind_init, i6 %p_ZZN4nnet24compute_output_buffer_2dINS_5arrayI9ap_ufixedILi6ELi0EL9ap_q_mode4EL9_649, void %rewind_header"   --->   Operation 155 'phi' 'p_ZZN4nnet24compute_output_buffer_2dINS_5arrayI9ap_ufixedILi6ELi0EL9ap_q_mode4EL9_569' <Predicate = true> <Delay = 0.00>
ST_3 : Operation 156 [1/1] (0.00ns)   --->   "%p_ZZN4nnet24compute_output_buffer_2dINS_5arrayI9ap_ufixedILi6ELi0EL9ap_q_mode4EL9_570 = phi i6 %p_ZZN4nnet24compute_output_buffer_2dINS_5arrayI9ap_ufixedILi6ELi0EL9ap_q_mode4EL9_579, void %rewind_init, i6 %p_ZZN4nnet24compute_output_buffer_2dINS_5arrayI9ap_ufixedILi6ELi0EL9ap_q_mode4EL9_650, void %rewind_header"   --->   Operation 156 'phi' 'p_ZZN4nnet24compute_output_buffer_2dINS_5arrayI9ap_ufixedILi6ELi0EL9ap_q_mode4EL9_570' <Predicate = true> <Delay = 0.00>
ST_3 : Operation 157 [1/1] (0.00ns)   --->   "%p_ZZN4nnet24compute_output_buffer_2dINS_5arrayI9ap_ufixedILi6ELi0EL9ap_q_mode4EL9_571 = phi i6 %p_ZZN4nnet24compute_output_buffer_2dINS_5arrayI9ap_ufixedILi6ELi0EL9ap_q_mode4EL9_578, void %rewind_init, i6 %p_ZZN4nnet24compute_output_buffer_2dINS_5arrayI9ap_ufixedILi6ELi0EL9ap_q_mode4EL9_651, void %rewind_header"   --->   Operation 157 'phi' 'p_ZZN4nnet24compute_output_buffer_2dINS_5arrayI9ap_ufixedILi6ELi0EL9ap_q_mode4EL9_571' <Predicate = true> <Delay = 0.00>
ST_3 : Operation 158 [1/1] (0.00ns)   --->   "%p_ZZN4nnet24compute_output_buffer_2dINS_5arrayI9ap_ufixedILi6ELi0EL9ap_q_mode4EL9_572 = phi i6 %p_ZZN4nnet24compute_output_buffer_2dINS_5arrayI9ap_ufixedILi6ELi0EL9ap_q_mode4EL9_577, void %rewind_init, i6 %p_ZZN4nnet24compute_output_buffer_2dINS_5arrayI9ap_ufixedILi6ELi0EL9ap_q_mode4EL9_652, void %rewind_header"   --->   Operation 158 'phi' 'p_ZZN4nnet24compute_output_buffer_2dINS_5arrayI9ap_ufixedILi6ELi0EL9ap_q_mode4EL9_572' <Predicate = true> <Delay = 0.00>
ST_3 : Operation 159 [1/1] (0.00ns)   --->   "%p_ZZN4nnet24compute_output_buffer_2dINS_5arrayI9ap_ufixedILi6ELi0EL9ap_q_mode4EL9_573 = phi i6 %p_ZZN4nnet24compute_output_buffer_2dINS_5arrayI9ap_ufixedILi6ELi0EL9ap_q_mode4EL9_576, void %rewind_init, i6 %p_ZZN4nnet24compute_output_buffer_2dINS_5arrayI9ap_ufixedILi6ELi0EL9ap_q_mode4EL9_653, void %rewind_header"   --->   Operation 159 'phi' 'p_ZZN4nnet24compute_output_buffer_2dINS_5arrayI9ap_ufixedILi6ELi0EL9ap_q_mode4EL9_573' <Predicate = true> <Delay = 0.00>
ST_3 : Operation 160 [1/1] (0.00ns)   --->   "%p_ZZN4nnet24compute_output_buffer_2dINS_5arrayI9ap_ufixedILi6ELi0EL9ap_q_mode4EL9_574 = phi i6 %p_ZZN4nnet24compute_output_buffer_2dINS_5arrayI9ap_ufixedILi6ELi0EL9ap_q_mode4EL9_575, void %rewind_init, i6 %p_ZZN4nnet24compute_output_buffer_2dINS_5arrayI9ap_ufixedILi6ELi0EL9ap_q_mode4EL9_654, void %rewind_header"   --->   Operation 160 'phi' 'p_ZZN4nnet24compute_output_buffer_2dINS_5arrayI9ap_ufixedILi6ELi0EL9ap_q_mode4EL9_574' <Predicate = true> <Delay = 0.00>
ST_3 : Operation 161 [1/1] (0.00ns)   --->   "%void_compute_output_buffer_2d_array_const_ap_shift_reg_n_chan_stream_weig_82 = phi i6 %void_compute_output_buffer_2d_array_const_ap_shift_reg_n_chan_stream_weig_101, void %rewind_init, i6 %void_compute_output_buffer_2d_array_const_ap_shift_reg_n_chan_stream_weig_102, void %rewind_header"   --->   Operation 161 'phi' 'void_compute_output_buffer_2d_array_const_ap_shift_reg_n_chan_stream_weig_82' <Predicate = true> <Delay = 0.00>
ST_3 : Operation 162 [1/1] (0.00ns)   --->   "%void_compute_output_buffer_2d_array_const_ap_shift_reg_n_chan_stream_weig_83 = phi i6 %void_compute_output_buffer_2d_array_const_ap_shift_reg_n_chan_stream_weig_100, void %rewind_init, i6 %void_compute_output_buffer_2d_array_const_ap_shift_reg_n_chan_stream_weig_103, void %rewind_header"   --->   Operation 162 'phi' 'void_compute_output_buffer_2d_array_const_ap_shift_reg_n_chan_stream_weig_83' <Predicate = true> <Delay = 0.00>
ST_3 : Operation 163 [1/1] (0.00ns)   --->   "%void_compute_output_buffer_2d_array_const_ap_shift_reg_n_chan_stream_weig_84 = phi i6 %void_compute_output_buffer_2d_array_const_ap_shift_reg_n_chan_stream_weig_99, void %rewind_init, i6 %void_compute_output_buffer_2d_array_const_ap_shift_reg_n_chan_stream_weig_104, void %rewind_header"   --->   Operation 163 'phi' 'void_compute_output_buffer_2d_array_const_ap_shift_reg_n_chan_stream_weig_84' <Predicate = true> <Delay = 0.00>
ST_3 : Operation 164 [1/1] (0.00ns)   --->   "%void_compute_output_buffer_2d_array_const_ap_shift_reg_n_chan_stream_weig_85 = phi i6 %void_compute_output_buffer_2d_array_const_ap_shift_reg_n_chan_stream_weig_98, void %rewind_init, i6 %void_compute_output_buffer_2d_array_const_ap_shift_reg_n_chan_stream_weig_105, void %rewind_header"   --->   Operation 164 'phi' 'void_compute_output_buffer_2d_array_const_ap_shift_reg_n_chan_stream_weig_85' <Predicate = true> <Delay = 0.00>
ST_3 : Operation 165 [1/1] (0.00ns)   --->   "%void_compute_output_buffer_2d_array_const_ap_shift_reg_n_chan_stream_weig_86 = phi i6 %void_compute_output_buffer_2d_array_const_ap_shift_reg_n_chan_stream_weig_97, void %rewind_init, i6 %void_compute_output_buffer_2d_array_const_ap_shift_reg_n_chan_stream_weig_106, void %rewind_header"   --->   Operation 165 'phi' 'void_compute_output_buffer_2d_array_const_ap_shift_reg_n_chan_stream_weig_86' <Predicate = true> <Delay = 0.00>
ST_3 : Operation 166 [1/1] (0.00ns)   --->   "%void_compute_output_buffer_2d_array_const_ap_shift_reg_n_chan_stream_weig_87 = phi i6 %void_compute_output_buffer_2d_array_const_ap_shift_reg_n_chan_stream_weig_96, void %rewind_init, i6 %void_compute_output_buffer_2d_array_const_ap_shift_reg_n_chan_stream_weig_107, void %rewind_header"   --->   Operation 166 'phi' 'void_compute_output_buffer_2d_array_const_ap_shift_reg_n_chan_stream_weig_87' <Predicate = true> <Delay = 0.00>
ST_3 : Operation 167 [1/1] (0.00ns)   --->   "%void_compute_output_buffer_2d_array_const_ap_shift_reg_n_chan_stream_weig_88 = phi i6 %void_compute_output_buffer_2d_array_const_ap_shift_reg_n_chan_stream_weig_95, void %rewind_init, i6 %void_compute_output_buffer_2d_array_const_ap_shift_reg_n_chan_stream_weig_108, void %rewind_header"   --->   Operation 167 'phi' 'void_compute_output_buffer_2d_array_const_ap_shift_reg_n_chan_stream_weig_88' <Predicate = true> <Delay = 0.00>
ST_3 : Operation 168 [1/1] (0.00ns)   --->   "%void_compute_output_buffer_2d_array_const_ap_shift_reg_n_chan_stream_weig_89 = phi i6 %void_compute_output_buffer_2d_array_const_ap_shift_reg_n_chan_stream_weig_94, void %rewind_init, i6 %void_compute_output_buffer_2d_array_const_ap_shift_reg_n_chan_stream_weig_109, void %rewind_header"   --->   Operation 168 'phi' 'void_compute_output_buffer_2d_array_const_ap_shift_reg_n_chan_stream_weig_89' <Predicate = true> <Delay = 0.00>
ST_3 : Operation 169 [1/1] (0.00ns)   --->   "%void_compute_output_buffer_2d_array_const_ap_shift_reg_n_chan_stream_weig_90 = phi i6 %void_compute_output_buffer_2d_array_const_ap_shift_reg_n_chan_stream_weig_93, void %rewind_init, i6 %void_compute_output_buffer_2d_array_const_ap_shift_reg_n_chan_stream_weig_110, void %rewind_header"   --->   Operation 169 'phi' 'void_compute_output_buffer_2d_array_const_ap_shift_reg_n_chan_stream_weig_90' <Predicate = true> <Delay = 0.00>
ST_3 : Operation 170 [1/1] (0.00ns)   --->   "%void_compute_output_buffer_2d_array_const_ap_shift_reg_n_chan_stream_weig_91 = phi i6 %void_compute_output_buffer_2d_array_const_ap_shift_reg_n_chan_stream_weig_92, void %rewind_init, i6 %void_compute_output_buffer_2d_array_const_ap_shift_reg_n_chan_stream_weig_111, void %rewind_header"   --->   Operation 170 'phi' 'void_compute_output_buffer_2d_array_const_ap_shift_reg_n_chan_stream_weig_91' <Predicate = true> <Delay = 0.00>
ST_3 : Operation 171 [1/1] (0.00ns)   --->   "%specpipeline_ln47 = specpipeline void @_ssdm_op_SpecPipeline, i32 1, i32 0, i32 0, i32 1, void @empty_2" [firmware/nnet_utils/nnet_dense_resource.h:47]   --->   Operation 171 'specpipeline' 'specpipeline_ln47' <Predicate = true> <Delay = 0.00>
ST_3 : Operation 172 [1/1] (0.00ns)   --->   "%speclooptripcount_ln49 = speclooptripcount void @_ssdm_op_SpecLoopTripCount, i64 50, i64 50, i64 50" [firmware/nnet_utils/nnet_dense_resource.h:49]   --->   Operation 172 'speclooptripcount' 'speclooptripcount_ln49' <Predicate = true> <Delay = 0.00>
ST_3 : Operation 173 [1/1] (0.00ns)   --->   "%specloopname_ln46 = specloopname void @_ssdm_op_SpecLoopName, void @empty_5" [firmware/nnet_utils/nnet_dense_resource.h:46]   --->   Operation 173 'specloopname' 'specloopname_ln46' <Predicate = true> <Delay = 0.00>
ST_3 : Operation 174 [1/1] (3.07ns)   --->   "%a = sparsemux i6 @_ssdm_op_SparseMux.ap_auto.50i6.i6.i6, i6 0, i6 %void_compute_output_buffer_2d_array_const_ap_shift_reg_n_chan_stream_weig_91, i6 1, i6 %void_compute_output_buffer_2d_array_const_ap_shift_reg_n_chan_stream_weig_90, i6 2, i6 %void_compute_output_buffer_2d_array_const_ap_shift_reg_n_chan_stream_weig_89, i6 3, i6 %void_compute_output_buffer_2d_array_const_ap_shift_reg_n_chan_stream_weig_88, i6 4, i6 %void_compute_output_buffer_2d_array_const_ap_shift_reg_n_chan_stream_weig_87, i6 5, i6 %void_compute_output_buffer_2d_array_const_ap_shift_reg_n_chan_stream_weig_86, i6 6, i6 %void_compute_output_buffer_2d_array_const_ap_shift_reg_n_chan_stream_weig_85, i6 7, i6 %void_compute_output_buffer_2d_array_const_ap_shift_reg_n_chan_stream_weig_84, i6 8, i6 %void_compute_output_buffer_2d_array_const_ap_shift_reg_n_chan_stream_weig_83, i6 9, i6 %void_compute_output_buffer_2d_array_const_ap_shift_reg_n_chan_stream_weig_82, i6 10, i6 %p_ZZN4nnet24compute_output_buffer_2dINS_5arrayI9ap_ufixedILi6ELi0EL9ap_q_mode4EL9_574, i6 11, i6 %p_ZZN4nnet24compute_output_buffer_2dINS_5arrayI9ap_ufixedILi6ELi0EL9ap_q_mode4EL9_573, i6 12, i6 %p_ZZN4nnet24compute_output_buffer_2dINS_5arrayI9ap_ufixedILi6ELi0EL9ap_q_mode4EL9_572, i6 13, i6 %p_ZZN4nnet24compute_output_buffer_2dINS_5arrayI9ap_ufixedILi6ELi0EL9ap_q_mode4EL9_571, i6 14, i6 %p_ZZN4nnet24compute_output_buffer_2dINS_5arrayI9ap_ufixedILi6ELi0EL9ap_q_mode4EL9_570, i6 15, i6 %p_ZZN4nnet24compute_output_buffer_2dINS_5arrayI9ap_ufixedILi6ELi0EL9ap_q_mode4EL9_569, i6 16, i6 %p_ZZN4nnet24compute_output_buffer_2dINS_5arrayI9ap_ufixedILi6ELi0EL9ap_q_mode4EL9_568, i6 17, i6 %p_ZZN4nnet24compute_output_buffer_2dINS_5arrayI9ap_ufixedILi6ELi0EL9ap_q_mode4EL9_567, i6 18, i6 %p_ZZN4nnet24compute_output_buffer_2dINS_5arrayI9ap_ufixedILi6ELi0EL9ap_q_mode4EL9_566, i6 19, i6 %p_ZZN4nnet24compute_output_buffer_2dINS_5arrayI9ap_ufixedILi6ELi0EL9ap_q_mode4EL9_565, i6 20, i6 %p_ZZN4nnet24compute_output_buffer_2dINS_5arrayI9ap_ufixedILi6ELi0EL9ap_q_mode4EL9_564, i6 21, i6 %p_ZZN4nnet24compute_output_buffer_2dINS_5arrayI9ap_ufixedILi6ELi0EL9ap_q_mode4EL9_563, i6 22, i6 %p_ZZN4nnet24compute_output_buffer_2dINS_5arrayI9ap_ufixedILi6ELi0EL9ap_q_mode4EL9_562, i6 23, i6 %p_ZZN4nnet24compute_output_buffer_2dINS_5arrayI9ap_ufixedILi6ELi0EL9ap_q_mode4EL9_561, i6 24, i6 %p_ZZN4nnet24compute_output_buffer_2dINS_5arrayI9ap_ufixedILi6ELi0EL9ap_q_mode4EL9_560, i6 25, i6 %p_ZZN4nnet24compute_output_buffer_2dINS_5arrayI9ap_ufixedILi6ELi0EL9ap_q_mode4EL9_559, i6 26, i6 %p_ZZN4nnet24compute_output_buffer_2dINS_5arrayI9ap_ufixedILi6ELi0EL9ap_q_mode4EL9_558, i6 27, i6 %p_ZZN4nnet24compute_output_buffer_2dINS_5arrayI9ap_ufixedILi6ELi0EL9ap_q_mode4EL9_557, i6 28, i6 %p_ZZN4nnet24compute_output_buffer_2dINS_5arrayI9ap_ufixedILi6ELi0EL9ap_q_mode4EL9_556, i6 29, i6 %p_ZZN4nnet24compute_output_buffer_2dINS_5arrayI9ap_ufixedILi6ELi0EL9ap_q_mode4EL9_555, i6 30, i6 %p_ZZN4nnet24compute_output_buffer_2dINS_5arrayI9ap_ufixedILi6ELi0EL9ap_q_mode4EL9_554, i6 31, i6 %p_ZZN4nnet24compute_output_buffer_2dINS_5arrayI9ap_ufixedILi6ELi0EL9ap_q_mode4EL9_553, i6 32, i6 %p_ZZN4nnet24compute_output_buffer_2dINS_5arrayI9ap_ufixedILi6ELi0EL9ap_q_mode4EL9_552, i6 33, i6 %p_ZZN4nnet24compute_output_buffer_2dINS_5arrayI9ap_ufixedILi6ELi0EL9ap_q_mode4EL9_551, i6 34, i6 %p_ZZN4nnet24compute_output_buffer_2dINS_5arrayI9ap_ufixedILi6ELi0EL9ap_q_mode4EL9_550, i6 35, i6 %p_ZZN4nnet24compute_output_buffer_2dINS_5arrayI9ap_ufixedILi6ELi0EL9ap_q_mode4EL9_549, i6 36, i6 %p_ZZN4nnet24compute_output_buffer_2dINS_5arrayI9ap_ufixedILi6ELi0EL9ap_q_mode4EL9_548, i6 37, i6 %p_ZZN4nnet24compute_output_buffer_2dINS_5arrayI9ap_ufixedILi6ELi0EL9ap_q_mode4EL9_547, i6 38, i6 %p_ZZN4nnet24compute_output_buffer_2dINS_5arrayI9ap_ufixedILi6ELi0EL9ap_q_mode4EL9_546, i6 39, i6 %p_ZZN4nnet24compute_output_buffer_2dINS_5arrayI9ap_ufixedILi6ELi0EL9ap_q_mode4EL9_545, i6 40, i6 %p_ZZN4nnet24compute_output_buffer_2dINS_5arrayI9ap_ufixedILi6ELi0EL9ap_q_mode4EL9_544, i6 41, i6 %p_ZZN4nnet24compute_output_buffer_2dINS_5arrayI9ap_ufixedILi6ELi0EL9ap_q_mode4EL9_543, i6 42, i6 %p_ZZN4nnet24compute_output_buffer_2dINS_5arrayI9ap_ufixedILi6ELi0EL9ap_q_mode4EL9_542, i6 43, i6 %p_ZZN4nnet24compute_output_buffer_2dINS_5arrayI9ap_ufixedILi6ELi0EL9ap_q_mode4EL9_541, i6 44, i6 %p_ZZN4nnet24compute_output_buffer_2dINS_5arrayI9ap_ufixedILi6ELi0EL9ap_q_mode4EL9_540, i6 45, i6 %p_ZZN4nnet24compute_output_buffer_2dINS_5arrayI9ap_ufixedILi6ELi0EL9ap_q_mode4EL9_539, i6 46, i6 %p_ZZN4nnet24compute_output_buffer_2dINS_5arrayI9ap_ufixedILi6ELi0EL9ap_q_mode4EL9_538, i6 47, i6 %p_ZZN4nnet24compute_output_buffer_2dINS_5arrayI9ap_ufixedILi6ELi0EL9ap_q_mode4EL9_537, i6 48, i6 %p_ZZN4nnet24compute_output_buffer_2dINS_5arrayI9ap_ufixedILi6ELi0EL9ap_q_mode4EL9_536, i6 49, i6 %p_ZZN4nnet24compute_output_buffer_2dINS_5arrayI9ap_ufixedILi6ELi0EL9ap_q_mode4EL9_535, i6 0, i6 %w_index3" [firmware/nnet_utils/nnet_dense_resource.h:46]   --->   Operation 174 'sparsemux' 'a' <Predicate = true> <Delay = 3.07> <CoreInst = "BinarySparseMux_DontCare">   --->   Core 137 'BinarySparseMux_DontCare' <Latency = 0> <II = 1> <Delay = 3.07> <FuncUnit> <Opcode : 'sparsemux'> <InPorts = 2> <OutPorts = 1>
ST_3 : Operation 175 [1/2] ( I:3.25ns O:3.25ns )   --->   "%w5_load = load i6 %w5_addr" [firmware/nnet_utils/nnet_dense_resource.h:59]   --->   Operation 175 'load' 'w5_load' <Predicate = true> <Delay = 3.25> <CoreInst = "ROM_nP_BRAM">   --->   Core 102 'ROM_nP_BRAM' <Latency = 1> <II = 1> <Delay = 3.25> <Storage> <Opcode : 'load'> <Ports = 0> <Width = 22> <Depth = 50> <ROM>
ST_3 : Operation 176 [1/1] (0.00ns)   --->   "%w = trunc i22 %w5_load" [firmware/nnet_utils/nnet_dense_resource.h:59]   --->   Operation 176 'trunc' 'w' <Predicate = true> <Delay = 0.00>
ST_3 : Operation 177 [1/1] (0.00ns)   --->   "%zext_ln73 = zext i6 %a" [firmware/nnet_utils/nnet_mult.h:73->firmware/nnet_utils/nnet_dense_resource.h:59]   --->   Operation 177 'zext' 'zext_ln73' <Predicate = true> <Delay = 0.00>
ST_3 : Operation 178 [1/1] (0.00ns)   --->   "%zext_ln73_3 = zext i6 %a" [firmware/nnet_utils/nnet_mult.h:73->firmware/nnet_utils/nnet_dense_resource.h:59]   --->   Operation 178 'zext' 'zext_ln73_3' <Predicate = true> <Delay = 0.00>
ST_3 : Operation 179 [1/1] (0.00ns)   --->   "%sext_ln73 = sext i6 %w" [firmware/nnet_utils/nnet_mult.h:73->firmware/nnet_utils/nnet_dense_resource.h:59]   --->   Operation 179 'sext' 'sext_ln73' <Predicate = true> <Delay = 0.00>
ST_3 : Operation 180 [1/1] (3.36ns) (grouped into DSP with root node add_ln58)   --->   "%mul_ln73 = mul i12 %sext_ln73, i12 %zext_ln73" [firmware/nnet_utils/nnet_mult.h:73->firmware/nnet_utils/nnet_dense_resource.h:59]   --->   Operation 180 'mul' 'mul_ln73' <Predicate = true> <Delay = 3.36> <CoreInst = "DSP48">   --->   Core 116 'DSP48' <Latency = 0> <II = 1> <Delay = 7.18> <IPBlock> <Opcode : '' 'add' 'sub' 'mul' 'select'> <InPorts = 0> <OutPorts = 1> <Sync> <CReg>
ST_3 : Operation 181 [1/1] (0.00ns) (grouped into DSP with root node add_ln58)   --->   "%sext_ln58 = sext i12 %mul_ln73" [firmware/nnet_utils/nnet_dense_resource.h:58]   --->   Operation 181 'sext' 'sext_ln58' <Predicate = true> <Delay = 0.00>
ST_3 : Operation 182 [1/1] (3.82ns) (root node of the DSP)   --->   "%add_ln58 = add i18 %sext_ln58, i18 %conv_i_i228_i7" [firmware/nnet_utils/nnet_dense_resource.h:58]   --->   Operation 182 'add' 'add_ln58' <Predicate = true> <Delay = 3.82> <CoreInst = "DSP48">   --->   Core 116 'DSP48' <Latency = 0> <II = 1> <Delay = 7.18> <IPBlock> <Opcode : '' 'add' 'sub' 'mul' 'select'> <InPorts = 0> <OutPorts = 1> <Sync> <CReg>
ST_3 : Operation 183 [1/1] (0.00ns)   --->   "%w_9 = partselect i6 @_ssdm_op_PartSelect.i6.i22.i32.i32, i22 %w5_load, i32 6, i32 11" [firmware/nnet_utils/nnet_dense_resource.h:59]   --->   Operation 183 'partselect' 'w_9' <Predicate = true> <Delay = 0.00>
ST_3 : Operation 184 [1/1] (0.00ns)   --->   "%sext_ln73_10 = sext i6 %w_9" [firmware/nnet_utils/nnet_mult.h:73->firmware/nnet_utils/nnet_dense_resource.h:59]   --->   Operation 184 'sext' 'sext_ln73_10' <Predicate = true> <Delay = 0.00>
ST_3 : Operation 185 [1/1] (3.36ns) (grouped into DSP with root node add_ln58_10)   --->   "%mul_ln73_10 = mul i12 %sext_ln73_10, i12 %zext_ln73" [firmware/nnet_utils/nnet_mult.h:73->firmware/nnet_utils/nnet_dense_resource.h:59]   --->   Operation 185 'mul' 'mul_ln73_10' <Predicate = true> <Delay = 3.36> <CoreInst = "DSP48">   --->   Core 116 'DSP48' <Latency = 0> <II = 1> <Delay = 7.18> <IPBlock> <Opcode : '' 'add' 'sub' 'mul' 'select'> <InPorts = 0> <OutPorts = 1> <Sync> <CReg>
ST_3 : Operation 186 [1/1] (0.00ns) (grouped into DSP with root node add_ln58_10)   --->   "%sext_ln58_10 = sext i12 %mul_ln73_10" [firmware/nnet_utils/nnet_dense_resource.h:58]   --->   Operation 186 'sext' 'sext_ln58_10' <Predicate = true> <Delay = 0.00>
ST_3 : Operation 187 [1/1] (3.82ns) (root node of the DSP)   --->   "%add_ln58_10 = add i18 %sext_ln58_10, i18 %conv_i_i22_19_i6" [firmware/nnet_utils/nnet_dense_resource.h:58]   --->   Operation 187 'add' 'add_ln58_10' <Predicate = true> <Delay = 3.82> <CoreInst = "DSP48">   --->   Core 116 'DSP48' <Latency = 0> <II = 1> <Delay = 7.18> <IPBlock> <Opcode : '' 'add' 'sub' 'mul' 'select'> <InPorts = 0> <OutPorts = 1> <Sync> <CReg>
ST_3 : Operation 188 [1/1] (0.00ns)   --->   "%w_10 = partselect i6 @_ssdm_op_PartSelect.i6.i22.i32.i32, i22 %w5_load, i32 12, i32 17" [firmware/nnet_utils/nnet_dense_resource.h:59]   --->   Operation 188 'partselect' 'w_10' <Predicate = true> <Delay = 0.00>
ST_3 : Operation 189 [1/1] (0.00ns)   --->   "%sext_ln73_11 = sext i6 %w_10" [firmware/nnet_utils/nnet_mult.h:73->firmware/nnet_utils/nnet_dense_resource.h:59]   --->   Operation 189 'sext' 'sext_ln73_11' <Predicate = true> <Delay = 0.00>
ST_3 : Operation 190 [1/1] (3.36ns) (grouped into DSP with root node add_ln58_11)   --->   "%mul_ln73_11 = mul i12 %sext_ln73_11, i12 %zext_ln73" [firmware/nnet_utils/nnet_mult.h:73->firmware/nnet_utils/nnet_dense_resource.h:59]   --->   Operation 190 'mul' 'mul_ln73_11' <Predicate = true> <Delay = 3.36> <CoreInst = "DSP48">   --->   Core 116 'DSP48' <Latency = 0> <II = 1> <Delay = 7.18> <IPBlock> <Opcode : '' 'add' 'sub' 'mul' 'select'> <InPorts = 0> <OutPorts = 1> <Sync> <CReg>
ST_3 : Operation 191 [1/1] (0.00ns) (grouped into DSP with root node add_ln58_11)   --->   "%sext_ln58_11 = sext i12 %mul_ln73_11" [firmware/nnet_utils/nnet_dense_resource.h:58]   --->   Operation 191 'sext' 'sext_ln58_11' <Predicate = true> <Delay = 0.00>
ST_3 : Operation 192 [1/1] (3.82ns) (root node of the DSP)   --->   "%add_ln58_11 = add i18 %sext_ln58_11, i18 %conv_i_i22_210_i5" [firmware/nnet_utils/nnet_dense_resource.h:58]   --->   Operation 192 'add' 'add_ln58_11' <Predicate = true> <Delay = 3.82> <CoreInst = "DSP48">   --->   Core 116 'DSP48' <Latency = 0> <II = 1> <Delay = 7.18> <IPBlock> <Opcode : '' 'add' 'sub' 'mul' 'select'> <InPorts = 0> <OutPorts = 1> <Sync> <CReg>
ST_3 : Operation 193 [1/1] (0.00ns)   --->   "%tmp = partselect i4 @_ssdm_op_PartSelect.i4.i22.i32.i32, i22 %w5_load, i32 18, i32 21" [firmware/nnet_utils/nnet_dense_resource.h:59]   --->   Operation 193 'partselect' 'tmp' <Predicate = true> <Delay = 0.00>
ST_3 : Operation 194 [1/1] (0.00ns)   --->   "%sext_ln73_12 = sext i4 %tmp" [firmware/nnet_utils/nnet_mult.h:73->firmware/nnet_utils/nnet_dense_resource.h:59]   --->   Operation 194 'sext' 'sext_ln73_12' <Predicate = true> <Delay = 0.00>
ST_3 : Operation 195 [1/1] (3.36ns) (grouped into DSP with root node add_ln58_12)   --->   "%mul_ln73_12 = mul i10 %zext_ln73_3, i10 %sext_ln73_12" [firmware/nnet_utils/nnet_mult.h:73->firmware/nnet_utils/nnet_dense_resource.h:59]   --->   Operation 195 'mul' 'mul_ln73_12' <Predicate = true> <Delay = 3.36> <CoreInst = "DSP48">   --->   Core 116 'DSP48' <Latency = 0> <II = 1> <Delay = 7.18> <IPBlock> <Opcode : '' 'add' 'sub' 'mul' 'select'> <InPorts = 0> <OutPorts = 1> <Sync> <CReg>
ST_3 : Operation 196 [1/1] (0.00ns) (grouped into DSP with root node add_ln58_12)   --->   "%sext_ln58_12 = sext i10 %mul_ln73_12" [firmware/nnet_utils/nnet_dense_resource.h:58]   --->   Operation 196 'sext' 'sext_ln58_12' <Predicate = true> <Delay = 0.00>
ST_3 : Operation 197 [1/1] (3.82ns) (root node of the DSP)   --->   "%add_ln58_12 = add i16 %sext_ln58_12, i16 %conv_i_i22_311_i4" [firmware/nnet_utils/nnet_dense_resource.h:58]   --->   Operation 197 'add' 'add_ln58_12' <Predicate = true> <Delay = 3.82> <CoreInst = "DSP48">   --->   Core 116 'DSP48' <Latency = 0> <II = 1> <Delay = 7.18> <IPBlock> <Opcode : '' 'add' 'sub' 'mul' 'select'> <InPorts = 0> <OutPorts = 1> <Sync> <CReg>
ST_3 : Operation 198 [1/1] (0.00ns)   --->   "%sext_ln46 = sext i18 %add_ln58" [firmware/nnet_utils/nnet_dense_resource.h:46]   --->   Operation 198 'sext' 'sext_ln46' <Predicate = true> <Delay = 0.00>
ST_3 : Operation 199 [1/1] (0.00ns)   --->   "%sext_ln46_1 = sext i18 %add_ln58_10" [firmware/nnet_utils/nnet_dense_resource.h:46]   --->   Operation 199 'sext' 'sext_ln46_1' <Predicate = true> <Delay = 0.00>
ST_3 : Operation 200 [1/1] (0.00ns)   --->   "%sext_ln46_2 = sext i18 %add_ln58_11" [firmware/nnet_utils/nnet_dense_resource.h:46]   --->   Operation 200 'sext' 'sext_ln46_2' <Predicate = true> <Delay = 0.00>
ST_3 : Operation 201 [1/1] (0.00ns)   --->   "%sext_ln46_3 = sext i16 %add_ln58_12" [firmware/nnet_utils/nnet_dense_resource.h:46]   --->   Operation 201 'sext' 'sext_ln46_3' <Predicate = true> <Delay = 0.00>
ST_3 : Operation 202 [1/1] (0.00ns)   --->   "%mrv_i = insertvalue i76 <undef>, i19 %sext_ln46" [firmware/nnet_utils/nnet_dense_resource.h:84]   --->   Operation 202 'insertvalue' 'mrv_i' <Predicate = (icmp_ln46)> <Delay = 0.00>
ST_3 : Operation 203 [1/1] (0.00ns)   --->   "%mrv_1_i = insertvalue i76 %mrv_i, i19 %sext_ln46_1" [firmware/nnet_utils/nnet_dense_resource.h:84]   --->   Operation 203 'insertvalue' 'mrv_1_i' <Predicate = (icmp_ln46)> <Delay = 0.00>
ST_3 : Operation 204 [1/1] (0.00ns)   --->   "%mrv_2_i = insertvalue i76 %mrv_1_i, i19 %sext_ln46_2" [firmware/nnet_utils/nnet_dense_resource.h:84]   --->   Operation 204 'insertvalue' 'mrv_2_i' <Predicate = (icmp_ln46)> <Delay = 0.00>
ST_3 : Operation 205 [1/1] (0.00ns)   --->   "%mrv_3_i = insertvalue i76 %mrv_2_i, i19 %sext_ln46_3" [firmware/nnet_utils/nnet_dense_resource.h:84]   --->   Operation 205 'insertvalue' 'mrv_3_i' <Predicate = (icmp_ln46)> <Delay = 0.00>
ST_3 : Operation 206 [1/1] (0.00ns)   --->   "%return_ln84 = return void @_ssdm_op_Return, i76 %mrv_3_i" [firmware/nnet_utils/nnet_dense_resource.h:84]   --->   Operation 206 'return' 'return_ln84' <Predicate = (icmp_ln46)> <Delay = 0.00>


============================================================
+ Verbose Summary: Timing violations
============================================================
Target clock period: 30.000ns, clock uncertainty: 8.100ns.

 <State 1>: 1.610ns
The critical path consists of the following:
	multiplexor before 'phi' operation 1 bit ('do_init') [54]  (1.610 ns)

 <State 2>: 3.257ns
The critical path consists of the following:
	'phi' operation 6 bit ('w_index') with incoming values : ('w_index', firmware/nnet_utils/nnet_dense_resource.h:46) [109]  (0.000 ns)
	'getelementptr' operation 6 bit ('w5_addr', firmware/nnet_utils/nnet_dense_resource.h:59) [220]  (0.000 ns)
	'load' operation 22 bit ('w5_load', firmware/nnet_utils/nnet_dense_resource.h:59) on array 'w5' [221]  (3.257 ns)

 <State 3>: 11.867ns
The critical path consists of the following:
	'phi' operation 6 bit ('p_ZZN4nnet24compute_output_buffer_2dINS_5arrayI9ap_ufixedILi6ELi0EL9ap_q_mode4EL9_615') with incoming values : ('p_ZZN4nnet24compute_output_buffer_2dINS_5arrayI9ap_ufixedILi6ELi0EL9ap_q_mode4EL9_614') [55]  (0.000 ns)
	multiplexor before 'phi' operation 6 bit ('p_ZZN4nnet24compute_output_buffer_2dINS_5arrayI9ap_ufixedILi6ELi0EL9ap_q_mode4EL9_535') with incoming values : ('p_ZZN4nnet24compute_output_buffer_2dINS_5arrayI9ap_ufixedILi6ELi0EL9ap_q_mode4EL9_614') [165]  (1.610 ns)
	'phi' operation 6 bit ('p_ZZN4nnet24compute_output_buffer_2dINS_5arrayI9ap_ufixedILi6ELi0EL9ap_q_mode4EL9_535') with incoming values : ('p_ZZN4nnet24compute_output_buffer_2dINS_5arrayI9ap_ufixedILi6ELi0EL9ap_q_mode4EL9_614') [165]  (0.000 ns)
	'sparsemux' operation 6 bit ('a', firmware/nnet_utils/nnet_dense_resource.h:46) [219]  (3.077 ns)
	'mul' operation 12 bit of DSP[228] ('mul_ln73', firmware/nnet_utils/nnet_mult.h:73->firmware/nnet_utils/nnet_dense_resource.h:59) [226]  (3.360 ns)
	'add' operation 18 bit of DSP[228] ('add_ln58', firmware/nnet_utils/nnet_dense_resource.h:58) [228]  (3.820 ns)
	'insertvalue' operation 76 bit ('mrv_i', firmware/nnet_utils/nnet_dense_resource.h:84) [252]  (0.000 ns)


============================================================
+ Verbose Summary: Binding
============================================================
N/A
* FSMD analyzer results:
  - Output states:
 - Input state : 
  - Chain level:
	State 1
	State 2
	State 3


============================================================
+ Verbose Summary: Datapath Resource usage 
============================================================
N/A
