/home/petertso/Documents/deeppicarmicro/NAS/All/models/deeppicar-stats/models/1100-000_64x64x1_0.1/hls/project_1/myproject_prj/solution1/.autopilot/db/myproject.pp.0.cpp:29313:5: warning: Added loop label VITIS_LOOP_676_1:   [xilinx-label-all-loops]
    for (unsigned i = low; i != high+1; ++i) {
    ^~~
    VITIS_LOOP_676_1: 
/home/petertso/Documents/deeppicarmicro/NAS/All/models/deeppicar-stats/models/1100-000_64x64x1_0.1/hls/project_1/myproject_prj/solution1/.autopilot/db/myproject.pp.0.cpp:29313:5: note: FIX-IT applied suggested code changes
/home/petertso/Documents/deeppicarmicro/NAS/All/models/deeppicar-stats/models/1100-000_64x64x1_0.1/hls/project_1/myproject_prj/solution1/.autopilot/db/myproject.pp.0.cpp:29327:5: warning: Added loop label VITIS_LOOP_690_1:   [xilinx-label-all-loops]
    for (unsigned i = low; i != high+1; ++i) {
    ^~~
    VITIS_LOOP_690_1: 
/home/petertso/Documents/deeppicarmicro/NAS/All/models/deeppicar-stats/models/1100-000_64x64x1_0.1/hls/project_1/myproject_prj/solution1/.autopilot/db/myproject.pp.0.cpp:29327:5: note: FIX-IT applied suggested code changes
/home/petertso/Documents/deeppicarmicro/NAS/All/models/deeppicar-stats/models/1100-000_64x64x1_0.1/hls/project_1/myproject_prj/solution1/.autopilot/db/myproject.pp.0.cpp:29341:5: warning: Added loop label VITIS_LOOP_704_1:   [xilinx-label-all-loops]
    for (unsigned i = low; i != high+1; ++i) {
    ^~~
    VITIS_LOOP_704_1: 
/home/petertso/Documents/deeppicarmicro/NAS/All/models/deeppicar-stats/models/1100-000_64x64x1_0.1/hls/project_1/myproject_prj/solution1/.autopilot/db/myproject.pp.0.cpp:29341:5: note: FIX-IT applied suggested code changes
/home/petertso/Documents/deeppicarmicro/NAS/All/models/deeppicar-stats/models/1100-000_64x64x1_0.1/hls/project_1/myproject_prj/solution1/.autopilot/db/myproject.pp.0.cpp:30963:7: warning: Added loop label VITIS_LOOP_1248_1:   [xilinx-label-all-loops]
      for (i = 0; i < __N - 1; ++i) {
      ^~~
      VITIS_LOOP_1248_1: 
/home/petertso/Documents/deeppicarmicro/NAS/All/models/deeppicar-stats/models/1100-000_64x64x1_0.1/hls/project_1/myproject_prj/solution1/.autopilot/db/myproject.pp.0.cpp:30963:7: note: FIX-IT applied suggested code changes
/home/petertso/Documents/deeppicarmicro/NAS/All/models/deeppicar-stats/models/1100-000_64x64x1_0.1/hls/project_1/myproject_prj/solution1/.autopilot/db/myproject.pp.0.cpp:32950:9: warning: Added loop label VITIS_LOOP_27_1:   [xilinx-label-all-loops]
        for (unsigned i = 0; i < N; i++) {
        ^~~
        VITIS_LOOP_27_1: 
/home/petertso/Documents/deeppicarmicro/NAS/All/models/deeppicar-stats/models/1100-000_64x64x1_0.1/hls/project_1/myproject_prj/solution1/.autopilot/db/myproject.pp.0.cpp:32950:9: note: FIX-IT applied suggested code changes
/home/petertso/Documents/deeppicarmicro/NAS/All/models/deeppicar-stats/models/1100-000_64x64x1_0.1/hls/project_1/myproject_prj/solution1/.autopilot/db/myproject.pp.0.cpp:32963:9: warning: Added loop label VITIS_LOOP_40_1:   [xilinx-label-all-loops]
        for (size_t i = 0; i < N; i++) {
        ^~~
        VITIS_LOOP_40_1: 
/home/petertso/Documents/deeppicarmicro/NAS/All/models/deeppicar-stats/models/1100-000_64x64x1_0.1/hls/project_1/myproject_prj/solution1/.autopilot/db/myproject.pp.0.cpp:32963:9: note: FIX-IT applied suggested code changes
/home/petertso/Documents/deeppicarmicro/NAS/All/models/deeppicar-stats/models/1100-000_64x64x1_0.1/hls/project_1/myproject_prj/solution1/.autopilot/db/myproject.pp.0.cpp:56157:5: warning: Added loop label VITIS_LOOP_265_1:   [xilinx-label-all-loops]
    for (typename std::vector<src_T>::const_iterator i = in_begin; i != in_end; ++i) {
    ^~~
    VITIS_LOOP_265_1: 
/home/petertso/Documents/deeppicarmicro/NAS/All/models/deeppicar-stats/models/1100-000_64x64x1_0.1/hls/project_1/myproject_prj/solution1/.autopilot/db/myproject.pp.0.cpp:56157:5: note: FIX-IT applied suggested code changes
/home/petertso/Documents/deeppicarmicro/NAS/All/models/deeppicar-stats/models/1100-000_64x64x1_0.1/hls/project_1/myproject_prj/solution1/.autopilot/db/myproject.pp.0.cpp:56167:5: warning: Added loop label VITIS_LOOP_275_1:   [xilinx-label-all-loops]
    for (auto i = 0; i < SIZE; i++)
    ^~~
    VITIS_LOOP_275_1: 
/home/petertso/Documents/deeppicarmicro/NAS/All/models/deeppicar-stats/models/1100-000_64x64x1_0.1/hls/project_1/myproject_prj/solution1/.autopilot/db/myproject.pp.0.cpp:56167:5: note: FIX-IT applied suggested code changes
/home/petertso/Documents/deeppicarmicro/NAS/All/models/deeppicar-stats/models/1100-000_64x64x1_0.1/hls/project_1/myproject_prj/solution1/.autopilot/db/myproject.pp.0.cpp:56178:5: warning: Added loop label VITIS_LOOP_286_1:   [xilinx-label-all-loops]
    for (int i = 0; i < SIZE; i++) {
    ^~~
    VITIS_LOOP_286_1: 
/home/petertso/Documents/deeppicarmicro/NAS/All/models/deeppicar-stats/models/1100-000_64x64x1_0.1/hls/project_1/myproject_prj/solution1/.autopilot/db/myproject.pp.0.cpp:56178:5: note: FIX-IT applied suggested code changes
/home/petertso/Documents/deeppicarmicro/NAS/All/models/deeppicar-stats/models/1100-000_64x64x1_0.1/hls/project_1/myproject_prj/solution1/.autopilot/db/myproject.pp.0.cpp:56185:5: warning: Added loop label VITIS_LOOP_293_1:   [xilinx-label-all-loops]
    for (int i = 0; i < SIZE / res_T::size; i++) {
    ^~~
    VITIS_LOOP_293_1: 
/home/petertso/Documents/deeppicarmicro/NAS/All/models/deeppicar-stats/models/1100-000_64x64x1_0.1/hls/project_1/myproject_prj/solution1/.autopilot/db/myproject.pp.0.cpp:56185:5: note: FIX-IT applied suggested code changes
/home/petertso/Documents/deeppicarmicro/NAS/All/models/deeppicar-stats/models/1100-000_64x64x1_0.1/hls/project_1/myproject_prj/solution1/.autopilot/db/myproject.pp.0.cpp:56187:9: warning: Added loop label VITIS_LOOP_295_2:   [xilinx-label-all-loops]
        for (int j = 0; j < res_T::size; j++) {
        ^~~
        VITIS_LOOP_295_2: 
/home/petertso/Documents/deeppicarmicro/NAS/All/models/deeppicar-stats/models/1100-000_64x64x1_0.1/hls/project_1/myproject_prj/solution1/.autopilot/db/myproject.pp.0.cpp:56187:9: note: FIX-IT applied suggested code changes
/home/petertso/Documents/deeppicarmicro/NAS/All/models/deeppicar-stats/models/1100-000_64x64x1_0.1/hls/project_1/myproject_prj/solution1/.autopilot/db/myproject.pp.0.cpp:56199:5: warning: Added loop label VITIS_LOOP_307_1:   [xilinx-label-all-loops]
    for (int i = 0; i < SIZE / data_T::size; i++) {
    ^~~
    VITIS_LOOP_307_1: 
/home/petertso/Documents/deeppicarmicro/NAS/All/models/deeppicar-stats/models/1100-000_64x64x1_0.1/hls/project_1/myproject_prj/solution1/.autopilot/db/myproject.pp.0.cpp:56199:5: note: FIX-IT applied suggested code changes
/home/petertso/Documents/deeppicarmicro/NAS/All/models/deeppicar-stats/models/1100-000_64x64x1_0.1/hls/project_1/myproject_prj/solution1/.autopilot/db/myproject.pp.0.cpp:56201:9: warning: Added loop label VITIS_LOOP_309_2:   [xilinx-label-all-loops]
        for (int j = 0; j < data_T::size; j++) {
        ^~~
        VITIS_LOOP_309_2: 
/home/petertso/Documents/deeppicarmicro/NAS/All/models/deeppicar-stats/models/1100-000_64x64x1_0.1/hls/project_1/myproject_prj/solution1/.autopilot/db/myproject.pp.0.cpp:56201:9: note: FIX-IT applied suggested code changes
/home/petertso/Documents/deeppicarmicro/NAS/All/models/deeppicar-stats/models/1100-000_64x64x1_0.1/hls/project_1/myproject_prj/solution1/.autopilot/db/myproject.pp.0.cpp:56216:5: warning: Added loop label VITIS_LOOP_324_1:   [xilinx-label-all-loops]
    for (int ii = 0; ii < nrows; ii++) {
    ^~~
    VITIS_LOOP_324_1: 
/home/petertso/Documents/deeppicarmicro/NAS/All/models/deeppicar-stats/models/1100-000_64x64x1_0.1/hls/project_1/myproject_prj/solution1/.autopilot/db/myproject.pp.0.cpp:56216:5: note: FIX-IT applied suggested code changes
/home/petertso/Documents/deeppicarmicro/NAS/All/models/deeppicar-stats/models/1100-000_64x64x1_0.1/hls/project_1/myproject_prj/solution1/.autopilot/db/myproject.pp.0.cpp:56236:5: warning: Added loop label VITIS_LOOP_344_1:   [xilinx-label-all-loops]
    for (int ii = 0; ii < nrows; ii++) {
    ^~~
    VITIS_LOOP_344_1: 
/home/petertso/Documents/deeppicarmicro/NAS/All/models/deeppicar-stats/models/1100-000_64x64x1_0.1/hls/project_1/myproject_prj/solution1/.autopilot/db/myproject.pp.0.cpp:56236:5: note: FIX-IT applied suggested code changes
/home/petertso/Documents/deeppicarmicro/NAS/All/models/deeppicar-stats/models/1100-000_64x64x1_0.1/hls/project_1/myproject_prj/solution1/.autopilot/db/myproject.pp.0.cpp:56237:9: warning: Added loop label VITIS_LOOP_345_2:   [xilinx-label-all-loops]
        for (int jj = 0; jj < ncols; jj++) {
        ^~~
        VITIS_LOOP_345_2: 
/home/petertso/Documents/deeppicarmicro/NAS/All/models/deeppicar-stats/models/1100-000_64x64x1_0.1/hls/project_1/myproject_prj/solution1/.autopilot/db/myproject.pp.0.cpp:56237:9: note: FIX-IT applied suggested code changes
/home/petertso/Documents/deeppicarmicro/NAS/All/models/deeppicar-stats/models/1100-000_64x64x1_0.1/hls/project_1/myproject_prj/solution1/.autopilot/db/myproject.pp.0.cpp:56252:5: warning: Added loop label VITIS_LOOP_360_1:   [xilinx-label-all-loops]
    for (int ii = 0; ii < N_IN; ii++) {
    ^~~
    VITIS_LOOP_360_1: 
/home/petertso/Documents/deeppicarmicro/NAS/All/models/deeppicar-stats/models/1100-000_64x64x1_0.1/hls/project_1/myproject_prj/solution1/.autopilot/db/myproject.pp.0.cpp:56252:5: note: FIX-IT applied suggested code changes
/home/petertso/Documents/deeppicarmicro/NAS/All/models/deeppicar-stats/models/1100-000_64x64x1_0.1/hls/project_1/myproject_prj/solution1/.autopilot/db/myproject.pp.0.cpp:56259:5: warning: Added loop label VITIS_LOOP_367_1:   [xilinx-label-all-loops]
    for (int ii = 0; ii < N_IN; ii++) {
    ^~~
    VITIS_LOOP_367_1: 
/home/petertso/Documents/deeppicarmicro/NAS/All/models/deeppicar-stats/models/1100-000_64x64x1_0.1/hls/project_1/myproject_prj/solution1/.autopilot/db/myproject.pp.0.cpp:56259:5: note: FIX-IT applied suggested code changes
/home/petertso/Documents/deeppicarmicro/NAS/All/models/deeppicar-stats/models/1100-000_64x64x1_0.1/hls/project_1/myproject_prj/solution1/.autopilot/db/myproject.pp.0.cpp:56569:5: warning: Added loop label VITIS_LOOP_136_1:   [xilinx-label-all-loops]
    for (int ii = 0; ii < CONFIG_T::out_width / CONFIG_T::reuse_factor; ii++) {
    ^~~
    VITIS_LOOP_136_1: 
/home/petertso/Documents/deeppicarmicro/NAS/All/models/deeppicar-stats/models/1100-000_64x64x1_0.1/hls/project_1/myproject_prj/solution1/.autopilot/db/myproject.pp.0.cpp:56569:5: note: FIX-IT applied suggested code changes
/home/petertso/Documents/deeppicarmicro/NAS/All/models/deeppicar-stats/models/1100-000_64x64x1_0.1/hls/project_1/myproject_prj/solution1/.autopilot/db/myproject.pp.0.cpp:56570:9: warning: Added loop label VITIS_LOOP_137_2:   [xilinx-label-all-loops]
        for (int ff = 0; ff < CONFIG_T::n_filt; ff++) {
        ^~~
        VITIS_LOOP_137_2: 
/home/petertso/Documents/deeppicarmicro/NAS/All/models/deeppicar-stats/models/1100-000_64x64x1_0.1/hls/project_1/myproject_prj/solution1/.autopilot/db/myproject.pp.0.cpp:56570:9: note: FIX-IT applied suggested code changes
/home/petertso/Documents/deeppicarmicro/NAS/All/models/deeppicar-stats/models/1100-000_64x64x1_0.1/hls/project_1/myproject_prj/solution1/.autopilot/db/myproject.pp.0.cpp:56591:5: warning: Added loop label VITIS_LOOP_158_3:   [xilinx-label-all-loops]
    for (int ii = 0; ii < CONFIG_T::out_width / CONFIG_T::reuse_factor; ii++) {
    ^~~
    VITIS_LOOP_158_3: 
/home/petertso/Documents/deeppicarmicro/NAS/All/models/deeppicar-stats/models/1100-000_64x64x1_0.1/hls/project_1/myproject_prj/solution1/.autopilot/db/myproject.pp.0.cpp:56591:5: note: FIX-IT applied suggested code changes
/home/petertso/Documents/deeppicarmicro/NAS/All/models/deeppicar-stats/models/1100-000_64x64x1_0.1/hls/project_1/myproject_prj/solution1/.autopilot/db/myproject.pp.0.cpp:56592:9: warning: Added loop label VITIS_LOOP_159_4:   [xilinx-label-all-loops]
        for (int ff = 0; ff < CONFIG_T::n_filt; ff++) {
        ^~~
        VITIS_LOOP_159_4: 
/home/petertso/Documents/deeppicarmicro/NAS/All/models/deeppicar-stats/models/1100-000_64x64x1_0.1/hls/project_1/myproject_prj/solution1/.autopilot/db/myproject.pp.0.cpp:56592:9: note: FIX-IT applied suggested code changes
/home/petertso/Documents/deeppicarmicro/NAS/All/models/deeppicar-stats/models/1100-000_64x64x1_0.1/hls/project_1/myproject_prj/solution1/.autopilot/db/myproject.pp.0.cpp:56710:2: warning: Added loop label VITIS_LOOP_31_1:   [xilinx-label-all-loops]
 for (int ii = 0; ii < CONFIG_T::n_in; ii++) {
 ^~~
 VITIS_LOOP_31_1: 
/home/petertso/Documents/deeppicarmicro/NAS/All/models/deeppicar-stats/models/1100-000_64x64x1_0.1/hls/project_1/myproject_prj/solution1/.autopilot/db/myproject.pp.0.cpp:56710:2: note: FIX-IT applied suggested code changes
/home/petertso/Documents/deeppicarmicro/NAS/All/models/deeppicar-stats/models/1100-000_64x64x1_0.1/hls/project_1/myproject_prj/solution1/.autopilot/db/myproject.pp.0.cpp:56722:5: warning: Added loop label VITIS_LOOP_43_1:   [xilinx-label-all-loops]
    for (int ii = 0; ii < CONFIG_T::n_in; ii++) {
    ^~~
    VITIS_LOOP_43_1: 
/home/petertso/Documents/deeppicarmicro/NAS/All/models/deeppicar-stats/models/1100-000_64x64x1_0.1/hls/project_1/myproject_prj/solution1/.autopilot/db/myproject.pp.0.cpp:56722:5: note: FIX-IT applied suggested code changes
/home/petertso/Documents/deeppicarmicro/NAS/All/models/deeppicar-stats/models/1100-000_64x64x1_0.1/hls/project_1/myproject_prj/solution1/.autopilot/db/myproject.pp.0.cpp:56736:5: warning: Added loop label VITIS_LOOP_57_1:   [xilinx-label-all-loops]
    for (int ii = 0; ii < CONFIG_T::n_in; ii++) {
    ^~~
    VITIS_LOOP_57_1: 
/home/petertso/Documents/deeppicarmicro/NAS/All/models/deeppicar-stats/models/1100-000_64x64x1_0.1/hls/project_1/myproject_prj/solution1/.autopilot/db/myproject.pp.0.cpp:56736:5: note: FIX-IT applied suggested code changes
/home/petertso/Documents/deeppicarmicro/NAS/All/models/deeppicar-stats/models/1100-000_64x64x1_0.1/hls/project_1/myproject_prj/solution1/.autopilot/db/myproject.pp.0.cpp:56763:5: warning: Added loop label VITIS_LOOP_84_1:   [xilinx-label-all-loops]
    for (int ii = 0; ii < N_TABLE; ii++) {
    ^~~
    VITIS_LOOP_84_1: 
/home/petertso/Documents/deeppicarmicro/NAS/All/models/deeppicar-stats/models/1100-000_64x64x1_0.1/hls/project_1/myproject_prj/solution1/.autopilot/db/myproject.pp.0.cpp:56763:5: note: FIX-IT applied suggested code changes
/home/petertso/Documents/deeppicarmicro/NAS/All/models/deeppicar-stats/models/1100-000_64x64x1_0.1/hls/project_1/myproject_prj/solution1/.autopilot/db/myproject.pp.0.cpp:56793:5: warning: Added loop label VITIS_LOOP_114_1:   [xilinx-label-all-loops]
    for (int ii = 0; ii < CONFIG_T::n_in; ii++) {
    ^~~
    VITIS_LOOP_114_1: 
/home/petertso/Documents/deeppicarmicro/NAS/All/models/deeppicar-stats/models/1100-000_64x64x1_0.1/hls/project_1/myproject_prj/solution1/.autopilot/db/myproject.pp.0.cpp:56793:5: note: FIX-IT applied suggested code changes
/home/petertso/Documents/deeppicarmicro/NAS/All/models/deeppicar-stats/models/1100-000_64x64x1_0.1/hls/project_1/myproject_prj/solution1/.autopilot/db/myproject.pp.0.cpp:56830:5: warning: Added loop label VITIS_LOOP_151_1:   [xilinx-label-all-loops]
    for (unsigned i = 0; i < CONFIG_T::table_size; i++) {
    ^~~
    VITIS_LOOP_151_1: 
/home/petertso/Documents/deeppicarmicro/NAS/All/models/deeppicar-stats/models/1100-000_64x64x1_0.1/hls/project_1/myproject_prj/solution1/.autopilot/db/myproject.pp.0.cpp:56830:5: note: FIX-IT applied suggested code changes
/home/petertso/Documents/deeppicarmicro/NAS/All/models/deeppicar-stats/models/1100-000_64x64x1_0.1/hls/project_1/myproject_prj/solution1/.autopilot/db/myproject.pp.0.cpp:56841:5: warning: Added loop label VITIS_LOOP_162_1:   [xilinx-label-all-loops]
    for (unsigned i = 0; i < CONFIG_T::table_size; i++) {
    ^~~
    VITIS_LOOP_162_1: 
/home/petertso/Documents/deeppicarmicro/NAS/All/models/deeppicar-stats/models/1100-000_64x64x1_0.1/hls/project_1/myproject_prj/solution1/.autopilot/db/myproject.pp.0.cpp:56841:5: note: FIX-IT applied suggested code changes
/home/petertso/Documents/deeppicarmicro/NAS/All/models/deeppicar-stats/models/1100-000_64x64x1_0.1/hls/project_1/myproject_prj/solution1/.autopilot/db/myproject.pp.0.cpp:56874:5: warning: Added loop label VITIS_LOOP_195_1:   [xilinx-label-all-loops]
    for (unsigned i = 0; i < CONFIG_T::n_in; i++) {
    ^~~
    VITIS_LOOP_195_1: 
/home/petertso/Documents/deeppicarmicro/NAS/All/models/deeppicar-stats/models/1100-000_64x64x1_0.1/hls/project_1/myproject_prj/solution1/.autopilot/db/myproject.pp.0.cpp:56874:5: note: FIX-IT applied suggested code changes
/home/petertso/Documents/deeppicarmicro/NAS/All/models/deeppicar-stats/models/1100-000_64x64x1_0.1/hls/project_1/myproject_prj/solution1/.autopilot/db/myproject.pp.0.cpp:56888:5: warning: Added loop label VITIS_LOOP_209_2:   [xilinx-label-all-loops]
    for (unsigned i = 0; i < CONFIG_T::n_in; i++) {
    ^~~
    VITIS_LOOP_209_2: 
/home/petertso/Documents/deeppicarmicro/NAS/All/models/deeppicar-stats/models/1100-000_64x64x1_0.1/hls/project_1/myproject_prj/solution1/.autopilot/db/myproject.pp.0.cpp:56888:5: note: FIX-IT applied suggested code changes
/home/petertso/Documents/deeppicarmicro/NAS/All/models/deeppicar-stats/models/1100-000_64x64x1_0.1/hls/project_1/myproject_prj/solution1/.autopilot/db/myproject.pp.0.cpp:56922:5: warning: Added loop label VITIS_LOOP_243_1:   [xilinx-label-all-loops]
    for (unsigned i = 0; i < CONFIG_T::n_in; i++) {
    ^~~
    VITIS_LOOP_243_1: 
/home/petertso/Documents/deeppicarmicro/NAS/All/models/deeppicar-stats/models/1100-000_64x64x1_0.1/hls/project_1/myproject_prj/solution1/.autopilot/db/myproject.pp.0.cpp:56922:5: note: FIX-IT applied suggested code changes
/home/petertso/Documents/deeppicarmicro/NAS/All/models/deeppicar-stats/models/1100-000_64x64x1_0.1/hls/project_1/myproject_prj/solution1/.autopilot/db/myproject.pp.0.cpp:56931:5: warning: Added loop label VITIS_LOOP_252_2:   [xilinx-label-all-loops]
    for (unsigned i = 0; i < CONFIG_T::n_in; i++) {
    ^~~
    VITIS_LOOP_252_2: 
/home/petertso/Documents/deeppicarmicro/NAS/All/models/deeppicar-stats/models/1100-000_64x64x1_0.1/hls/project_1/myproject_prj/solution1/.autopilot/db/myproject.pp.0.cpp:56931:5: note: FIX-IT applied suggested code changes
/home/petertso/Documents/deeppicarmicro/NAS/All/models/deeppicar-stats/models/1100-000_64x64x1_0.1/hls/project_1/myproject_prj/solution1/.autopilot/db/myproject.pp.0.cpp:56945:5: warning: Added loop label VITIS_LOOP_266_3:   [xilinx-label-all-loops]
    for (unsigned i = 0; i < CONFIG_T::n_in; i++) {
    ^~~
    VITIS_LOOP_266_3: 
/home/petertso/Documents/deeppicarmicro/NAS/All/models/deeppicar-stats/models/1100-000_64x64x1_0.1/hls/project_1/myproject_prj/solution1/.autopilot/db/myproject.pp.0.cpp:56945:5: note: FIX-IT applied suggested code changes
/home/petertso/Documents/deeppicarmicro/NAS/All/models/deeppicar-stats/models/1100-000_64x64x1_0.1/hls/project_1/myproject_prj/solution1/.autopilot/db/myproject.pp.0.cpp:56952:5: warning: Added loop label VITIS_LOOP_273_1:   [xilinx-label-all-loops]
    for (int ii = 0; ii < N_TABLE; ii++) {
    ^~~
    VITIS_LOOP_273_1: 
/home/petertso/Documents/deeppicarmicro/NAS/All/models/deeppicar-stats/models/1100-000_64x64x1_0.1/hls/project_1/myproject_prj/solution1/.autopilot/db/myproject.pp.0.cpp:56952:5: note: FIX-IT applied suggested code changes
/home/petertso/Documents/deeppicarmicro/NAS/All/models/deeppicar-stats/models/1100-000_64x64x1_0.1/hls/project_1/myproject_prj/solution1/.autopilot/db/myproject.pp.0.cpp:56965:5: warning: Added loop label VITIS_LOOP_286_1:   [xilinx-label-all-loops]
    for (int ii = 0; ii < N_TABLE; ii++) {
    ^~~
    VITIS_LOOP_286_1: 
/home/petertso/Documents/deeppicarmicro/NAS/All/models/deeppicar-stats/models/1100-000_64x64x1_0.1/hls/project_1/myproject_prj/solution1/.autopilot/db/myproject.pp.0.cpp:56965:5: note: FIX-IT applied suggested code changes
/home/petertso/Documents/deeppicarmicro/NAS/All/models/deeppicar-stats/models/1100-000_64x64x1_0.1/hls/project_1/myproject_prj/solution1/.autopilot/db/myproject.pp.0.cpp:57002:5: warning: Added loop label VITIS_LOOP_323_1:   [xilinx-label-all-loops]
    for (int ii = 0; ii < CONFIG_T::n_in; ii++) {
    ^~~
    VITIS_LOOP_323_1: 
/home/petertso/Documents/deeppicarmicro/NAS/All/models/deeppicar-stats/models/1100-000_64x64x1_0.1/hls/project_1/myproject_prj/solution1/.autopilot/db/myproject.pp.0.cpp:57002:5: note: FIX-IT applied suggested code changes
/home/petertso/Documents/deeppicarmicro/NAS/All/models/deeppicar-stats/models/1100-000_64x64x1_0.1/hls/project_1/myproject_prj/solution1/.autopilot/db/myproject.pp.0.cpp:57007:5: warning: Added loop label VITIS_LOOP_328_2:   [xilinx-label-all-loops]
    for (int ii = 0; ii < CONFIG_T::n_in; ii++) {
    ^~~
    VITIS_LOOP_328_2: 
/home/petertso/Documents/deeppicarmicro/NAS/All/models/deeppicar-stats/models/1100-000_64x64x1_0.1/hls/project_1/myproject_prj/solution1/.autopilot/db/myproject.pp.0.cpp:57007:5: note: FIX-IT applied suggested code changes
/home/petertso/Documents/deeppicarmicro/NAS/All/models/deeppicar-stats/models/1100-000_64x64x1_0.1/hls/project_1/myproject_prj/solution1/.autopilot/db/myproject.pp.0.cpp:57008:9: warning: Added loop label VITIS_LOOP_329_3:   [xilinx-label-all-loops]
        for (int jj = 0; jj < CONFIG_T::n_in; jj++) {
        ^~~
        VITIS_LOOP_329_3: 
/home/petertso/Documents/deeppicarmicro/NAS/All/models/deeppicar-stats/models/1100-000_64x64x1_0.1/hls/project_1/myproject_prj/solution1/.autopilot/db/myproject.pp.0.cpp:57008:9: note: FIX-IT applied suggested code changes
/home/petertso/Documents/deeppicarmicro/NAS/All/models/deeppicar-stats/models/1100-000_64x64x1_0.1/hls/project_1/myproject_prj/solution1/.autopilot/db/myproject.pp.0.cpp:57025:5: warning: Added loop label VITIS_LOOP_346_4:   [xilinx-label-all-loops]
    for (int ii = 0; ii < CONFIG_T::n_in; ii++) {
    ^~~
    VITIS_LOOP_346_4: 
/home/petertso/Documents/deeppicarmicro/NAS/All/models/deeppicar-stats/models/1100-000_64x64x1_0.1/hls/project_1/myproject_prj/solution1/.autopilot/db/myproject.pp.0.cpp:57025:5: note: FIX-IT applied suggested code changes
/home/petertso/Documents/deeppicarmicro/NAS/All/models/deeppicar-stats/models/1100-000_64x64x1_0.1/hls/project_1/myproject_prj/solution1/.autopilot/db/myproject.pp.0.cpp:57038:5: warning: Added loop label VITIS_LOOP_359_1:   [xilinx-label-all-loops]
    for (int i = 0; i < CONFIG_T::n_in; i++) {
    ^~~
    VITIS_LOOP_359_1: 
/home/petertso/Documents/deeppicarmicro/NAS/All/models/deeppicar-stats/models/1100-000_64x64x1_0.1/hls/project_1/myproject_prj/solution1/.autopilot/db/myproject.pp.0.cpp:57038:5: note: FIX-IT applied suggested code changes
/home/petertso/Documents/deeppicarmicro/NAS/All/models/deeppicar-stats/models/1100-000_64x64x1_0.1/hls/project_1/myproject_prj/solution1/.autopilot/db/myproject.pp.0.cpp:57046:5: warning: Added loop label VITIS_LOOP_367_2:   [xilinx-label-all-loops]
    for (int i = 1; i < CONFIG_T::n_in; i++) {
    ^~~
    VITIS_LOOP_367_2: 
/home/petertso/Documents/deeppicarmicro/NAS/All/models/deeppicar-stats/models/1100-000_64x64x1_0.1/hls/project_1/myproject_prj/solution1/.autopilot/db/myproject.pp.0.cpp:57046:5: note: FIX-IT applied suggested code changes
/home/petertso/Documents/deeppicarmicro/NAS/All/models/deeppicar-stats/models/1100-000_64x64x1_0.1/hls/project_1/myproject_prj/solution1/.autopilot/db/myproject.pp.0.cpp:57081:5: warning: Added loop label VITIS_LOOP_402_1:   [xilinx-label-all-loops]
    for (int ii = 0; ii < N_TABLE; ii++) {
    ^~~
    VITIS_LOOP_402_1: 
/home/petertso/Documents/deeppicarmicro/NAS/All/models/deeppicar-stats/models/1100-000_64x64x1_0.1/hls/project_1/myproject_prj/solution1/.autopilot/db/myproject.pp.0.cpp:57081:5: note: FIX-IT applied suggested code changes
/home/petertso/Documents/deeppicarmicro/NAS/All/models/deeppicar-stats/models/1100-000_64x64x1_0.1/hls/project_1/myproject_prj/solution1/.autopilot/db/myproject.pp.0.cpp:57111:5: warning: Added loop label VITIS_LOOP_432_1:   [xilinx-label-all-loops]
    for (int ii = 0; ii < CONFIG_T::n_in; ii++) {
    ^~~
    VITIS_LOOP_432_1: 
/home/petertso/Documents/deeppicarmicro/NAS/All/models/deeppicar-stats/models/1100-000_64x64x1_0.1/hls/project_1/myproject_prj/solution1/.autopilot/db/myproject.pp.0.cpp:57111:5: note: FIX-IT applied suggested code changes
/home/petertso/Documents/deeppicarmicro/NAS/All/models/deeppicar-stats/models/1100-000_64x64x1_0.1/hls/project_1/myproject_prj/solution1/.autopilot/db/myproject.pp.0.cpp:57138:2: warning: Added loop label VITIS_LOOP_459_1:   [xilinx-label-all-loops]
 for (int ii = 0; ii < CONFIG_T::n_in; ii++) {
 ^~~
 VITIS_LOOP_459_1: 
/home/petertso/Documents/deeppicarmicro/NAS/All/models/deeppicar-stats/models/1100-000_64x64x1_0.1/hls/project_1/myproject_prj/solution1/.autopilot/db/myproject.pp.0.cpp:57138:2: note: FIX-IT applied suggested code changes
/home/petertso/Documents/deeppicarmicro/NAS/All/models/deeppicar-stats/models/1100-000_64x64x1_0.1/hls/project_1/myproject_prj/solution1/.autopilot/db/myproject.pp.0.cpp:57152:2: warning: Added loop label VITIS_LOOP_473_1:   [xilinx-label-all-loops]
 for (int ii = 0; ii < CONFIG_T::n_in; ii++) {
 ^~~
 VITIS_LOOP_473_1: 
/home/petertso/Documents/deeppicarmicro/NAS/All/models/deeppicar-stats/models/1100-000_64x64x1_0.1/hls/project_1/myproject_prj/solution1/.autopilot/db/myproject.pp.0.cpp:57152:2: note: FIX-IT applied suggested code changes
/home/petertso/Documents/deeppicarmicro/NAS/All/models/deeppicar-stats/models/1100-000_64x64x1_0.1/hls/project_1/myproject_prj/solution1/.autopilot/db/myproject.pp.0.cpp:57168:5: warning: Added loop label VITIS_LOOP_489_1:   [xilinx-label-all-loops]
    for (int ii = 0; ii < CONFIG_T::n_in; ii++) {
    ^~~
    VITIS_LOOP_489_1: 
/home/petertso/Documents/deeppicarmicro/NAS/All/models/deeppicar-stats/models/1100-000_64x64x1_0.1/hls/project_1/myproject_prj/solution1/.autopilot/db/myproject.pp.0.cpp:57168:5: note: FIX-IT applied suggested code changes
/home/petertso/Documents/deeppicarmicro/NAS/All/models/deeppicar-stats/models/1100-000_64x64x1_0.1/hls/project_1/myproject_prj/solution1/.autopilot/db/myproject.pp.0.cpp:57186:5: warning: Added loop label VITIS_LOOP_507_1:   [xilinx-label-all-loops]
    for (int ii = 0; ii < CONFIG_T::n_in; ii++) {
    ^~~
    VITIS_LOOP_507_1: 
/home/petertso/Documents/deeppicarmicro/NAS/All/models/deeppicar-stats/models/1100-000_64x64x1_0.1/hls/project_1/myproject_prj/solution1/.autopilot/db/myproject.pp.0.cpp:57186:5: note: FIX-IT applied suggested code changes
/home/petertso/Documents/deeppicarmicro/NAS/All/models/deeppicar-stats/models/1100-000_64x64x1_0.1/hls/project_1/myproject_prj/solution1/.autopilot/db/myproject.pp.0.cpp:57203:5: warning: Added loop label VITIS_LOOP_524_1:   [xilinx-label-all-loops]
    for (int ii = 0; ii < CONFIG_T::n_in; ii++) {
    ^~~
    VITIS_LOOP_524_1: 
/home/petertso/Documents/deeppicarmicro/NAS/All/models/deeppicar-stats/models/1100-000_64x64x1_0.1/hls/project_1/myproject_prj/solution1/.autopilot/db/myproject.pp.0.cpp:57203:5: note: FIX-IT applied suggested code changes
/home/petertso/Documents/deeppicarmicro/NAS/All/models/deeppicar-stats/models/1100-000_64x64x1_0.1/hls/project_1/myproject_prj/solution1/.autopilot/db/myproject.pp.0.cpp:57220:5: warning: Added loop label VITIS_LOOP_541_1:   [xilinx-label-all-loops]
    for (int ii = 0; ii < N_TABLE; ii++) {
    ^~~
    VITIS_LOOP_541_1: 
/home/petertso/Documents/deeppicarmicro/NAS/All/models/deeppicar-stats/models/1100-000_64x64x1_0.1/hls/project_1/myproject_prj/solution1/.autopilot/db/myproject.pp.0.cpp:57220:5: note: FIX-IT applied suggested code changes
/home/petertso/Documents/deeppicarmicro/NAS/All/models/deeppicar-stats/models/1100-000_64x64x1_0.1/hls/project_1/myproject_prj/solution1/.autopilot/db/myproject.pp.0.cpp:57250:5: warning: Added loop label VITIS_LOOP_571_1:   [xilinx-label-all-loops]
    for (int ii = 0; ii < CONFIG_T::n_in; ii++) {
    ^~~
    VITIS_LOOP_571_1: 
/home/petertso/Documents/deeppicarmicro/NAS/All/models/deeppicar-stats/models/1100-000_64x64x1_0.1/hls/project_1/myproject_prj/solution1/.autopilot/db/myproject.pp.0.cpp:57250:5: note: FIX-IT applied suggested code changes
/home/petertso/Documents/deeppicarmicro/NAS/All/models/deeppicar-stats/models/1100-000_64x64x1_0.1/hls/project_1/myproject_prj/solution1/.autopilot/db/myproject.pp.0.cpp:57269:5: warning: Added loop label VITIS_LOOP_590_1:   [xilinx-label-all-loops]
    for (int ii = 0; ii < N_TABLE; ii++) {
    ^~~
    VITIS_LOOP_590_1: 
/home/petertso/Documents/deeppicarmicro/NAS/All/models/deeppicar-stats/models/1100-000_64x64x1_0.1/hls/project_1/myproject_prj/solution1/.autopilot/db/myproject.pp.0.cpp:57269:5: note: FIX-IT applied suggested code changes
/home/petertso/Documents/deeppicarmicro/NAS/All/models/deeppicar-stats/models/1100-000_64x64x1_0.1/hls/project_1/myproject_prj/solution1/.autopilot/db/myproject.pp.0.cpp:57299:5: warning: Added loop label VITIS_LOOP_620_1:   [xilinx-label-all-loops]
    for (int ii = 0; ii < CONFIG_T::n_in; ii++) {
    ^~~
    VITIS_LOOP_620_1: 
/home/petertso/Documents/deeppicarmicro/NAS/All/models/deeppicar-stats/models/1100-000_64x64x1_0.1/hls/project_1/myproject_prj/solution1/.autopilot/db/myproject.pp.0.cpp:57299:5: note: FIX-IT applied suggested code changes
/home/petertso/Documents/deeppicarmicro/NAS/All/models/deeppicar-stats/models/1100-000_64x64x1_0.1/hls/project_1/myproject_prj/solution1/.autopilot/db/myproject.pp.0.cpp:57318:5: warning: Added loop label VITIS_LOOP_639_1:   [xilinx-label-all-loops]
    for (int ii = 0; ii < N_TABLE; ii++) {
    ^~~
    VITIS_LOOP_639_1: 
/home/petertso/Documents/deeppicarmicro/NAS/All/models/deeppicar-stats/models/1100-000_64x64x1_0.1/hls/project_1/myproject_prj/solution1/.autopilot/db/myproject.pp.0.cpp:57318:5: note: FIX-IT applied suggested code changes
/home/petertso/Documents/deeppicarmicro/NAS/All/models/deeppicar-stats/models/1100-000_64x64x1_0.1/hls/project_1/myproject_prj/solution1/.autopilot/db/myproject.pp.0.cpp:57348:5: warning: Added loop label VITIS_LOOP_669_1:   [xilinx-label-all-loops]
    for (int ii = 0; ii < CONFIG_T::n_in; ii++) {
    ^~~
    VITIS_LOOP_669_1: 
/home/petertso/Documents/deeppicarmicro/NAS/All/models/deeppicar-stats/models/1100-000_64x64x1_0.1/hls/project_1/myproject_prj/solution1/.autopilot/db/myproject.pp.0.cpp:57348:5: note: FIX-IT applied suggested code changes
/home/petertso/Documents/deeppicarmicro/NAS/All/models/deeppicar-stats/models/1100-000_64x64x1_0.1/hls/project_1/myproject_prj/solution1/.autopilot/db/myproject.pp.0.cpp:57375:5: warning: Added loop label VITIS_LOOP_696_1:   [xilinx-label-all-loops]
    for (int ii = 0; ii < N_TABLE; ii++) {
    ^~~
    VITIS_LOOP_696_1: 
/home/petertso/Documents/deeppicarmicro/NAS/All/models/deeppicar-stats/models/1100-000_64x64x1_0.1/hls/project_1/myproject_prj/solution1/.autopilot/db/myproject.pp.0.cpp:57375:5: note: FIX-IT applied suggested code changes
/home/petertso/Documents/deeppicarmicro/NAS/All/models/deeppicar-stats/models/1100-000_64x64x1_0.1/hls/project_1/myproject_prj/solution1/.autopilot/db/myproject.pp.0.cpp:57404:5: warning: Added loop label VITIS_LOOP_725_1:   [xilinx-label-all-loops]
    for (int ii = 0; ii < CONFIG_T::n_in; ii++) {
    ^~~
    VITIS_LOOP_725_1: 
/home/petertso/Documents/deeppicarmicro/NAS/All/models/deeppicar-stats/models/1100-000_64x64x1_0.1/hls/project_1/myproject_prj/solution1/.autopilot/db/myproject.pp.0.cpp:57404:5: note: FIX-IT applied suggested code changes
/home/petertso/Documents/deeppicarmicro/NAS/All/models/deeppicar-stats/models/1100-000_64x64x1_0.1/hls/project_1/myproject_prj/solution1/.autopilot/db/myproject.pp.0.cpp:57425:5: warning: Added loop label VITIS_LOOP_746_1:   [xilinx-label-all-loops]
    for (int ii = 0; ii < CONFIG_T::n_in; ii++) {
    ^~~
    VITIS_LOOP_746_1: 
/home/petertso/Documents/deeppicarmicro/NAS/All/models/deeppicar-stats/models/1100-000_64x64x1_0.1/hls/project_1/myproject_prj/solution1/.autopilot/db/myproject.pp.0.cpp:57425:5: note: FIX-IT applied suggested code changes
/home/petertso/Documents/deeppicarmicro/NAS/All/models/deeppicar-stats/models/1100-000_64x64x1_0.1/hls/project_1/myproject_prj/solution1/.autopilot/db/myproject.pp.0.cpp:57443:5: warning: Added loop label VITIS_LOOP_764_1:   [xilinx-label-all-loops]
    for (int ii = 0; ii < CONFIG_T::n_in; ii++) {
    ^~~
    VITIS_LOOP_764_1: 
/home/petertso/Documents/deeppicarmicro/NAS/All/models/deeppicar-stats/models/1100-000_64x64x1_0.1/hls/project_1/myproject_prj/solution1/.autopilot/db/myproject.pp.0.cpp:57443:5: note: FIX-IT applied suggested code changes
/home/petertso/Documents/deeppicarmicro/NAS/All/models/deeppicar-stats/models/1100-000_64x64x1_0.1/hls/project_1/myproject_prj/solution1/.autopilot/db/myproject.pp.0.cpp:57463:5: warning: Added loop label VITIS_LOOP_784_1:   [xilinx-label-all-loops]
    for (int ii = 0; ii < CONFIG_T::n_in; ii++) {
    ^~~
    VITIS_LOOP_784_1: 
/home/petertso/Documents/deeppicarmicro/NAS/All/models/deeppicar-stats/models/1100-000_64x64x1_0.1/hls/project_1/myproject_prj/solution1/.autopilot/db/myproject.pp.0.cpp:57463:5: note: FIX-IT applied suggested code changes
/home/petertso/Documents/deeppicarmicro/NAS/All/models/deeppicar-stats/models/1100-000_64x64x1_0.1/hls/project_1/myproject_prj/solution1/.autopilot/db/myproject.pp.0.cpp:57559:9: warning: Added loop label VITIS_LOOP_73_1:   [xilinx-label-all-loops]
        for (int i = 0; i < N / data_T::size; i++) {
        ^~~
        VITIS_LOOP_73_1: 
/home/petertso/Documents/deeppicarmicro/NAS/All/models/deeppicar-stats/models/1100-000_64x64x1_0.1/hls/project_1/myproject_prj/solution1/.autopilot/db/myproject.pp.0.cpp:57559:9: note: FIX-IT applied suggested code changes
/home/petertso/Documents/deeppicarmicro/NAS/All/models/deeppicar-stats/models/1100-000_64x64x1_0.1/hls/project_1/myproject_prj/solution1/.autopilot/db/myproject.pp.0.cpp:57566:13: warning: Added loop label VITIS_LOOP_80_2:   [xilinx-label-all-loops]
            for (int j = 0; j < data_T::size; j++) {
            ^~~
            VITIS_LOOP_80_2: 
/home/petertso/Documents/deeppicarmicro/NAS/All/models/deeppicar-stats/models/1100-000_64x64x1_0.1/hls/project_1/myproject_prj/solution1/.autopilot/db/myproject.pp.0.cpp:57566:13: note: FIX-IT applied suggested code changes
/home/petertso/Documents/deeppicarmicro/NAS/All/models/deeppicar-stats/models/1100-000_64x64x1_0.1/hls/project_1/myproject_prj/solution1/.autopilot/db/myproject.pp.0.cpp:57575:9: warning: Added loop label VITIS_LOOP_89_3:   [xilinx-label-all-loops]
        for (int i = 0; i < N / data_T::size; i++) {
        ^~~
        VITIS_LOOP_89_3: 
/home/petertso/Documents/deeppicarmicro/NAS/All/models/deeppicar-stats/models/1100-000_64x64x1_0.1/hls/project_1/myproject_prj/solution1/.autopilot/db/myproject.pp.0.cpp:57575:9: note: FIX-IT applied suggested code changes
/home/petertso/Documents/deeppicarmicro/NAS/All/models/deeppicar-stats/models/1100-000_64x64x1_0.1/hls/project_1/myproject_prj/solution1/.autopilot/db/myproject.pp.0.cpp:57584:13: warning: Added loop label VITIS_LOOP_98_4:   [xilinx-label-all-loops]
            for (int j = 0; j < pack_diff; j++) {
            ^~~
            VITIS_LOOP_98_4: 
/home/petertso/Documents/deeppicarmicro/NAS/All/models/deeppicar-stats/models/1100-000_64x64x1_0.1/hls/project_1/myproject_prj/solution1/.autopilot/db/myproject.pp.0.cpp:57584:13: note: FIX-IT applied suggested code changes
/home/petertso/Documents/deeppicarmicro/NAS/All/models/deeppicar-stats/models/1100-000_64x64x1_0.1/hls/project_1/myproject_prj/solution1/.autopilot/db/myproject.pp.0.cpp:57588:17: warning: Added loop label VITIS_LOOP_102_5:   [xilinx-label-all-loops]
                for (int k = 0; k < res_T::size; k++) {
                ^~~
                VITIS_LOOP_102_5: 
/home/petertso/Documents/deeppicarmicro/NAS/All/models/deeppicar-stats/models/1100-000_64x64x1_0.1/hls/project_1/myproject_prj/solution1/.autopilot/db/myproject.pp.0.cpp:57588:17: note: FIX-IT applied suggested code changes
/home/petertso/Documents/deeppicarmicro/NAS/All/models/deeppicar-stats/models/1100-000_64x64x1_0.1/hls/project_1/myproject_prj/solution1/.autopilot/db/myproject.pp.0.cpp:57599:9: warning: Added loop label VITIS_LOOP_113_6:   [xilinx-label-all-loops]
        for (int i = 0; i < N / data_T::size; i++) {
        ^~~
        VITIS_LOOP_113_6: 
/home/petertso/Documents/deeppicarmicro/NAS/All/models/deeppicar-stats/models/1100-000_64x64x1_0.1/hls/project_1/myproject_prj/solution1/.autopilot/db/myproject.pp.0.cpp:57599:9: note: FIX-IT applied suggested code changes
/home/petertso/Documents/deeppicarmicro/NAS/All/models/deeppicar-stats/models/1100-000_64x64x1_0.1/hls/project_1/myproject_prj/solution1/.autopilot/db/myproject.pp.0.cpp:57603:13: warning: Added loop label VITIS_LOOP_117_7:   [xilinx-label-all-loops]
            for (int j = 0; j < data_T::size; j++) {
            ^~~
            VITIS_LOOP_117_7: 
/home/petertso/Documents/deeppicarmicro/NAS/All/models/deeppicar-stats/models/1100-000_64x64x1_0.1/hls/project_1/myproject_prj/solution1/.autopilot/db/myproject.pp.0.cpp:57603:13: note: FIX-IT applied suggested code changes
/home/petertso/Documents/deeppicarmicro/NAS/All/models/deeppicar-stats/models/1100-000_64x64x1_0.1/hls/project_1/myproject_prj/solution1/.autopilot/db/myproject.pp.0.cpp:57627:9: warning: Added loop label VITIS_LOOP_141_1:   [xilinx-label-all-loops]
        for (int j = 0; j < n_dupl; j++) {
        ^~~
        VITIS_LOOP_141_1: 
/home/petertso/Documents/deeppicarmicro/NAS/All/models/deeppicar-stats/models/1100-000_64x64x1_0.1/hls/project_1/myproject_prj/solution1/.autopilot/db/myproject.pp.0.cpp:57627:9: note: FIX-IT applied suggested code changes
/home/petertso/Documents/deeppicarmicro/NAS/All/models/deeppicar-stats/models/1100-000_64x64x1_0.1/hls/project_1/myproject_prj/solution1/.autopilot/db/myproject.pp.0.cpp:57631:13: warning: Added loop label VITIS_LOOP_145_2:   [xilinx-label-all-loops]
            for (int k = 0; k < res_T::size; k++) {
            ^~~
            VITIS_LOOP_145_2: 
/home/petertso/Documents/deeppicarmicro/NAS/All/models/deeppicar-stats/models/1100-000_64x64x1_0.1/hls/project_1/myproject_prj/solution1/.autopilot/db/myproject.pp.0.cpp:57631:13: note: FIX-IT applied suggested code changes
/home/petertso/Documents/deeppicarmicro/NAS/All/models/deeppicar-stats/models/1100-000_64x64x1_0.1/hls/project_1/myproject_prj/solution1/.autopilot/db/myproject.pp.0.cpp:57650:9: warning: Added loop label VITIS_LOOP_164_1:   [xilinx-label-all-loops]
        for (int k = 0; k < res_T::size; k++) {
        ^~~
        VITIS_LOOP_164_1: 
/home/petertso/Documents/deeppicarmicro/NAS/All/models/deeppicar-stats/models/1100-000_64x64x1_0.1/hls/project_1/myproject_prj/solution1/.autopilot/db/myproject.pp.0.cpp:57650:9: note: FIX-IT applied suggested code changes
/home/petertso/Documents/deeppicarmicro/NAS/All/models/deeppicar-stats/models/1100-000_64x64x1_0.1/hls/project_1/myproject_prj/solution1/.autopilot/db/myproject.pp.0.cpp:57876:9: warning: Added loop label VITIS_LOOP_213_1:   [xilinx-label-all-loops]
        for (unsigned j = 0; j < data_T::size; j++) {
        ^~~
        VITIS_LOOP_213_1: 
/home/petertso/Documents/deeppicarmicro/NAS/All/models/deeppicar-stats/models/1100-000_64x64x1_0.1/hls/project_1/myproject_prj/solution1/.autopilot/db/myproject.pp.0.cpp:57876:9: note: FIX-IT applied suggested code changes
/home/petertso/Documents/deeppicarmicro/NAS/All/models/deeppicar-stats/models/1100-000_64x64x1_0.1/hls/project_1/myproject_prj/solution1/.autopilot/db/myproject.pp.0.cpp:57885:9: warning: Added loop label VITIS_LOOP_222_2:   [xilinx-label-all-loops]
        for (unsigned j = 0; j < data_T::size; j++) {
        ^~~
        VITIS_LOOP_222_2: 
/home/petertso/Documents/deeppicarmicro/NAS/All/models/deeppicar-stats/models/1100-000_64x64x1_0.1/hls/project_1/myproject_prj/solution1/.autopilot/db/myproject.pp.0.cpp:57885:9: note: FIX-IT applied suggested code changes
/home/petertso/Documents/deeppicarmicro/NAS/All/models/deeppicar-stats/models/1100-000_64x64x1_0.1/hls/project_1/myproject_prj/solution1/.autopilot/db/myproject.pp.0.cpp:57991:5: warning: Added loop label VITIS_LOOP_328_1:   [xilinx-label-all-loops]
    for (int i = 0; i < CONFIG_T::n_in / res_T::size; i++) {
    ^~~
    VITIS_LOOP_328_1: 
/home/petertso/Documents/deeppicarmicro/NAS/All/models/deeppicar-stats/models/1100-000_64x64x1_0.1/hls/project_1/myproject_prj/solution1/.autopilot/db/myproject.pp.0.cpp:57991:5: note: FIX-IT applied suggested code changes
/home/petertso/Documents/deeppicarmicro/NAS/All/models/deeppicar-stats/models/1100-000_64x64x1_0.1/hls/project_1/myproject_prj/solution1/.autopilot/db/myproject.pp.0.cpp:57996:9: warning: Added loop label VITIS_LOOP_333_2:   [xilinx-label-all-loops]
        for (int i = 0; i < res_T::size; i++) {
        ^~~
        VITIS_LOOP_333_2: 
/home/petertso/Documents/deeppicarmicro/NAS/All/models/deeppicar-stats/models/1100-000_64x64x1_0.1/hls/project_1/myproject_prj/solution1/.autopilot/db/myproject.pp.0.cpp:57996:9: note: FIX-IT applied suggested code changes
/home/petertso/Documents/deeppicarmicro/NAS/All/models/deeppicar-stats/models/1100-000_64x64x1_0.1/hls/project_1/myproject_prj/solution1/.autopilot/db/myproject.pp.0.cpp:58004:9: warning: Added loop label VITIS_LOOP_341_3:   [xilinx-label-all-loops]
        for (int i = 1; i < res_T::size; i++) {
        ^~~
        VITIS_LOOP_341_3: 
/home/petertso/Documents/deeppicarmicro/NAS/All/models/deeppicar-stats/models/1100-000_64x64x1_0.1/hls/project_1/myproject_prj/solution1/.autopilot/db/myproject.pp.0.cpp:58004:9: note: FIX-IT applied suggested code changes
/home/petertso/Documents/deeppicarmicro/NAS/All/models/deeppicar-stats/models/1100-000_64x64x1_0.1/hls/project_1/myproject_prj/solution1/.autopilot/db/myproject.pp.0.cpp:58685:9: error: Resource with core_name: ROM_nP_BRAM pragma is ignored, because this core doesn't exist at all  [clang-diagnostic-error]
#pragma HLS RESOURCE variable=weights core=ROM_nP_BRAM
        ^
/home/petertso/Documents/deeppicarmicro/NAS/All/models/deeppicar-stats/models/1100-000_64x64x1_0.1/hls/project_1/myproject_prj/solution1/.autopilot/db/myproject.pp.0.cpp:58759:9: error: Resource with core_name: ROM_nP_BRAM pragma is ignored, because this core doesn't exist at all  [clang-diagnostic-error]
#pragma HLS RESOURCE variable=weights core=ROM_nP_BRAM
        ^
/home/petertso/Documents/deeppicarmicro/NAS/All/models/deeppicar-stats/models/1100-000_64x64x1_0.1/hls/project_1/myproject_prj/solution1/.autopilot/db/myproject.pp.0.cpp:58841:9: error: Resource with core_name: ROM_nP_BRAM pragma is ignored, because this core doesn't exist at all  [clang-diagnostic-error]
#pragma HLS RESOURCE variable=weights core=ROM_nP_BRAM
        ^
/home/petertso/Documents/deeppicarmicro/NAS/All/models/deeppicar-stats/models/1100-000_64x64x1_0.1/hls/project_1/myproject_prj/solution1/.autopilot/db/myproject.pp.0.cpp:59203:9: warning: Added loop label VITIS_LOOP_64_1:   [xilinx-label-all-loops]
        for (unsigned i = 0; i < __SHIFT_DEPTH__; ++i)
        ^~~
        VITIS_LOOP_64_1: 
/home/petertso/Documents/deeppicarmicro/NAS/All/models/deeppicar-stats/models/1100-000_64x64x1_0.1/hls/project_1/myproject_prj/solution1/.autopilot/db/myproject.pp.0.cpp:59203:9: note: FIX-IT applied suggested code changes
/home/petertso/Documents/deeppicarmicro/NAS/All/models/deeppicar-stats/models/1100-000_64x64x1_0.1/hls/project_1/myproject_prj/solution1/.autopilot/db/myproject.pp.0.cpp:59210:9: warning: Added loop label VITIS_LOOP_71_1:   [xilinx-label-all-loops]
        for (unsigned i = 0; i < __SHIFT_DEPTH__; ++i)
        ^~~
        VITIS_LOOP_71_1: 
/home/petertso/Documents/deeppicarmicro/NAS/All/models/deeppicar-stats/models/1100-000_64x64x1_0.1/hls/project_1/myproject_prj/solution1/.autopilot/db/myproject.pp.0.cpp:59210:9: note: FIX-IT applied suggested code changes
/home/petertso/Documents/deeppicarmicro/NAS/All/models/deeppicar-stats/models/1100-000_64x64x1_0.1/hls/project_1/myproject_prj/solution1/.autopilot/db/myproject.pp.0.cpp:59723:5: warning: Added loop label VITIS_LOOP_14_1:   [xilinx-label-all-loops]
    for (unsigned k = 0; k < CONFIG_T::n_out; k++) {
    ^~~
    VITIS_LOOP_14_1: 
/home/petertso/Documents/deeppicarmicro/NAS/All/models/deeppicar-stats/models/1100-000_64x64x1_0.1/hls/project_1/myproject_prj/solution1/.autopilot/db/myproject.pp.0.cpp:59723:5: note: FIX-IT applied suggested code changes
/home/petertso/Documents/deeppicarmicro/NAS/All/models/deeppicar-stats/models/1100-000_64x64x1_0.1/hls/project_1/myproject_prj/solution1/.autopilot/db/myproject.pp.0.cpp:59783:9: warning: Added loop label VITIS_LOOP_74_1:   [xilinx-label-all-loops]
        for (int im = 0; im < CONFIG_T::n_out; im++) {
        ^~~
        VITIS_LOOP_74_1: 
/home/petertso/Documents/deeppicarmicro/NAS/All/models/deeppicar-stats/models/1100-000_64x64x1_0.1/hls/project_1/myproject_prj/solution1/.autopilot/db/myproject.pp.0.cpp:59783:9: note: FIX-IT applied suggested code changes
