

================================================================
== Vitis HLS Report for 'dense_resource_rf_leq_nin_ap_ufixed_ap_fixed_19_9_5_3_0_config16_s'
================================================================
* Date:           Sun May  4 16:36:08 2025

* Version:        2024.2 (Build 5238294 on Nov  8 2024)
* Project:        myproject_prj
* Solution:       solution1 (Vivado IP Flow Target)
* Product family: artix7
* Target device:  xc7a35t-cpg236-1


================================================================
== Performance Estimates
================================================================
+ Timing: 
    * Summary: 
    +--------+----------+-----------+------------+
    |  Clock |  Target  | Estimated | Uncertainty|
    +--------+----------+-----------+------------+
    |ap_clk  |  30.00 ns|  11.884 ns|     8.10 ns|
    +--------+----------+-----------+------------+

+ Latency: 
    * Summary: 
    +---------+---------+----------+----------+-----+-----+-------------------------------------------+
    |  Latency (cycles) |  Latency (absolute) |  Interval |                  Pipeline                 |
    |   min   |   max   |    min   |    max   | min | max |                    Type                   |
    +---------+---------+----------+----------+-----+-----+-------------------------------------------+
    |       54|       55|  1.620 us|  1.650 us|   54|   54|  loop rewind stp (delay=0 clock cycles(s))|
    +---------+---------+----------+----------+-----+-----+-------------------------------------------+

    + Detail: 
        * Instance: 
        N/A

        * Loop: 
        +-------------+---------+---------+----------+-----------+-----------+------+----------+
        |             |  Latency (cycles) | Iteration|  Initiation Interval  | Trip |          |
        |  Loop Name  |   min   |   max   |  Latency |  achieved |   target  | Count| Pipelined|
        +-------------+---------+---------+----------+-----------+-----------+------+----------+
        |- ReuseLoop  |       54|       54|         2|          1|          1|    54|       yes|
        +-------------+---------+---------+----------+-----------+-----------+------+----------+



================================================================
== Utilization Estimates
================================================================
* Summary: 
+-----------------+---------+----+-------+-------+-----+
|       Name      | BRAM_18K| DSP|   FF  |  LUT  | URAM|
+-----------------+---------+----+-------+-------+-----+
|DSP              |        -|   1|      -|      -|    -|
|Expression       |        -|   -|      0|     34|    -|
|FIFO             |        -|   -|      -|      -|    -|
|Instance         |        -|   -|      0|    233|    -|
|Memory           |        1|   -|      0|      0|    -|
|Multiplexer      |        -|   -|      0|   1047|    -|
|Register         |        -|   -|    697|      -|    -|
+-----------------+---------+----+-------+-------+-----+
|Total            |        1|   1|    697|   1314|    0|
+-----------------+---------+----+-------+-------+-----+
|Available        |      100|  90|  41600|  20800|    0|
+-----------------+---------+----+-------+-------+-----+
|Utilization (%)  |        1|   1|      1|      6|    0|
+-----------------+---------+----+-------+-------+-----+

+ Detail: 
    * Instance: 
    +----------------------------+-----------------------+---------+----+---+-----+-----+
    |          Instance          |         Module        | BRAM_18K| DSP| FF| LUT | URAM|
    +----------------------------+-----------------------+---------+----+---+-----+-----+
    |sparsemux_109_6_6_1_1_U587  |sparsemux_109_6_6_1_1  |        0|   0|  0|  233|    0|
    +----------------------------+-----------------------+---------+----+---+-----+-----+
    |Total                       |                       |        0|   0|  0|  233|    0|
    +----------------------------+-----------------------+---------+----+---+-----+-----+

    * DSP: 
    +-----------------------------------+------------------------------+--------------+
    |              Instance             |            Module            |  Expression  |
    +-----------------------------------+------------------------------+--------------+
    |mac_muladd_6ns_4s_16s_16_1_1_U588  |mac_muladd_6ns_4s_16s_16_1_1  |  i0 * i1 + i2|
    +-----------------------------------+------------------------------+--------------+

    * Memory: 
    +-------+----------------------------------------------------------------------------------+---------+---+----+-----+------+-----+------+-------------+
    | Memory|                                      Module                                      | BRAM_18K| FF| LUT| URAM| Words| Bits| Banks| W*Bits*Banks|
    +-------+----------------------------------------------------------------------------------+---------+---+----+-----+------+-----+------+-------------+
    |w16_U  |dense_resource_rf_leq_nin_ap_ufixed_ap_fixed_19_9_5_3_0_config16_s_w16_ROM_NPShg  |        1|  0|   0|    0|    54|    4|     1|          216|
    +-------+----------------------------------------------------------------------------------+---------+---+----+-----+------+-----+------+-------------+
    |Total  |                                                                                  |        1|  0|   0|    0|    54|    4|     1|          216|
    +-------+----------------------------------------------------------------------------------+---------+---+----+-----+------+-----+------+-------------+

    * FIFO: 
    N/A

    * Expression: 
    +----------------------+----------+----+---+----+------------+------------+
    |     Variable Name    | Operation| DSP| FF| LUT| Bitwidth P0| Bitwidth P1|
    +----------------------+----------+----+---+----+------------+------------+
    |w_index_fu_2047_p2    |         +|   0|  0|  14|           6|           1|
    |ap_condition_37       |       and|   0|  0|   2|           1|           1|
    |ap_condition_458      |       and|   0|  0|   2|           1|           1|
    |icmp_ln46_fu_2053_p2  |      icmp|   0|  0|  14|           6|           5|
    |ap_enable_pp0         |       xor|   0|  0|   2|           1|           2|
    +----------------------+----------+----+---+----+------------+------------+
    |Total                 |          |   0|  0|  34|          15|          10|
    +----------------------+----------+----+---+----+------------+------------+

    * Multiplexer: 
    +-------------------------------------------------+----+-----------+-----+-----------+
    |                       Name                      | LUT| Input Size| Bits| Total Bits|
    +-------------------------------------------------+----+-----------+-----+-----------+
    |ap_NS_fsm                                        |  13|          3|    1|          3|
    |ap_enable_reg_pp0_iter1                          |   9|          2|    1|          2|
    |ap_phi_mux_data_0_val4_phi_phi_fu_1398_p4        |   9|          2|    6|         12|
    |ap_phi_mux_data_10_val14_phi_phi_fu_1518_p4      |   9|          2|    6|         12|
    |ap_phi_mux_data_11_val15_phi_phi_fu_1530_p4      |   9|          2|    6|         12|
    |ap_phi_mux_data_12_val16_phi_phi_fu_1542_p4      |   9|          2|    6|         12|
    |ap_phi_mux_data_13_val17_phi_phi_fu_1554_p4      |   9|          2|    6|         12|
    |ap_phi_mux_data_14_val18_phi_phi_fu_1566_p4      |   9|          2|    6|         12|
    |ap_phi_mux_data_15_val19_phi_phi_fu_1578_p4      |   9|          2|    6|         12|
    |ap_phi_mux_data_16_val20_phi_phi_fu_1590_p4      |   9|          2|    6|         12|
    |ap_phi_mux_data_17_val21_phi_phi_fu_1602_p4      |   9|          2|    6|         12|
    |ap_phi_mux_data_18_val22_phi_phi_fu_1614_p4      |   9|          2|    6|         12|
    |ap_phi_mux_data_19_val23_phi_phi_fu_1626_p4      |   9|          2|    6|         12|
    |ap_phi_mux_data_1_val5_phi_phi_fu_1410_p4        |   9|          2|    6|         12|
    |ap_phi_mux_data_20_val24_phi_phi_fu_1638_p4      |   9|          2|    6|         12|
    |ap_phi_mux_data_21_val25_phi_phi_fu_1650_p4      |   9|          2|    6|         12|
    |ap_phi_mux_data_22_val26_phi_phi_fu_1662_p4      |   9|          2|    6|         12|
    |ap_phi_mux_data_23_val27_phi_phi_fu_1674_p4      |   9|          2|    6|         12|
    |ap_phi_mux_data_24_val28_phi_phi_fu_1686_p4      |   9|          2|    6|         12|
    |ap_phi_mux_data_25_val29_phi_phi_fu_1698_p4      |   9|          2|    6|         12|
    |ap_phi_mux_data_26_val30_phi_phi_fu_1710_p4      |   9|          2|    6|         12|
    |ap_phi_mux_data_27_val31_phi_phi_fu_1722_p4      |   9|          2|    6|         12|
    |ap_phi_mux_data_28_val32_phi_phi_fu_1734_p4      |   9|          2|    6|         12|
    |ap_phi_mux_data_29_val33_phi_phi_fu_1746_p4      |   9|          2|    6|         12|
    |ap_phi_mux_data_2_val6_phi_phi_fu_1422_p4        |   9|          2|    6|         12|
    |ap_phi_mux_data_30_val34_phi_phi_fu_1758_p4      |   9|          2|    6|         12|
    |ap_phi_mux_data_31_val35_phi_phi_fu_1770_p4      |   9|          2|    6|         12|
    |ap_phi_mux_data_32_val36_phi_phi_fu_1782_p4      |   9|          2|    6|         12|
    |ap_phi_mux_data_33_val37_phi_phi_fu_1794_p4      |   9|          2|    6|         12|
    |ap_phi_mux_data_34_val38_phi_phi_fu_1806_p4      |   9|          2|    6|         12|
    |ap_phi_mux_data_35_val39_phi_phi_fu_1818_p4      |   9|          2|    6|         12|
    |ap_phi_mux_data_36_val40_phi_phi_fu_1830_p4      |   9|          2|    6|         12|
    |ap_phi_mux_data_37_val41_phi_phi_fu_1842_p4      |   9|          2|    6|         12|
    |ap_phi_mux_data_38_val42_phi_phi_fu_1854_p4      |   9|          2|    6|         12|
    |ap_phi_mux_data_39_val43_phi_phi_fu_1866_p4      |   9|          2|    6|         12|
    |ap_phi_mux_data_3_val7_phi_phi_fu_1434_p4        |   9|          2|    6|         12|
    |ap_phi_mux_data_40_val44_phi_phi_fu_1878_p4      |   9|          2|    6|         12|
    |ap_phi_mux_data_41_val45_phi_phi_fu_1890_p4      |   9|          2|    6|         12|
    |ap_phi_mux_data_42_val46_phi_phi_fu_1902_p4      |   9|          2|    6|         12|
    |ap_phi_mux_data_43_val47_phi_phi_fu_1914_p4      |   9|          2|    6|         12|
    |ap_phi_mux_data_44_val48_phi_phi_fu_1926_p4      |   9|          2|    6|         12|
    |ap_phi_mux_data_45_val49_phi_phi_fu_1938_p4      |   9|          2|    6|         12|
    |ap_phi_mux_data_46_val50_phi_phi_fu_1950_p4      |   9|          2|    6|         12|
    |ap_phi_mux_data_47_val51_phi_phi_fu_1962_p4      |   9|          2|    6|         12|
    |ap_phi_mux_data_48_val52_phi_phi_fu_1974_p4      |   9|          2|    6|         12|
    |ap_phi_mux_data_49_val53_phi_phi_fu_1986_p4      |   9|          2|    6|         12|
    |ap_phi_mux_data_4_val8_phi_phi_fu_1446_p4        |   9|          2|    6|         12|
    |ap_phi_mux_data_50_val54_phi_phi_fu_1998_p4      |   9|          2|    6|         12|
    |ap_phi_mux_data_51_val55_phi_phi_fu_2010_p4      |   9|          2|    6|         12|
    |ap_phi_mux_data_52_val56_phi_phi_fu_2022_p4      |   9|          2|    6|         12|
    |ap_phi_mux_data_53_val57_phi_phi_fu_2034_p4      |   9|          2|    6|         12|
    |ap_phi_mux_data_5_val9_phi_phi_fu_1458_p4        |   9|          2|    6|         12|
    |ap_phi_mux_data_6_val10_phi_phi_fu_1470_p4       |   9|          2|    6|         12|
    |ap_phi_mux_data_7_val11_phi_phi_fu_1482_p4       |   9|          2|    6|         12|
    |ap_phi_mux_data_8_val12_phi_phi_fu_1494_p4       |   9|          2|    6|         12|
    |ap_phi_mux_data_9_val13_phi_phi_fu_1506_p4       |   9|          2|    6|         12|
    |ap_phi_mux_do_init_phi_fu_597_p6                 |  13|          3|    1|          3|
    |ap_phi_mux_w_index3_phi_fu_613_p6                |  13|          3|    6|         18|
    |ap_phi_reg_pp0_iter1_data_0_val4_phi_reg_1394    |   9|          2|    6|         12|
    |ap_phi_reg_pp0_iter1_data_10_val14_phi_reg_1514  |   9|          2|    6|         12|
    |ap_phi_reg_pp0_iter1_data_11_val15_phi_reg_1526  |   9|          2|    6|         12|
    |ap_phi_reg_pp0_iter1_data_12_val16_phi_reg_1538  |   9|          2|    6|         12|
    |ap_phi_reg_pp0_iter1_data_13_val17_phi_reg_1550  |   9|          2|    6|         12|
    |ap_phi_reg_pp0_iter1_data_14_val18_phi_reg_1562  |   9|          2|    6|         12|
    |ap_phi_reg_pp0_iter1_data_15_val19_phi_reg_1574  |   9|          2|    6|         12|
    |ap_phi_reg_pp0_iter1_data_16_val20_phi_reg_1586  |   9|          2|    6|         12|
    |ap_phi_reg_pp0_iter1_data_17_val21_phi_reg_1598  |   9|          2|    6|         12|
    |ap_phi_reg_pp0_iter1_data_18_val22_phi_reg_1610  |   9|          2|    6|         12|
    |ap_phi_reg_pp0_iter1_data_19_val23_phi_reg_1622  |   9|          2|    6|         12|
    |ap_phi_reg_pp0_iter1_data_1_val5_phi_reg_1406    |   9|          2|    6|         12|
    |ap_phi_reg_pp0_iter1_data_20_val24_phi_reg_1634  |   9|          2|    6|         12|
    |ap_phi_reg_pp0_iter1_data_21_val25_phi_reg_1646  |   9|          2|    6|         12|
    |ap_phi_reg_pp0_iter1_data_22_val26_phi_reg_1658  |   9|          2|    6|         12|
    |ap_phi_reg_pp0_iter1_data_23_val27_phi_reg_1670  |   9|          2|    6|         12|
    |ap_phi_reg_pp0_iter1_data_24_val28_phi_reg_1682  |   9|          2|    6|         12|
    |ap_phi_reg_pp0_iter1_data_25_val29_phi_reg_1694  |   9|          2|    6|         12|
    |ap_phi_reg_pp0_iter1_data_26_val30_phi_reg_1706  |   9|          2|    6|         12|
    |ap_phi_reg_pp0_iter1_data_27_val31_phi_reg_1718  |   9|          2|    6|         12|
    |ap_phi_reg_pp0_iter1_data_28_val32_phi_reg_1730  |   9|          2|    6|         12|
    |ap_phi_reg_pp0_iter1_data_29_val33_phi_reg_1742  |   9|          2|    6|         12|
    |ap_phi_reg_pp0_iter1_data_2_val6_phi_reg_1418    |   9|          2|    6|         12|
    |ap_phi_reg_pp0_iter1_data_30_val34_phi_reg_1754  |   9|          2|    6|         12|
    |ap_phi_reg_pp0_iter1_data_31_val35_phi_reg_1766  |   9|          2|    6|         12|
    |ap_phi_reg_pp0_iter1_data_32_val36_phi_reg_1778  |   9|          2|    6|         12|
    |ap_phi_reg_pp0_iter1_data_33_val37_phi_reg_1790  |   9|          2|    6|         12|
    |ap_phi_reg_pp0_iter1_data_34_val38_phi_reg_1802  |   9|          2|    6|         12|
    |ap_phi_reg_pp0_iter1_data_35_val39_phi_reg_1814  |   9|          2|    6|         12|
    |ap_phi_reg_pp0_iter1_data_36_val40_phi_reg_1826  |   9|          2|    6|         12|
    |ap_phi_reg_pp0_iter1_data_37_val41_phi_reg_1838  |   9|          2|    6|         12|
    |ap_phi_reg_pp0_iter1_data_38_val42_phi_reg_1850  |   9|          2|    6|         12|
    |ap_phi_reg_pp0_iter1_data_39_val43_phi_reg_1862  |   9|          2|    6|         12|
    |ap_phi_reg_pp0_iter1_data_3_val7_phi_reg_1430    |   9|          2|    6|         12|
    |ap_phi_reg_pp0_iter1_data_40_val44_phi_reg_1874  |   9|          2|    6|         12|
    |ap_phi_reg_pp0_iter1_data_41_val45_phi_reg_1886  |   9|          2|    6|         12|
    |ap_phi_reg_pp0_iter1_data_42_val46_phi_reg_1898  |   9|          2|    6|         12|
    |ap_phi_reg_pp0_iter1_data_43_val47_phi_reg_1910  |   9|          2|    6|         12|
    |ap_phi_reg_pp0_iter1_data_44_val48_phi_reg_1922  |   9|          2|    6|         12|
    |ap_phi_reg_pp0_iter1_data_45_val49_phi_reg_1934  |   9|          2|    6|         12|
    |ap_phi_reg_pp0_iter1_data_46_val50_phi_reg_1946  |   9|          2|    6|         12|
    |ap_phi_reg_pp0_iter1_data_47_val51_phi_reg_1958  |   9|          2|    6|         12|
    |ap_phi_reg_pp0_iter1_data_48_val52_phi_reg_1970  |   9|          2|    6|         12|
    |ap_phi_reg_pp0_iter1_data_49_val53_phi_reg_1982  |   9|          2|    6|         12|
    |ap_phi_reg_pp0_iter1_data_4_val8_phi_reg_1442    |   9|          2|    6|         12|
    |ap_phi_reg_pp0_iter1_data_50_val54_phi_reg_1994  |   9|          2|    6|         12|
    |ap_phi_reg_pp0_iter1_data_51_val55_phi_reg_2006  |   9|          2|    6|         12|
    |ap_phi_reg_pp0_iter1_data_52_val56_phi_reg_2018  |   9|          2|    6|         12|
    |ap_phi_reg_pp0_iter1_data_53_val57_phi_reg_2030  |   9|          2|    6|         12|
    |ap_phi_reg_pp0_iter1_data_5_val9_phi_reg_1454    |   9|          2|    6|         12|
    |ap_phi_reg_pp0_iter1_data_6_val10_phi_reg_1466   |   9|          2|    6|         12|
    |ap_phi_reg_pp0_iter1_data_7_val11_phi_reg_1478   |   9|          2|    6|         12|
    |ap_phi_reg_pp0_iter1_data_8_val12_phi_reg_1490   |   9|          2|    6|         12|
    |ap_phi_reg_pp0_iter1_data_9_val13_phi_reg_1502   |   9|          2|    6|         12|
    |ap_return                                        |   9|          2|   16|         32|
    |empty_reg_1380                                   |   9|          2|   16|         32|
    |w_index3_reg_609                                 |   9|          2|    6|         12|
    +-------------------------------------------------+----+-----------+-----+-----------+
    |Total                                            |1047|        233|  695|       1398|
    +-------------------------------------------------+----+-----------+-----+-----------+

    * Register: 
    +-------------------------------------------------+----+----+-----+-----------+
    |                       Name                      | FF | LUT| Bits| Const Bits|
    +-------------------------------------------------+----+----+-----+-----------+
    |ap_CS_fsm                                        |   2|   0|    2|          0|
    |ap_enable_reg_pp0_iter1                          |   1|   0|    1|          0|
    |ap_phi_reg_pp0_iter1_data_0_val4_phi_reg_1394    |   6|   0|    6|          0|
    |ap_phi_reg_pp0_iter1_data_10_val14_phi_reg_1514  |   6|   0|    6|          0|
    |ap_phi_reg_pp0_iter1_data_11_val15_phi_reg_1526  |   6|   0|    6|          0|
    |ap_phi_reg_pp0_iter1_data_12_val16_phi_reg_1538  |   6|   0|    6|          0|
    |ap_phi_reg_pp0_iter1_data_13_val17_phi_reg_1550  |   6|   0|    6|          0|
    |ap_phi_reg_pp0_iter1_data_14_val18_phi_reg_1562  |   6|   0|    6|          0|
    |ap_phi_reg_pp0_iter1_data_15_val19_phi_reg_1574  |   6|   0|    6|          0|
    |ap_phi_reg_pp0_iter1_data_16_val20_phi_reg_1586  |   6|   0|    6|          0|
    |ap_phi_reg_pp0_iter1_data_17_val21_phi_reg_1598  |   6|   0|    6|          0|
    |ap_phi_reg_pp0_iter1_data_18_val22_phi_reg_1610  |   6|   0|    6|          0|
    |ap_phi_reg_pp0_iter1_data_19_val23_phi_reg_1622  |   6|   0|    6|          0|
    |ap_phi_reg_pp0_iter1_data_1_val5_phi_reg_1406    |   6|   0|    6|          0|
    |ap_phi_reg_pp0_iter1_data_20_val24_phi_reg_1634  |   6|   0|    6|          0|
    |ap_phi_reg_pp0_iter1_data_21_val25_phi_reg_1646  |   6|   0|    6|          0|
    |ap_phi_reg_pp0_iter1_data_22_val26_phi_reg_1658  |   6|   0|    6|          0|
    |ap_phi_reg_pp0_iter1_data_23_val27_phi_reg_1670  |   6|   0|    6|          0|
    |ap_phi_reg_pp0_iter1_data_24_val28_phi_reg_1682  |   6|   0|    6|          0|
    |ap_phi_reg_pp0_iter1_data_25_val29_phi_reg_1694  |   6|   0|    6|          0|
    |ap_phi_reg_pp0_iter1_data_26_val30_phi_reg_1706  |   6|   0|    6|          0|
    |ap_phi_reg_pp0_iter1_data_27_val31_phi_reg_1718  |   6|   0|    6|          0|
    |ap_phi_reg_pp0_iter1_data_28_val32_phi_reg_1730  |   6|   0|    6|          0|
    |ap_phi_reg_pp0_iter1_data_29_val33_phi_reg_1742  |   6|   0|    6|          0|
    |ap_phi_reg_pp0_iter1_data_2_val6_phi_reg_1418    |   6|   0|    6|          0|
    |ap_phi_reg_pp0_iter1_data_30_val34_phi_reg_1754  |   6|   0|    6|          0|
    |ap_phi_reg_pp0_iter1_data_31_val35_phi_reg_1766  |   6|   0|    6|          0|
    |ap_phi_reg_pp0_iter1_data_32_val36_phi_reg_1778  |   6|   0|    6|          0|
    |ap_phi_reg_pp0_iter1_data_33_val37_phi_reg_1790  |   6|   0|    6|          0|
    |ap_phi_reg_pp0_iter1_data_34_val38_phi_reg_1802  |   6|   0|    6|          0|
    |ap_phi_reg_pp0_iter1_data_35_val39_phi_reg_1814  |   6|   0|    6|          0|
    |ap_phi_reg_pp0_iter1_data_36_val40_phi_reg_1826  |   6|   0|    6|          0|
    |ap_phi_reg_pp0_iter1_data_37_val41_phi_reg_1838  |   6|   0|    6|          0|
    |ap_phi_reg_pp0_iter1_data_38_val42_phi_reg_1850  |   6|   0|    6|          0|
    |ap_phi_reg_pp0_iter1_data_39_val43_phi_reg_1862  |   6|   0|    6|          0|
    |ap_phi_reg_pp0_iter1_data_3_val7_phi_reg_1430    |   6|   0|    6|          0|
    |ap_phi_reg_pp0_iter1_data_40_val44_phi_reg_1874  |   6|   0|    6|          0|
    |ap_phi_reg_pp0_iter1_data_41_val45_phi_reg_1886  |   6|   0|    6|          0|
    |ap_phi_reg_pp0_iter1_data_42_val46_phi_reg_1898  |   6|   0|    6|          0|
    |ap_phi_reg_pp0_iter1_data_43_val47_phi_reg_1910  |   6|   0|    6|          0|
    |ap_phi_reg_pp0_iter1_data_44_val48_phi_reg_1922  |   6|   0|    6|          0|
    |ap_phi_reg_pp0_iter1_data_45_val49_phi_reg_1934  |   6|   0|    6|          0|
    |ap_phi_reg_pp0_iter1_data_46_val50_phi_reg_1946  |   6|   0|    6|          0|
    |ap_phi_reg_pp0_iter1_data_47_val51_phi_reg_1958  |   6|   0|    6|          0|
    |ap_phi_reg_pp0_iter1_data_48_val52_phi_reg_1970  |   6|   0|    6|          0|
    |ap_phi_reg_pp0_iter1_data_49_val53_phi_reg_1982  |   6|   0|    6|          0|
    |ap_phi_reg_pp0_iter1_data_4_val8_phi_reg_1442    |   6|   0|    6|          0|
    |ap_phi_reg_pp0_iter1_data_50_val54_phi_reg_1994  |   6|   0|    6|          0|
    |ap_phi_reg_pp0_iter1_data_51_val55_phi_reg_2006  |   6|   0|    6|          0|
    |ap_phi_reg_pp0_iter1_data_52_val56_phi_reg_2018  |   6|   0|    6|          0|
    |ap_phi_reg_pp0_iter1_data_53_val57_phi_reg_2030  |   6|   0|    6|          0|
    |ap_phi_reg_pp0_iter1_data_5_val9_phi_reg_1454    |   6|   0|    6|          0|
    |ap_phi_reg_pp0_iter1_data_6_val10_phi_reg_1466   |   6|   0|    6|          0|
    |ap_phi_reg_pp0_iter1_data_7_val11_phi_reg_1478   |   6|   0|    6|          0|
    |ap_phi_reg_pp0_iter1_data_8_val12_phi_reg_1490   |   6|   0|    6|          0|
    |ap_phi_reg_pp0_iter1_data_9_val13_phi_reg_1502   |   6|   0|    6|          0|
    |ap_return_preg                                   |  16|   0|   16|          0|
    |data_0_val4_rewind_reg_624                       |   6|   0|    6|          0|
    |data_10_val14_rewind_reg_764                     |   6|   0|    6|          0|
    |data_11_val15_rewind_reg_778                     |   6|   0|    6|          0|
    |data_12_val16_rewind_reg_792                     |   6|   0|    6|          0|
    |data_13_val17_rewind_reg_806                     |   6|   0|    6|          0|
    |data_14_val18_rewind_reg_820                     |   6|   0|    6|          0|
    |data_15_val19_rewind_reg_834                     |   6|   0|    6|          0|
    |data_16_val20_rewind_reg_848                     |   6|   0|    6|          0|
    |data_17_val21_rewind_reg_862                     |   6|   0|    6|          0|
    |data_18_val22_rewind_reg_876                     |   6|   0|    6|          0|
    |data_19_val23_rewind_reg_890                     |   6|   0|    6|          0|
    |data_1_val5_rewind_reg_638                       |   6|   0|    6|          0|
    |data_20_val24_rewind_reg_904                     |   6|   0|    6|          0|
    |data_21_val25_rewind_reg_918                     |   6|   0|    6|          0|
    |data_22_val26_rewind_reg_932                     |   6|   0|    6|          0|
    |data_23_val27_rewind_reg_946                     |   6|   0|    6|          0|
    |data_24_val28_rewind_reg_960                     |   6|   0|    6|          0|
    |data_25_val29_rewind_reg_974                     |   6|   0|    6|          0|
    |data_26_val30_rewind_reg_988                     |   6|   0|    6|          0|
    |data_27_val31_rewind_reg_1002                    |   6|   0|    6|          0|
    |data_28_val32_rewind_reg_1016                    |   6|   0|    6|          0|
    |data_29_val33_rewind_reg_1030                    |   6|   0|    6|          0|
    |data_2_val6_rewind_reg_652                       |   6|   0|    6|          0|
    |data_30_val34_rewind_reg_1044                    |   6|   0|    6|          0|
    |data_31_val35_rewind_reg_1058                    |   6|   0|    6|          0|
    |data_32_val36_rewind_reg_1072                    |   6|   0|    6|          0|
    |data_33_val37_rewind_reg_1086                    |   6|   0|    6|          0|
    |data_34_val38_rewind_reg_1100                    |   6|   0|    6|          0|
    |data_35_val39_rewind_reg_1114                    |   6|   0|    6|          0|
    |data_36_val40_rewind_reg_1128                    |   6|   0|    6|          0|
    |data_37_val41_rewind_reg_1142                    |   6|   0|    6|          0|
    |data_38_val42_rewind_reg_1156                    |   6|   0|    6|          0|
    |data_39_val43_rewind_reg_1170                    |   6|   0|    6|          0|
    |data_3_val7_rewind_reg_666                       |   6|   0|    6|          0|
    |data_40_val44_rewind_reg_1184                    |   6|   0|    6|          0|
    |data_41_val45_rewind_reg_1198                    |   6|   0|    6|          0|
    |data_42_val46_rewind_reg_1212                    |   6|   0|    6|          0|
    |data_43_val47_rewind_reg_1226                    |   6|   0|    6|          0|
    |data_44_val48_rewind_reg_1240                    |   6|   0|    6|          0|
    |data_45_val49_rewind_reg_1254                    |   6|   0|    6|          0|
    |data_46_val50_rewind_reg_1268                    |   6|   0|    6|          0|
    |data_47_val51_rewind_reg_1282                    |   6|   0|    6|          0|
    |data_48_val52_rewind_reg_1296                    |   6|   0|    6|          0|
    |data_49_val53_rewind_reg_1310                    |   6|   0|    6|          0|
    |data_4_val8_rewind_reg_680                       |   6|   0|    6|          0|
    |data_50_val54_rewind_reg_1324                    |   6|   0|    6|          0|
    |data_51_val55_rewind_reg_1338                    |   6|   0|    6|          0|
    |data_52_val56_rewind_reg_1352                    |   6|   0|    6|          0|
    |data_53_val57_rewind_reg_1366                    |   6|   0|    6|          0|
    |data_5_val9_rewind_reg_694                       |   6|   0|    6|          0|
    |data_6_val10_rewind_reg_708                      |   6|   0|    6|          0|
    |data_7_val11_rewind_reg_722                      |   6|   0|    6|          0|
    |data_8_val12_rewind_reg_736                      |   6|   0|    6|          0|
    |data_9_val13_rewind_reg_750                      |   6|   0|    6|          0|
    |do_init_reg_593                                  |   1|   0|    1|          0|
    |empty_reg_1380                                   |  16|   0|   16|          0|
    |icmp_ln46_reg_2583                               |   1|   0|    1|          0|
    |w_index3_reg_609                                 |   6|   0|    6|          0|
    |w_index_reg_2578                                 |   6|   0|    6|          0|
    +-------------------------------------------------+----+----+-----+-----------+
    |Total                                            | 697|   0|  697|          0|
    +-------------------------------------------------+----+----+-----+-----------+



================================================================
== Interface
================================================================
* Summary: 
+-------------+-----+-----+------------+--------------------------------------------------------------------+--------------+
|  RTL Ports  | Dir | Bits|  Protocol  |                            Source Object                           |    C Type    |
+-------------+-----+-----+------------+--------------------------------------------------------------------+--------------+
|ap_clk       |   in|    1|  ap_ctrl_hs|  dense_resource_rf_leq_nin<ap_ufixed,ap_fixed<19,9,5,3,0>,config16>|  return value|
|ap_rst       |   in|    1|  ap_ctrl_hs|  dense_resource_rf_leq_nin<ap_ufixed,ap_fixed<19,9,5,3,0>,config16>|  return value|
|ap_start     |   in|    1|  ap_ctrl_hs|  dense_resource_rf_leq_nin<ap_ufixed,ap_fixed<19,9,5,3,0>,config16>|  return value|
|ap_done      |  out|    1|  ap_ctrl_hs|  dense_resource_rf_leq_nin<ap_ufixed,ap_fixed<19,9,5,3,0>,config16>|  return value|
|ap_idle      |  out|    1|  ap_ctrl_hs|  dense_resource_rf_leq_nin<ap_ufixed,ap_fixed<19,9,5,3,0>,config16>|  return value|
|ap_ready     |  out|    1|  ap_ctrl_hs|  dense_resource_rf_leq_nin<ap_ufixed,ap_fixed<19,9,5,3,0>,config16>|  return value|
|ap_return    |  out|   16|  ap_ctrl_hs|  dense_resource_rf_leq_nin<ap_ufixed,ap_fixed<19,9,5,3,0>,config16>|  return value|
|data_0_val   |   in|    6|     ap_none|                                                          data_0_val|        scalar|
|data_1_val   |   in|    6|     ap_none|                                                          data_1_val|        scalar|
|data_2_val   |   in|    6|     ap_none|                                                          data_2_val|        scalar|
|data_3_val   |   in|    6|     ap_none|                                                          data_3_val|        scalar|
|data_4_val   |   in|    6|     ap_none|                                                          data_4_val|        scalar|
|data_5_val   |   in|    6|     ap_none|                                                          data_5_val|        scalar|
|data_6_val   |   in|    6|     ap_none|                                                          data_6_val|        scalar|
|data_7_val   |   in|    6|     ap_none|                                                          data_7_val|        scalar|
|data_8_val   |   in|    6|     ap_none|                                                          data_8_val|        scalar|
|data_9_val   |   in|    6|     ap_none|                                                          data_9_val|        scalar|
|data_10_val  |   in|    6|     ap_none|                                                         data_10_val|        scalar|
|data_11_val  |   in|    6|     ap_none|                                                         data_11_val|        scalar|
|data_12_val  |   in|    6|     ap_none|                                                         data_12_val|        scalar|
|data_13_val  |   in|    6|     ap_none|                                                         data_13_val|        scalar|
|data_14_val  |   in|    6|     ap_none|                                                         data_14_val|        scalar|
|data_15_val  |   in|    6|     ap_none|                                                         data_15_val|        scalar|
|data_16_val  |   in|    6|     ap_none|                                                         data_16_val|        scalar|
|data_17_val  |   in|    6|     ap_none|                                                         data_17_val|        scalar|
|data_18_val  |   in|    6|     ap_none|                                                         data_18_val|        scalar|
|data_19_val  |   in|    6|     ap_none|                                                         data_19_val|        scalar|
|data_20_val  |   in|    6|     ap_none|                                                         data_20_val|        scalar|
|data_21_val  |   in|    6|     ap_none|                                                         data_21_val|        scalar|
|data_22_val  |   in|    6|     ap_none|                                                         data_22_val|        scalar|
|data_23_val  |   in|    6|     ap_none|                                                         data_23_val|        scalar|
|data_24_val  |   in|    6|     ap_none|                                                         data_24_val|        scalar|
|data_25_val  |   in|    6|     ap_none|                                                         data_25_val|        scalar|
|data_26_val  |   in|    6|     ap_none|                                                         data_26_val|        scalar|
|data_27_val  |   in|    6|     ap_none|                                                         data_27_val|        scalar|
|data_28_val  |   in|    6|     ap_none|                                                         data_28_val|        scalar|
|data_29_val  |   in|    6|     ap_none|                                                         data_29_val|        scalar|
|data_30_val  |   in|    6|     ap_none|                                                         data_30_val|        scalar|
|data_31_val  |   in|    6|     ap_none|                                                         data_31_val|        scalar|
|data_32_val  |   in|    6|     ap_none|                                                         data_32_val|        scalar|
|data_33_val  |   in|    6|     ap_none|                                                         data_33_val|        scalar|
|data_34_val  |   in|    6|     ap_none|                                                         data_34_val|        scalar|
|data_35_val  |   in|    6|     ap_none|                                                         data_35_val|        scalar|
|data_36_val  |   in|    6|     ap_none|                                                         data_36_val|        scalar|
|data_37_val  |   in|    6|     ap_none|                                                         data_37_val|        scalar|
|data_38_val  |   in|    6|     ap_none|                                                         data_38_val|        scalar|
|data_39_val  |   in|    6|     ap_none|                                                         data_39_val|        scalar|
|data_40_val  |   in|    6|     ap_none|                                                         data_40_val|        scalar|
|data_41_val  |   in|    6|     ap_none|                                                         data_41_val|        scalar|
|data_42_val  |   in|    6|     ap_none|                                                         data_42_val|        scalar|
|data_43_val  |   in|    6|     ap_none|                                                         data_43_val|        scalar|
|data_44_val  |   in|    6|     ap_none|                                                         data_44_val|        scalar|
|data_45_val  |   in|    6|     ap_none|                                                         data_45_val|        scalar|
|data_46_val  |   in|    6|     ap_none|                                                         data_46_val|        scalar|
|data_47_val  |   in|    6|     ap_none|                                                         data_47_val|        scalar|
|data_48_val  |   in|    6|     ap_none|                                                         data_48_val|        scalar|
|data_49_val  |   in|    6|     ap_none|                                                         data_49_val|        scalar|
|data_50_val  |   in|    6|     ap_none|                                                         data_50_val|        scalar|
|data_51_val  |   in|    6|     ap_none|                                                         data_51_val|        scalar|
|data_52_val  |   in|    6|     ap_none|                                                         data_52_val|        scalar|
|data_53_val  |   in|    6|     ap_none|                                                         data_53_val|        scalar|
+-------------+-----+-----+------------+--------------------------------------------------------------------+--------------+

