

================================================================
== Vitis HLS Report for 'conv_2d_cl_array_ap_ufixed_4u_array_ap_fixed_20_10_5_3_0_5u_config9_s'
================================================================
* Date:           Sun May  4 16:56:31 2025

* Version:        2024.2 (Build 5238294 on Nov  8 2024)
* Project:        myproject_prj
* Solution:       solution1 (Vivado IP Flow Target)
* Product family: artix7
* Target device:  xc7a35t-cpg236-1


================================================================
== Performance Estimates
================================================================
+ Timing: 
    * Summary: 
    +--------+----------+-----------+------------+
    |  Clock |  Target  | Estimated | Uncertainty|
    +--------+----------+-----------+------------+
    |ap_clk  |  30.00 ns|  18.215 ns|     8.10 ns|
    +--------+----------+-----------+------------+

+ Latency: 
    * Summary: 
    +---------+---------+-----------+----------+-----+------+---------+
    |  Latency (cycles) |  Latency (absolute)  |  Interval  | Pipeline|
    |   min   |   max   |    min    |    max   | min |  max |   Type  |
    +---------+---------+-----------+----------+-----+------+---------+
    |      677|     9296|  20.310 us|  0.279 ms|  677|  9296|       no|
    +---------+---------+-----------+----------+-----+------+---------+

    + Detail: 
        * Instance: 
        N/A

        * Loop: 
        +----------------------------------+---------+---------+----------+-----------+-----------+------+----------+
        |                                  |  Latency (cycles) | Iteration|  Initiation Interval  | Trip |          |
        |             Loop Name            |   min   |   max   |  Latency |  achieved |   target  | Count| Pipelined|
        +----------------------------------+---------+---------+----------+-----------+-----------+------+----------+
        |- ReadInputHeight_ReadInputWidth  |      676|     9295|    4 ~ 55|          -|          -|   169|        no|
        +----------------------------------+---------+---------+----------+-----------+-----------+------+----------+

============================================================
+ Verbose Summary: Synthesis Manager
============================================================
InlineROM: 1
ExposeGlobal: 0
============================================================
+ Verbose Summary: CDFG Model
============================================================
IsTopModel: 0
ResetActiveHigh: 1
IsCombinational: 2
IsDatapathOnly: 0
HasWiredReturn: 1
HasMFsm: 0
HasVarLatency: 1
IsPipeline: 0
IsRtlPipelined: 0
IsInstanceOverlapped: 0
IsDontTouch: 0
HasImplIP: 0
IsGatedGlobalClock: 0


============================================================
+ Verbose Summary: Schedule
============================================================
* Number of FSM states : 3
* Pipeline : 0
* Dataflow Pipeline: 0

* FSM state transitions: 
1 --> 2 
2 --> 3 
3 --> 2 

* FSM state operations: 

State 1 <SV = 0> <Delay = 1.61>
ST_1 : Operation 4 [1/1] (0.00ns)   --->   "%indvar_flatten = alloca i32 1"   --->   Operation 4 'alloca' 'indvar_flatten' <Predicate = true> <Delay = 0.00>
ST_1 : Operation 5 [1/1] (0.00ns)   --->   "%specinterface_ln0 = specinterface void @_ssdm_op_SpecInterface, i100 %layer9_out, void @empty_2, i32 0, i32 0, void @empty_1, i32 0, i32 0, void @empty_1, void @empty_1, void @empty_1, i32 0, i32 0, i32 0, i32 0, void @empty_1, void @empty_1, i32 4294967295, i32 0, i32 0"   --->   Operation 5 'specinterface' 'specinterface_ln0' <Predicate = true> <Delay = 0.00>
ST_1 : Operation 6 [1/1] (0.00ns)   --->   "%specinterface_ln0 = specinterface void @_ssdm_op_SpecInterface, i24 %layer8_out, void @empty_2, i32 0, i32 0, void @empty_1, i32 0, i32 0, void @empty_1, void @empty_1, void @empty_1, i32 0, i32 0, i32 0, i32 0, void @empty_1, void @empty_1, i32 4294967295, i32 0, i32 0"   --->   Operation 6 'specinterface' 'specinterface_ln0' <Predicate = true> <Delay = 0.00>
ST_1 : Operation 7 [1/1] (1.61ns)   --->   "%store_ln0 = store i8 0, i8 %indvar_flatten"   --->   Operation 7 'store' 'store_ln0' <Predicate = true> <Delay = 1.61>
ST_1 : Operation 8 [1/1] (0.00ns)   --->   "%br_ln51 = br void %for.body12.i" [firmware/nnet_utils/nnet_conv2d_stream.h:51->firmware/nnet_utils/nnet_conv2d_stream.h:77]   --->   Operation 8 'br' 'br_ln51' <Predicate = true> <Delay = 0.00>

State 2 <SV = 1> <Delay = 5.89>
ST_2 : Operation 9 [1/1] (0.00ns)   --->   "%indvar_flatten_load = load i8 %indvar_flatten" [firmware/nnet_utils/nnet_conv2d_stream.h:51->firmware/nnet_utils/nnet_conv2d_stream.h:77]   --->   Operation 9 'load' 'indvar_flatten_load' <Predicate = true> <Delay = 0.00>
ST_2 : Operation 10 [1/1] (2.11ns)   --->   "%icmp_ln51 = icmp_eq  i8 %indvar_flatten_load, i8 169" [firmware/nnet_utils/nnet_conv2d_stream.h:51->firmware/nnet_utils/nnet_conv2d_stream.h:77]   --->   Operation 10 'icmp' 'icmp_ln51' <Predicate = true> <Delay = 2.11> <CoreInst = "Cmp">   --->   Core 9 'Cmp' <Latency = 0> <II = 1> <Delay = 2.11> <FuncUnit> <Opcode : 'seteq' 'setne' 'setle' 'setge' 'setlt' 'setgt'> <InPorts = 2> <OutPorts = 1>
ST_2 : Operation 11 [1/1] (2.11ns)   --->   "%add_ln51 = add i8 %indvar_flatten_load, i8 1" [firmware/nnet_utils/nnet_conv2d_stream.h:51->firmware/nnet_utils/nnet_conv2d_stream.h:77]   --->   Operation 11 'add' 'add_ln51' <Predicate = true> <Delay = 2.11> <CoreInst = "Adder">   --->   Core 1 'Adder' <Latency = 0> <II = 1> <Delay = 2.11> <FuncUnit> <Opcode : 'add' 'sub'> <InPorts = 2> <OutPorts = 1>
ST_2 : Operation 12 [1/1] (0.00ns)   --->   "%br_ln51 = br i1 %icmp_ln51, void %for.cond.cleanup11.i, void %_ZN4nnet26conv_2d_buffer_resource_clINS_5arrayI9ap_ufixedILi6ELi0EL9ap_q_mode4EL9ap_o_mode0ELi0EELj4EEENS1_I8ap_fixedILi20ELi10ELS3_5ELS4_3ELi0EELj5EEE7config9EEvRN3hls6streamIT_Li0EEERNSC_IT0_Li0EEEPNT1_8weight_tEPNSJ_6bias_tE.14.exit" [firmware/nnet_utils/nnet_conv2d_stream.h:51->firmware/nnet_utils/nnet_conv2d_stream.h:77]   --->   Operation 12 'br' 'br_ln51' <Predicate = true> <Delay = 0.00>
ST_2 : Operation 13 [1/1] ( I:3.78ns O:3.78ns )   --->   "%layer8_out_read = read i24 @_ssdm_op_Read.ap_fifo.volatile.i24P0A, i24 %layer8_out" [firmware/nnet_utils/nnet_conv2d_stream.h:57->firmware/nnet_utils/nnet_conv2d_stream.h:77]   --->   Operation 13 'read' 'layer8_out_read' <Predicate = (!icmp_ln51)> <Delay = 3.78> <CoreInst = "FIFO">   --->   Core 77 'FIFO' <Latency = 0> <II = 1> <Delay = 3.78> <Storage> <Opcode : 'read' 'write' 'nbread' 'nbwrite'> <Ports = 0> <Width = 24> <Depth = 169> <FIFO>
ST_2 : Operation 14 [1/1] (0.00ns)   --->   "%trunc_ln57 = trunc i24 %layer8_out_read" [firmware/nnet_utils/nnet_conv2d_stream.h:57->firmware/nnet_utils/nnet_conv2d_stream.h:77]   --->   Operation 14 'trunc' 'trunc_ln57' <Predicate = (!icmp_ln51)> <Delay = 0.00>
ST_2 : Operation 15 [1/1] (0.00ns)   --->   "%trunc_ln57_5 = partselect i6 @_ssdm_op_PartSelect.i6.i24.i32.i32, i24 %layer8_out_read, i32 6, i32 11" [firmware/nnet_utils/nnet_conv2d_stream.h:57->firmware/nnet_utils/nnet_conv2d_stream.h:77]   --->   Operation 15 'partselect' 'trunc_ln57_5' <Predicate = (!icmp_ln51)> <Delay = 0.00>
ST_2 : Operation 16 [1/1] (0.00ns)   --->   "%trunc_ln57_6 = partselect i6 @_ssdm_op_PartSelect.i6.i24.i32.i32, i24 %layer8_out_read, i32 12, i32 17" [firmware/nnet_utils/nnet_conv2d_stream.h:57->firmware/nnet_utils/nnet_conv2d_stream.h:77]   --->   Operation 16 'partselect' 'trunc_ln57_6' <Predicate = (!icmp_ln51)> <Delay = 0.00>
ST_2 : Operation 17 [1/1] (0.00ns)   --->   "%trunc_ln57_7 = partselect i6 @_ssdm_op_PartSelect.i6.i24.i32.i32, i24 %layer8_out_read, i32 18, i32 23" [firmware/nnet_utils/nnet_conv2d_stream.h:57->firmware/nnet_utils/nnet_conv2d_stream.h:77]   --->   Operation 17 'partselect' 'trunc_ln57_7' <Predicate = (!icmp_ln51)> <Delay = 0.00>
ST_2 : Operation 18 [2/2] (0.00ns)   --->   "%call_ln57 = call void @compute_output_buffer_2d<array,array<ap_fixed<20,10,5,3,0>,5u>,config9>, i6 %trunc_ln57, i6 %trunc_ln57_5, i6 %trunc_ln57_6, i6 %trunc_ln57_7, i100 %layer9_out, i6 %void_compute_output_buffer_2d_array_const_ap_shift_reg_n_chan_stream_weig_15, i6 %void_compute_output_buffer_2d_array_const_ap_shift_reg_n_chan_stream_weig_19, i6 %void_compute_output_buffer_2d_array_const_ap_shift_reg_n_chan_stream_weig_14, i6 %void_compute_output_buffer_2d_array_const_ap_shift_reg_n_chan_stream_weig_18, i6 %void_compute_output_buffer_2d_array_const_ap_shift_reg_n_chan_stream_weig_13, i6 %void_compute_output_buffer_2d_array_const_ap_shift_reg_n_chan_stream_weig_17, i6 %void_compute_output_buffer_2d_array_const_ap_shift_reg_n_chan_stream_weig_12, i6 %void_compute_output_buffer_2d_array_const_ap_shift_reg_n_chan_stream_weig_16, i6 %p_ZZN4nnet24compute_output_buffer_2dINS_5arrayI9ap_ufixedILi6ELi0EL9ap_q_mode4EL9_218, i6 %p_ZZN4nnet24compute_output_buffer_2dINS_5arrayI9ap_ufixedILi6ELi0EL9ap_q_mode4EL9_214, i6 %p_ZZN4nnet24compute_output_buffer_2dINS_5arrayI9ap_ufixedILi6ELi0EL9ap_q_mode4EL9_219, i6 %p_ZZN4nnet24compute_output_buffer_2dINS_5arrayI9ap_ufixedILi6ELi0EL9ap_q_mode4EL9_215, i6 %p_ZZN4nnet24compute_output_buffer_2dINS_5arrayI9ap_ufixedILi6ELi0EL9ap_q_mode4EL9_220, i6 %p_ZZN4nnet24compute_output_buffer_2dINS_5arrayI9ap_ufixedILi6ELi0EL9ap_q_mode4EL9_216, i6 %p_ZZN4nnet24compute_output_buffer_2dINS_5arrayI9ap_ufixedILi6ELi0EL9ap_q_mode4EL9_221, i6 %p_ZZN4nnet24compute_output_buffer_2dINS_5arrayI9ap_ufixedILi6ELi0EL9ap_q_mode4EL9_217, i6 %p_ZZN4nnet24compute_output_buffer_2dINS_5arrayI9ap_ufixedILi6ELi0EL9ap_q_mode4EL9_90, i6 %p_ZZN4nnet24compute_output_buffer_2dINS_5arrayI9ap_ufixedILi6ELi0EL9ap_q_mode4EL9_94, i6 %p_ZZN4nnet24compute_output_buffer_2dINS_5arrayI9ap_ufixedILi6ELi0EL9ap_q_mode4EL9_89, i6 %p_ZZN4nnet24compute_output_buffer_2dINS_5arrayI9ap_ufixedILi6ELi0EL9ap_q_mode4EL9_93, i6 %p_ZZN4nnet24compute_output_buffer_2dINS_5arrayI9ap_ufixedILi6ELi0EL9ap_q_mode4EL9_88, i6 %p_ZZN4nnet24compute_output_buffer_2dINS_5arrayI9ap_ufixedILi6ELi0EL9ap_q_mode4EL9_92, i6 %p_ZZN4nnet24compute_output_buffer_2dINS_5arrayI9ap_ufixedILi6ELi0EL9ap_q_mode4EL9_87, i6 %p_ZZN4nnet24compute_output_buffer_2dINS_5arrayI9ap_ufixedILi6ELi0EL9ap_q_mode4EL9_91, i6 %p_ZZN4nnet24compute_output_buffer_2dINS_5arrayI9ap_ufixedILi6ELi0EL9ap_q_mode4EL9_70, i6 %p_ZZN4nnet24compute_output_buffer_2dINS_5arrayI9ap_ufixedILi6ELi0EL9ap_q_mode4EL9_74, i6 %p_ZZN4nnet24compute_output_buffer_2dINS_5arrayI9ap_ufixedILi6ELi0EL9ap_q_mode4EL9_69, i6 %p_ZZN4nnet24compute_output_buffer_2dINS_5arrayI9ap_ufixedILi6ELi0EL9ap_q_mode4EL9_73, i6 %p_ZZN4nnet24compute_output_buffer_2dINS_5arrayI9ap_ufixedILi6ELi0EL9ap_q_mode4EL9_68, i6 %p_ZZN4nnet24compute_output_buffer_2dINS_5arrayI9ap_ufixedILi6ELi0EL9ap_q_mode4EL9_72, i6 %p_ZZN4nnet24compute_output_buffer_2dINS_5arrayI9ap_ufixedILi6ELi0EL9ap_q_mode4EL9_67, i6 %p_ZZN4nnet24compute_output_buffer_2dINS_5arrayI9ap_ufixedILi6ELi0EL9ap_q_mode4EL9_71, i6 %p_ZZN4nnet24compute_output_buffer_2dINS_5arrayI9ap_ufixedILi6ELi0EL9ap_q_mode4EL9_50, i6 %p_ZZN4nnet24compute_output_buffer_2dINS_5arrayI9ap_ufixedILi6ELi0EL9ap_q_mode4EL9_54, i6 %p_ZZN4nnet24compute_output_buffer_2dINS_5arrayI9ap_ufixedILi6ELi0EL9ap_q_mode4EL9_49, i6 %p_ZZN4nnet24compute_output_buffer_2dINS_5arrayI9ap_ufixedILi6ELi0EL9ap_q_mode4EL9_53, i6 %p_ZZN4nnet24compute_output_buffer_2dINS_5arrayI9ap_ufixedILi6ELi0EL9ap_q_mode4EL9_48, i6 %p_ZZN4nnet24compute_output_buffer_2dINS_5arrayI9ap_ufixedILi6ELi0EL9ap_q_mode4EL9_52, i6 %p_ZZN4nnet24compute_output_buffer_2dINS_5arrayI9ap_ufixedILi6ELi0EL9ap_q_mode4EL9_47, i6 %p_ZZN4nnet24compute_output_buffer_2dINS_5arrayI9ap_ufixedILi6ELi0EL9ap_q_mode4EL9_51, i6 %void_compute_output_buffer_2d_array_const_ap_shift_reg_n_chan_stream_weig_11, i6 %void_compute_output_buffer_2d_array_const_ap_shift_reg_n_chan_stream_weig_10, i6 %p_ZZN4nnet24compute_output_buffer_2dINS_5arrayI9ap_ufixedILi6ELi0EL9ap_q_mode4EL9_204, i6 %p_ZZN4nnet24compute_output_buffer_2dINS_5arrayI9ap_ufixedILi6ELi0EL9ap_q_mode4EL9_205, i6 %p_ZZN4nnet24compute_output_buffer_2dINS_5arrayI9ap_ufixedILi6ELi0EL9ap_q_mode4EL9_222, i6 %p_ZZN4nnet24compute_output_buffer_2dINS_5arrayI9ap_ufixedILi6ELi0EL9ap_q_mode4EL9_223, i6 %p_ZZN4nnet24compute_output_buffer_2dINS_5arrayI9ap_ufixedILi6ELi0EL9ap_q_mode4EL9_224, i6 %p_ZZN4nnet24compute_output_buffer_2dINS_5arrayI9ap_ufixedILi6ELi0EL9ap_q_mode4EL9_225, i6 %p_ZZN4nnet24compute_output_buffer_2dINS_5arrayI9ap_ufixedILi6ELi0EL9ap_q_mode4EL9_86, i6 %p_ZZN4nnet24compute_output_buffer_2dINS_5arrayI9ap_ufixedILi6ELi0EL9ap_q_mode4EL9_85, i6 %p_ZZN4nnet24compute_output_buffer_2dINS_5arrayI9ap_ufixedILi6ELi0EL9ap_q_mode4EL9_84, i6 %p_ZZN4nnet24compute_output_buffer_2dINS_5arrayI9ap_ufixedILi6ELi0EL9ap_q_mode4EL9_83, i6 %p_ZZN4nnet24compute_output_buffer_2dINS_5arrayI9ap_ufixedILi6ELi0EL9ap_q_mode4EL9_66, i6 %p_ZZN4nnet24compute_output_buffer_2dINS_5arrayI9ap_ufixedILi6ELi0EL9ap_q_mode4EL9_65, i6 %p_ZZN4nnet24compute_output_buffer_2dINS_5arrayI9ap_ufixedILi6ELi0EL9ap_q_mode4EL9_64, i6 %p_ZZN4nnet24compute_output_buffer_2dINS_5arrayI9ap_ufixedILi6ELi0EL9ap_q_mode4EL9_63, i6 %p_ZZN4nnet24compute_output_buffer_2dINS_5arrayI9ap_ufixedILi6ELi0EL9ap_q_mode4EL9_46, i6 %p_ZZN4nnet24compute_output_buffer_2dINS_5arrayI9ap_ufixedILi6ELi0EL9ap_q_mode4EL9_45, i6 %p_ZZN4nnet24compute_output_buffer_2dINS_5arrayI9ap_ufixedILi6ELi0EL9ap_q_mode4EL9_44, i6 %p_ZZN4nnet24compute_output_buffer_2dINS_5arrayI9ap_ufixedILi6ELi0EL9ap_q_mode4EL9_43, i6 %p_ZZN4nnet24compute_output_buffer_2dINS_5arrayI9ap_ufixedILi6ELi0EL9ap_q_mode4EL9_206, i6 %p_ZZN4nnet24compute_output_buffer_2dINS_5arrayI9ap_ufixedILi6ELi0EL9ap_q_mode4EL9_207, i6 %p_ZZN4nnet24compute_output_buffer_2dINS_5arrayI9ap_ufixedILi6ELi0EL9ap_q_mode4EL9_208, i6 %p_ZZN4nnet24compute_output_buffer_2dINS_5arrayI9ap_ufixedILi6ELi0EL9ap_q_mode4EL9_209, i6 %p_ZZN4nnet24compute_output_buffer_2dINS_5arrayI9ap_ufixedILi6ELi0EL9ap_q_mode4EL9_226, i6 %p_ZZN4nnet24compute_output_buffer_2dINS_5arrayI9ap_ufixedILi6ELi0EL9ap_q_mode4EL9_227, i6 %p_ZZN4nnet24compute_output_buffer_2dINS_5arrayI9ap_ufixedILi6ELi0EL9ap_q_mode4EL9_228, i6 %p_ZZN4nnet24compute_output_buffer_2dINS_5arrayI9ap_ufixedILi6ELi0EL9ap_q_mode4EL9_99, i6 %p_ZZN4nnet24compute_output_buffer_2dINS_5arrayI9ap_ufixedILi6ELi0EL9ap_q_mode4EL9_82, i6 %p_ZZN4nnet24compute_output_buffer_2dINS_5arrayI9ap_ufixedILi6ELi0EL9ap_q_mode4EL9_81, i6 %p_ZZN4nnet24compute_output_buffer_2dINS_5arrayI9ap_ufixedILi6ELi0EL9ap_q_mode4EL9_80, i6 %p_ZZN4nnet24compute_output_buffer_2dINS_5arrayI9ap_ufixedILi6ELi0EL9ap_q_mode4EL9_79, i6 %p_ZZN4nnet24compute_output_buffer_2dINS_5arrayI9ap_ufixedILi6ELi0EL9ap_q_mode4EL9_62, i6 %p_ZZN4nnet24compute_output_buffer_2dINS_5arrayI9ap_ufixedILi6ELi0EL9ap_q_mode4EL9_61, i6 %p_ZZN4nnet24compute_output_buffer_2dINS_5arrayI9ap_ufixedILi6ELi0EL9ap_q_mode4EL9_60, i6 %p_ZZN4nnet24compute_output_buffer_2dINS_5arrayI9ap_ufixedILi6ELi0EL9ap_q_mode4EL9_59, i6 %p_ZZN4nnet24compute_output_buffer_2dINS_5arrayI9ap_ufixedILi6ELi0EL9ap_q_mode4EL9_42, i6 %p_ZZN4nnet24compute_output_buffer_2dINS_5arrayI9ap_ufixedILi6ELi0EL9ap_q_mode4EL9_41, i6 %p_ZZN4nnet24compute_output_buffer_2dINS_5arrayI9ap_ufixedILi6ELi0EL9ap_q_mode4EL9_40, i6 %p_ZZN4nnet24compute_output_buffer_2dINS_5arrayI9ap_ufixedILi6ELi0EL9ap_q_mode4EL9_39, i6 %p_ZZN4nnet24compute_output_buffer_2dINS_5arrayI9ap_ufixedILi6ELi0EL9ap_q_mode4EL9_210, i6 %p_ZZN4nnet24compute_output_buffer_2dINS_5arrayI9ap_ufixedILi6ELi0EL9ap_q_mode4EL9_211, i6 %p_ZZN4nnet24compute_output_buffer_2dINS_5arrayI9ap_ufixedILi6ELi0EL9ap_q_mode4EL9_212, i6 %p_ZZN4nnet24compute_output_buffer_2dINS_5arrayI9ap_ufixedILi6ELi0EL9ap_q_mode4EL9_213, i6 %p_ZZN4nnet24compute_output_buffer_2dINS_5arrayI9ap_ufixedILi6ELi0EL9ap_q_mode4EL9_98, i6 %p_ZZN4nnet24compute_output_buffer_2dINS_5arrayI9ap_ufixedILi6ELi0EL9ap_q_mode4EL9_97, i6 %p_ZZN4nnet24compute_output_buffer_2dINS_5arrayI9ap_ufixedILi6ELi0EL9ap_q_mode4EL9_96, i6 %p_ZZN4nnet24compute_output_buffer_2dINS_5arrayI9ap_ufixedILi6ELi0EL9ap_q_mode4EL9_95, i6 %p_ZZN4nnet24compute_output_buffer_2dINS_5arrayI9ap_ufixedILi6ELi0EL9ap_q_mode4EL9_78, i6 %p_ZZN4nnet24compute_output_buffer_2dINS_5arrayI9ap_ufixedILi6ELi0EL9ap_q_mode4EL9_77, i6 %p_ZZN4nnet24compute_output_buffer_2dINS_5arrayI9ap_ufixedILi6ELi0EL9ap_q_mode4EL9_76, i6 %p_ZZN4nnet24compute_output_buffer_2dINS_5arrayI9ap_ufixedILi6ELi0EL9ap_q_mode4EL9_75, i6 %p_ZZN4nnet24compute_output_buffer_2dINS_5arrayI9ap_ufixedILi6ELi0EL9ap_q_mode4EL9_58, i6 %p_ZZN4nnet24compute_output_buffer_2dINS_5arrayI9ap_ufixedILi6ELi0EL9ap_q_mode4EL9_57, i6 %p_ZZN4nnet24compute_output_buffer_2dINS_5arrayI9ap_ufixedILi6ELi0EL9ap_q_mode4EL9_56, i6 %p_ZZN4nnet24compute_output_buffer_2dINS_5arrayI9ap_ufixedILi6ELi0EL9ap_q_mode4EL9_55, i6 %p_ZZN4nnet24compute_output_buffer_2dINS_5arrayI9ap_ufixedILi6ELi0EL9ap_q_mode4EL9_38, i6 %p_ZZN4nnet24compute_output_buffer_2dINS_5arrayI9ap_ufixedILi6ELi0EL9ap_q_mode4EL9_37, i6 %p_ZZN4nnet24compute_output_buffer_2dINS_5arrayI9ap_ufixedILi6ELi0EL9ap_q_mode4EL9_36, i6 %p_ZZN4nnet24compute_output_buffer_2dINS_5arrayI9ap_ufixedILi6ELi0EL9ap_q_mode4EL9_35, i6 %p_ZZN4nnet26conv_2d_buffer_resource_clINS_5arrayI9ap_ufixedILi6ELi0EL9ap_q_mode4E_25, i6 %p_ZZN4nnet26conv_2d_buffer_resource_clINS_5arrayI9ap_ufixedILi6ELi0EL9ap_q_mode4E_21, i6 %p_ZZN4nnet26conv_2d_buffer_resource_clINS_5arrayI9ap_ufixedILi6ELi0EL9ap_q_mode4E_17, i6 %p_ZZN4nnet26conv_2d_buffer_resource_clINS_5arrayI9ap_ufixedILi6ELi0EL9ap_q_mode4E_13, i6 %p_ZZN4nnet26conv_2d_buffer_resource_clINS_5arrayI9ap_ufixedILi6ELi0EL9ap_q_mode4E_24, i6 %p_ZZN4nnet26conv_2d_buffer_resource_clINS_5arrayI9ap_ufixedILi6ELi0EL9ap_q_mode4E_20, i6 %p_ZZN4nnet26conv_2d_buffer_resource_clINS_5arrayI9ap_ufixedILi6ELi0EL9ap_q_mode4E_16, i6 %p_ZZN4nnet26conv_2d_buffer_resource_clINS_5arrayI9ap_ufixedILi6ELi0EL9ap_q_mode4E_12, i6 %p_ZZN4nnet26conv_2d_buffer_resource_clINS_5arrayI9ap_ufixedILi6ELi0EL9ap_q_mode4E_23, i6 %p_ZZN4nnet26conv_2d_buffer_resource_clINS_5arrayI9ap_ufixedILi6ELi0EL9ap_q_mode4E_19, i6 %p_ZZN4nnet26conv_2d_buffer_resource_clINS_5arrayI9ap_ufixedILi6ELi0EL9ap_q_mode4E_15, i6 %p_ZZN4nnet26conv_2d_buffer_resource_clINS_5arrayI9ap_ufixedILi6ELi0EL9ap_q_mode4E_11, i6 %p_ZZN4nnet26conv_2d_buffer_resource_clINS_5arrayI9ap_ufixedILi6ELi0EL9ap_q_mode4E_22, i6 %p_ZZN4nnet26conv_2d_buffer_resource_clINS_5arrayI9ap_ufixedILi6ELi0EL9ap_q_mode4E_18, i6 %p_ZZN4nnet26conv_2d_buffer_resource_clINS_5arrayI9ap_ufixedILi6ELi0EL9ap_q_mode4E_14, i6 %p_ZZN4nnet26conv_2d_buffer_resource_clINS_5arrayI9ap_ufixedILi6ELi0EL9ap_q_mode4E_10, i32 %sX_1, i32 %sY_1, i32 %pY_1, i32 %pX_1, i58 %w9" [firmware/nnet_utils/nnet_conv2d_stream.h:57->firmware/nnet_utils/nnet_conv2d_stream.h:77]   --->   Operation 18 'call' 'call_ln57' <Predicate = (!icmp_ln51)> <Delay = 0.00> <CoreType = "Generic">   --->   Generic Core
ST_2 : Operation 19 [1/1] (1.61ns)   --->   "%store_ln51 = store i8 %add_ln51, i8 %indvar_flatten" [firmware/nnet_utils/nnet_conv2d_stream.h:51->firmware/nnet_utils/nnet_conv2d_stream.h:77]   --->   Operation 19 'store' 'store_ln51' <Predicate = (!icmp_ln51)> <Delay = 1.61>
ST_2 : Operation 20 [1/1] (0.00ns)   --->   "%ret_ln79 = ret" [firmware/nnet_utils/nnet_conv2d_stream.h:79]   --->   Operation 20 'ret' 'ret_ln79' <Predicate = (icmp_ln51)> <Delay = 0.00>

State 3 <SV = 2> <Delay = 0.00>
ST_3 : Operation 21 [1/1] (0.00ns)   --->   "%specloopname_ln0 = specloopname void @_ssdm_op_SpecLoopName, void @ReadInputHeight_ReadInputWidth_str"   --->   Operation 21 'specloopname' 'specloopname_ln0' <Predicate = true> <Delay = 0.00>
ST_3 : Operation 22 [1/1] (0.00ns)   --->   "%speclooptripcount_ln0 = speclooptripcount void @_ssdm_op_SpecLoopTripCount, i64 169, i64 169, i64 169"   --->   Operation 22 'speclooptripcount' 'speclooptripcount_ln0' <Predicate = true> <Delay = 0.00>
ST_3 : Operation 23 [1/2] (0.00ns)   --->   "%call_ln57 = call void @compute_output_buffer_2d<array,array<ap_fixed<20,10,5,3,0>,5u>,config9>, i6 %trunc_ln57, i6 %trunc_ln57_5, i6 %trunc_ln57_6, i6 %trunc_ln57_7, i100 %layer9_out, i6 %void_compute_output_buffer_2d_array_const_ap_shift_reg_n_chan_stream_weig_15, i6 %void_compute_output_buffer_2d_array_const_ap_shift_reg_n_chan_stream_weig_19, i6 %void_compute_output_buffer_2d_array_const_ap_shift_reg_n_chan_stream_weig_14, i6 %void_compute_output_buffer_2d_array_const_ap_shift_reg_n_chan_stream_weig_18, i6 %void_compute_output_buffer_2d_array_const_ap_shift_reg_n_chan_stream_weig_13, i6 %void_compute_output_buffer_2d_array_const_ap_shift_reg_n_chan_stream_weig_17, i6 %void_compute_output_buffer_2d_array_const_ap_shift_reg_n_chan_stream_weig_12, i6 %void_compute_output_buffer_2d_array_const_ap_shift_reg_n_chan_stream_weig_16, i6 %p_ZZN4nnet24compute_output_buffer_2dINS_5arrayI9ap_ufixedILi6ELi0EL9ap_q_mode4EL9_218, i6 %p_ZZN4nnet24compute_output_buffer_2dINS_5arrayI9ap_ufixedILi6ELi0EL9ap_q_mode4EL9_214, i6 %p_ZZN4nnet24compute_output_buffer_2dINS_5arrayI9ap_ufixedILi6ELi0EL9ap_q_mode4EL9_219, i6 %p_ZZN4nnet24compute_output_buffer_2dINS_5arrayI9ap_ufixedILi6ELi0EL9ap_q_mode4EL9_215, i6 %p_ZZN4nnet24compute_output_buffer_2dINS_5arrayI9ap_ufixedILi6ELi0EL9ap_q_mode4EL9_220, i6 %p_ZZN4nnet24compute_output_buffer_2dINS_5arrayI9ap_ufixedILi6ELi0EL9ap_q_mode4EL9_216, i6 %p_ZZN4nnet24compute_output_buffer_2dINS_5arrayI9ap_ufixedILi6ELi0EL9ap_q_mode4EL9_221, i6 %p_ZZN4nnet24compute_output_buffer_2dINS_5arrayI9ap_ufixedILi6ELi0EL9ap_q_mode4EL9_217, i6 %p_ZZN4nnet24compute_output_buffer_2dINS_5arrayI9ap_ufixedILi6ELi0EL9ap_q_mode4EL9_90, i6 %p_ZZN4nnet24compute_output_buffer_2dINS_5arrayI9ap_ufixedILi6ELi0EL9ap_q_mode4EL9_94, i6 %p_ZZN4nnet24compute_output_buffer_2dINS_5arrayI9ap_ufixedILi6ELi0EL9ap_q_mode4EL9_89, i6 %p_ZZN4nnet24compute_output_buffer_2dINS_5arrayI9ap_ufixedILi6ELi0EL9ap_q_mode4EL9_93, i6 %p_ZZN4nnet24compute_output_buffer_2dINS_5arrayI9ap_ufixedILi6ELi0EL9ap_q_mode4EL9_88, i6 %p_ZZN4nnet24compute_output_buffer_2dINS_5arrayI9ap_ufixedILi6ELi0EL9ap_q_mode4EL9_92, i6 %p_ZZN4nnet24compute_output_buffer_2dINS_5arrayI9ap_ufixedILi6ELi0EL9ap_q_mode4EL9_87, i6 %p_ZZN4nnet24compute_output_buffer_2dINS_5arrayI9ap_ufixedILi6ELi0EL9ap_q_mode4EL9_91, i6 %p_ZZN4nnet24compute_output_buffer_2dINS_5arrayI9ap_ufixedILi6ELi0EL9ap_q_mode4EL9_70, i6 %p_ZZN4nnet24compute_output_buffer_2dINS_5arrayI9ap_ufixedILi6ELi0EL9ap_q_mode4EL9_74, i6 %p_ZZN4nnet24compute_output_buffer_2dINS_5arrayI9ap_ufixedILi6ELi0EL9ap_q_mode4EL9_69, i6 %p_ZZN4nnet24compute_output_buffer_2dINS_5arrayI9ap_ufixedILi6ELi0EL9ap_q_mode4EL9_73, i6 %p_ZZN4nnet24compute_output_buffer_2dINS_5arrayI9ap_ufixedILi6ELi0EL9ap_q_mode4EL9_68, i6 %p_ZZN4nnet24compute_output_buffer_2dINS_5arrayI9ap_ufixedILi6ELi0EL9ap_q_mode4EL9_72, i6 %p_ZZN4nnet24compute_output_buffer_2dINS_5arrayI9ap_ufixedILi6ELi0EL9ap_q_mode4EL9_67, i6 %p_ZZN4nnet24compute_output_buffer_2dINS_5arrayI9ap_ufixedILi6ELi0EL9ap_q_mode4EL9_71, i6 %p_ZZN4nnet24compute_output_buffer_2dINS_5arrayI9ap_ufixedILi6ELi0EL9ap_q_mode4EL9_50, i6 %p_ZZN4nnet24compute_output_buffer_2dINS_5arrayI9ap_ufixedILi6ELi0EL9ap_q_mode4EL9_54, i6 %p_ZZN4nnet24compute_output_buffer_2dINS_5arrayI9ap_ufixedILi6ELi0EL9ap_q_mode4EL9_49, i6 %p_ZZN4nnet24compute_output_buffer_2dINS_5arrayI9ap_ufixedILi6ELi0EL9ap_q_mode4EL9_53, i6 %p_ZZN4nnet24compute_output_buffer_2dINS_5arrayI9ap_ufixedILi6ELi0EL9ap_q_mode4EL9_48, i6 %p_ZZN4nnet24compute_output_buffer_2dINS_5arrayI9ap_ufixedILi6ELi0EL9ap_q_mode4EL9_52, i6 %p_ZZN4nnet24compute_output_buffer_2dINS_5arrayI9ap_ufixedILi6ELi0EL9ap_q_mode4EL9_47, i6 %p_ZZN4nnet24compute_output_buffer_2dINS_5arrayI9ap_ufixedILi6ELi0EL9ap_q_mode4EL9_51, i6 %void_compute_output_buffer_2d_array_const_ap_shift_reg_n_chan_stream_weig_11, i6 %void_compute_output_buffer_2d_array_const_ap_shift_reg_n_chan_stream_weig_10, i6 %p_ZZN4nnet24compute_output_buffer_2dINS_5arrayI9ap_ufixedILi6ELi0EL9ap_q_mode4EL9_204, i6 %p_ZZN4nnet24compute_output_buffer_2dINS_5arrayI9ap_ufixedILi6ELi0EL9ap_q_mode4EL9_205, i6 %p_ZZN4nnet24compute_output_buffer_2dINS_5arrayI9ap_ufixedILi6ELi0EL9ap_q_mode4EL9_222, i6 %p_ZZN4nnet24compute_output_buffer_2dINS_5arrayI9ap_ufixedILi6ELi0EL9ap_q_mode4EL9_223, i6 %p_ZZN4nnet24compute_output_buffer_2dINS_5arrayI9ap_ufixedILi6ELi0EL9ap_q_mode4EL9_224, i6 %p_ZZN4nnet24compute_output_buffer_2dINS_5arrayI9ap_ufixedILi6ELi0EL9ap_q_mode4EL9_225, i6 %p_ZZN4nnet24compute_output_buffer_2dINS_5arrayI9ap_ufixedILi6ELi0EL9ap_q_mode4EL9_86, i6 %p_ZZN4nnet24compute_output_buffer_2dINS_5arrayI9ap_ufixedILi6ELi0EL9ap_q_mode4EL9_85, i6 %p_ZZN4nnet24compute_output_buffer_2dINS_5arrayI9ap_ufixedILi6ELi0EL9ap_q_mode4EL9_84, i6 %p_ZZN4nnet24compute_output_buffer_2dINS_5arrayI9ap_ufixedILi6ELi0EL9ap_q_mode4EL9_83, i6 %p_ZZN4nnet24compute_output_buffer_2dINS_5arrayI9ap_ufixedILi6ELi0EL9ap_q_mode4EL9_66, i6 %p_ZZN4nnet24compute_output_buffer_2dINS_5arrayI9ap_ufixedILi6ELi0EL9ap_q_mode4EL9_65, i6 %p_ZZN4nnet24compute_output_buffer_2dINS_5arrayI9ap_ufixedILi6ELi0EL9ap_q_mode4EL9_64, i6 %p_ZZN4nnet24compute_output_buffer_2dINS_5arrayI9ap_ufixedILi6ELi0EL9ap_q_mode4EL9_63, i6 %p_ZZN4nnet24compute_output_buffer_2dINS_5arrayI9ap_ufixedILi6ELi0EL9ap_q_mode4EL9_46, i6 %p_ZZN4nnet24compute_output_buffer_2dINS_5arrayI9ap_ufixedILi6ELi0EL9ap_q_mode4EL9_45, i6 %p_ZZN4nnet24compute_output_buffer_2dINS_5arrayI9ap_ufixedILi6ELi0EL9ap_q_mode4EL9_44, i6 %p_ZZN4nnet24compute_output_buffer_2dINS_5arrayI9ap_ufixedILi6ELi0EL9ap_q_mode4EL9_43, i6 %p_ZZN4nnet24compute_output_buffer_2dINS_5arrayI9ap_ufixedILi6ELi0EL9ap_q_mode4EL9_206, i6 %p_ZZN4nnet24compute_output_buffer_2dINS_5arrayI9ap_ufixedILi6ELi0EL9ap_q_mode4EL9_207, i6 %p_ZZN4nnet24compute_output_buffer_2dINS_5arrayI9ap_ufixedILi6ELi0EL9ap_q_mode4EL9_208, i6 %p_ZZN4nnet24compute_output_buffer_2dINS_5arrayI9ap_ufixedILi6ELi0EL9ap_q_mode4EL9_209, i6 %p_ZZN4nnet24compute_output_buffer_2dINS_5arrayI9ap_ufixedILi6ELi0EL9ap_q_mode4EL9_226, i6 %p_ZZN4nnet24compute_output_buffer_2dINS_5arrayI9ap_ufixedILi6ELi0EL9ap_q_mode4EL9_227, i6 %p_ZZN4nnet24compute_output_buffer_2dINS_5arrayI9ap_ufixedILi6ELi0EL9ap_q_mode4EL9_228, i6 %p_ZZN4nnet24compute_output_buffer_2dINS_5arrayI9ap_ufixedILi6ELi0EL9ap_q_mode4EL9_99, i6 %p_ZZN4nnet24compute_output_buffer_2dINS_5arrayI9ap_ufixedILi6ELi0EL9ap_q_mode4EL9_82, i6 %p_ZZN4nnet24compute_output_buffer_2dINS_5arrayI9ap_ufixedILi6ELi0EL9ap_q_mode4EL9_81, i6 %p_ZZN4nnet24compute_output_buffer_2dINS_5arrayI9ap_ufixedILi6ELi0EL9ap_q_mode4EL9_80, i6 %p_ZZN4nnet24compute_output_buffer_2dINS_5arrayI9ap_ufixedILi6ELi0EL9ap_q_mode4EL9_79, i6 %p_ZZN4nnet24compute_output_buffer_2dINS_5arrayI9ap_ufixedILi6ELi0EL9ap_q_mode4EL9_62, i6 %p_ZZN4nnet24compute_output_buffer_2dINS_5arrayI9ap_ufixedILi6ELi0EL9ap_q_mode4EL9_61, i6 %p_ZZN4nnet24compute_output_buffer_2dINS_5arrayI9ap_ufixedILi6ELi0EL9ap_q_mode4EL9_60, i6 %p_ZZN4nnet24compute_output_buffer_2dINS_5arrayI9ap_ufixedILi6ELi0EL9ap_q_mode4EL9_59, i6 %p_ZZN4nnet24compute_output_buffer_2dINS_5arrayI9ap_ufixedILi6ELi0EL9ap_q_mode4EL9_42, i6 %p_ZZN4nnet24compute_output_buffer_2dINS_5arrayI9ap_ufixedILi6ELi0EL9ap_q_mode4EL9_41, i6 %p_ZZN4nnet24compute_output_buffer_2dINS_5arrayI9ap_ufixedILi6ELi0EL9ap_q_mode4EL9_40, i6 %p_ZZN4nnet24compute_output_buffer_2dINS_5arrayI9ap_ufixedILi6ELi0EL9ap_q_mode4EL9_39, i6 %p_ZZN4nnet24compute_output_buffer_2dINS_5arrayI9ap_ufixedILi6ELi0EL9ap_q_mode4EL9_210, i6 %p_ZZN4nnet24compute_output_buffer_2dINS_5arrayI9ap_ufixedILi6ELi0EL9ap_q_mode4EL9_211, i6 %p_ZZN4nnet24compute_output_buffer_2dINS_5arrayI9ap_ufixedILi6ELi0EL9ap_q_mode4EL9_212, i6 %p_ZZN4nnet24compute_output_buffer_2dINS_5arrayI9ap_ufixedILi6ELi0EL9ap_q_mode4EL9_213, i6 %p_ZZN4nnet24compute_output_buffer_2dINS_5arrayI9ap_ufixedILi6ELi0EL9ap_q_mode4EL9_98, i6 %p_ZZN4nnet24compute_output_buffer_2dINS_5arrayI9ap_ufixedILi6ELi0EL9ap_q_mode4EL9_97, i6 %p_ZZN4nnet24compute_output_buffer_2dINS_5arrayI9ap_ufixedILi6ELi0EL9ap_q_mode4EL9_96, i6 %p_ZZN4nnet24compute_output_buffer_2dINS_5arrayI9ap_ufixedILi6ELi0EL9ap_q_mode4EL9_95, i6 %p_ZZN4nnet24compute_output_buffer_2dINS_5arrayI9ap_ufixedILi6ELi0EL9ap_q_mode4EL9_78, i6 %p_ZZN4nnet24compute_output_buffer_2dINS_5arrayI9ap_ufixedILi6ELi0EL9ap_q_mode4EL9_77, i6 %p_ZZN4nnet24compute_output_buffer_2dINS_5arrayI9ap_ufixedILi6ELi0EL9ap_q_mode4EL9_76, i6 %p_ZZN4nnet24compute_output_buffer_2dINS_5arrayI9ap_ufixedILi6ELi0EL9ap_q_mode4EL9_75, i6 %p_ZZN4nnet24compute_output_buffer_2dINS_5arrayI9ap_ufixedILi6ELi0EL9ap_q_mode4EL9_58, i6 %p_ZZN4nnet24compute_output_buffer_2dINS_5arrayI9ap_ufixedILi6ELi0EL9ap_q_mode4EL9_57, i6 %p_ZZN4nnet24compute_output_buffer_2dINS_5arrayI9ap_ufixedILi6ELi0EL9ap_q_mode4EL9_56, i6 %p_ZZN4nnet24compute_output_buffer_2dINS_5arrayI9ap_ufixedILi6ELi0EL9ap_q_mode4EL9_55, i6 %p_ZZN4nnet24compute_output_buffer_2dINS_5arrayI9ap_ufixedILi6ELi0EL9ap_q_mode4EL9_38, i6 %p_ZZN4nnet24compute_output_buffer_2dINS_5arrayI9ap_ufixedILi6ELi0EL9ap_q_mode4EL9_37, i6 %p_ZZN4nnet24compute_output_buffer_2dINS_5arrayI9ap_ufixedILi6ELi0EL9ap_q_mode4EL9_36, i6 %p_ZZN4nnet24compute_output_buffer_2dINS_5arrayI9ap_ufixedILi6ELi0EL9ap_q_mode4EL9_35, i6 %p_ZZN4nnet26conv_2d_buffer_resource_clINS_5arrayI9ap_ufixedILi6ELi0EL9ap_q_mode4E_25, i6 %p_ZZN4nnet26conv_2d_buffer_resource_clINS_5arrayI9ap_ufixedILi6ELi0EL9ap_q_mode4E_21, i6 %p_ZZN4nnet26conv_2d_buffer_resource_clINS_5arrayI9ap_ufixedILi6ELi0EL9ap_q_mode4E_17, i6 %p_ZZN4nnet26conv_2d_buffer_resource_clINS_5arrayI9ap_ufixedILi6ELi0EL9ap_q_mode4E_13, i6 %p_ZZN4nnet26conv_2d_buffer_resource_clINS_5arrayI9ap_ufixedILi6ELi0EL9ap_q_mode4E_24, i6 %p_ZZN4nnet26conv_2d_buffer_resource_clINS_5arrayI9ap_ufixedILi6ELi0EL9ap_q_mode4E_20, i6 %p_ZZN4nnet26conv_2d_buffer_resource_clINS_5arrayI9ap_ufixedILi6ELi0EL9ap_q_mode4E_16, i6 %p_ZZN4nnet26conv_2d_buffer_resource_clINS_5arrayI9ap_ufixedILi6ELi0EL9ap_q_mode4E_12, i6 %p_ZZN4nnet26conv_2d_buffer_resource_clINS_5arrayI9ap_ufixedILi6ELi0EL9ap_q_mode4E_23, i6 %p_ZZN4nnet26conv_2d_buffer_resource_clINS_5arrayI9ap_ufixedILi6ELi0EL9ap_q_mode4E_19, i6 %p_ZZN4nnet26conv_2d_buffer_resource_clINS_5arrayI9ap_ufixedILi6ELi0EL9ap_q_mode4E_15, i6 %p_ZZN4nnet26conv_2d_buffer_resource_clINS_5arrayI9ap_ufixedILi6ELi0EL9ap_q_mode4E_11, i6 %p_ZZN4nnet26conv_2d_buffer_resource_clINS_5arrayI9ap_ufixedILi6ELi0EL9ap_q_mode4E_22, i6 %p_ZZN4nnet26conv_2d_buffer_resource_clINS_5arrayI9ap_ufixedILi6ELi0EL9ap_q_mode4E_18, i6 %p_ZZN4nnet26conv_2d_buffer_resource_clINS_5arrayI9ap_ufixedILi6ELi0EL9ap_q_mode4E_14, i6 %p_ZZN4nnet26conv_2d_buffer_resource_clINS_5arrayI9ap_ufixedILi6ELi0EL9ap_q_mode4E_10, i32 %sX_1, i32 %sY_1, i32 %pY_1, i32 %pX_1, i58 %w9" [firmware/nnet_utils/nnet_conv2d_stream.h:57->firmware/nnet_utils/nnet_conv2d_stream.h:77]   --->   Operation 23 'call' 'call_ln57' <Predicate = true> <Delay = 0.00> <CoreType = "Generic">   --->   Generic Core
ST_3 : Operation 24 [1/1] (0.00ns)   --->   "%br_ln53 = br void %for.body12.i" [firmware/nnet_utils/nnet_conv2d_stream.h:53->firmware/nnet_utils/nnet_conv2d_stream.h:77]   --->   Operation 24 'br' 'br_ln53' <Predicate = true> <Delay = 0.00>


============================================================
+ Verbose Summary: Timing violations
============================================================
Target clock period: 30.000ns, clock uncertainty: 8.100ns.

 <State 1>: 1.610ns
The critical path consists of the following:
	'alloca' operation 8 bit ('indvar_flatten') [124]  (0.000 ns)
	'store' operation 0 bit ('store_ln0') of constant 0 on local variable 'indvar_flatten' [127]  (1.610 ns)

 <State 2>: 5.895ns
The critical path consists of the following:
	'load' operation 8 bit ('indvar_flatten_load', firmware/nnet_utils/nnet_conv2d_stream.h:51->firmware/nnet_utils/nnet_conv2d_stream.h:77) on local variable 'indvar_flatten' [130]  (0.000 ns)
	'icmp' operation 1 bit ('icmp_ln51', firmware/nnet_utils/nnet_conv2d_stream.h:51->firmware/nnet_utils/nnet_conv2d_stream.h:77) [131]  (2.115 ns)
	fifo read operation ('layer8_out_read', firmware/nnet_utils/nnet_conv2d_stream.h:57->firmware/nnet_utils/nnet_conv2d_stream.h:77) on port 'layer8_out' (firmware/nnet_utils/nnet_conv2d_stream.h:57->firmware/nnet_utils/nnet_conv2d_stream.h:77) [137]  (3.780 ns)

 <State 3>: 0.000ns
The critical path consists of the following:


============================================================
+ Verbose Summary: Binding
============================================================
N/A
* FSMD analyzer results:
  - Output states:
 - Input state : 
  - Chain level:
	State 1
	State 2
	State 3


============================================================
+ Verbose Summary: Datapath Resource usage 
============================================================
N/A
