

================================================================
== Vitis HLS Report for 'conv_2d_cl_array_ap_fixed_1u_array_ap_fixed_20_9_5_3_0_2u_config3_s'
================================================================
* Date:           Sun May  4 16:36:04 2025

* Version:        2024.2 (Build 5238294 on Nov  8 2024)
* Project:        myproject_prj
* Solution:       solution1 (Vivado IP Flow Target)
* Product family: artix7
* Target device:  xc7a35t-cpg236-1


================================================================
== Performance Estimates
================================================================
+ Timing: 
    * Summary: 
    +--------+----------+-----------+------------+
    |  Clock |  Target  | Estimated | Uncertainty|
    +--------+----------+-----------+------------+
    |ap_clk  |  30.00 ns|  20.557 ns|     8.10 ns|
    +--------+----------+-----------+------------+

+ Latency: 
    * Summary: 
    +---------+---------+----------+----------+-------+--------+---------+
    |  Latency (cycles) |  Latency (absolute) |    Interval    | Pipeline|
    |   min   |   max   |    min   |    max   |  min  |   max  |   Type  |
    +---------+---------+----------+----------+-------+--------+---------+
    |    16385|   225281|  0.492 ms|  6.758 ms|  16385|  225281|       no|
    +---------+---------+----------+----------+-------+--------+---------+

    + Detail: 
        * Instance: 
        N/A

        * Loop: 
        +----------------------------------+---------+---------+----------+-----------+-----------+------+----------+
        |                                  |  Latency (cycles) | Iteration|  Initiation Interval  | Trip |          |
        |             Loop Name            |   min   |   max   |  Latency |  achieved |   target  | Count| Pipelined|
        +----------------------------------+---------+---------+----------+-----------+-----------+------+----------+
        |- ReadInputHeight_ReadInputWidth  |    16384|   225280|    4 ~ 55|          -|          -|  4096|        no|
        +----------------------------------+---------+---------+----------+-----------+-----------+------+----------+

============================================================
+ Verbose Summary: Synthesis Manager
============================================================
InlineROM: 1
ExposeGlobal: 0
============================================================
+ Verbose Summary: CDFG Model
============================================================
IsTopModel: 0
ResetActiveHigh: 1
IsCombinational: 2
IsDatapathOnly: 0
HasWiredReturn: 1
HasMFsm: 0
HasVarLatency: 1
IsPipeline: 0
IsRtlPipelined: 0
IsInstanceOverlapped: 0
IsDontTouch: 0
HasImplIP: 0
IsGatedGlobalClock: 0


============================================================
+ Verbose Summary: Schedule
============================================================
* Number of FSM states : 3
* Pipeline : 0
* Dataflow Pipeline: 0

* FSM state transitions: 
1 --> 2 
2 --> 3 
3 --> 2 

* FSM state operations: 

State 1 <SV = 0> <Delay = 1.61>
ST_1 : Operation 4 [1/1] (0.00ns)   --->   "%indvar_flatten = alloca i32 1"   --->   Operation 4 'alloca' 'indvar_flatten' <Predicate = true> <Delay = 0.00>
ST_1 : Operation 5 [1/1] (0.00ns)   --->   "%specinterface_ln0 = specinterface void @_ssdm_op_SpecInterface, i40 %layer3_out, void @empty_2, i32 0, i32 0, void @empty_1, i32 0, i32 0, void @empty_1, void @empty_1, void @empty_1, i32 0, i32 0, i32 0, i32 0, void @empty_1, void @empty_1, i32 4294967295, i32 0, i32 0"   --->   Operation 5 'specinterface' 'specinterface_ln0' <Predicate = true> <Delay = 0.00>
ST_1 : Operation 6 [1/1] (0.00ns)   --->   "%specinterface_ln0 = specinterface void @_ssdm_op_SpecInterface, i8 %layer2_out, void @empty_2, i32 0, i32 0, void @empty_1, i32 0, i32 0, void @empty_1, void @empty_1, void @empty_1, i32 0, i32 0, i32 0, i32 0, void @empty_1, void @empty_1, i32 4294967295, i32 0, i32 0"   --->   Operation 6 'specinterface' 'specinterface_ln0' <Predicate = true> <Delay = 0.00>
ST_1 : Operation 7 [1/1] (1.61ns)   --->   "%store_ln0 = store i13 0, i13 %indvar_flatten"   --->   Operation 7 'store' 'store_ln0' <Predicate = true> <Delay = 1.61>
ST_1 : Operation 8 [1/1] (0.00ns)   --->   "%br_ln51 = br void %for.body12.i" [firmware/nnet_utils/nnet_conv2d_stream.h:51->firmware/nnet_utils/nnet_conv2d_stream.h:77]   --->   Operation 8 'br' 'br_ln51' <Predicate = true> <Delay = 0.00>

State 2 <SV = 1> <Delay = 5.63>
ST_2 : Operation 9 [1/1] (0.00ns)   --->   "%indvar_flatten_load = load i13 %indvar_flatten" [firmware/nnet_utils/nnet_conv2d_stream.h:51->firmware/nnet_utils/nnet_conv2d_stream.h:77]   --->   Operation 9 'load' 'indvar_flatten_load' <Predicate = true> <Delay = 0.00>
ST_2 : Operation 10 [1/1] (2.13ns)   --->   "%icmp_ln51 = icmp_eq  i13 %indvar_flatten_load, i13 4096" [firmware/nnet_utils/nnet_conv2d_stream.h:51->firmware/nnet_utils/nnet_conv2d_stream.h:77]   --->   Operation 10 'icmp' 'icmp_ln51' <Predicate = true> <Delay = 2.13> <CoreInst = "Cmp">   --->   Core 9 'Cmp' <Latency = 0> <II = 1> <Delay = 2.13> <FuncUnit> <Opcode : 'seteq' 'setne' 'setle' 'setge' 'setlt' 'setgt'> <InPorts = 2> <OutPorts = 1>
ST_2 : Operation 11 [1/1] (2.13ns)   --->   "%add_ln51 = add i13 %indvar_flatten_load, i13 1" [firmware/nnet_utils/nnet_conv2d_stream.h:51->firmware/nnet_utils/nnet_conv2d_stream.h:77]   --->   Operation 11 'add' 'add_ln51' <Predicate = true> <Delay = 2.13> <CoreInst = "Adder">   --->   Core 1 'Adder' <Latency = 0> <II = 1> <Delay = 2.13> <FuncUnit> <Opcode : 'add' 'sub'> <InPorts = 2> <OutPorts = 1>
ST_2 : Operation 12 [1/1] (0.00ns)   --->   "%br_ln51 = br i1 %icmp_ln51, void %for.cond.cleanup11.i, void %_ZN4nnet26conv_2d_buffer_resource_clINS_5arrayI8ap_fixedILi8ELi1EL9ap_q_mode4EL9ap_o_mode0ELi0EELj1EEENS1_IS2_ILi20ELi9ELS3_5ELS4_3ELi0EELj2EEE7config3EEvRN3hls6streamIT_Li0EEERNSB_IT0_Li0EEEPNT1_8weight_tEPNSI_6bias_tE.22.exit" [firmware/nnet_utils/nnet_conv2d_stream.h:51->firmware/nnet_utils/nnet_conv2d_stream.h:77]   --->   Operation 12 'br' 'br_ln51' <Predicate = true> <Delay = 0.00>
ST_2 : Operation 13 [1/1] ( I:3.50ns O:3.50ns )   --->   "%layer2_out_read = read i8 @_ssdm_op_Read.ap_fifo.volatile.i8P0A, i8 %layer2_out" [firmware/nnet_utils/nnet_conv2d_stream.h:57->firmware/nnet_utils/nnet_conv2d_stream.h:77]   --->   Operation 13 'read' 'layer2_out_read' <Predicate = (!icmp_ln51)> <Delay = 3.50> <CoreInst = "FIFO">   --->   Core 77 'FIFO' <Latency = 0> <II = 1> <Delay = 3.50> <Storage> <Opcode : 'read' 'write' 'nbread' 'nbwrite'> <Ports = 0> <Width = 8> <Depth = 4096> <FIFO>
ST_2 : Operation 14 [2/2] (0.00ns)   --->   "%call_ln57 = call void @compute_output_buffer_2d<array,array<ap_fixed<20,9,5,3,0>,2u>,config3>, i8 %layer2_out_read, i40 %layer3_out, i8 %void_compute_output_buffer_2d_array_const_ap_shift_reg_n_chan_stream_weig_38, i8 %void_compute_output_buffer_2d_array_const_ap_shift_reg_n_chan_stream_weig_39, i8 %void_compute_output_buffer_2d_array_const_ap_shift_reg_n_chan_stream_weig_33, i8 %void_compute_output_buffer_2d_array_const_ap_shift_reg_n_chan_stream_weig_34, i8 %p_ZZN4nnet24compute_output_buffer_2dINS_5arrayI8ap_fixedILi8ELi1EL9ap_q_mode4EL9a_13, i8 %p_ZZN4nnet24compute_output_buffer_2dINS_5arrayI8ap_fixedILi8ELi1EL9ap_q_mode4EL9a_14, i8 %p_ZZN4nnet24compute_output_buffer_2dINS_5arrayI8ap_fixedILi8ELi1EL9ap_q_mode4EL9a_8, i8 %p_ZZN4nnet24compute_output_buffer_2dINS_5arrayI8ap_fixedILi8ELi1EL9ap_q_mode4EL9a_9, i8 %p_ZZN4nnet24compute_output_buffer_2dINS_5arrayI8ap_fixedILi8ELi1EL9ap_q_mode4EL9a_3, i8 %p_ZZN4nnet24compute_output_buffer_2dINS_5arrayI8ap_fixedILi8ELi1EL9ap_q_mode4EL9a_4, i8 %void_compute_output_buffer_2d_array_const_ap_shift_reg_n_chan_stream_weig_37, i8 %void_compute_output_buffer_2d_array_const_ap_shift_reg_n_chan_stream_weig_32, i8 %p_ZZN4nnet24compute_output_buffer_2dINS_5arrayI8ap_fixedILi8ELi1EL9ap_q_mode4EL9a_12, i8 %p_ZZN4nnet24compute_output_buffer_2dINS_5arrayI8ap_fixedILi8ELi1EL9ap_q_mode4EL9a_7, i8 %p_ZZN4nnet24compute_output_buffer_2dINS_5arrayI8ap_fixedILi8ELi1EL9ap_q_mode4EL9a_2, i8 %void_compute_output_buffer_2d_array_const_ap_shift_reg_n_chan_stream_weig_36, i8 %void_compute_output_buffer_2d_array_const_ap_shift_reg_n_chan_stream_weig_31, i8 %p_ZZN4nnet24compute_output_buffer_2dINS_5arrayI8ap_fixedILi8ELi1EL9ap_q_mode4EL9a_11, i8 %p_ZZN4nnet24compute_output_buffer_2dINS_5arrayI8ap_fixedILi8ELi1EL9ap_q_mode4EL9a_6, i8 %p_ZZN4nnet24compute_output_buffer_2dINS_5arrayI8ap_fixedILi8ELi1EL9ap_q_mode4EL9a_1, i8 %void_compute_output_buffer_2d_array_const_ap_shift_reg_n_chan_stream_weig_35, i8 %void_compute_output_buffer_2d_array_const_ap_shift_reg_n_chan_stream_weig_30, i8 %p_ZZN4nnet24compute_output_buffer_2dINS_5arrayI8ap_fixedILi8ELi1EL9ap_q_mode4EL9a_10, i8 %p_ZZN4nnet24compute_output_buffer_2dINS_5arrayI8ap_fixedILi8ELi1EL9ap_q_mode4EL9a_5, i8 %p_ZZN4nnet24compute_output_buffer_2dINS_5arrayI8ap_fixedILi8ELi1EL9ap_q_mode4EL9a, i8 %void_conv_2d_buffer_resource_cl_stream_stream_weight_t_bias_t_line_buffer_3, i8 %void_conv_2d_buffer_resource_cl_stream_stream_weight_t_bias_t_line_buffer_2, i8 %void_conv_2d_buffer_resource_cl_stream_stream_weight_t_bias_t_line_buffer_1, i8 %void_conv_2d_buffer_resource_cl_stream_stream_weight_t_bias_t_line_buffer, i32 %sX_3, i32 %sY_3, i32 %pY_3, i32 %pX_3, i1 %outidx, i5 %w3" [firmware/nnet_utils/nnet_conv2d_stream.h:57->firmware/nnet_utils/nnet_conv2d_stream.h:77]   --->   Operation 14 'call' 'call_ln57' <Predicate = (!icmp_ln51)> <Delay = 0.00> <CoreType = "Generic">   --->   Generic Core
ST_2 : Operation 15 [1/1] (1.61ns)   --->   "%store_ln51 = store i13 %add_ln51, i13 %indvar_flatten" [firmware/nnet_utils/nnet_conv2d_stream.h:51->firmware/nnet_utils/nnet_conv2d_stream.h:77]   --->   Operation 15 'store' 'store_ln51' <Predicate = (!icmp_ln51)> <Delay = 1.61>
ST_2 : Operation 16 [1/1] (0.00ns)   --->   "%ret_ln79 = ret" [firmware/nnet_utils/nnet_conv2d_stream.h:79]   --->   Operation 16 'ret' 'ret_ln79' <Predicate = (icmp_ln51)> <Delay = 0.00>

State 3 <SV = 2> <Delay = 0.00>
ST_3 : Operation 17 [1/1] (0.00ns)   --->   "%specloopname_ln0 = specloopname void @_ssdm_op_SpecLoopName, void @ReadInputHeight_ReadInputWidth_str"   --->   Operation 17 'specloopname' 'specloopname_ln0' <Predicate = true> <Delay = 0.00>
ST_3 : Operation 18 [1/1] (0.00ns)   --->   "%speclooptripcount_ln0 = speclooptripcount void @_ssdm_op_SpecLoopTripCount, i64 4096, i64 4096, i64 4096"   --->   Operation 18 'speclooptripcount' 'speclooptripcount_ln0' <Predicate = true> <Delay = 0.00>
ST_3 : Operation 19 [1/2] (0.00ns)   --->   "%call_ln57 = call void @compute_output_buffer_2d<array,array<ap_fixed<20,9,5,3,0>,2u>,config3>, i8 %layer2_out_read, i40 %layer3_out, i8 %void_compute_output_buffer_2d_array_const_ap_shift_reg_n_chan_stream_weig_38, i8 %void_compute_output_buffer_2d_array_const_ap_shift_reg_n_chan_stream_weig_39, i8 %void_compute_output_buffer_2d_array_const_ap_shift_reg_n_chan_stream_weig_33, i8 %void_compute_output_buffer_2d_array_const_ap_shift_reg_n_chan_stream_weig_34, i8 %p_ZZN4nnet24compute_output_buffer_2dINS_5arrayI8ap_fixedILi8ELi1EL9ap_q_mode4EL9a_13, i8 %p_ZZN4nnet24compute_output_buffer_2dINS_5arrayI8ap_fixedILi8ELi1EL9ap_q_mode4EL9a_14, i8 %p_ZZN4nnet24compute_output_buffer_2dINS_5arrayI8ap_fixedILi8ELi1EL9ap_q_mode4EL9a_8, i8 %p_ZZN4nnet24compute_output_buffer_2dINS_5arrayI8ap_fixedILi8ELi1EL9ap_q_mode4EL9a_9, i8 %p_ZZN4nnet24compute_output_buffer_2dINS_5arrayI8ap_fixedILi8ELi1EL9ap_q_mode4EL9a_3, i8 %p_ZZN4nnet24compute_output_buffer_2dINS_5arrayI8ap_fixedILi8ELi1EL9ap_q_mode4EL9a_4, i8 %void_compute_output_buffer_2d_array_const_ap_shift_reg_n_chan_stream_weig_37, i8 %void_compute_output_buffer_2d_array_const_ap_shift_reg_n_chan_stream_weig_32, i8 %p_ZZN4nnet24compute_output_buffer_2dINS_5arrayI8ap_fixedILi8ELi1EL9ap_q_mode4EL9a_12, i8 %p_ZZN4nnet24compute_output_buffer_2dINS_5arrayI8ap_fixedILi8ELi1EL9ap_q_mode4EL9a_7, i8 %p_ZZN4nnet24compute_output_buffer_2dINS_5arrayI8ap_fixedILi8ELi1EL9ap_q_mode4EL9a_2, i8 %void_compute_output_buffer_2d_array_const_ap_shift_reg_n_chan_stream_weig_36, i8 %void_compute_output_buffer_2d_array_const_ap_shift_reg_n_chan_stream_weig_31, i8 %p_ZZN4nnet24compute_output_buffer_2dINS_5arrayI8ap_fixedILi8ELi1EL9ap_q_mode4EL9a_11, i8 %p_ZZN4nnet24compute_output_buffer_2dINS_5arrayI8ap_fixedILi8ELi1EL9ap_q_mode4EL9a_6, i8 %p_ZZN4nnet24compute_output_buffer_2dINS_5arrayI8ap_fixedILi8ELi1EL9ap_q_mode4EL9a_1, i8 %void_compute_output_buffer_2d_array_const_ap_shift_reg_n_chan_stream_weig_35, i8 %void_compute_output_buffer_2d_array_const_ap_shift_reg_n_chan_stream_weig_30, i8 %p_ZZN4nnet24compute_output_buffer_2dINS_5arrayI8ap_fixedILi8ELi1EL9ap_q_mode4EL9a_10, i8 %p_ZZN4nnet24compute_output_buffer_2dINS_5arrayI8ap_fixedILi8ELi1EL9ap_q_mode4EL9a_5, i8 %p_ZZN4nnet24compute_output_buffer_2dINS_5arrayI8ap_fixedILi8ELi1EL9ap_q_mode4EL9a, i8 %void_conv_2d_buffer_resource_cl_stream_stream_weight_t_bias_t_line_buffer_3, i8 %void_conv_2d_buffer_resource_cl_stream_stream_weight_t_bias_t_line_buffer_2, i8 %void_conv_2d_buffer_resource_cl_stream_stream_weight_t_bias_t_line_buffer_1, i8 %void_conv_2d_buffer_resource_cl_stream_stream_weight_t_bias_t_line_buffer, i32 %sX_3, i32 %sY_3, i32 %pY_3, i32 %pX_3, i1 %outidx, i5 %w3" [firmware/nnet_utils/nnet_conv2d_stream.h:57->firmware/nnet_utils/nnet_conv2d_stream.h:77]   --->   Operation 19 'call' 'call_ln57' <Predicate = true> <Delay = 0.00> <CoreType = "Generic">   --->   Generic Core
ST_3 : Operation 20 [1/1] (0.00ns)   --->   "%br_ln53 = br void %for.body12.i" [firmware/nnet_utils/nnet_conv2d_stream.h:53->firmware/nnet_utils/nnet_conv2d_stream.h:77]   --->   Operation 20 'br' 'br_ln53' <Predicate = true> <Delay = 0.00>


============================================================
+ Verbose Summary: Timing violations
============================================================
Target clock period: 30.000ns, clock uncertainty: 8.100ns.

 <State 1>: 1.610ns
The critical path consists of the following:
	'alloca' operation 13 bit ('indvar_flatten') [38]  (0.000 ns)
	'store' operation 0 bit ('store_ln0') of constant 0 on local variable 'indvar_flatten' [41]  (1.610 ns)

 <State 2>: 5.638ns
The critical path consists of the following:
	'load' operation 13 bit ('indvar_flatten_load', firmware/nnet_utils/nnet_conv2d_stream.h:51->firmware/nnet_utils/nnet_conv2d_stream.h:77) on local variable 'indvar_flatten' [44]  (0.000 ns)
	'add' operation 13 bit ('add_ln51', firmware/nnet_utils/nnet_conv2d_stream.h:51->firmware/nnet_utils/nnet_conv2d_stream.h:77) [46]  (2.134 ns)
	'store' operation 0 bit ('store_ln51', firmware/nnet_utils/nnet_conv2d_stream.h:51->firmware/nnet_utils/nnet_conv2d_stream.h:77) of variable 'add_ln51', firmware/nnet_utils/nnet_conv2d_stream.h:51->firmware/nnet_utils/nnet_conv2d_stream.h:77 on local variable 'indvar_flatten' [53]  (1.610 ns)
	blocking operation 1.894 ns on control path)

 <State 3>: 0.000ns
The critical path consists of the following:


============================================================
+ Verbose Summary: Binding
============================================================
N/A
* FSMD analyzer results:
  - Output states:
 - Input state : 
  - Chain level:
	State 1
	State 2
	State 3


============================================================
+ Verbose Summary: Datapath Resource usage 
============================================================
N/A
