

================================================================
== Vitis HLS Report for 'dense_resource_rf_gt_nin_rem0_ap_fixed_ap_fixed_20_9_5_3_0_config3_mult_s'
================================================================
* Date:           Sun May  4 16:36:04 2025

* Version:        2024.2 (Build 5238294 on Nov  8 2024)
* Project:        myproject_prj
* Solution:       solution1 (Vivado IP Flow Target)
* Product family: artix7
* Target device:  xc7a35t-cpg236-1


================================================================
== Performance Estimates
================================================================
+ Timing: 
    * Summary: 
    +--------+----------+-----------+------------+
    |  Clock |  Target  | Estimated | Uncertainty|
    +--------+----------+-----------+------------+
    |ap_clk  |  30.00 ns|  16.931 ns|     8.10 ns|
    +--------+----------+-----------+------------+

+ Latency: 
    * Summary: 
    +---------+---------+----------+----------+-----+-----+-------------------------------------------+
    |  Latency (cycles) |  Latency (absolute) |  Interval |                  Pipeline                 |
    |   min   |   max   |    min   |    max   | min | max |                    Type                   |
    +---------+---------+----------+----------+-----+-----+-------------------------------------------+
    |       50|       51|  1.500 us|  1.530 us|   50|   50|  loop rewind stp (delay=0 clock cycles(s))|
    +---------+---------+----------+----------+-----+-----+-------------------------------------------+

    + Detail: 
        * Instance: 
        N/A

        * Loop: 
        +-------------+---------+---------+----------+-----------+-----------+------+----------+
        |             |  Latency (cycles) | Iteration|  Initiation Interval  | Trip |          |
        |  Loop Name  |   min   |   max   |  Latency |  achieved |   target  | Count| Pipelined|
        +-------------+---------+---------+----------+-----------+-----------+------+----------+
        |- ReuseLoop  |       50|       50|         2|          1|          1|    50|       yes|
        +-------------+---------+---------+----------+-----------+-----------+------+----------+

============================================================
+ Verbose Summary: Synthesis Manager
============================================================
InlineROM: 1
ExposeGlobal: 0
============================================================
+ Verbose Summary: CDFG Model
============================================================
IsTopModel: 0
ResetActiveHigh: 1
IsCombinational: 0
IsDatapathOnly: 0
HasWiredReturn: 1
HasMFsm: 2
HasVarLatency: 1
IsPipeline: 0
IsRtlPipelined: 0
IsInstanceOverlapped: 0
IsDontTouch: 0
HasImplIP: 0
IsGatedGlobalClock: 0

+ Individual pipeline summary: 
  * Pipeline-0: initiation interval (II) = 1, depth = 2


============================================================
+ Verbose Summary: Schedule
============================================================
* Number of FSM states : 3
* Pipeline : 1
  Pipeline-0 : II = 1, D = 2, States = { 2 3 }
* Dataflow Pipeline: 0

* FSM state transitions: 
1 --> 2 
2 --> 3 
3 --> 2 

* FSM state operations: 

State 1 <SV = 0> <Delay = 1.61>
ST_1 : Operation 4 [1/1] (1.61ns)   --->   "%br_ln135 = br void %rewind_header" [firmware/nnet_utils/nnet_dense_resource.h:135]   --->   Operation 4 'br' 'br_ln135' <Predicate = true> <Delay = 1.61>

State 2 <SV = 1> <Delay = 3.25>
ST_2 : Operation 5 [1/1] (0.00ns)   --->   "%do_init = phi i1 1, void %entry, i1 0, void %MultLoop.split.i_ifconv, i1 1, void %dense_resource_rf_gt_nin_rem0<ap_fixed<8, 1, 4, 0, 0>, ap_fixed<20, 9, 5, 3, 0>, config3_mult>.exit"   --->   Operation 5 'phi' 'do_init' <Predicate = true> <Delay = 0.00>
ST_2 : Operation 6 [1/1] (0.00ns)   --->   "%w_index13 = phi i6 0, void %entry, i6 %w_index, void %MultLoop.split.i_ifconv, i6 0, void %dense_resource_rf_gt_nin_rem0<ap_fixed<8, 1, 4, 0, 0>, ap_fixed<20, 9, 5, 3, 0>, config3_mult>.exit"   --->   Operation 6 'phi' 'w_index13' <Predicate = true> <Delay = 0.00>
ST_2 : Operation 7 [1/1] (0.00ns)   --->   "%specmemcore_ln0 = specmemcore void @_ssdm_op_SpecMemCore, i5 %w3, i64 666, i64 38, i64 18446744073709551615"   --->   Operation 7 'specmemcore' 'specmemcore_ln0' <Predicate = (do_init)> <Delay = 0.00>
ST_2 : Operation 8 [1/1] (0.00ns)   --->   "%void_compute_output_buffer_2d_array_const_ap_shift_reg_n_chan_stream_weig_167 = load i8 %void_compute_output_buffer_2d_array_const_ap_shift_reg_n_chan_stream_weig_39"   --->   Operation 8 'load' 'void_compute_output_buffer_2d_array_const_ap_shift_reg_n_chan_stream_weig_167' <Predicate = (do_init)> <Delay = 0.00>
ST_2 : Operation 9 [1/1] (0.00ns)   --->   "%void_compute_output_buffer_2d_array_const_ap_shift_reg_n_chan_stream_weig_168 = load i8 %void_compute_output_buffer_2d_array_const_ap_shift_reg_n_chan_stream_weig_38"   --->   Operation 9 'load' 'void_compute_output_buffer_2d_array_const_ap_shift_reg_n_chan_stream_weig_168' <Predicate = (do_init)> <Delay = 0.00>
ST_2 : Operation 10 [1/1] (0.00ns)   --->   "%void_compute_output_buffer_2d_array_const_ap_shift_reg_n_chan_stream_weig_169 = load i8 %void_compute_output_buffer_2d_array_const_ap_shift_reg_n_chan_stream_weig_37"   --->   Operation 10 'load' 'void_compute_output_buffer_2d_array_const_ap_shift_reg_n_chan_stream_weig_169' <Predicate = (do_init)> <Delay = 0.00>
ST_2 : Operation 11 [1/1] (0.00ns)   --->   "%void_compute_output_buffer_2d_array_const_ap_shift_reg_n_chan_stream_weig_170 = load i8 %void_compute_output_buffer_2d_array_const_ap_shift_reg_n_chan_stream_weig_36"   --->   Operation 11 'load' 'void_compute_output_buffer_2d_array_const_ap_shift_reg_n_chan_stream_weig_170' <Predicate = (do_init)> <Delay = 0.00>
ST_2 : Operation 12 [1/1] (0.00ns)   --->   "%void_compute_output_buffer_2d_array_const_ap_shift_reg_n_chan_stream_weig_171 = load i8 %void_compute_output_buffer_2d_array_const_ap_shift_reg_n_chan_stream_weig_35"   --->   Operation 12 'load' 'void_compute_output_buffer_2d_array_const_ap_shift_reg_n_chan_stream_weig_171' <Predicate = (do_init)> <Delay = 0.00>
ST_2 : Operation 13 [1/1] (0.00ns)   --->   "%void_compute_output_buffer_2d_array_const_ap_shift_reg_n_chan_stream_weig_172 = load i8 %void_compute_output_buffer_2d_array_const_ap_shift_reg_n_chan_stream_weig_34"   --->   Operation 13 'load' 'void_compute_output_buffer_2d_array_const_ap_shift_reg_n_chan_stream_weig_172' <Predicate = (do_init)> <Delay = 0.00>
ST_2 : Operation 14 [1/1] (0.00ns)   --->   "%void_compute_output_buffer_2d_array_const_ap_shift_reg_n_chan_stream_weig_173 = load i8 %void_compute_output_buffer_2d_array_const_ap_shift_reg_n_chan_stream_weig_33"   --->   Operation 14 'load' 'void_compute_output_buffer_2d_array_const_ap_shift_reg_n_chan_stream_weig_173' <Predicate = (do_init)> <Delay = 0.00>
ST_2 : Operation 15 [1/1] (0.00ns)   --->   "%void_compute_output_buffer_2d_array_const_ap_shift_reg_n_chan_stream_weig_174 = load i8 %void_compute_output_buffer_2d_array_const_ap_shift_reg_n_chan_stream_weig_32"   --->   Operation 15 'load' 'void_compute_output_buffer_2d_array_const_ap_shift_reg_n_chan_stream_weig_174' <Predicate = (do_init)> <Delay = 0.00>
ST_2 : Operation 16 [1/1] (0.00ns)   --->   "%void_compute_output_buffer_2d_array_const_ap_shift_reg_n_chan_stream_weig_175 = load i8 %void_compute_output_buffer_2d_array_const_ap_shift_reg_n_chan_stream_weig_31"   --->   Operation 16 'load' 'void_compute_output_buffer_2d_array_const_ap_shift_reg_n_chan_stream_weig_175' <Predicate = (do_init)> <Delay = 0.00>
ST_2 : Operation 17 [1/1] (0.00ns)   --->   "%void_compute_output_buffer_2d_array_const_ap_shift_reg_n_chan_stream_weig_176 = load i8 %void_compute_output_buffer_2d_array_const_ap_shift_reg_n_chan_stream_weig_30"   --->   Operation 17 'load' 'void_compute_output_buffer_2d_array_const_ap_shift_reg_n_chan_stream_weig_176' <Predicate = (do_init)> <Delay = 0.00>
ST_2 : Operation 18 [1/1] (0.00ns)   --->   "%p_ZZN4nnet24compute_output_buffer_2dINS_5arrayI8ap_fixedILi8ELi1EL9ap_q_mode4EL9a_42 = load i8 %p_ZZN4nnet24compute_output_buffer_2dINS_5arrayI8ap_fixedILi8ELi1EL9ap_q_mode4EL9a_14"   --->   Operation 18 'load' 'p_ZZN4nnet24compute_output_buffer_2dINS_5arrayI8ap_fixedILi8ELi1EL9ap_q_mode4EL9a_42' <Predicate = (do_init)> <Delay = 0.00>
ST_2 : Operation 19 [1/1] (0.00ns)   --->   "%p_ZZN4nnet24compute_output_buffer_2dINS_5arrayI8ap_fixedILi8ELi1EL9ap_q_mode4EL9a_43 = load i8 %p_ZZN4nnet24compute_output_buffer_2dINS_5arrayI8ap_fixedILi8ELi1EL9ap_q_mode4EL9a_13"   --->   Operation 19 'load' 'p_ZZN4nnet24compute_output_buffer_2dINS_5arrayI8ap_fixedILi8ELi1EL9ap_q_mode4EL9a_43' <Predicate = (do_init)> <Delay = 0.00>
ST_2 : Operation 20 [1/1] (0.00ns)   --->   "%p_ZZN4nnet24compute_output_buffer_2dINS_5arrayI8ap_fixedILi8ELi1EL9ap_q_mode4EL9a_44 = load i8 %p_ZZN4nnet24compute_output_buffer_2dINS_5arrayI8ap_fixedILi8ELi1EL9ap_q_mode4EL9a_12"   --->   Operation 20 'load' 'p_ZZN4nnet24compute_output_buffer_2dINS_5arrayI8ap_fixedILi8ELi1EL9ap_q_mode4EL9a_44' <Predicate = (do_init)> <Delay = 0.00>
ST_2 : Operation 21 [1/1] (0.00ns)   --->   "%p_ZZN4nnet24compute_output_buffer_2dINS_5arrayI8ap_fixedILi8ELi1EL9ap_q_mode4EL9a_45 = load i8 %p_ZZN4nnet24compute_output_buffer_2dINS_5arrayI8ap_fixedILi8ELi1EL9ap_q_mode4EL9a_11"   --->   Operation 21 'load' 'p_ZZN4nnet24compute_output_buffer_2dINS_5arrayI8ap_fixedILi8ELi1EL9ap_q_mode4EL9a_45' <Predicate = (do_init)> <Delay = 0.00>
ST_2 : Operation 22 [1/1] (0.00ns)   --->   "%p_ZZN4nnet24compute_output_buffer_2dINS_5arrayI8ap_fixedILi8ELi1EL9ap_q_mode4EL9a_46 = load i8 %p_ZZN4nnet24compute_output_buffer_2dINS_5arrayI8ap_fixedILi8ELi1EL9ap_q_mode4EL9a_10"   --->   Operation 22 'load' 'p_ZZN4nnet24compute_output_buffer_2dINS_5arrayI8ap_fixedILi8ELi1EL9ap_q_mode4EL9a_46' <Predicate = (do_init)> <Delay = 0.00>
ST_2 : Operation 23 [1/1] (0.00ns)   --->   "%p_ZZN4nnet24compute_output_buffer_2dINS_5arrayI8ap_fixedILi8ELi1EL9ap_q_mode4EL9a_47 = load i8 %p_ZZN4nnet24compute_output_buffer_2dINS_5arrayI8ap_fixedILi8ELi1EL9ap_q_mode4EL9a_9"   --->   Operation 23 'load' 'p_ZZN4nnet24compute_output_buffer_2dINS_5arrayI8ap_fixedILi8ELi1EL9ap_q_mode4EL9a_47' <Predicate = (do_init)> <Delay = 0.00>
ST_2 : Operation 24 [1/1] (0.00ns)   --->   "%p_ZZN4nnet24compute_output_buffer_2dINS_5arrayI8ap_fixedILi8ELi1EL9ap_q_mode4EL9a_48 = load i8 %p_ZZN4nnet24compute_output_buffer_2dINS_5arrayI8ap_fixedILi8ELi1EL9ap_q_mode4EL9a_8"   --->   Operation 24 'load' 'p_ZZN4nnet24compute_output_buffer_2dINS_5arrayI8ap_fixedILi8ELi1EL9ap_q_mode4EL9a_48' <Predicate = (do_init)> <Delay = 0.00>
ST_2 : Operation 25 [1/1] (0.00ns)   --->   "%p_ZZN4nnet24compute_output_buffer_2dINS_5arrayI8ap_fixedILi8ELi1EL9ap_q_mode4EL9a_49 = load i8 %p_ZZN4nnet24compute_output_buffer_2dINS_5arrayI8ap_fixedILi8ELi1EL9ap_q_mode4EL9a_7"   --->   Operation 25 'load' 'p_ZZN4nnet24compute_output_buffer_2dINS_5arrayI8ap_fixedILi8ELi1EL9ap_q_mode4EL9a_49' <Predicate = (do_init)> <Delay = 0.00>
ST_2 : Operation 26 [1/1] (0.00ns)   --->   "%p_ZZN4nnet24compute_output_buffer_2dINS_5arrayI8ap_fixedILi8ELi1EL9ap_q_mode4EL9a_50 = load i8 %p_ZZN4nnet24compute_output_buffer_2dINS_5arrayI8ap_fixedILi8ELi1EL9ap_q_mode4EL9a_6"   --->   Operation 26 'load' 'p_ZZN4nnet24compute_output_buffer_2dINS_5arrayI8ap_fixedILi8ELi1EL9ap_q_mode4EL9a_50' <Predicate = (do_init)> <Delay = 0.00>
ST_2 : Operation 27 [1/1] (0.00ns)   --->   "%p_ZZN4nnet24compute_output_buffer_2dINS_5arrayI8ap_fixedILi8ELi1EL9ap_q_mode4EL9a_51 = load i8 %p_ZZN4nnet24compute_output_buffer_2dINS_5arrayI8ap_fixedILi8ELi1EL9ap_q_mode4EL9a_5"   --->   Operation 27 'load' 'p_ZZN4nnet24compute_output_buffer_2dINS_5arrayI8ap_fixedILi8ELi1EL9ap_q_mode4EL9a_51' <Predicate = (do_init)> <Delay = 0.00>
ST_2 : Operation 28 [1/1] (0.00ns)   --->   "%p_ZZN4nnet24compute_output_buffer_2dINS_5arrayI8ap_fixedILi8ELi1EL9ap_q_mode4EL9a_52 = load i8 %p_ZZN4nnet24compute_output_buffer_2dINS_5arrayI8ap_fixedILi8ELi1EL9ap_q_mode4EL9a_4"   --->   Operation 28 'load' 'p_ZZN4nnet24compute_output_buffer_2dINS_5arrayI8ap_fixedILi8ELi1EL9ap_q_mode4EL9a_52' <Predicate = (do_init)> <Delay = 0.00>
ST_2 : Operation 29 [1/1] (0.00ns)   --->   "%p_ZZN4nnet24compute_output_buffer_2dINS_5arrayI8ap_fixedILi8ELi1EL9ap_q_mode4EL9a_53 = load i8 %p_ZZN4nnet24compute_output_buffer_2dINS_5arrayI8ap_fixedILi8ELi1EL9ap_q_mode4EL9a_3"   --->   Operation 29 'load' 'p_ZZN4nnet24compute_output_buffer_2dINS_5arrayI8ap_fixedILi8ELi1EL9ap_q_mode4EL9a_53' <Predicate = (do_init)> <Delay = 0.00>
ST_2 : Operation 30 [1/1] (0.00ns)   --->   "%p_ZZN4nnet24compute_output_buffer_2dINS_5arrayI8ap_fixedILi8ELi1EL9ap_q_mode4EL9a_54 = load i8 %p_ZZN4nnet24compute_output_buffer_2dINS_5arrayI8ap_fixedILi8ELi1EL9ap_q_mode4EL9a_2"   --->   Operation 30 'load' 'p_ZZN4nnet24compute_output_buffer_2dINS_5arrayI8ap_fixedILi8ELi1EL9ap_q_mode4EL9a_54' <Predicate = (do_init)> <Delay = 0.00>
ST_2 : Operation 31 [1/1] (0.00ns)   --->   "%p_ZZN4nnet24compute_output_buffer_2dINS_5arrayI8ap_fixedILi8ELi1EL9ap_q_mode4EL9a_55 = load i8 %p_ZZN4nnet24compute_output_buffer_2dINS_5arrayI8ap_fixedILi8ELi1EL9ap_q_mode4EL9a_1"   --->   Operation 31 'load' 'p_ZZN4nnet24compute_output_buffer_2dINS_5arrayI8ap_fixedILi8ELi1EL9ap_q_mode4EL9a_55' <Predicate = (do_init)> <Delay = 0.00>
ST_2 : Operation 32 [1/1] (0.00ns)   --->   "%p_ZZN4nnet24compute_output_buffer_2dINS_5arrayI8ap_fixedILi8ELi1EL9ap_q_mode4EL9a_56 = load i8 %p_ZZN4nnet24compute_output_buffer_2dINS_5arrayI8ap_fixedILi8ELi1EL9ap_q_mode4EL9a"   --->   Operation 32 'load' 'p_ZZN4nnet24compute_output_buffer_2dINS_5arrayI8ap_fixedILi8ELi1EL9ap_q_mode4EL9a_56' <Predicate = (do_init)> <Delay = 0.00>
ST_2 : Operation 33 [1/1] (1.61ns)   --->   "%br_ln135 = br void %MultLoop.split.i_ifconv" [firmware/nnet_utils/nnet_dense_resource.h:135]   --->   Operation 33 'br' 'br_ln135' <Predicate = (do_init)> <Delay = 1.61>
ST_2 : Operation 34 [1/1] (0.00ns)   --->   "%zext_ln135 = zext i6 %w_index13" [firmware/nnet_utils/nnet_dense_resource.h:135]   --->   Operation 34 'zext' 'zext_ln135' <Predicate = true> <Delay = 0.00>
ST_2 : Operation 35 [1/1] (0.00ns)   --->   "%outidx_addr = getelementptr i1 %outidx, i64 0, i64 %zext_ln135" [firmware/nnet_utils/nnet_dense_resource.h:139]   --->   Operation 35 'getelementptr' 'outidx_addr' <Predicate = true> <Delay = 0.00>
ST_2 : Operation 36 [2/2] (2.15ns)   --->   "%out_index = load i6 %outidx_addr" [firmware/nnet_utils/nnet_dense_resource.h:139]   --->   Operation 36 'load' 'out_index' <Predicate = true> <Delay = 2.15> <CoreInst = "ROM">   --->   Core 94 'ROM' <Latency = 1> <II = 1> <Delay = 2.15> <Storage> <Opcode : 'load'> <Ports = 0> <Width = 1> <Depth = 50> <ROM>
ST_2 : Operation 37 [1/1] (0.00ns)   --->   "%w3_addr = getelementptr i5 %w3, i64 0, i64 %zext_ln135" [firmware/nnet_utils/nnet_dense_resource.h:145]   --->   Operation 37 'getelementptr' 'w3_addr' <Predicate = true> <Delay = 0.00>
ST_2 : Operation 38 [2/2] (3.25ns)   --->   "%w = load i6 %w3_addr" [firmware/nnet_utils/nnet_dense_resource.h:145]   --->   Operation 38 'load' 'w' <Predicate = true> <Delay = 3.25> <CoreInst = "ROM_nP_BRAM">   --->   Core 102 'ROM_nP_BRAM' <Latency = 1> <II = 1> <Delay = 3.25> <Storage> <Opcode : 'load'> <Ports = 0> <Width = 5> <Depth = 50> <ROM>
ST_2 : Operation 39 [1/1] (1.94ns)   --->   "%w_index = add i6 %w_index13, i6 1" [firmware/nnet_utils/nnet_dense_resource.h:135]   --->   Operation 39 'add' 'w_index' <Predicate = true> <Delay = 1.94> <CoreInst = "Adder">   --->   Core 1 'Adder' <Latency = 0> <II = 1> <Delay = 1.94> <FuncUnit> <Opcode : 'add' 'sub'> <InPorts = 2> <OutPorts = 1>
ST_2 : Operation 40 [1/1] (1.94ns)   --->   "%icmp_ln135 = icmp_eq  i6 %w_index13, i6 49" [firmware/nnet_utils/nnet_dense_resource.h:135]   --->   Operation 40 'icmp' 'icmp_ln135' <Predicate = true> <Delay = 1.94> <CoreInst = "Cmp">   --->   Core 9 'Cmp' <Latency = 0> <II = 1> <Delay = 1.94> <FuncUnit> <Opcode : 'seteq' 'setne' 'setle' 'setge' 'setlt' 'setgt'> <InPorts = 2> <OutPorts = 1>
ST_2 : Operation 41 [1/1] (0.00ns)   --->   "%br_ln135 = br i1 %icmp_ln135, void %rewind_header, void %dense_resource_rf_gt_nin_rem0<ap_fixed<8, 1, 4, 0, 0>, ap_fixed<20, 9, 5, 3, 0>, config3_mult>.exit" [firmware/nnet_utils/nnet_dense_resource.h:135]   --->   Operation 41 'br' 'br_ln135' <Predicate = true> <Delay = 0.00>
ST_2 : Operation 42 [1/1] (0.00ns)   --->   "%br_ln0 = br void %rewind_header"   --->   Operation 42 'br' 'br_ln0' <Predicate = (icmp_ln135)> <Delay = 0.00>

State 3 <SV = 2> <Delay = 16.9>
ST_3 : Operation 43 [1/1] (0.00ns)   --->   "%p_ZZN4nnet24compute_output_buffer_2dINS_5arrayI8ap_fixedILi8ELi1EL9ap_q_mode4EL9a_57 = phi i8 0, void %entry, i8 %p_ZZN4nnet24compute_output_buffer_2dINS_5arrayI8ap_fixedILi8ELi1EL9ap_q_mode4EL9a_27, void %MultLoop.split.i_ifconv, i8 0, void %dense_resource_rf_gt_nin_rem0<ap_fixed<8, 1, 4, 0, 0>, ap_fixed<20, 9, 5, 3, 0>, config3_mult>.exit"   --->   Operation 43 'phi' 'p_ZZN4nnet24compute_output_buffer_2dINS_5arrayI8ap_fixedILi8ELi1EL9ap_q_mode4EL9a_57' <Predicate = true> <Delay = 0.00>
ST_3 : Operation 44 [1/1] (0.00ns)   --->   "%p_ZZN4nnet24compute_output_buffer_2dINS_5arrayI8ap_fixedILi8ELi1EL9ap_q_mode4EL9a_58 = phi i8 0, void %entry, i8 %p_ZZN4nnet24compute_output_buffer_2dINS_5arrayI8ap_fixedILi8ELi1EL9ap_q_mode4EL9a_28, void %MultLoop.split.i_ifconv, i8 0, void %dense_resource_rf_gt_nin_rem0<ap_fixed<8, 1, 4, 0, 0>, ap_fixed<20, 9, 5, 3, 0>, config3_mult>.exit"   --->   Operation 44 'phi' 'p_ZZN4nnet24compute_output_buffer_2dINS_5arrayI8ap_fixedILi8ELi1EL9ap_q_mode4EL9a_58' <Predicate = true> <Delay = 0.00>
ST_3 : Operation 45 [1/1] (0.00ns)   --->   "%p_ZZN4nnet24compute_output_buffer_2dINS_5arrayI8ap_fixedILi8ELi1EL9ap_q_mode4EL9a_59 = phi i8 0, void %entry, i8 %p_ZZN4nnet24compute_output_buffer_2dINS_5arrayI8ap_fixedILi8ELi1EL9ap_q_mode4EL9a_29, void %MultLoop.split.i_ifconv, i8 0, void %dense_resource_rf_gt_nin_rem0<ap_fixed<8, 1, 4, 0, 0>, ap_fixed<20, 9, 5, 3, 0>, config3_mult>.exit"   --->   Operation 45 'phi' 'p_ZZN4nnet24compute_output_buffer_2dINS_5arrayI8ap_fixedILi8ELi1EL9ap_q_mode4EL9a_59' <Predicate = true> <Delay = 0.00>
ST_3 : Operation 46 [1/1] (0.00ns)   --->   "%p_ZZN4nnet24compute_output_buffer_2dINS_5arrayI8ap_fixedILi8ELi1EL9ap_q_mode4EL9a_60 = phi i8 0, void %entry, i8 %p_ZZN4nnet24compute_output_buffer_2dINS_5arrayI8ap_fixedILi8ELi1EL9ap_q_mode4EL9a_30, void %MultLoop.split.i_ifconv, i8 0, void %dense_resource_rf_gt_nin_rem0<ap_fixed<8, 1, 4, 0, 0>, ap_fixed<20, 9, 5, 3, 0>, config3_mult>.exit"   --->   Operation 46 'phi' 'p_ZZN4nnet24compute_output_buffer_2dINS_5arrayI8ap_fixedILi8ELi1EL9ap_q_mode4EL9a_60' <Predicate = true> <Delay = 0.00>
ST_3 : Operation 47 [1/1] (0.00ns)   --->   "%p_ZZN4nnet24compute_output_buffer_2dINS_5arrayI8ap_fixedILi8ELi1EL9ap_q_mode4EL9a_61 = phi i8 0, void %entry, i8 %p_ZZN4nnet24compute_output_buffer_2dINS_5arrayI8ap_fixedILi8ELi1EL9ap_q_mode4EL9a_31, void %MultLoop.split.i_ifconv, i8 0, void %dense_resource_rf_gt_nin_rem0<ap_fixed<8, 1, 4, 0, 0>, ap_fixed<20, 9, 5, 3, 0>, config3_mult>.exit"   --->   Operation 47 'phi' 'p_ZZN4nnet24compute_output_buffer_2dINS_5arrayI8ap_fixedILi8ELi1EL9ap_q_mode4EL9a_61' <Predicate = true> <Delay = 0.00>
ST_3 : Operation 48 [1/1] (0.00ns)   --->   "%p_ZZN4nnet24compute_output_buffer_2dINS_5arrayI8ap_fixedILi8ELi1EL9ap_q_mode4EL9a_62 = phi i8 0, void %entry, i8 %p_ZZN4nnet24compute_output_buffer_2dINS_5arrayI8ap_fixedILi8ELi1EL9ap_q_mode4EL9a_32, void %MultLoop.split.i_ifconv, i8 0, void %dense_resource_rf_gt_nin_rem0<ap_fixed<8, 1, 4, 0, 0>, ap_fixed<20, 9, 5, 3, 0>, config3_mult>.exit"   --->   Operation 48 'phi' 'p_ZZN4nnet24compute_output_buffer_2dINS_5arrayI8ap_fixedILi8ELi1EL9ap_q_mode4EL9a_62' <Predicate = true> <Delay = 0.00>
ST_3 : Operation 49 [1/1] (0.00ns)   --->   "%p_ZZN4nnet24compute_output_buffer_2dINS_5arrayI8ap_fixedILi8ELi1EL9ap_q_mode4EL9a_63 = phi i8 0, void %entry, i8 %p_ZZN4nnet24compute_output_buffer_2dINS_5arrayI8ap_fixedILi8ELi1EL9ap_q_mode4EL9a_33, void %MultLoop.split.i_ifconv, i8 0, void %dense_resource_rf_gt_nin_rem0<ap_fixed<8, 1, 4, 0, 0>, ap_fixed<20, 9, 5, 3, 0>, config3_mult>.exit"   --->   Operation 49 'phi' 'p_ZZN4nnet24compute_output_buffer_2dINS_5arrayI8ap_fixedILi8ELi1EL9ap_q_mode4EL9a_63' <Predicate = true> <Delay = 0.00>
ST_3 : Operation 50 [1/1] (0.00ns)   --->   "%p_ZZN4nnet24compute_output_buffer_2dINS_5arrayI8ap_fixedILi8ELi1EL9ap_q_mode4EL9a_64 = phi i8 0, void %entry, i8 %p_ZZN4nnet24compute_output_buffer_2dINS_5arrayI8ap_fixedILi8ELi1EL9ap_q_mode4EL9a_34, void %MultLoop.split.i_ifconv, i8 0, void %dense_resource_rf_gt_nin_rem0<ap_fixed<8, 1, 4, 0, 0>, ap_fixed<20, 9, 5, 3, 0>, config3_mult>.exit"   --->   Operation 50 'phi' 'p_ZZN4nnet24compute_output_buffer_2dINS_5arrayI8ap_fixedILi8ELi1EL9ap_q_mode4EL9a_64' <Predicate = true> <Delay = 0.00>
ST_3 : Operation 51 [1/1] (0.00ns)   --->   "%p_ZZN4nnet24compute_output_buffer_2dINS_5arrayI8ap_fixedILi8ELi1EL9ap_q_mode4EL9a_65 = phi i8 0, void %entry, i8 %p_ZZN4nnet24compute_output_buffer_2dINS_5arrayI8ap_fixedILi8ELi1EL9ap_q_mode4EL9a_35, void %MultLoop.split.i_ifconv, i8 0, void %dense_resource_rf_gt_nin_rem0<ap_fixed<8, 1, 4, 0, 0>, ap_fixed<20, 9, 5, 3, 0>, config3_mult>.exit"   --->   Operation 51 'phi' 'p_ZZN4nnet24compute_output_buffer_2dINS_5arrayI8ap_fixedILi8ELi1EL9ap_q_mode4EL9a_65' <Predicate = true> <Delay = 0.00>
ST_3 : Operation 52 [1/1] (0.00ns)   --->   "%p_ZZN4nnet24compute_output_buffer_2dINS_5arrayI8ap_fixedILi8ELi1EL9ap_q_mode4EL9a_66 = phi i8 0, void %entry, i8 %p_ZZN4nnet24compute_output_buffer_2dINS_5arrayI8ap_fixedILi8ELi1EL9ap_q_mode4EL9a_36, void %MultLoop.split.i_ifconv, i8 0, void %dense_resource_rf_gt_nin_rem0<ap_fixed<8, 1, 4, 0, 0>, ap_fixed<20, 9, 5, 3, 0>, config3_mult>.exit"   --->   Operation 52 'phi' 'p_ZZN4nnet24compute_output_buffer_2dINS_5arrayI8ap_fixedILi8ELi1EL9ap_q_mode4EL9a_66' <Predicate = true> <Delay = 0.00>
ST_3 : Operation 53 [1/1] (0.00ns)   --->   "%p_ZZN4nnet24compute_output_buffer_2dINS_5arrayI8ap_fixedILi8ELi1EL9ap_q_mode4EL9a_67 = phi i8 0, void %entry, i8 %p_ZZN4nnet24compute_output_buffer_2dINS_5arrayI8ap_fixedILi8ELi1EL9ap_q_mode4EL9a_37, void %MultLoop.split.i_ifconv, i8 0, void %dense_resource_rf_gt_nin_rem0<ap_fixed<8, 1, 4, 0, 0>, ap_fixed<20, 9, 5, 3, 0>, config3_mult>.exit"   --->   Operation 53 'phi' 'p_ZZN4nnet24compute_output_buffer_2dINS_5arrayI8ap_fixedILi8ELi1EL9ap_q_mode4EL9a_67' <Predicate = true> <Delay = 0.00>
ST_3 : Operation 54 [1/1] (0.00ns)   --->   "%p_ZZN4nnet24compute_output_buffer_2dINS_5arrayI8ap_fixedILi8ELi1EL9ap_q_mode4EL9a_68 = phi i8 0, void %entry, i8 %p_ZZN4nnet24compute_output_buffer_2dINS_5arrayI8ap_fixedILi8ELi1EL9ap_q_mode4EL9a_38, void %MultLoop.split.i_ifconv, i8 0, void %dense_resource_rf_gt_nin_rem0<ap_fixed<8, 1, 4, 0, 0>, ap_fixed<20, 9, 5, 3, 0>, config3_mult>.exit"   --->   Operation 54 'phi' 'p_ZZN4nnet24compute_output_buffer_2dINS_5arrayI8ap_fixedILi8ELi1EL9ap_q_mode4EL9a_68' <Predicate = true> <Delay = 0.00>
ST_3 : Operation 55 [1/1] (0.00ns)   --->   "%p_ZZN4nnet24compute_output_buffer_2dINS_5arrayI8ap_fixedILi8ELi1EL9ap_q_mode4EL9a_69 = phi i8 0, void %entry, i8 %p_ZZN4nnet24compute_output_buffer_2dINS_5arrayI8ap_fixedILi8ELi1EL9ap_q_mode4EL9a_39, void %MultLoop.split.i_ifconv, i8 0, void %dense_resource_rf_gt_nin_rem0<ap_fixed<8, 1, 4, 0, 0>, ap_fixed<20, 9, 5, 3, 0>, config3_mult>.exit"   --->   Operation 55 'phi' 'p_ZZN4nnet24compute_output_buffer_2dINS_5arrayI8ap_fixedILi8ELi1EL9ap_q_mode4EL9a_69' <Predicate = true> <Delay = 0.00>
ST_3 : Operation 56 [1/1] (0.00ns)   --->   "%p_ZZN4nnet24compute_output_buffer_2dINS_5arrayI8ap_fixedILi8ELi1EL9ap_q_mode4EL9a_70 = phi i8 0, void %entry, i8 %p_ZZN4nnet24compute_output_buffer_2dINS_5arrayI8ap_fixedILi8ELi1EL9ap_q_mode4EL9a_40, void %MultLoop.split.i_ifconv, i8 0, void %dense_resource_rf_gt_nin_rem0<ap_fixed<8, 1, 4, 0, 0>, ap_fixed<20, 9, 5, 3, 0>, config3_mult>.exit"   --->   Operation 56 'phi' 'p_ZZN4nnet24compute_output_buffer_2dINS_5arrayI8ap_fixedILi8ELi1EL9ap_q_mode4EL9a_70' <Predicate = true> <Delay = 0.00>
ST_3 : Operation 57 [1/1] (0.00ns)   --->   "%p_ZZN4nnet24compute_output_buffer_2dINS_5arrayI8ap_fixedILi8ELi1EL9ap_q_mode4EL9a_71 = phi i8 0, void %entry, i8 %p_ZZN4nnet24compute_output_buffer_2dINS_5arrayI8ap_fixedILi8ELi1EL9ap_q_mode4EL9a_41, void %MultLoop.split.i_ifconv, i8 0, void %dense_resource_rf_gt_nin_rem0<ap_fixed<8, 1, 4, 0, 0>, ap_fixed<20, 9, 5, 3, 0>, config3_mult>.exit"   --->   Operation 57 'phi' 'p_ZZN4nnet24compute_output_buffer_2dINS_5arrayI8ap_fixedILi8ELi1EL9ap_q_mode4EL9a_71' <Predicate = true> <Delay = 0.00>
ST_3 : Operation 58 [1/1] (0.00ns)   --->   "%void_compute_output_buffer_2d_array_const_ap_shift_reg_n_chan_stream_weig_177 = phi i8 0, void %entry, i8 %void_compute_output_buffer_2d_array_const_ap_shift_reg_n_chan_stream_weig_157, void %MultLoop.split.i_ifconv, i8 0, void %dense_resource_rf_gt_nin_rem0<ap_fixed<8, 1, 4, 0, 0>, ap_fixed<20, 9, 5, 3, 0>, config3_mult>.exit"   --->   Operation 58 'phi' 'void_compute_output_buffer_2d_array_const_ap_shift_reg_n_chan_stream_weig_177' <Predicate = true> <Delay = 0.00>
ST_3 : Operation 59 [1/1] (0.00ns)   --->   "%void_compute_output_buffer_2d_array_const_ap_shift_reg_n_chan_stream_weig_178 = phi i8 0, void %entry, i8 %void_compute_output_buffer_2d_array_const_ap_shift_reg_n_chan_stream_weig_158, void %MultLoop.split.i_ifconv, i8 0, void %dense_resource_rf_gt_nin_rem0<ap_fixed<8, 1, 4, 0, 0>, ap_fixed<20, 9, 5, 3, 0>, config3_mult>.exit"   --->   Operation 59 'phi' 'void_compute_output_buffer_2d_array_const_ap_shift_reg_n_chan_stream_weig_178' <Predicate = true> <Delay = 0.00>
ST_3 : Operation 60 [1/1] (0.00ns)   --->   "%void_compute_output_buffer_2d_array_const_ap_shift_reg_n_chan_stream_weig_179 = phi i8 0, void %entry, i8 %void_compute_output_buffer_2d_array_const_ap_shift_reg_n_chan_stream_weig_159, void %MultLoop.split.i_ifconv, i8 0, void %dense_resource_rf_gt_nin_rem0<ap_fixed<8, 1, 4, 0, 0>, ap_fixed<20, 9, 5, 3, 0>, config3_mult>.exit"   --->   Operation 60 'phi' 'void_compute_output_buffer_2d_array_const_ap_shift_reg_n_chan_stream_weig_179' <Predicate = true> <Delay = 0.00>
ST_3 : Operation 61 [1/1] (0.00ns)   --->   "%void_compute_output_buffer_2d_array_const_ap_shift_reg_n_chan_stream_weig_180 = phi i8 0, void %entry, i8 %void_compute_output_buffer_2d_array_const_ap_shift_reg_n_chan_stream_weig_160, void %MultLoop.split.i_ifconv, i8 0, void %dense_resource_rf_gt_nin_rem0<ap_fixed<8, 1, 4, 0, 0>, ap_fixed<20, 9, 5, 3, 0>, config3_mult>.exit"   --->   Operation 61 'phi' 'void_compute_output_buffer_2d_array_const_ap_shift_reg_n_chan_stream_weig_180' <Predicate = true> <Delay = 0.00>
ST_3 : Operation 62 [1/1] (0.00ns)   --->   "%void_compute_output_buffer_2d_array_const_ap_shift_reg_n_chan_stream_weig_181 = phi i8 0, void %entry, i8 %void_compute_output_buffer_2d_array_const_ap_shift_reg_n_chan_stream_weig_161, void %MultLoop.split.i_ifconv, i8 0, void %dense_resource_rf_gt_nin_rem0<ap_fixed<8, 1, 4, 0, 0>, ap_fixed<20, 9, 5, 3, 0>, config3_mult>.exit"   --->   Operation 62 'phi' 'void_compute_output_buffer_2d_array_const_ap_shift_reg_n_chan_stream_weig_181' <Predicate = true> <Delay = 0.00>
ST_3 : Operation 63 [1/1] (0.00ns)   --->   "%void_compute_output_buffer_2d_array_const_ap_shift_reg_n_chan_stream_weig_182 = phi i8 0, void %entry, i8 %void_compute_output_buffer_2d_array_const_ap_shift_reg_n_chan_stream_weig_162, void %MultLoop.split.i_ifconv, i8 0, void %dense_resource_rf_gt_nin_rem0<ap_fixed<8, 1, 4, 0, 0>, ap_fixed<20, 9, 5, 3, 0>, config3_mult>.exit"   --->   Operation 63 'phi' 'void_compute_output_buffer_2d_array_const_ap_shift_reg_n_chan_stream_weig_182' <Predicate = true> <Delay = 0.00>
ST_3 : Operation 64 [1/1] (0.00ns)   --->   "%void_compute_output_buffer_2d_array_const_ap_shift_reg_n_chan_stream_weig_183 = phi i8 0, void %entry, i8 %void_compute_output_buffer_2d_array_const_ap_shift_reg_n_chan_stream_weig_163, void %MultLoop.split.i_ifconv, i8 0, void %dense_resource_rf_gt_nin_rem0<ap_fixed<8, 1, 4, 0, 0>, ap_fixed<20, 9, 5, 3, 0>, config3_mult>.exit"   --->   Operation 64 'phi' 'void_compute_output_buffer_2d_array_const_ap_shift_reg_n_chan_stream_weig_183' <Predicate = true> <Delay = 0.00>
ST_3 : Operation 65 [1/1] (0.00ns)   --->   "%void_compute_output_buffer_2d_array_const_ap_shift_reg_n_chan_stream_weig_184 = phi i8 0, void %entry, i8 %void_compute_output_buffer_2d_array_const_ap_shift_reg_n_chan_stream_weig_164, void %MultLoop.split.i_ifconv, i8 0, void %dense_resource_rf_gt_nin_rem0<ap_fixed<8, 1, 4, 0, 0>, ap_fixed<20, 9, 5, 3, 0>, config3_mult>.exit"   --->   Operation 65 'phi' 'void_compute_output_buffer_2d_array_const_ap_shift_reg_n_chan_stream_weig_184' <Predicate = true> <Delay = 0.00>
ST_3 : Operation 66 [1/1] (0.00ns)   --->   "%void_compute_output_buffer_2d_array_const_ap_shift_reg_n_chan_stream_weig_185 = phi i8 0, void %entry, i8 %void_compute_output_buffer_2d_array_const_ap_shift_reg_n_chan_stream_weig_165, void %MultLoop.split.i_ifconv, i8 0, void %dense_resource_rf_gt_nin_rem0<ap_fixed<8, 1, 4, 0, 0>, ap_fixed<20, 9, 5, 3, 0>, config3_mult>.exit"   --->   Operation 66 'phi' 'void_compute_output_buffer_2d_array_const_ap_shift_reg_n_chan_stream_weig_185' <Predicate = true> <Delay = 0.00>
ST_3 : Operation 67 [1/1] (0.00ns)   --->   "%void_compute_output_buffer_2d_array_const_ap_shift_reg_n_chan_stream_weig_186 = phi i8 0, void %entry, i8 %void_compute_output_buffer_2d_array_const_ap_shift_reg_n_chan_stream_weig_166, void %MultLoop.split.i_ifconv, i8 0, void %dense_resource_rf_gt_nin_rem0<ap_fixed<8, 1, 4, 0, 0>, ap_fixed<20, 9, 5, 3, 0>, config3_mult>.exit"   --->   Operation 67 'phi' 'void_compute_output_buffer_2d_array_const_ap_shift_reg_n_chan_stream_weig_186' <Predicate = true> <Delay = 0.00>
ST_3 : Operation 68 [1/1] (0.00ns)   --->   "%in_index14 = phi i32 0, void %entry, i32 %in_index, void %MultLoop.split.i_ifconv, i32 0, void %dense_resource_rf_gt_nin_rem0<ap_fixed<8, 1, 4, 0, 0>, ap_fixed<20, 9, 5, 3, 0>, config3_mult>.exit"   --->   Operation 68 'phi' 'in_index14' <Predicate = true> <Delay = 0.00>
ST_3 : Operation 69 [1/1] (0.00ns)   --->   "%acc12 = phi i20 0, void %entry, i20 %acc_4, void %MultLoop.split.i_ifconv, i20 0, void %dense_resource_rf_gt_nin_rem0<ap_fixed<8, 1, 4, 0, 0>, ap_fixed<20, 9, 5, 3, 0>, config3_mult>.exit"   --->   Operation 69 'phi' 'acc12' <Predicate = true> <Delay = 0.00>
ST_3 : Operation 70 [1/1] (0.00ns)   --->   "%acc_110 = phi i20 0, void %entry, i20 %acc_5, void %MultLoop.split.i_ifconv, i20 0, void %dense_resource_rf_gt_nin_rem0<ap_fixed<8, 1, 4, 0, 0>, ap_fixed<20, 9, 5, 3, 0>, config3_mult>.exit"   --->   Operation 70 'phi' 'acc_110' <Predicate = true> <Delay = 0.00>
ST_3 : Operation 71 [1/1] (1.61ns)   --->   "%br_ln0 = br i1 %do_init, void %MultLoop.split.i_ifconv, void %rewind_init"   --->   Operation 71 'br' 'br_ln0' <Predicate = true> <Delay = 1.61>
ST_3 : Operation 72 [1/1] (0.00ns)   --->   "%p_ZZN4nnet24compute_output_buffer_2dINS_5arrayI8ap_fixedILi8ELi1EL9ap_q_mode4EL9a_27 = phi i8 %p_ZZN4nnet24compute_output_buffer_2dINS_5arrayI8ap_fixedILi8ELi1EL9ap_q_mode4EL9a_56, void %rewind_init, i8 %p_ZZN4nnet24compute_output_buffer_2dINS_5arrayI8ap_fixedILi8ELi1EL9ap_q_mode4EL9a_57, void %rewind_header"   --->   Operation 72 'phi' 'p_ZZN4nnet24compute_output_buffer_2dINS_5arrayI8ap_fixedILi8ELi1EL9ap_q_mode4EL9a_27' <Predicate = true> <Delay = 0.00>
ST_3 : Operation 73 [1/1] (0.00ns)   --->   "%p_ZZN4nnet24compute_output_buffer_2dINS_5arrayI8ap_fixedILi8ELi1EL9ap_q_mode4EL9a_28 = phi i8 %p_ZZN4nnet24compute_output_buffer_2dINS_5arrayI8ap_fixedILi8ELi1EL9ap_q_mode4EL9a_55, void %rewind_init, i8 %p_ZZN4nnet24compute_output_buffer_2dINS_5arrayI8ap_fixedILi8ELi1EL9ap_q_mode4EL9a_58, void %rewind_header"   --->   Operation 73 'phi' 'p_ZZN4nnet24compute_output_buffer_2dINS_5arrayI8ap_fixedILi8ELi1EL9ap_q_mode4EL9a_28' <Predicate = true> <Delay = 0.00>
ST_3 : Operation 74 [1/1] (0.00ns)   --->   "%p_ZZN4nnet24compute_output_buffer_2dINS_5arrayI8ap_fixedILi8ELi1EL9ap_q_mode4EL9a_29 = phi i8 %p_ZZN4nnet24compute_output_buffer_2dINS_5arrayI8ap_fixedILi8ELi1EL9ap_q_mode4EL9a_54, void %rewind_init, i8 %p_ZZN4nnet24compute_output_buffer_2dINS_5arrayI8ap_fixedILi8ELi1EL9ap_q_mode4EL9a_59, void %rewind_header"   --->   Operation 74 'phi' 'p_ZZN4nnet24compute_output_buffer_2dINS_5arrayI8ap_fixedILi8ELi1EL9ap_q_mode4EL9a_29' <Predicate = true> <Delay = 0.00>
ST_3 : Operation 75 [1/1] (0.00ns)   --->   "%p_ZZN4nnet24compute_output_buffer_2dINS_5arrayI8ap_fixedILi8ELi1EL9ap_q_mode4EL9a_30 = phi i8 %p_ZZN4nnet24compute_output_buffer_2dINS_5arrayI8ap_fixedILi8ELi1EL9ap_q_mode4EL9a_53, void %rewind_init, i8 %p_ZZN4nnet24compute_output_buffer_2dINS_5arrayI8ap_fixedILi8ELi1EL9ap_q_mode4EL9a_60, void %rewind_header"   --->   Operation 75 'phi' 'p_ZZN4nnet24compute_output_buffer_2dINS_5arrayI8ap_fixedILi8ELi1EL9ap_q_mode4EL9a_30' <Predicate = true> <Delay = 0.00>
ST_3 : Operation 76 [1/1] (0.00ns)   --->   "%p_ZZN4nnet24compute_output_buffer_2dINS_5arrayI8ap_fixedILi8ELi1EL9ap_q_mode4EL9a_31 = phi i8 %p_ZZN4nnet24compute_output_buffer_2dINS_5arrayI8ap_fixedILi8ELi1EL9ap_q_mode4EL9a_52, void %rewind_init, i8 %p_ZZN4nnet24compute_output_buffer_2dINS_5arrayI8ap_fixedILi8ELi1EL9ap_q_mode4EL9a_61, void %rewind_header"   --->   Operation 76 'phi' 'p_ZZN4nnet24compute_output_buffer_2dINS_5arrayI8ap_fixedILi8ELi1EL9ap_q_mode4EL9a_31' <Predicate = true> <Delay = 0.00>
ST_3 : Operation 77 [1/1] (0.00ns)   --->   "%p_ZZN4nnet24compute_output_buffer_2dINS_5arrayI8ap_fixedILi8ELi1EL9ap_q_mode4EL9a_32 = phi i8 %p_ZZN4nnet24compute_output_buffer_2dINS_5arrayI8ap_fixedILi8ELi1EL9ap_q_mode4EL9a_51, void %rewind_init, i8 %p_ZZN4nnet24compute_output_buffer_2dINS_5arrayI8ap_fixedILi8ELi1EL9ap_q_mode4EL9a_62, void %rewind_header"   --->   Operation 77 'phi' 'p_ZZN4nnet24compute_output_buffer_2dINS_5arrayI8ap_fixedILi8ELi1EL9ap_q_mode4EL9a_32' <Predicate = true> <Delay = 0.00>
ST_3 : Operation 78 [1/1] (0.00ns)   --->   "%p_ZZN4nnet24compute_output_buffer_2dINS_5arrayI8ap_fixedILi8ELi1EL9ap_q_mode4EL9a_33 = phi i8 %p_ZZN4nnet24compute_output_buffer_2dINS_5arrayI8ap_fixedILi8ELi1EL9ap_q_mode4EL9a_50, void %rewind_init, i8 %p_ZZN4nnet24compute_output_buffer_2dINS_5arrayI8ap_fixedILi8ELi1EL9ap_q_mode4EL9a_63, void %rewind_header"   --->   Operation 78 'phi' 'p_ZZN4nnet24compute_output_buffer_2dINS_5arrayI8ap_fixedILi8ELi1EL9ap_q_mode4EL9a_33' <Predicate = true> <Delay = 0.00>
ST_3 : Operation 79 [1/1] (0.00ns)   --->   "%p_ZZN4nnet24compute_output_buffer_2dINS_5arrayI8ap_fixedILi8ELi1EL9ap_q_mode4EL9a_34 = phi i8 %p_ZZN4nnet24compute_output_buffer_2dINS_5arrayI8ap_fixedILi8ELi1EL9ap_q_mode4EL9a_49, void %rewind_init, i8 %p_ZZN4nnet24compute_output_buffer_2dINS_5arrayI8ap_fixedILi8ELi1EL9ap_q_mode4EL9a_64, void %rewind_header"   --->   Operation 79 'phi' 'p_ZZN4nnet24compute_output_buffer_2dINS_5arrayI8ap_fixedILi8ELi1EL9ap_q_mode4EL9a_34' <Predicate = true> <Delay = 0.00>
ST_3 : Operation 80 [1/1] (0.00ns)   --->   "%p_ZZN4nnet24compute_output_buffer_2dINS_5arrayI8ap_fixedILi8ELi1EL9ap_q_mode4EL9a_35 = phi i8 %p_ZZN4nnet24compute_output_buffer_2dINS_5arrayI8ap_fixedILi8ELi1EL9ap_q_mode4EL9a_48, void %rewind_init, i8 %p_ZZN4nnet24compute_output_buffer_2dINS_5arrayI8ap_fixedILi8ELi1EL9ap_q_mode4EL9a_65, void %rewind_header"   --->   Operation 80 'phi' 'p_ZZN4nnet24compute_output_buffer_2dINS_5arrayI8ap_fixedILi8ELi1EL9ap_q_mode4EL9a_35' <Predicate = true> <Delay = 0.00>
ST_3 : Operation 81 [1/1] (0.00ns)   --->   "%p_ZZN4nnet24compute_output_buffer_2dINS_5arrayI8ap_fixedILi8ELi1EL9ap_q_mode4EL9a_36 = phi i8 %p_ZZN4nnet24compute_output_buffer_2dINS_5arrayI8ap_fixedILi8ELi1EL9ap_q_mode4EL9a_47, void %rewind_init, i8 %p_ZZN4nnet24compute_output_buffer_2dINS_5arrayI8ap_fixedILi8ELi1EL9ap_q_mode4EL9a_66, void %rewind_header"   --->   Operation 81 'phi' 'p_ZZN4nnet24compute_output_buffer_2dINS_5arrayI8ap_fixedILi8ELi1EL9ap_q_mode4EL9a_36' <Predicate = true> <Delay = 0.00>
ST_3 : Operation 82 [1/1] (0.00ns)   --->   "%p_ZZN4nnet24compute_output_buffer_2dINS_5arrayI8ap_fixedILi8ELi1EL9ap_q_mode4EL9a_37 = phi i8 %p_ZZN4nnet24compute_output_buffer_2dINS_5arrayI8ap_fixedILi8ELi1EL9ap_q_mode4EL9a_46, void %rewind_init, i8 %p_ZZN4nnet24compute_output_buffer_2dINS_5arrayI8ap_fixedILi8ELi1EL9ap_q_mode4EL9a_67, void %rewind_header"   --->   Operation 82 'phi' 'p_ZZN4nnet24compute_output_buffer_2dINS_5arrayI8ap_fixedILi8ELi1EL9ap_q_mode4EL9a_37' <Predicate = true> <Delay = 0.00>
ST_3 : Operation 83 [1/1] (0.00ns)   --->   "%p_ZZN4nnet24compute_output_buffer_2dINS_5arrayI8ap_fixedILi8ELi1EL9ap_q_mode4EL9a_38 = phi i8 %p_ZZN4nnet24compute_output_buffer_2dINS_5arrayI8ap_fixedILi8ELi1EL9ap_q_mode4EL9a_45, void %rewind_init, i8 %p_ZZN4nnet24compute_output_buffer_2dINS_5arrayI8ap_fixedILi8ELi1EL9ap_q_mode4EL9a_68, void %rewind_header"   --->   Operation 83 'phi' 'p_ZZN4nnet24compute_output_buffer_2dINS_5arrayI8ap_fixedILi8ELi1EL9ap_q_mode4EL9a_38' <Predicate = true> <Delay = 0.00>
ST_3 : Operation 84 [1/1] (0.00ns)   --->   "%p_ZZN4nnet24compute_output_buffer_2dINS_5arrayI8ap_fixedILi8ELi1EL9ap_q_mode4EL9a_39 = phi i8 %p_ZZN4nnet24compute_output_buffer_2dINS_5arrayI8ap_fixedILi8ELi1EL9ap_q_mode4EL9a_44, void %rewind_init, i8 %p_ZZN4nnet24compute_output_buffer_2dINS_5arrayI8ap_fixedILi8ELi1EL9ap_q_mode4EL9a_69, void %rewind_header"   --->   Operation 84 'phi' 'p_ZZN4nnet24compute_output_buffer_2dINS_5arrayI8ap_fixedILi8ELi1EL9ap_q_mode4EL9a_39' <Predicate = true> <Delay = 0.00>
ST_3 : Operation 85 [1/1] (0.00ns)   --->   "%p_ZZN4nnet24compute_output_buffer_2dINS_5arrayI8ap_fixedILi8ELi1EL9ap_q_mode4EL9a_40 = phi i8 %p_ZZN4nnet24compute_output_buffer_2dINS_5arrayI8ap_fixedILi8ELi1EL9ap_q_mode4EL9a_43, void %rewind_init, i8 %p_ZZN4nnet24compute_output_buffer_2dINS_5arrayI8ap_fixedILi8ELi1EL9ap_q_mode4EL9a_70, void %rewind_header"   --->   Operation 85 'phi' 'p_ZZN4nnet24compute_output_buffer_2dINS_5arrayI8ap_fixedILi8ELi1EL9ap_q_mode4EL9a_40' <Predicate = true> <Delay = 0.00>
ST_3 : Operation 86 [1/1] (0.00ns)   --->   "%p_ZZN4nnet24compute_output_buffer_2dINS_5arrayI8ap_fixedILi8ELi1EL9ap_q_mode4EL9a_41 = phi i8 %p_ZZN4nnet24compute_output_buffer_2dINS_5arrayI8ap_fixedILi8ELi1EL9ap_q_mode4EL9a_42, void %rewind_init, i8 %p_ZZN4nnet24compute_output_buffer_2dINS_5arrayI8ap_fixedILi8ELi1EL9ap_q_mode4EL9a_71, void %rewind_header"   --->   Operation 86 'phi' 'p_ZZN4nnet24compute_output_buffer_2dINS_5arrayI8ap_fixedILi8ELi1EL9ap_q_mode4EL9a_41' <Predicate = true> <Delay = 0.00>
ST_3 : Operation 87 [1/1] (0.00ns)   --->   "%void_compute_output_buffer_2d_array_const_ap_shift_reg_n_chan_stream_weig_157 = phi i8 %void_compute_output_buffer_2d_array_const_ap_shift_reg_n_chan_stream_weig_176, void %rewind_init, i8 %void_compute_output_buffer_2d_array_const_ap_shift_reg_n_chan_stream_weig_177, void %rewind_header"   --->   Operation 87 'phi' 'void_compute_output_buffer_2d_array_const_ap_shift_reg_n_chan_stream_weig_157' <Predicate = true> <Delay = 0.00>
ST_3 : Operation 88 [1/1] (0.00ns)   --->   "%void_compute_output_buffer_2d_array_const_ap_shift_reg_n_chan_stream_weig_158 = phi i8 %void_compute_output_buffer_2d_array_const_ap_shift_reg_n_chan_stream_weig_175, void %rewind_init, i8 %void_compute_output_buffer_2d_array_const_ap_shift_reg_n_chan_stream_weig_178, void %rewind_header"   --->   Operation 88 'phi' 'void_compute_output_buffer_2d_array_const_ap_shift_reg_n_chan_stream_weig_158' <Predicate = true> <Delay = 0.00>
ST_3 : Operation 89 [1/1] (0.00ns)   --->   "%void_compute_output_buffer_2d_array_const_ap_shift_reg_n_chan_stream_weig_159 = phi i8 %void_compute_output_buffer_2d_array_const_ap_shift_reg_n_chan_stream_weig_174, void %rewind_init, i8 %void_compute_output_buffer_2d_array_const_ap_shift_reg_n_chan_stream_weig_179, void %rewind_header"   --->   Operation 89 'phi' 'void_compute_output_buffer_2d_array_const_ap_shift_reg_n_chan_stream_weig_159' <Predicate = true> <Delay = 0.00>
ST_3 : Operation 90 [1/1] (0.00ns)   --->   "%void_compute_output_buffer_2d_array_const_ap_shift_reg_n_chan_stream_weig_160 = phi i8 %void_compute_output_buffer_2d_array_const_ap_shift_reg_n_chan_stream_weig_173, void %rewind_init, i8 %void_compute_output_buffer_2d_array_const_ap_shift_reg_n_chan_stream_weig_180, void %rewind_header"   --->   Operation 90 'phi' 'void_compute_output_buffer_2d_array_const_ap_shift_reg_n_chan_stream_weig_160' <Predicate = true> <Delay = 0.00>
ST_3 : Operation 91 [1/1] (0.00ns)   --->   "%void_compute_output_buffer_2d_array_const_ap_shift_reg_n_chan_stream_weig_161 = phi i8 %void_compute_output_buffer_2d_array_const_ap_shift_reg_n_chan_stream_weig_172, void %rewind_init, i8 %void_compute_output_buffer_2d_array_const_ap_shift_reg_n_chan_stream_weig_181, void %rewind_header"   --->   Operation 91 'phi' 'void_compute_output_buffer_2d_array_const_ap_shift_reg_n_chan_stream_weig_161' <Predicate = true> <Delay = 0.00>
ST_3 : Operation 92 [1/1] (0.00ns)   --->   "%void_compute_output_buffer_2d_array_const_ap_shift_reg_n_chan_stream_weig_162 = phi i8 %void_compute_output_buffer_2d_array_const_ap_shift_reg_n_chan_stream_weig_171, void %rewind_init, i8 %void_compute_output_buffer_2d_array_const_ap_shift_reg_n_chan_stream_weig_182, void %rewind_header"   --->   Operation 92 'phi' 'void_compute_output_buffer_2d_array_const_ap_shift_reg_n_chan_stream_weig_162' <Predicate = true> <Delay = 0.00>
ST_3 : Operation 93 [1/1] (0.00ns)   --->   "%void_compute_output_buffer_2d_array_const_ap_shift_reg_n_chan_stream_weig_163 = phi i8 %void_compute_output_buffer_2d_array_const_ap_shift_reg_n_chan_stream_weig_170, void %rewind_init, i8 %void_compute_output_buffer_2d_array_const_ap_shift_reg_n_chan_stream_weig_183, void %rewind_header"   --->   Operation 93 'phi' 'void_compute_output_buffer_2d_array_const_ap_shift_reg_n_chan_stream_weig_163' <Predicate = true> <Delay = 0.00>
ST_3 : Operation 94 [1/1] (0.00ns)   --->   "%void_compute_output_buffer_2d_array_const_ap_shift_reg_n_chan_stream_weig_164 = phi i8 %void_compute_output_buffer_2d_array_const_ap_shift_reg_n_chan_stream_weig_169, void %rewind_init, i8 %void_compute_output_buffer_2d_array_const_ap_shift_reg_n_chan_stream_weig_184, void %rewind_header"   --->   Operation 94 'phi' 'void_compute_output_buffer_2d_array_const_ap_shift_reg_n_chan_stream_weig_164' <Predicate = true> <Delay = 0.00>
ST_3 : Operation 95 [1/1] (0.00ns)   --->   "%void_compute_output_buffer_2d_array_const_ap_shift_reg_n_chan_stream_weig_165 = phi i8 %void_compute_output_buffer_2d_array_const_ap_shift_reg_n_chan_stream_weig_168, void %rewind_init, i8 %void_compute_output_buffer_2d_array_const_ap_shift_reg_n_chan_stream_weig_185, void %rewind_header"   --->   Operation 95 'phi' 'void_compute_output_buffer_2d_array_const_ap_shift_reg_n_chan_stream_weig_165' <Predicate = true> <Delay = 0.00>
ST_3 : Operation 96 [1/1] (0.00ns)   --->   "%void_compute_output_buffer_2d_array_const_ap_shift_reg_n_chan_stream_weig_166 = phi i8 %void_compute_output_buffer_2d_array_const_ap_shift_reg_n_chan_stream_weig_167, void %rewind_init, i8 %void_compute_output_buffer_2d_array_const_ap_shift_reg_n_chan_stream_weig_186, void %rewind_header"   --->   Operation 96 'phi' 'void_compute_output_buffer_2d_array_const_ap_shift_reg_n_chan_stream_weig_166' <Predicate = true> <Delay = 0.00>
ST_3 : Operation 97 [1/1] (0.00ns)   --->   "%trunc_ln135 = trunc i32 %in_index14" [firmware/nnet_utils/nnet_dense_resource.h:135]   --->   Operation 97 'trunc' 'trunc_ln135' <Predicate = true> <Delay = 0.00>
ST_3 : Operation 98 [1/1] (0.00ns)   --->   "%specpipeline_ln136 = specpipeline void @_ssdm_op_SpecPipeline, i32 1, i32 0, i32 0, i32 1, void @empty_1" [firmware/nnet_utils/nnet_dense_resource.h:136]   --->   Operation 98 'specpipeline' 'specpipeline_ln136' <Predicate = true> <Delay = 0.00>
ST_3 : Operation 99 [1/1] (0.00ns)   --->   "%speclooptripcount_ln110 = speclooptripcount void @_ssdm_op_SpecLoopTripCount, i64 50, i64 50, i64 50" [firmware/nnet_utils/nnet_dense_resource.h:110]   --->   Operation 99 'speclooptripcount' 'speclooptripcount_ln110' <Predicate = true> <Delay = 0.00>
ST_3 : Operation 100 [1/1] (0.00ns)   --->   "%specloopname_ln135 = specloopname void @_ssdm_op_SpecLoopName, void @empty_5" [firmware/nnet_utils/nnet_dense_resource.h:135]   --->   Operation 100 'specloopname' 'specloopname_ln135' <Predicate = true> <Delay = 0.00>
ST_3 : Operation 101 [1/2] ( I:2.15ns O:2.15ns )   --->   "%out_index = load i6 %outidx_addr" [firmware/nnet_utils/nnet_dense_resource.h:139]   --->   Operation 101 'load' 'out_index' <Predicate = true> <Delay = 2.15> <CoreInst = "ROM">   --->   Core 94 'ROM' <Latency = 1> <II = 1> <Delay = 2.15> <Storage> <Opcode : 'load'> <Ports = 0> <Width = 1> <Depth = 50> <ROM>
ST_3 : Operation 102 [1/1] (3.03ns)   --->   "%a = sparsemux i8 @_ssdm_op_SparseMux.ap_auto.25i8.i8.i5, i5 0, i8 %void_compute_output_buffer_2d_array_const_ap_shift_reg_n_chan_stream_weig_166, i5 1, i8 %void_compute_output_buffer_2d_array_const_ap_shift_reg_n_chan_stream_weig_165, i5 2, i8 %void_compute_output_buffer_2d_array_const_ap_shift_reg_n_chan_stream_weig_164, i5 3, i8 %void_compute_output_buffer_2d_array_const_ap_shift_reg_n_chan_stream_weig_163, i5 4, i8 %void_compute_output_buffer_2d_array_const_ap_shift_reg_n_chan_stream_weig_162, i5 5, i8 %void_compute_output_buffer_2d_array_const_ap_shift_reg_n_chan_stream_weig_161, i5 6, i8 %void_compute_output_buffer_2d_array_const_ap_shift_reg_n_chan_stream_weig_160, i5 7, i8 %void_compute_output_buffer_2d_array_const_ap_shift_reg_n_chan_stream_weig_159, i5 8, i8 %void_compute_output_buffer_2d_array_const_ap_shift_reg_n_chan_stream_weig_158, i5 9, i8 %void_compute_output_buffer_2d_array_const_ap_shift_reg_n_chan_stream_weig_157, i5 10, i8 %p_ZZN4nnet24compute_output_buffer_2dINS_5arrayI8ap_fixedILi8ELi1EL9ap_q_mode4EL9a_41, i5 11, i8 %p_ZZN4nnet24compute_output_buffer_2dINS_5arrayI8ap_fixedILi8ELi1EL9ap_q_mode4EL9a_40, i5 12, i8 %p_ZZN4nnet24compute_output_buffer_2dINS_5arrayI8ap_fixedILi8ELi1EL9ap_q_mode4EL9a_39, i5 13, i8 %p_ZZN4nnet24compute_output_buffer_2dINS_5arrayI8ap_fixedILi8ELi1EL9ap_q_mode4EL9a_38, i5 14, i8 %p_ZZN4nnet24compute_output_buffer_2dINS_5arrayI8ap_fixedILi8ELi1EL9ap_q_mode4EL9a_37, i5 15, i8 %p_ZZN4nnet24compute_output_buffer_2dINS_5arrayI8ap_fixedILi8ELi1EL9ap_q_mode4EL9a_36, i5 16, i8 %p_ZZN4nnet24compute_output_buffer_2dINS_5arrayI8ap_fixedILi8ELi1EL9ap_q_mode4EL9a_35, i5 17, i8 %p_ZZN4nnet24compute_output_buffer_2dINS_5arrayI8ap_fixedILi8ELi1EL9ap_q_mode4EL9a_34, i5 18, i8 %p_ZZN4nnet24compute_output_buffer_2dINS_5arrayI8ap_fixedILi8ELi1EL9ap_q_mode4EL9a_33, i5 19, i8 %p_ZZN4nnet24compute_output_buffer_2dINS_5arrayI8ap_fixedILi8ELi1EL9ap_q_mode4EL9a_32, i5 20, i8 %p_ZZN4nnet24compute_output_buffer_2dINS_5arrayI8ap_fixedILi8ELi1EL9ap_q_mode4EL9a_31, i5 21, i8 %p_ZZN4nnet24compute_output_buffer_2dINS_5arrayI8ap_fixedILi8ELi1EL9ap_q_mode4EL9a_30, i5 22, i8 %p_ZZN4nnet24compute_output_buffer_2dINS_5arrayI8ap_fixedILi8ELi1EL9ap_q_mode4EL9a_29, i5 23, i8 %p_ZZN4nnet24compute_output_buffer_2dINS_5arrayI8ap_fixedILi8ELi1EL9ap_q_mode4EL9a_28, i5 24, i8 %p_ZZN4nnet24compute_output_buffer_2dINS_5arrayI8ap_fixedILi8ELi1EL9ap_q_mode4EL9a_27, i8 0, i5 %trunc_ln135" [firmware/nnet_utils/nnet_dense_resource.h:135]   --->   Operation 102 'sparsemux' 'a' <Predicate = true> <Delay = 3.03> <CoreInst = "BinarySparseMux_DontCare">   --->   Core 137 'BinarySparseMux_DontCare' <Latency = 0> <II = 1> <Delay = 3.03> <FuncUnit> <Opcode : 'sparsemux'> <InPorts = 2> <OutPorts = 1>
ST_3 : Operation 103 [1/1] (0.00ns)   --->   "%sext_ln145 = sext i8 %a" [firmware/nnet_utils/nnet_dense_resource.h:145]   --->   Operation 103 'sext' 'sext_ln145' <Predicate = true> <Delay = 0.00>
ST_3 : Operation 104 [1/2] ( I:3.25ns O:3.25ns )   --->   "%w = load i6 %w3_addr" [firmware/nnet_utils/nnet_dense_resource.h:145]   --->   Operation 104 'load' 'w' <Predicate = true> <Delay = 3.25> <CoreInst = "ROM_nP_BRAM">   --->   Core 102 'ROM_nP_BRAM' <Latency = 1> <II = 1> <Delay = 3.25> <Storage> <Opcode : 'load'> <Ports = 0> <Width = 5> <Depth = 50> <ROM>
ST_3 : Operation 105 [1/1] (0.00ns)   --->   "%sext_ln73 = sext i5 %w" [firmware/nnet_utils/nnet_mult.h:73->firmware/nnet_utils/nnet_dense_resource.h:145]   --->   Operation 105 'sext' 'sext_ln73' <Predicate = true> <Delay = 0.00>
ST_3 : Operation 106 [1/1] (3.36ns) (grouped into DSP with root node add_ln144)   --->   "%mul_ln73 = mul i13 %sext_ln145, i13 %sext_ln73" [firmware/nnet_utils/nnet_mult.h:73->firmware/nnet_utils/nnet_dense_resource.h:145]   --->   Operation 106 'mul' 'mul_ln73' <Predicate = true> <Delay = 3.36> <CoreInst = "DSP48">   --->   Core 116 'DSP48' <Latency = 0> <II = 1> <Delay = 7.18> <IPBlock> <Opcode : '' 'add' 'sub' 'mul' 'select'> <InPorts = 0> <OutPorts = 1> <Sync> <CReg>
ST_3 : Operation 107 [1/1] (1.39ns)   --->   "%select_ln144 = select i1 %out_index, i20 %acc_110, i20 %acc12" [firmware/nnet_utils/nnet_dense_resource.h:144]   --->   Operation 107 'select' 'select_ln144' <Predicate = true> <Delay = 1.39> <CoreInst = "Sel">   --->   Core 73 'Sel' <Latency = 0> <II = 1> <Delay = 1.39> <FuncUnit> <Opcode : 'select'> <InPorts = 3> <OutPorts = 1>
ST_3 : Operation 108 [1/1] (0.00ns)   --->   "%sext_ln144 = sext i20 %select_ln144" [firmware/nnet_utils/nnet_dense_resource.h:144]   --->   Operation 108 'sext' 'sext_ln144' <Predicate = true> <Delay = 0.00>
ST_3 : Operation 109 [1/1] (0.00ns) (grouped into DSP with root node add_ln144)   --->   "%sext_ln144_1 = sext i13 %mul_ln73" [firmware/nnet_utils/nnet_dense_resource.h:144]   --->   Operation 109 'sext' 'sext_ln144_1' <Predicate = true> <Delay = 0.00>
ST_3 : Operation 110 [1/1] (3.82ns) (root node of the DSP)   --->   "%add_ln144 = add i21 %sext_ln144, i21 %sext_ln144_1" [firmware/nnet_utils/nnet_dense_resource.h:144]   --->   Operation 110 'add' 'add_ln144' <Predicate = true> <Delay = 3.82> <CoreInst = "DSP48">   --->   Core 116 'DSP48' <Latency = 0> <II = 1> <Delay = 7.18> <IPBlock> <Opcode : '' 'add' 'sub' 'mul' 'select'> <InPorts = 0> <OutPorts = 1> <Sync> <CReg>
ST_3 : Operation 111 [1/1] (2.31ns)   --->   "%icmp_ln144 = icmp_eq  i21 %add_ln144, i21 0" [firmware/nnet_utils/nnet_dense_resource.h:144]   --->   Operation 111 'icmp' 'icmp_ln144' <Predicate = true> <Delay = 2.31> <CoreInst = "Cmp">   --->   Core 9 'Cmp' <Latency = 0> <II = 1> <Delay = 2.31> <FuncUnit> <Opcode : 'seteq' 'setne' 'setle' 'setge' 'setlt' 'setgt'> <InPorts = 2> <OutPorts = 1>
ST_3 : Operation 112 [1/1] (1.39ns)   --->   "%select_ln144_1 = select i1 %out_index, i20 0, i20 %acc_110" [firmware/nnet_utils/nnet_dense_resource.h:144]   --->   Operation 112 'select' 'select_ln144_1' <Predicate = true> <Delay = 1.39> <CoreInst = "Sel">   --->   Core 73 'Sel' <Latency = 0> <II = 1> <Delay = 1.39> <FuncUnit> <Opcode : 'select'> <InPorts = 3> <OutPorts = 1>
ST_3 : Operation 113 [1/1] (1.39ns)   --->   "%select_ln144_2 = select i1 %out_index, i20 %acc12, i20 0" [firmware/nnet_utils/nnet_dense_resource.h:144]   --->   Operation 113 'select' 'select_ln144_2' <Predicate = true> <Delay = 1.39> <CoreInst = "Sel">   --->   Core 73 'Sel' <Latency = 0> <II = 1> <Delay = 1.39> <FuncUnit> <Opcode : 'select'> <InPorts = 3> <OutPorts = 1>
ST_3 : Operation 114 [1/1] (1.39ns)   --->   "%acc_3 = select i1 %icmp_ln144, i20 %select_ln144_1, i20 %acc_110" [firmware/nnet_utils/nnet_dense_resource.h:144]   --->   Operation 114 'select' 'acc_3' <Predicate = true> <Delay = 1.39> <CoreInst = "Sel">   --->   Core 73 'Sel' <Latency = 0> <II = 1> <Delay = 1.39> <FuncUnit> <Opcode : 'select'> <InPorts = 3> <OutPorts = 1>
ST_3 : Operation 115 [1/1] (1.39ns)   --->   "%acc_2 = select i1 %icmp_ln144, i20 %select_ln144_2, i20 %acc12" [firmware/nnet_utils/nnet_dense_resource.h:144]   --->   Operation 115 'select' 'acc_2' <Predicate = true> <Delay = 1.39> <CoreInst = "Sel">   --->   Core 73 'Sel' <Latency = 0> <II = 1> <Delay = 1.39> <FuncUnit> <Opcode : 'select'> <InPorts = 3> <OutPorts = 1>
ST_3 : Operation 116 [1/1] (0.00ns)   --->   "%acc = trunc i21 %add_ln144" [firmware/nnet_utils/nnet_dense_resource.h:144]   --->   Operation 116 'trunc' 'acc' <Predicate = true> <Delay = 0.00>
ST_3 : Operation 117 [1/1] (1.39ns)   --->   "%acc_5 = select i1 %out_index, i20 %acc, i20 %acc_3" [firmware/nnet_utils/nnet_dense_resource.h:144]   --->   Operation 117 'select' 'acc_5' <Predicate = true> <Delay = 1.39> <CoreInst = "Sel">   --->   Core 73 'Sel' <Latency = 0> <II = 1> <Delay = 1.39> <FuncUnit> <Opcode : 'select'> <InPorts = 3> <OutPorts = 1>
ST_3 : Operation 118 [1/1] (1.39ns)   --->   "%acc_4 = select i1 %out_index, i20 %acc_2, i20 %acc" [firmware/nnet_utils/nnet_dense_resource.h:144]   --->   Operation 118 'select' 'acc_4' <Predicate = true> <Delay = 1.39> <CoreInst = "Sel">   --->   Core 73 'Sel' <Latency = 0> <II = 1> <Delay = 1.39> <FuncUnit> <Opcode : 'select'> <InPorts = 3> <OutPorts = 1>
ST_3 : Operation 119 [1/1] (2.70ns)   --->   "%in_index_1 = add i32 %in_index14, i32 1" [firmware/nnet_utils/nnet_dense_resource.h:153]   --->   Operation 119 'add' 'in_index_1' <Predicate = true> <Delay = 2.70> <CoreInst = "Adder">   --->   Core 1 'Adder' <Latency = 0> <II = 1> <Delay = 2.70> <FuncUnit> <Opcode : 'add' 'sub'> <InPorts = 2> <OutPorts = 1>
ST_3 : Operation 120 [1/1] (2.70ns)   --->   "%icmp_ln154 = icmp_sgt  i32 %in_index_1, i32 24" [firmware/nnet_utils/nnet_dense_resource.h:154]   --->   Operation 120 'icmp' 'icmp_ln154' <Predicate = true> <Delay = 2.70> <CoreInst = "Cmp">   --->   Core 9 'Cmp' <Latency = 0> <II = 1> <Delay = 2.70> <FuncUnit> <Opcode : 'seteq' 'setne' 'setle' 'setge' 'setlt' 'setgt'> <InPorts = 2> <OutPorts = 1>
ST_3 : Operation 121 [1/1] (0.79ns)   --->   "%in_index = select i1 %icmp_ln154, i32 0, i32 %in_index_1" [firmware/nnet_utils/nnet_dense_resource.h:154]   --->   Operation 121 'select' 'in_index' <Predicate = true> <Delay = 0.79> <CoreInst = "Sel">   --->   Core 73 'Sel' <Latency = 0> <II = 1> <Delay = 0.79> <FuncUnit> <Opcode : 'select'> <InPorts = 3> <OutPorts = 1>
ST_3 : Operation 122 [1/1] (0.00ns)   --->   "%mrv_i = insertvalue i40 <undef>, i20 %acc_4" [firmware/nnet_utils/nnet_dense_resource.h:166]   --->   Operation 122 'insertvalue' 'mrv_i' <Predicate = (icmp_ln135)> <Delay = 0.00>
ST_3 : Operation 123 [1/1] (0.00ns)   --->   "%mrv_1_i = insertvalue i40 %mrv_i, i20 %acc_5" [firmware/nnet_utils/nnet_dense_resource.h:166]   --->   Operation 123 'insertvalue' 'mrv_1_i' <Predicate = (icmp_ln135)> <Delay = 0.00>
ST_3 : Operation 124 [1/1] (0.00ns)   --->   "%return_ln166 = return void @_ssdm_op_Return, i40 %mrv_1_i" [firmware/nnet_utils/nnet_dense_resource.h:166]   --->   Operation 124 'return' 'return_ln166' <Predicate = (icmp_ln135)> <Delay = 0.00>


============================================================
+ Verbose Summary: Timing violations
============================================================
Target clock period: 30.000ns, clock uncertainty: 8.100ns.

 <State 1>: 1.610ns
The critical path consists of the following:
	multiplexor before 'phi' operation 1 bit ('do_init') [30]  (1.610 ns)

 <State 2>: 3.257ns
The critical path consists of the following:
	'phi' operation 6 bit ('w_index') with incoming values : ('w_index', firmware/nnet_utils/nnet_dense_resource.h:135) [57]  (0.000 ns)
	'getelementptr' operation 6 bit ('w3_addr', firmware/nnet_utils/nnet_dense_resource.h:145) [124]  (0.000 ns)
	'load' operation 5 bit ('w', firmware/nnet_utils/nnet_dense_resource.h:145) on array 'w3' [125]  (3.257 ns)

 <State 3>: 16.931ns
The critical path consists of the following:
	'phi' operation 8 bit ('p_ZZN4nnet24compute_output_buffer_2dINS_5arrayI8ap_fixedILi8ELi1EL9ap_q_mode4EL9a_57') with incoming values : ('p_ZZN4nnet24compute_output_buffer_2dINS_5arrayI8ap_fixedILi8ELi1EL9ap_q_mode4EL9a_56') [31]  (0.000 ns)
	multiplexor before 'phi' operation 8 bit ('p_ZZN4nnet24compute_output_buffer_2dINS_5arrayI8ap_fixedILi8ELi1EL9ap_q_mode4EL9a_27') with incoming values : ('p_ZZN4nnet24compute_output_buffer_2dINS_5arrayI8ap_fixedILi8ELi1EL9ap_q_mode4EL9a_56') [90]  (1.610 ns)
	'phi' operation 8 bit ('p_ZZN4nnet24compute_output_buffer_2dINS_5arrayI8ap_fixedILi8ELi1EL9ap_q_mode4EL9a_27') with incoming values : ('p_ZZN4nnet24compute_output_buffer_2dINS_5arrayI8ap_fixedILi8ELi1EL9ap_q_mode4EL9a_56') [90]  (0.000 ns)
	'sparsemux' operation 8 bit ('a', firmware/nnet_utils/nnet_dense_resource.h:135) [122]  (3.031 ns)
	'mul' operation 13 bit of DSP[131] ('mul_ln73', firmware/nnet_utils/nnet_mult.h:73->firmware/nnet_utils/nnet_dense_resource.h:145) [127]  (3.360 ns)
	'add' operation 21 bit of DSP[131] ('add_ln144', firmware/nnet_utils/nnet_dense_resource.h:144) [131]  (3.820 ns)
	'icmp' operation 1 bit ('icmp_ln144', firmware/nnet_utils/nnet_dense_resource.h:144) [132]  (2.320 ns)
	'select' operation 20 bit ('acc', firmware/nnet_utils/nnet_dense_resource.h:144) [136]  (1.395 ns)
	'select' operation 20 bit ('acc_4', firmware/nnet_utils/nnet_dense_resource.h:144) [139]  (1.395 ns)
	'insertvalue' operation 40 bit ('mrv_i', firmware/nnet_utils/nnet_dense_resource.h:166) [147]  (0.000 ns)


============================================================
+ Verbose Summary: Binding
============================================================
N/A
* FSMD analyzer results:
  - Output states:
 - Input state : 
  - Chain level:
	State 1
	State 2
	State 3


============================================================
+ Verbose Summary: Datapath Resource usage 
============================================================
N/A
