

================================================================
== Vitis HLS Report for 'dense_resource_rf_leq_nin_ap_ufixed_ap_fixed_19_9_5_3_0_config12_mult_s'
================================================================
* Date:           Sun May  4 16:36:05 2025

* Version:        2024.2 (Build 5238294 on Nov  8 2024)
* Project:        myproject_prj
* Solution:       solution1 (Vivado IP Flow Target)
* Product family: artix7
* Target device:  xc7a35t-cpg236-1


================================================================
== Performance Estimates
================================================================
+ Timing: 
    * Summary: 
    +--------+----------+-----------+------------+
    |  Clock |  Target  | Estimated | Uncertainty|
    +--------+----------+-----------+------------+
    |ap_clk  |  30.00 ns|  11.846 ns|     8.10 ns|
    +--------+----------+-----------+------------+

+ Latency: 
    * Summary: 
    +---------+---------+----------+----------+-----+-----+-------------------------------------------+
    |  Latency (cycles) |  Latency (absolute) |  Interval |                  Pipeline                 |
    |   min   |   max   |    min   |    max   | min | max |                    Type                   |
    +---------+---------+----------+----------+-----+-----+-------------------------------------------+
    |       45|       46|  1.350 us|  1.380 us|   45|   45|  loop rewind stp (delay=0 clock cycles(s))|
    +---------+---------+----------+----------+-----+-----+-------------------------------------------+

    + Detail: 
        * Instance: 
        N/A

        * Loop: 
        +-------------+---------+---------+----------+-----------+-----------+------+----------+
        |             |  Latency (cycles) | Iteration|  Initiation Interval  | Trip |          |
        |  Loop Name  |   min   |   max   |  Latency |  achieved |   target  | Count| Pipelined|
        +-------------+---------+---------+----------+-----------+-----------+------+----------+
        |- ReuseLoop  |       45|       45|         2|          1|          1|    45|       yes|
        +-------------+---------+---------+----------+-----------+-----------+------+----------+

============================================================
+ Verbose Summary: Synthesis Manager
============================================================
InlineROM: 1
ExposeGlobal: 0
============================================================
+ Verbose Summary: CDFG Model
============================================================
IsTopModel: 0
ResetActiveHigh: 1
IsCombinational: 0
IsDatapathOnly: 0
HasWiredReturn: 1
HasMFsm: 2
HasVarLatency: 1
IsPipeline: 0
IsRtlPipelined: 0
IsInstanceOverlapped: 0
IsDontTouch: 0
HasImplIP: 0
IsGatedGlobalClock: 0

+ Individual pipeline summary: 
  * Pipeline-0: initiation interval (II) = 1, depth = 2


============================================================
+ Verbose Summary: Schedule
============================================================
* Number of FSM states : 3
* Pipeline : 1
  Pipeline-0 : II = 1, D = 2, States = { 2 3 }
* Dataflow Pipeline: 0

* FSM state transitions: 
1 --> 2 
2 --> 3 
3 --> 2 

* FSM state operations: 

State 1 <SV = 0> <Delay = 1.61>
ST_1 : Operation 4 [1/1] (1.61ns)   --->   "%br_ln46 = br void %rewind_header" [firmware/nnet_utils/nnet_dense_resource.h:46]   --->   Operation 4 'br' 'br_ln46' <Predicate = true> <Delay = 1.61>

State 2 <SV = 1> <Delay = 3.25>
ST_2 : Operation 5 [1/1] (0.00ns)   --->   "%do_init = phi i1 1, void %entry, i1 0, void %MultLoop.split.i, i1 1, void %dense_resource_rf_leq_nin<ap_ufixed<6, 0, 4, 0, 0>, ap_fixed<19, 9, 5, 3, 0>, config12_mult>.exit"   --->   Operation 5 'phi' 'do_init' <Predicate = true> <Delay = 0.00>
ST_2 : Operation 6 [1/1] (0.00ns)   --->   "%w_index3 = phi i6 0, void %entry, i6 %w_index, void %MultLoop.split.i, i6 0, void %dense_resource_rf_leq_nin<ap_ufixed<6, 0, 4, 0, 0>, ap_fixed<19, 9, 5, 3, 0>, config12_mult>.exit"   --->   Operation 6 'phi' 'w_index3' <Predicate = true> <Delay = 0.00>
ST_2 : Operation 7 [1/1] (0.00ns)   --->   "%specmemcore_ln0 = specmemcore void @_ssdm_op_SpecMemCore, i34 %w12, i64 666, i64 38, i64 18446744073709551615"   --->   Operation 7 'specmemcore' 'specmemcore_ln0' <Predicate = (do_init)> <Delay = 0.00>
ST_2 : Operation 8 [1/1] (0.00ns)   --->   "%void_compute_output_buffer_2d_array_const_ap_shift_reg_n_chan_stream_weig_137 = load i6 %void_compute_output_buffer_2d_array_const_ap_shift_reg_n_chan_stream_weig_9"   --->   Operation 8 'load' 'void_compute_output_buffer_2d_array_const_ap_shift_reg_n_chan_stream_weig_137' <Predicate = (do_init)> <Delay = 0.00>
ST_2 : Operation 9 [1/1] (0.00ns)   --->   "%void_compute_output_buffer_2d_array_const_ap_shift_reg_n_chan_stream_weig_138 = load i6 %void_compute_output_buffer_2d_array_const_ap_shift_reg_n_chan_stream_weig_8"   --->   Operation 9 'load' 'void_compute_output_buffer_2d_array_const_ap_shift_reg_n_chan_stream_weig_138' <Predicate = (do_init)> <Delay = 0.00>
ST_2 : Operation 10 [1/1] (0.00ns)   --->   "%void_compute_output_buffer_2d_array_const_ap_shift_reg_n_chan_stream_weig_139 = load i6 %void_compute_output_buffer_2d_array_const_ap_shift_reg_n_chan_stream_weig_7"   --->   Operation 10 'load' 'void_compute_output_buffer_2d_array_const_ap_shift_reg_n_chan_stream_weig_139' <Predicate = (do_init)> <Delay = 0.00>
ST_2 : Operation 11 [1/1] (0.00ns)   --->   "%void_compute_output_buffer_2d_array_const_ap_shift_reg_n_chan_stream_weig_140 = load i6 %void_compute_output_buffer_2d_array_const_ap_shift_reg_n_chan_stream_weig_6"   --->   Operation 11 'load' 'void_compute_output_buffer_2d_array_const_ap_shift_reg_n_chan_stream_weig_140' <Predicate = (do_init)> <Delay = 0.00>
ST_2 : Operation 12 [1/1] (0.00ns)   --->   "%void_compute_output_buffer_2d_array_const_ap_shift_reg_n_chan_stream_weig_141 = load i6 %void_compute_output_buffer_2d_array_const_ap_shift_reg_n_chan_stream_weig_5"   --->   Operation 12 'load' 'void_compute_output_buffer_2d_array_const_ap_shift_reg_n_chan_stream_weig_141' <Predicate = (do_init)> <Delay = 0.00>
ST_2 : Operation 13 [1/1] (0.00ns)   --->   "%void_compute_output_buffer_2d_array_const_ap_shift_reg_n_chan_stream_weig_142 = load i6 %void_compute_output_buffer_2d_array_const_ap_shift_reg_n_chan_stream_weig_4"   --->   Operation 13 'load' 'void_compute_output_buffer_2d_array_const_ap_shift_reg_n_chan_stream_weig_142' <Predicate = (do_init)> <Delay = 0.00>
ST_2 : Operation 14 [1/1] (0.00ns)   --->   "%void_compute_output_buffer_2d_array_const_ap_shift_reg_n_chan_stream_weig_143 = load i6 %void_compute_output_buffer_2d_array_const_ap_shift_reg_n_chan_stream_weig_3"   --->   Operation 14 'load' 'void_compute_output_buffer_2d_array_const_ap_shift_reg_n_chan_stream_weig_143' <Predicate = (do_init)> <Delay = 0.00>
ST_2 : Operation 15 [1/1] (0.00ns)   --->   "%void_compute_output_buffer_2d_array_const_ap_shift_reg_n_chan_stream_weig_144 = load i6 %void_compute_output_buffer_2d_array_const_ap_shift_reg_n_chan_stream_weig_2"   --->   Operation 15 'load' 'void_compute_output_buffer_2d_array_const_ap_shift_reg_n_chan_stream_weig_144' <Predicate = (do_init)> <Delay = 0.00>
ST_2 : Operation 16 [1/1] (0.00ns)   --->   "%void_compute_output_buffer_2d_array_const_ap_shift_reg_n_chan_stream_weig_145 = load i6 %void_compute_output_buffer_2d_array_const_ap_shift_reg_n_chan_stream_weig_1"   --->   Operation 16 'load' 'void_compute_output_buffer_2d_array_const_ap_shift_reg_n_chan_stream_weig_145' <Predicate = (do_init)> <Delay = 0.00>
ST_2 : Operation 17 [1/1] (0.00ns)   --->   "%void_compute_output_buffer_2d_array_const_ap_shift_reg_n_chan_stream_weig_146 = load i6 %void_compute_output_buffer_2d_array_const_ap_shift_reg_n_chan_stream_weig"   --->   Operation 17 'load' 'void_compute_output_buffer_2d_array_const_ap_shift_reg_n_chan_stream_weig_146' <Predicate = (do_init)> <Delay = 0.00>
ST_2 : Operation 18 [1/1] (0.00ns)   --->   "%p_ZZN4nnet24compute_output_buffer_2dINS_5arrayI9ap_ufixedILi6ELi0EL9ap_q_mode4EL9_785 = load i6 %p_ZZN4nnet24compute_output_buffer_2dINS_5arrayI9ap_ufixedILi6ELi0EL9ap_q_mode4EL9_34"   --->   Operation 18 'load' 'p_ZZN4nnet24compute_output_buffer_2dINS_5arrayI9ap_ufixedILi6ELi0EL9ap_q_mode4EL9_785' <Predicate = (do_init)> <Delay = 0.00>
ST_2 : Operation 19 [1/1] (0.00ns)   --->   "%p_ZZN4nnet24compute_output_buffer_2dINS_5arrayI9ap_ufixedILi6ELi0EL9ap_q_mode4EL9_786 = load i6 %p_ZZN4nnet24compute_output_buffer_2dINS_5arrayI9ap_ufixedILi6ELi0EL9ap_q_mode4EL9_33"   --->   Operation 19 'load' 'p_ZZN4nnet24compute_output_buffer_2dINS_5arrayI9ap_ufixedILi6ELi0EL9ap_q_mode4EL9_786' <Predicate = (do_init)> <Delay = 0.00>
ST_2 : Operation 20 [1/1] (0.00ns)   --->   "%p_ZZN4nnet24compute_output_buffer_2dINS_5arrayI9ap_ufixedILi6ELi0EL9ap_q_mode4EL9_787 = load i6 %p_ZZN4nnet24compute_output_buffer_2dINS_5arrayI9ap_ufixedILi6ELi0EL9ap_q_mode4EL9_32"   --->   Operation 20 'load' 'p_ZZN4nnet24compute_output_buffer_2dINS_5arrayI9ap_ufixedILi6ELi0EL9ap_q_mode4EL9_787' <Predicate = (do_init)> <Delay = 0.00>
ST_2 : Operation 21 [1/1] (0.00ns)   --->   "%p_ZZN4nnet24compute_output_buffer_2dINS_5arrayI9ap_ufixedILi6ELi0EL9ap_q_mode4EL9_788 = load i6 %p_ZZN4nnet24compute_output_buffer_2dINS_5arrayI9ap_ufixedILi6ELi0EL9ap_q_mode4EL9_31"   --->   Operation 21 'load' 'p_ZZN4nnet24compute_output_buffer_2dINS_5arrayI9ap_ufixedILi6ELi0EL9ap_q_mode4EL9_788' <Predicate = (do_init)> <Delay = 0.00>
ST_2 : Operation 22 [1/1] (0.00ns)   --->   "%p_ZZN4nnet24compute_output_buffer_2dINS_5arrayI9ap_ufixedILi6ELi0EL9ap_q_mode4EL9_789 = load i6 %p_ZZN4nnet24compute_output_buffer_2dINS_5arrayI9ap_ufixedILi6ELi0EL9ap_q_mode4EL9_30"   --->   Operation 22 'load' 'p_ZZN4nnet24compute_output_buffer_2dINS_5arrayI9ap_ufixedILi6ELi0EL9ap_q_mode4EL9_789' <Predicate = (do_init)> <Delay = 0.00>
ST_2 : Operation 23 [1/1] (0.00ns)   --->   "%p_ZZN4nnet24compute_output_buffer_2dINS_5arrayI9ap_ufixedILi6ELi0EL9ap_q_mode4EL9_790 = load i6 %p_ZZN4nnet24compute_output_buffer_2dINS_5arrayI9ap_ufixedILi6ELi0EL9ap_q_mode4EL9_29"   --->   Operation 23 'load' 'p_ZZN4nnet24compute_output_buffer_2dINS_5arrayI9ap_ufixedILi6ELi0EL9ap_q_mode4EL9_790' <Predicate = (do_init)> <Delay = 0.00>
ST_2 : Operation 24 [1/1] (0.00ns)   --->   "%p_ZZN4nnet24compute_output_buffer_2dINS_5arrayI9ap_ufixedILi6ELi0EL9ap_q_mode4EL9_791 = load i6 %p_ZZN4nnet24compute_output_buffer_2dINS_5arrayI9ap_ufixedILi6ELi0EL9ap_q_mode4EL9_28"   --->   Operation 24 'load' 'p_ZZN4nnet24compute_output_buffer_2dINS_5arrayI9ap_ufixedILi6ELi0EL9ap_q_mode4EL9_791' <Predicate = (do_init)> <Delay = 0.00>
ST_2 : Operation 25 [1/1] (0.00ns)   --->   "%p_ZZN4nnet24compute_output_buffer_2dINS_5arrayI9ap_ufixedILi6ELi0EL9ap_q_mode4EL9_792 = load i6 %p_ZZN4nnet24compute_output_buffer_2dINS_5arrayI9ap_ufixedILi6ELi0EL9ap_q_mode4EL9_27"   --->   Operation 25 'load' 'p_ZZN4nnet24compute_output_buffer_2dINS_5arrayI9ap_ufixedILi6ELi0EL9ap_q_mode4EL9_792' <Predicate = (do_init)> <Delay = 0.00>
ST_2 : Operation 26 [1/1] (0.00ns)   --->   "%p_ZZN4nnet24compute_output_buffer_2dINS_5arrayI9ap_ufixedILi6ELi0EL9ap_q_mode4EL9_793 = load i6 %p_ZZN4nnet24compute_output_buffer_2dINS_5arrayI9ap_ufixedILi6ELi0EL9ap_q_mode4EL9_26"   --->   Operation 26 'load' 'p_ZZN4nnet24compute_output_buffer_2dINS_5arrayI9ap_ufixedILi6ELi0EL9ap_q_mode4EL9_793' <Predicate = (do_init)> <Delay = 0.00>
ST_2 : Operation 27 [1/1] (0.00ns)   --->   "%p_ZZN4nnet24compute_output_buffer_2dINS_5arrayI9ap_ufixedILi6ELi0EL9ap_q_mode4EL9_794 = load i6 %p_ZZN4nnet24compute_output_buffer_2dINS_5arrayI9ap_ufixedILi6ELi0EL9ap_q_mode4EL9_25"   --->   Operation 27 'load' 'p_ZZN4nnet24compute_output_buffer_2dINS_5arrayI9ap_ufixedILi6ELi0EL9ap_q_mode4EL9_794' <Predicate = (do_init)> <Delay = 0.00>
ST_2 : Operation 28 [1/1] (0.00ns)   --->   "%p_ZZN4nnet24compute_output_buffer_2dINS_5arrayI9ap_ufixedILi6ELi0EL9ap_q_mode4EL9_795 = load i6 %p_ZZN4nnet24compute_output_buffer_2dINS_5arrayI9ap_ufixedILi6ELi0EL9ap_q_mode4EL9_24"   --->   Operation 28 'load' 'p_ZZN4nnet24compute_output_buffer_2dINS_5arrayI9ap_ufixedILi6ELi0EL9ap_q_mode4EL9_795' <Predicate = (do_init)> <Delay = 0.00>
ST_2 : Operation 29 [1/1] (0.00ns)   --->   "%p_ZZN4nnet24compute_output_buffer_2dINS_5arrayI9ap_ufixedILi6ELi0EL9ap_q_mode4EL9_796 = load i6 %p_ZZN4nnet24compute_output_buffer_2dINS_5arrayI9ap_ufixedILi6ELi0EL9ap_q_mode4EL9_23"   --->   Operation 29 'load' 'p_ZZN4nnet24compute_output_buffer_2dINS_5arrayI9ap_ufixedILi6ELi0EL9ap_q_mode4EL9_796' <Predicate = (do_init)> <Delay = 0.00>
ST_2 : Operation 30 [1/1] (0.00ns)   --->   "%p_ZZN4nnet24compute_output_buffer_2dINS_5arrayI9ap_ufixedILi6ELi0EL9ap_q_mode4EL9_797 = load i6 %p_ZZN4nnet24compute_output_buffer_2dINS_5arrayI9ap_ufixedILi6ELi0EL9ap_q_mode4EL9_22"   --->   Operation 30 'load' 'p_ZZN4nnet24compute_output_buffer_2dINS_5arrayI9ap_ufixedILi6ELi0EL9ap_q_mode4EL9_797' <Predicate = (do_init)> <Delay = 0.00>
ST_2 : Operation 31 [1/1] (0.00ns)   --->   "%p_ZZN4nnet24compute_output_buffer_2dINS_5arrayI9ap_ufixedILi6ELi0EL9ap_q_mode4EL9_798 = load i6 %p_ZZN4nnet24compute_output_buffer_2dINS_5arrayI9ap_ufixedILi6ELi0EL9ap_q_mode4EL9_21"   --->   Operation 31 'load' 'p_ZZN4nnet24compute_output_buffer_2dINS_5arrayI9ap_ufixedILi6ELi0EL9ap_q_mode4EL9_798' <Predicate = (do_init)> <Delay = 0.00>
ST_2 : Operation 32 [1/1] (0.00ns)   --->   "%p_ZZN4nnet24compute_output_buffer_2dINS_5arrayI9ap_ufixedILi6ELi0EL9ap_q_mode4EL9_799 = load i6 %p_ZZN4nnet24compute_output_buffer_2dINS_5arrayI9ap_ufixedILi6ELi0EL9ap_q_mode4EL9_20"   --->   Operation 32 'load' 'p_ZZN4nnet24compute_output_buffer_2dINS_5arrayI9ap_ufixedILi6ELi0EL9ap_q_mode4EL9_799' <Predicate = (do_init)> <Delay = 0.00>
ST_2 : Operation 33 [1/1] (0.00ns)   --->   "%p_ZZN4nnet24compute_output_buffer_2dINS_5arrayI9ap_ufixedILi6ELi0EL9ap_q_mode4EL9_800 = load i6 %p_ZZN4nnet24compute_output_buffer_2dINS_5arrayI9ap_ufixedILi6ELi0EL9ap_q_mode4EL9_19"   --->   Operation 33 'load' 'p_ZZN4nnet24compute_output_buffer_2dINS_5arrayI9ap_ufixedILi6ELi0EL9ap_q_mode4EL9_800' <Predicate = (do_init)> <Delay = 0.00>
ST_2 : Operation 34 [1/1] (0.00ns)   --->   "%p_ZZN4nnet24compute_output_buffer_2dINS_5arrayI9ap_ufixedILi6ELi0EL9ap_q_mode4EL9_801 = load i6 %p_ZZN4nnet24compute_output_buffer_2dINS_5arrayI9ap_ufixedILi6ELi0EL9ap_q_mode4EL9_18"   --->   Operation 34 'load' 'p_ZZN4nnet24compute_output_buffer_2dINS_5arrayI9ap_ufixedILi6ELi0EL9ap_q_mode4EL9_801' <Predicate = (do_init)> <Delay = 0.00>
ST_2 : Operation 35 [1/1] (0.00ns)   --->   "%p_ZZN4nnet24compute_output_buffer_2dINS_5arrayI9ap_ufixedILi6ELi0EL9ap_q_mode4EL9_802 = load i6 %p_ZZN4nnet24compute_output_buffer_2dINS_5arrayI9ap_ufixedILi6ELi0EL9ap_q_mode4EL9_17"   --->   Operation 35 'load' 'p_ZZN4nnet24compute_output_buffer_2dINS_5arrayI9ap_ufixedILi6ELi0EL9ap_q_mode4EL9_802' <Predicate = (do_init)> <Delay = 0.00>
ST_2 : Operation 36 [1/1] (0.00ns)   --->   "%p_ZZN4nnet24compute_output_buffer_2dINS_5arrayI9ap_ufixedILi6ELi0EL9ap_q_mode4EL9_803 = load i6 %p_ZZN4nnet24compute_output_buffer_2dINS_5arrayI9ap_ufixedILi6ELi0EL9ap_q_mode4EL9_16"   --->   Operation 36 'load' 'p_ZZN4nnet24compute_output_buffer_2dINS_5arrayI9ap_ufixedILi6ELi0EL9ap_q_mode4EL9_803' <Predicate = (do_init)> <Delay = 0.00>
ST_2 : Operation 37 [1/1] (0.00ns)   --->   "%p_ZZN4nnet24compute_output_buffer_2dINS_5arrayI9ap_ufixedILi6ELi0EL9ap_q_mode4EL9_804 = load i6 %p_ZZN4nnet24compute_output_buffer_2dINS_5arrayI9ap_ufixedILi6ELi0EL9ap_q_mode4EL9_15"   --->   Operation 37 'load' 'p_ZZN4nnet24compute_output_buffer_2dINS_5arrayI9ap_ufixedILi6ELi0EL9ap_q_mode4EL9_804' <Predicate = (do_init)> <Delay = 0.00>
ST_2 : Operation 38 [1/1] (0.00ns)   --->   "%p_ZZN4nnet24compute_output_buffer_2dINS_5arrayI9ap_ufixedILi6ELi0EL9ap_q_mode4EL9_805 = load i6 %p_ZZN4nnet24compute_output_buffer_2dINS_5arrayI9ap_ufixedILi6ELi0EL9ap_q_mode4EL9_14"   --->   Operation 38 'load' 'p_ZZN4nnet24compute_output_buffer_2dINS_5arrayI9ap_ufixedILi6ELi0EL9ap_q_mode4EL9_805' <Predicate = (do_init)> <Delay = 0.00>
ST_2 : Operation 39 [1/1] (0.00ns)   --->   "%p_ZZN4nnet24compute_output_buffer_2dINS_5arrayI9ap_ufixedILi6ELi0EL9ap_q_mode4EL9_806 = load i6 %p_ZZN4nnet24compute_output_buffer_2dINS_5arrayI9ap_ufixedILi6ELi0EL9ap_q_mode4EL9_13"   --->   Operation 39 'load' 'p_ZZN4nnet24compute_output_buffer_2dINS_5arrayI9ap_ufixedILi6ELi0EL9ap_q_mode4EL9_806' <Predicate = (do_init)> <Delay = 0.00>
ST_2 : Operation 40 [1/1] (0.00ns)   --->   "%p_ZZN4nnet24compute_output_buffer_2dINS_5arrayI9ap_ufixedILi6ELi0EL9ap_q_mode4EL9_807 = load i6 %p_ZZN4nnet24compute_output_buffer_2dINS_5arrayI9ap_ufixedILi6ELi0EL9ap_q_mode4EL9_12"   --->   Operation 40 'load' 'p_ZZN4nnet24compute_output_buffer_2dINS_5arrayI9ap_ufixedILi6ELi0EL9ap_q_mode4EL9_807' <Predicate = (do_init)> <Delay = 0.00>
ST_2 : Operation 41 [1/1] (0.00ns)   --->   "%p_ZZN4nnet24compute_output_buffer_2dINS_5arrayI9ap_ufixedILi6ELi0EL9ap_q_mode4EL9_808 = load i6 %p_ZZN4nnet24compute_output_buffer_2dINS_5arrayI9ap_ufixedILi6ELi0EL9ap_q_mode4EL9_11"   --->   Operation 41 'load' 'p_ZZN4nnet24compute_output_buffer_2dINS_5arrayI9ap_ufixedILi6ELi0EL9ap_q_mode4EL9_808' <Predicate = (do_init)> <Delay = 0.00>
ST_2 : Operation 42 [1/1] (0.00ns)   --->   "%p_ZZN4nnet24compute_output_buffer_2dINS_5arrayI9ap_ufixedILi6ELi0EL9ap_q_mode4EL9_809 = load i6 %p_ZZN4nnet24compute_output_buffer_2dINS_5arrayI9ap_ufixedILi6ELi0EL9ap_q_mode4EL9_10"   --->   Operation 42 'load' 'p_ZZN4nnet24compute_output_buffer_2dINS_5arrayI9ap_ufixedILi6ELi0EL9ap_q_mode4EL9_809' <Predicate = (do_init)> <Delay = 0.00>
ST_2 : Operation 43 [1/1] (0.00ns)   --->   "%p_ZZN4nnet24compute_output_buffer_2dINS_5arrayI9ap_ufixedILi6ELi0EL9ap_q_mode4EL9_810 = load i6 %p_ZZN4nnet24compute_output_buffer_2dINS_5arrayI9ap_ufixedILi6ELi0EL9ap_q_mode4EL9_9"   --->   Operation 43 'load' 'p_ZZN4nnet24compute_output_buffer_2dINS_5arrayI9ap_ufixedILi6ELi0EL9ap_q_mode4EL9_810' <Predicate = (do_init)> <Delay = 0.00>
ST_2 : Operation 44 [1/1] (0.00ns)   --->   "%p_ZZN4nnet24compute_output_buffer_2dINS_5arrayI9ap_ufixedILi6ELi0EL9ap_q_mode4EL9_811 = load i6 %p_ZZN4nnet24compute_output_buffer_2dINS_5arrayI9ap_ufixedILi6ELi0EL9ap_q_mode4EL9_8"   --->   Operation 44 'load' 'p_ZZN4nnet24compute_output_buffer_2dINS_5arrayI9ap_ufixedILi6ELi0EL9ap_q_mode4EL9_811' <Predicate = (do_init)> <Delay = 0.00>
ST_2 : Operation 45 [1/1] (0.00ns)   --->   "%p_ZZN4nnet24compute_output_buffer_2dINS_5arrayI9ap_ufixedILi6ELi0EL9ap_q_mode4EL9_812 = load i6 %p_ZZN4nnet24compute_output_buffer_2dINS_5arrayI9ap_ufixedILi6ELi0EL9ap_q_mode4EL9_7"   --->   Operation 45 'load' 'p_ZZN4nnet24compute_output_buffer_2dINS_5arrayI9ap_ufixedILi6ELi0EL9ap_q_mode4EL9_812' <Predicate = (do_init)> <Delay = 0.00>
ST_2 : Operation 46 [1/1] (0.00ns)   --->   "%p_ZZN4nnet24compute_output_buffer_2dINS_5arrayI9ap_ufixedILi6ELi0EL9ap_q_mode4EL9_813 = load i6 %p_ZZN4nnet24compute_output_buffer_2dINS_5arrayI9ap_ufixedILi6ELi0EL9ap_q_mode4EL9_6"   --->   Operation 46 'load' 'p_ZZN4nnet24compute_output_buffer_2dINS_5arrayI9ap_ufixedILi6ELi0EL9ap_q_mode4EL9_813' <Predicate = (do_init)> <Delay = 0.00>
ST_2 : Operation 47 [1/1] (0.00ns)   --->   "%p_ZZN4nnet24compute_output_buffer_2dINS_5arrayI9ap_ufixedILi6ELi0EL9ap_q_mode4EL9_814 = load i6 %p_ZZN4nnet24compute_output_buffer_2dINS_5arrayI9ap_ufixedILi6ELi0EL9ap_q_mode4EL9_5"   --->   Operation 47 'load' 'p_ZZN4nnet24compute_output_buffer_2dINS_5arrayI9ap_ufixedILi6ELi0EL9ap_q_mode4EL9_814' <Predicate = (do_init)> <Delay = 0.00>
ST_2 : Operation 48 [1/1] (0.00ns)   --->   "%p_ZZN4nnet24compute_output_buffer_2dINS_5arrayI9ap_ufixedILi6ELi0EL9ap_q_mode4EL9_815 = load i6 %p_ZZN4nnet24compute_output_buffer_2dINS_5arrayI9ap_ufixedILi6ELi0EL9ap_q_mode4EL9_4"   --->   Operation 48 'load' 'p_ZZN4nnet24compute_output_buffer_2dINS_5arrayI9ap_ufixedILi6ELi0EL9ap_q_mode4EL9_815' <Predicate = (do_init)> <Delay = 0.00>
ST_2 : Operation 49 [1/1] (0.00ns)   --->   "%p_ZZN4nnet24compute_output_buffer_2dINS_5arrayI9ap_ufixedILi6ELi0EL9ap_q_mode4EL9_816 = load i6 %p_ZZN4nnet24compute_output_buffer_2dINS_5arrayI9ap_ufixedILi6ELi0EL9ap_q_mode4EL9_3"   --->   Operation 49 'load' 'p_ZZN4nnet24compute_output_buffer_2dINS_5arrayI9ap_ufixedILi6ELi0EL9ap_q_mode4EL9_816' <Predicate = (do_init)> <Delay = 0.00>
ST_2 : Operation 50 [1/1] (0.00ns)   --->   "%p_ZZN4nnet24compute_output_buffer_2dINS_5arrayI9ap_ufixedILi6ELi0EL9ap_q_mode4EL9_817 = load i6 %p_ZZN4nnet24compute_output_buffer_2dINS_5arrayI9ap_ufixedILi6ELi0EL9ap_q_mode4EL9_2"   --->   Operation 50 'load' 'p_ZZN4nnet24compute_output_buffer_2dINS_5arrayI9ap_ufixedILi6ELi0EL9ap_q_mode4EL9_817' <Predicate = (do_init)> <Delay = 0.00>
ST_2 : Operation 51 [1/1] (0.00ns)   --->   "%p_ZZN4nnet24compute_output_buffer_2dINS_5arrayI9ap_ufixedILi6ELi0EL9ap_q_mode4EL9_818 = load i6 %p_ZZN4nnet24compute_output_buffer_2dINS_5arrayI9ap_ufixedILi6ELi0EL9ap_q_mode4EL9_1"   --->   Operation 51 'load' 'p_ZZN4nnet24compute_output_buffer_2dINS_5arrayI9ap_ufixedILi6ELi0EL9ap_q_mode4EL9_818' <Predicate = (do_init)> <Delay = 0.00>
ST_2 : Operation 52 [1/1] (0.00ns)   --->   "%p_ZZN4nnet24compute_output_buffer_2dINS_5arrayI9ap_ufixedILi6ELi0EL9ap_q_mode4EL9_819 = load i6 %p_ZZN4nnet24compute_output_buffer_2dINS_5arrayI9ap_ufixedILi6ELi0EL9ap_q_mode4EL9"   --->   Operation 52 'load' 'p_ZZN4nnet24compute_output_buffer_2dINS_5arrayI9ap_ufixedILi6ELi0EL9ap_q_mode4EL9_819' <Predicate = (do_init)> <Delay = 0.00>
ST_2 : Operation 53 [1/1] (1.61ns)   --->   "%br_ln46 = br void %MultLoop.split.i" [firmware/nnet_utils/nnet_dense_resource.h:46]   --->   Operation 53 'br' 'br_ln46' <Predicate = (do_init)> <Delay = 1.61>
ST_2 : Operation 54 [1/1] (0.00ns)   --->   "%zext_ln46 = zext i6 %w_index3" [firmware/nnet_utils/nnet_dense_resource.h:46]   --->   Operation 54 'zext' 'zext_ln46' <Predicate = true> <Delay = 0.00>
ST_2 : Operation 55 [1/1] (0.00ns)   --->   "%w12_addr = getelementptr i34 %w12, i64 0, i64 %zext_ln46" [firmware/nnet_utils/nnet_dense_resource.h:59]   --->   Operation 55 'getelementptr' 'w12_addr' <Predicate = true> <Delay = 0.00>
ST_2 : Operation 56 [2/2] (3.25ns)   --->   "%w12_load = load i6 %w12_addr" [firmware/nnet_utils/nnet_dense_resource.h:59]   --->   Operation 56 'load' 'w12_load' <Predicate = true> <Delay = 3.25> <CoreInst = "ROM_nP_BRAM">   --->   Core 102 'ROM_nP_BRAM' <Latency = 1> <II = 1> <Delay = 3.25> <Storage> <Opcode : 'load'> <Ports = 0> <Width = 34> <Depth = 45> <ROM>
ST_2 : Operation 57 [1/1] (1.94ns)   --->   "%w_index = add i6 %w_index3, i6 1" [firmware/nnet_utils/nnet_dense_resource.h:46]   --->   Operation 57 'add' 'w_index' <Predicate = true> <Delay = 1.94> <CoreInst = "Adder">   --->   Core 1 'Adder' <Latency = 0> <II = 1> <Delay = 1.94> <FuncUnit> <Opcode : 'add' 'sub'> <InPorts = 2> <OutPorts = 1>
ST_2 : Operation 58 [1/1] (1.94ns)   --->   "%icmp_ln46 = icmp_eq  i6 %w_index3, i6 44" [firmware/nnet_utils/nnet_dense_resource.h:46]   --->   Operation 58 'icmp' 'icmp_ln46' <Predicate = true> <Delay = 1.94> <CoreInst = "Cmp">   --->   Core 9 'Cmp' <Latency = 0> <II = 1> <Delay = 1.94> <FuncUnit> <Opcode : 'seteq' 'setne' 'setle' 'setge' 'setlt' 'setgt'> <InPorts = 2> <OutPorts = 1>
ST_2 : Operation 59 [1/1] (0.00ns)   --->   "%br_ln46 = br i1 %icmp_ln46, void %rewind_header, void %dense_resource_rf_leq_nin<ap_ufixed<6, 0, 4, 0, 0>, ap_fixed<19, 9, 5, 3, 0>, config12_mult>.exit" [firmware/nnet_utils/nnet_dense_resource.h:46]   --->   Operation 59 'br' 'br_ln46' <Predicate = true> <Delay = 0.00>
ST_2 : Operation 60 [1/1] (0.00ns)   --->   "%br_ln0 = br void %rewind_header"   --->   Operation 60 'br' 'br_ln0' <Predicate = (icmp_ln46)> <Delay = 0.00>

State 3 <SV = 2> <Delay = 11.8>
ST_3 : Operation 61 [1/1] (0.00ns)   --->   "%p_ZZN4nnet24compute_output_buffer_2dINS_5arrayI9ap_ufixedILi6ELi0EL9ap_q_mode4EL9_820 = phi i6 0, void %entry, i6 %p_ZZN4nnet24compute_output_buffer_2dINS_5arrayI9ap_ufixedILi6ELi0EL9ap_q_mode4EL9_750, void %MultLoop.split.i, i6 0, void %dense_resource_rf_leq_nin<ap_ufixed<6, 0, 4, 0, 0>, ap_fixed<19, 9, 5, 3, 0>, config12_mult>.exit"   --->   Operation 61 'phi' 'p_ZZN4nnet24compute_output_buffer_2dINS_5arrayI9ap_ufixedILi6ELi0EL9ap_q_mode4EL9_820' <Predicate = true> <Delay = 0.00>
ST_3 : Operation 62 [1/1] (0.00ns)   --->   "%p_ZZN4nnet24compute_output_buffer_2dINS_5arrayI9ap_ufixedILi6ELi0EL9ap_q_mode4EL9_821 = phi i6 0, void %entry, i6 %p_ZZN4nnet24compute_output_buffer_2dINS_5arrayI9ap_ufixedILi6ELi0EL9ap_q_mode4EL9_751, void %MultLoop.split.i, i6 0, void %dense_resource_rf_leq_nin<ap_ufixed<6, 0, 4, 0, 0>, ap_fixed<19, 9, 5, 3, 0>, config12_mult>.exit"   --->   Operation 62 'phi' 'p_ZZN4nnet24compute_output_buffer_2dINS_5arrayI9ap_ufixedILi6ELi0EL9ap_q_mode4EL9_821' <Predicate = true> <Delay = 0.00>
ST_3 : Operation 63 [1/1] (0.00ns)   --->   "%p_ZZN4nnet24compute_output_buffer_2dINS_5arrayI9ap_ufixedILi6ELi0EL9ap_q_mode4EL9_822 = phi i6 0, void %entry, i6 %p_ZZN4nnet24compute_output_buffer_2dINS_5arrayI9ap_ufixedILi6ELi0EL9ap_q_mode4EL9_752, void %MultLoop.split.i, i6 0, void %dense_resource_rf_leq_nin<ap_ufixed<6, 0, 4, 0, 0>, ap_fixed<19, 9, 5, 3, 0>, config12_mult>.exit"   --->   Operation 63 'phi' 'p_ZZN4nnet24compute_output_buffer_2dINS_5arrayI9ap_ufixedILi6ELi0EL9ap_q_mode4EL9_822' <Predicate = true> <Delay = 0.00>
ST_3 : Operation 64 [1/1] (0.00ns)   --->   "%p_ZZN4nnet24compute_output_buffer_2dINS_5arrayI9ap_ufixedILi6ELi0EL9ap_q_mode4EL9_823 = phi i6 0, void %entry, i6 %p_ZZN4nnet24compute_output_buffer_2dINS_5arrayI9ap_ufixedILi6ELi0EL9ap_q_mode4EL9_753, void %MultLoop.split.i, i6 0, void %dense_resource_rf_leq_nin<ap_ufixed<6, 0, 4, 0, 0>, ap_fixed<19, 9, 5, 3, 0>, config12_mult>.exit"   --->   Operation 64 'phi' 'p_ZZN4nnet24compute_output_buffer_2dINS_5arrayI9ap_ufixedILi6ELi0EL9ap_q_mode4EL9_823' <Predicate = true> <Delay = 0.00>
ST_3 : Operation 65 [1/1] (0.00ns)   --->   "%p_ZZN4nnet24compute_output_buffer_2dINS_5arrayI9ap_ufixedILi6ELi0EL9ap_q_mode4EL9_824 = phi i6 0, void %entry, i6 %p_ZZN4nnet24compute_output_buffer_2dINS_5arrayI9ap_ufixedILi6ELi0EL9ap_q_mode4EL9_754, void %MultLoop.split.i, i6 0, void %dense_resource_rf_leq_nin<ap_ufixed<6, 0, 4, 0, 0>, ap_fixed<19, 9, 5, 3, 0>, config12_mult>.exit"   --->   Operation 65 'phi' 'p_ZZN4nnet24compute_output_buffer_2dINS_5arrayI9ap_ufixedILi6ELi0EL9ap_q_mode4EL9_824' <Predicate = true> <Delay = 0.00>
ST_3 : Operation 66 [1/1] (0.00ns)   --->   "%p_ZZN4nnet24compute_output_buffer_2dINS_5arrayI9ap_ufixedILi6ELi0EL9ap_q_mode4EL9_825 = phi i6 0, void %entry, i6 %p_ZZN4nnet24compute_output_buffer_2dINS_5arrayI9ap_ufixedILi6ELi0EL9ap_q_mode4EL9_755, void %MultLoop.split.i, i6 0, void %dense_resource_rf_leq_nin<ap_ufixed<6, 0, 4, 0, 0>, ap_fixed<19, 9, 5, 3, 0>, config12_mult>.exit"   --->   Operation 66 'phi' 'p_ZZN4nnet24compute_output_buffer_2dINS_5arrayI9ap_ufixedILi6ELi0EL9ap_q_mode4EL9_825' <Predicate = true> <Delay = 0.00>
ST_3 : Operation 67 [1/1] (0.00ns)   --->   "%p_ZZN4nnet24compute_output_buffer_2dINS_5arrayI9ap_ufixedILi6ELi0EL9ap_q_mode4EL9_826 = phi i6 0, void %entry, i6 %p_ZZN4nnet24compute_output_buffer_2dINS_5arrayI9ap_ufixedILi6ELi0EL9ap_q_mode4EL9_756, void %MultLoop.split.i, i6 0, void %dense_resource_rf_leq_nin<ap_ufixed<6, 0, 4, 0, 0>, ap_fixed<19, 9, 5, 3, 0>, config12_mult>.exit"   --->   Operation 67 'phi' 'p_ZZN4nnet24compute_output_buffer_2dINS_5arrayI9ap_ufixedILi6ELi0EL9ap_q_mode4EL9_826' <Predicate = true> <Delay = 0.00>
ST_3 : Operation 68 [1/1] (0.00ns)   --->   "%p_ZZN4nnet24compute_output_buffer_2dINS_5arrayI9ap_ufixedILi6ELi0EL9ap_q_mode4EL9_827 = phi i6 0, void %entry, i6 %p_ZZN4nnet24compute_output_buffer_2dINS_5arrayI9ap_ufixedILi6ELi0EL9ap_q_mode4EL9_757, void %MultLoop.split.i, i6 0, void %dense_resource_rf_leq_nin<ap_ufixed<6, 0, 4, 0, 0>, ap_fixed<19, 9, 5, 3, 0>, config12_mult>.exit"   --->   Operation 68 'phi' 'p_ZZN4nnet24compute_output_buffer_2dINS_5arrayI9ap_ufixedILi6ELi0EL9ap_q_mode4EL9_827' <Predicate = true> <Delay = 0.00>
ST_3 : Operation 69 [1/1] (0.00ns)   --->   "%p_ZZN4nnet24compute_output_buffer_2dINS_5arrayI9ap_ufixedILi6ELi0EL9ap_q_mode4EL9_828 = phi i6 0, void %entry, i6 %p_ZZN4nnet24compute_output_buffer_2dINS_5arrayI9ap_ufixedILi6ELi0EL9ap_q_mode4EL9_758, void %MultLoop.split.i, i6 0, void %dense_resource_rf_leq_nin<ap_ufixed<6, 0, 4, 0, 0>, ap_fixed<19, 9, 5, 3, 0>, config12_mult>.exit"   --->   Operation 69 'phi' 'p_ZZN4nnet24compute_output_buffer_2dINS_5arrayI9ap_ufixedILi6ELi0EL9ap_q_mode4EL9_828' <Predicate = true> <Delay = 0.00>
ST_3 : Operation 70 [1/1] (0.00ns)   --->   "%p_ZZN4nnet24compute_output_buffer_2dINS_5arrayI9ap_ufixedILi6ELi0EL9ap_q_mode4EL9_829 = phi i6 0, void %entry, i6 %p_ZZN4nnet24compute_output_buffer_2dINS_5arrayI9ap_ufixedILi6ELi0EL9ap_q_mode4EL9_759, void %MultLoop.split.i, i6 0, void %dense_resource_rf_leq_nin<ap_ufixed<6, 0, 4, 0, 0>, ap_fixed<19, 9, 5, 3, 0>, config12_mult>.exit"   --->   Operation 70 'phi' 'p_ZZN4nnet24compute_output_buffer_2dINS_5arrayI9ap_ufixedILi6ELi0EL9ap_q_mode4EL9_829' <Predicate = true> <Delay = 0.00>
ST_3 : Operation 71 [1/1] (0.00ns)   --->   "%p_ZZN4nnet24compute_output_buffer_2dINS_5arrayI9ap_ufixedILi6ELi0EL9ap_q_mode4EL9_830 = phi i6 0, void %entry, i6 %p_ZZN4nnet24compute_output_buffer_2dINS_5arrayI9ap_ufixedILi6ELi0EL9ap_q_mode4EL9_760, void %MultLoop.split.i, i6 0, void %dense_resource_rf_leq_nin<ap_ufixed<6, 0, 4, 0, 0>, ap_fixed<19, 9, 5, 3, 0>, config12_mult>.exit"   --->   Operation 71 'phi' 'p_ZZN4nnet24compute_output_buffer_2dINS_5arrayI9ap_ufixedILi6ELi0EL9ap_q_mode4EL9_830' <Predicate = true> <Delay = 0.00>
ST_3 : Operation 72 [1/1] (0.00ns)   --->   "%p_ZZN4nnet24compute_output_buffer_2dINS_5arrayI9ap_ufixedILi6ELi0EL9ap_q_mode4EL9_831 = phi i6 0, void %entry, i6 %p_ZZN4nnet24compute_output_buffer_2dINS_5arrayI9ap_ufixedILi6ELi0EL9ap_q_mode4EL9_761, void %MultLoop.split.i, i6 0, void %dense_resource_rf_leq_nin<ap_ufixed<6, 0, 4, 0, 0>, ap_fixed<19, 9, 5, 3, 0>, config12_mult>.exit"   --->   Operation 72 'phi' 'p_ZZN4nnet24compute_output_buffer_2dINS_5arrayI9ap_ufixedILi6ELi0EL9ap_q_mode4EL9_831' <Predicate = true> <Delay = 0.00>
ST_3 : Operation 73 [1/1] (0.00ns)   --->   "%p_ZZN4nnet24compute_output_buffer_2dINS_5arrayI9ap_ufixedILi6ELi0EL9ap_q_mode4EL9_832 = phi i6 0, void %entry, i6 %p_ZZN4nnet24compute_output_buffer_2dINS_5arrayI9ap_ufixedILi6ELi0EL9ap_q_mode4EL9_762, void %MultLoop.split.i, i6 0, void %dense_resource_rf_leq_nin<ap_ufixed<6, 0, 4, 0, 0>, ap_fixed<19, 9, 5, 3, 0>, config12_mult>.exit"   --->   Operation 73 'phi' 'p_ZZN4nnet24compute_output_buffer_2dINS_5arrayI9ap_ufixedILi6ELi0EL9ap_q_mode4EL9_832' <Predicate = true> <Delay = 0.00>
ST_3 : Operation 74 [1/1] (0.00ns)   --->   "%p_ZZN4nnet24compute_output_buffer_2dINS_5arrayI9ap_ufixedILi6ELi0EL9ap_q_mode4EL9_833 = phi i6 0, void %entry, i6 %p_ZZN4nnet24compute_output_buffer_2dINS_5arrayI9ap_ufixedILi6ELi0EL9ap_q_mode4EL9_763, void %MultLoop.split.i, i6 0, void %dense_resource_rf_leq_nin<ap_ufixed<6, 0, 4, 0, 0>, ap_fixed<19, 9, 5, 3, 0>, config12_mult>.exit"   --->   Operation 74 'phi' 'p_ZZN4nnet24compute_output_buffer_2dINS_5arrayI9ap_ufixedILi6ELi0EL9ap_q_mode4EL9_833' <Predicate = true> <Delay = 0.00>
ST_3 : Operation 75 [1/1] (0.00ns)   --->   "%p_ZZN4nnet24compute_output_buffer_2dINS_5arrayI9ap_ufixedILi6ELi0EL9ap_q_mode4EL9_834 = phi i6 0, void %entry, i6 %p_ZZN4nnet24compute_output_buffer_2dINS_5arrayI9ap_ufixedILi6ELi0EL9ap_q_mode4EL9_764, void %MultLoop.split.i, i6 0, void %dense_resource_rf_leq_nin<ap_ufixed<6, 0, 4, 0, 0>, ap_fixed<19, 9, 5, 3, 0>, config12_mult>.exit"   --->   Operation 75 'phi' 'p_ZZN4nnet24compute_output_buffer_2dINS_5arrayI9ap_ufixedILi6ELi0EL9ap_q_mode4EL9_834' <Predicate = true> <Delay = 0.00>
ST_3 : Operation 76 [1/1] (0.00ns)   --->   "%p_ZZN4nnet24compute_output_buffer_2dINS_5arrayI9ap_ufixedILi6ELi0EL9ap_q_mode4EL9_835 = phi i6 0, void %entry, i6 %p_ZZN4nnet24compute_output_buffer_2dINS_5arrayI9ap_ufixedILi6ELi0EL9ap_q_mode4EL9_765, void %MultLoop.split.i, i6 0, void %dense_resource_rf_leq_nin<ap_ufixed<6, 0, 4, 0, 0>, ap_fixed<19, 9, 5, 3, 0>, config12_mult>.exit"   --->   Operation 76 'phi' 'p_ZZN4nnet24compute_output_buffer_2dINS_5arrayI9ap_ufixedILi6ELi0EL9ap_q_mode4EL9_835' <Predicate = true> <Delay = 0.00>
ST_3 : Operation 77 [1/1] (0.00ns)   --->   "%p_ZZN4nnet24compute_output_buffer_2dINS_5arrayI9ap_ufixedILi6ELi0EL9ap_q_mode4EL9_836 = phi i6 0, void %entry, i6 %p_ZZN4nnet24compute_output_buffer_2dINS_5arrayI9ap_ufixedILi6ELi0EL9ap_q_mode4EL9_766, void %MultLoop.split.i, i6 0, void %dense_resource_rf_leq_nin<ap_ufixed<6, 0, 4, 0, 0>, ap_fixed<19, 9, 5, 3, 0>, config12_mult>.exit"   --->   Operation 77 'phi' 'p_ZZN4nnet24compute_output_buffer_2dINS_5arrayI9ap_ufixedILi6ELi0EL9ap_q_mode4EL9_836' <Predicate = true> <Delay = 0.00>
ST_3 : Operation 78 [1/1] (0.00ns)   --->   "%p_ZZN4nnet24compute_output_buffer_2dINS_5arrayI9ap_ufixedILi6ELi0EL9ap_q_mode4EL9_837 = phi i6 0, void %entry, i6 %p_ZZN4nnet24compute_output_buffer_2dINS_5arrayI9ap_ufixedILi6ELi0EL9ap_q_mode4EL9_767, void %MultLoop.split.i, i6 0, void %dense_resource_rf_leq_nin<ap_ufixed<6, 0, 4, 0, 0>, ap_fixed<19, 9, 5, 3, 0>, config12_mult>.exit"   --->   Operation 78 'phi' 'p_ZZN4nnet24compute_output_buffer_2dINS_5arrayI9ap_ufixedILi6ELi0EL9ap_q_mode4EL9_837' <Predicate = true> <Delay = 0.00>
ST_3 : Operation 79 [1/1] (0.00ns)   --->   "%p_ZZN4nnet24compute_output_buffer_2dINS_5arrayI9ap_ufixedILi6ELi0EL9ap_q_mode4EL9_838 = phi i6 0, void %entry, i6 %p_ZZN4nnet24compute_output_buffer_2dINS_5arrayI9ap_ufixedILi6ELi0EL9ap_q_mode4EL9_768, void %MultLoop.split.i, i6 0, void %dense_resource_rf_leq_nin<ap_ufixed<6, 0, 4, 0, 0>, ap_fixed<19, 9, 5, 3, 0>, config12_mult>.exit"   --->   Operation 79 'phi' 'p_ZZN4nnet24compute_output_buffer_2dINS_5arrayI9ap_ufixedILi6ELi0EL9ap_q_mode4EL9_838' <Predicate = true> <Delay = 0.00>
ST_3 : Operation 80 [1/1] (0.00ns)   --->   "%p_ZZN4nnet24compute_output_buffer_2dINS_5arrayI9ap_ufixedILi6ELi0EL9ap_q_mode4EL9_839 = phi i6 0, void %entry, i6 %p_ZZN4nnet24compute_output_buffer_2dINS_5arrayI9ap_ufixedILi6ELi0EL9ap_q_mode4EL9_769, void %MultLoop.split.i, i6 0, void %dense_resource_rf_leq_nin<ap_ufixed<6, 0, 4, 0, 0>, ap_fixed<19, 9, 5, 3, 0>, config12_mult>.exit"   --->   Operation 80 'phi' 'p_ZZN4nnet24compute_output_buffer_2dINS_5arrayI9ap_ufixedILi6ELi0EL9ap_q_mode4EL9_839' <Predicate = true> <Delay = 0.00>
ST_3 : Operation 81 [1/1] (0.00ns)   --->   "%p_ZZN4nnet24compute_output_buffer_2dINS_5arrayI9ap_ufixedILi6ELi0EL9ap_q_mode4EL9_840 = phi i6 0, void %entry, i6 %p_ZZN4nnet24compute_output_buffer_2dINS_5arrayI9ap_ufixedILi6ELi0EL9ap_q_mode4EL9_770, void %MultLoop.split.i, i6 0, void %dense_resource_rf_leq_nin<ap_ufixed<6, 0, 4, 0, 0>, ap_fixed<19, 9, 5, 3, 0>, config12_mult>.exit"   --->   Operation 81 'phi' 'p_ZZN4nnet24compute_output_buffer_2dINS_5arrayI9ap_ufixedILi6ELi0EL9ap_q_mode4EL9_840' <Predicate = true> <Delay = 0.00>
ST_3 : Operation 82 [1/1] (0.00ns)   --->   "%p_ZZN4nnet24compute_output_buffer_2dINS_5arrayI9ap_ufixedILi6ELi0EL9ap_q_mode4EL9_841 = phi i6 0, void %entry, i6 %p_ZZN4nnet24compute_output_buffer_2dINS_5arrayI9ap_ufixedILi6ELi0EL9ap_q_mode4EL9_771, void %MultLoop.split.i, i6 0, void %dense_resource_rf_leq_nin<ap_ufixed<6, 0, 4, 0, 0>, ap_fixed<19, 9, 5, 3, 0>, config12_mult>.exit"   --->   Operation 82 'phi' 'p_ZZN4nnet24compute_output_buffer_2dINS_5arrayI9ap_ufixedILi6ELi0EL9ap_q_mode4EL9_841' <Predicate = true> <Delay = 0.00>
ST_3 : Operation 83 [1/1] (0.00ns)   --->   "%p_ZZN4nnet24compute_output_buffer_2dINS_5arrayI9ap_ufixedILi6ELi0EL9ap_q_mode4EL9_842 = phi i6 0, void %entry, i6 %p_ZZN4nnet24compute_output_buffer_2dINS_5arrayI9ap_ufixedILi6ELi0EL9ap_q_mode4EL9_772, void %MultLoop.split.i, i6 0, void %dense_resource_rf_leq_nin<ap_ufixed<6, 0, 4, 0, 0>, ap_fixed<19, 9, 5, 3, 0>, config12_mult>.exit"   --->   Operation 83 'phi' 'p_ZZN4nnet24compute_output_buffer_2dINS_5arrayI9ap_ufixedILi6ELi0EL9ap_q_mode4EL9_842' <Predicate = true> <Delay = 0.00>
ST_3 : Operation 84 [1/1] (0.00ns)   --->   "%p_ZZN4nnet24compute_output_buffer_2dINS_5arrayI9ap_ufixedILi6ELi0EL9ap_q_mode4EL9_843 = phi i6 0, void %entry, i6 %p_ZZN4nnet24compute_output_buffer_2dINS_5arrayI9ap_ufixedILi6ELi0EL9ap_q_mode4EL9_773, void %MultLoop.split.i, i6 0, void %dense_resource_rf_leq_nin<ap_ufixed<6, 0, 4, 0, 0>, ap_fixed<19, 9, 5, 3, 0>, config12_mult>.exit"   --->   Operation 84 'phi' 'p_ZZN4nnet24compute_output_buffer_2dINS_5arrayI9ap_ufixedILi6ELi0EL9ap_q_mode4EL9_843' <Predicate = true> <Delay = 0.00>
ST_3 : Operation 85 [1/1] (0.00ns)   --->   "%p_ZZN4nnet24compute_output_buffer_2dINS_5arrayI9ap_ufixedILi6ELi0EL9ap_q_mode4EL9_844 = phi i6 0, void %entry, i6 %p_ZZN4nnet24compute_output_buffer_2dINS_5arrayI9ap_ufixedILi6ELi0EL9ap_q_mode4EL9_774, void %MultLoop.split.i, i6 0, void %dense_resource_rf_leq_nin<ap_ufixed<6, 0, 4, 0, 0>, ap_fixed<19, 9, 5, 3, 0>, config12_mult>.exit"   --->   Operation 85 'phi' 'p_ZZN4nnet24compute_output_buffer_2dINS_5arrayI9ap_ufixedILi6ELi0EL9ap_q_mode4EL9_844' <Predicate = true> <Delay = 0.00>
ST_3 : Operation 86 [1/1] (0.00ns)   --->   "%p_ZZN4nnet24compute_output_buffer_2dINS_5arrayI9ap_ufixedILi6ELi0EL9ap_q_mode4EL9_845 = phi i6 0, void %entry, i6 %p_ZZN4nnet24compute_output_buffer_2dINS_5arrayI9ap_ufixedILi6ELi0EL9ap_q_mode4EL9_775, void %MultLoop.split.i, i6 0, void %dense_resource_rf_leq_nin<ap_ufixed<6, 0, 4, 0, 0>, ap_fixed<19, 9, 5, 3, 0>, config12_mult>.exit"   --->   Operation 86 'phi' 'p_ZZN4nnet24compute_output_buffer_2dINS_5arrayI9ap_ufixedILi6ELi0EL9ap_q_mode4EL9_845' <Predicate = true> <Delay = 0.00>
ST_3 : Operation 87 [1/1] (0.00ns)   --->   "%p_ZZN4nnet24compute_output_buffer_2dINS_5arrayI9ap_ufixedILi6ELi0EL9ap_q_mode4EL9_846 = phi i6 0, void %entry, i6 %p_ZZN4nnet24compute_output_buffer_2dINS_5arrayI9ap_ufixedILi6ELi0EL9ap_q_mode4EL9_776, void %MultLoop.split.i, i6 0, void %dense_resource_rf_leq_nin<ap_ufixed<6, 0, 4, 0, 0>, ap_fixed<19, 9, 5, 3, 0>, config12_mult>.exit"   --->   Operation 87 'phi' 'p_ZZN4nnet24compute_output_buffer_2dINS_5arrayI9ap_ufixedILi6ELi0EL9ap_q_mode4EL9_846' <Predicate = true> <Delay = 0.00>
ST_3 : Operation 88 [1/1] (0.00ns)   --->   "%p_ZZN4nnet24compute_output_buffer_2dINS_5arrayI9ap_ufixedILi6ELi0EL9ap_q_mode4EL9_847 = phi i6 0, void %entry, i6 %p_ZZN4nnet24compute_output_buffer_2dINS_5arrayI9ap_ufixedILi6ELi0EL9ap_q_mode4EL9_777, void %MultLoop.split.i, i6 0, void %dense_resource_rf_leq_nin<ap_ufixed<6, 0, 4, 0, 0>, ap_fixed<19, 9, 5, 3, 0>, config12_mult>.exit"   --->   Operation 88 'phi' 'p_ZZN4nnet24compute_output_buffer_2dINS_5arrayI9ap_ufixedILi6ELi0EL9ap_q_mode4EL9_847' <Predicate = true> <Delay = 0.00>
ST_3 : Operation 89 [1/1] (0.00ns)   --->   "%p_ZZN4nnet24compute_output_buffer_2dINS_5arrayI9ap_ufixedILi6ELi0EL9ap_q_mode4EL9_848 = phi i6 0, void %entry, i6 %p_ZZN4nnet24compute_output_buffer_2dINS_5arrayI9ap_ufixedILi6ELi0EL9ap_q_mode4EL9_778, void %MultLoop.split.i, i6 0, void %dense_resource_rf_leq_nin<ap_ufixed<6, 0, 4, 0, 0>, ap_fixed<19, 9, 5, 3, 0>, config12_mult>.exit"   --->   Operation 89 'phi' 'p_ZZN4nnet24compute_output_buffer_2dINS_5arrayI9ap_ufixedILi6ELi0EL9ap_q_mode4EL9_848' <Predicate = true> <Delay = 0.00>
ST_3 : Operation 90 [1/1] (0.00ns)   --->   "%p_ZZN4nnet24compute_output_buffer_2dINS_5arrayI9ap_ufixedILi6ELi0EL9ap_q_mode4EL9_849 = phi i6 0, void %entry, i6 %p_ZZN4nnet24compute_output_buffer_2dINS_5arrayI9ap_ufixedILi6ELi0EL9ap_q_mode4EL9_779, void %MultLoop.split.i, i6 0, void %dense_resource_rf_leq_nin<ap_ufixed<6, 0, 4, 0, 0>, ap_fixed<19, 9, 5, 3, 0>, config12_mult>.exit"   --->   Operation 90 'phi' 'p_ZZN4nnet24compute_output_buffer_2dINS_5arrayI9ap_ufixedILi6ELi0EL9ap_q_mode4EL9_849' <Predicate = true> <Delay = 0.00>
ST_3 : Operation 91 [1/1] (0.00ns)   --->   "%p_ZZN4nnet24compute_output_buffer_2dINS_5arrayI9ap_ufixedILi6ELi0EL9ap_q_mode4EL9_850 = phi i6 0, void %entry, i6 %p_ZZN4nnet24compute_output_buffer_2dINS_5arrayI9ap_ufixedILi6ELi0EL9ap_q_mode4EL9_780, void %MultLoop.split.i, i6 0, void %dense_resource_rf_leq_nin<ap_ufixed<6, 0, 4, 0, 0>, ap_fixed<19, 9, 5, 3, 0>, config12_mult>.exit"   --->   Operation 91 'phi' 'p_ZZN4nnet24compute_output_buffer_2dINS_5arrayI9ap_ufixedILi6ELi0EL9ap_q_mode4EL9_850' <Predicate = true> <Delay = 0.00>
ST_3 : Operation 92 [1/1] (0.00ns)   --->   "%p_ZZN4nnet24compute_output_buffer_2dINS_5arrayI9ap_ufixedILi6ELi0EL9ap_q_mode4EL9_851 = phi i6 0, void %entry, i6 %p_ZZN4nnet24compute_output_buffer_2dINS_5arrayI9ap_ufixedILi6ELi0EL9ap_q_mode4EL9_781, void %MultLoop.split.i, i6 0, void %dense_resource_rf_leq_nin<ap_ufixed<6, 0, 4, 0, 0>, ap_fixed<19, 9, 5, 3, 0>, config12_mult>.exit"   --->   Operation 92 'phi' 'p_ZZN4nnet24compute_output_buffer_2dINS_5arrayI9ap_ufixedILi6ELi0EL9ap_q_mode4EL9_851' <Predicate = true> <Delay = 0.00>
ST_3 : Operation 93 [1/1] (0.00ns)   --->   "%p_ZZN4nnet24compute_output_buffer_2dINS_5arrayI9ap_ufixedILi6ELi0EL9ap_q_mode4EL9_852 = phi i6 0, void %entry, i6 %p_ZZN4nnet24compute_output_buffer_2dINS_5arrayI9ap_ufixedILi6ELi0EL9ap_q_mode4EL9_782, void %MultLoop.split.i, i6 0, void %dense_resource_rf_leq_nin<ap_ufixed<6, 0, 4, 0, 0>, ap_fixed<19, 9, 5, 3, 0>, config12_mult>.exit"   --->   Operation 93 'phi' 'p_ZZN4nnet24compute_output_buffer_2dINS_5arrayI9ap_ufixedILi6ELi0EL9ap_q_mode4EL9_852' <Predicate = true> <Delay = 0.00>
ST_3 : Operation 94 [1/1] (0.00ns)   --->   "%p_ZZN4nnet24compute_output_buffer_2dINS_5arrayI9ap_ufixedILi6ELi0EL9ap_q_mode4EL9_853 = phi i6 0, void %entry, i6 %p_ZZN4nnet24compute_output_buffer_2dINS_5arrayI9ap_ufixedILi6ELi0EL9ap_q_mode4EL9_783, void %MultLoop.split.i, i6 0, void %dense_resource_rf_leq_nin<ap_ufixed<6, 0, 4, 0, 0>, ap_fixed<19, 9, 5, 3, 0>, config12_mult>.exit"   --->   Operation 94 'phi' 'p_ZZN4nnet24compute_output_buffer_2dINS_5arrayI9ap_ufixedILi6ELi0EL9ap_q_mode4EL9_853' <Predicate = true> <Delay = 0.00>
ST_3 : Operation 95 [1/1] (0.00ns)   --->   "%p_ZZN4nnet24compute_output_buffer_2dINS_5arrayI9ap_ufixedILi6ELi0EL9ap_q_mode4EL9_854 = phi i6 0, void %entry, i6 %p_ZZN4nnet24compute_output_buffer_2dINS_5arrayI9ap_ufixedILi6ELi0EL9ap_q_mode4EL9_784, void %MultLoop.split.i, i6 0, void %dense_resource_rf_leq_nin<ap_ufixed<6, 0, 4, 0, 0>, ap_fixed<19, 9, 5, 3, 0>, config12_mult>.exit"   --->   Operation 95 'phi' 'p_ZZN4nnet24compute_output_buffer_2dINS_5arrayI9ap_ufixedILi6ELi0EL9ap_q_mode4EL9_854' <Predicate = true> <Delay = 0.00>
ST_3 : Operation 96 [1/1] (0.00ns)   --->   "%void_compute_output_buffer_2d_array_const_ap_shift_reg_n_chan_stream_weig_147 = phi i6 0, void %entry, i6 %void_compute_output_buffer_2d_array_const_ap_shift_reg_n_chan_stream_weig_127, void %MultLoop.split.i, i6 0, void %dense_resource_rf_leq_nin<ap_ufixed<6, 0, 4, 0, 0>, ap_fixed<19, 9, 5, 3, 0>, config12_mult>.exit"   --->   Operation 96 'phi' 'void_compute_output_buffer_2d_array_const_ap_shift_reg_n_chan_stream_weig_147' <Predicate = true> <Delay = 0.00>
ST_3 : Operation 97 [1/1] (0.00ns)   --->   "%void_compute_output_buffer_2d_array_const_ap_shift_reg_n_chan_stream_weig_148 = phi i6 0, void %entry, i6 %void_compute_output_buffer_2d_array_const_ap_shift_reg_n_chan_stream_weig_128, void %MultLoop.split.i, i6 0, void %dense_resource_rf_leq_nin<ap_ufixed<6, 0, 4, 0, 0>, ap_fixed<19, 9, 5, 3, 0>, config12_mult>.exit"   --->   Operation 97 'phi' 'void_compute_output_buffer_2d_array_const_ap_shift_reg_n_chan_stream_weig_148' <Predicate = true> <Delay = 0.00>
ST_3 : Operation 98 [1/1] (0.00ns)   --->   "%void_compute_output_buffer_2d_array_const_ap_shift_reg_n_chan_stream_weig_149 = phi i6 0, void %entry, i6 %void_compute_output_buffer_2d_array_const_ap_shift_reg_n_chan_stream_weig_129, void %MultLoop.split.i, i6 0, void %dense_resource_rf_leq_nin<ap_ufixed<6, 0, 4, 0, 0>, ap_fixed<19, 9, 5, 3, 0>, config12_mult>.exit"   --->   Operation 98 'phi' 'void_compute_output_buffer_2d_array_const_ap_shift_reg_n_chan_stream_weig_149' <Predicate = true> <Delay = 0.00>
ST_3 : Operation 99 [1/1] (0.00ns)   --->   "%void_compute_output_buffer_2d_array_const_ap_shift_reg_n_chan_stream_weig_150 = phi i6 0, void %entry, i6 %void_compute_output_buffer_2d_array_const_ap_shift_reg_n_chan_stream_weig_130, void %MultLoop.split.i, i6 0, void %dense_resource_rf_leq_nin<ap_ufixed<6, 0, 4, 0, 0>, ap_fixed<19, 9, 5, 3, 0>, config12_mult>.exit"   --->   Operation 99 'phi' 'void_compute_output_buffer_2d_array_const_ap_shift_reg_n_chan_stream_weig_150' <Predicate = true> <Delay = 0.00>
ST_3 : Operation 100 [1/1] (0.00ns)   --->   "%void_compute_output_buffer_2d_array_const_ap_shift_reg_n_chan_stream_weig_151 = phi i6 0, void %entry, i6 %void_compute_output_buffer_2d_array_const_ap_shift_reg_n_chan_stream_weig_131, void %MultLoop.split.i, i6 0, void %dense_resource_rf_leq_nin<ap_ufixed<6, 0, 4, 0, 0>, ap_fixed<19, 9, 5, 3, 0>, config12_mult>.exit"   --->   Operation 100 'phi' 'void_compute_output_buffer_2d_array_const_ap_shift_reg_n_chan_stream_weig_151' <Predicate = true> <Delay = 0.00>
ST_3 : Operation 101 [1/1] (0.00ns)   --->   "%void_compute_output_buffer_2d_array_const_ap_shift_reg_n_chan_stream_weig_152 = phi i6 0, void %entry, i6 %void_compute_output_buffer_2d_array_const_ap_shift_reg_n_chan_stream_weig_132, void %MultLoop.split.i, i6 0, void %dense_resource_rf_leq_nin<ap_ufixed<6, 0, 4, 0, 0>, ap_fixed<19, 9, 5, 3, 0>, config12_mult>.exit"   --->   Operation 101 'phi' 'void_compute_output_buffer_2d_array_const_ap_shift_reg_n_chan_stream_weig_152' <Predicate = true> <Delay = 0.00>
ST_3 : Operation 102 [1/1] (0.00ns)   --->   "%void_compute_output_buffer_2d_array_const_ap_shift_reg_n_chan_stream_weig_153 = phi i6 0, void %entry, i6 %void_compute_output_buffer_2d_array_const_ap_shift_reg_n_chan_stream_weig_133, void %MultLoop.split.i, i6 0, void %dense_resource_rf_leq_nin<ap_ufixed<6, 0, 4, 0, 0>, ap_fixed<19, 9, 5, 3, 0>, config12_mult>.exit"   --->   Operation 102 'phi' 'void_compute_output_buffer_2d_array_const_ap_shift_reg_n_chan_stream_weig_153' <Predicate = true> <Delay = 0.00>
ST_3 : Operation 103 [1/1] (0.00ns)   --->   "%void_compute_output_buffer_2d_array_const_ap_shift_reg_n_chan_stream_weig_154 = phi i6 0, void %entry, i6 %void_compute_output_buffer_2d_array_const_ap_shift_reg_n_chan_stream_weig_134, void %MultLoop.split.i, i6 0, void %dense_resource_rf_leq_nin<ap_ufixed<6, 0, 4, 0, 0>, ap_fixed<19, 9, 5, 3, 0>, config12_mult>.exit"   --->   Operation 103 'phi' 'void_compute_output_buffer_2d_array_const_ap_shift_reg_n_chan_stream_weig_154' <Predicate = true> <Delay = 0.00>
ST_3 : Operation 104 [1/1] (0.00ns)   --->   "%void_compute_output_buffer_2d_array_const_ap_shift_reg_n_chan_stream_weig_155 = phi i6 0, void %entry, i6 %void_compute_output_buffer_2d_array_const_ap_shift_reg_n_chan_stream_weig_135, void %MultLoop.split.i, i6 0, void %dense_resource_rf_leq_nin<ap_ufixed<6, 0, 4, 0, 0>, ap_fixed<19, 9, 5, 3, 0>, config12_mult>.exit"   --->   Operation 104 'phi' 'void_compute_output_buffer_2d_array_const_ap_shift_reg_n_chan_stream_weig_155' <Predicate = true> <Delay = 0.00>
ST_3 : Operation 105 [1/1] (0.00ns)   --->   "%void_compute_output_buffer_2d_array_const_ap_shift_reg_n_chan_stream_weig_156 = phi i6 0, void %entry, i6 %void_compute_output_buffer_2d_array_const_ap_shift_reg_n_chan_stream_weig_136, void %MultLoop.split.i, i6 0, void %dense_resource_rf_leq_nin<ap_ufixed<6, 0, 4, 0, 0>, ap_fixed<19, 9, 5, 3, 0>, config12_mult>.exit"   --->   Operation 105 'phi' 'void_compute_output_buffer_2d_array_const_ap_shift_reg_n_chan_stream_weig_156' <Predicate = true> <Delay = 0.00>
ST_3 : Operation 106 [1/1] (0.00ns)   --->   "%conv_i_i228_i9 = phi i18 0, void %entry, i18 %add_ln58, void %MultLoop.split.i, i18 0, void %dense_resource_rf_leq_nin<ap_ufixed<6, 0, 4, 0, 0>, ap_fixed<19, 9, 5, 3, 0>, config12_mult>.exit" [firmware/nnet_utils/nnet_dense_resource.h:58]   --->   Operation 106 'phi' 'conv_i_i228_i9' <Predicate = true> <Delay = 0.00>
ST_3 : Operation 107 [1/1] (0.00ns)   --->   "%conv_i_i22_19_i8 = phi i18 0, void %entry, i18 %add_ln58_13, void %MultLoop.split.i, i18 0, void %dense_resource_rf_leq_nin<ap_ufixed<6, 0, 4, 0, 0>, ap_fixed<19, 9, 5, 3, 0>, config12_mult>.exit" [firmware/nnet_utils/nnet_dense_resource.h:58]   --->   Operation 107 'phi' 'conv_i_i22_19_i8' <Predicate = true> <Delay = 0.00>
ST_3 : Operation 108 [1/1] (0.00ns)   --->   "%conv_i_i22_210_i7 = phi i18 0, void %entry, i18 %add_ln58_14, void %MultLoop.split.i, i18 0, void %dense_resource_rf_leq_nin<ap_ufixed<6, 0, 4, 0, 0>, ap_fixed<19, 9, 5, 3, 0>, config12_mult>.exit" [firmware/nnet_utils/nnet_dense_resource.h:58]   --->   Operation 108 'phi' 'conv_i_i22_210_i7' <Predicate = true> <Delay = 0.00>
ST_3 : Operation 109 [1/1] (0.00ns)   --->   "%conv_i_i22_311_i6 = phi i18 0, void %entry, i18 %add_ln58_15, void %MultLoop.split.i, i18 0, void %dense_resource_rf_leq_nin<ap_ufixed<6, 0, 4, 0, 0>, ap_fixed<19, 9, 5, 3, 0>, config12_mult>.exit" [firmware/nnet_utils/nnet_dense_resource.h:58]   --->   Operation 109 'phi' 'conv_i_i22_311_i6' <Predicate = true> <Delay = 0.00>
ST_3 : Operation 110 [1/1] (0.00ns)   --->   "%conv_i_i22_412_i5 = phi i18 0, void %entry, i18 %add_ln58_16, void %MultLoop.split.i, i18 0, void %dense_resource_rf_leq_nin<ap_ufixed<6, 0, 4, 0, 0>, ap_fixed<19, 9, 5, 3, 0>, config12_mult>.exit" [firmware/nnet_utils/nnet_dense_resource.h:58]   --->   Operation 110 'phi' 'conv_i_i22_412_i5' <Predicate = true> <Delay = 0.00>
ST_3 : Operation 111 [1/1] (0.00ns)   --->   "%conv_i_i22_513_i4 = phi i16 0, void %entry, i16 %add_ln58_17, void %MultLoop.split.i, i16 0, void %dense_resource_rf_leq_nin<ap_ufixed<6, 0, 4, 0, 0>, ap_fixed<19, 9, 5, 3, 0>, config12_mult>.exit" [firmware/nnet_utils/nnet_dense_resource.h:58]   --->   Operation 111 'phi' 'conv_i_i22_513_i4' <Predicate = true> <Delay = 0.00>
ST_3 : Operation 112 [1/1] (1.61ns)   --->   "%br_ln0 = br i1 %do_init, void %MultLoop.split.i, void %rewind_init"   --->   Operation 112 'br' 'br_ln0' <Predicate = true> <Delay = 1.61>
ST_3 : Operation 113 [1/1] (0.00ns)   --->   "%p_ZZN4nnet24compute_output_buffer_2dINS_5arrayI9ap_ufixedILi6ELi0EL9ap_q_mode4EL9_750 = phi i6 %p_ZZN4nnet24compute_output_buffer_2dINS_5arrayI9ap_ufixedILi6ELi0EL9ap_q_mode4EL9_819, void %rewind_init, i6 %p_ZZN4nnet24compute_output_buffer_2dINS_5arrayI9ap_ufixedILi6ELi0EL9ap_q_mode4EL9_820, void %rewind_header"   --->   Operation 113 'phi' 'p_ZZN4nnet24compute_output_buffer_2dINS_5arrayI9ap_ufixedILi6ELi0EL9ap_q_mode4EL9_750' <Predicate = true> <Delay = 0.00>
ST_3 : Operation 114 [1/1] (0.00ns)   --->   "%p_ZZN4nnet24compute_output_buffer_2dINS_5arrayI9ap_ufixedILi6ELi0EL9ap_q_mode4EL9_751 = phi i6 %p_ZZN4nnet24compute_output_buffer_2dINS_5arrayI9ap_ufixedILi6ELi0EL9ap_q_mode4EL9_818, void %rewind_init, i6 %p_ZZN4nnet24compute_output_buffer_2dINS_5arrayI9ap_ufixedILi6ELi0EL9ap_q_mode4EL9_821, void %rewind_header"   --->   Operation 114 'phi' 'p_ZZN4nnet24compute_output_buffer_2dINS_5arrayI9ap_ufixedILi6ELi0EL9ap_q_mode4EL9_751' <Predicate = true> <Delay = 0.00>
ST_3 : Operation 115 [1/1] (0.00ns)   --->   "%p_ZZN4nnet24compute_output_buffer_2dINS_5arrayI9ap_ufixedILi6ELi0EL9ap_q_mode4EL9_752 = phi i6 %p_ZZN4nnet24compute_output_buffer_2dINS_5arrayI9ap_ufixedILi6ELi0EL9ap_q_mode4EL9_817, void %rewind_init, i6 %p_ZZN4nnet24compute_output_buffer_2dINS_5arrayI9ap_ufixedILi6ELi0EL9ap_q_mode4EL9_822, void %rewind_header"   --->   Operation 115 'phi' 'p_ZZN4nnet24compute_output_buffer_2dINS_5arrayI9ap_ufixedILi6ELi0EL9ap_q_mode4EL9_752' <Predicate = true> <Delay = 0.00>
ST_3 : Operation 116 [1/1] (0.00ns)   --->   "%p_ZZN4nnet24compute_output_buffer_2dINS_5arrayI9ap_ufixedILi6ELi0EL9ap_q_mode4EL9_753 = phi i6 %p_ZZN4nnet24compute_output_buffer_2dINS_5arrayI9ap_ufixedILi6ELi0EL9ap_q_mode4EL9_816, void %rewind_init, i6 %p_ZZN4nnet24compute_output_buffer_2dINS_5arrayI9ap_ufixedILi6ELi0EL9ap_q_mode4EL9_823, void %rewind_header"   --->   Operation 116 'phi' 'p_ZZN4nnet24compute_output_buffer_2dINS_5arrayI9ap_ufixedILi6ELi0EL9ap_q_mode4EL9_753' <Predicate = true> <Delay = 0.00>
ST_3 : Operation 117 [1/1] (0.00ns)   --->   "%p_ZZN4nnet24compute_output_buffer_2dINS_5arrayI9ap_ufixedILi6ELi0EL9ap_q_mode4EL9_754 = phi i6 %p_ZZN4nnet24compute_output_buffer_2dINS_5arrayI9ap_ufixedILi6ELi0EL9ap_q_mode4EL9_815, void %rewind_init, i6 %p_ZZN4nnet24compute_output_buffer_2dINS_5arrayI9ap_ufixedILi6ELi0EL9ap_q_mode4EL9_824, void %rewind_header"   --->   Operation 117 'phi' 'p_ZZN4nnet24compute_output_buffer_2dINS_5arrayI9ap_ufixedILi6ELi0EL9ap_q_mode4EL9_754' <Predicate = true> <Delay = 0.00>
ST_3 : Operation 118 [1/1] (0.00ns)   --->   "%p_ZZN4nnet24compute_output_buffer_2dINS_5arrayI9ap_ufixedILi6ELi0EL9ap_q_mode4EL9_755 = phi i6 %p_ZZN4nnet24compute_output_buffer_2dINS_5arrayI9ap_ufixedILi6ELi0EL9ap_q_mode4EL9_814, void %rewind_init, i6 %p_ZZN4nnet24compute_output_buffer_2dINS_5arrayI9ap_ufixedILi6ELi0EL9ap_q_mode4EL9_825, void %rewind_header"   --->   Operation 118 'phi' 'p_ZZN4nnet24compute_output_buffer_2dINS_5arrayI9ap_ufixedILi6ELi0EL9ap_q_mode4EL9_755' <Predicate = true> <Delay = 0.00>
ST_3 : Operation 119 [1/1] (0.00ns)   --->   "%p_ZZN4nnet24compute_output_buffer_2dINS_5arrayI9ap_ufixedILi6ELi0EL9ap_q_mode4EL9_756 = phi i6 %p_ZZN4nnet24compute_output_buffer_2dINS_5arrayI9ap_ufixedILi6ELi0EL9ap_q_mode4EL9_813, void %rewind_init, i6 %p_ZZN4nnet24compute_output_buffer_2dINS_5arrayI9ap_ufixedILi6ELi0EL9ap_q_mode4EL9_826, void %rewind_header"   --->   Operation 119 'phi' 'p_ZZN4nnet24compute_output_buffer_2dINS_5arrayI9ap_ufixedILi6ELi0EL9ap_q_mode4EL9_756' <Predicate = true> <Delay = 0.00>
ST_3 : Operation 120 [1/1] (0.00ns)   --->   "%p_ZZN4nnet24compute_output_buffer_2dINS_5arrayI9ap_ufixedILi6ELi0EL9ap_q_mode4EL9_757 = phi i6 %p_ZZN4nnet24compute_output_buffer_2dINS_5arrayI9ap_ufixedILi6ELi0EL9ap_q_mode4EL9_812, void %rewind_init, i6 %p_ZZN4nnet24compute_output_buffer_2dINS_5arrayI9ap_ufixedILi6ELi0EL9ap_q_mode4EL9_827, void %rewind_header"   --->   Operation 120 'phi' 'p_ZZN4nnet24compute_output_buffer_2dINS_5arrayI9ap_ufixedILi6ELi0EL9ap_q_mode4EL9_757' <Predicate = true> <Delay = 0.00>
ST_3 : Operation 121 [1/1] (0.00ns)   --->   "%p_ZZN4nnet24compute_output_buffer_2dINS_5arrayI9ap_ufixedILi6ELi0EL9ap_q_mode4EL9_758 = phi i6 %p_ZZN4nnet24compute_output_buffer_2dINS_5arrayI9ap_ufixedILi6ELi0EL9ap_q_mode4EL9_811, void %rewind_init, i6 %p_ZZN4nnet24compute_output_buffer_2dINS_5arrayI9ap_ufixedILi6ELi0EL9ap_q_mode4EL9_828, void %rewind_header"   --->   Operation 121 'phi' 'p_ZZN4nnet24compute_output_buffer_2dINS_5arrayI9ap_ufixedILi6ELi0EL9ap_q_mode4EL9_758' <Predicate = true> <Delay = 0.00>
ST_3 : Operation 122 [1/1] (0.00ns)   --->   "%p_ZZN4nnet24compute_output_buffer_2dINS_5arrayI9ap_ufixedILi6ELi0EL9ap_q_mode4EL9_759 = phi i6 %p_ZZN4nnet24compute_output_buffer_2dINS_5arrayI9ap_ufixedILi6ELi0EL9ap_q_mode4EL9_810, void %rewind_init, i6 %p_ZZN4nnet24compute_output_buffer_2dINS_5arrayI9ap_ufixedILi6ELi0EL9ap_q_mode4EL9_829, void %rewind_header"   --->   Operation 122 'phi' 'p_ZZN4nnet24compute_output_buffer_2dINS_5arrayI9ap_ufixedILi6ELi0EL9ap_q_mode4EL9_759' <Predicate = true> <Delay = 0.00>
ST_3 : Operation 123 [1/1] (0.00ns)   --->   "%p_ZZN4nnet24compute_output_buffer_2dINS_5arrayI9ap_ufixedILi6ELi0EL9ap_q_mode4EL9_760 = phi i6 %p_ZZN4nnet24compute_output_buffer_2dINS_5arrayI9ap_ufixedILi6ELi0EL9ap_q_mode4EL9_809, void %rewind_init, i6 %p_ZZN4nnet24compute_output_buffer_2dINS_5arrayI9ap_ufixedILi6ELi0EL9ap_q_mode4EL9_830, void %rewind_header"   --->   Operation 123 'phi' 'p_ZZN4nnet24compute_output_buffer_2dINS_5arrayI9ap_ufixedILi6ELi0EL9ap_q_mode4EL9_760' <Predicate = true> <Delay = 0.00>
ST_3 : Operation 124 [1/1] (0.00ns)   --->   "%p_ZZN4nnet24compute_output_buffer_2dINS_5arrayI9ap_ufixedILi6ELi0EL9ap_q_mode4EL9_761 = phi i6 %p_ZZN4nnet24compute_output_buffer_2dINS_5arrayI9ap_ufixedILi6ELi0EL9ap_q_mode4EL9_808, void %rewind_init, i6 %p_ZZN4nnet24compute_output_buffer_2dINS_5arrayI9ap_ufixedILi6ELi0EL9ap_q_mode4EL9_831, void %rewind_header"   --->   Operation 124 'phi' 'p_ZZN4nnet24compute_output_buffer_2dINS_5arrayI9ap_ufixedILi6ELi0EL9ap_q_mode4EL9_761' <Predicate = true> <Delay = 0.00>
ST_3 : Operation 125 [1/1] (0.00ns)   --->   "%p_ZZN4nnet24compute_output_buffer_2dINS_5arrayI9ap_ufixedILi6ELi0EL9ap_q_mode4EL9_762 = phi i6 %p_ZZN4nnet24compute_output_buffer_2dINS_5arrayI9ap_ufixedILi6ELi0EL9ap_q_mode4EL9_807, void %rewind_init, i6 %p_ZZN4nnet24compute_output_buffer_2dINS_5arrayI9ap_ufixedILi6ELi0EL9ap_q_mode4EL9_832, void %rewind_header"   --->   Operation 125 'phi' 'p_ZZN4nnet24compute_output_buffer_2dINS_5arrayI9ap_ufixedILi6ELi0EL9ap_q_mode4EL9_762' <Predicate = true> <Delay = 0.00>
ST_3 : Operation 126 [1/1] (0.00ns)   --->   "%p_ZZN4nnet24compute_output_buffer_2dINS_5arrayI9ap_ufixedILi6ELi0EL9ap_q_mode4EL9_763 = phi i6 %p_ZZN4nnet24compute_output_buffer_2dINS_5arrayI9ap_ufixedILi6ELi0EL9ap_q_mode4EL9_806, void %rewind_init, i6 %p_ZZN4nnet24compute_output_buffer_2dINS_5arrayI9ap_ufixedILi6ELi0EL9ap_q_mode4EL9_833, void %rewind_header"   --->   Operation 126 'phi' 'p_ZZN4nnet24compute_output_buffer_2dINS_5arrayI9ap_ufixedILi6ELi0EL9ap_q_mode4EL9_763' <Predicate = true> <Delay = 0.00>
ST_3 : Operation 127 [1/1] (0.00ns)   --->   "%p_ZZN4nnet24compute_output_buffer_2dINS_5arrayI9ap_ufixedILi6ELi0EL9ap_q_mode4EL9_764 = phi i6 %p_ZZN4nnet24compute_output_buffer_2dINS_5arrayI9ap_ufixedILi6ELi0EL9ap_q_mode4EL9_805, void %rewind_init, i6 %p_ZZN4nnet24compute_output_buffer_2dINS_5arrayI9ap_ufixedILi6ELi0EL9ap_q_mode4EL9_834, void %rewind_header"   --->   Operation 127 'phi' 'p_ZZN4nnet24compute_output_buffer_2dINS_5arrayI9ap_ufixedILi6ELi0EL9ap_q_mode4EL9_764' <Predicate = true> <Delay = 0.00>
ST_3 : Operation 128 [1/1] (0.00ns)   --->   "%p_ZZN4nnet24compute_output_buffer_2dINS_5arrayI9ap_ufixedILi6ELi0EL9ap_q_mode4EL9_765 = phi i6 %p_ZZN4nnet24compute_output_buffer_2dINS_5arrayI9ap_ufixedILi6ELi0EL9ap_q_mode4EL9_804, void %rewind_init, i6 %p_ZZN4nnet24compute_output_buffer_2dINS_5arrayI9ap_ufixedILi6ELi0EL9ap_q_mode4EL9_835, void %rewind_header"   --->   Operation 128 'phi' 'p_ZZN4nnet24compute_output_buffer_2dINS_5arrayI9ap_ufixedILi6ELi0EL9ap_q_mode4EL9_765' <Predicate = true> <Delay = 0.00>
ST_3 : Operation 129 [1/1] (0.00ns)   --->   "%p_ZZN4nnet24compute_output_buffer_2dINS_5arrayI9ap_ufixedILi6ELi0EL9ap_q_mode4EL9_766 = phi i6 %p_ZZN4nnet24compute_output_buffer_2dINS_5arrayI9ap_ufixedILi6ELi0EL9ap_q_mode4EL9_803, void %rewind_init, i6 %p_ZZN4nnet24compute_output_buffer_2dINS_5arrayI9ap_ufixedILi6ELi0EL9ap_q_mode4EL9_836, void %rewind_header"   --->   Operation 129 'phi' 'p_ZZN4nnet24compute_output_buffer_2dINS_5arrayI9ap_ufixedILi6ELi0EL9ap_q_mode4EL9_766' <Predicate = true> <Delay = 0.00>
ST_3 : Operation 130 [1/1] (0.00ns)   --->   "%p_ZZN4nnet24compute_output_buffer_2dINS_5arrayI9ap_ufixedILi6ELi0EL9ap_q_mode4EL9_767 = phi i6 %p_ZZN4nnet24compute_output_buffer_2dINS_5arrayI9ap_ufixedILi6ELi0EL9ap_q_mode4EL9_802, void %rewind_init, i6 %p_ZZN4nnet24compute_output_buffer_2dINS_5arrayI9ap_ufixedILi6ELi0EL9ap_q_mode4EL9_837, void %rewind_header"   --->   Operation 130 'phi' 'p_ZZN4nnet24compute_output_buffer_2dINS_5arrayI9ap_ufixedILi6ELi0EL9ap_q_mode4EL9_767' <Predicate = true> <Delay = 0.00>
ST_3 : Operation 131 [1/1] (0.00ns)   --->   "%p_ZZN4nnet24compute_output_buffer_2dINS_5arrayI9ap_ufixedILi6ELi0EL9ap_q_mode4EL9_768 = phi i6 %p_ZZN4nnet24compute_output_buffer_2dINS_5arrayI9ap_ufixedILi6ELi0EL9ap_q_mode4EL9_801, void %rewind_init, i6 %p_ZZN4nnet24compute_output_buffer_2dINS_5arrayI9ap_ufixedILi6ELi0EL9ap_q_mode4EL9_838, void %rewind_header"   --->   Operation 131 'phi' 'p_ZZN4nnet24compute_output_buffer_2dINS_5arrayI9ap_ufixedILi6ELi0EL9ap_q_mode4EL9_768' <Predicate = true> <Delay = 0.00>
ST_3 : Operation 132 [1/1] (0.00ns)   --->   "%p_ZZN4nnet24compute_output_buffer_2dINS_5arrayI9ap_ufixedILi6ELi0EL9ap_q_mode4EL9_769 = phi i6 %p_ZZN4nnet24compute_output_buffer_2dINS_5arrayI9ap_ufixedILi6ELi0EL9ap_q_mode4EL9_800, void %rewind_init, i6 %p_ZZN4nnet24compute_output_buffer_2dINS_5arrayI9ap_ufixedILi6ELi0EL9ap_q_mode4EL9_839, void %rewind_header"   --->   Operation 132 'phi' 'p_ZZN4nnet24compute_output_buffer_2dINS_5arrayI9ap_ufixedILi6ELi0EL9ap_q_mode4EL9_769' <Predicate = true> <Delay = 0.00>
ST_3 : Operation 133 [1/1] (0.00ns)   --->   "%p_ZZN4nnet24compute_output_buffer_2dINS_5arrayI9ap_ufixedILi6ELi0EL9ap_q_mode4EL9_770 = phi i6 %p_ZZN4nnet24compute_output_buffer_2dINS_5arrayI9ap_ufixedILi6ELi0EL9ap_q_mode4EL9_799, void %rewind_init, i6 %p_ZZN4nnet24compute_output_buffer_2dINS_5arrayI9ap_ufixedILi6ELi0EL9ap_q_mode4EL9_840, void %rewind_header"   --->   Operation 133 'phi' 'p_ZZN4nnet24compute_output_buffer_2dINS_5arrayI9ap_ufixedILi6ELi0EL9ap_q_mode4EL9_770' <Predicate = true> <Delay = 0.00>
ST_3 : Operation 134 [1/1] (0.00ns)   --->   "%p_ZZN4nnet24compute_output_buffer_2dINS_5arrayI9ap_ufixedILi6ELi0EL9ap_q_mode4EL9_771 = phi i6 %p_ZZN4nnet24compute_output_buffer_2dINS_5arrayI9ap_ufixedILi6ELi0EL9ap_q_mode4EL9_798, void %rewind_init, i6 %p_ZZN4nnet24compute_output_buffer_2dINS_5arrayI9ap_ufixedILi6ELi0EL9ap_q_mode4EL9_841, void %rewind_header"   --->   Operation 134 'phi' 'p_ZZN4nnet24compute_output_buffer_2dINS_5arrayI9ap_ufixedILi6ELi0EL9ap_q_mode4EL9_771' <Predicate = true> <Delay = 0.00>
ST_3 : Operation 135 [1/1] (0.00ns)   --->   "%p_ZZN4nnet24compute_output_buffer_2dINS_5arrayI9ap_ufixedILi6ELi0EL9ap_q_mode4EL9_772 = phi i6 %p_ZZN4nnet24compute_output_buffer_2dINS_5arrayI9ap_ufixedILi6ELi0EL9ap_q_mode4EL9_797, void %rewind_init, i6 %p_ZZN4nnet24compute_output_buffer_2dINS_5arrayI9ap_ufixedILi6ELi0EL9ap_q_mode4EL9_842, void %rewind_header"   --->   Operation 135 'phi' 'p_ZZN4nnet24compute_output_buffer_2dINS_5arrayI9ap_ufixedILi6ELi0EL9ap_q_mode4EL9_772' <Predicate = true> <Delay = 0.00>
ST_3 : Operation 136 [1/1] (0.00ns)   --->   "%p_ZZN4nnet24compute_output_buffer_2dINS_5arrayI9ap_ufixedILi6ELi0EL9ap_q_mode4EL9_773 = phi i6 %p_ZZN4nnet24compute_output_buffer_2dINS_5arrayI9ap_ufixedILi6ELi0EL9ap_q_mode4EL9_796, void %rewind_init, i6 %p_ZZN4nnet24compute_output_buffer_2dINS_5arrayI9ap_ufixedILi6ELi0EL9ap_q_mode4EL9_843, void %rewind_header"   --->   Operation 136 'phi' 'p_ZZN4nnet24compute_output_buffer_2dINS_5arrayI9ap_ufixedILi6ELi0EL9ap_q_mode4EL9_773' <Predicate = true> <Delay = 0.00>
ST_3 : Operation 137 [1/1] (0.00ns)   --->   "%p_ZZN4nnet24compute_output_buffer_2dINS_5arrayI9ap_ufixedILi6ELi0EL9ap_q_mode4EL9_774 = phi i6 %p_ZZN4nnet24compute_output_buffer_2dINS_5arrayI9ap_ufixedILi6ELi0EL9ap_q_mode4EL9_795, void %rewind_init, i6 %p_ZZN4nnet24compute_output_buffer_2dINS_5arrayI9ap_ufixedILi6ELi0EL9ap_q_mode4EL9_844, void %rewind_header"   --->   Operation 137 'phi' 'p_ZZN4nnet24compute_output_buffer_2dINS_5arrayI9ap_ufixedILi6ELi0EL9ap_q_mode4EL9_774' <Predicate = true> <Delay = 0.00>
ST_3 : Operation 138 [1/1] (0.00ns)   --->   "%p_ZZN4nnet24compute_output_buffer_2dINS_5arrayI9ap_ufixedILi6ELi0EL9ap_q_mode4EL9_775 = phi i6 %p_ZZN4nnet24compute_output_buffer_2dINS_5arrayI9ap_ufixedILi6ELi0EL9ap_q_mode4EL9_794, void %rewind_init, i6 %p_ZZN4nnet24compute_output_buffer_2dINS_5arrayI9ap_ufixedILi6ELi0EL9ap_q_mode4EL9_845, void %rewind_header"   --->   Operation 138 'phi' 'p_ZZN4nnet24compute_output_buffer_2dINS_5arrayI9ap_ufixedILi6ELi0EL9ap_q_mode4EL9_775' <Predicate = true> <Delay = 0.00>
ST_3 : Operation 139 [1/1] (0.00ns)   --->   "%p_ZZN4nnet24compute_output_buffer_2dINS_5arrayI9ap_ufixedILi6ELi0EL9ap_q_mode4EL9_776 = phi i6 %p_ZZN4nnet24compute_output_buffer_2dINS_5arrayI9ap_ufixedILi6ELi0EL9ap_q_mode4EL9_793, void %rewind_init, i6 %p_ZZN4nnet24compute_output_buffer_2dINS_5arrayI9ap_ufixedILi6ELi0EL9ap_q_mode4EL9_846, void %rewind_header"   --->   Operation 139 'phi' 'p_ZZN4nnet24compute_output_buffer_2dINS_5arrayI9ap_ufixedILi6ELi0EL9ap_q_mode4EL9_776' <Predicate = true> <Delay = 0.00>
ST_3 : Operation 140 [1/1] (0.00ns)   --->   "%p_ZZN4nnet24compute_output_buffer_2dINS_5arrayI9ap_ufixedILi6ELi0EL9ap_q_mode4EL9_777 = phi i6 %p_ZZN4nnet24compute_output_buffer_2dINS_5arrayI9ap_ufixedILi6ELi0EL9ap_q_mode4EL9_792, void %rewind_init, i6 %p_ZZN4nnet24compute_output_buffer_2dINS_5arrayI9ap_ufixedILi6ELi0EL9ap_q_mode4EL9_847, void %rewind_header"   --->   Operation 140 'phi' 'p_ZZN4nnet24compute_output_buffer_2dINS_5arrayI9ap_ufixedILi6ELi0EL9ap_q_mode4EL9_777' <Predicate = true> <Delay = 0.00>
ST_3 : Operation 141 [1/1] (0.00ns)   --->   "%p_ZZN4nnet24compute_output_buffer_2dINS_5arrayI9ap_ufixedILi6ELi0EL9ap_q_mode4EL9_778 = phi i6 %p_ZZN4nnet24compute_output_buffer_2dINS_5arrayI9ap_ufixedILi6ELi0EL9ap_q_mode4EL9_791, void %rewind_init, i6 %p_ZZN4nnet24compute_output_buffer_2dINS_5arrayI9ap_ufixedILi6ELi0EL9ap_q_mode4EL9_848, void %rewind_header"   --->   Operation 141 'phi' 'p_ZZN4nnet24compute_output_buffer_2dINS_5arrayI9ap_ufixedILi6ELi0EL9ap_q_mode4EL9_778' <Predicate = true> <Delay = 0.00>
ST_3 : Operation 142 [1/1] (0.00ns)   --->   "%p_ZZN4nnet24compute_output_buffer_2dINS_5arrayI9ap_ufixedILi6ELi0EL9ap_q_mode4EL9_779 = phi i6 %p_ZZN4nnet24compute_output_buffer_2dINS_5arrayI9ap_ufixedILi6ELi0EL9ap_q_mode4EL9_790, void %rewind_init, i6 %p_ZZN4nnet24compute_output_buffer_2dINS_5arrayI9ap_ufixedILi6ELi0EL9ap_q_mode4EL9_849, void %rewind_header"   --->   Operation 142 'phi' 'p_ZZN4nnet24compute_output_buffer_2dINS_5arrayI9ap_ufixedILi6ELi0EL9ap_q_mode4EL9_779' <Predicate = true> <Delay = 0.00>
ST_3 : Operation 143 [1/1] (0.00ns)   --->   "%p_ZZN4nnet24compute_output_buffer_2dINS_5arrayI9ap_ufixedILi6ELi0EL9ap_q_mode4EL9_780 = phi i6 %p_ZZN4nnet24compute_output_buffer_2dINS_5arrayI9ap_ufixedILi6ELi0EL9ap_q_mode4EL9_789, void %rewind_init, i6 %p_ZZN4nnet24compute_output_buffer_2dINS_5arrayI9ap_ufixedILi6ELi0EL9ap_q_mode4EL9_850, void %rewind_header"   --->   Operation 143 'phi' 'p_ZZN4nnet24compute_output_buffer_2dINS_5arrayI9ap_ufixedILi6ELi0EL9ap_q_mode4EL9_780' <Predicate = true> <Delay = 0.00>
ST_3 : Operation 144 [1/1] (0.00ns)   --->   "%p_ZZN4nnet24compute_output_buffer_2dINS_5arrayI9ap_ufixedILi6ELi0EL9ap_q_mode4EL9_781 = phi i6 %p_ZZN4nnet24compute_output_buffer_2dINS_5arrayI9ap_ufixedILi6ELi0EL9ap_q_mode4EL9_788, void %rewind_init, i6 %p_ZZN4nnet24compute_output_buffer_2dINS_5arrayI9ap_ufixedILi6ELi0EL9ap_q_mode4EL9_851, void %rewind_header"   --->   Operation 144 'phi' 'p_ZZN4nnet24compute_output_buffer_2dINS_5arrayI9ap_ufixedILi6ELi0EL9ap_q_mode4EL9_781' <Predicate = true> <Delay = 0.00>
ST_3 : Operation 145 [1/1] (0.00ns)   --->   "%p_ZZN4nnet24compute_output_buffer_2dINS_5arrayI9ap_ufixedILi6ELi0EL9ap_q_mode4EL9_782 = phi i6 %p_ZZN4nnet24compute_output_buffer_2dINS_5arrayI9ap_ufixedILi6ELi0EL9ap_q_mode4EL9_787, void %rewind_init, i6 %p_ZZN4nnet24compute_output_buffer_2dINS_5arrayI9ap_ufixedILi6ELi0EL9ap_q_mode4EL9_852, void %rewind_header"   --->   Operation 145 'phi' 'p_ZZN4nnet24compute_output_buffer_2dINS_5arrayI9ap_ufixedILi6ELi0EL9ap_q_mode4EL9_782' <Predicate = true> <Delay = 0.00>
ST_3 : Operation 146 [1/1] (0.00ns)   --->   "%p_ZZN4nnet24compute_output_buffer_2dINS_5arrayI9ap_ufixedILi6ELi0EL9ap_q_mode4EL9_783 = phi i6 %p_ZZN4nnet24compute_output_buffer_2dINS_5arrayI9ap_ufixedILi6ELi0EL9ap_q_mode4EL9_786, void %rewind_init, i6 %p_ZZN4nnet24compute_output_buffer_2dINS_5arrayI9ap_ufixedILi6ELi0EL9ap_q_mode4EL9_853, void %rewind_header"   --->   Operation 146 'phi' 'p_ZZN4nnet24compute_output_buffer_2dINS_5arrayI9ap_ufixedILi6ELi0EL9ap_q_mode4EL9_783' <Predicate = true> <Delay = 0.00>
ST_3 : Operation 147 [1/1] (0.00ns)   --->   "%p_ZZN4nnet24compute_output_buffer_2dINS_5arrayI9ap_ufixedILi6ELi0EL9ap_q_mode4EL9_784 = phi i6 %p_ZZN4nnet24compute_output_buffer_2dINS_5arrayI9ap_ufixedILi6ELi0EL9ap_q_mode4EL9_785, void %rewind_init, i6 %p_ZZN4nnet24compute_output_buffer_2dINS_5arrayI9ap_ufixedILi6ELi0EL9ap_q_mode4EL9_854, void %rewind_header"   --->   Operation 147 'phi' 'p_ZZN4nnet24compute_output_buffer_2dINS_5arrayI9ap_ufixedILi6ELi0EL9ap_q_mode4EL9_784' <Predicate = true> <Delay = 0.00>
ST_3 : Operation 148 [1/1] (0.00ns)   --->   "%void_compute_output_buffer_2d_array_const_ap_shift_reg_n_chan_stream_weig_127 = phi i6 %void_compute_output_buffer_2d_array_const_ap_shift_reg_n_chan_stream_weig_146, void %rewind_init, i6 %void_compute_output_buffer_2d_array_const_ap_shift_reg_n_chan_stream_weig_147, void %rewind_header"   --->   Operation 148 'phi' 'void_compute_output_buffer_2d_array_const_ap_shift_reg_n_chan_stream_weig_127' <Predicate = true> <Delay = 0.00>
ST_3 : Operation 149 [1/1] (0.00ns)   --->   "%void_compute_output_buffer_2d_array_const_ap_shift_reg_n_chan_stream_weig_128 = phi i6 %void_compute_output_buffer_2d_array_const_ap_shift_reg_n_chan_stream_weig_145, void %rewind_init, i6 %void_compute_output_buffer_2d_array_const_ap_shift_reg_n_chan_stream_weig_148, void %rewind_header"   --->   Operation 149 'phi' 'void_compute_output_buffer_2d_array_const_ap_shift_reg_n_chan_stream_weig_128' <Predicate = true> <Delay = 0.00>
ST_3 : Operation 150 [1/1] (0.00ns)   --->   "%void_compute_output_buffer_2d_array_const_ap_shift_reg_n_chan_stream_weig_129 = phi i6 %void_compute_output_buffer_2d_array_const_ap_shift_reg_n_chan_stream_weig_144, void %rewind_init, i6 %void_compute_output_buffer_2d_array_const_ap_shift_reg_n_chan_stream_weig_149, void %rewind_header"   --->   Operation 150 'phi' 'void_compute_output_buffer_2d_array_const_ap_shift_reg_n_chan_stream_weig_129' <Predicate = true> <Delay = 0.00>
ST_3 : Operation 151 [1/1] (0.00ns)   --->   "%void_compute_output_buffer_2d_array_const_ap_shift_reg_n_chan_stream_weig_130 = phi i6 %void_compute_output_buffer_2d_array_const_ap_shift_reg_n_chan_stream_weig_143, void %rewind_init, i6 %void_compute_output_buffer_2d_array_const_ap_shift_reg_n_chan_stream_weig_150, void %rewind_header"   --->   Operation 151 'phi' 'void_compute_output_buffer_2d_array_const_ap_shift_reg_n_chan_stream_weig_130' <Predicate = true> <Delay = 0.00>
ST_3 : Operation 152 [1/1] (0.00ns)   --->   "%void_compute_output_buffer_2d_array_const_ap_shift_reg_n_chan_stream_weig_131 = phi i6 %void_compute_output_buffer_2d_array_const_ap_shift_reg_n_chan_stream_weig_142, void %rewind_init, i6 %void_compute_output_buffer_2d_array_const_ap_shift_reg_n_chan_stream_weig_151, void %rewind_header"   --->   Operation 152 'phi' 'void_compute_output_buffer_2d_array_const_ap_shift_reg_n_chan_stream_weig_131' <Predicate = true> <Delay = 0.00>
ST_3 : Operation 153 [1/1] (0.00ns)   --->   "%void_compute_output_buffer_2d_array_const_ap_shift_reg_n_chan_stream_weig_132 = phi i6 %void_compute_output_buffer_2d_array_const_ap_shift_reg_n_chan_stream_weig_141, void %rewind_init, i6 %void_compute_output_buffer_2d_array_const_ap_shift_reg_n_chan_stream_weig_152, void %rewind_header"   --->   Operation 153 'phi' 'void_compute_output_buffer_2d_array_const_ap_shift_reg_n_chan_stream_weig_132' <Predicate = true> <Delay = 0.00>
ST_3 : Operation 154 [1/1] (0.00ns)   --->   "%void_compute_output_buffer_2d_array_const_ap_shift_reg_n_chan_stream_weig_133 = phi i6 %void_compute_output_buffer_2d_array_const_ap_shift_reg_n_chan_stream_weig_140, void %rewind_init, i6 %void_compute_output_buffer_2d_array_const_ap_shift_reg_n_chan_stream_weig_153, void %rewind_header"   --->   Operation 154 'phi' 'void_compute_output_buffer_2d_array_const_ap_shift_reg_n_chan_stream_weig_133' <Predicate = true> <Delay = 0.00>
ST_3 : Operation 155 [1/1] (0.00ns)   --->   "%void_compute_output_buffer_2d_array_const_ap_shift_reg_n_chan_stream_weig_134 = phi i6 %void_compute_output_buffer_2d_array_const_ap_shift_reg_n_chan_stream_weig_139, void %rewind_init, i6 %void_compute_output_buffer_2d_array_const_ap_shift_reg_n_chan_stream_weig_154, void %rewind_header"   --->   Operation 155 'phi' 'void_compute_output_buffer_2d_array_const_ap_shift_reg_n_chan_stream_weig_134' <Predicate = true> <Delay = 0.00>
ST_3 : Operation 156 [1/1] (0.00ns)   --->   "%void_compute_output_buffer_2d_array_const_ap_shift_reg_n_chan_stream_weig_135 = phi i6 %void_compute_output_buffer_2d_array_const_ap_shift_reg_n_chan_stream_weig_138, void %rewind_init, i6 %void_compute_output_buffer_2d_array_const_ap_shift_reg_n_chan_stream_weig_155, void %rewind_header"   --->   Operation 156 'phi' 'void_compute_output_buffer_2d_array_const_ap_shift_reg_n_chan_stream_weig_135' <Predicate = true> <Delay = 0.00>
ST_3 : Operation 157 [1/1] (0.00ns)   --->   "%void_compute_output_buffer_2d_array_const_ap_shift_reg_n_chan_stream_weig_136 = phi i6 %void_compute_output_buffer_2d_array_const_ap_shift_reg_n_chan_stream_weig_137, void %rewind_init, i6 %void_compute_output_buffer_2d_array_const_ap_shift_reg_n_chan_stream_weig_156, void %rewind_header"   --->   Operation 157 'phi' 'void_compute_output_buffer_2d_array_const_ap_shift_reg_n_chan_stream_weig_136' <Predicate = true> <Delay = 0.00>
ST_3 : Operation 158 [1/1] (0.00ns)   --->   "%specpipeline_ln47 = specpipeline void @_ssdm_op_SpecPipeline, i32 1, i32 0, i32 0, i32 1, void @empty_1" [firmware/nnet_utils/nnet_dense_resource.h:47]   --->   Operation 158 'specpipeline' 'specpipeline_ln47' <Predicate = true> <Delay = 0.00>
ST_3 : Operation 159 [1/1] (0.00ns)   --->   "%speclooptripcount_ln49 = speclooptripcount void @_ssdm_op_SpecLoopTripCount, i64 45, i64 45, i64 45" [firmware/nnet_utils/nnet_dense_resource.h:49]   --->   Operation 159 'speclooptripcount' 'speclooptripcount_ln49' <Predicate = true> <Delay = 0.00>
ST_3 : Operation 160 [1/1] (0.00ns)   --->   "%specloopname_ln46 = specloopname void @_ssdm_op_SpecLoopName, void @empty_5" [firmware/nnet_utils/nnet_dense_resource.h:46]   --->   Operation 160 'specloopname' 'specloopname_ln46' <Predicate = true> <Delay = 0.00>
ST_3 : Operation 161 [1/1] (3.05ns)   --->   "%a = sparsemux i6 @_ssdm_op_SparseMux.ap_auto.45i6.i6.i6, i6 0, i6 %void_compute_output_buffer_2d_array_const_ap_shift_reg_n_chan_stream_weig_136, i6 1, i6 %void_compute_output_buffer_2d_array_const_ap_shift_reg_n_chan_stream_weig_135, i6 2, i6 %void_compute_output_buffer_2d_array_const_ap_shift_reg_n_chan_stream_weig_134, i6 3, i6 %void_compute_output_buffer_2d_array_const_ap_shift_reg_n_chan_stream_weig_133, i6 4, i6 %void_compute_output_buffer_2d_array_const_ap_shift_reg_n_chan_stream_weig_132, i6 5, i6 %void_compute_output_buffer_2d_array_const_ap_shift_reg_n_chan_stream_weig_131, i6 6, i6 %void_compute_output_buffer_2d_array_const_ap_shift_reg_n_chan_stream_weig_130, i6 7, i6 %void_compute_output_buffer_2d_array_const_ap_shift_reg_n_chan_stream_weig_129, i6 8, i6 %void_compute_output_buffer_2d_array_const_ap_shift_reg_n_chan_stream_weig_128, i6 9, i6 %void_compute_output_buffer_2d_array_const_ap_shift_reg_n_chan_stream_weig_127, i6 10, i6 %p_ZZN4nnet24compute_output_buffer_2dINS_5arrayI9ap_ufixedILi6ELi0EL9ap_q_mode4EL9_784, i6 11, i6 %p_ZZN4nnet24compute_output_buffer_2dINS_5arrayI9ap_ufixedILi6ELi0EL9ap_q_mode4EL9_783, i6 12, i6 %p_ZZN4nnet24compute_output_buffer_2dINS_5arrayI9ap_ufixedILi6ELi0EL9ap_q_mode4EL9_782, i6 13, i6 %p_ZZN4nnet24compute_output_buffer_2dINS_5arrayI9ap_ufixedILi6ELi0EL9ap_q_mode4EL9_781, i6 14, i6 %p_ZZN4nnet24compute_output_buffer_2dINS_5arrayI9ap_ufixedILi6ELi0EL9ap_q_mode4EL9_780, i6 15, i6 %p_ZZN4nnet24compute_output_buffer_2dINS_5arrayI9ap_ufixedILi6ELi0EL9ap_q_mode4EL9_779, i6 16, i6 %p_ZZN4nnet24compute_output_buffer_2dINS_5arrayI9ap_ufixedILi6ELi0EL9ap_q_mode4EL9_778, i6 17, i6 %p_ZZN4nnet24compute_output_buffer_2dINS_5arrayI9ap_ufixedILi6ELi0EL9ap_q_mode4EL9_777, i6 18, i6 %p_ZZN4nnet24compute_output_buffer_2dINS_5arrayI9ap_ufixedILi6ELi0EL9ap_q_mode4EL9_776, i6 19, i6 %p_ZZN4nnet24compute_output_buffer_2dINS_5arrayI9ap_ufixedILi6ELi0EL9ap_q_mode4EL9_775, i6 20, i6 %p_ZZN4nnet24compute_output_buffer_2dINS_5arrayI9ap_ufixedILi6ELi0EL9ap_q_mode4EL9_774, i6 21, i6 %p_ZZN4nnet24compute_output_buffer_2dINS_5arrayI9ap_ufixedILi6ELi0EL9ap_q_mode4EL9_773, i6 22, i6 %p_ZZN4nnet24compute_output_buffer_2dINS_5arrayI9ap_ufixedILi6ELi0EL9ap_q_mode4EL9_772, i6 23, i6 %p_ZZN4nnet24compute_output_buffer_2dINS_5arrayI9ap_ufixedILi6ELi0EL9ap_q_mode4EL9_771, i6 24, i6 %p_ZZN4nnet24compute_output_buffer_2dINS_5arrayI9ap_ufixedILi6ELi0EL9ap_q_mode4EL9_770, i6 25, i6 %p_ZZN4nnet24compute_output_buffer_2dINS_5arrayI9ap_ufixedILi6ELi0EL9ap_q_mode4EL9_769, i6 26, i6 %p_ZZN4nnet24compute_output_buffer_2dINS_5arrayI9ap_ufixedILi6ELi0EL9ap_q_mode4EL9_768, i6 27, i6 %p_ZZN4nnet24compute_output_buffer_2dINS_5arrayI9ap_ufixedILi6ELi0EL9ap_q_mode4EL9_767, i6 28, i6 %p_ZZN4nnet24compute_output_buffer_2dINS_5arrayI9ap_ufixedILi6ELi0EL9ap_q_mode4EL9_766, i6 29, i6 %p_ZZN4nnet24compute_output_buffer_2dINS_5arrayI9ap_ufixedILi6ELi0EL9ap_q_mode4EL9_765, i6 30, i6 %p_ZZN4nnet24compute_output_buffer_2dINS_5arrayI9ap_ufixedILi6ELi0EL9ap_q_mode4EL9_764, i6 31, i6 %p_ZZN4nnet24compute_output_buffer_2dINS_5arrayI9ap_ufixedILi6ELi0EL9ap_q_mode4EL9_763, i6 32, i6 %p_ZZN4nnet24compute_output_buffer_2dINS_5arrayI9ap_ufixedILi6ELi0EL9ap_q_mode4EL9_762, i6 33, i6 %p_ZZN4nnet24compute_output_buffer_2dINS_5arrayI9ap_ufixedILi6ELi0EL9ap_q_mode4EL9_761, i6 34, i6 %p_ZZN4nnet24compute_output_buffer_2dINS_5arrayI9ap_ufixedILi6ELi0EL9ap_q_mode4EL9_760, i6 35, i6 %p_ZZN4nnet24compute_output_buffer_2dINS_5arrayI9ap_ufixedILi6ELi0EL9ap_q_mode4EL9_759, i6 36, i6 %p_ZZN4nnet24compute_output_buffer_2dINS_5arrayI9ap_ufixedILi6ELi0EL9ap_q_mode4EL9_758, i6 37, i6 %p_ZZN4nnet24compute_output_buffer_2dINS_5arrayI9ap_ufixedILi6ELi0EL9ap_q_mode4EL9_757, i6 38, i6 %p_ZZN4nnet24compute_output_buffer_2dINS_5arrayI9ap_ufixedILi6ELi0EL9ap_q_mode4EL9_756, i6 39, i6 %p_ZZN4nnet24compute_output_buffer_2dINS_5arrayI9ap_ufixedILi6ELi0EL9ap_q_mode4EL9_755, i6 40, i6 %p_ZZN4nnet24compute_output_buffer_2dINS_5arrayI9ap_ufixedILi6ELi0EL9ap_q_mode4EL9_754, i6 41, i6 %p_ZZN4nnet24compute_output_buffer_2dINS_5arrayI9ap_ufixedILi6ELi0EL9ap_q_mode4EL9_753, i6 42, i6 %p_ZZN4nnet24compute_output_buffer_2dINS_5arrayI9ap_ufixedILi6ELi0EL9ap_q_mode4EL9_752, i6 43, i6 %p_ZZN4nnet24compute_output_buffer_2dINS_5arrayI9ap_ufixedILi6ELi0EL9ap_q_mode4EL9_751, i6 44, i6 %p_ZZN4nnet24compute_output_buffer_2dINS_5arrayI9ap_ufixedILi6ELi0EL9ap_q_mode4EL9_750, i6 0, i6 %w_index3" [firmware/nnet_utils/nnet_dense_resource.h:46]   --->   Operation 161 'sparsemux' 'a' <Predicate = true> <Delay = 3.05> <CoreInst = "BinarySparseMux_DontCare">   --->   Core 137 'BinarySparseMux_DontCare' <Latency = 0> <II = 1> <Delay = 3.05> <FuncUnit> <Opcode : 'sparsemux'> <InPorts = 2> <OutPorts = 1>
ST_3 : Operation 162 [1/2] ( I:3.25ns O:3.25ns )   --->   "%w12_load = load i6 %w12_addr" [firmware/nnet_utils/nnet_dense_resource.h:59]   --->   Operation 162 'load' 'w12_load' <Predicate = true> <Delay = 3.25> <CoreInst = "ROM_nP_BRAM">   --->   Core 102 'ROM_nP_BRAM' <Latency = 1> <II = 1> <Delay = 3.25> <Storage> <Opcode : 'load'> <Ports = 0> <Width = 34> <Depth = 45> <ROM>
ST_3 : Operation 163 [1/1] (0.00ns)   --->   "%w = trunc i34 %w12_load" [firmware/nnet_utils/nnet_dense_resource.h:59]   --->   Operation 163 'trunc' 'w' <Predicate = true> <Delay = 0.00>
ST_3 : Operation 164 [1/1] (0.00ns)   --->   "%zext_ln73 = zext i6 %a" [firmware/nnet_utils/nnet_mult.h:73->firmware/nnet_utils/nnet_dense_resource.h:59]   --->   Operation 164 'zext' 'zext_ln73' <Predicate = true> <Delay = 0.00>
ST_3 : Operation 165 [1/1] (0.00ns)   --->   "%zext_ln73_4 = zext i6 %a" [firmware/nnet_utils/nnet_mult.h:73->firmware/nnet_utils/nnet_dense_resource.h:59]   --->   Operation 165 'zext' 'zext_ln73_4' <Predicate = true> <Delay = 0.00>
ST_3 : Operation 166 [1/1] (0.00ns)   --->   "%sext_ln73 = sext i6 %w" [firmware/nnet_utils/nnet_mult.h:73->firmware/nnet_utils/nnet_dense_resource.h:59]   --->   Operation 166 'sext' 'sext_ln73' <Predicate = true> <Delay = 0.00>
ST_3 : Operation 167 [1/1] (3.36ns) (grouped into DSP with root node add_ln58)   --->   "%mul_ln73 = mul i12 %sext_ln73, i12 %zext_ln73" [firmware/nnet_utils/nnet_mult.h:73->firmware/nnet_utils/nnet_dense_resource.h:59]   --->   Operation 167 'mul' 'mul_ln73' <Predicate = true> <Delay = 3.36> <CoreInst = "DSP48">   --->   Core 116 'DSP48' <Latency = 0> <II = 1> <Delay = 7.18> <IPBlock> <Opcode : '' 'add' 'sub' 'mul' 'select'> <InPorts = 0> <OutPorts = 1> <Sync> <CReg>
ST_3 : Operation 168 [1/1] (0.00ns) (grouped into DSP with root node add_ln58)   --->   "%sext_ln58 = sext i12 %mul_ln73" [firmware/nnet_utils/nnet_dense_resource.h:58]   --->   Operation 168 'sext' 'sext_ln58' <Predicate = true> <Delay = 0.00>
ST_3 : Operation 169 [1/1] (3.82ns) (root node of the DSP)   --->   "%add_ln58 = add i18 %sext_ln58, i18 %conv_i_i228_i9" [firmware/nnet_utils/nnet_dense_resource.h:58]   --->   Operation 169 'add' 'add_ln58' <Predicate = true> <Delay = 3.82> <CoreInst = "DSP48">   --->   Core 116 'DSP48' <Latency = 0> <II = 1> <Delay = 7.18> <IPBlock> <Opcode : '' 'add' 'sub' 'mul' 'select'> <InPorts = 0> <OutPorts = 1> <Sync> <CReg>
ST_3 : Operation 170 [1/1] (0.00ns)   --->   "%w_11 = partselect i6 @_ssdm_op_PartSelect.i6.i34.i32.i32, i34 %w12_load, i32 6, i32 11" [firmware/nnet_utils/nnet_dense_resource.h:59]   --->   Operation 170 'partselect' 'w_11' <Predicate = true> <Delay = 0.00>
ST_3 : Operation 171 [1/1] (0.00ns)   --->   "%sext_ln73_13 = sext i6 %w_11" [firmware/nnet_utils/nnet_mult.h:73->firmware/nnet_utils/nnet_dense_resource.h:59]   --->   Operation 171 'sext' 'sext_ln73_13' <Predicate = true> <Delay = 0.00>
ST_3 : Operation 172 [1/1] (3.36ns) (grouped into DSP with root node add_ln58_13)   --->   "%mul_ln73_13 = mul i12 %sext_ln73_13, i12 %zext_ln73" [firmware/nnet_utils/nnet_mult.h:73->firmware/nnet_utils/nnet_dense_resource.h:59]   --->   Operation 172 'mul' 'mul_ln73_13' <Predicate = true> <Delay = 3.36> <CoreInst = "DSP48">   --->   Core 116 'DSP48' <Latency = 0> <II = 1> <Delay = 7.18> <IPBlock> <Opcode : '' 'add' 'sub' 'mul' 'select'> <InPorts = 0> <OutPorts = 1> <Sync> <CReg>
ST_3 : Operation 173 [1/1] (0.00ns) (grouped into DSP with root node add_ln58_13)   --->   "%sext_ln58_13 = sext i12 %mul_ln73_13" [firmware/nnet_utils/nnet_dense_resource.h:58]   --->   Operation 173 'sext' 'sext_ln58_13' <Predicate = true> <Delay = 0.00>
ST_3 : Operation 174 [1/1] (3.82ns) (root node of the DSP)   --->   "%add_ln58_13 = add i18 %sext_ln58_13, i18 %conv_i_i22_19_i8" [firmware/nnet_utils/nnet_dense_resource.h:58]   --->   Operation 174 'add' 'add_ln58_13' <Predicate = true> <Delay = 3.82> <CoreInst = "DSP48">   --->   Core 116 'DSP48' <Latency = 0> <II = 1> <Delay = 7.18> <IPBlock> <Opcode : '' 'add' 'sub' 'mul' 'select'> <InPorts = 0> <OutPorts = 1> <Sync> <CReg>
ST_3 : Operation 175 [1/1] (0.00ns)   --->   "%w_12 = partselect i6 @_ssdm_op_PartSelect.i6.i34.i32.i32, i34 %w12_load, i32 12, i32 17" [firmware/nnet_utils/nnet_dense_resource.h:59]   --->   Operation 175 'partselect' 'w_12' <Predicate = true> <Delay = 0.00>
ST_3 : Operation 176 [1/1] (0.00ns)   --->   "%sext_ln73_14 = sext i6 %w_12" [firmware/nnet_utils/nnet_mult.h:73->firmware/nnet_utils/nnet_dense_resource.h:59]   --->   Operation 176 'sext' 'sext_ln73_14' <Predicate = true> <Delay = 0.00>
ST_3 : Operation 177 [1/1] (3.36ns) (grouped into DSP with root node add_ln58_14)   --->   "%mul_ln73_14 = mul i12 %sext_ln73_14, i12 %zext_ln73" [firmware/nnet_utils/nnet_mult.h:73->firmware/nnet_utils/nnet_dense_resource.h:59]   --->   Operation 177 'mul' 'mul_ln73_14' <Predicate = true> <Delay = 3.36> <CoreInst = "DSP48">   --->   Core 116 'DSP48' <Latency = 0> <II = 1> <Delay = 7.18> <IPBlock> <Opcode : '' 'add' 'sub' 'mul' 'select'> <InPorts = 0> <OutPorts = 1> <Sync> <CReg>
ST_3 : Operation 178 [1/1] (0.00ns) (grouped into DSP with root node add_ln58_14)   --->   "%sext_ln58_14 = sext i12 %mul_ln73_14" [firmware/nnet_utils/nnet_dense_resource.h:58]   --->   Operation 178 'sext' 'sext_ln58_14' <Predicate = true> <Delay = 0.00>
ST_3 : Operation 179 [1/1] (3.82ns) (root node of the DSP)   --->   "%add_ln58_14 = add i18 %sext_ln58_14, i18 %conv_i_i22_210_i7" [firmware/nnet_utils/nnet_dense_resource.h:58]   --->   Operation 179 'add' 'add_ln58_14' <Predicate = true> <Delay = 3.82> <CoreInst = "DSP48">   --->   Core 116 'DSP48' <Latency = 0> <II = 1> <Delay = 7.18> <IPBlock> <Opcode : '' 'add' 'sub' 'mul' 'select'> <InPorts = 0> <OutPorts = 1> <Sync> <CReg>
ST_3 : Operation 180 [1/1] (0.00ns)   --->   "%w_13 = partselect i6 @_ssdm_op_PartSelect.i6.i34.i32.i32, i34 %w12_load, i32 18, i32 23" [firmware/nnet_utils/nnet_dense_resource.h:59]   --->   Operation 180 'partselect' 'w_13' <Predicate = true> <Delay = 0.00>
ST_3 : Operation 181 [1/1] (0.00ns)   --->   "%sext_ln73_15 = sext i6 %w_13" [firmware/nnet_utils/nnet_mult.h:73->firmware/nnet_utils/nnet_dense_resource.h:59]   --->   Operation 181 'sext' 'sext_ln73_15' <Predicate = true> <Delay = 0.00>
ST_3 : Operation 182 [1/1] (3.36ns) (grouped into DSP with root node add_ln58_15)   --->   "%mul_ln73_15 = mul i12 %sext_ln73_15, i12 %zext_ln73" [firmware/nnet_utils/nnet_mult.h:73->firmware/nnet_utils/nnet_dense_resource.h:59]   --->   Operation 182 'mul' 'mul_ln73_15' <Predicate = true> <Delay = 3.36> <CoreInst = "DSP48">   --->   Core 116 'DSP48' <Latency = 0> <II = 1> <Delay = 7.18> <IPBlock> <Opcode : '' 'add' 'sub' 'mul' 'select'> <InPorts = 0> <OutPorts = 1> <Sync> <CReg>
ST_3 : Operation 183 [1/1] (0.00ns) (grouped into DSP with root node add_ln58_15)   --->   "%sext_ln58_15 = sext i12 %mul_ln73_15" [firmware/nnet_utils/nnet_dense_resource.h:58]   --->   Operation 183 'sext' 'sext_ln58_15' <Predicate = true> <Delay = 0.00>
ST_3 : Operation 184 [1/1] (3.82ns) (root node of the DSP)   --->   "%add_ln58_15 = add i18 %sext_ln58_15, i18 %conv_i_i22_311_i6" [firmware/nnet_utils/nnet_dense_resource.h:58]   --->   Operation 184 'add' 'add_ln58_15' <Predicate = true> <Delay = 3.82> <CoreInst = "DSP48">   --->   Core 116 'DSP48' <Latency = 0> <II = 1> <Delay = 7.18> <IPBlock> <Opcode : '' 'add' 'sub' 'mul' 'select'> <InPorts = 0> <OutPorts = 1> <Sync> <CReg>
ST_3 : Operation 185 [1/1] (0.00ns)   --->   "%w_14 = partselect i6 @_ssdm_op_PartSelect.i6.i34.i32.i32, i34 %w12_load, i32 24, i32 29" [firmware/nnet_utils/nnet_dense_resource.h:59]   --->   Operation 185 'partselect' 'w_14' <Predicate = true> <Delay = 0.00>
ST_3 : Operation 186 [1/1] (0.00ns)   --->   "%sext_ln73_16 = sext i6 %w_14" [firmware/nnet_utils/nnet_mult.h:73->firmware/nnet_utils/nnet_dense_resource.h:59]   --->   Operation 186 'sext' 'sext_ln73_16' <Predicate = true> <Delay = 0.00>
ST_3 : Operation 187 [1/1] (3.36ns) (grouped into DSP with root node add_ln58_16)   --->   "%mul_ln73_16 = mul i12 %sext_ln73_16, i12 %zext_ln73" [firmware/nnet_utils/nnet_mult.h:73->firmware/nnet_utils/nnet_dense_resource.h:59]   --->   Operation 187 'mul' 'mul_ln73_16' <Predicate = true> <Delay = 3.36> <CoreInst = "DSP48">   --->   Core 116 'DSP48' <Latency = 0> <II = 1> <Delay = 7.18> <IPBlock> <Opcode : '' 'add' 'sub' 'mul' 'select'> <InPorts = 0> <OutPorts = 1> <Sync> <CReg>
ST_3 : Operation 188 [1/1] (0.00ns) (grouped into DSP with root node add_ln58_16)   --->   "%sext_ln58_16 = sext i12 %mul_ln73_16" [firmware/nnet_utils/nnet_dense_resource.h:58]   --->   Operation 188 'sext' 'sext_ln58_16' <Predicate = true> <Delay = 0.00>
ST_3 : Operation 189 [1/1] (3.82ns) (root node of the DSP)   --->   "%add_ln58_16 = add i18 %sext_ln58_16, i18 %conv_i_i22_412_i5" [firmware/nnet_utils/nnet_dense_resource.h:58]   --->   Operation 189 'add' 'add_ln58_16' <Predicate = true> <Delay = 3.82> <CoreInst = "DSP48">   --->   Core 116 'DSP48' <Latency = 0> <II = 1> <Delay = 7.18> <IPBlock> <Opcode : '' 'add' 'sub' 'mul' 'select'> <InPorts = 0> <OutPorts = 1> <Sync> <CReg>
ST_3 : Operation 190 [1/1] (0.00ns)   --->   "%tmp = partselect i4 @_ssdm_op_PartSelect.i4.i34.i32.i32, i34 %w12_load, i32 30, i32 33" [firmware/nnet_utils/nnet_dense_resource.h:59]   --->   Operation 190 'partselect' 'tmp' <Predicate = true> <Delay = 0.00>
ST_3 : Operation 191 [1/1] (0.00ns)   --->   "%sext_ln73_17 = sext i4 %tmp" [firmware/nnet_utils/nnet_mult.h:73->firmware/nnet_utils/nnet_dense_resource.h:59]   --->   Operation 191 'sext' 'sext_ln73_17' <Predicate = true> <Delay = 0.00>
ST_3 : Operation 192 [1/1] (3.36ns) (grouped into DSP with root node add_ln58_17)   --->   "%mul_ln73_17 = mul i10 %zext_ln73_4, i10 %sext_ln73_17" [firmware/nnet_utils/nnet_mult.h:73->firmware/nnet_utils/nnet_dense_resource.h:59]   --->   Operation 192 'mul' 'mul_ln73_17' <Predicate = true> <Delay = 3.36> <CoreInst = "DSP48">   --->   Core 116 'DSP48' <Latency = 0> <II = 1> <Delay = 7.18> <IPBlock> <Opcode : '' 'add' 'sub' 'mul' 'select'> <InPorts = 0> <OutPorts = 1> <Sync> <CReg>
ST_3 : Operation 193 [1/1] (0.00ns) (grouped into DSP with root node add_ln58_17)   --->   "%sext_ln58_17 = sext i10 %mul_ln73_17" [firmware/nnet_utils/nnet_dense_resource.h:58]   --->   Operation 193 'sext' 'sext_ln58_17' <Predicate = true> <Delay = 0.00>
ST_3 : Operation 194 [1/1] (3.82ns) (root node of the DSP)   --->   "%add_ln58_17 = add i16 %sext_ln58_17, i16 %conv_i_i22_513_i4" [firmware/nnet_utils/nnet_dense_resource.h:58]   --->   Operation 194 'add' 'add_ln58_17' <Predicate = true> <Delay = 3.82> <CoreInst = "DSP48">   --->   Core 116 'DSP48' <Latency = 0> <II = 1> <Delay = 7.18> <IPBlock> <Opcode : '' 'add' 'sub' 'mul' 'select'> <InPorts = 0> <OutPorts = 1> <Sync> <CReg>
ST_3 : Operation 195 [1/1] (0.00ns)   --->   "%sext_ln46 = sext i18 %add_ln58" [firmware/nnet_utils/nnet_dense_resource.h:46]   --->   Operation 195 'sext' 'sext_ln46' <Predicate = true> <Delay = 0.00>
ST_3 : Operation 196 [1/1] (0.00ns)   --->   "%sext_ln46_4 = sext i18 %add_ln58_13" [firmware/nnet_utils/nnet_dense_resource.h:46]   --->   Operation 196 'sext' 'sext_ln46_4' <Predicate = true> <Delay = 0.00>
ST_3 : Operation 197 [1/1] (0.00ns)   --->   "%sext_ln46_5 = sext i18 %add_ln58_14" [firmware/nnet_utils/nnet_dense_resource.h:46]   --->   Operation 197 'sext' 'sext_ln46_5' <Predicate = true> <Delay = 0.00>
ST_3 : Operation 198 [1/1] (0.00ns)   --->   "%sext_ln46_6 = sext i18 %add_ln58_15" [firmware/nnet_utils/nnet_dense_resource.h:46]   --->   Operation 198 'sext' 'sext_ln46_6' <Predicate = true> <Delay = 0.00>
ST_3 : Operation 199 [1/1] (0.00ns)   --->   "%sext_ln46_7 = sext i18 %add_ln58_16" [firmware/nnet_utils/nnet_dense_resource.h:46]   --->   Operation 199 'sext' 'sext_ln46_7' <Predicate = true> <Delay = 0.00>
ST_3 : Operation 200 [1/1] (0.00ns)   --->   "%sext_ln46_8 = sext i16 %add_ln58_17" [firmware/nnet_utils/nnet_dense_resource.h:46]   --->   Operation 200 'sext' 'sext_ln46_8' <Predicate = true> <Delay = 0.00>
ST_3 : Operation 201 [1/1] (0.00ns)   --->   "%mrv_i = insertvalue i114 <undef>, i19 %sext_ln46" [firmware/nnet_utils/nnet_dense_resource.h:84]   --->   Operation 201 'insertvalue' 'mrv_i' <Predicate = (icmp_ln46)> <Delay = 0.00>
ST_3 : Operation 202 [1/1] (0.00ns)   --->   "%mrv_1_i = insertvalue i114 %mrv_i, i19 %sext_ln46_4" [firmware/nnet_utils/nnet_dense_resource.h:84]   --->   Operation 202 'insertvalue' 'mrv_1_i' <Predicate = (icmp_ln46)> <Delay = 0.00>
ST_3 : Operation 203 [1/1] (0.00ns)   --->   "%mrv_2_i = insertvalue i114 %mrv_1_i, i19 %sext_ln46_5" [firmware/nnet_utils/nnet_dense_resource.h:84]   --->   Operation 203 'insertvalue' 'mrv_2_i' <Predicate = (icmp_ln46)> <Delay = 0.00>
ST_3 : Operation 204 [1/1] (0.00ns)   --->   "%mrv_3_i = insertvalue i114 %mrv_2_i, i19 %sext_ln46_6" [firmware/nnet_utils/nnet_dense_resource.h:84]   --->   Operation 204 'insertvalue' 'mrv_3_i' <Predicate = (icmp_ln46)> <Delay = 0.00>
ST_3 : Operation 205 [1/1] (0.00ns)   --->   "%mrv_4_i = insertvalue i114 %mrv_3_i, i19 %sext_ln46_7" [firmware/nnet_utils/nnet_dense_resource.h:84]   --->   Operation 205 'insertvalue' 'mrv_4_i' <Predicate = (icmp_ln46)> <Delay = 0.00>
ST_3 : Operation 206 [1/1] (0.00ns)   --->   "%mrv_5_i = insertvalue i114 %mrv_4_i, i19 %sext_ln46_8" [firmware/nnet_utils/nnet_dense_resource.h:84]   --->   Operation 206 'insertvalue' 'mrv_5_i' <Predicate = (icmp_ln46)> <Delay = 0.00>
ST_3 : Operation 207 [1/1] (0.00ns)   --->   "%return_ln84 = return void @_ssdm_op_Return, i114 %mrv_5_i" [firmware/nnet_utils/nnet_dense_resource.h:84]   --->   Operation 207 'return' 'return_ln84' <Predicate = (icmp_ln46)> <Delay = 0.00>


============================================================
+ Verbose Summary: Timing violations
============================================================
Target clock period: 30.000ns, clock uncertainty: 8.100ns.

 <State 1>: 1.610ns
The critical path consists of the following:
	multiplexor before 'phi' operation 1 bit ('do_init') [49]  (1.610 ns)

 <State 2>: 3.257ns
The critical path consists of the following:
	'phi' operation 6 bit ('w_index') with incoming values : ('w_index', firmware/nnet_utils/nnet_dense_resource.h:46) [101]  (0.000 ns)
	'getelementptr' operation 6 bit ('w12_addr', firmware/nnet_utils/nnet_dense_resource.h:59) [202]  (0.000 ns)
	'load' operation 34 bit ('w12_load', firmware/nnet_utils/nnet_dense_resource.h:59) on array 'w12' [203]  (3.257 ns)

 <State 3>: 11.846ns
The critical path consists of the following:
	'phi' operation 6 bit ('p_ZZN4nnet24compute_output_buffer_2dINS_5arrayI9ap_ufixedILi6ELi0EL9ap_q_mode4EL9_820') with incoming values : ('p_ZZN4nnet24compute_output_buffer_2dINS_5arrayI9ap_ufixedILi6ELi0EL9ap_q_mode4EL9_819') [50]  (0.000 ns)
	multiplexor before 'phi' operation 6 bit ('p_ZZN4nnet24compute_output_buffer_2dINS_5arrayI9ap_ufixedILi6ELi0EL9ap_q_mode4EL9_750') with incoming values : ('p_ZZN4nnet24compute_output_buffer_2dINS_5arrayI9ap_ufixedILi6ELi0EL9ap_q_mode4EL9_819') [152]  (1.610 ns)
	'phi' operation 6 bit ('p_ZZN4nnet24compute_output_buffer_2dINS_5arrayI9ap_ufixedILi6ELi0EL9ap_q_mode4EL9_750') with incoming values : ('p_ZZN4nnet24compute_output_buffer_2dINS_5arrayI9ap_ufixedILi6ELi0EL9ap_q_mode4EL9_819') [152]  (0.000 ns)
	'sparsemux' operation 6 bit ('a', firmware/nnet_utils/nnet_dense_resource.h:46) [201]  (3.056 ns)
	'mul' operation 12 bit of DSP[210] ('mul_ln73', firmware/nnet_utils/nnet_mult.h:73->firmware/nnet_utils/nnet_dense_resource.h:59) [208]  (3.360 ns)
	'add' operation 18 bit of DSP[210] ('add_ln58', firmware/nnet_utils/nnet_dense_resource.h:58) [210]  (3.820 ns)
	'insertvalue' operation 114 bit ('mrv_i', firmware/nnet_utils/nnet_dense_resource.h:84) [246]  (0.000 ns)


============================================================
+ Verbose Summary: Binding
============================================================
N/A
* FSMD analyzer results:
  - Output states:
 - Input state : 
  - Chain level:
	State 1
	State 2
	State 3


============================================================
+ Verbose Summary: Datapath Resource usage 
============================================================
N/A
