

================================================================
== Vitis HLS Report for 'relu_array_ap_fixed_2u_array_ap_ufixed_6_0_4_0_0_2u_relu_config5_s'
================================================================
* Date:           Sun May  4 16:36:05 2025

* Version:        2024.2 (Build 5238294 on Nov  8 2024)
* Project:        myproject_prj
* Solution:       solution1 (Vivado IP Flow Target)
* Product family: artix7
* Target device:  xc7a35t-cpg236-1


================================================================
== Performance Estimates
================================================================
+ Timing: 
    * Summary: 
    +--------+----------+-----------+------------+
    |  Clock |  Target  | Estimated | Uncertainty|
    +--------+----------+-----------+------------+
    |ap_clk  |  30.00 ns|  13.909 ns|     8.10 ns|
    +--------+----------+-----------+------------+

+ Latency: 
    * Summary: 
    +---------+---------+-----------+-----------+-----+-----+------------------------------------------------+
    |  Latency (cycles) |   Latency (absolute)  |  Interval |                    Pipeline                    |
    |   min   |   max   |    min    |    max    | min | max |                      Type                      |
    +---------+---------+-----------+-----------+-----+-----+------------------------------------------------+
    |      901|      901|  27.030 us|  27.030 us|  900|  900|  loop auto-rewind stp (delay=0 clock cycles(s))|
    +---------+---------+-----------+-----------+-----+-----+------------------------------------------------+

    + Detail: 
        * Instance: 
        N/A

        * Loop: 
        +---------------+---------+---------+----------+-----------+-----------+------+----------+
        |               |  Latency (cycles) | Iteration|  Initiation Interval  | Trip |          |
        |   Loop Name   |   min   |   max   |  Latency |  achieved |   target  | Count| Pipelined|
        +---------------+---------+---------+----------+-----------+-----------+------+----------+
        |- ReLUActLoop  |      899|      899|         1|          1|          1|   900|       yes|
        +---------------+---------+---------+----------+-----------+-----------+------+----------+

============================================================
+ Verbose Summary: Synthesis Manager
============================================================
InlineROM: 1
ExposeGlobal: 0
============================================================
+ Verbose Summary: CDFG Model
============================================================
IsTopModel: 0
ResetActiveHigh: 1
IsCombinational: 2
IsDatapathOnly: 0
HasWiredReturn: 1
HasMFsm: 2
HasVarLatency: 1
IsPipeline: 0
IsRtlPipelined: 0
IsInstanceOverlapped: 0
IsDontTouch: 0
HasImplIP: 0
IsGatedGlobalClock: 0

+ Individual pipeline summary: 
  * Pipeline-0: initiation interval (II) = 1, depth = 1


============================================================
+ Verbose Summary: Schedule
============================================================
* Number of FSM states : 1
* Pipeline : 1
  Pipeline-0 : II = 1, D = 1, States = { 1 }
* Dataflow Pipeline: 0

* FSM state transitions: 
1 --> 

* FSM state operations: 

State 1 <SV = 0> <Delay = 13.9>
ST_1 : Operation 4 [1/1] (0.00ns)   --->   "%i1 = alloca i32 1"   --->   Operation 4 'alloca' 'i1' <Predicate = true> <Delay = 0.00>
ST_1 : Operation 5 [1/1] (0.00ns)   --->   "%specinterface_ln0 = specinterface void @_ssdm_op_SpecInterface, i12 %layer5_out, void @empty_2, i32 0, i32 0, void @empty_1, i32 0, i32 0, void @empty_1, void @empty_1, void @empty_1, i32 0, i32 0, i32 0, i32 0, void @empty_1, void @empty_1, i32 4294967295, i32 0, i32 0"   --->   Operation 5 'specinterface' 'specinterface_ln0' <Predicate = true> <Delay = 0.00>
ST_1 : Operation 6 [1/1] (0.00ns)   --->   "%specinterface_ln0 = specinterface void @_ssdm_op_SpecInterface, i40 %layer3_out, void @empty_2, i32 0, i32 0, void @empty_1, i32 0, i32 0, void @empty_1, void @empty_1, void @empty_1, i32 0, i32 0, i32 0, i32 0, void @empty_1, void @empty_1, i32 4294967295, i32 0, i32 0"   --->   Operation 6 'specinterface' 'specinterface_ln0' <Predicate = true> <Delay = 0.00>
ST_1 : Operation 7 [1/1] (1.61ns)   --->   "%store_ln0 = store i10 0, i10 %i1"   --->   Operation 7 'store' 'store_ln0' <Predicate = true> <Delay = 1.61>
ST_1 : Operation 8 [1/1] (0.00ns)   --->   "%br_ln41 = br void %ReLUPackLoop.split_ifconv" [firmware/nnet_utils/nnet_activation_stream.h:41]   --->   Operation 8 'br' 'br_ln41' <Predicate = true> <Delay = 0.00>
ST_1 : Operation 9 [1/1] (0.00ns)   --->   "%i1_load = load i10 %i1" [firmware/nnet_utils/nnet_activation_stream.h:41]   --->   Operation 9 'load' 'i1_load' <Predicate = true> <Delay = 0.00>
ST_1 : Operation 10 [1/1] (0.00ns)   --->   "%specpipeline_ln42 = specpipeline void @_ssdm_op_SpecPipeline, i32 4294967295, i32 0, i32 0, i32 0, void @empty_1" [firmware/nnet_utils/nnet_activation_stream.h:42]   --->   Operation 10 'specpipeline' 'specpipeline_ln42' <Predicate = true> <Delay = 0.00>
ST_1 : Operation 11 [1/1] (0.00ns)   --->   "%speclooptripcount_ln41 = speclooptripcount void @_ssdm_op_SpecLoopTripCount, i64 900, i64 900, i64 900" [firmware/nnet_utils/nnet_activation_stream.h:41]   --->   Operation 11 'speclooptripcount' 'speclooptripcount_ln41' <Predicate = true> <Delay = 0.00>
ST_1 : Operation 12 [1/1] (0.00ns)   --->   "%specloopname_ln41 = specloopname void @_ssdm_op_SpecLoopName, void @empty_4" [firmware/nnet_utils/nnet_activation_stream.h:41]   --->   Operation 12 'specloopname' 'specloopname_ln41' <Predicate = true> <Delay = 0.00>
ST_1 : Operation 13 [1/1] ( I:3.62ns O:3.62ns )   --->   "%layer3_out_read = read i40 @_ssdm_op_Read.ap_fifo.volatile.i40P0A, i40 %layer3_out" [firmware/nnet_utils/nnet_activation_stream.h:44]   --->   Operation 13 'read' 'layer3_out_read' <Predicate = true> <Delay = 3.62> <CoreInst = "FIFO">   --->   Core 77 'FIFO' <Latency = 0> <II = 1> <Delay = 3.62> <Storage> <Opcode : 'read' 'write' 'nbread' 'nbwrite'> <Ports = 0> <Width = 40> <Depth = 900> <FIFO>
ST_1 : Operation 14 [1/1] (0.00ns)   --->   "%trunc_ln44 = trunc i40 %layer3_out_read" [firmware/nnet_utils/nnet_activation_stream.h:44]   --->   Operation 14 'trunc' 'trunc_ln44' <Predicate = true> <Delay = 0.00>
ST_1 : Operation 15 [1/1] (0.00ns)   --->   "%trunc_ln44_1 = partselect i20 @_ssdm_op_PartSelect.i20.i40.i32.i32, i40 %layer3_out_read, i32 20, i32 39" [firmware/nnet_utils/nnet_activation_stream.h:44]   --->   Operation 15 'partselect' 'trunc_ln44_1' <Predicate = true> <Delay = 0.00>
ST_1 : Operation 16 [1/1] (2.28ns)   --->   "%icmp_ln51 = icmp_sgt  i20 %trunc_ln44, i20 0" [firmware/nnet_utils/nnet_activation_stream.h:51]   --->   Operation 16 'icmp' 'icmp_ln51' <Predicate = true> <Delay = 2.28> <CoreInst = "Cmp">   --->   Core 9 'Cmp' <Latency = 0> <II = 1> <Delay = 2.28> <FuncUnit> <Opcode : 'seteq' 'setne' 'setle' 'setge' 'setlt' 'setgt'> <InPorts = 2> <OutPorts = 1>
ST_1 : Operation 17 [1/1] (0.00ns)   --->   "%tmp = bitselect i1 @_ssdm_op_BitSelect.i1.i40.i32, i40 %layer3_out_read, i32 19" [firmware/nnet_utils/nnet_activation_stream.h:52]   --->   Operation 17 'bitselect' 'tmp' <Predicate = true> <Delay = 0.00>
ST_1 : Operation 18 [1/1] (0.00ns) (grouped into LUT with out node add_ln52)   --->   "%trunc_ln4 = partselect i6 @_ssdm_op_PartSelect.i6.i40.i32.i32, i40 %layer3_out_read, i32 5, i32 10" [firmware/nnet_utils/nnet_activation_stream.h:52]   --->   Operation 18 'partselect' 'trunc_ln4' <Predicate = true> <Delay = 0.00>
ST_1 : Operation 19 [1/1] (0.00ns) (grouped into LUT with out node add_ln52)   --->   "%tmp_89 = bitselect i1 @_ssdm_op_BitSelect.i1.i40.i32, i40 %layer3_out_read, i32 4" [firmware/nnet_utils/nnet_activation_stream.h:52]   --->   Operation 19 'bitselect' 'tmp_89' <Predicate = true> <Delay = 0.00>
ST_1 : Operation 20 [1/1] (0.00ns)   --->   "%trunc_ln52 = trunc i40 %layer3_out_read" [firmware/nnet_utils/nnet_activation_stream.h:52]   --->   Operation 20 'trunc' 'trunc_ln52' <Predicate = true> <Delay = 0.00>
ST_1 : Operation 21 [1/1] (1.77ns)   --->   "%icmp_ln52 = icmp_ne  i4 %trunc_ln52, i4 0" [firmware/nnet_utils/nnet_activation_stream.h:52]   --->   Operation 21 'icmp' 'icmp_ln52' <Predicate = true> <Delay = 1.77> <CoreInst = "Cmp">   --->   Core 9 'Cmp' <Latency = 0> <II = 1> <Delay = 1.77> <FuncUnit> <Opcode : 'seteq' 'setne' 'setle' 'setge' 'setlt' 'setgt'> <InPorts = 2> <OutPorts = 1>
ST_1 : Operation 22 [1/1] (0.00ns) (grouped into LUT with out node empty)   --->   "%tmp_90 = bitselect i1 @_ssdm_op_BitSelect.i1.i40.i32, i40 %layer3_out_read, i32 10" [firmware/nnet_utils/nnet_activation_stream.h:52]   --->   Operation 22 'bitselect' 'tmp_90' <Predicate = true> <Delay = 0.00>
ST_1 : Operation 23 [1/1] (0.00ns) (grouped into LUT with out node add_ln52)   --->   "%tmp_91 = bitselect i1 @_ssdm_op_BitSelect.i1.i40.i32, i40 %layer3_out_read, i32 5" [firmware/nnet_utils/nnet_activation_stream.h:52]   --->   Operation 23 'bitselect' 'tmp_91' <Predicate = true> <Delay = 0.00>
ST_1 : Operation 24 [1/1] (0.00ns) (grouped into LUT with out node add_ln52)   --->   "%or_ln52 = or i1 %tmp_91, i1 %icmp_ln52" [firmware/nnet_utils/nnet_activation_stream.h:52]   --->   Operation 24 'or' 'or_ln52' <Predicate = true> <Delay = 0.00> <CoreInst = "LogicGate">   --->   Core 74 'LogicGate' <Latency = 0> <II = 1> <Delay = 0.97> <FuncUnit> <Opcode : 'and' 'or' 'xor'> <InPorts = 2> <OutPorts = 1>
ST_1 : Operation 25 [1/1] (0.00ns) (grouped into LUT with out node add_ln52)   --->   "%and_ln52 = and i1 %or_ln52, i1 %tmp_89" [firmware/nnet_utils/nnet_activation_stream.h:52]   --->   Operation 25 'and' 'and_ln52' <Predicate = true> <Delay = 0.00> <CoreInst = "LogicGate">   --->   Core 74 'LogicGate' <Latency = 0> <II = 1> <Delay = 0.97> <FuncUnit> <Opcode : 'and' 'or' 'xor'> <InPorts = 2> <OutPorts = 1>
ST_1 : Operation 26 [1/1] (0.00ns) (grouped into LUT with out node add_ln52)   --->   "%zext_ln52 = zext i1 %and_ln52" [firmware/nnet_utils/nnet_activation_stream.h:52]   --->   Operation 26 'zext' 'zext_ln52' <Predicate = true> <Delay = 0.00>
ST_1 : Operation 27 [1/1] (1.94ns) (out node of the LUT)   --->   "%add_ln52 = add i6 %trunc_ln4, i6 %zext_ln52" [firmware/nnet_utils/nnet_activation_stream.h:52]   --->   Operation 27 'add' 'add_ln52' <Predicate = true> <Delay = 1.94> <CoreInst = "Adder">   --->   Core 1 'Adder' <Latency = 0> <II = 1> <Delay = 1.94> <FuncUnit> <Opcode : 'add' 'sub'> <InPorts = 2> <OutPorts = 1>
ST_1 : Operation 28 [1/1] (0.00ns)   --->   "%tmp_6 = partselect i9 @_ssdm_op_PartSelect.i9.i40.i32.i32, i40 %layer3_out_read, i32 11, i32 19" [firmware/nnet_utils/nnet_activation_stream.h:52]   --->   Operation 28 'partselect' 'tmp_6' <Predicate = true> <Delay = 0.00>
ST_1 : Operation 29 [1/1] (2.11ns)   --->   "%icmp_ln52_1 = icmp_eq  i9 %tmp_6, i9 0" [firmware/nnet_utils/nnet_activation_stream.h:52]   --->   Operation 29 'icmp' 'icmp_ln52_1' <Predicate = true> <Delay = 2.11> <CoreInst = "Cmp">   --->   Core 9 'Cmp' <Latency = 0> <II = 1> <Delay = 2.11> <FuncUnit> <Opcode : 'seteq' 'setne' 'setle' 'setge' 'setlt' 'setgt'> <InPorts = 2> <OutPorts = 1>
ST_1 : Operation 30 [1/1] (0.00ns) (grouped into LUT with out node empty)   --->   "%tmp_92 = bitselect i1 @_ssdm_op_BitSelect.i1.i6.i32, i6 %add_ln52, i32 5" [firmware/nnet_utils/nnet_activation_stream.h:52]   --->   Operation 30 'bitselect' 'tmp_92' <Predicate = true> <Delay = 0.00>
ST_1 : Operation 31 [1/1] (0.00ns) (grouped into LUT with out node empty)   --->   "%not_tmp_4 = xor i1 %tmp_90, i1 1" [firmware/nnet_utils/nnet_activation_stream.h:52]   --->   Operation 31 'xor' 'not_tmp_4' <Predicate = true> <Delay = 0.00> <CoreInst = "LogicGate">   --->   Core 74 'LogicGate' <Latency = 0> <II = 1> <Delay = 0.97> <FuncUnit> <Opcode : 'and' 'or' 'xor'> <InPorts = 2> <OutPorts = 1>
ST_1 : Operation 32 [1/1] (0.00ns) (grouped into LUT with out node empty)   --->   "%and_ln52_1 = or i1 %tmp_92, i1 %not_tmp_4" [firmware/nnet_utils/nnet_activation_stream.h:52]   --->   Operation 32 'or' 'and_ln52_1' <Predicate = true> <Delay = 0.00> <CoreInst = "LogicGate">   --->   Core 74 'LogicGate' <Latency = 0> <II = 1> <Delay = 0.97> <FuncUnit> <Opcode : 'and' 'or' 'xor'> <InPorts = 2> <OutPorts = 1>
ST_1 : Operation 33 [1/1] (0.97ns) (out node of the LUT)   --->   "%empty = and i1 %icmp_ln52_1, i1 %and_ln52_1" [firmware/nnet_utils/nnet_activation_stream.h:52]   --->   Operation 33 'and' 'empty' <Predicate = true> <Delay = 0.97> <CoreInst = "LogicGate">   --->   Core 74 'LogicGate' <Latency = 0> <II = 1> <Delay = 0.97> <FuncUnit> <Opcode : 'and' 'or' 'xor'> <InPorts = 2> <OutPorts = 1>
ST_1 : Operation 34 [1/1] (0.00ns) (grouped into LUT with out node select_ln52_1)   --->   "%or_ln52_1 = or i1 %empty, i1 %tmp" [firmware/nnet_utils/nnet_activation_stream.h:52]   --->   Operation 34 'or' 'or_ln52_1' <Predicate = true> <Delay = 0.00> <CoreInst = "LogicGate">   --->   Core 74 'LogicGate' <Latency = 0> <II = 1> <Delay = 0.97> <FuncUnit> <Opcode : 'and' 'or' 'xor'> <InPorts = 2> <OutPorts = 1>
ST_1 : Operation 35 [1/1] (0.00ns) (grouped into LUT with out node out_data)   --->   "%xor_ln52 = xor i1 %empty, i1 1" [firmware/nnet_utils/nnet_activation_stream.h:52]   --->   Operation 35 'xor' 'xor_ln52' <Predicate = true> <Delay = 0.00> <CoreInst = "LogicGate">   --->   Core 74 'LogicGate' <Latency = 0> <II = 1> <Delay = 0.97> <FuncUnit> <Opcode : 'and' 'or' 'xor'> <InPorts = 2> <OutPorts = 1>
ST_1 : Operation 36 [1/1] (0.00ns) (grouped into LUT with out node out_data)   --->   "%or_ln52_2 = or i1 %tmp, i1 %xor_ln52" [firmware/nnet_utils/nnet_activation_stream.h:52]   --->   Operation 36 'or' 'or_ln52_2' <Predicate = true> <Delay = 0.00> <CoreInst = "LogicGate">   --->   Core 74 'LogicGate' <Latency = 0> <II = 1> <Delay = 0.97> <FuncUnit> <Opcode : 'and' 'or' 'xor'> <InPorts = 2> <OutPorts = 1>
ST_1 : Operation 37 [1/1] (0.00ns) (grouped into LUT with out node select_ln52_1)   --->   "%select_ln52 = select i1 %tmp, i6 0, i6 %add_ln52" [firmware/nnet_utils/nnet_activation_stream.h:52]   --->   Operation 37 'select' 'select_ln52' <Predicate = true> <Delay = 0.00> <CoreInst = "Sel">   --->   Core 73 'Sel' <Latency = 0> <II = 1> <Delay = 0.66> <FuncUnit> <Opcode : 'select'> <InPorts = 3> <OutPorts = 1>
ST_1 : Operation 38 [1/1] (0.97ns) (out node of the LUT)   --->   "%select_ln52_1 = select i1 %or_ln52_1, i6 %select_ln52, i6 63" [firmware/nnet_utils/nnet_activation_stream.h:52]   --->   Operation 38 'select' 'select_ln52_1' <Predicate = true> <Delay = 0.97> <CoreInst = "Sel">   --->   Core 73 'Sel' <Latency = 0> <II = 1> <Delay = 0.66> <FuncUnit> <Opcode : 'select'> <InPorts = 3> <OutPorts = 1>
ST_1 : Operation 39 [1/1] (0.00ns) (grouped into LUT with out node out_data)   --->   "%select_ln52_2 = select i1 %or_ln52_2, i6 %select_ln52_1, i6 %add_ln52" [firmware/nnet_utils/nnet_activation_stream.h:52]   --->   Operation 39 'select' 'select_ln52_2' <Predicate = true> <Delay = 0.00> <CoreInst = "Sel">   --->   Core 73 'Sel' <Latency = 0> <II = 1> <Delay = 0.66> <FuncUnit> <Opcode : 'select'> <InPorts = 3> <OutPorts = 1>
ST_1 : Operation 40 [1/1] (0.97ns) (out node of the LUT)   --->   "%out_data = select i1 %icmp_ln51, i6 %select_ln52_2, i6 0" [firmware/nnet_utils/nnet_activation_stream.h:51]   --->   Operation 40 'select' 'out_data' <Predicate = true> <Delay = 0.97> <CoreInst = "Sel">   --->   Core 73 'Sel' <Latency = 0> <II = 1> <Delay = 0.66> <FuncUnit> <Opcode : 'select'> <InPorts = 3> <OutPorts = 1>
ST_1 : Operation 41 [1/1] (2.28ns)   --->   "%icmp_ln51_1 = icmp_sgt  i20 %trunc_ln44_1, i20 0" [firmware/nnet_utils/nnet_activation_stream.h:51]   --->   Operation 41 'icmp' 'icmp_ln51_1' <Predicate = true> <Delay = 2.28> <CoreInst = "Cmp">   --->   Core 9 'Cmp' <Latency = 0> <II = 1> <Delay = 2.28> <FuncUnit> <Opcode : 'seteq' 'setne' 'setle' 'setge' 'setlt' 'setgt'> <InPorts = 2> <OutPorts = 1>
ST_1 : Operation 42 [1/1] (0.00ns)   --->   "%tmp_93 = bitselect i1 @_ssdm_op_BitSelect.i1.i40.i32, i40 %layer3_out_read, i32 39" [firmware/nnet_utils/nnet_activation_stream.h:52]   --->   Operation 42 'bitselect' 'tmp_93' <Predicate = true> <Delay = 0.00>
ST_1 : Operation 43 [1/1] (0.00ns) (grouped into LUT with out node add_ln52_1)   --->   "%trunc_ln52_1 = partselect i6 @_ssdm_op_PartSelect.i6.i40.i32.i32, i40 %layer3_out_read, i32 25, i32 30" [firmware/nnet_utils/nnet_activation_stream.h:52]   --->   Operation 43 'partselect' 'trunc_ln52_1' <Predicate = true> <Delay = 0.00>
ST_1 : Operation 44 [1/1] (0.00ns) (grouped into LUT with out node add_ln52_1)   --->   "%tmp_94 = bitselect i1 @_ssdm_op_BitSelect.i1.i40.i32, i40 %layer3_out_read, i32 24" [firmware/nnet_utils/nnet_activation_stream.h:52]   --->   Operation 44 'bitselect' 'tmp_94' <Predicate = true> <Delay = 0.00>
ST_1 : Operation 45 [1/1] (0.00ns)   --->   "%tmp_s = partselect i4 @_ssdm_op_PartSelect.i4.i40.i32.i32, i40 %layer3_out_read, i32 20, i32 23" [firmware/nnet_utils/nnet_activation_stream.h:52]   --->   Operation 45 'partselect' 'tmp_s' <Predicate = true> <Delay = 0.00>
ST_1 : Operation 46 [1/1] (1.77ns)   --->   "%icmp_ln52_2 = icmp_ne  i4 %tmp_s, i4 0" [firmware/nnet_utils/nnet_activation_stream.h:52]   --->   Operation 46 'icmp' 'icmp_ln52_2' <Predicate = true> <Delay = 1.77> <CoreInst = "Cmp">   --->   Core 9 'Cmp' <Latency = 0> <II = 1> <Delay = 1.77> <FuncUnit> <Opcode : 'seteq' 'setne' 'setle' 'setge' 'setlt' 'setgt'> <InPorts = 2> <OutPorts = 1>
ST_1 : Operation 47 [1/1] (0.00ns) (grouped into LUT with out node empty_57)   --->   "%tmp_95 = bitselect i1 @_ssdm_op_BitSelect.i1.i40.i32, i40 %layer3_out_read, i32 30" [firmware/nnet_utils/nnet_activation_stream.h:52]   --->   Operation 47 'bitselect' 'tmp_95' <Predicate = true> <Delay = 0.00>
ST_1 : Operation 48 [1/1] (0.00ns) (grouped into LUT with out node add_ln52_1)   --->   "%tmp_96 = bitselect i1 @_ssdm_op_BitSelect.i1.i40.i32, i40 %layer3_out_read, i32 25" [firmware/nnet_utils/nnet_activation_stream.h:52]   --->   Operation 48 'bitselect' 'tmp_96' <Predicate = true> <Delay = 0.00>
ST_1 : Operation 49 [1/1] (0.00ns) (grouped into LUT with out node add_ln52_1)   --->   "%or_ln52_3 = or i1 %tmp_96, i1 %icmp_ln52_2" [firmware/nnet_utils/nnet_activation_stream.h:52]   --->   Operation 49 'or' 'or_ln52_3' <Predicate = true> <Delay = 0.00> <CoreInst = "LogicGate">   --->   Core 74 'LogicGate' <Latency = 0> <II = 1> <Delay = 0.97> <FuncUnit> <Opcode : 'and' 'or' 'xor'> <InPorts = 2> <OutPorts = 1>
ST_1 : Operation 50 [1/1] (0.00ns) (grouped into LUT with out node add_ln52_1)   --->   "%and_ln52_2 = and i1 %or_ln52_3, i1 %tmp_94" [firmware/nnet_utils/nnet_activation_stream.h:52]   --->   Operation 50 'and' 'and_ln52_2' <Predicate = true> <Delay = 0.00> <CoreInst = "LogicGate">   --->   Core 74 'LogicGate' <Latency = 0> <II = 1> <Delay = 0.97> <FuncUnit> <Opcode : 'and' 'or' 'xor'> <InPorts = 2> <OutPorts = 1>
ST_1 : Operation 51 [1/1] (0.00ns) (grouped into LUT with out node add_ln52_1)   --->   "%zext_ln52_1 = zext i1 %and_ln52_2" [firmware/nnet_utils/nnet_activation_stream.h:52]   --->   Operation 51 'zext' 'zext_ln52_1' <Predicate = true> <Delay = 0.00>
ST_1 : Operation 52 [1/1] (1.94ns) (out node of the LUT)   --->   "%add_ln52_1 = add i6 %trunc_ln52_1, i6 %zext_ln52_1" [firmware/nnet_utils/nnet_activation_stream.h:52]   --->   Operation 52 'add' 'add_ln52_1' <Predicate = true> <Delay = 1.94> <CoreInst = "Adder">   --->   Core 1 'Adder' <Latency = 0> <II = 1> <Delay = 1.94> <FuncUnit> <Opcode : 'add' 'sub'> <InPorts = 2> <OutPorts = 1>
ST_1 : Operation 53 [1/1] (0.00ns)   --->   "%tmp_12 = partselect i9 @_ssdm_op_PartSelect.i9.i40.i32.i32, i40 %layer3_out_read, i32 31, i32 39" [firmware/nnet_utils/nnet_activation_stream.h:52]   --->   Operation 53 'partselect' 'tmp_12' <Predicate = true> <Delay = 0.00>
ST_1 : Operation 54 [1/1] (2.11ns)   --->   "%icmp_ln52_3 = icmp_eq  i9 %tmp_12, i9 0" [firmware/nnet_utils/nnet_activation_stream.h:52]   --->   Operation 54 'icmp' 'icmp_ln52_3' <Predicate = true> <Delay = 2.11> <CoreInst = "Cmp">   --->   Core 9 'Cmp' <Latency = 0> <II = 1> <Delay = 2.11> <FuncUnit> <Opcode : 'seteq' 'setne' 'setle' 'setge' 'setlt' 'setgt'> <InPorts = 2> <OutPorts = 1>
ST_1 : Operation 55 [1/1] (0.00ns) (grouped into LUT with out node empty_57)   --->   "%tmp_97 = bitselect i1 @_ssdm_op_BitSelect.i1.i6.i32, i6 %add_ln52_1, i32 5" [firmware/nnet_utils/nnet_activation_stream.h:52]   --->   Operation 55 'bitselect' 'tmp_97' <Predicate = true> <Delay = 0.00>
ST_1 : Operation 56 [1/1] (0.00ns) (grouped into LUT with out node empty_57)   --->   "%not_tmp_10 = xor i1 %tmp_95, i1 1" [firmware/nnet_utils/nnet_activation_stream.h:52]   --->   Operation 56 'xor' 'not_tmp_10' <Predicate = true> <Delay = 0.00> <CoreInst = "LogicGate">   --->   Core 74 'LogicGate' <Latency = 0> <II = 1> <Delay = 0.97> <FuncUnit> <Opcode : 'and' 'or' 'xor'> <InPorts = 2> <OutPorts = 1>
ST_1 : Operation 57 [1/1] (0.00ns) (grouped into LUT with out node empty_57)   --->   "%and_ln52_3 = or i1 %tmp_97, i1 %not_tmp_10" [firmware/nnet_utils/nnet_activation_stream.h:52]   --->   Operation 57 'or' 'and_ln52_3' <Predicate = true> <Delay = 0.00> <CoreInst = "LogicGate">   --->   Core 74 'LogicGate' <Latency = 0> <II = 1> <Delay = 0.97> <FuncUnit> <Opcode : 'and' 'or' 'xor'> <InPorts = 2> <OutPorts = 1>
ST_1 : Operation 58 [1/1] (0.97ns) (out node of the LUT)   --->   "%empty_57 = and i1 %icmp_ln52_3, i1 %and_ln52_3" [firmware/nnet_utils/nnet_activation_stream.h:52]   --->   Operation 58 'and' 'empty_57' <Predicate = true> <Delay = 0.97> <CoreInst = "LogicGate">   --->   Core 74 'LogicGate' <Latency = 0> <II = 1> <Delay = 0.97> <FuncUnit> <Opcode : 'and' 'or' 'xor'> <InPorts = 2> <OutPorts = 1>
ST_1 : Operation 59 [1/1] (0.00ns) (grouped into LUT with out node select_ln52_4)   --->   "%or_ln52_4 = or i1 %empty_57, i1 %tmp_93" [firmware/nnet_utils/nnet_activation_stream.h:52]   --->   Operation 59 'or' 'or_ln52_4' <Predicate = true> <Delay = 0.00> <CoreInst = "LogicGate">   --->   Core 74 'LogicGate' <Latency = 0> <II = 1> <Delay = 0.97> <FuncUnit> <Opcode : 'and' 'or' 'xor'> <InPorts = 2> <OutPorts = 1>
ST_1 : Operation 60 [1/1] (0.00ns) (grouped into LUT with out node out_data_1)   --->   "%xor_ln52_1 = xor i1 %empty_57, i1 1" [firmware/nnet_utils/nnet_activation_stream.h:52]   --->   Operation 60 'xor' 'xor_ln52_1' <Predicate = true> <Delay = 0.00> <CoreInst = "LogicGate">   --->   Core 74 'LogicGate' <Latency = 0> <II = 1> <Delay = 0.97> <FuncUnit> <Opcode : 'and' 'or' 'xor'> <InPorts = 2> <OutPorts = 1>
ST_1 : Operation 61 [1/1] (0.00ns) (grouped into LUT with out node out_data_1)   --->   "%or_ln52_5 = or i1 %tmp_93, i1 %xor_ln52_1" [firmware/nnet_utils/nnet_activation_stream.h:52]   --->   Operation 61 'or' 'or_ln52_5' <Predicate = true> <Delay = 0.00> <CoreInst = "LogicGate">   --->   Core 74 'LogicGate' <Latency = 0> <II = 1> <Delay = 0.97> <FuncUnit> <Opcode : 'and' 'or' 'xor'> <InPorts = 2> <OutPorts = 1>
ST_1 : Operation 62 [1/1] (0.00ns) (grouped into LUT with out node select_ln52_4)   --->   "%select_ln52_3 = select i1 %tmp_93, i6 0, i6 %add_ln52_1" [firmware/nnet_utils/nnet_activation_stream.h:52]   --->   Operation 62 'select' 'select_ln52_3' <Predicate = true> <Delay = 0.00> <CoreInst = "Sel">   --->   Core 73 'Sel' <Latency = 0> <II = 1> <Delay = 0.66> <FuncUnit> <Opcode : 'select'> <InPorts = 3> <OutPorts = 1>
ST_1 : Operation 63 [1/1] (0.97ns) (out node of the LUT)   --->   "%select_ln52_4 = select i1 %or_ln52_4, i6 %select_ln52_3, i6 63" [firmware/nnet_utils/nnet_activation_stream.h:52]   --->   Operation 63 'select' 'select_ln52_4' <Predicate = true> <Delay = 0.97> <CoreInst = "Sel">   --->   Core 73 'Sel' <Latency = 0> <II = 1> <Delay = 0.66> <FuncUnit> <Opcode : 'select'> <InPorts = 3> <OutPorts = 1>
ST_1 : Operation 64 [1/1] (0.00ns) (grouped into LUT with out node out_data_1)   --->   "%select_ln52_5 = select i1 %or_ln52_5, i6 %select_ln52_4, i6 %add_ln52_1" [firmware/nnet_utils/nnet_activation_stream.h:52]   --->   Operation 64 'select' 'select_ln52_5' <Predicate = true> <Delay = 0.00> <CoreInst = "Sel">   --->   Core 73 'Sel' <Latency = 0> <II = 1> <Delay = 0.66> <FuncUnit> <Opcode : 'select'> <InPorts = 3> <OutPorts = 1>
ST_1 : Operation 65 [1/1] (0.97ns) (out node of the LUT)   --->   "%out_data_1 = select i1 %icmp_ln51_1, i6 %select_ln52_5, i6 0" [firmware/nnet_utils/nnet_activation_stream.h:51]   --->   Operation 65 'select' 'out_data_1' <Predicate = true> <Delay = 0.97> <CoreInst = "Sel">   --->   Core 73 'Sel' <Latency = 0> <II = 1> <Delay = 0.66> <FuncUnit> <Opcode : 'select'> <InPorts = 3> <OutPorts = 1>
ST_1 : Operation 66 [1/1] (0.00ns)   --->   "%tmp_14 = bitconcatenate i12 @_ssdm_op_BitConcatenate.i12.i6.i6, i6 %out_data_1, i6 %out_data" [firmware/nnet_utils/nnet_activation_stream.h:57]   --->   Operation 66 'bitconcatenate' 'tmp_14' <Predicate = true> <Delay = 0.00>
ST_1 : Operation 67 [1/1] ( I:3.62ns O:3.62ns )   --->   "%write_ln57 = write void @_ssdm_op_Write.ap_fifo.volatile.i12P0A, i12 %layer5_out, i12 %tmp_14" [firmware/nnet_utils/nnet_activation_stream.h:57]   --->   Operation 67 'write' 'write_ln57' <Predicate = true> <Delay = 3.62> <CoreInst = "FIFO">   --->   Core 77 'FIFO' <Latency = 0> <II = 1> <Delay = 3.62> <Storage> <Opcode : 'read' 'write' 'nbread' 'nbwrite'> <Ports = 0> <Width = 12> <Depth = 900> <FIFO>
ST_1 : Operation 68 [1/1] (2.12ns)   --->   "%i = add i10 %i1_load, i10 1" [firmware/nnet_utils/nnet_activation_stream.h:41]   --->   Operation 68 'add' 'i' <Predicate = true> <Delay = 2.12> <CoreInst = "Adder">   --->   Core 1 'Adder' <Latency = 0> <II = 1> <Delay = 2.12> <FuncUnit> <Opcode : 'add' 'sub'> <InPorts = 2> <OutPorts = 1>
ST_1 : Operation 69 [1/1] (2.12ns)   --->   "%icmp_ln41 = icmp_eq  i10 %i1_load, i10 899" [firmware/nnet_utils/nnet_activation_stream.h:41]   --->   Operation 69 'icmp' 'icmp_ln41' <Predicate = true> <Delay = 2.12> <CoreInst = "Cmp">   --->   Core 9 'Cmp' <Latency = 0> <II = 1> <Delay = 2.12> <FuncUnit> <Opcode : 'seteq' 'setne' 'setle' 'setge' 'setlt' 'setgt'> <InPorts = 2> <OutPorts = 1>
ST_1 : Operation 70 [1/1] (1.61ns)   --->   "%store_ln41 = store i10 %i, i10 %i1" [firmware/nnet_utils/nnet_activation_stream.h:41]   --->   Operation 70 'store' 'store_ln41' <Predicate = true> <Delay = 1.61>
ST_1 : Operation 71 [1/1] (0.00ns)   --->   "%br_ln41 = br i1 %icmp_ln41, void %ReLUPackLoop.split_ifconv, void %for.end15" [firmware/nnet_utils/nnet_activation_stream.h:41]   --->   Operation 71 'br' 'br_ln41' <Predicate = true> <Delay = 0.00>
ST_1 : Operation 72 [1/1] (1.61ns)   --->   "%ret_ln59 = ret" [firmware/nnet_utils/nnet_activation_stream.h:59]   --->   Operation 72 'ret' 'ret_ln59' <Predicate = (icmp_ln41)> <Delay = 1.61>


============================================================
+ Verbose Summary: Timing violations
============================================================
Target clock period: 30.000ns, clock uncertainty: 8.100ns.

 <State 1>: 13.909ns
The critical path consists of the following:
	fifo read operation ('layer3_out_read', firmware/nnet_utils/nnet_activation_stream.h:44) on port 'layer3_out' (firmware/nnet_utils/nnet_activation_stream.h:44) [13]  (3.626 ns)
	'icmp' operation 1 bit ('icmp_ln52_2', firmware/nnet_utils/nnet_activation_stream.h:52) [46]  (1.777 ns)
	'or' operation 1 bit ('or_ln52_3', firmware/nnet_utils/nnet_activation_stream.h:52) [49]  (0.000 ns)
	'and' operation 1 bit ('and_ln52_2', firmware/nnet_utils/nnet_activation_stream.h:52) [50]  (0.000 ns)
	'add' operation 6 bit ('add_ln52_1', firmware/nnet_utils/nnet_activation_stream.h:52) [52]  (1.946 ns)
	'or' operation 1 bit ('and_ln52_3', firmware/nnet_utils/nnet_activation_stream.h:52) [57]  (0.000 ns)
	'and' operation 1 bit ('empty_57', firmware/nnet_utils/nnet_activation_stream.h:52) [58]  (0.978 ns)
	'or' operation 1 bit ('or_ln52_4', firmware/nnet_utils/nnet_activation_stream.h:52) [59]  (0.000 ns)
	'select' operation 6 bit ('select_ln52_4', firmware/nnet_utils/nnet_activation_stream.h:52) [63]  (0.978 ns)
	'select' operation 6 bit ('select_ln52_5', firmware/nnet_utils/nnet_activation_stream.h:52) [64]  (0.000 ns)
	'select' operation 6 bit ('out_data', firmware/nnet_utils/nnet_activation_stream.h:51) [65]  (0.978 ns)
	fifo write operation ('write_ln57', firmware/nnet_utils/nnet_activation_stream.h:57) on port 'layer5_out' (firmware/nnet_utils/nnet_activation_stream.h:57) [67]  (3.626 ns)


============================================================
+ Verbose Summary: Binding
============================================================
N/A
* FSMD analyzer results:
  - Output states:
 - Input state : 
  - Chain level:
	State 1


============================================================
+ Verbose Summary: Datapath Resource usage 
============================================================
N/A
