Copyright 1986-2022 Xilinx, Inc. All Rights Reserved. Copyright 2022-2024 Advanced Micro Devices, Inc. All Rights Reserved.
---------------------------------------------------------------------------------------------------------------------------------------------
| Tool Version : Vivado v.2024.2 (lin64) Build 5239630 Fri Nov 08 22:34:34 MST 2024
| Date         : Sat May  3 18:08:48 2025
| Host         : pop-os running 64-bit Pop!_OS 22.04 LTS
| Command      : upgrade_ip
| Device       : xc7a35tcpg236-1
---------------------------------------------------------------------------------------------------------------------------------------------

Upgrade Log for IP 'design_3_ila_0_0'

1. Summary
----------

SUCCESS in the upgrade of design_3_ila_0_0 (xilinx.com:ip:ila:6.2) from (Rev. 13) to (Rev. 16)






Copyright 1986-2022 Xilinx, Inc. All Rights Reserved. Copyright 2022-2024 Advanced Micro Devices, Inc. All Rights Reserved.
---------------------------------------------------------------------------------------------------------------------------------------------
| Tool Version : Vivado v.2024.2 (lin64) Build 5239630 Fri Nov 08 22:34:34 MST 2024
| Date         : Sat May  3 18:08:46 2025
| Host         : pop-os running 64-bit Pop!_OS 22.04 LTS
| Command      : upgrade_ip
| Device       : xc7a35tcpg236-1
---------------------------------------------------------------------------------------------------------------------------------------------

Upgrade Log for IP 'design_2_ila_0_0'

1. Summary
----------

SUCCESS in the upgrade of design_2_ila_0_0 (xilinx.com:ip:ila:6.2) from (Rev. 13) to (Rev. 16)






Copyright 1986-2022 Xilinx, Inc. All Rights Reserved. Copyright 2022-2024 Advanced Micro Devices, Inc. All Rights Reserved.
---------------------------------------------------------------------------------------------------------------------------------------------
| Tool Version : Vivado v.2024.2 (lin64) Build 5239630 Fri Nov 08 22:34:34 MST 2024
| Date         : Sat May  3 18:08:45 2025
| Host         : pop-os running 64-bit Pop!_OS 22.04 LTS
| Command      : upgrade_ip
| Device       : xc7a35tcpg236-1
---------------------------------------------------------------------------------------------------------------------------------------------

Upgrade Log for IP 'design_1_ila_0_0'

1. Summary
----------

SUCCESS in the upgrade of design_1_ila_0_0 (xilinx.com:ip:ila:6.2) from (Rev. 13) to (Rev. 16)






Copyright 1986-2022 Xilinx, Inc. All Rights Reserved. Copyright 2022-2024 Advanced Micro Devices, Inc. All Rights Reserved.
---------------------------------------------------------------------------------------------------------------------------------------------
| Tool Version : Vivado v.2024.2 (lin64) Build 5239630 Fri Nov 08 22:34:34 MST 2024
| Date         : Sat May  3 18:08:45 2025
| Host         : pop-os running 64-bit Pop!_OS 22.04 LTS
| Command      : upgrade_ip
| Device       : xc7a35tcpg236-1
---------------------------------------------------------------------------------------------------------------------------------------------

Upgrade Log for IP 'design_1_clk_wiz_0_0'

1. Summary
----------

SUCCESS in the upgrade of design_1_clk_wiz_0_0 (xilinx.com:ip:clk_wiz:6.0) from (Rev. 12) to (Rev. 15)

