

================================================================
== Vitis HLS Report for 'conv_2d_cl_array_ap_uint_8_1u_array_ap_fixed_20_16_5_3_0_2u_config2_s'
================================================================
* Date:           Mon Apr 28 18:55:58 2025

* Version:        2024.2 (Build 5238294 on Nov  8 2024)
* Project:        myproject_prj
* Solution:       solution1 (Vivado IP Flow Target)
* Product family: artix7
* Target device:  xc7a35t-cpg236-1


================================================================
== Performance Estimates
================================================================
+ Timing: 
    * Summary: 
    +--------+----------+-----------+------------+
    |  Clock |  Target  | Estimated | Uncertainty|
    +--------+----------+-----------+------------+
    |ap_clk  |  30.00 ns|  20.557 ns|     8.10 ns|
    +--------+----------+-----------+------------+

+ Latency: 
    * Summary: 
    +---------+---------+----------+----------+-------+--------+---------+
    |  Latency (cycles) |  Latency (absolute) |    Interval    | Pipeline|
    |   min   |   max   |    min   |    max   |  min  |   max  |   Type  |
    +---------+---------+----------+----------+-------+--------+---------+
    |    16385|   225281|  0.492 ms|  6.758 ms|  16385|  225281|       no|
    +---------+---------+----------+----------+-------+--------+---------+

    + Detail: 
        * Instance: 
        +-----------------------------------------------------------------------------------+------------------------------------------------------------------------+---------+---------+-----------+----------+-----+-----+---------+
        |                                                                                   |                                                                        |  Latency (cycles) |  Latency (absolute)  |  Interval | Pipeline|
        |                                      Instance                                     |                                 Module                                 |   min   |   max   |    min    |    max   | min | max |   Type  |
        +-----------------------------------------------------------------------------------+------------------------------------------------------------------------+---------+---------+-----------+----------+-----+-----+---------+
        |grp_compute_output_buffer_2d_array_array_ap_fixed_20_16_5_3_0_2u_config2_s_fu_118  |compute_output_buffer_2d_array_array_ap_fixed_20_16_5_3_0_2u_config2_s  |        2|       53|  60.000 ns|  1.590 us|    2|   53|       no|
        +-----------------------------------------------------------------------------------+------------------------------------------------------------------------+---------+---------+-----------+----------+-----+-----+---------+

        * Loop: 
        +----------------------------------+---------+---------+----------+-----------+-----------+------+----------+
        |                                  |  Latency (cycles) | Iteration|  Initiation Interval  | Trip |          |
        |             Loop Name            |   min   |   max   |  Latency |  achieved |   target  | Count| Pipelined|
        +----------------------------------+---------+---------+----------+-----------+-----------+------+----------+
        |- ReadInputHeight_ReadInputWidth  |    16384|   225280|    4 ~ 55|          -|          -|  4096|        no|
        +----------------------------------+---------+---------+----------+-----------+-----------+------+----------+

============================================================
+ Verbose Summary: Synthesis Manager
============================================================
InlineROM: 1
ExposeGlobal: 0
============================================================
+ Verbose Summary: CDFG Model
============================================================
IsTopModel: 0
ResetActiveHigh: 1
IsCombinational: 2
IsDatapathOnly: 0
HasWiredReturn: 1
HasMFsm: 0
HasVarLatency: 1
IsPipeline: 0
IsRtlPipelined: 0
IsInstanceOverlapped: 0
IsDontTouch: 0
HasImplIP: 0
IsGatedGlobalClock: 0


============================================================
+ Verbose Summary: Schedule
============================================================
* Number of FSM states : 3
* Pipeline : 0
* Dataflow Pipeline: 0

* FSM state transitions: 
1 --> 2 
2 --> 3 
3 --> 2 

* FSM state operations: 

State 1 <SV = 0> <Delay = 1.61>
ST_1 : Operation 4 [1/1] (0.00ns)   --->   "%indvar_flatten = alloca i32 1"   --->   Operation 4 'alloca' 'indvar_flatten' <Predicate = true> <Delay = 0.00>
ST_1 : Operation 5 [1/1] (0.00ns)   --->   "%specinterface_ln0 = specinterface void @_ssdm_op_SpecInterface, i40 %layer2_out, void @empty_1, i32 0, i32 0, void @empty_0, i32 0, i32 0, void @empty_0, void @empty_0, void @empty_0, i32 0, i32 0, i32 0, i32 0, void @empty_0, void @empty_0, i32 4294967295, i32 0, i32 0"   --->   Operation 5 'specinterface' 'specinterface_ln0' <Predicate = true> <Delay = 0.00>
ST_1 : Operation 6 [1/1] (0.00ns)   --->   "%specinterface_ln0 = specinterface void @_ssdm_op_SpecInterface, i8 %input_1, void @empty_6, i32 1, i32 1, void @empty, i32 0, i32 0, void @empty_0, void @empty_0, void @empty_0, i32 0, i32 0, i32 0, i32 0, void @empty_0, void @empty_0, i32 4294967295, i32 0, i32 0"   --->   Operation 6 'specinterface' 'specinterface_ln0' <Predicate = true> <Delay = 0.00>
ST_1 : Operation 7 [1/1] (1.61ns)   --->   "%store_ln0 = store i13 0, i13 %indvar_flatten"   --->   Operation 7 'store' 'store_ln0' <Predicate = true> <Delay = 1.61>
ST_1 : Operation 8 [1/1] (0.00ns)   --->   "%br_ln51 = br void %for.body12.i" [firmware/nnet_utils/nnet_conv2d_stream.h:51->firmware/nnet_utils/nnet_conv2d_stream.h:77]   --->   Operation 8 'br' 'br_ln51' <Predicate = true> <Delay = 0.00>

State 2 <SV = 1> <Delay = 3.74>
ST_2 : Operation 9 [1/1] (0.00ns)   --->   "%indvar_flatten_load = load i13 %indvar_flatten" [firmware/nnet_utils/nnet_conv2d_stream.h:51->firmware/nnet_utils/nnet_conv2d_stream.h:77]   --->   Operation 9 'load' 'indvar_flatten_load' <Predicate = true> <Delay = 0.00>
ST_2 : Operation 10 [1/1] (2.13ns)   --->   "%icmp_ln51 = icmp_eq  i13 %indvar_flatten_load, i13 4096" [firmware/nnet_utils/nnet_conv2d_stream.h:51->firmware/nnet_utils/nnet_conv2d_stream.h:77]   --->   Operation 10 'icmp' 'icmp_ln51' <Predicate = true> <Delay = 2.13> <CoreInst = "Cmp">   --->   Core 9 'Cmp' <Latency = 0> <II = 1> <Delay = 2.13> <FuncUnit> <Opcode : 'seteq' 'setne' 'setle' 'setge' 'setlt' 'setgt'> <InPorts = 2> <OutPorts = 1>
ST_2 : Operation 11 [1/1] (2.13ns)   --->   "%add_ln51 = add i13 %indvar_flatten_load, i13 1" [firmware/nnet_utils/nnet_conv2d_stream.h:51->firmware/nnet_utils/nnet_conv2d_stream.h:77]   --->   Operation 11 'add' 'add_ln51' <Predicate = true> <Delay = 2.13> <CoreInst = "Adder">   --->   Core 1 'Adder' <Latency = 0> <II = 1> <Delay = 2.13> <FuncUnit> <Opcode : 'add' 'sub'> <InPorts = 2> <OutPorts = 1>
ST_2 : Operation 12 [1/1] (0.00ns)   --->   "%br_ln51 = br i1 %icmp_ln51, void %for.cond.cleanup11.i, void %_ZN4nnet26conv_2d_buffer_resource_clINS_5arrayI7ap_uintILi8EELj1EEENS1_I8ap_fixedILi20ELi16EL9ap_q_mode5EL9ap_o_mode3ELi0EELj2EEE7config2EEvRN3hls6streamIT_Li0EEERNSC_IT0_Li0EEEPNT1_8weight_tEPNSJ_6bias_tE.18.exit" [firmware/nnet_utils/nnet_conv2d_stream.h:51->firmware/nnet_utils/nnet_conv2d_stream.h:77]   --->   Operation 12 'br' 'br_ln51' <Predicate = true> <Delay = 0.00>
ST_2 : Operation 13 [1/1] (0.51ns)   --->   "%input_1_read = read i8 @_ssdm_op_Read.axis.volatile.i8P128A, i8 %input_1" [firmware/nnet_utils/nnet_conv2d_stream.h:57->firmware/nnet_utils/nnet_conv2d_stream.h:77]   --->   Operation 13 'read' 'input_1_read' <Predicate = (!icmp_ln51)> <Delay = 0.51> <CoreInst = "regslice">   --->   Core 135 'regslice' <Latency = 0> <II = 1> <Delay = 1.75> <Adapter> <Opcode : 'read' 'write'>
ST_2 : Operation 14 [2/2] (0.00ns)   --->   "%call_ln57 = call void @compute_output_buffer_2d<array,array<ap_fixed<20,16,5,3,0>,2u>,config2>, i8 %input_1_read, i40 %layer2_out, i8 %void_compute_output_buffer_2d_array_const_ap_shift_reg_n_chan_stream_weig_8, i8 %void_compute_output_buffer_2d_array_const_ap_shift_reg_n_chan_stream_weig_9, i8 %void_compute_output_buffer_2d_array_const_ap_shift_reg_n_chan_stream_weig_3, i8 %void_compute_output_buffer_2d_array_const_ap_shift_reg_n_chan_stream_weig_4, i8 %p_ZZN4nnet24compute_output_buffer_2dINS_5arrayI7ap_uintILi8EELj1EEENS1_I8ap_fixed_13, i8 %p_ZZN4nnet24compute_output_buffer_2dINS_5arrayI7ap_uintILi8EELj1EEENS1_I8ap_fixed_14, i8 %p_ZZN4nnet24compute_output_buffer_2dINS_5arrayI7ap_uintILi8EELj1EEENS1_I8ap_fixed_8, i8 %p_ZZN4nnet24compute_output_buffer_2dINS_5arrayI7ap_uintILi8EELj1EEENS1_I8ap_fixed_9, i8 %p_ZZN4nnet24compute_output_buffer_2dINS_5arrayI7ap_uintILi8EELj1EEENS1_I8ap_fixed_3, i8 %p_ZZN4nnet24compute_output_buffer_2dINS_5arrayI7ap_uintILi8EELj1EEENS1_I8ap_fixed_4, i8 %void_compute_output_buffer_2d_array_const_ap_shift_reg_n_chan_stream_weig_7, i8 %void_compute_output_buffer_2d_array_const_ap_shift_reg_n_chan_stream_weig_2, i8 %p_ZZN4nnet24compute_output_buffer_2dINS_5arrayI7ap_uintILi8EELj1EEENS1_I8ap_fixed_12, i8 %p_ZZN4nnet24compute_output_buffer_2dINS_5arrayI7ap_uintILi8EELj1EEENS1_I8ap_fixed_7, i8 %p_ZZN4nnet24compute_output_buffer_2dINS_5arrayI7ap_uintILi8EELj1EEENS1_I8ap_fixed_2, i8 %void_compute_output_buffer_2d_array_const_ap_shift_reg_n_chan_stream_weig_6, i8 %void_compute_output_buffer_2d_array_const_ap_shift_reg_n_chan_stream_weig_1, i8 %p_ZZN4nnet24compute_output_buffer_2dINS_5arrayI7ap_uintILi8EELj1EEENS1_I8ap_fixed_11, i8 %p_ZZN4nnet24compute_output_buffer_2dINS_5arrayI7ap_uintILi8EELj1EEENS1_I8ap_fixed_6, i8 %p_ZZN4nnet24compute_output_buffer_2dINS_5arrayI7ap_uintILi8EELj1EEENS1_I8ap_fixed_1, i8 %void_compute_output_buffer_2d_array_const_ap_shift_reg_n_chan_stream_weig_5, i8 %void_compute_output_buffer_2d_array_const_ap_shift_reg_n_chan_stream_weig, i8 %p_ZZN4nnet24compute_output_buffer_2dINS_5arrayI7ap_uintILi8EELj1EEENS1_I8ap_fixed_10, i8 %p_ZZN4nnet24compute_output_buffer_2dINS_5arrayI7ap_uintILi8EELj1EEENS1_I8ap_fixed_5, i8 %p_ZZN4nnet24compute_output_buffer_2dINS_5arrayI7ap_uintILi8EELj1EEENS1_I8ap_fixed, i8 %void_conv_2d_buffer_resource_cl_stream_stream_weight_t_bias_t_line_buffer_3, i8 %void_conv_2d_buffer_resource_cl_stream_stream_weight_t_bias_t_line_buffer_2, i8 %void_conv_2d_buffer_resource_cl_stream_stream_weight_t_bias_t_line_buffer_1, i8 %void_conv_2d_buffer_resource_cl_stream_stream_weight_t_bias_t_line_buffer, i32 %sX, i32 %sY, i32 %pY, i32 %pX, i1 %outidx, i5 %w2" [firmware/nnet_utils/nnet_conv2d_stream.h:57->firmware/nnet_utils/nnet_conv2d_stream.h:77]   --->   Operation 14 'call' 'call_ln57' <Predicate = (!icmp_ln51)> <Delay = 0.00> <CoreType = "Generic">   --->   Generic Core
ST_2 : Operation 15 [1/1] (1.61ns)   --->   "%store_ln51 = store i13 %add_ln51, i13 %indvar_flatten" [firmware/nnet_utils/nnet_conv2d_stream.h:51->firmware/nnet_utils/nnet_conv2d_stream.h:77]   --->   Operation 15 'store' 'store_ln51' <Predicate = (!icmp_ln51)> <Delay = 1.61>
ST_2 : Operation 16 [1/1] (0.00ns)   --->   "%ret_ln79 = ret" [firmware/nnet_utils/nnet_conv2d_stream.h:79]   --->   Operation 16 'ret' 'ret_ln79' <Predicate = (icmp_ln51)> <Delay = 0.00>

State 3 <SV = 2> <Delay = 0.00>
ST_3 : Operation 17 [1/1] (0.00ns)   --->   "%specloopname_ln0 = specloopname void @_ssdm_op_SpecLoopName, void @ReadInputHeight_ReadInputWidth_str"   --->   Operation 17 'specloopname' 'specloopname_ln0' <Predicate = true> <Delay = 0.00>
ST_3 : Operation 18 [1/1] (0.00ns)   --->   "%speclooptripcount_ln0 = speclooptripcount void @_ssdm_op_SpecLoopTripCount, i64 4096, i64 4096, i64 4096"   --->   Operation 18 'speclooptripcount' 'speclooptripcount_ln0' <Predicate = true> <Delay = 0.00>
ST_3 : Operation 19 [1/2] (0.00ns)   --->   "%call_ln57 = call void @compute_output_buffer_2d<array,array<ap_fixed<20,16,5,3,0>,2u>,config2>, i8 %input_1_read, i40 %layer2_out, i8 %void_compute_output_buffer_2d_array_const_ap_shift_reg_n_chan_stream_weig_8, i8 %void_compute_output_buffer_2d_array_const_ap_shift_reg_n_chan_stream_weig_9, i8 %void_compute_output_buffer_2d_array_const_ap_shift_reg_n_chan_stream_weig_3, i8 %void_compute_output_buffer_2d_array_const_ap_shift_reg_n_chan_stream_weig_4, i8 %p_ZZN4nnet24compute_output_buffer_2dINS_5arrayI7ap_uintILi8EELj1EEENS1_I8ap_fixed_13, i8 %p_ZZN4nnet24compute_output_buffer_2dINS_5arrayI7ap_uintILi8EELj1EEENS1_I8ap_fixed_14, i8 %p_ZZN4nnet24compute_output_buffer_2dINS_5arrayI7ap_uintILi8EELj1EEENS1_I8ap_fixed_8, i8 %p_ZZN4nnet24compute_output_buffer_2dINS_5arrayI7ap_uintILi8EELj1EEENS1_I8ap_fixed_9, i8 %p_ZZN4nnet24compute_output_buffer_2dINS_5arrayI7ap_uintILi8EELj1EEENS1_I8ap_fixed_3, i8 %p_ZZN4nnet24compute_output_buffer_2dINS_5arrayI7ap_uintILi8EELj1EEENS1_I8ap_fixed_4, i8 %void_compute_output_buffer_2d_array_const_ap_shift_reg_n_chan_stream_weig_7, i8 %void_compute_output_buffer_2d_array_const_ap_shift_reg_n_chan_stream_weig_2, i8 %p_ZZN4nnet24compute_output_buffer_2dINS_5arrayI7ap_uintILi8EELj1EEENS1_I8ap_fixed_12, i8 %p_ZZN4nnet24compute_output_buffer_2dINS_5arrayI7ap_uintILi8EELj1EEENS1_I8ap_fixed_7, i8 %p_ZZN4nnet24compute_output_buffer_2dINS_5arrayI7ap_uintILi8EELj1EEENS1_I8ap_fixed_2, i8 %void_compute_output_buffer_2d_array_const_ap_shift_reg_n_chan_stream_weig_6, i8 %void_compute_output_buffer_2d_array_const_ap_shift_reg_n_chan_stream_weig_1, i8 %p_ZZN4nnet24compute_output_buffer_2dINS_5arrayI7ap_uintILi8EELj1EEENS1_I8ap_fixed_11, i8 %p_ZZN4nnet24compute_output_buffer_2dINS_5arrayI7ap_uintILi8EELj1EEENS1_I8ap_fixed_6, i8 %p_ZZN4nnet24compute_output_buffer_2dINS_5arrayI7ap_uintILi8EELj1EEENS1_I8ap_fixed_1, i8 %void_compute_output_buffer_2d_array_const_ap_shift_reg_n_chan_stream_weig_5, i8 %void_compute_output_buffer_2d_array_const_ap_shift_reg_n_chan_stream_weig, i8 %p_ZZN4nnet24compute_output_buffer_2dINS_5arrayI7ap_uintILi8EELj1EEENS1_I8ap_fixed_10, i8 %p_ZZN4nnet24compute_output_buffer_2dINS_5arrayI7ap_uintILi8EELj1EEENS1_I8ap_fixed_5, i8 %p_ZZN4nnet24compute_output_buffer_2dINS_5arrayI7ap_uintILi8EELj1EEENS1_I8ap_fixed, i8 %void_conv_2d_buffer_resource_cl_stream_stream_weight_t_bias_t_line_buffer_3, i8 %void_conv_2d_buffer_resource_cl_stream_stream_weight_t_bias_t_line_buffer_2, i8 %void_conv_2d_buffer_resource_cl_stream_stream_weight_t_bias_t_line_buffer_1, i8 %void_conv_2d_buffer_resource_cl_stream_stream_weight_t_bias_t_line_buffer, i32 %sX, i32 %sY, i32 %pY, i32 %pX, i1 %outidx, i5 %w2" [firmware/nnet_utils/nnet_conv2d_stream.h:57->firmware/nnet_utils/nnet_conv2d_stream.h:77]   --->   Operation 19 'call' 'call_ln57' <Predicate = true> <Delay = 0.00> <CoreType = "Generic">   --->   Generic Core
ST_3 : Operation 20 [1/1] (0.00ns)   --->   "%br_ln53 = br void %for.body12.i" [firmware/nnet_utils/nnet_conv2d_stream.h:53->firmware/nnet_utils/nnet_conv2d_stream.h:77]   --->   Operation 20 'br' 'br_ln53' <Predicate = true> <Delay = 0.00>


============================================================
+ Verbose Summary: Binding
============================================================
STG Binding: 
---------------- STG Properties BEGIN ----------------
- Is combinational: 0
- Is one-state seq: 0
- Is datapath-only: 0
- Is pipelined: 0
- Is top level: 0
Port [ Return ] is wired: 1; IO mode=ap_ctrl_hs:ce=0
Port [ input_1]:  wired=1; compound=1; hidden=0; nouse=0; global=0; static=0; extern=0; dir=0; type=0; pingpong=0; private_global=0; IO mode=axis:ce=0
Port [ layer2_out]:  wired=1; compound=1; hidden=0; nouse=0; global=0; static=0; extern=0; dir=1; type=3; pingpong=0; private_global=0; IO mode=ap_fifo:ce=0
Port [ void_compute_output_buffer_2d_array_const_ap_shift_reg_n_chan_stream_weig_8]:  wired=0; compound=0; hidden=1; nouse=1; global=1; static=1; extern=0; dir=2; type=0; pingpong=0; private_global=0; IO mode=ap_ovld:ce=0
Port [ void_compute_output_buffer_2d_array_const_ap_shift_reg_n_chan_stream_weig_9]:  wired=0; compound=0; hidden=1; nouse=1; global=1; static=1; extern=0; dir=2; type=0; pingpong=0; private_global=0; IO mode=ap_ovld:ce=0
Port [ void_compute_output_buffer_2d_array_const_ap_shift_reg_n_chan_stream_weig_3]:  wired=0; compound=0; hidden=1; nouse=1; global=1; static=1; extern=0; dir=2; type=0; pingpong=0; private_global=0; IO mode=ap_ovld:ce=0
Port [ void_compute_output_buffer_2d_array_const_ap_shift_reg_n_chan_stream_weig_4]:  wired=0; compound=0; hidden=1; nouse=1; global=1; static=1; extern=0; dir=2; type=0; pingpong=0; private_global=0; IO mode=ap_ovld:ce=0
Port [ p_ZZN4nnet24compute_output_buffer_2dINS_5arrayI7ap_uintILi8EELj1EEENS1_I8ap_fixed_13]:  wired=0; compound=0; hidden=1; nouse=1; global=1; static=1; extern=0; dir=2; type=0; pingpong=0; private_global=0; IO mode=ap_ovld:ce=0
Port [ p_ZZN4nnet24compute_output_buffer_2dINS_5arrayI7ap_uintILi8EELj1EEENS1_I8ap_fixed_14]:  wired=0; compound=0; hidden=1; nouse=1; global=1; static=1; extern=0; dir=2; type=0; pingpong=0; private_global=0; IO mode=ap_ovld:ce=0
Port [ p_ZZN4nnet24compute_output_buffer_2dINS_5arrayI7ap_uintILi8EELj1EEENS1_I8ap_fixed_8]:  wired=0; compound=0; hidden=1; nouse=1; global=1; static=1; extern=0; dir=2; type=0; pingpong=0; private_global=0; IO mode=ap_ovld:ce=0
Port [ p_ZZN4nnet24compute_output_buffer_2dINS_5arrayI7ap_uintILi8EELj1EEENS1_I8ap_fixed_9]:  wired=0; compound=0; hidden=1; nouse=1; global=1; static=1; extern=0; dir=2; type=0; pingpong=0; private_global=0; IO mode=ap_ovld:ce=0
Port [ p_ZZN4nnet24compute_output_buffer_2dINS_5arrayI7ap_uintILi8EELj1EEENS1_I8ap_fixed_3]:  wired=0; compound=0; hidden=1; nouse=1; global=1; static=1; extern=0; dir=2; type=0; pingpong=0; private_global=0; IO mode=ap_ovld:ce=0
Port [ p_ZZN4nnet24compute_output_buffer_2dINS_5arrayI7ap_uintILi8EELj1EEENS1_I8ap_fixed_4]:  wired=0; compound=0; hidden=1; nouse=1; global=1; static=1; extern=0; dir=2; type=0; pingpong=0; private_global=0; IO mode=ap_ovld:ce=0
Port [ void_compute_output_buffer_2d_array_const_ap_shift_reg_n_chan_stream_weig_7]:  wired=0; compound=0; hidden=1; nouse=1; global=1; static=1; extern=0; dir=2; type=0; pingpong=0; private_global=0; IO mode=ap_ovld:ce=0
Port [ void_compute_output_buffer_2d_array_const_ap_shift_reg_n_chan_stream_weig_2]:  wired=0; compound=0; hidden=1; nouse=1; global=1; static=1; extern=0; dir=2; type=0; pingpong=0; private_global=0; IO mode=ap_ovld:ce=0
Port [ p_ZZN4nnet24compute_output_buffer_2dINS_5arrayI7ap_uintILi8EELj1EEENS1_I8ap_fixed_12]:  wired=0; compound=0; hidden=1; nouse=1; global=1; static=1; extern=0; dir=2; type=0; pingpong=0; private_global=0; IO mode=ap_ovld:ce=0
Port [ p_ZZN4nnet24compute_output_buffer_2dINS_5arrayI7ap_uintILi8EELj1EEENS1_I8ap_fixed_7]:  wired=0; compound=0; hidden=1; nouse=1; global=1; static=1; extern=0; dir=2; type=0; pingpong=0; private_global=0; IO mode=ap_ovld:ce=0
Port [ p_ZZN4nnet24compute_output_buffer_2dINS_5arrayI7ap_uintILi8EELj1EEENS1_I8ap_fixed_2]:  wired=0; compound=0; hidden=1; nouse=1; global=1; static=1; extern=0; dir=2; type=0; pingpong=0; private_global=0; IO mode=ap_ovld:ce=0
Port [ void_compute_output_buffer_2d_array_const_ap_shift_reg_n_chan_stream_weig_6]:  wired=0; compound=0; hidden=1; nouse=1; global=1; static=1; extern=0; dir=2; type=0; pingpong=0; private_global=0; IO mode=ap_ovld:ce=0
Port [ void_compute_output_buffer_2d_array_const_ap_shift_reg_n_chan_stream_weig_1]:  wired=0; compound=0; hidden=1; nouse=1; global=1; static=1; extern=0; dir=2; type=0; pingpong=0; private_global=0; IO mode=ap_ovld:ce=0
Port [ p_ZZN4nnet24compute_output_buffer_2dINS_5arrayI7ap_uintILi8EELj1EEENS1_I8ap_fixed_11]:  wired=0; compound=0; hidden=1; nouse=1; global=1; static=1; extern=0; dir=2; type=0; pingpong=0; private_global=0; IO mode=ap_ovld:ce=0
Port [ p_ZZN4nnet24compute_output_buffer_2dINS_5arrayI7ap_uintILi8EELj1EEENS1_I8ap_fixed_6]:  wired=0; compound=0; hidden=1; nouse=1; global=1; static=1; extern=0; dir=2; type=0; pingpong=0; private_global=0; IO mode=ap_ovld:ce=0
Port [ p_ZZN4nnet24compute_output_buffer_2dINS_5arrayI7ap_uintILi8EELj1EEENS1_I8ap_fixed_1]:  wired=0; compound=0; hidden=1; nouse=1; global=1; static=1; extern=0; dir=2; type=0; pingpong=0; private_global=0; IO mode=ap_ovld:ce=0
Port [ void_compute_output_buffer_2d_array_const_ap_shift_reg_n_chan_stream_weig_5]:  wired=0; compound=0; hidden=1; nouse=1; global=1; static=1; extern=0; dir=2; type=0; pingpong=0; private_global=0; IO mode=ap_ovld:ce=0
Port [ void_compute_output_buffer_2d_array_const_ap_shift_reg_n_chan_stream_weig]:  wired=0; compound=0; hidden=1; nouse=1; global=1; static=1; extern=0; dir=2; type=0; pingpong=0; private_global=0; IO mode=ap_ovld:ce=0
Port [ p_ZZN4nnet24compute_output_buffer_2dINS_5arrayI7ap_uintILi8EELj1EEENS1_I8ap_fixed_10]:  wired=0; compound=0; hidden=1; nouse=1; global=1; static=1; extern=0; dir=2; type=0; pingpong=0; private_global=0; IO mode=ap_ovld:ce=0
Port [ p_ZZN4nnet24compute_output_buffer_2dINS_5arrayI7ap_uintILi8EELj1EEENS1_I8ap_fixed_5]:  wired=0; compound=0; hidden=1; nouse=1; global=1; static=1; extern=0; dir=2; type=0; pingpong=0; private_global=0; IO mode=ap_ovld:ce=0
Port [ p_ZZN4nnet24compute_output_buffer_2dINS_5arrayI7ap_uintILi8EELj1EEENS1_I8ap_fixed]:  wired=0; compound=0; hidden=1; nouse=1; global=1; static=1; extern=0; dir=2; type=0; pingpong=0; private_global=0; IO mode=ap_ovld:ce=0
Port [ void_conv_2d_buffer_resource_cl_stream_stream_weight_t_bias_t_line_buffer_3]:  wired=0; compound=1; hidden=1; nouse=1; global=1; static=1; extern=0; dir=3; type=1; pingpong=0; private_global=0; MemPort=[2]; IO mode=ap_memory:ce=0
Port [ void_conv_2d_buffer_resource_cl_stream_stream_weight_t_bias_t_line_buffer_2]:  wired=0; compound=1; hidden=1; nouse=1; global=1; static=1; extern=0; dir=3; type=1; pingpong=0; private_global=0; MemPort=[2]; IO mode=ap_memory:ce=0
Port [ void_conv_2d_buffer_resource_cl_stream_stream_weight_t_bias_t_line_buffer_1]:  wired=0; compound=1; hidden=1; nouse=1; global=1; static=1; extern=0; dir=3; type=1; pingpong=0; private_global=0; MemPort=[2]; IO mode=ap_memory:ce=0
Port [ void_conv_2d_buffer_resource_cl_stream_stream_weight_t_bias_t_line_buffer]:  wired=0; compound=1; hidden=1; nouse=1; global=1; static=1; extern=0; dir=3; type=1; pingpong=0; private_global=0; MemPort=[2]; IO mode=ap_memory:ce=0
Port [ sX]:  wired=0; compound=0; hidden=1; nouse=1; global=1; static=1; extern=0; dir=2; type=0; pingpong=0; private_global=0; IO mode=ap_ovld:ce=0
Port [ sY]:  wired=0; compound=0; hidden=1; nouse=1; global=1; static=1; extern=0; dir=2; type=0; pingpong=0; private_global=0; IO mode=ap_ovld:ce=0
Port [ pY]:  wired=0; compound=0; hidden=1; nouse=1; global=1; static=1; extern=0; dir=2; type=0; pingpong=0; private_global=0; IO mode=ap_ovld:ce=0
Port [ pX]:  wired=0; compound=0; hidden=1; nouse=1; global=1; static=1; extern=0; dir=2; type=0; pingpong=0; private_global=0; IO mode=ap_ovld:ce=0
Port [ outidx]:  wired=0; compound=1; hidden=1; nouse=1; global=1; static=1; extern=0; dir=0; type=1; pingpong=0; private_global=0; MemPort=[1]; IO mode=ap_memory:ce=0
Port [ w2]:  wired=0; compound=1; hidden=1; nouse=1; global=1; static=1; extern=0; dir=0; type=1; pingpong=0; private_global=0; MemPort=[1]; IO mode=ap_memory:ce=0
---------------- STG Properties END ------------------

---------------- Datapath Model BEGIN ----------------

<LifeTime>
<method=bitvector/>
indvar_flatten        (alloca           ) [ 0111]
specinterface_ln0     (specinterface    ) [ 0000]
specinterface_ln0     (specinterface    ) [ 0000]
store_ln0             (store            ) [ 0000]
br_ln51               (br               ) [ 0000]
indvar_flatten_load   (load             ) [ 0000]
icmp_ln51             (icmp             ) [ 0011]
add_ln51              (add              ) [ 0000]
br_ln51               (br               ) [ 0000]
input_1_read          (read             ) [ 0001]
store_ln51            (store            ) [ 0000]
ret_ln79              (ret              ) [ 0000]
specloopname_ln0      (specloopname     ) [ 0000]
speclooptripcount_ln0 (speclooptripcount) [ 0000]
call_ln57             (call             ) [ 0000]
br_ln53               (br               ) [ 0000]
</LifeTime>

<model>

<comp_list>
<comp id="0" class="1000" name="input_1">
<pin_list>
<pin id="1" dir="1" index="0" bw="1" slack="0"/>
</pin_list>
<bind>
<StgValue><ssdm name="input_1"/></StgValue>
</bind>
</comp>

<comp id="2" class="1000" name="layer2_out">
<pin_list>
<pin id="3" dir="1" index="0" bw="1" slack="0"/>
</pin_list>
<bind>
<StgValue><ssdm name="layer2_out"/></StgValue>
</bind>
</comp>

<comp id="4" class="1000" name="void_compute_output_buffer_2d_array_const_ap_shift_reg_n_chan_stream_weig_8">
<pin_list>
<pin id="5" dir="1" index="0" bw="1" slack="0"/>
</pin_list>
<bind>
<StgValue><ssdm name="void_compute_output_buffer_2d_array_const_ap_shift_reg_n_chan_stream_weig_8"/></StgValue>
</bind>
</comp>

<comp id="6" class="1000" name="void_compute_output_buffer_2d_array_const_ap_shift_reg_n_chan_stream_weig_9">
<pin_list>
<pin id="7" dir="1" index="0" bw="1" slack="0"/>
</pin_list>
<bind>
<StgValue><ssdm name="void_compute_output_buffer_2d_array_const_ap_shift_reg_n_chan_stream_weig_9"/></StgValue>
</bind>
</comp>

<comp id="8" class="1000" name="void_compute_output_buffer_2d_array_const_ap_shift_reg_n_chan_stream_weig_3">
<pin_list>
<pin id="9" dir="1" index="0" bw="1" slack="0"/>
</pin_list>
<bind>
<StgValue><ssdm name="void_compute_output_buffer_2d_array_const_ap_shift_reg_n_chan_stream_weig_3"/></StgValue>
</bind>
</comp>

<comp id="10" class="1000" name="void_compute_output_buffer_2d_array_const_ap_shift_reg_n_chan_stream_weig_4">
<pin_list>
<pin id="11" dir="1" index="0" bw="1" slack="0"/>
</pin_list>
<bind>
<StgValue><ssdm name="void_compute_output_buffer_2d_array_const_ap_shift_reg_n_chan_stream_weig_4"/></StgValue>
</bind>
</comp>

<comp id="12" class="1000" name="p_ZZN4nnet24compute_output_buffer_2dINS_5arrayI7ap_uintILi8EELj1EEENS1_I8ap_fixed_13">
<pin_list>
<pin id="13" dir="1" index="0" bw="1" slack="0"/>
</pin_list>
<bind>
<StgValue><ssdm name="p_ZZN4nnet24compute_output_buffer_2dINS_5arrayI7ap_uintILi8EELj1EEENS1_I8ap_fixed_13"/></StgValue>
</bind>
</comp>

<comp id="14" class="1000" name="p_ZZN4nnet24compute_output_buffer_2dINS_5arrayI7ap_uintILi8EELj1EEENS1_I8ap_fixed_14">
<pin_list>
<pin id="15" dir="1" index="0" bw="1" slack="0"/>
</pin_list>
<bind>
<StgValue><ssdm name="p_ZZN4nnet24compute_output_buffer_2dINS_5arrayI7ap_uintILi8EELj1EEENS1_I8ap_fixed_14"/></StgValue>
</bind>
</comp>

<comp id="16" class="1000" name="p_ZZN4nnet24compute_output_buffer_2dINS_5arrayI7ap_uintILi8EELj1EEENS1_I8ap_fixed_8">
<pin_list>
<pin id="17" dir="1" index="0" bw="1" slack="0"/>
</pin_list>
<bind>
<StgValue><ssdm name="p_ZZN4nnet24compute_output_buffer_2dINS_5arrayI7ap_uintILi8EELj1EEENS1_I8ap_fixed_8"/></StgValue>
</bind>
</comp>

<comp id="18" class="1000" name="p_ZZN4nnet24compute_output_buffer_2dINS_5arrayI7ap_uintILi8EELj1EEENS1_I8ap_fixed_9">
<pin_list>
<pin id="19" dir="1" index="0" bw="1" slack="0"/>
</pin_list>
<bind>
<StgValue><ssdm name="p_ZZN4nnet24compute_output_buffer_2dINS_5arrayI7ap_uintILi8EELj1EEENS1_I8ap_fixed_9"/></StgValue>
</bind>
</comp>

<comp id="20" class="1000" name="p_ZZN4nnet24compute_output_buffer_2dINS_5arrayI7ap_uintILi8EELj1EEENS1_I8ap_fixed_3">
<pin_list>
<pin id="21" dir="1" index="0" bw="1" slack="0"/>
</pin_list>
<bind>
<StgValue><ssdm name="p_ZZN4nnet24compute_output_buffer_2dINS_5arrayI7ap_uintILi8EELj1EEENS1_I8ap_fixed_3"/></StgValue>
</bind>
</comp>

<comp id="22" class="1000" name="p_ZZN4nnet24compute_output_buffer_2dINS_5arrayI7ap_uintILi8EELj1EEENS1_I8ap_fixed_4">
<pin_list>
<pin id="23" dir="1" index="0" bw="1" slack="0"/>
</pin_list>
<bind>
<StgValue><ssdm name="p_ZZN4nnet24compute_output_buffer_2dINS_5arrayI7ap_uintILi8EELj1EEENS1_I8ap_fixed_4"/></StgValue>
</bind>
</comp>

<comp id="24" class="1000" name="void_compute_output_buffer_2d_array_const_ap_shift_reg_n_chan_stream_weig_7">
<pin_list>
<pin id="25" dir="1" index="0" bw="1" slack="0"/>
</pin_list>
<bind>
<StgValue><ssdm name="void_compute_output_buffer_2d_array_const_ap_shift_reg_n_chan_stream_weig_7"/></StgValue>
</bind>
</comp>

<comp id="26" class="1000" name="void_compute_output_buffer_2d_array_const_ap_shift_reg_n_chan_stream_weig_2">
<pin_list>
<pin id="27" dir="1" index="0" bw="1" slack="0"/>
</pin_list>
<bind>
<StgValue><ssdm name="void_compute_output_buffer_2d_array_const_ap_shift_reg_n_chan_stream_weig_2"/></StgValue>
</bind>
</comp>

<comp id="28" class="1000" name="p_ZZN4nnet24compute_output_buffer_2dINS_5arrayI7ap_uintILi8EELj1EEENS1_I8ap_fixed_12">
<pin_list>
<pin id="29" dir="1" index="0" bw="1" slack="0"/>
</pin_list>
<bind>
<StgValue><ssdm name="p_ZZN4nnet24compute_output_buffer_2dINS_5arrayI7ap_uintILi8EELj1EEENS1_I8ap_fixed_12"/></StgValue>
</bind>
</comp>

<comp id="30" class="1000" name="p_ZZN4nnet24compute_output_buffer_2dINS_5arrayI7ap_uintILi8EELj1EEENS1_I8ap_fixed_7">
<pin_list>
<pin id="31" dir="1" index="0" bw="1" slack="0"/>
</pin_list>
<bind>
<StgValue><ssdm name="p_ZZN4nnet24compute_output_buffer_2dINS_5arrayI7ap_uintILi8EELj1EEENS1_I8ap_fixed_7"/></StgValue>
</bind>
</comp>

<comp id="32" class="1000" name="p_ZZN4nnet24compute_output_buffer_2dINS_5arrayI7ap_uintILi8EELj1EEENS1_I8ap_fixed_2">
<pin_list>
<pin id="33" dir="1" index="0" bw="1" slack="0"/>
</pin_list>
<bind>
<StgValue><ssdm name="p_ZZN4nnet24compute_output_buffer_2dINS_5arrayI7ap_uintILi8EELj1EEENS1_I8ap_fixed_2"/></StgValue>
</bind>
</comp>

<comp id="34" class="1000" name="void_compute_output_buffer_2d_array_const_ap_shift_reg_n_chan_stream_weig_6">
<pin_list>
<pin id="35" dir="1" index="0" bw="1" slack="0"/>
</pin_list>
<bind>
<StgValue><ssdm name="void_compute_output_buffer_2d_array_const_ap_shift_reg_n_chan_stream_weig_6"/></StgValue>
</bind>
</comp>

<comp id="36" class="1000" name="void_compute_output_buffer_2d_array_const_ap_shift_reg_n_chan_stream_weig_1">
<pin_list>
<pin id="37" dir="1" index="0" bw="1" slack="0"/>
</pin_list>
<bind>
<StgValue><ssdm name="void_compute_output_buffer_2d_array_const_ap_shift_reg_n_chan_stream_weig_1"/></StgValue>
</bind>
</comp>

<comp id="38" class="1000" name="p_ZZN4nnet24compute_output_buffer_2dINS_5arrayI7ap_uintILi8EELj1EEENS1_I8ap_fixed_11">
<pin_list>
<pin id="39" dir="1" index="0" bw="1" slack="0"/>
</pin_list>
<bind>
<StgValue><ssdm name="p_ZZN4nnet24compute_output_buffer_2dINS_5arrayI7ap_uintILi8EELj1EEENS1_I8ap_fixed_11"/></StgValue>
</bind>
</comp>

<comp id="40" class="1000" name="p_ZZN4nnet24compute_output_buffer_2dINS_5arrayI7ap_uintILi8EELj1EEENS1_I8ap_fixed_6">
<pin_list>
<pin id="41" dir="1" index="0" bw="1" slack="0"/>
</pin_list>
<bind>
<StgValue><ssdm name="p_ZZN4nnet24compute_output_buffer_2dINS_5arrayI7ap_uintILi8EELj1EEENS1_I8ap_fixed_6"/></StgValue>
</bind>
</comp>

<comp id="42" class="1000" name="p_ZZN4nnet24compute_output_buffer_2dINS_5arrayI7ap_uintILi8EELj1EEENS1_I8ap_fixed_1">
<pin_list>
<pin id="43" dir="1" index="0" bw="1" slack="0"/>
</pin_list>
<bind>
<StgValue><ssdm name="p_ZZN4nnet24compute_output_buffer_2dINS_5arrayI7ap_uintILi8EELj1EEENS1_I8ap_fixed_1"/></StgValue>
</bind>
</comp>

<comp id="44" class="1000" name="void_compute_output_buffer_2d_array_const_ap_shift_reg_n_chan_stream_weig_5">
<pin_list>
<pin id="45" dir="1" index="0" bw="1" slack="0"/>
</pin_list>
<bind>
<StgValue><ssdm name="void_compute_output_buffer_2d_array_const_ap_shift_reg_n_chan_stream_weig_5"/></StgValue>
</bind>
</comp>

<comp id="46" class="1000" name="void_compute_output_buffer_2d_array_const_ap_shift_reg_n_chan_stream_weig">
<pin_list>
<pin id="47" dir="1" index="0" bw="1" slack="0"/>
</pin_list>
<bind>
<StgValue><ssdm name="void_compute_output_buffer_2d_array_const_ap_shift_reg_n_chan_stream_weig"/></StgValue>
</bind>
</comp>

<comp id="48" class="1000" name="p_ZZN4nnet24compute_output_buffer_2dINS_5arrayI7ap_uintILi8EELj1EEENS1_I8ap_fixed_10">
<pin_list>
<pin id="49" dir="1" index="0" bw="1" slack="0"/>
</pin_list>
<bind>
<StgValue><ssdm name="p_ZZN4nnet24compute_output_buffer_2dINS_5arrayI7ap_uintILi8EELj1EEENS1_I8ap_fixed_10"/></StgValue>
</bind>
</comp>

<comp id="50" class="1000" name="p_ZZN4nnet24compute_output_buffer_2dINS_5arrayI7ap_uintILi8EELj1EEENS1_I8ap_fixed_5">
<pin_list>
<pin id="51" dir="1" index="0" bw="1" slack="0"/>
</pin_list>
<bind>
<StgValue><ssdm name="p_ZZN4nnet24compute_output_buffer_2dINS_5arrayI7ap_uintILi8EELj1EEENS1_I8ap_fixed_5"/></StgValue>
</bind>
</comp>

<comp id="52" class="1000" name="p_ZZN4nnet24compute_output_buffer_2dINS_5arrayI7ap_uintILi8EELj1EEENS1_I8ap_fixed">
<pin_list>
<pin id="53" dir="1" index="0" bw="1" slack="0"/>
</pin_list>
<bind>
<StgValue><ssdm name="p_ZZN4nnet24compute_output_buffer_2dINS_5arrayI7ap_uintILi8EELj1EEENS1_I8ap_fixed"/></StgValue>
</bind>
</comp>

<comp id="54" class="1000" name="void_conv_2d_buffer_resource_cl_stream_stream_weight_t_bias_t_line_buffer_3">
<pin_list>
<pin id="55" dir="1" index="0" bw="1" slack="0"/>
</pin_list>
<bind>
<StgValue><ssdm name="void_conv_2d_buffer_resource_cl_stream_stream_weight_t_bias_t_line_buffer_3"/><MemPortTyVec>2 </MemPortTyVec>
</StgValue>
</bind>
</comp>

<comp id="56" class="1000" name="void_conv_2d_buffer_resource_cl_stream_stream_weight_t_bias_t_line_buffer_2">
<pin_list>
<pin id="57" dir="1" index="0" bw="1" slack="0"/>
</pin_list>
<bind>
<StgValue><ssdm name="void_conv_2d_buffer_resource_cl_stream_stream_weight_t_bias_t_line_buffer_2"/><MemPortTyVec>2 </MemPortTyVec>
</StgValue>
</bind>
</comp>

<comp id="58" class="1000" name="void_conv_2d_buffer_resource_cl_stream_stream_weight_t_bias_t_line_buffer_1">
<pin_list>
<pin id="59" dir="1" index="0" bw="1" slack="0"/>
</pin_list>
<bind>
<StgValue><ssdm name="void_conv_2d_buffer_resource_cl_stream_stream_weight_t_bias_t_line_buffer_1"/><MemPortTyVec>2 </MemPortTyVec>
</StgValue>
</bind>
</comp>

<comp id="60" class="1000" name="void_conv_2d_buffer_resource_cl_stream_stream_weight_t_bias_t_line_buffer">
<pin_list>
<pin id="61" dir="1" index="0" bw="1" slack="0"/>
</pin_list>
<bind>
<StgValue><ssdm name="void_conv_2d_buffer_resource_cl_stream_stream_weight_t_bias_t_line_buffer"/><MemPortTyVec>2 </MemPortTyVec>
</StgValue>
</bind>
</comp>

<comp id="62" class="1000" name="sX">
<pin_list>
<pin id="63" dir="1" index="0" bw="1" slack="0"/>
</pin_list>
<bind>
<StgValue><ssdm name="sX"/></StgValue>
</bind>
</comp>

<comp id="64" class="1000" name="sY">
<pin_list>
<pin id="65" dir="1" index="0" bw="1" slack="0"/>
</pin_list>
<bind>
<StgValue><ssdm name="sY"/></StgValue>
</bind>
</comp>

<comp id="66" class="1000" name="pY">
<pin_list>
<pin id="67" dir="1" index="0" bw="1" slack="0"/>
</pin_list>
<bind>
<StgValue><ssdm name="pY"/></StgValue>
</bind>
</comp>

<comp id="68" class="1000" name="pX">
<pin_list>
<pin id="69" dir="1" index="0" bw="1" slack="0"/>
</pin_list>
<bind>
<StgValue><ssdm name="pX"/></StgValue>
</bind>
</comp>

<comp id="70" class="1000" name="outidx">
<pin_list>
<pin id="71" dir="1" index="0" bw="1" slack="0"/>
</pin_list>
<bind>
<StgValue><ssdm name="outidx"/><MemPortTyVec>1 </MemPortTyVec>
</StgValue>
</bind>
</comp>

<comp id="72" class="1000" name="w2">
<pin_list>
<pin id="73" dir="1" index="0" bw="1" slack="0"/>
</pin_list>
<bind>
<StgValue><ssdm name="w2"/><MemPortTyVec>1 </MemPortTyVec>
</StgValue>
</bind>
</comp>

<comp id="74" class="1001" name="const_74">
<pin_list>
<pin id="75" dir="1" index="0" bw="1" slack="0"/>
</pin_list>
<bind>
<StgValue><ssdm name=""/></StgValue>
</bind>
</comp>

<comp id="76" class="1001" name="const_76">
<pin_list>
<pin id="77" dir="1" index="0" bw="1" slack="2147483647"/>
</pin_list>
<bind>
<StgValue><ssdm name="_ssdm_op_SpecInterface"/></StgValue>
</bind>
</comp>

<comp id="78" class="1001" name="const_78">
<pin_list>
<pin id="79" dir="1" index="0" bw="1" slack="2147483647"/>
</pin_list>
<bind>
<StgValue><ssdm name="empty_1"/></StgValue>
</bind>
</comp>

<comp id="80" class="1001" name="const_80">
<pin_list>
<pin id="81" dir="1" index="0" bw="1" slack="2147483647"/>
</pin_list>
<bind>
<StgValue><ssdm name=""/></StgValue>
</bind>
</comp>

<comp id="82" class="1001" name="const_82">
<pin_list>
<pin id="83" dir="1" index="0" bw="1" slack="2147483647"/>
</pin_list>
<bind>
<StgValue><ssdm name="empty_0"/></StgValue>
</bind>
</comp>

<comp id="84" class="1001" name="const_84">
<pin_list>
<pin id="85" dir="1" index="0" bw="1" slack="2147483647"/>
</pin_list>
<bind>
<StgValue><ssdm name=""/></StgValue>
</bind>
</comp>

<comp id="86" class="1001" name="const_86">
<pin_list>
<pin id="87" dir="1" index="0" bw="1" slack="2147483647"/>
</pin_list>
<bind>
<StgValue><ssdm name="empty_6"/></StgValue>
</bind>
</comp>

<comp id="88" class="1001" name="const_88">
<pin_list>
<pin id="89" dir="1" index="0" bw="1" slack="2147483647"/>
</pin_list>
<bind>
<StgValue><ssdm name="empty"/></StgValue>
</bind>
</comp>

<comp id="90" class="1001" name="const_90">
<pin_list>
<pin id="91" dir="1" index="0" bw="1" slack="0"/>
</pin_list>
<bind>
<StgValue><ssdm name=""/></StgValue>
</bind>
</comp>

<comp id="92" class="1001" name="const_92">
<pin_list>
<pin id="93" dir="1" index="0" bw="1" slack="0"/>
</pin_list>
<bind>
<StgValue><ssdm name=""/></StgValue>
</bind>
</comp>

<comp id="94" class="1001" name="const_94">
<pin_list>
<pin id="95" dir="1" index="0" bw="1" slack="0"/>
</pin_list>
<bind>
<StgValue><ssdm name=""/></StgValue>
</bind>
</comp>

<comp id="96" class="1001" name="const_96">
<pin_list>
<pin id="97" dir="1" index="0" bw="1" slack="0"/>
</pin_list>
<bind>
<StgValue><ssdm name="_ssdm_op_Read.axis.volatile.i8P128A"/></StgValue>
</bind>
</comp>

<comp id="98" class="1001" name="const_98">
<pin_list>
<pin id="99" dir="1" index="0" bw="1" slack="0"/>
</pin_list>
<bind>
<StgValue><ssdm name="compute_output_buffer_2d<array,array<ap_fixed<20,16,5,3,0>,2u>,config2>"/></StgValue>
</bind>
</comp>

<comp id="100" class="1001" name="const_100">
<pin_list>
<pin id="101" dir="1" index="0" bw="1" slack="2147483647"/>
</pin_list>
<bind>
<StgValue><ssdm name="_ssdm_op_SpecLoopName"/></StgValue>
</bind>
</comp>

<comp id="102" class="1001" name="const_102">
<pin_list>
<pin id="103" dir="1" index="0" bw="1" slack="2147483647"/>
</pin_list>
<bind>
<StgValue><ssdm name="ReadInputHeight_ReadInputWidth_str"/></StgValue>
</bind>
</comp>

<comp id="104" class="1001" name="const_104">
<pin_list>
<pin id="105" dir="1" index="0" bw="1" slack="2147483647"/>
</pin_list>
<bind>
<StgValue><ssdm name="_ssdm_op_SpecLoopTripCount"/></StgValue>
</bind>
</comp>

<comp id="106" class="1001" name="const_106">
<pin_list>
<pin id="107" dir="1" index="0" bw="1" slack="2147483647"/>
</pin_list>
<bind>
<StgValue><ssdm name=""/></StgValue>
</bind>
</comp>

<comp id="108" class="1004" name="indvar_flatten_fu_108">
<pin_list>
<pin id="109" dir="0" index="0" bw="1" slack="0"/>
<pin id="110" dir="1" index="1" bw="13" slack="0"/>
</pin_list>
<bind>
<opcode="alloca(26) " fcode="alloca"/>
<opset="indvar_flatten/1 "/>
</bind>
</comp>

<comp id="112" class="1004" name="input_1_read_read_fu_112">
<pin_list>
<pin id="113" dir="0" index="0" bw="8" slack="0"/>
<pin id="114" dir="0" index="1" bw="8" slack="0"/>
<pin id="115" dir="1" index="2" bw="8" slack="0"/>
</pin_list>
<bind>
<opcode="read(1150) " fcode="read"/>
<opset="input_1_read/2 "/>
</bind>
</comp>

<comp id="118" class="1004" name="grp_compute_output_buffer_2d_array_array_ap_fixed_20_16_5_3_0_2u_config2_s_fu_118">
<pin_list>
<pin id="119" dir="0" index="0" bw="0" slack="0"/>
<pin id="120" dir="0" index="1" bw="8" slack="0"/>
<pin id="121" dir="0" index="2" bw="40" slack="0"/>
<pin id="122" dir="0" index="3" bw="8" slack="0"/>
<pin id="123" dir="0" index="4" bw="8" slack="0"/>
<pin id="124" dir="0" index="5" bw="8" slack="0"/>
<pin id="125" dir="0" index="6" bw="8" slack="0"/>
<pin id="126" dir="0" index="7" bw="8" slack="0"/>
<pin id="127" dir="0" index="8" bw="8" slack="0"/>
<pin id="128" dir="0" index="9" bw="8" slack="0"/>
<pin id="129" dir="0" index="10" bw="8" slack="0"/>
<pin id="130" dir="0" index="11" bw="8" slack="0"/>
<pin id="131" dir="0" index="12" bw="8" slack="0"/>
<pin id="132" dir="0" index="13" bw="8" slack="0"/>
<pin id="133" dir="0" index="14" bw="8" slack="0"/>
<pin id="134" dir="0" index="15" bw="8" slack="0"/>
<pin id="135" dir="0" index="16" bw="8" slack="0"/>
<pin id="136" dir="0" index="17" bw="8" slack="0"/>
<pin id="137" dir="0" index="18" bw="8" slack="0"/>
<pin id="138" dir="0" index="19" bw="8" slack="0"/>
<pin id="139" dir="0" index="20" bw="8" slack="0"/>
<pin id="140" dir="0" index="21" bw="8" slack="0"/>
<pin id="141" dir="0" index="22" bw="8" slack="0"/>
<pin id="142" dir="0" index="23" bw="8" slack="0"/>
<pin id="143" dir="0" index="24" bw="8" slack="0"/>
<pin id="144" dir="0" index="25" bw="8" slack="0"/>
<pin id="145" dir="0" index="26" bw="8" slack="0"/>
<pin id="146" dir="0" index="27" bw="8" slack="0"/>
<pin id="147" dir="0" index="28" bw="8" slack="0"/>
<pin id="148" dir="0" index="29" bw="8" slack="0"/>
<pin id="149" dir="0" index="30" bw="8" slack="0"/>
<pin id="150" dir="0" index="31" bw="8" slack="0"/>
<pin id="151" dir="0" index="32" bw="32" slack="0"/>
<pin id="152" dir="0" index="33" bw="32" slack="0"/>
<pin id="153" dir="0" index="34" bw="32" slack="0"/>
<pin id="154" dir="0" index="35" bw="32" slack="0"/>
<pin id="155" dir="0" index="36" bw="1" slack="0"/>
<pin id="156" dir="0" index="37" bw="5" slack="0"/>
<pin id="157" dir="1" index="38" bw="0" slack="2147483647"/>
</pin_list>
<bind>
<opcode="call(48) " fcode="call"/>
<opset="call_ln57/2 "/>
</bind>
</comp>

<comp id="196" class="1004" name="store_ln0_store_fu_196">
<pin_list>
<pin id="197" dir="0" index="0" bw="1" slack="0"/>
<pin id="198" dir="0" index="1" bw="13" slack="0"/>
<pin id="199" dir="1" index="2" bw="0" slack="2147483647"/>
</pin_list>
<bind>
<opcode="store(28) " fcode="store"/>
<opset="store_ln0/1 "/>
</bind>
</comp>

<comp id="201" class="1004" name="indvar_flatten_load_load_fu_201">
<pin_list>
<pin id="202" dir="0" index="0" bw="13" slack="1"/>
<pin id="203" dir="1" index="1" bw="13" slack="0"/>
</pin_list>
<bind>
<opcode="load(27) " fcode="load"/>
<opset="indvar_flatten_load/2 "/>
</bind>
</comp>

<comp id="204" class="1004" name="icmp_ln51_fu_204">
<pin_list>
<pin id="205" dir="0" index="0" bw="13" slack="0"/>
<pin id="206" dir="0" index="1" bw="13" slack="0"/>
<pin id="207" dir="1" index="2" bw="1" slack="2147483647"/>
</pin_list>
<bind>
<opcode="icmp(45) " fcode="icmp"/>
<opset="icmp_ln51/2 "/>
</bind>
</comp>

<comp id="210" class="1004" name="add_ln51_fu_210">
<pin_list>
<pin id="211" dir="0" index="0" bw="13" slack="0"/>
<pin id="212" dir="0" index="1" bw="1" slack="0"/>
<pin id="213" dir="1" index="2" bw="13" slack="0"/>
</pin_list>
<bind>
<opcode="add(8) " fcode="add"/>
<opset="add_ln51/2 "/>
</bind>
</comp>

<comp id="216" class="1004" name="store_ln51_store_fu_216">
<pin_list>
<pin id="217" dir="0" index="0" bw="13" slack="0"/>
<pin id="218" dir="0" index="1" bw="13" slack="1"/>
<pin id="219" dir="1" index="2" bw="0" slack="2147483647"/>
</pin_list>
<bind>
<opcode="store(28) " fcode="store"/>
<opset="store_ln51/2 "/>
</bind>
</comp>

<comp id="221" class="1005" name="indvar_flatten_reg_221">
<pin_list>
<pin id="222" dir="0" index="0" bw="13" slack="0"/>
<pin id="223" dir="1" index="1" bw="13" slack="0"/>
</pin_list>
<bind>
<opset="indvar_flatten "/>
</bind>
</comp>

<comp id="231" class="1005" name="input_1_read_reg_231">
<pin_list>
<pin id="232" dir="0" index="0" bw="8" slack="1"/>
<pin id="233" dir="1" index="1" bw="8" slack="1"/>
</pin_list>
<bind>
<opset="input_1_read "/>
</bind>
</comp>

</comp_list>

<net_list>
<net id="111"><net_src comp="74" pin="0"/><net_sink comp="108" pin=0"/></net>

<net id="116"><net_src comp="96" pin="0"/><net_sink comp="112" pin=0"/></net>

<net id="117"><net_src comp="0" pin="0"/><net_sink comp="112" pin=1"/></net>

<net id="158"><net_src comp="98" pin="0"/><net_sink comp="118" pin=0"/></net>

<net id="159"><net_src comp="112" pin="2"/><net_sink comp="118" pin=1"/></net>

<net id="160"><net_src comp="2" pin="0"/><net_sink comp="118" pin=2"/></net>

<net id="161"><net_src comp="4" pin="0"/><net_sink comp="118" pin=3"/></net>

<net id="162"><net_src comp="6" pin="0"/><net_sink comp="118" pin=4"/></net>

<net id="163"><net_src comp="8" pin="0"/><net_sink comp="118" pin=5"/></net>

<net id="164"><net_src comp="10" pin="0"/><net_sink comp="118" pin=6"/></net>

<net id="165"><net_src comp="12" pin="0"/><net_sink comp="118" pin=7"/></net>

<net id="166"><net_src comp="14" pin="0"/><net_sink comp="118" pin=8"/></net>

<net id="167"><net_src comp="16" pin="0"/><net_sink comp="118" pin=9"/></net>

<net id="168"><net_src comp="18" pin="0"/><net_sink comp="118" pin=10"/></net>

<net id="169"><net_src comp="20" pin="0"/><net_sink comp="118" pin=11"/></net>

<net id="170"><net_src comp="22" pin="0"/><net_sink comp="118" pin=12"/></net>

<net id="171"><net_src comp="24" pin="0"/><net_sink comp="118" pin=13"/></net>

<net id="172"><net_src comp="26" pin="0"/><net_sink comp="118" pin=14"/></net>

<net id="173"><net_src comp="28" pin="0"/><net_sink comp="118" pin=15"/></net>

<net id="174"><net_src comp="30" pin="0"/><net_sink comp="118" pin=16"/></net>

<net id="175"><net_src comp="32" pin="0"/><net_sink comp="118" pin=17"/></net>

<net id="176"><net_src comp="34" pin="0"/><net_sink comp="118" pin=18"/></net>

<net id="177"><net_src comp="36" pin="0"/><net_sink comp="118" pin=19"/></net>

<net id="178"><net_src comp="38" pin="0"/><net_sink comp="118" pin=20"/></net>

<net id="179"><net_src comp="40" pin="0"/><net_sink comp="118" pin=21"/></net>

<net id="180"><net_src comp="42" pin="0"/><net_sink comp="118" pin=22"/></net>

<net id="181"><net_src comp="44" pin="0"/><net_sink comp="118" pin=23"/></net>

<net id="182"><net_src comp="46" pin="0"/><net_sink comp="118" pin=24"/></net>

<net id="183"><net_src comp="48" pin="0"/><net_sink comp="118" pin=25"/></net>

<net id="184"><net_src comp="50" pin="0"/><net_sink comp="118" pin=26"/></net>

<net id="185"><net_src comp="52" pin="0"/><net_sink comp="118" pin=27"/></net>

<net id="186"><net_src comp="54" pin="0"/><net_sink comp="118" pin=28"/></net>

<net id="187"><net_src comp="56" pin="0"/><net_sink comp="118" pin=29"/></net>

<net id="188"><net_src comp="58" pin="0"/><net_sink comp="118" pin=30"/></net>

<net id="189"><net_src comp="60" pin="0"/><net_sink comp="118" pin=31"/></net>

<net id="190"><net_src comp="62" pin="0"/><net_sink comp="118" pin=32"/></net>

<net id="191"><net_src comp="64" pin="0"/><net_sink comp="118" pin=33"/></net>

<net id="192"><net_src comp="66" pin="0"/><net_sink comp="118" pin=34"/></net>

<net id="193"><net_src comp="68" pin="0"/><net_sink comp="118" pin=35"/></net>

<net id="194"><net_src comp="70" pin="0"/><net_sink comp="118" pin=36"/></net>

<net id="195"><net_src comp="72" pin="0"/><net_sink comp="118" pin=37"/></net>

<net id="200"><net_src comp="90" pin="0"/><net_sink comp="196" pin=0"/></net>

<net id="208"><net_src comp="201" pin="1"/><net_sink comp="204" pin=0"/></net>

<net id="209"><net_src comp="92" pin="0"/><net_sink comp="204" pin=1"/></net>

<net id="214"><net_src comp="201" pin="1"/><net_sink comp="210" pin=0"/></net>

<net id="215"><net_src comp="94" pin="0"/><net_sink comp="210" pin=1"/></net>

<net id="220"><net_src comp="210" pin="2"/><net_sink comp="216" pin=0"/></net>

<net id="224"><net_src comp="108" pin="1"/><net_sink comp="221" pin=0"/></net>

<net id="225"><net_src comp="221" pin="1"/><net_sink comp="196" pin=1"/></net>

<net id="226"><net_src comp="221" pin="1"/><net_sink comp="201" pin=0"/></net>

<net id="227"><net_src comp="221" pin="1"/><net_sink comp="216" pin=1"/></net>

<net id="234"><net_src comp="112" pin="2"/><net_sink comp="231" pin=0"/></net>

<net id="235"><net_src comp="231" pin="1"/><net_sink comp="118" pin=1"/></net>

</net_list>

</model> 
---------------- Datapath Model END ------------------

* FSMD analyzer results:
  - Output states:
	Port: layer2_out | {2 3 }
	Port: void_compute_output_buffer_2d_array_const_ap_shift_reg_n_chan_stream_weig_8 | {2 3 }
	Port: void_compute_output_buffer_2d_array_const_ap_shift_reg_n_chan_stream_weig_9 | {2 3 }
	Port: void_compute_output_buffer_2d_array_const_ap_shift_reg_n_chan_stream_weig_3 | {2 3 }
	Port: void_compute_output_buffer_2d_array_const_ap_shift_reg_n_chan_stream_weig_4 | {2 3 }
	Port: p_ZZN4nnet24compute_output_buffer_2dINS_5arrayI7ap_uintILi8EELj1EEENS1_I8ap_fixed_13 | {2 3 }
	Port: p_ZZN4nnet24compute_output_buffer_2dINS_5arrayI7ap_uintILi8EELj1EEENS1_I8ap_fixed_14 | {2 3 }
	Port: p_ZZN4nnet24compute_output_buffer_2dINS_5arrayI7ap_uintILi8EELj1EEENS1_I8ap_fixed_8 | {2 3 }
	Port: p_ZZN4nnet24compute_output_buffer_2dINS_5arrayI7ap_uintILi8EELj1EEENS1_I8ap_fixed_9 | {2 3 }
	Port: p_ZZN4nnet24compute_output_buffer_2dINS_5arrayI7ap_uintILi8EELj1EEENS1_I8ap_fixed_3 | {2 3 }
	Port: p_ZZN4nnet24compute_output_buffer_2dINS_5arrayI7ap_uintILi8EELj1EEENS1_I8ap_fixed_4 | {2 3 }
	Port: void_compute_output_buffer_2d_array_const_ap_shift_reg_n_chan_stream_weig_7 | {2 3 }
	Port: void_compute_output_buffer_2d_array_const_ap_shift_reg_n_chan_stream_weig_2 | {2 3 }
	Port: p_ZZN4nnet24compute_output_buffer_2dINS_5arrayI7ap_uintILi8EELj1EEENS1_I8ap_fixed_12 | {2 3 }
	Port: p_ZZN4nnet24compute_output_buffer_2dINS_5arrayI7ap_uintILi8EELj1EEENS1_I8ap_fixed_7 | {2 3 }
	Port: p_ZZN4nnet24compute_output_buffer_2dINS_5arrayI7ap_uintILi8EELj1EEENS1_I8ap_fixed_2 | {2 3 }
	Port: void_compute_output_buffer_2d_array_const_ap_shift_reg_n_chan_stream_weig_6 | {2 3 }
	Port: void_compute_output_buffer_2d_array_const_ap_shift_reg_n_chan_stream_weig_1 | {2 3 }
	Port: p_ZZN4nnet24compute_output_buffer_2dINS_5arrayI7ap_uintILi8EELj1EEENS1_I8ap_fixed_11 | {2 3 }
	Port: p_ZZN4nnet24compute_output_buffer_2dINS_5arrayI7ap_uintILi8EELj1EEENS1_I8ap_fixed_6 | {2 3 }
	Port: p_ZZN4nnet24compute_output_buffer_2dINS_5arrayI7ap_uintILi8EELj1EEENS1_I8ap_fixed_1 | {2 3 }
	Port: void_compute_output_buffer_2d_array_const_ap_shift_reg_n_chan_stream_weig_5 | {2 3 }
	Port: void_compute_output_buffer_2d_array_const_ap_shift_reg_n_chan_stream_weig | {2 3 }
	Port: p_ZZN4nnet24compute_output_buffer_2dINS_5arrayI7ap_uintILi8EELj1EEENS1_I8ap_fixed_10 | {2 3 }
	Port: p_ZZN4nnet24compute_output_buffer_2dINS_5arrayI7ap_uintILi8EELj1EEENS1_I8ap_fixed_5 | {2 3 }
	Port: p_ZZN4nnet24compute_output_buffer_2dINS_5arrayI7ap_uintILi8EELj1EEENS1_I8ap_fixed | {2 3 }
	Port: void_conv_2d_buffer_resource_cl_stream_stream_weight_t_bias_t_line_buffer_3 | {2 3 }
	Port: void_conv_2d_buffer_resource_cl_stream_stream_weight_t_bias_t_line_buffer_2 | {2 3 }
	Port: void_conv_2d_buffer_resource_cl_stream_stream_weight_t_bias_t_line_buffer_1 | {2 3 }
	Port: void_conv_2d_buffer_resource_cl_stream_stream_weight_t_bias_t_line_buffer | {2 3 }
	Port: sX | {2 3 }
	Port: sY | {2 3 }
	Port: pY | {2 3 }
	Port: pX | {2 3 }
 - Input state : 
	Port: conv_2d_cl<array<ap_uint<8>, 1u>, array<ap_fixed<20, 16, 5, 3, 0>, 2u>, config2> : input_1 | {2 }
	Port: conv_2d_cl<array<ap_uint<8>, 1u>, array<ap_fixed<20, 16, 5, 3, 0>, 2u>, config2> : void_compute_output_buffer_2d_array_const_ap_shift_reg_n_chan_stream_weig_8 | {2 3 }
	Port: conv_2d_cl<array<ap_uint<8>, 1u>, array<ap_fixed<20, 16, 5, 3, 0>, 2u>, config2> : void_compute_output_buffer_2d_array_const_ap_shift_reg_n_chan_stream_weig_9 | {2 3 }
	Port: conv_2d_cl<array<ap_uint<8>, 1u>, array<ap_fixed<20, 16, 5, 3, 0>, 2u>, config2> : void_compute_output_buffer_2d_array_const_ap_shift_reg_n_chan_stream_weig_3 | {2 3 }
	Port: conv_2d_cl<array<ap_uint<8>, 1u>, array<ap_fixed<20, 16, 5, 3, 0>, 2u>, config2> : void_compute_output_buffer_2d_array_const_ap_shift_reg_n_chan_stream_weig_4 | {2 3 }
	Port: conv_2d_cl<array<ap_uint<8>, 1u>, array<ap_fixed<20, 16, 5, 3, 0>, 2u>, config2> : p_ZZN4nnet24compute_output_buffer_2dINS_5arrayI7ap_uintILi8EELj1EEENS1_I8ap_fixed_13 | {2 3 }
	Port: conv_2d_cl<array<ap_uint<8>, 1u>, array<ap_fixed<20, 16, 5, 3, 0>, 2u>, config2> : p_ZZN4nnet24compute_output_buffer_2dINS_5arrayI7ap_uintILi8EELj1EEENS1_I8ap_fixed_14 | {2 3 }
	Port: conv_2d_cl<array<ap_uint<8>, 1u>, array<ap_fixed<20, 16, 5, 3, 0>, 2u>, config2> : p_ZZN4nnet24compute_output_buffer_2dINS_5arrayI7ap_uintILi8EELj1EEENS1_I8ap_fixed_8 | {2 3 }
	Port: conv_2d_cl<array<ap_uint<8>, 1u>, array<ap_fixed<20, 16, 5, 3, 0>, 2u>, config2> : p_ZZN4nnet24compute_output_buffer_2dINS_5arrayI7ap_uintILi8EELj1EEENS1_I8ap_fixed_9 | {2 3 }
	Port: conv_2d_cl<array<ap_uint<8>, 1u>, array<ap_fixed<20, 16, 5, 3, 0>, 2u>, config2> : p_ZZN4nnet24compute_output_buffer_2dINS_5arrayI7ap_uintILi8EELj1EEENS1_I8ap_fixed_3 | {2 3 }
	Port: conv_2d_cl<array<ap_uint<8>, 1u>, array<ap_fixed<20, 16, 5, 3, 0>, 2u>, config2> : p_ZZN4nnet24compute_output_buffer_2dINS_5arrayI7ap_uintILi8EELj1EEENS1_I8ap_fixed_4 | {2 3 }
	Port: conv_2d_cl<array<ap_uint<8>, 1u>, array<ap_fixed<20, 16, 5, 3, 0>, 2u>, config2> : void_compute_output_buffer_2d_array_const_ap_shift_reg_n_chan_stream_weig_7 | {2 3 }
	Port: conv_2d_cl<array<ap_uint<8>, 1u>, array<ap_fixed<20, 16, 5, 3, 0>, 2u>, config2> : void_compute_output_buffer_2d_array_const_ap_shift_reg_n_chan_stream_weig_2 | {2 3 }
	Port: conv_2d_cl<array<ap_uint<8>, 1u>, array<ap_fixed<20, 16, 5, 3, 0>, 2u>, config2> : p_ZZN4nnet24compute_output_buffer_2dINS_5arrayI7ap_uintILi8EELj1EEENS1_I8ap_fixed_12 | {2 3 }
	Port: conv_2d_cl<array<ap_uint<8>, 1u>, array<ap_fixed<20, 16, 5, 3, 0>, 2u>, config2> : p_ZZN4nnet24compute_output_buffer_2dINS_5arrayI7ap_uintILi8EELj1EEENS1_I8ap_fixed_7 | {2 3 }
	Port: conv_2d_cl<array<ap_uint<8>, 1u>, array<ap_fixed<20, 16, 5, 3, 0>, 2u>, config2> : p_ZZN4nnet24compute_output_buffer_2dINS_5arrayI7ap_uintILi8EELj1EEENS1_I8ap_fixed_2 | {2 3 }
	Port: conv_2d_cl<array<ap_uint<8>, 1u>, array<ap_fixed<20, 16, 5, 3, 0>, 2u>, config2> : void_compute_output_buffer_2d_array_const_ap_shift_reg_n_chan_stream_weig_6 | {2 3 }
	Port: conv_2d_cl<array<ap_uint<8>, 1u>, array<ap_fixed<20, 16, 5, 3, 0>, 2u>, config2> : void_compute_output_buffer_2d_array_const_ap_shift_reg_n_chan_stream_weig_1 | {2 3 }
	Port: conv_2d_cl<array<ap_uint<8>, 1u>, array<ap_fixed<20, 16, 5, 3, 0>, 2u>, config2> : p_ZZN4nnet24compute_output_buffer_2dINS_5arrayI7ap_uintILi8EELj1EEENS1_I8ap_fixed_11 | {2 3 }
	Port: conv_2d_cl<array<ap_uint<8>, 1u>, array<ap_fixed<20, 16, 5, 3, 0>, 2u>, config2> : p_ZZN4nnet24compute_output_buffer_2dINS_5arrayI7ap_uintILi8EELj1EEENS1_I8ap_fixed_6 | {2 3 }
	Port: conv_2d_cl<array<ap_uint<8>, 1u>, array<ap_fixed<20, 16, 5, 3, 0>, 2u>, config2> : p_ZZN4nnet24compute_output_buffer_2dINS_5arrayI7ap_uintILi8EELj1EEENS1_I8ap_fixed_1 | {2 3 }
	Port: conv_2d_cl<array<ap_uint<8>, 1u>, array<ap_fixed<20, 16, 5, 3, 0>, 2u>, config2> : void_compute_output_buffer_2d_array_const_ap_shift_reg_n_chan_stream_weig_5 | {2 3 }
	Port: conv_2d_cl<array<ap_uint<8>, 1u>, array<ap_fixed<20, 16, 5, 3, 0>, 2u>, config2> : void_compute_output_buffer_2d_array_const_ap_shift_reg_n_chan_stream_weig | {2 3 }
	Port: conv_2d_cl<array<ap_uint<8>, 1u>, array<ap_fixed<20, 16, 5, 3, 0>, 2u>, config2> : p_ZZN4nnet24compute_output_buffer_2dINS_5arrayI7ap_uintILi8EELj1EEENS1_I8ap_fixed_10 | {2 3 }
	Port: conv_2d_cl<array<ap_uint<8>, 1u>, array<ap_fixed<20, 16, 5, 3, 0>, 2u>, config2> : p_ZZN4nnet24compute_output_buffer_2dINS_5arrayI7ap_uintILi8EELj1EEENS1_I8ap_fixed_5 | {2 3 }
	Port: conv_2d_cl<array<ap_uint<8>, 1u>, array<ap_fixed<20, 16, 5, 3, 0>, 2u>, config2> : p_ZZN4nnet24compute_output_buffer_2dINS_5arrayI7ap_uintILi8EELj1EEENS1_I8ap_fixed | {2 3 }
	Port: conv_2d_cl<array<ap_uint<8>, 1u>, array<ap_fixed<20, 16, 5, 3, 0>, 2u>, config2> : void_conv_2d_buffer_resource_cl_stream_stream_weight_t_bias_t_line_buffer_3 | {2 3 }
	Port: conv_2d_cl<array<ap_uint<8>, 1u>, array<ap_fixed<20, 16, 5, 3, 0>, 2u>, config2> : void_conv_2d_buffer_resource_cl_stream_stream_weight_t_bias_t_line_buffer_2 | {2 3 }
	Port: conv_2d_cl<array<ap_uint<8>, 1u>, array<ap_fixed<20, 16, 5, 3, 0>, 2u>, config2> : void_conv_2d_buffer_resource_cl_stream_stream_weight_t_bias_t_line_buffer_1 | {2 3 }
	Port: conv_2d_cl<array<ap_uint<8>, 1u>, array<ap_fixed<20, 16, 5, 3, 0>, 2u>, config2> : void_conv_2d_buffer_resource_cl_stream_stream_weight_t_bias_t_line_buffer | {2 3 }
	Port: conv_2d_cl<array<ap_uint<8>, 1u>, array<ap_fixed<20, 16, 5, 3, 0>, 2u>, config2> : sX | {2 3 }
	Port: conv_2d_cl<array<ap_uint<8>, 1u>, array<ap_fixed<20, 16, 5, 3, 0>, 2u>, config2> : sY | {2 3 }
	Port: conv_2d_cl<array<ap_uint<8>, 1u>, array<ap_fixed<20, 16, 5, 3, 0>, 2u>, config2> : pY | {2 3 }
	Port: conv_2d_cl<array<ap_uint<8>, 1u>, array<ap_fixed<20, 16, 5, 3, 0>, 2u>, config2> : pX | {2 3 }
	Port: conv_2d_cl<array<ap_uint<8>, 1u>, array<ap_fixed<20, 16, 5, 3, 0>, 2u>, config2> : outidx | {2 3 }
	Port: conv_2d_cl<array<ap_uint<8>, 1u>, array<ap_fixed<20, 16, 5, 3, 0>, 2u>, config2> : w2 | {2 3 }
  - Chain level:
	State 1
		store_ln0 : 1
	State 2
		icmp_ln51 : 1
		add_ln51 : 1
		br_ln51 : 2
		store_ln51 : 2
	State 3


============================================================
+ Verbose Summary: Datapath Resource usage 
============================================================

* Functional unit list:
|----------|-----------------------------------------------------------------------------------|---------|---------|---------|---------|
| Operation|                                  Functional Unit                                  |   DSP   |  Delay  |    FF   |   LUT   |
|----------|-----------------------------------------------------------------------------------|---------|---------|---------|---------|
|   call   | grp_compute_output_buffer_2d_array_array_ap_fixed_20_16_5_3_0_2u_config2_s_fu_118 |    1    |   4.83  |   804   |   889   |
|----------|-----------------------------------------------------------------------------------|---------|---------|---------|---------|
|   icmp   |                                  icmp_ln51_fu_204                                 |    0    |    0    |    0    |    20   |
|----------|-----------------------------------------------------------------------------------|---------|---------|---------|---------|
|    add   |                                  add_ln51_fu_210                                  |    0    |    0    |    0    |    20   |
|----------|-----------------------------------------------------------------------------------|---------|---------|---------|---------|
|   read   |                              input_1_read_read_fu_112                             |    0    |    0    |    0    |    0    |
|----------|-----------------------------------------------------------------------------------|---------|---------|---------|---------|
|   Total  |                                                                                   |    1    |   4.83  |   804   |   929   |
|----------|-----------------------------------------------------------------------------------|---------|---------|---------|---------|

Memories:
N/A

* Register list:
+----------------------+--------+
|                      |   FF   |
+----------------------+--------+
|indvar_flatten_reg_221|   13   |
| input_1_read_reg_231 |    8   |
+----------------------+--------+
|         Total        |   21   |
+----------------------+--------+

* Multiplexer (MUX) list: 
|-----------------------------------------------------------------------------------|------|------|------|--------||---------||---------||---------|
|                                        Comp                                       |  Pin | Size |  BW  | S x BW ||  Delay  ||    FF   ||   LUT   |
|-----------------------------------------------------------------------------------|------|------|------|--------||---------||---------||---------|
| grp_compute_output_buffer_2d_array_array_ap_fixed_20_16_5_3_0_2u_config2_s_fu_118 |  p1  |   2  |   8  |   16   ||    0    ||    9    |
|-----------------------------------------------------------------------------------|------|------|------|--------||---------||---------||---------|
|                                       Total                                       |      |      |      |   16   ||   1.61  ||    0    ||    9    |
|-----------------------------------------------------------------------------------|------|------|------|--------||---------||---------||---------|



* Summary:
+-----------+--------+--------+--------+--------+
|           |   DSP  |  Delay |   FF   |   LUT  |
+-----------+--------+--------+--------+--------+
|  Function |    1   |    4   |   804  |   929  |
|   Memory  |    -   |    -   |    -   |    -   |
|Multiplexer|    -   |    1   |    0   |    9   |
|  Register |    -   |    -   |   21   |    -   |
+-----------+--------+--------+--------+--------+
|   Total   |    1   |    6   |   825  |   938  |
+-----------+--------+--------+--------+--------+
