

================================================================
== Vitis HLS Report for 'conv_2d_cl_array_ap_ufixed_5u_array_ap_fixed_19_9_5_3_0_6u_config8_s'
================================================================
* Date:           Mon Apr 28 18:55:59 2025

* Version:        2024.2 (Build 5238294 on Nov  8 2024)
* Project:        myproject_prj
* Solution:       solution1 (Vivado IP Flow Target)
* Product family: artix7
* Target device:  xc7a35t-cpg236-1


================================================================
== Performance Estimates
================================================================
+ Timing: 
    * Summary: 
    +--------+----------+-----------+------------+
    |  Clock |  Target  | Estimated | Uncertainty|
    +--------+----------+-----------+------------+
    |ap_clk  |  30.00 ns|  15.593 ns|     8.10 ns|
    +--------+----------+-----------+------------+

+ Latency: 
    * Summary: 
    +---------+---------+-----------+----------+-----+------+---------+
    |  Latency (cycles) |  Latency (absolute)  |  Interval  | Pipeline|
    |   min   |   max   |    min    |    max   | min |  max |   Type  |
    +---------+---------+-----------+----------+-----+------+---------+
    |      677|     8451|  20.310 us|  0.254 ms|  677|  8451|       no|
    +---------+---------+-----------+----------+-----+------+---------+

    + Detail: 
        * Instance: 
        N/A

        * Loop: 
        +----------------------------------+---------+---------+----------+-----------+-----------+------+----------+
        |                                  |  Latency (cycles) | Iteration|  Initiation Interval  | Trip |          |
        |             Loop Name            |   min   |   max   |  Latency |  achieved |   target  | Count| Pipelined|
        +----------------------------------+---------+---------+----------+-----------+-----------+------+----------+
        |- ReadInputHeight_ReadInputWidth  |      676|     8450|    4 ~ 50|          -|          -|   169|        no|
        +----------------------------------+---------+---------+----------+-----------+-----------+------+----------+

============================================================
+ Verbose Summary: Synthesis Manager
============================================================
InlineROM: 1
ExposeGlobal: 0
============================================================
+ Verbose Summary: CDFG Model
============================================================
IsTopModel: 0
ResetActiveHigh: 1
IsCombinational: 2
IsDatapathOnly: 0
HasWiredReturn: 1
HasMFsm: 0
HasVarLatency: 1
IsPipeline: 0
IsRtlPipelined: 0
IsInstanceOverlapped: 0
IsDontTouch: 0
HasImplIP: 0
IsGatedGlobalClock: 0


============================================================
+ Verbose Summary: Schedule
============================================================
* Number of FSM states : 3
* Pipeline : 0
* Dataflow Pipeline: 0

* FSM state transitions: 
1 --> 2 
2 --> 3 
3 --> 2 

* FSM state operations: 

State 1 <SV = 0> <Delay = 1.61>
ST_1 : Operation 4 [1/1] (0.00ns)   --->   "%indvar_flatten = alloca i32 1"   --->   Operation 4 'alloca' 'indvar_flatten' <Predicate = true> <Delay = 0.00>
ST_1 : Operation 5 [1/1] (0.00ns)   --->   "%specinterface_ln0 = specinterface void @_ssdm_op_SpecInterface, i114 %layer8_out, void @empty_1, i32 0, i32 0, void @empty_0, i32 0, i32 0, void @empty_0, void @empty_0, void @empty_0, i32 0, i32 0, i32 0, i32 0, void @empty_0, void @empty_0, i32 4294967295, i32 0, i32 0"   --->   Operation 5 'specinterface' 'specinterface_ln0' <Predicate = true> <Delay = 0.00>
ST_1 : Operation 6 [1/1] (0.00ns)   --->   "%specinterface_ln0 = specinterface void @_ssdm_op_SpecInterface, i30 %layer7_out, void @empty_1, i32 0, i32 0, void @empty_0, i32 0, i32 0, void @empty_0, void @empty_0, void @empty_0, i32 0, i32 0, i32 0, i32 0, void @empty_0, void @empty_0, i32 4294967295, i32 0, i32 0"   --->   Operation 6 'specinterface' 'specinterface_ln0' <Predicate = true> <Delay = 0.00>
ST_1 : Operation 7 [1/1] (1.61ns)   --->   "%store_ln0 = store i8 0, i8 %indvar_flatten"   --->   Operation 7 'store' 'store_ln0' <Predicate = true> <Delay = 1.61>
ST_1 : Operation 8 [1/1] (0.00ns)   --->   "%br_ln51 = br void %for.body12.i" [firmware/nnet_utils/nnet_conv2d_stream.h:51->firmware/nnet_utils/nnet_conv2d_stream.h:77]   --->   Operation 8 'br' 'br_ln51' <Predicate = true> <Delay = 0.00>

State 2 <SV = 1> <Delay = 5.89>
ST_2 : Operation 9 [1/1] (0.00ns)   --->   "%indvar_flatten_load = load i8 %indvar_flatten" [firmware/nnet_utils/nnet_conv2d_stream.h:51->firmware/nnet_utils/nnet_conv2d_stream.h:77]   --->   Operation 9 'load' 'indvar_flatten_load' <Predicate = true> <Delay = 0.00>
ST_2 : Operation 10 [1/1] (2.11ns)   --->   "%icmp_ln51 = icmp_eq  i8 %indvar_flatten_load, i8 169" [firmware/nnet_utils/nnet_conv2d_stream.h:51->firmware/nnet_utils/nnet_conv2d_stream.h:77]   --->   Operation 10 'icmp' 'icmp_ln51' <Predicate = true> <Delay = 2.11> <CoreInst = "Cmp">   --->   Core 9 'Cmp' <Latency = 0> <II = 1> <Delay = 2.11> <FuncUnit> <Opcode : 'seteq' 'setne' 'setle' 'setge' 'setlt' 'setgt'> <InPorts = 2> <OutPorts = 1>
ST_2 : Operation 11 [1/1] (2.11ns)   --->   "%add_ln51 = add i8 %indvar_flatten_load, i8 1" [firmware/nnet_utils/nnet_conv2d_stream.h:51->firmware/nnet_utils/nnet_conv2d_stream.h:77]   --->   Operation 11 'add' 'add_ln51' <Predicate = true> <Delay = 2.11> <CoreInst = "Adder">   --->   Core 1 'Adder' <Latency = 0> <II = 1> <Delay = 2.11> <FuncUnit> <Opcode : 'add' 'sub'> <InPorts = 2> <OutPorts = 1>
ST_2 : Operation 12 [1/1] (0.00ns)   --->   "%br_ln51 = br i1 %icmp_ln51, void %for.cond.cleanup11.i, void %_ZN4nnet26conv_2d_buffer_resource_clINS_5arrayI9ap_ufixedILi6ELi0EL9ap_q_mode4EL9ap_o_mode0ELi0EELj5EEENS1_I8ap_fixedILi19ELi9ELS3_5ELS4_3ELi0EELj6EEE7config8EEvRN3hls6streamIT_Li0EEERNSC_IT0_Li0EEEPNT1_8weight_tEPNSJ_6bias_tE.10.exit" [firmware/nnet_utils/nnet_conv2d_stream.h:51->firmware/nnet_utils/nnet_conv2d_stream.h:77]   --->   Operation 12 'br' 'br_ln51' <Predicate = true> <Delay = 0.00>
ST_2 : Operation 13 [1/1] ( I:3.78ns O:3.78ns )   --->   "%layer7_out_read = read i30 @_ssdm_op_Read.ap_fifo.volatile.i30P0A, i30 %layer7_out" [firmware/nnet_utils/nnet_conv2d_stream.h:57->firmware/nnet_utils/nnet_conv2d_stream.h:77]   --->   Operation 13 'read' 'layer7_out_read' <Predicate = (!icmp_ln51)> <Delay = 3.78> <CoreInst = "FIFO">   --->   Core 77 'FIFO' <Latency = 0> <II = 1> <Delay = 3.78> <Storage> <Opcode : 'read' 'write' 'nbread' 'nbwrite'> <Ports = 0> <Width = 30> <Depth = 169> <FIFO>
ST_2 : Operation 14 [1/1] (0.00ns)   --->   "%trunc_ln57 = trunc i30 %layer7_out_read" [firmware/nnet_utils/nnet_conv2d_stream.h:57->firmware/nnet_utils/nnet_conv2d_stream.h:77]   --->   Operation 14 'trunc' 'trunc_ln57' <Predicate = (!icmp_ln51)> <Delay = 0.00>
ST_2 : Operation 15 [1/1] (0.00ns)   --->   "%trunc_ln57_1 = partselect i6 @_ssdm_op_PartSelect.i6.i30.i32.i32, i30 %layer7_out_read, i32 6, i32 11" [firmware/nnet_utils/nnet_conv2d_stream.h:57->firmware/nnet_utils/nnet_conv2d_stream.h:77]   --->   Operation 15 'partselect' 'trunc_ln57_1' <Predicate = (!icmp_ln51)> <Delay = 0.00>
ST_2 : Operation 16 [1/1] (0.00ns)   --->   "%trunc_ln57_2 = partselect i6 @_ssdm_op_PartSelect.i6.i30.i32.i32, i30 %layer7_out_read, i32 12, i32 17" [firmware/nnet_utils/nnet_conv2d_stream.h:57->firmware/nnet_utils/nnet_conv2d_stream.h:77]   --->   Operation 16 'partselect' 'trunc_ln57_2' <Predicate = (!icmp_ln51)> <Delay = 0.00>
ST_2 : Operation 17 [1/1] (0.00ns)   --->   "%trunc_ln57_3 = partselect i6 @_ssdm_op_PartSelect.i6.i30.i32.i32, i30 %layer7_out_read, i32 18, i32 23" [firmware/nnet_utils/nnet_conv2d_stream.h:57->firmware/nnet_utils/nnet_conv2d_stream.h:77]   --->   Operation 17 'partselect' 'trunc_ln57_3' <Predicate = (!icmp_ln51)> <Delay = 0.00>
ST_2 : Operation 18 [1/1] (0.00ns)   --->   "%trunc_ln57_4 = partselect i6 @_ssdm_op_PartSelect.i6.i30.i32.i32, i30 %layer7_out_read, i32 24, i32 29" [firmware/nnet_utils/nnet_conv2d_stream.h:57->firmware/nnet_utils/nnet_conv2d_stream.h:77]   --->   Operation 18 'partselect' 'trunc_ln57_4' <Predicate = (!icmp_ln51)> <Delay = 0.00>
ST_2 : Operation 19 [2/2] (0.00ns)   --->   "%call_ln57 = call void @compute_output_buffer_2d<array,array<ap_fixed<19,9,5,3,0>,6u>,config8>, i6 %trunc_ln57, i6 %trunc_ln57_1, i6 %trunc_ln57_2, i6 %trunc_ln57_3, i6 %trunc_ln57_4, i114 %layer8_out, i6 %void_compute_output_buffer_2d_array_const_ap_shift_reg_n_chan_stream_weig_14, i6 %void_compute_output_buffer_2d_array_const_ap_shift_reg_n_chan_stream_weig_19, i6 %void_compute_output_buffer_2d_array_const_ap_shift_reg_n_chan_stream_weig_13, i6 %void_compute_output_buffer_2d_array_const_ap_shift_reg_n_chan_stream_weig_18, i6 %void_compute_output_buffer_2d_array_const_ap_shift_reg_n_chan_stream_weig_12, i6 %void_compute_output_buffer_2d_array_const_ap_shift_reg_n_chan_stream_weig_17, i6 %void_compute_output_buffer_2d_array_const_ap_shift_reg_n_chan_stream_weig_11, i6 %void_compute_output_buffer_2d_array_const_ap_shift_reg_n_chan_stream_weig_16, i6 %void_compute_output_buffer_2d_array_const_ap_shift_reg_n_chan_stream_weig_10, i6 %void_compute_output_buffer_2d_array_const_ap_shift_reg_n_chan_stream_weig_15, i6 %p_ZZN4nnet24compute_output_buffer_2dINS_5arrayI9ap_ufixedILi6ELi0EL9ap_q_mode4EL9_24, i6 %p_ZZN4nnet24compute_output_buffer_2dINS_5arrayI9ap_ufixedILi6ELi0EL9ap_q_mode4EL9_29, i6 %p_ZZN4nnet24compute_output_buffer_2dINS_5arrayI9ap_ufixedILi6ELi0EL9ap_q_mode4EL9_23, i6 %p_ZZN4nnet24compute_output_buffer_2dINS_5arrayI9ap_ufixedILi6ELi0EL9ap_q_mode4EL9_28, i6 %p_ZZN4nnet24compute_output_buffer_2dINS_5arrayI9ap_ufixedILi6ELi0EL9ap_q_mode4EL9_22, i6 %p_ZZN4nnet24compute_output_buffer_2dINS_5arrayI9ap_ufixedILi6ELi0EL9ap_q_mode4EL9_27, i6 %p_ZZN4nnet24compute_output_buffer_2dINS_5arrayI9ap_ufixedILi6ELi0EL9ap_q_mode4EL9_21, i6 %p_ZZN4nnet24compute_output_buffer_2dINS_5arrayI9ap_ufixedILi6ELi0EL9ap_q_mode4EL9_26, i6 %p_ZZN4nnet24compute_output_buffer_2dINS_5arrayI9ap_ufixedILi6ELi0EL9ap_q_mode4EL9_20, i6 %p_ZZN4nnet24compute_output_buffer_2dINS_5arrayI9ap_ufixedILi6ELi0EL9ap_q_mode4EL9_25, i6 %p_ZZN4nnet24compute_output_buffer_2dINS_5arrayI9ap_ufixedILi6ELi0EL9ap_q_mode4EL9_9, i6 %p_ZZN4nnet24compute_output_buffer_2dINS_5arrayI9ap_ufixedILi6ELi0EL9ap_q_mode4EL9_14, i6 %p_ZZN4nnet24compute_output_buffer_2dINS_5arrayI9ap_ufixedILi6ELi0EL9ap_q_mode4EL9_8, i6 %p_ZZN4nnet24compute_output_buffer_2dINS_5arrayI9ap_ufixedILi6ELi0EL9ap_q_mode4EL9_13, i6 %p_ZZN4nnet24compute_output_buffer_2dINS_5arrayI9ap_ufixedILi6ELi0EL9ap_q_mode4EL9_7, i6 %p_ZZN4nnet24compute_output_buffer_2dINS_5arrayI9ap_ufixedILi6ELi0EL9ap_q_mode4EL9_12, i6 %p_ZZN4nnet24compute_output_buffer_2dINS_5arrayI9ap_ufixedILi6ELi0EL9ap_q_mode4EL9_6, i6 %p_ZZN4nnet24compute_output_buffer_2dINS_5arrayI9ap_ufixedILi6ELi0EL9ap_q_mode4EL9_11, i6 %p_ZZN4nnet24compute_output_buffer_2dINS_5arrayI9ap_ufixedILi6ELi0EL9ap_q_mode4EL9_5, i6 %p_ZZN4nnet24compute_output_buffer_2dINS_5arrayI9ap_ufixedILi6ELi0EL9ap_q_mode4EL9_10, i6 %p_ZZN4nnet24compute_output_buffer_2dINS_5arrayI9ap_ufixedILi6ELi0EL9ap_q_mode4EL9_34, i6 %p_ZZN4nnet24compute_output_buffer_2dINS_5arrayI9ap_ufixedILi6ELi0EL9ap_q_mode4EL9_33, i6 %p_ZZN4nnet24compute_output_buffer_2dINS_5arrayI9ap_ufixedILi6ELi0EL9ap_q_mode4EL9_32, i6 %p_ZZN4nnet24compute_output_buffer_2dINS_5arrayI9ap_ufixedILi6ELi0EL9ap_q_mode4EL9_31, i6 %p_ZZN4nnet24compute_output_buffer_2dINS_5arrayI9ap_ufixedILi6ELi0EL9ap_q_mode4EL9_30, i6 %p_ZZN4nnet24compute_output_buffer_2dINS_5arrayI9ap_ufixedILi6ELi0EL9ap_q_mode4EL9_19, i6 %p_ZZN4nnet24compute_output_buffer_2dINS_5arrayI9ap_ufixedILi6ELi0EL9ap_q_mode4EL9_18, i6 %p_ZZN4nnet24compute_output_buffer_2dINS_5arrayI9ap_ufixedILi6ELi0EL9ap_q_mode4EL9_17, i6 %p_ZZN4nnet24compute_output_buffer_2dINS_5arrayI9ap_ufixedILi6ELi0EL9ap_q_mode4EL9_16, i6 %p_ZZN4nnet24compute_output_buffer_2dINS_5arrayI9ap_ufixedILi6ELi0EL9ap_q_mode4EL9_15, i6 %p_ZZN4nnet24compute_output_buffer_2dINS_5arrayI9ap_ufixedILi6ELi0EL9ap_q_mode4EL9_4, i6 %p_ZZN4nnet24compute_output_buffer_2dINS_5arrayI9ap_ufixedILi6ELi0EL9ap_q_mode4EL9_3, i6 %p_ZZN4nnet24compute_output_buffer_2dINS_5arrayI9ap_ufixedILi6ELi0EL9ap_q_mode4EL9_2, i6 %p_ZZN4nnet24compute_output_buffer_2dINS_5arrayI9ap_ufixedILi6ELi0EL9ap_q_mode4EL9_1, i6 %p_ZZN4nnet24compute_output_buffer_2dINS_5arrayI9ap_ufixedILi6ELi0EL9ap_q_mode4EL9, i6 %p_ZZN4nnet26conv_2d_buffer_resource_clINS_5arrayI9ap_ufixedILi6ELi0EL9ap_q_mode4E_9, i6 %p_ZZN4nnet26conv_2d_buffer_resource_clINS_5arrayI9ap_ufixedILi6ELi0EL9ap_q_mode4E_4, i6 %p_ZZN4nnet26conv_2d_buffer_resource_clINS_5arrayI9ap_ufixedILi6ELi0EL9ap_q_mode4E_8, i6 %p_ZZN4nnet26conv_2d_buffer_resource_clINS_5arrayI9ap_ufixedILi6ELi0EL9ap_q_mode4E_3, i6 %p_ZZN4nnet26conv_2d_buffer_resource_clINS_5arrayI9ap_ufixedILi6ELi0EL9ap_q_mode4E_7, i6 %p_ZZN4nnet26conv_2d_buffer_resource_clINS_5arrayI9ap_ufixedILi6ELi0EL9ap_q_mode4E_2, i6 %p_ZZN4nnet26conv_2d_buffer_resource_clINS_5arrayI9ap_ufixedILi6ELi0EL9ap_q_mode4E_6, i6 %p_ZZN4nnet26conv_2d_buffer_resource_clINS_5arrayI9ap_ufixedILi6ELi0EL9ap_q_mode4E_1, i6 %p_ZZN4nnet26conv_2d_buffer_resource_clINS_5arrayI9ap_ufixedILi6ELi0EL9ap_q_mode4E_5, i6 %p_ZZN4nnet26conv_2d_buffer_resource_clINS_5arrayI9ap_ufixedILi6ELi0EL9ap_q_mode4E, i32 %sX_1, i32 %sY_1, i32 %pY_1, i32 %pX_1, i34 %w8" [firmware/nnet_utils/nnet_conv2d_stream.h:57->firmware/nnet_utils/nnet_conv2d_stream.h:77]   --->   Operation 19 'call' 'call_ln57' <Predicate = (!icmp_ln51)> <Delay = 0.00> <CoreType = "Generic">   --->   Generic Core
ST_2 : Operation 20 [1/1] (1.61ns)   --->   "%store_ln51 = store i8 %add_ln51, i8 %indvar_flatten" [firmware/nnet_utils/nnet_conv2d_stream.h:51->firmware/nnet_utils/nnet_conv2d_stream.h:77]   --->   Operation 20 'store' 'store_ln51' <Predicate = (!icmp_ln51)> <Delay = 1.61>
ST_2 : Operation 21 [1/1] (0.00ns)   --->   "%ret_ln79 = ret" [firmware/nnet_utils/nnet_conv2d_stream.h:79]   --->   Operation 21 'ret' 'ret_ln79' <Predicate = (icmp_ln51)> <Delay = 0.00>

State 3 <SV = 2> <Delay = 0.00>
ST_3 : Operation 22 [1/1] (0.00ns)   --->   "%specloopname_ln0 = specloopname void @_ssdm_op_SpecLoopName, void @ReadInputHeight_ReadInputWidth_str"   --->   Operation 22 'specloopname' 'specloopname_ln0' <Predicate = true> <Delay = 0.00>
ST_3 : Operation 23 [1/1] (0.00ns)   --->   "%speclooptripcount_ln0 = speclooptripcount void @_ssdm_op_SpecLoopTripCount, i64 169, i64 169, i64 169"   --->   Operation 23 'speclooptripcount' 'speclooptripcount_ln0' <Predicate = true> <Delay = 0.00>
ST_3 : Operation 24 [1/2] (0.00ns)   --->   "%call_ln57 = call void @compute_output_buffer_2d<array,array<ap_fixed<19,9,5,3,0>,6u>,config8>, i6 %trunc_ln57, i6 %trunc_ln57_1, i6 %trunc_ln57_2, i6 %trunc_ln57_3, i6 %trunc_ln57_4, i114 %layer8_out, i6 %void_compute_output_buffer_2d_array_const_ap_shift_reg_n_chan_stream_weig_14, i6 %void_compute_output_buffer_2d_array_const_ap_shift_reg_n_chan_stream_weig_19, i6 %void_compute_output_buffer_2d_array_const_ap_shift_reg_n_chan_stream_weig_13, i6 %void_compute_output_buffer_2d_array_const_ap_shift_reg_n_chan_stream_weig_18, i6 %void_compute_output_buffer_2d_array_const_ap_shift_reg_n_chan_stream_weig_12, i6 %void_compute_output_buffer_2d_array_const_ap_shift_reg_n_chan_stream_weig_17, i6 %void_compute_output_buffer_2d_array_const_ap_shift_reg_n_chan_stream_weig_11, i6 %void_compute_output_buffer_2d_array_const_ap_shift_reg_n_chan_stream_weig_16, i6 %void_compute_output_buffer_2d_array_const_ap_shift_reg_n_chan_stream_weig_10, i6 %void_compute_output_buffer_2d_array_const_ap_shift_reg_n_chan_stream_weig_15, i6 %p_ZZN4nnet24compute_output_buffer_2dINS_5arrayI9ap_ufixedILi6ELi0EL9ap_q_mode4EL9_24, i6 %p_ZZN4nnet24compute_output_buffer_2dINS_5arrayI9ap_ufixedILi6ELi0EL9ap_q_mode4EL9_29, i6 %p_ZZN4nnet24compute_output_buffer_2dINS_5arrayI9ap_ufixedILi6ELi0EL9ap_q_mode4EL9_23, i6 %p_ZZN4nnet24compute_output_buffer_2dINS_5arrayI9ap_ufixedILi6ELi0EL9ap_q_mode4EL9_28, i6 %p_ZZN4nnet24compute_output_buffer_2dINS_5arrayI9ap_ufixedILi6ELi0EL9ap_q_mode4EL9_22, i6 %p_ZZN4nnet24compute_output_buffer_2dINS_5arrayI9ap_ufixedILi6ELi0EL9ap_q_mode4EL9_27, i6 %p_ZZN4nnet24compute_output_buffer_2dINS_5arrayI9ap_ufixedILi6ELi0EL9ap_q_mode4EL9_21, i6 %p_ZZN4nnet24compute_output_buffer_2dINS_5arrayI9ap_ufixedILi6ELi0EL9ap_q_mode4EL9_26, i6 %p_ZZN4nnet24compute_output_buffer_2dINS_5arrayI9ap_ufixedILi6ELi0EL9ap_q_mode4EL9_20, i6 %p_ZZN4nnet24compute_output_buffer_2dINS_5arrayI9ap_ufixedILi6ELi0EL9ap_q_mode4EL9_25, i6 %p_ZZN4nnet24compute_output_buffer_2dINS_5arrayI9ap_ufixedILi6ELi0EL9ap_q_mode4EL9_9, i6 %p_ZZN4nnet24compute_output_buffer_2dINS_5arrayI9ap_ufixedILi6ELi0EL9ap_q_mode4EL9_14, i6 %p_ZZN4nnet24compute_output_buffer_2dINS_5arrayI9ap_ufixedILi6ELi0EL9ap_q_mode4EL9_8, i6 %p_ZZN4nnet24compute_output_buffer_2dINS_5arrayI9ap_ufixedILi6ELi0EL9ap_q_mode4EL9_13, i6 %p_ZZN4nnet24compute_output_buffer_2dINS_5arrayI9ap_ufixedILi6ELi0EL9ap_q_mode4EL9_7, i6 %p_ZZN4nnet24compute_output_buffer_2dINS_5arrayI9ap_ufixedILi6ELi0EL9ap_q_mode4EL9_12, i6 %p_ZZN4nnet24compute_output_buffer_2dINS_5arrayI9ap_ufixedILi6ELi0EL9ap_q_mode4EL9_6, i6 %p_ZZN4nnet24compute_output_buffer_2dINS_5arrayI9ap_ufixedILi6ELi0EL9ap_q_mode4EL9_11, i6 %p_ZZN4nnet24compute_output_buffer_2dINS_5arrayI9ap_ufixedILi6ELi0EL9ap_q_mode4EL9_5, i6 %p_ZZN4nnet24compute_output_buffer_2dINS_5arrayI9ap_ufixedILi6ELi0EL9ap_q_mode4EL9_10, i6 %p_ZZN4nnet24compute_output_buffer_2dINS_5arrayI9ap_ufixedILi6ELi0EL9ap_q_mode4EL9_34, i6 %p_ZZN4nnet24compute_output_buffer_2dINS_5arrayI9ap_ufixedILi6ELi0EL9ap_q_mode4EL9_33, i6 %p_ZZN4nnet24compute_output_buffer_2dINS_5arrayI9ap_ufixedILi6ELi0EL9ap_q_mode4EL9_32, i6 %p_ZZN4nnet24compute_output_buffer_2dINS_5arrayI9ap_ufixedILi6ELi0EL9ap_q_mode4EL9_31, i6 %p_ZZN4nnet24compute_output_buffer_2dINS_5arrayI9ap_ufixedILi6ELi0EL9ap_q_mode4EL9_30, i6 %p_ZZN4nnet24compute_output_buffer_2dINS_5arrayI9ap_ufixedILi6ELi0EL9ap_q_mode4EL9_19, i6 %p_ZZN4nnet24compute_output_buffer_2dINS_5arrayI9ap_ufixedILi6ELi0EL9ap_q_mode4EL9_18, i6 %p_ZZN4nnet24compute_output_buffer_2dINS_5arrayI9ap_ufixedILi6ELi0EL9ap_q_mode4EL9_17, i6 %p_ZZN4nnet24compute_output_buffer_2dINS_5arrayI9ap_ufixedILi6ELi0EL9ap_q_mode4EL9_16, i6 %p_ZZN4nnet24compute_output_buffer_2dINS_5arrayI9ap_ufixedILi6ELi0EL9ap_q_mode4EL9_15, i6 %p_ZZN4nnet24compute_output_buffer_2dINS_5arrayI9ap_ufixedILi6ELi0EL9ap_q_mode4EL9_4, i6 %p_ZZN4nnet24compute_output_buffer_2dINS_5arrayI9ap_ufixedILi6ELi0EL9ap_q_mode4EL9_3, i6 %p_ZZN4nnet24compute_output_buffer_2dINS_5arrayI9ap_ufixedILi6ELi0EL9ap_q_mode4EL9_2, i6 %p_ZZN4nnet24compute_output_buffer_2dINS_5arrayI9ap_ufixedILi6ELi0EL9ap_q_mode4EL9_1, i6 %p_ZZN4nnet24compute_output_buffer_2dINS_5arrayI9ap_ufixedILi6ELi0EL9ap_q_mode4EL9, i6 %p_ZZN4nnet26conv_2d_buffer_resource_clINS_5arrayI9ap_ufixedILi6ELi0EL9ap_q_mode4E_9, i6 %p_ZZN4nnet26conv_2d_buffer_resource_clINS_5arrayI9ap_ufixedILi6ELi0EL9ap_q_mode4E_4, i6 %p_ZZN4nnet26conv_2d_buffer_resource_clINS_5arrayI9ap_ufixedILi6ELi0EL9ap_q_mode4E_8, i6 %p_ZZN4nnet26conv_2d_buffer_resource_clINS_5arrayI9ap_ufixedILi6ELi0EL9ap_q_mode4E_3, i6 %p_ZZN4nnet26conv_2d_buffer_resource_clINS_5arrayI9ap_ufixedILi6ELi0EL9ap_q_mode4E_7, i6 %p_ZZN4nnet26conv_2d_buffer_resource_clINS_5arrayI9ap_ufixedILi6ELi0EL9ap_q_mode4E_2, i6 %p_ZZN4nnet26conv_2d_buffer_resource_clINS_5arrayI9ap_ufixedILi6ELi0EL9ap_q_mode4E_6, i6 %p_ZZN4nnet26conv_2d_buffer_resource_clINS_5arrayI9ap_ufixedILi6ELi0EL9ap_q_mode4E_1, i6 %p_ZZN4nnet26conv_2d_buffer_resource_clINS_5arrayI9ap_ufixedILi6ELi0EL9ap_q_mode4E_5, i6 %p_ZZN4nnet26conv_2d_buffer_resource_clINS_5arrayI9ap_ufixedILi6ELi0EL9ap_q_mode4E, i32 %sX_1, i32 %sY_1, i32 %pY_1, i32 %pX_1, i34 %w8" [firmware/nnet_utils/nnet_conv2d_stream.h:57->firmware/nnet_utils/nnet_conv2d_stream.h:77]   --->   Operation 24 'call' 'call_ln57' <Predicate = true> <Delay = 0.00> <CoreType = "Generic">   --->   Generic Core
ST_3 : Operation 25 [1/1] (0.00ns)   --->   "%br_ln53 = br void %for.body12.i" [firmware/nnet_utils/nnet_conv2d_stream.h:53->firmware/nnet_utils/nnet_conv2d_stream.h:77]   --->   Operation 25 'br' 'br_ln53' <Predicate = true> <Delay = 0.00>


============================================================
+ Verbose Summary: Timing violations
============================================================
Target clock period: 30.000ns, clock uncertainty: 8.100ns.

 <State 1>: 1.610ns
The critical path consists of the following:
	'alloca' operation 8 bit ('indvar_flatten') [63]  (0.000 ns)
	'store' operation 0 bit ('store_ln0') of constant 0 on local variable 'indvar_flatten' [66]  (1.610 ns)

 <State 2>: 5.895ns
The critical path consists of the following:
	'load' operation 8 bit ('indvar_flatten_load', firmware/nnet_utils/nnet_conv2d_stream.h:51->firmware/nnet_utils/nnet_conv2d_stream.h:77) on local variable 'indvar_flatten' [69]  (0.000 ns)
	'icmp' operation 1 bit ('icmp_ln51', firmware/nnet_utils/nnet_conv2d_stream.h:51->firmware/nnet_utils/nnet_conv2d_stream.h:77) [70]  (2.115 ns)
	fifo read operation ('layer7_out_read', firmware/nnet_utils/nnet_conv2d_stream.h:57->firmware/nnet_utils/nnet_conv2d_stream.h:77) on port 'layer7_out' (firmware/nnet_utils/nnet_conv2d_stream.h:57->firmware/nnet_utils/nnet_conv2d_stream.h:77) [76]  (3.780 ns)

 <State 3>: 0.000ns
The critical path consists of the following:


============================================================
+ Verbose Summary: Binding
============================================================
N/A
* FSMD analyzer results:
  - Output states:
 - Input state : 
  - Chain level:
	State 1
	State 2
	State 3


============================================================
+ Verbose Summary: Datapath Resource usage 
============================================================
N/A
