

================================================================
== Vitis HLS Report for 'dense_array_ap_ufixed_6u_array_ap_fixed_16_6_5_3_0_5u_config18_s'
================================================================
* Date:           Mon Apr 28 18:18:51 2025

* Version:        2024.2 (Build 5238294 on Nov  8 2024)
* Project:        myproject_prj
* Solution:       solution1 (Vivado IP Flow Target)
* Product family: artix7
* Target device:  xc7a35t-cpg236-1


================================================================
== Performance Estimates
================================================================
+ Timing: 
    * Summary: 
    +--------+----------+-----------+------------+
    |  Clock |  Target  | Estimated | Uncertainty|
    +--------+----------+-----------+------------+
    |ap_clk  |  30.00 ns|  19.204 ns|     8.10 ns|
    +--------+----------+-----------+------------+

+ Latency: 
    * Summary: 
    +---------+---------+----------+----------+-----+-----+---------+
    |  Latency (cycles) |  Latency (absolute) |  Interval | Pipeline|
    |   min   |   max   |    min   |    max   | min | max |   Type  |
    +---------+---------+----------+----------+-----+-----+---------+
    |       31|       32|  0.930 us|  0.960 us|   31|   32|       no|
    +---------+---------+----------+----------+-----+-----+---------+

    + Detail: 
        * Instance: 
        N/A

        * Loop: 
        N/A

============================================================
+ Verbose Summary: Synthesis Manager
============================================================
InlineROM: 1
ExposeGlobal: 0
============================================================
+ Verbose Summary: CDFG Model
============================================================
IsTopModel: 0
ResetActiveHigh: 1
IsCombinational: 2
IsDatapathOnly: 0
HasWiredReturn: 1
HasMFsm: 0
HasVarLatency: 1
IsPipeline: 0
IsRtlPipelined: 0
IsInstanceOverlapped: 0
IsDontTouch: 0
HasImplIP: 0
IsGatedGlobalClock: 0


============================================================
+ Verbose Summary: Schedule
============================================================
* Number of FSM states : 2
* Pipeline : 0
* Dataflow Pipeline: 0

* FSM state transitions: 
1 --> 2 
2 --> 

* FSM state operations: 

State 1 <SV = 0> <Delay = 3.90>
ST_1 : Operation 3 [1/1] ( I:3.90ns O:3.90ns )   --->   "%layer16_out_read = read i36 @_ssdm_op_Read.ap_fifo.volatile.i36P0A, i36 %layer16_out" [firmware/nnet_utils/nnet_dense_stream.h:43->firmware/nnet_utils/nnet_dense_stream.h:93]   --->   Operation 3 'read' 'layer16_out_read' <Predicate = true> <Delay = 3.90> <CoreInst = "FIFO_SRL">   --->   Core 80 'FIFO_SRL' <Latency = 0> <II = 1> <Delay = 3.90> <Storage> <Opcode : 'read' 'write' 'nbread' 'nbwrite'> <Ports = 0> <Width = 36> <Depth = 1> <FIFO>
ST_1 : Operation 4 [1/1] (0.00ns)   --->   "%data = trunc i36 %layer16_out_read" [firmware/nnet_utils/nnet_dense_stream.h:43->firmware/nnet_utils/nnet_dense_stream.h:93]   --->   Operation 4 'trunc' 'data' <Predicate = true> <Delay = 0.00>
ST_1 : Operation 5 [1/1] (0.00ns)   --->   "%data_1 = partselect i6 @_ssdm_op_PartSelect.i6.i36.i32.i32, i36 %layer16_out_read, i32 6, i32 11" [firmware/nnet_utils/nnet_dense_stream.h:43->firmware/nnet_utils/nnet_dense_stream.h:93]   --->   Operation 5 'partselect' 'data_1' <Predicate = true> <Delay = 0.00>
ST_1 : Operation 6 [1/1] (0.00ns)   --->   "%data_2 = partselect i6 @_ssdm_op_PartSelect.i6.i36.i32.i32, i36 %layer16_out_read, i32 12, i32 17" [firmware/nnet_utils/nnet_dense_stream.h:43->firmware/nnet_utils/nnet_dense_stream.h:93]   --->   Operation 6 'partselect' 'data_2' <Predicate = true> <Delay = 0.00>
ST_1 : Operation 7 [1/1] (0.00ns)   --->   "%data_3 = partselect i6 @_ssdm_op_PartSelect.i6.i36.i32.i32, i36 %layer16_out_read, i32 18, i32 23" [firmware/nnet_utils/nnet_dense_stream.h:43->firmware/nnet_utils/nnet_dense_stream.h:93]   --->   Operation 7 'partselect' 'data_3' <Predicate = true> <Delay = 0.00>
ST_1 : Operation 8 [1/1] (0.00ns)   --->   "%data_4 = partselect i6 @_ssdm_op_PartSelect.i6.i36.i32.i32, i36 %layer16_out_read, i32 24, i32 29" [firmware/nnet_utils/nnet_dense_stream.h:43->firmware/nnet_utils/nnet_dense_stream.h:93]   --->   Operation 8 'partselect' 'data_4' <Predicate = true> <Delay = 0.00>
ST_1 : Operation 9 [1/1] (0.00ns)   --->   "%data_5 = partselect i6 @_ssdm_op_PartSelect.i6.i36.i32.i32, i36 %layer16_out_read, i32 30, i32 35" [firmware/nnet_utils/nnet_dense_stream.h:43->firmware/nnet_utils/nnet_dense_stream.h:93]   --->   Operation 9 'partselect' 'data_5' <Predicate = true> <Delay = 0.00>
ST_1 : Operation 10 [2/2] (0.00ns)   --->   "%call_ret = call i80 @dense_resource_rf_gt_nin_rem0<ap_ufixed,ap_fixed<16,6,5,3,0>,config18>, i6 %data, i6 %data_1, i6 %data_2, i6 %data_3, i6 %data_4, i6 %data_5, i3 %outidx_82, i5 %w18" [firmware/nnet_utils/nnet_dense_resource.h:264->firmware/nnet_utils/nnet_dense_stream.h:24->firmware/nnet_utils/nnet_dense_stream.h:97]   --->   Operation 10 'call' 'call_ret' <Predicate = true> <Delay = 0.00> <CoreType = "Generic">   --->   Generic Core

State 2 <SV = 1> <Delay = 19.2>
ST_2 : Operation 11 [1/1] (0.00ns)   --->   "%specinterface_ln0 = specinterface void @_ssdm_op_SpecInterface, i80 %layer18_out, void @empty_1, i32 0, i32 0, void @empty_0, i32 0, i32 0, void @empty_0, void @empty_0, void @empty_0, i32 0, i32 0, i32 0, i32 0, void @empty_0, void @empty_0, i32 4294967295, i32 0, i32 0"   --->   Operation 11 'specinterface' 'specinterface_ln0' <Predicate = true> <Delay = 0.00>
ST_2 : Operation 12 [1/1] (0.00ns)   --->   "%specinterface_ln0 = specinterface void @_ssdm_op_SpecInterface, i36 %layer16_out, void @empty_1, i32 0, i32 0, void @empty_0, i32 0, i32 0, void @empty_0, void @empty_0, void @empty_0, i32 0, i32 0, i32 0, i32 0, void @empty_0, void @empty_0, i32 4294967295, i32 0, i32 0"   --->   Operation 12 'specinterface' 'specinterface_ln0' <Predicate = true> <Delay = 0.00>
ST_2 : Operation 13 [1/2] (15.2ns)   --->   "%call_ret = call i80 @dense_resource_rf_gt_nin_rem0<ap_ufixed,ap_fixed<16,6,5,3,0>,config18>, i6 %data, i6 %data_1, i6 %data_2, i6 %data_3, i6 %data_4, i6 %data_5, i3 %outidx_82, i5 %w18" [firmware/nnet_utils/nnet_dense_resource.h:264->firmware/nnet_utils/nnet_dense_stream.h:24->firmware/nnet_utils/nnet_dense_stream.h:97]   --->   Operation 13 'call' 'call_ret' <Predicate = true> <Delay = 15.2> <CoreType = "Generic">   --->   Generic Core
ST_2 : Operation 14 [1/1] (0.00ns)   --->   "%res = extractvalue i80 %call_ret" [firmware/nnet_utils/nnet_dense_resource.h:264->firmware/nnet_utils/nnet_dense_stream.h:24->firmware/nnet_utils/nnet_dense_stream.h:97]   --->   Operation 14 'extractvalue' 'res' <Predicate = true> <Delay = 0.00>
ST_2 : Operation 15 [1/1] (0.00ns)   --->   "%res_1 = extractvalue i80 %call_ret" [firmware/nnet_utils/nnet_dense_resource.h:264->firmware/nnet_utils/nnet_dense_stream.h:24->firmware/nnet_utils/nnet_dense_stream.h:97]   --->   Operation 15 'extractvalue' 'res_1' <Predicate = true> <Delay = 0.00>
ST_2 : Operation 16 [1/1] (0.00ns)   --->   "%res_2 = extractvalue i80 %call_ret" [firmware/nnet_utils/nnet_dense_resource.h:264->firmware/nnet_utils/nnet_dense_stream.h:24->firmware/nnet_utils/nnet_dense_stream.h:97]   --->   Operation 16 'extractvalue' 'res_2' <Predicate = true> <Delay = 0.00>
ST_2 : Operation 17 [1/1] (0.00ns)   --->   "%res_3 = extractvalue i80 %call_ret" [firmware/nnet_utils/nnet_dense_resource.h:264->firmware/nnet_utils/nnet_dense_stream.h:24->firmware/nnet_utils/nnet_dense_stream.h:97]   --->   Operation 17 'extractvalue' 'res_3' <Predicate = true> <Delay = 0.00>
ST_2 : Operation 18 [1/1] (0.00ns)   --->   "%res_4 = extractvalue i80 %call_ret" [firmware/nnet_utils/nnet_dense_resource.h:264->firmware/nnet_utils/nnet_dense_stream.h:24->firmware/nnet_utils/nnet_dense_stream.h:97]   --->   Operation 18 'extractvalue' 'res_4' <Predicate = true> <Delay = 0.00>
ST_2 : Operation 19 [1/1] (0.00ns)   --->   "%p_s = bitconcatenate i80 @_ssdm_op_BitConcatenate.i80.i16.i16.i16.i16.i16, i16 %res_4, i16 %res_3, i16 %res_2, i16 %res_1, i16 %res" [firmware/nnet_utils/nnet_dense_stream.h:77->firmware/nnet_utils/nnet_dense_stream.h:100]   --->   Operation 19 'bitconcatenate' 'p_s' <Predicate = true> <Delay = 0.00>
ST_2 : Operation 20 [1/1] ( I:3.90ns O:3.90ns )   --->   "%write_ln77 = write void @_ssdm_op_Write.ap_fifo.volatile.i80P0A, i80 %layer18_out, i80 %p_s" [firmware/nnet_utils/nnet_dense_stream.h:77->firmware/nnet_utils/nnet_dense_stream.h:100]   --->   Operation 20 'write' 'write_ln77' <Predicate = true> <Delay = 3.90> <CoreInst = "FIFO_SRL">   --->   Core 80 'FIFO_SRL' <Latency = 0> <II = 1> <Delay = 3.90> <Storage> <Opcode : 'read' 'write' 'nbread' 'nbwrite'> <Ports = 0> <Width = 80> <Depth = 1> <FIFO>
ST_2 : Operation 21 [1/1] (0.00ns)   --->   "%ret_ln101 = ret" [firmware/nnet_utils/nnet_dense_stream.h:101]   --->   Operation 21 'ret' 'ret_ln101' <Predicate = true> <Delay = 0.00>


============================================================
+ Verbose Summary: Timing violations
============================================================
Target clock period: 30.000ns, clock uncertainty: 8.100ns.

 <State 1>: 3.908ns
The critical path consists of the following:
	fifo read operation ('layer16_out_read', firmware/nnet_utils/nnet_dense_stream.h:43->firmware/nnet_utils/nnet_dense_stream.h:93) on port 'layer16_out' (firmware/nnet_utils/nnet_dense_stream.h:43->firmware/nnet_utils/nnet_dense_stream.h:93) [7]  (3.908 ns)

 <State 2>: 19.204ns
The critical path consists of the following:
	'call' operation 80 bit ('call_ret', firmware/nnet_utils/nnet_dense_resource.h:264->firmware/nnet_utils/nnet_dense_stream.h:24->firmware/nnet_utils/nnet_dense_stream.h:97) to 'dense_resource_rf_gt_nin_rem0<ap_ufixed,ap_fixed<16,6,5,3,0>,config18>' [14]  (15.296 ns)
	fifo write operation ('write_ln77', firmware/nnet_utils/nnet_dense_stream.h:77->firmware/nnet_utils/nnet_dense_stream.h:100) on port 'layer18_out' (firmware/nnet_utils/nnet_dense_stream.h:77->firmware/nnet_utils/nnet_dense_stream.h:100) [21]  (3.908 ns)


============================================================
+ Verbose Summary: Binding
============================================================
N/A
* FSMD analyzer results:
  - Output states:
 - Input state : 
  - Chain level:
	State 1
	State 2


============================================================
+ Verbose Summary: Datapath Resource usage 
============================================================
N/A
