

================================================================
== Vitis HLS Report for 'dense_resource_rf_leq_nin_ap_fixed_ap_fixed_31_17_5_3_0_config14_s'
================================================================
* Date:           Mon Apr 28 17:44:43 2025

* Version:        2024.2 (Build 5238294 on Nov  8 2024)
* Project:        myproject_prj
* Solution:       solution1 (Vivado IP Flow Target)
* Product family: artix7
* Target device:  xc7a35t-cpg236-1


================================================================
== Performance Estimates
================================================================
+ Timing: 
    * Summary: 
    +--------+----------+-----------+------------+
    |  Clock |  Target  | Estimated | Uncertainty|
    +--------+----------+-----------+------------+
    |ap_clk  |  30.00 ns|  10.659 ns|     8.10 ns|
    +--------+----------+-----------+------------+

+ Latency: 
    * Summary: 
    +---------+---------+----------+----------+-----+-----+-------------------------------------------+
    |  Latency (cycles) |  Latency (absolute) |  Interval |                  Pipeline                 |
    |   min   |   max   |    min   |    max   | min | max |                    Type                   |
    +---------+---------+----------+----------+-----+-----+-------------------------------------------+
    |       10|       11|  0.300 us|  0.330 us|   10|   10|  loop rewind stp (delay=0 clock cycles(s))|
    +---------+---------+----------+----------+-----+-----+-------------------------------------------+

    + Detail: 
        * Instance: 
        N/A

        * Loop: 
        +-------------+---------+---------+----------+-----------+-----------+------+----------+
        |             |  Latency (cycles) | Iteration|  Initiation Interval  | Trip |          |
        |  Loop Name  |   min   |   max   |  Latency |  achieved |   target  | Count| Pipelined|
        +-------------+---------+---------+----------+-----------+-----------+------+----------+
        |- ReuseLoop  |       10|       10|         2|          1|          1|    10|       yes|
        +-------------+---------+---------+----------+-----------+-----------+------+----------+

============================================================
+ Verbose Summary: Synthesis Manager
============================================================
InlineROM: 1
ExposeGlobal: 0
============================================================
+ Verbose Summary: CDFG Model
============================================================
IsTopModel: 0
ResetActiveHigh: 1
IsCombinational: 0
IsDatapathOnly: 0
HasWiredReturn: 1
HasMFsm: 2
HasVarLatency: 1
IsPipeline: 0
IsRtlPipelined: 0
IsInstanceOverlapped: 0
IsDontTouch: 0
HasImplIP: 0
IsGatedGlobalClock: 0

+ Individual pipeline summary: 
  * Pipeline-0: initiation interval (II) = 1, depth = 2


============================================================
+ Verbose Summary: Schedule
============================================================
* Number of FSM states : 3
* Pipeline : 1
  Pipeline-0 : II = 1, D = 2, States = { 2 3 }
* Dataflow Pipeline: 0

* FSM state transitions: 
1 --> 2 
2 --> 3 
3 --> 2 

* FSM state operations: 

State 1 <SV = 0> <Delay = 1.61>
ST_1 : Operation 4 [1/1] (1.61ns)   --->   "%br_ln46 = br void %rewind_header" [firmware/nnet_utils/nnet_dense_resource.h:46]   --->   Operation 4 'br' 'br_ln46' <Predicate = true> <Delay = 1.61>

State 2 <SV = 1> <Delay = 3.25>
ST_2 : Operation 5 [1/1] (0.00ns)   --->   "%do_init = phi i1 1, void %entry, i1 0, void %MultLoop.split, i1 1, void %Result"   --->   Operation 5 'phi' 'do_init' <Predicate = true> <Delay = 0.00>
ST_2 : Operation 6 [1/1] (0.00ns)   --->   "%w_index3 = phi i4 0, void %entry, i4 %w_index, void %MultLoop.split, i4 0, void %Result"   --->   Operation 6 'phi' 'w_index3' <Predicate = true> <Delay = 0.00>
ST_2 : Operation 7 [1/1] (0.00ns)   --->   "%specmemcore_ln0 = specmemcore void @_ssdm_op_SpecMemCore, i5 %w14, i64 666, i64 38, i64 18446744073709551615"   --->   Operation 7 'specmemcore' 'specmemcore_ln0' <Predicate = (do_init)> <Delay = 0.00>
ST_2 : Operation 8 [1/1] (0.00ns)   --->   "%data_9_val_read = read i20 @_ssdm_op_Read.ap_auto.i20, i20 %data_9_val" [firmware/nnet_utils/nnet_dense_resource.h:46]   --->   Operation 8 'read' 'data_9_val_read' <Predicate = (do_init)> <Delay = 0.00>
ST_2 : Operation 9 [1/1] (0.00ns)   --->   "%data_8_val_read = read i20 @_ssdm_op_Read.ap_auto.i20, i20 %data_8_val" [firmware/nnet_utils/nnet_dense_resource.h:46]   --->   Operation 9 'read' 'data_8_val_read' <Predicate = (do_init)> <Delay = 0.00>
ST_2 : Operation 10 [1/1] (0.00ns)   --->   "%data_7_val_read = read i20 @_ssdm_op_Read.ap_auto.i20, i20 %data_7_val" [firmware/nnet_utils/nnet_dense_resource.h:46]   --->   Operation 10 'read' 'data_7_val_read' <Predicate = (do_init)> <Delay = 0.00>
ST_2 : Operation 11 [1/1] (0.00ns)   --->   "%data_6_val_read = read i20 @_ssdm_op_Read.ap_auto.i20, i20 %data_6_val" [firmware/nnet_utils/nnet_dense_resource.h:46]   --->   Operation 11 'read' 'data_6_val_read' <Predicate = (do_init)> <Delay = 0.00>
ST_2 : Operation 12 [1/1] (0.00ns)   --->   "%data_5_val_read = read i20 @_ssdm_op_Read.ap_auto.i20, i20 %data_5_val" [firmware/nnet_utils/nnet_dense_resource.h:46]   --->   Operation 12 'read' 'data_5_val_read' <Predicate = (do_init)> <Delay = 0.00>
ST_2 : Operation 13 [1/1] (0.00ns)   --->   "%data_4_val_read = read i20 @_ssdm_op_Read.ap_auto.i20, i20 %data_4_val" [firmware/nnet_utils/nnet_dense_resource.h:46]   --->   Operation 13 'read' 'data_4_val_read' <Predicate = (do_init)> <Delay = 0.00>
ST_2 : Operation 14 [1/1] (0.00ns)   --->   "%data_3_val_read = read i20 @_ssdm_op_Read.ap_auto.i20, i20 %data_3_val" [firmware/nnet_utils/nnet_dense_resource.h:46]   --->   Operation 14 'read' 'data_3_val_read' <Predicate = (do_init)> <Delay = 0.00>
ST_2 : Operation 15 [1/1] (0.00ns)   --->   "%data_2_val_read = read i20 @_ssdm_op_Read.ap_auto.i20, i20 %data_2_val" [firmware/nnet_utils/nnet_dense_resource.h:46]   --->   Operation 15 'read' 'data_2_val_read' <Predicate = (do_init)> <Delay = 0.00>
ST_2 : Operation 16 [1/1] (0.00ns)   --->   "%data_1_val_read = read i20 @_ssdm_op_Read.ap_auto.i20, i20 %data_1_val" [firmware/nnet_utils/nnet_dense_resource.h:46]   --->   Operation 16 'read' 'data_1_val_read' <Predicate = (do_init)> <Delay = 0.00>
ST_2 : Operation 17 [1/1] (0.00ns)   --->   "%data_0_val_read = read i20 @_ssdm_op_Read.ap_auto.i20, i20 %data_0_val" [firmware/nnet_utils/nnet_dense_resource.h:46]   --->   Operation 17 'read' 'data_0_val_read' <Predicate = (do_init)> <Delay = 0.00>
ST_2 : Operation 18 [1/1] (1.61ns)   --->   "%br_ln46 = br void %MultLoop.split" [firmware/nnet_utils/nnet_dense_resource.h:46]   --->   Operation 18 'br' 'br_ln46' <Predicate = (do_init)> <Delay = 1.61>
ST_2 : Operation 19 [1/1] (0.00ns)   --->   "%zext_ln46 = zext i4 %w_index3" [firmware/nnet_utils/nnet_dense_resource.h:46]   --->   Operation 19 'zext' 'zext_ln46' <Predicate = true> <Delay = 0.00>
ST_2 : Operation 20 [1/1] (0.00ns)   --->   "%w14_addr = getelementptr i5 %w14, i64 0, i64 %zext_ln46" [firmware/nnet_utils/nnet_dense_resource.h:59]   --->   Operation 20 'getelementptr' 'w14_addr' <Predicate = true> <Delay = 0.00>
ST_2 : Operation 21 [2/2] (3.25ns)   --->   "%w = load i4 %w14_addr" [firmware/nnet_utils/nnet_dense_resource.h:59]   --->   Operation 21 'load' 'w' <Predicate = true> <Delay = 3.25> <CoreInst = "ROM_nP_BRAM">   --->   Core 102 'ROM_nP_BRAM' <Latency = 1> <II = 1> <Delay = 3.25> <Storage> <Opcode : 'load'> <Ports = 0> <Width = 5> <Depth = 10> <ROM>
ST_2 : Operation 22 [1/1] (1.77ns)   --->   "%w_index = add i4 %w_index3, i4 1" [firmware/nnet_utils/nnet_dense_resource.h:46]   --->   Operation 22 'add' 'w_index' <Predicate = true> <Delay = 1.77> <CoreInst = "Adder">   --->   Core 1 'Adder' <Latency = 0> <II = 1> <Delay = 1.77> <FuncUnit> <Opcode : 'add' 'sub'> <InPorts = 2> <OutPorts = 1>
ST_2 : Operation 23 [1/1] (1.77ns)   --->   "%icmp_ln46 = icmp_eq  i4 %w_index3, i4 9" [firmware/nnet_utils/nnet_dense_resource.h:46]   --->   Operation 23 'icmp' 'icmp_ln46' <Predicate = true> <Delay = 1.77> <CoreInst = "Cmp">   --->   Core 9 'Cmp' <Latency = 0> <II = 1> <Delay = 1.77> <FuncUnit> <Opcode : 'seteq' 'setne' 'setle' 'setge' 'setlt' 'setgt'> <InPorts = 2> <OutPorts = 1>
ST_2 : Operation 24 [1/1] (0.00ns)   --->   "%br_ln46 = br i1 %icmp_ln46, void %rewind_header, void %Result" [firmware/nnet_utils/nnet_dense_resource.h:46]   --->   Operation 24 'br' 'br_ln46' <Predicate = true> <Delay = 0.00>
ST_2 : Operation 25 [1/1] (0.00ns)   --->   "%br_ln84 = br void %rewind_header" [firmware/nnet_utils/nnet_dense_resource.h:84]   --->   Operation 25 'br' 'br_ln84' <Predicate = (icmp_ln46)> <Delay = 0.00>

State 3 <SV = 2> <Delay = 10.6>
ST_3 : Operation 26 [1/1] (0.00ns)   --->   "%data_0_val4_rewind = phi i20 0, void %entry, i20 %data_0_val4_phi, void %MultLoop.split, i20 0, void %Result" [firmware/nnet_utils/nnet_dense_resource.h:46]   --->   Operation 26 'phi' 'data_0_val4_rewind' <Predicate = true> <Delay = 0.00>
ST_3 : Operation 27 [1/1] (0.00ns)   --->   "%data_1_val5_rewind = phi i20 0, void %entry, i20 %data_1_val5_phi, void %MultLoop.split, i20 0, void %Result" [firmware/nnet_utils/nnet_dense_resource.h:46]   --->   Operation 27 'phi' 'data_1_val5_rewind' <Predicate = true> <Delay = 0.00>
ST_3 : Operation 28 [1/1] (0.00ns)   --->   "%data_2_val6_rewind = phi i20 0, void %entry, i20 %data_2_val6_phi, void %MultLoop.split, i20 0, void %Result" [firmware/nnet_utils/nnet_dense_resource.h:46]   --->   Operation 28 'phi' 'data_2_val6_rewind' <Predicate = true> <Delay = 0.00>
ST_3 : Operation 29 [1/1] (0.00ns)   --->   "%data_3_val7_rewind = phi i20 0, void %entry, i20 %data_3_val7_phi, void %MultLoop.split, i20 0, void %Result" [firmware/nnet_utils/nnet_dense_resource.h:46]   --->   Operation 29 'phi' 'data_3_val7_rewind' <Predicate = true> <Delay = 0.00>
ST_3 : Operation 30 [1/1] (0.00ns)   --->   "%data_4_val8_rewind = phi i20 0, void %entry, i20 %data_4_val8_phi, void %MultLoop.split, i20 0, void %Result" [firmware/nnet_utils/nnet_dense_resource.h:46]   --->   Operation 30 'phi' 'data_4_val8_rewind' <Predicate = true> <Delay = 0.00>
ST_3 : Operation 31 [1/1] (0.00ns)   --->   "%data_5_val9_rewind = phi i20 0, void %entry, i20 %data_5_val9_phi, void %MultLoop.split, i20 0, void %Result" [firmware/nnet_utils/nnet_dense_resource.h:46]   --->   Operation 31 'phi' 'data_5_val9_rewind' <Predicate = true> <Delay = 0.00>
ST_3 : Operation 32 [1/1] (0.00ns)   --->   "%data_6_val10_rewind = phi i20 0, void %entry, i20 %data_6_val10_phi, void %MultLoop.split, i20 0, void %Result" [firmware/nnet_utils/nnet_dense_resource.h:46]   --->   Operation 32 'phi' 'data_6_val10_rewind' <Predicate = true> <Delay = 0.00>
ST_3 : Operation 33 [1/1] (0.00ns)   --->   "%data_7_val11_rewind = phi i20 0, void %entry, i20 %data_7_val11_phi, void %MultLoop.split, i20 0, void %Result" [firmware/nnet_utils/nnet_dense_resource.h:46]   --->   Operation 33 'phi' 'data_7_val11_rewind' <Predicate = true> <Delay = 0.00>
ST_3 : Operation 34 [1/1] (0.00ns)   --->   "%data_8_val12_rewind = phi i20 0, void %entry, i20 %data_8_val12_phi, void %MultLoop.split, i20 0, void %Result" [firmware/nnet_utils/nnet_dense_resource.h:46]   --->   Operation 34 'phi' 'data_8_val12_rewind' <Predicate = true> <Delay = 0.00>
ST_3 : Operation 35 [1/1] (0.00ns)   --->   "%data_9_val13_rewind = phi i20 0, void %entry, i20 %data_9_val13_phi, void %MultLoop.split, i20 0, void %Result" [firmware/nnet_utils/nnet_dense_resource.h:46]   --->   Operation 35 'phi' 'data_9_val13_rewind' <Predicate = true> <Delay = 0.00>
ST_3 : Operation 36 [1/1] (0.00ns)   --->   "%empty = phi i27 0, void %entry, i27 %add_ln58, void %MultLoop.split, i27 0, void %Result" [firmware/nnet_utils/nnet_dense_resource.h:58]   --->   Operation 36 'phi' 'empty' <Predicate = true> <Delay = 0.00>
ST_3 : Operation 37 [1/1] (1.61ns)   --->   "%br_ln0 = br i1 %do_init, void %MultLoop.split, void %rewind_init"   --->   Operation 37 'br' 'br_ln0' <Predicate = true> <Delay = 1.61>
ST_3 : Operation 38 [1/1] (0.00ns)   --->   "%data_0_val4_phi = phi i20 %data_0_val_read, void %rewind_init, i20 %data_0_val4_rewind, void %rewind_header" [firmware/nnet_utils/nnet_dense_resource.h:46]   --->   Operation 38 'phi' 'data_0_val4_phi' <Predicate = true> <Delay = 0.00>
ST_3 : Operation 39 [1/1] (0.00ns)   --->   "%data_1_val5_phi = phi i20 %data_1_val_read, void %rewind_init, i20 %data_1_val5_rewind, void %rewind_header" [firmware/nnet_utils/nnet_dense_resource.h:46]   --->   Operation 39 'phi' 'data_1_val5_phi' <Predicate = true> <Delay = 0.00>
ST_3 : Operation 40 [1/1] (0.00ns)   --->   "%data_2_val6_phi = phi i20 %data_2_val_read, void %rewind_init, i20 %data_2_val6_rewind, void %rewind_header" [firmware/nnet_utils/nnet_dense_resource.h:46]   --->   Operation 40 'phi' 'data_2_val6_phi' <Predicate = true> <Delay = 0.00>
ST_3 : Operation 41 [1/1] (0.00ns)   --->   "%data_3_val7_phi = phi i20 %data_3_val_read, void %rewind_init, i20 %data_3_val7_rewind, void %rewind_header" [firmware/nnet_utils/nnet_dense_resource.h:46]   --->   Operation 41 'phi' 'data_3_val7_phi' <Predicate = true> <Delay = 0.00>
ST_3 : Operation 42 [1/1] (0.00ns)   --->   "%data_4_val8_phi = phi i20 %data_4_val_read, void %rewind_init, i20 %data_4_val8_rewind, void %rewind_header" [firmware/nnet_utils/nnet_dense_resource.h:46]   --->   Operation 42 'phi' 'data_4_val8_phi' <Predicate = true> <Delay = 0.00>
ST_3 : Operation 43 [1/1] (0.00ns)   --->   "%data_5_val9_phi = phi i20 %data_5_val_read, void %rewind_init, i20 %data_5_val9_rewind, void %rewind_header" [firmware/nnet_utils/nnet_dense_resource.h:46]   --->   Operation 43 'phi' 'data_5_val9_phi' <Predicate = true> <Delay = 0.00>
ST_3 : Operation 44 [1/1] (0.00ns)   --->   "%data_6_val10_phi = phi i20 %data_6_val_read, void %rewind_init, i20 %data_6_val10_rewind, void %rewind_header" [firmware/nnet_utils/nnet_dense_resource.h:46]   --->   Operation 44 'phi' 'data_6_val10_phi' <Predicate = true> <Delay = 0.00>
ST_3 : Operation 45 [1/1] (0.00ns)   --->   "%data_7_val11_phi = phi i20 %data_7_val_read, void %rewind_init, i20 %data_7_val11_rewind, void %rewind_header" [firmware/nnet_utils/nnet_dense_resource.h:46]   --->   Operation 45 'phi' 'data_7_val11_phi' <Predicate = true> <Delay = 0.00>
ST_3 : Operation 46 [1/1] (0.00ns)   --->   "%data_8_val12_phi = phi i20 %data_8_val_read, void %rewind_init, i20 %data_8_val12_rewind, void %rewind_header" [firmware/nnet_utils/nnet_dense_resource.h:46]   --->   Operation 46 'phi' 'data_8_val12_phi' <Predicate = true> <Delay = 0.00>
ST_3 : Operation 47 [1/1] (0.00ns)   --->   "%data_9_val13_phi = phi i20 %data_9_val_read, void %rewind_init, i20 %data_9_val13_rewind, void %rewind_header" [firmware/nnet_utils/nnet_dense_resource.h:46]   --->   Operation 47 'phi' 'data_9_val13_phi' <Predicate = true> <Delay = 0.00>
ST_3 : Operation 48 [1/1] (0.00ns)   --->   "%specpipeline_ln47 = specpipeline void @_ssdm_op_SpecPipeline, i32 1, i32 0, i32 0, i32 1, void @empty_3" [firmware/nnet_utils/nnet_dense_resource.h:47]   --->   Operation 48 'specpipeline' 'specpipeline_ln47' <Predicate = true> <Delay = 0.00>
ST_3 : Operation 49 [1/1] (0.00ns)   --->   "%speclooptripcount_ln49 = speclooptripcount void @_ssdm_op_SpecLoopTripCount, i64 10, i64 10, i64 10" [firmware/nnet_utils/nnet_dense_resource.h:49]   --->   Operation 49 'speclooptripcount' 'speclooptripcount_ln49' <Predicate = true> <Delay = 0.00>
ST_3 : Operation 50 [1/1] (0.00ns)   --->   "%specloopname_ln46 = specloopname void @_ssdm_op_SpecLoopName, void @empty_6" [firmware/nnet_utils/nnet_dense_resource.h:46]   --->   Operation 50 'specloopname' 'specloopname_ln46' <Predicate = true> <Delay = 0.00>
ST_3 : Operation 51 [1/1] (1.86ns)   --->   "%a = sparsemux i20 @_ssdm_op_SparseMux.ap_auto.10i20.i20.i4, i4 0, i20 %data_0_val4_phi, i4 1, i20 %data_1_val5_phi, i4 2, i20 %data_2_val6_phi, i4 3, i20 %data_3_val7_phi, i4 4, i20 %data_4_val8_phi, i4 5, i20 %data_5_val9_phi, i4 6, i20 %data_6_val10_phi, i4 7, i20 %data_7_val11_phi, i4 8, i20 %data_8_val12_phi, i4 9, i20 %data_9_val13_phi, i20 0, i4 %w_index3" [firmware/nnet_utils/nnet_dense_resource.h:46]   --->   Operation 51 'sparsemux' 'a' <Predicate = true> <Delay = 1.86> <CoreInst = "BinarySparseMux_DontCare">   --->   Core 137 'BinarySparseMux_DontCare' <Latency = 0> <II = 1> <Delay = 1.86> <FuncUnit> <Opcode : 'sparsemux'> <InPorts = 2> <OutPorts = 1>
ST_3 : Operation 52 [1/2] ( I:3.25ns O:3.25ns )   --->   "%w = load i4 %w14_addr" [firmware/nnet_utils/nnet_dense_resource.h:59]   --->   Operation 52 'load' 'w' <Predicate = true> <Delay = 3.25> <CoreInst = "ROM_nP_BRAM">   --->   Core 102 'ROM_nP_BRAM' <Latency = 1> <II = 1> <Delay = 3.25> <Storage> <Opcode : 'load'> <Ports = 0> <Width = 5> <Depth = 10> <ROM>
ST_3 : Operation 53 [1/1] (0.00ns)   --->   "%sext_ln73 = sext i20 %a" [firmware/nnet_utils/nnet_mult.h:73->firmware/nnet_utils/nnet_dense_resource.h:59]   --->   Operation 53 'sext' 'sext_ln73' <Predicate = true> <Delay = 0.00>
ST_3 : Operation 54 [1/1] (0.00ns)   --->   "%sext_ln73_62 = sext i5 %w" [firmware/nnet_utils/nnet_mult.h:73->firmware/nnet_utils/nnet_dense_resource.h:59]   --->   Operation 54 'sext' 'sext_ln73_62' <Predicate = true> <Delay = 0.00>
ST_3 : Operation 55 [1/1] (3.36ns) (grouped into DSP with root node add_ln58)   --->   "%mul_ln73 = mul i25 %sext_ln73, i25 %sext_ln73_62" [firmware/nnet_utils/nnet_mult.h:73->firmware/nnet_utils/nnet_dense_resource.h:59]   --->   Operation 55 'mul' 'mul_ln73' <Predicate = true> <Delay = 3.36> <CoreInst = "DSP48">   --->   Core 116 'DSP48' <Latency = 0> <II = 1> <Delay = 7.18> <IPBlock> <Opcode : '' 'add' 'sub' 'mul' 'select'> <InPorts = 0> <OutPorts = 1> <Sync> <CReg>
ST_3 : Operation 56 [1/1] (0.00ns) (grouped into DSP with root node add_ln58)   --->   "%sext_ln58 = sext i25 %mul_ln73" [firmware/nnet_utils/nnet_dense_resource.h:58]   --->   Operation 56 'sext' 'sext_ln58' <Predicate = true> <Delay = 0.00>
ST_3 : Operation 57 [1/1] (3.82ns) (root node of the DSP)   --->   "%add_ln58 = add i27 %sext_ln58, i27 %empty" [firmware/nnet_utils/nnet_dense_resource.h:58]   --->   Operation 57 'add' 'add_ln58' <Predicate = true> <Delay = 3.82> <CoreInst = "DSP48">   --->   Core 116 'DSP48' <Latency = 0> <II = 1> <Delay = 7.18> <IPBlock> <Opcode : '' 'add' 'sub' 'mul' 'select'> <InPorts = 0> <OutPorts = 1> <Sync> <CReg>
ST_3 : Operation 58 [1/1] (0.00ns)   --->   "%return_ln84 = return void @_ssdm_op_Return, i27 %add_ln58" [firmware/nnet_utils/nnet_dense_resource.h:84]   --->   Operation 58 'return' 'return_ln84' <Predicate = (icmp_ln46)> <Delay = 0.00>


============================================================
+ Verbose Summary: Timing violations
============================================================
Target clock period: 30.000ns, clock uncertainty: 8.100ns.

 <State 1>: 1.610ns
The critical path consists of the following:
	multiplexor before 'phi' operation 1 bit ('do_init') [14]  (1.610 ns)

 <State 2>: 3.257ns
The critical path consists of the following:
	'phi' operation 4 bit ('w_index') with incoming values : ('w_index', firmware/nnet_utils/nnet_dense_resource.h:46) [26]  (0.000 ns)
	'getelementptr' operation 4 bit ('w14_addr', firmware/nnet_utils/nnet_dense_resource.h:59) [57]  (0.000 ns)
	'load' operation 5 bit ('w', firmware/nnet_utils/nnet_dense_resource.h:59) on array 'w14' [58]  (3.257 ns)

 <State 3>: 10.659ns
The critical path consists of the following:
	'phi' operation 20 bit ('data_0_val4_rewind', firmware/nnet_utils/nnet_dense_resource.h:46) with incoming values : ('data_0_val_read', firmware/nnet_utils/nnet_dense_resource.h:46) [15]  (0.000 ns)
	multiplexor before 'phi' operation 20 bit ('data_0_val4_phi', firmware/nnet_utils/nnet_dense_resource.h:46) with incoming values : ('data_0_val_read', firmware/nnet_utils/nnet_dense_resource.h:46) [42]  (1.610 ns)
	'phi' operation 20 bit ('data_0_val4_phi', firmware/nnet_utils/nnet_dense_resource.h:46) with incoming values : ('data_0_val_read', firmware/nnet_utils/nnet_dense_resource.h:46) [42]  (0.000 ns)
	'sparsemux' operation 20 bit ('a', firmware/nnet_utils/nnet_dense_resource.h:46) [56]  (1.869 ns)
	'mul' operation 25 bit of DSP[63] ('mul_ln73', firmware/nnet_utils/nnet_mult.h:73->firmware/nnet_utils/nnet_dense_resource.h:59) [61]  (3.360 ns)
	'add' operation 27 bit of DSP[63] ('add_ln58', firmware/nnet_utils/nnet_dense_resource.h:58) [63]  (3.820 ns)
	'return' operation 0 bit ('return_ln84', firmware/nnet_utils/nnet_dense_resource.h:84) [68]  (0.000 ns)


============================================================
+ Verbose Summary: Binding
============================================================
N/A
* FSMD analyzer results:
  - Output states:
 - Input state : 
  - Chain level:
	State 1
	State 2
	State 3


============================================================
+ Verbose Summary: Datapath Resource usage 
============================================================
N/A
