

================================================================
== Vitis HLS Report for 'dense_resource_rf_leq_nin_ap_fixed_ap_fixed_30_16_5_3_0_config14_s'
================================================================
* Date:           Mon Apr 28 17:42:47 2025

* Version:        2024.2 (Build 5238294 on Nov  8 2024)
* Project:        myproject_prj
* Solution:       solution1 (Vivado IP Flow Target)
* Product family: artix7
* Target device:  xc7a35t-cpg236-1


================================================================
== Performance Estimates
================================================================
+ Timing: 
    * Summary: 
    +--------+----------+-----------+------------+
    |  Clock |  Target  | Estimated | Uncertainty|
    +--------+----------+-----------+------------+
    |ap_clk  |  30.00 ns|  10.497 ns|     8.10 ns|
    +--------+----------+-----------+------------+

+ Latency: 
    * Summary: 
    +---------+---------+----------+----------+-----+-----+-------------------------------------------+
    |  Latency (cycles) |  Latency (absolute) |  Interval |                  Pipeline                 |
    |   min   |   max   |    min   |    max   | min | max |                    Type                   |
    +---------+---------+----------+----------+-----+-----+-------------------------------------------+
    |        5|        6|  0.150 us|  0.180 us|    5|    5|  loop rewind stp (delay=0 clock cycles(s))|
    +---------+---------+----------+----------+-----+-----+-------------------------------------------+

    + Detail: 
        * Instance: 
        N/A

        * Loop: 
        +-------------+---------+---------+----------+-----------+-----------+------+----------+
        |             |  Latency (cycles) | Iteration|  Initiation Interval  | Trip |          |
        |  Loop Name  |   min   |   max   |  Latency |  achieved |   target  | Count| Pipelined|
        +-------------+---------+---------+----------+-----------+-----------+------+----------+
        |- ReuseLoop  |        5|        5|         2|          1|          1|     5|       yes|
        +-------------+---------+---------+----------+-----------+-----------+------+----------+

============================================================
+ Verbose Summary: Synthesis Manager
============================================================
InlineROM: 1
ExposeGlobal: 0
============================================================
+ Verbose Summary: CDFG Model
============================================================
IsTopModel: 0
ResetActiveHigh: 1
IsCombinational: 0
IsDatapathOnly: 0
HasWiredReturn: 1
HasMFsm: 2
HasVarLatency: 1
IsPipeline: 0
IsRtlPipelined: 0
IsInstanceOverlapped: 0
IsDontTouch: 0
HasImplIP: 0
IsGatedGlobalClock: 0

+ Individual pipeline summary: 
  * Pipeline-0: initiation interval (II) = 1, depth = 2


============================================================
+ Verbose Summary: Schedule
============================================================
* Number of FSM states : 3
* Pipeline : 1
  Pipeline-0 : II = 1, D = 2, States = { 2 3 }
* Dataflow Pipeline: 0

* FSM state transitions: 
1 --> 2 
2 --> 3 
3 --> 2 

* FSM state operations: 

State 1 <SV = 0> <Delay = 1.61>
ST_1 : Operation 4 [1/1] (1.61ns)   --->   "%br_ln46 = br void %rewind_header" [firmware/nnet_utils/nnet_dense_resource.h:46]   --->   Operation 4 'br' 'br_ln46' <Predicate = true> <Delay = 1.61>

State 2 <SV = 1> <Delay = 3.25>
ST_2 : Operation 5 [1/1] (0.00ns)   --->   "%do_init = phi i1 1, void %entry, i1 0, void %MultLoop.split, i1 1, void %Result"   --->   Operation 5 'phi' 'do_init' <Predicate = true> <Delay = 0.00>
ST_2 : Operation 6 [1/1] (0.00ns)   --->   "%w_index3 = phi i3 0, void %entry, i3 %w_index, void %MultLoop.split, i3 0, void %Result"   --->   Operation 6 'phi' 'w_index3' <Predicate = true> <Delay = 0.00>
ST_2 : Operation 7 [1/1] (0.00ns)   --->   "%specmemcore_ln0 = specmemcore void @_ssdm_op_SpecMemCore, i6 %w14, i64 666, i64 38, i64 18446744073709551615"   --->   Operation 7 'specmemcore' 'specmemcore_ln0' <Predicate = (do_init)> <Delay = 0.00>
ST_2 : Operation 8 [1/1] (0.00ns)   --->   "%data_4_val_read = read i20 @_ssdm_op_Read.ap_auto.i20, i20 %data_4_val" [firmware/nnet_utils/nnet_dense_resource.h:46]   --->   Operation 8 'read' 'data_4_val_read' <Predicate = (do_init)> <Delay = 0.00>
ST_2 : Operation 9 [1/1] (0.00ns)   --->   "%data_3_val_read = read i20 @_ssdm_op_Read.ap_auto.i20, i20 %data_3_val" [firmware/nnet_utils/nnet_dense_resource.h:46]   --->   Operation 9 'read' 'data_3_val_read' <Predicate = (do_init)> <Delay = 0.00>
ST_2 : Operation 10 [1/1] (0.00ns)   --->   "%data_2_val_read = read i20 @_ssdm_op_Read.ap_auto.i20, i20 %data_2_val" [firmware/nnet_utils/nnet_dense_resource.h:46]   --->   Operation 10 'read' 'data_2_val_read' <Predicate = (do_init)> <Delay = 0.00>
ST_2 : Operation 11 [1/1] (0.00ns)   --->   "%data_1_val_read = read i20 @_ssdm_op_Read.ap_auto.i20, i20 %data_1_val" [firmware/nnet_utils/nnet_dense_resource.h:46]   --->   Operation 11 'read' 'data_1_val_read' <Predicate = (do_init)> <Delay = 0.00>
ST_2 : Operation 12 [1/1] (0.00ns)   --->   "%data_0_val_read = read i20 @_ssdm_op_Read.ap_auto.i20, i20 %data_0_val" [firmware/nnet_utils/nnet_dense_resource.h:46]   --->   Operation 12 'read' 'data_0_val_read' <Predicate = (do_init)> <Delay = 0.00>
ST_2 : Operation 13 [1/1] (1.61ns)   --->   "%br_ln46 = br void %MultLoop.split" [firmware/nnet_utils/nnet_dense_resource.h:46]   --->   Operation 13 'br' 'br_ln46' <Predicate = (do_init)> <Delay = 1.61>
ST_2 : Operation 14 [1/1] (0.00ns)   --->   "%zext_ln46 = zext i3 %w_index3" [firmware/nnet_utils/nnet_dense_resource.h:46]   --->   Operation 14 'zext' 'zext_ln46' <Predicate = true> <Delay = 0.00>
ST_2 : Operation 15 [1/1] (0.00ns)   --->   "%w14_addr = getelementptr i6 %w14, i64 0, i64 %zext_ln46" [firmware/nnet_utils/nnet_dense_resource.h:59]   --->   Operation 15 'getelementptr' 'w14_addr' <Predicate = true> <Delay = 0.00>
ST_2 : Operation 16 [2/2] (3.25ns)   --->   "%w = load i3 %w14_addr" [firmware/nnet_utils/nnet_dense_resource.h:59]   --->   Operation 16 'load' 'w' <Predicate = true> <Delay = 3.25> <CoreInst = "ROM_nP_BRAM">   --->   Core 102 'ROM_nP_BRAM' <Latency = 1> <II = 1> <Delay = 3.25> <Storage> <Opcode : 'load'> <Ports = 0> <Width = 6> <Depth = 5> <ROM>
ST_2 : Operation 17 [1/1] (1.68ns)   --->   "%w_index = add i3 %w_index3, i3 1" [firmware/nnet_utils/nnet_dense_resource.h:46]   --->   Operation 17 'add' 'w_index' <Predicate = true> <Delay = 1.68> <CoreInst = "Adder">   --->   Core 1 'Adder' <Latency = 0> <II = 1> <Delay = 1.68> <FuncUnit> <Opcode : 'add' 'sub'> <InPorts = 2> <OutPorts = 1>
ST_2 : Operation 18 [1/1] (1.68ns)   --->   "%icmp_ln46 = icmp_eq  i3 %w_index3, i3 4" [firmware/nnet_utils/nnet_dense_resource.h:46]   --->   Operation 18 'icmp' 'icmp_ln46' <Predicate = true> <Delay = 1.68> <CoreInst = "Cmp">   --->   Core 9 'Cmp' <Latency = 0> <II = 1> <Delay = 1.68> <FuncUnit> <Opcode : 'seteq' 'setne' 'setle' 'setge' 'setlt' 'setgt'> <InPorts = 2> <OutPorts = 1>
ST_2 : Operation 19 [1/1] (0.00ns)   --->   "%br_ln46 = br i1 %icmp_ln46, void %rewind_header, void %Result" [firmware/nnet_utils/nnet_dense_resource.h:46]   --->   Operation 19 'br' 'br_ln46' <Predicate = true> <Delay = 0.00>
ST_2 : Operation 20 [1/1] (0.00ns)   --->   "%br_ln84 = br void %rewind_header" [firmware/nnet_utils/nnet_dense_resource.h:84]   --->   Operation 20 'br' 'br_ln84' <Predicate = (icmp_ln46)> <Delay = 0.00>

State 3 <SV = 2> <Delay = 10.4>
ST_3 : Operation 21 [1/1] (0.00ns)   --->   "%data_0_val4_rewind = phi i20 0, void %entry, i20 %data_0_val4_phi, void %MultLoop.split, i20 0, void %Result" [firmware/nnet_utils/nnet_dense_resource.h:46]   --->   Operation 21 'phi' 'data_0_val4_rewind' <Predicate = true> <Delay = 0.00>
ST_3 : Operation 22 [1/1] (0.00ns)   --->   "%data_1_val5_rewind = phi i20 0, void %entry, i20 %data_1_val5_phi, void %MultLoop.split, i20 0, void %Result" [firmware/nnet_utils/nnet_dense_resource.h:46]   --->   Operation 22 'phi' 'data_1_val5_rewind' <Predicate = true> <Delay = 0.00>
ST_3 : Operation 23 [1/1] (0.00ns)   --->   "%data_2_val6_rewind = phi i20 0, void %entry, i20 %data_2_val6_phi, void %MultLoop.split, i20 0, void %Result" [firmware/nnet_utils/nnet_dense_resource.h:46]   --->   Operation 23 'phi' 'data_2_val6_rewind' <Predicate = true> <Delay = 0.00>
ST_3 : Operation 24 [1/1] (0.00ns)   --->   "%data_3_val7_rewind = phi i20 0, void %entry, i20 %data_3_val7_phi, void %MultLoop.split, i20 0, void %Result" [firmware/nnet_utils/nnet_dense_resource.h:46]   --->   Operation 24 'phi' 'data_3_val7_rewind' <Predicate = true> <Delay = 0.00>
ST_3 : Operation 25 [1/1] (0.00ns)   --->   "%data_4_val8_rewind = phi i20 0, void %entry, i20 %data_4_val8_phi, void %MultLoop.split, i20 0, void %Result" [firmware/nnet_utils/nnet_dense_resource.h:46]   --->   Operation 25 'phi' 'data_4_val8_rewind' <Predicate = true> <Delay = 0.00>
ST_3 : Operation 26 [1/1] (0.00ns)   --->   "%empty = phi i27 0, void %entry, i27 %add_ln58, void %MultLoop.split, i27 0, void %Result" [firmware/nnet_utils/nnet_dense_resource.h:58]   --->   Operation 26 'phi' 'empty' <Predicate = true> <Delay = 0.00>
ST_3 : Operation 27 [1/1] (1.61ns)   --->   "%br_ln0 = br i1 %do_init, void %MultLoop.split, void %rewind_init"   --->   Operation 27 'br' 'br_ln0' <Predicate = true> <Delay = 1.61>
ST_3 : Operation 28 [1/1] (0.00ns)   --->   "%data_0_val4_phi = phi i20 %data_0_val_read, void %rewind_init, i20 %data_0_val4_rewind, void %rewind_header" [firmware/nnet_utils/nnet_dense_resource.h:46]   --->   Operation 28 'phi' 'data_0_val4_phi' <Predicate = true> <Delay = 0.00>
ST_3 : Operation 29 [1/1] (0.00ns)   --->   "%data_1_val5_phi = phi i20 %data_1_val_read, void %rewind_init, i20 %data_1_val5_rewind, void %rewind_header" [firmware/nnet_utils/nnet_dense_resource.h:46]   --->   Operation 29 'phi' 'data_1_val5_phi' <Predicate = true> <Delay = 0.00>
ST_3 : Operation 30 [1/1] (0.00ns)   --->   "%data_2_val6_phi = phi i20 %data_2_val_read, void %rewind_init, i20 %data_2_val6_rewind, void %rewind_header" [firmware/nnet_utils/nnet_dense_resource.h:46]   --->   Operation 30 'phi' 'data_2_val6_phi' <Predicate = true> <Delay = 0.00>
ST_3 : Operation 31 [1/1] (0.00ns)   --->   "%data_3_val7_phi = phi i20 %data_3_val_read, void %rewind_init, i20 %data_3_val7_rewind, void %rewind_header" [firmware/nnet_utils/nnet_dense_resource.h:46]   --->   Operation 31 'phi' 'data_3_val7_phi' <Predicate = true> <Delay = 0.00>
ST_3 : Operation 32 [1/1] (0.00ns)   --->   "%data_4_val8_phi = phi i20 %data_4_val_read, void %rewind_init, i20 %data_4_val8_rewind, void %rewind_header" [firmware/nnet_utils/nnet_dense_resource.h:46]   --->   Operation 32 'phi' 'data_4_val8_phi' <Predicate = true> <Delay = 0.00>
ST_3 : Operation 33 [1/1] (0.00ns)   --->   "%specpipeline_ln47 = specpipeline void @_ssdm_op_SpecPipeline, i32 1, i32 0, i32 0, i32 1, void @empty_3" [firmware/nnet_utils/nnet_dense_resource.h:47]   --->   Operation 33 'specpipeline' 'specpipeline_ln47' <Predicate = true> <Delay = 0.00>
ST_3 : Operation 34 [1/1] (0.00ns)   --->   "%speclooptripcount_ln49 = speclooptripcount void @_ssdm_op_SpecLoopTripCount, i64 5, i64 5, i64 5" [firmware/nnet_utils/nnet_dense_resource.h:49]   --->   Operation 34 'speclooptripcount' 'speclooptripcount_ln49' <Predicate = true> <Delay = 0.00>
ST_3 : Operation 35 [1/1] (0.00ns)   --->   "%specloopname_ln46 = specloopname void @_ssdm_op_SpecLoopName, void @empty_6" [firmware/nnet_utils/nnet_dense_resource.h:46]   --->   Operation 35 'specloopname' 'specloopname_ln46' <Predicate = true> <Delay = 0.00>
ST_3 : Operation 36 [1/1] (1.70ns)   --->   "%a = sparsemux i20 @_ssdm_op_SparseMux.ap_auto.5i20.i20.i3, i3 0, i20 %data_0_val4_phi, i3 1, i20 %data_1_val5_phi, i3 2, i20 %data_2_val6_phi, i3 3, i20 %data_3_val7_phi, i3 4, i20 %data_4_val8_phi, i20 0, i3 %w_index3" [firmware/nnet_utils/nnet_dense_resource.h:46]   --->   Operation 36 'sparsemux' 'a' <Predicate = true> <Delay = 1.70> <CoreInst = "BinarySparseMux_DontCare">   --->   Core 137 'BinarySparseMux_DontCare' <Latency = 0> <II = 1> <Delay = 1.70> <FuncUnit> <Opcode : 'sparsemux'> <InPorts = 2> <OutPorts = 1>
ST_3 : Operation 37 [1/2] ( I:3.25ns O:3.25ns )   --->   "%w = load i3 %w14_addr" [firmware/nnet_utils/nnet_dense_resource.h:59]   --->   Operation 37 'load' 'w' <Predicate = true> <Delay = 3.25> <CoreInst = "ROM_nP_BRAM">   --->   Core 102 'ROM_nP_BRAM' <Latency = 1> <II = 1> <Delay = 3.25> <Storage> <Opcode : 'load'> <Ports = 0> <Width = 6> <Depth = 5> <ROM>
ST_3 : Operation 38 [1/1] (0.00ns)   --->   "%sext_ln73 = sext i20 %a" [firmware/nnet_utils/nnet_mult.h:73->firmware/nnet_utils/nnet_dense_resource.h:59]   --->   Operation 38 'sext' 'sext_ln73' <Predicate = true> <Delay = 0.00>
ST_3 : Operation 39 [1/1] (0.00ns)   --->   "%sext_ln73_37 = sext i6 %w" [firmware/nnet_utils/nnet_mult.h:73->firmware/nnet_utils/nnet_dense_resource.h:59]   --->   Operation 39 'sext' 'sext_ln73_37' <Predicate = true> <Delay = 0.00>
ST_3 : Operation 40 [1/1] (3.36ns) (grouped into DSP with root node add_ln58)   --->   "%mul_ln73 = mul i26 %sext_ln73, i26 %sext_ln73_37" [firmware/nnet_utils/nnet_mult.h:73->firmware/nnet_utils/nnet_dense_resource.h:59]   --->   Operation 40 'mul' 'mul_ln73' <Predicate = true> <Delay = 3.36> <CoreInst = "DSP48">   --->   Core 116 'DSP48' <Latency = 0> <II = 1> <Delay = 7.18> <IPBlock> <Opcode : '' 'add' 'sub' 'mul' 'select'> <InPorts = 0> <OutPorts = 1> <Sync> <CReg>
ST_3 : Operation 41 [1/1] (0.00ns) (grouped into DSP with root node add_ln58)   --->   "%sext_ln58 = sext i26 %mul_ln73" [firmware/nnet_utils/nnet_dense_resource.h:58]   --->   Operation 41 'sext' 'sext_ln58' <Predicate = true> <Delay = 0.00>
ST_3 : Operation 42 [1/1] (3.82ns) (root node of the DSP)   --->   "%add_ln58 = add i27 %sext_ln58, i27 %empty" [firmware/nnet_utils/nnet_dense_resource.h:58]   --->   Operation 42 'add' 'add_ln58' <Predicate = true> <Delay = 3.82> <CoreInst = "DSP48">   --->   Core 116 'DSP48' <Latency = 0> <II = 1> <Delay = 7.18> <IPBlock> <Opcode : '' 'add' 'sub' 'mul' 'select'> <InPorts = 0> <OutPorts = 1> <Sync> <CReg>
ST_3 : Operation 43 [1/1] (0.00ns)   --->   "%return_ln84 = return void @_ssdm_op_Return, i27 %add_ln58" [firmware/nnet_utils/nnet_dense_resource.h:84]   --->   Operation 43 'return' 'return_ln84' <Predicate = (icmp_ln46)> <Delay = 0.00>


============================================================
+ Verbose Summary: Binding
============================================================
STG Binding: 
---------------- STG Properties BEGIN ----------------
- Is combinational: 0
- Is one-state seq: 0
- Is datapath-only: 0
- Is pipelined: 0
- Is top level: 0
Port [ Return ] is wired: 1; IO mode=ap_ctrl_hs:ce=0
Port [ data_0_val]:  wired=1; compound=0; hidden=0; nouse=0; global=0; static=0; extern=0; dir=0; type=0; pingpong=0; private_global=0; IO mode=ap_none:ce=0
Port [ data_1_val]:  wired=1; compound=0; hidden=0; nouse=0; global=0; static=0; extern=0; dir=0; type=0; pingpong=0; private_global=0; IO mode=ap_none:ce=0
Port [ data_2_val]:  wired=1; compound=0; hidden=0; nouse=0; global=0; static=0; extern=0; dir=0; type=0; pingpong=0; private_global=0; IO mode=ap_none:ce=0
Port [ data_3_val]:  wired=1; compound=0; hidden=0; nouse=0; global=0; static=0; extern=0; dir=0; type=0; pingpong=0; private_global=0; IO mode=ap_none:ce=0
Port [ data_4_val]:  wired=1; compound=0; hidden=0; nouse=0; global=0; static=0; extern=0; dir=0; type=0; pingpong=0; private_global=0; IO mode=ap_none:ce=0
Port [ w14]:  wired=0; compound=1; hidden=1; nouse=0; global=1; static=1; extern=0; dir=0; type=1; pingpong=0; private_global=1; MemPort=[1]; IO mode=ap_memory:ce=0
---------------- STG Properties END ------------------

---------------- Datapath Model BEGIN ----------------

<LifeTime>
<method=bitvector/>
br_ln46                (br               ) [ 0111]
do_init                (phi              ) [ 0011]
w_index3               (phi              ) [ 0011]
specmemcore_ln0        (specmemcore      ) [ 0000]
data_4_val_read        (read             ) [ 0011]
data_3_val_read        (read             ) [ 0011]
data_2_val_read        (read             ) [ 0011]
data_1_val_read        (read             ) [ 0011]
data_0_val_read        (read             ) [ 0011]
br_ln46                (br               ) [ 0011]
zext_ln46              (zext             ) [ 0000]
w14_addr               (getelementptr    ) [ 0011]
w_index                (add              ) [ 0111]
icmp_ln46              (icmp             ) [ 0011]
br_ln46                (br               ) [ 0111]
br_ln84                (br               ) [ 0111]
data_0_val4_rewind     (phi              ) [ 0011]
data_1_val5_rewind     (phi              ) [ 0011]
data_2_val6_rewind     (phi              ) [ 0011]
data_3_val7_rewind     (phi              ) [ 0011]
data_4_val8_rewind     (phi              ) [ 0011]
empty                  (phi              ) [ 0011]
br_ln0                 (br               ) [ 0000]
data_0_val4_phi        (phi              ) [ 0111]
data_1_val5_phi        (phi              ) [ 0111]
data_2_val6_phi        (phi              ) [ 0111]
data_3_val7_phi        (phi              ) [ 0111]
data_4_val8_phi        (phi              ) [ 0111]
specpipeline_ln47      (specpipeline     ) [ 0000]
speclooptripcount_ln49 (speclooptripcount) [ 0000]
specloopname_ln46      (specloopname     ) [ 0000]
a                      (sparsemux        ) [ 0000]
w                      (load             ) [ 0000]
sext_ln73              (sext             ) [ 0000]
sext_ln73_37           (sext             ) [ 0000]
mul_ln73               (mul              ) [ 0000]
sext_ln58              (sext             ) [ 0000]
add_ln58               (add              ) [ 0111]
return_ln84            (return           ) [ 0000]
</LifeTime>

<model>

<comp_list>
<comp id="0" class="1000" name="data_0_val">
<pin_list>
<pin id="1" dir="1" index="0" bw="1" slack="0"/>
</pin_list>
<bind>
<StgValue><ssdm name="data_0_val"/></StgValue>
</bind>
</comp>

<comp id="2" class="1000" name="data_1_val">
<pin_list>
<pin id="3" dir="1" index="0" bw="1" slack="0"/>
</pin_list>
<bind>
<StgValue><ssdm name="data_1_val"/></StgValue>
</bind>
</comp>

<comp id="4" class="1000" name="data_2_val">
<pin_list>
<pin id="5" dir="1" index="0" bw="1" slack="0"/>
</pin_list>
<bind>
<StgValue><ssdm name="data_2_val"/></StgValue>
</bind>
</comp>

<comp id="6" class="1000" name="data_3_val">
<pin_list>
<pin id="7" dir="1" index="0" bw="1" slack="0"/>
</pin_list>
<bind>
<StgValue><ssdm name="data_3_val"/></StgValue>
</bind>
</comp>

<comp id="8" class="1000" name="data_4_val">
<pin_list>
<pin id="9" dir="1" index="0" bw="1" slack="0"/>
</pin_list>
<bind>
<StgValue><ssdm name="data_4_val"/></StgValue>
</bind>
</comp>

<comp id="10" class="1000" name="w14">
<pin_list>
<pin id="11" dir="1" index="0" bw="1" slack="0"/>
</pin_list>
<bind>
<StgValue><ssdm name="w14"/><MemPortTyVec>1 </MemPortTyVec>
</StgValue>
</bind>
</comp>

<comp id="12" class="1001" name="const_12">
<pin_list>
<pin id="13" dir="1" index="0" bw="1" slack="0"/>
</pin_list>
<bind>
<StgValue><ssdm name=""/></StgValue>
</bind>
</comp>

<comp id="14" class="1001" name="const_14">
<pin_list>
<pin id="15" dir="1" index="0" bw="1" slack="0"/>
</pin_list>
<bind>
<StgValue><ssdm name=""/></StgValue>
</bind>
</comp>

<comp id="16" class="1001" name="const_16">
<pin_list>
<pin id="17" dir="1" index="0" bw="1" slack="0"/>
</pin_list>
<bind>
<StgValue><ssdm name=""/></StgValue>
</bind>
</comp>

<comp id="18" class="1001" name="const_18">
<pin_list>
<pin id="19" dir="1" index="0" bw="1" slack="2147483647"/>
</pin_list>
<bind>
<StgValue><ssdm name="_ssdm_op_SpecMemCore"/></StgValue>
</bind>
</comp>

<comp id="20" class="1001" name="const_20">
<pin_list>
<pin id="21" dir="1" index="0" bw="1" slack="2147483647"/>
</pin_list>
<bind>
<StgValue><ssdm name=""/></StgValue>
</bind>
</comp>

<comp id="22" class="1001" name="const_22">
<pin_list>
<pin id="23" dir="1" index="0" bw="1" slack="2147483647"/>
</pin_list>
<bind>
<StgValue><ssdm name=""/></StgValue>
</bind>
</comp>

<comp id="24" class="1001" name="const_24">
<pin_list>
<pin id="25" dir="1" index="0" bw="1" slack="2147483647"/>
</pin_list>
<bind>
<StgValue><ssdm name=""/></StgValue>
</bind>
</comp>

<comp id="26" class="1001" name="const_26">
<pin_list>
<pin id="27" dir="1" index="0" bw="1" slack="0"/>
</pin_list>
<bind>
<StgValue><ssdm name="_ssdm_op_Read.ap_auto.i20"/></StgValue>
</bind>
</comp>

<comp id="28" class="1001" name="const_28">
<pin_list>
<pin id="29" dir="1" index="0" bw="1" slack="0"/>
</pin_list>
<bind>
<StgValue><ssdm name=""/></StgValue>
</bind>
</comp>

<comp id="30" class="1001" name="const_30">
<pin_list>
<pin id="31" dir="1" index="0" bw="1" slack="0"/>
</pin_list>
<bind>
<StgValue><ssdm name=""/></StgValue>
</bind>
</comp>

<comp id="32" class="1001" name="const_32">
<pin_list>
<pin id="33" dir="1" index="0" bw="1" slack="0"/>
</pin_list>
<bind>
<StgValue><ssdm name=""/></StgValue>
</bind>
</comp>

<comp id="34" class="1001" name="const_34">
<pin_list>
<pin id="35" dir="1" index="0" bw="1" slack="0"/>
</pin_list>
<bind>
<StgValue><ssdm name=""/></StgValue>
</bind>
</comp>

<comp id="36" class="1001" name="const_36">
<pin_list>
<pin id="37" dir="1" index="0" bw="1" slack="1"/>
</pin_list>
<bind>
<StgValue><ssdm name=""/></StgValue>
</bind>
</comp>

<comp id="38" class="1001" name="const_38">
<pin_list>
<pin id="39" dir="1" index="0" bw="1" slack="2147483647"/>
</pin_list>
<bind>
<StgValue><ssdm name="_ssdm_op_SpecPipeline"/></StgValue>
</bind>
</comp>

<comp id="40" class="1001" name="const_40">
<pin_list>
<pin id="41" dir="1" index="0" bw="1" slack="2147483647"/>
</pin_list>
<bind>
<StgValue><ssdm name=""/></StgValue>
</bind>
</comp>

<comp id="42" class="1001" name="const_42">
<pin_list>
<pin id="43" dir="1" index="0" bw="1" slack="2147483647"/>
</pin_list>
<bind>
<StgValue><ssdm name=""/></StgValue>
</bind>
</comp>

<comp id="44" class="1001" name="const_44">
<pin_list>
<pin id="45" dir="1" index="0" bw="1" slack="2147483647"/>
</pin_list>
<bind>
<StgValue><ssdm name="empty_3"/></StgValue>
</bind>
</comp>

<comp id="46" class="1001" name="const_46">
<pin_list>
<pin id="47" dir="1" index="0" bw="1" slack="2147483647"/>
</pin_list>
<bind>
<StgValue><ssdm name="_ssdm_op_SpecLoopTripCount"/></StgValue>
</bind>
</comp>

<comp id="48" class="1001" name="const_48">
<pin_list>
<pin id="49" dir="1" index="0" bw="1" slack="2147483647"/>
</pin_list>
<bind>
<StgValue><ssdm name=""/></StgValue>
</bind>
</comp>

<comp id="50" class="1001" name="const_50">
<pin_list>
<pin id="51" dir="1" index="0" bw="1" slack="2147483647"/>
</pin_list>
<bind>
<StgValue><ssdm name="_ssdm_op_SpecLoopName"/></StgValue>
</bind>
</comp>

<comp id="52" class="1001" name="const_52">
<pin_list>
<pin id="53" dir="1" index="0" bw="1" slack="2147483647"/>
</pin_list>
<bind>
<StgValue><ssdm name="empty_6"/></StgValue>
</bind>
</comp>

<comp id="54" class="1001" name="const_54">
<pin_list>
<pin id="55" dir="1" index="0" bw="1" slack="0"/>
</pin_list>
<bind>
<StgValue><ssdm name="_ssdm_op_SparseMux.ap_auto.5i20.i20.i3"/></StgValue>
</bind>
</comp>

<comp id="56" class="1001" name="const_56">
<pin_list>
<pin id="57" dir="1" index="0" bw="1" slack="0"/>
</pin_list>
<bind>
<StgValue><ssdm name=""/></StgValue>
</bind>
</comp>

<comp id="58" class="1001" name="const_58">
<pin_list>
<pin id="59" dir="1" index="0" bw="1" slack="0"/>
</pin_list>
<bind>
<StgValue><ssdm name=""/></StgValue>
</bind>
</comp>

<comp id="60" class="1004" name="data_4_val_read_read_fu_60">
<pin_list>
<pin id="61" dir="0" index="0" bw="20" slack="0"/>
<pin id="62" dir="0" index="1" bw="20" slack="0"/>
<pin id="63" dir="1" index="2" bw="20" slack="1"/>
</pin_list>
<bind>
<opcode="read(1150) " fcode="read"/>
<opset="data_4_val_read/2 "/>
</bind>
</comp>

<comp id="66" class="1004" name="data_3_val_read_read_fu_66">
<pin_list>
<pin id="67" dir="0" index="0" bw="20" slack="0"/>
<pin id="68" dir="0" index="1" bw="20" slack="0"/>
<pin id="69" dir="1" index="2" bw="20" slack="1"/>
</pin_list>
<bind>
<opcode="read(1150) " fcode="read"/>
<opset="data_3_val_read/2 "/>
</bind>
</comp>

<comp id="72" class="1004" name="data_2_val_read_read_fu_72">
<pin_list>
<pin id="73" dir="0" index="0" bw="20" slack="0"/>
<pin id="74" dir="0" index="1" bw="20" slack="0"/>
<pin id="75" dir="1" index="2" bw="20" slack="1"/>
</pin_list>
<bind>
<opcode="read(1150) " fcode="read"/>
<opset="data_2_val_read/2 "/>
</bind>
</comp>

<comp id="78" class="1004" name="data_1_val_read_read_fu_78">
<pin_list>
<pin id="79" dir="0" index="0" bw="20" slack="0"/>
<pin id="80" dir="0" index="1" bw="20" slack="0"/>
<pin id="81" dir="1" index="2" bw="20" slack="1"/>
</pin_list>
<bind>
<opcode="read(1150) " fcode="read"/>
<opset="data_1_val_read/2 "/>
</bind>
</comp>

<comp id="84" class="1004" name="data_0_val_read_read_fu_84">
<pin_list>
<pin id="85" dir="0" index="0" bw="20" slack="0"/>
<pin id="86" dir="0" index="1" bw="20" slack="0"/>
<pin id="87" dir="1" index="2" bw="20" slack="1"/>
</pin_list>
<bind>
<opcode="read(1150) " fcode="read"/>
<opset="data_0_val_read/2 "/>
</bind>
</comp>

<comp id="90" class="1004" name="w14_addr_gep_fu_90">
<pin_list>
<pin id="91" dir="0" index="0" bw="6" slack="0"/>
<pin id="92" dir="0" index="1" bw="1" slack="0"/>
<pin id="93" dir="0" index="2" bw="3" slack="0"/>
<pin id="94" dir="1" index="3" bw="3" slack="0"/>
</pin_list>
<bind>
<opcode="getelementptr(29) " fcode="getelementptr"/>
<opset="w14_addr/2 "/>
</bind>
</comp>

<comp id="97" class="1004" name="grp_access_fu_97">
<pin_list>
<pin id="98" dir="0" index="0" bw="3" slack="0"/>
<pin id="99" dir="0" index="1" bw="6" slack="2147483647"/>
<pin id="100" dir="0" index="2" bw="0" slack="2147483647"/>
<pin id="101" dir="1" index="3" bw="6" slack="0"/>
</pin_list>
<bind>
<opcode="load(27) " fcode="load"/>
<opset="w/2 "/>
</bind>
</comp>

<comp id="103" class="1005" name="do_init_reg_103">
<pin_list>
<pin id="104" dir="0" index="0" bw="1" slack="1"/>
<pin id="105" dir="1" index="1" bw="1" slack="1"/>
</pin_list>
<bind>
<opset="do_init (phireg) "/>
</bind>
</comp>

<comp id="107" class="1004" name="do_init_phi_fu_107">
<pin_list>
<pin id="108" dir="0" index="0" bw="1" slack="1"/>
<pin id="109" dir="0" index="1" bw="0" slack="2147483647"/>
<pin id="110" dir="0" index="2" bw="1" slack="0"/>
<pin id="111" dir="0" index="3" bw="0" slack="2147483647"/>
<pin id="112" dir="0" index="4" bw="1" slack="0"/>
<pin id="113" dir="0" index="5" bw="0" slack="2147483647"/>
<pin id="114" dir="1" index="6" bw="1" slack="1"/>
</pin_list>
<bind>
<opcode="phi(47) " fcode="phi"/>
<opset="do_init/2 "/>
</bind>
</comp>

<comp id="119" class="1005" name="w_index3_reg_119">
<pin_list>
<pin id="120" dir="0" index="0" bw="3" slack="1"/>
<pin id="121" dir="1" index="1" bw="3" slack="1"/>
</pin_list>
<bind>
<opset="w_index3 (phireg) "/>
</bind>
</comp>

<comp id="123" class="1004" name="w_index3_phi_fu_123">
<pin_list>
<pin id="124" dir="0" index="0" bw="1" slack="1"/>
<pin id="125" dir="0" index="1" bw="0" slack="2147483647"/>
<pin id="126" dir="0" index="2" bw="3" slack="0"/>
<pin id="127" dir="0" index="3" bw="0" slack="2147483647"/>
<pin id="128" dir="0" index="4" bw="1" slack="0"/>
<pin id="129" dir="0" index="5" bw="0" slack="2147483647"/>
<pin id="130" dir="1" index="6" bw="3" slack="0"/>
</pin_list>
<bind>
<opcode="phi(47) " fcode="phi"/>
<opset="w_index3/2 "/>
</bind>
</comp>

<comp id="134" class="1005" name="data_0_val4_rewind_reg_134">
<pin_list>
<pin id="135" dir="0" index="0" bw="20" slack="1"/>
<pin id="136" dir="1" index="1" bw="20" slack="1"/>
</pin_list>
<bind>
<opset="data_0_val4_rewind (phireg) "/>
</bind>
</comp>

<comp id="138" class="1004" name="data_0_val4_rewind_phi_fu_138">
<pin_list>
<pin id="139" dir="0" index="0" bw="1" slack="2"/>
<pin id="140" dir="0" index="1" bw="0" slack="2147483647"/>
<pin id="141" dir="0" index="2" bw="20" slack="0"/>
<pin id="142" dir="0" index="3" bw="0" slack="2147483647"/>
<pin id="143" dir="0" index="4" bw="1" slack="1"/>
<pin id="144" dir="0" index="5" bw="0" slack="2147483647"/>
<pin id="145" dir="1" index="6" bw="20" slack="0"/>
</pin_list>
<bind>
<opcode="phi(47) " fcode="phi"/>
<opset="data_0_val4_rewind/3 "/>
</bind>
</comp>

<comp id="148" class="1005" name="data_1_val5_rewind_reg_148">
<pin_list>
<pin id="149" dir="0" index="0" bw="20" slack="1"/>
<pin id="150" dir="1" index="1" bw="20" slack="1"/>
</pin_list>
<bind>
<opset="data_1_val5_rewind (phireg) "/>
</bind>
</comp>

<comp id="152" class="1004" name="data_1_val5_rewind_phi_fu_152">
<pin_list>
<pin id="153" dir="0" index="0" bw="1" slack="2"/>
<pin id="154" dir="0" index="1" bw="0" slack="2147483647"/>
<pin id="155" dir="0" index="2" bw="20" slack="0"/>
<pin id="156" dir="0" index="3" bw="0" slack="2147483647"/>
<pin id="157" dir="0" index="4" bw="1" slack="1"/>
<pin id="158" dir="0" index="5" bw="0" slack="2147483647"/>
<pin id="159" dir="1" index="6" bw="20" slack="0"/>
</pin_list>
<bind>
<opcode="phi(47) " fcode="phi"/>
<opset="data_1_val5_rewind/3 "/>
</bind>
</comp>

<comp id="162" class="1005" name="data_2_val6_rewind_reg_162">
<pin_list>
<pin id="163" dir="0" index="0" bw="20" slack="1"/>
<pin id="164" dir="1" index="1" bw="20" slack="1"/>
</pin_list>
<bind>
<opset="data_2_val6_rewind (phireg) "/>
</bind>
</comp>

<comp id="166" class="1004" name="data_2_val6_rewind_phi_fu_166">
<pin_list>
<pin id="167" dir="0" index="0" bw="1" slack="2"/>
<pin id="168" dir="0" index="1" bw="0" slack="2147483647"/>
<pin id="169" dir="0" index="2" bw="20" slack="0"/>
<pin id="170" dir="0" index="3" bw="0" slack="2147483647"/>
<pin id="171" dir="0" index="4" bw="1" slack="1"/>
<pin id="172" dir="0" index="5" bw="0" slack="2147483647"/>
<pin id="173" dir="1" index="6" bw="20" slack="0"/>
</pin_list>
<bind>
<opcode="phi(47) " fcode="phi"/>
<opset="data_2_val6_rewind/3 "/>
</bind>
</comp>

<comp id="176" class="1005" name="data_3_val7_rewind_reg_176">
<pin_list>
<pin id="177" dir="0" index="0" bw="20" slack="1"/>
<pin id="178" dir="1" index="1" bw="20" slack="1"/>
</pin_list>
<bind>
<opset="data_3_val7_rewind (phireg) "/>
</bind>
</comp>

<comp id="180" class="1004" name="data_3_val7_rewind_phi_fu_180">
<pin_list>
<pin id="181" dir="0" index="0" bw="1" slack="2"/>
<pin id="182" dir="0" index="1" bw="0" slack="2147483647"/>
<pin id="183" dir="0" index="2" bw="20" slack="0"/>
<pin id="184" dir="0" index="3" bw="0" slack="2147483647"/>
<pin id="185" dir="0" index="4" bw="1" slack="1"/>
<pin id="186" dir="0" index="5" bw="0" slack="2147483647"/>
<pin id="187" dir="1" index="6" bw="20" slack="0"/>
</pin_list>
<bind>
<opcode="phi(47) " fcode="phi"/>
<opset="data_3_val7_rewind/3 "/>
</bind>
</comp>

<comp id="190" class="1005" name="data_4_val8_rewind_reg_190">
<pin_list>
<pin id="191" dir="0" index="0" bw="20" slack="1"/>
<pin id="192" dir="1" index="1" bw="20" slack="1"/>
</pin_list>
<bind>
<opset="data_4_val8_rewind (phireg) "/>
</bind>
</comp>

<comp id="194" class="1004" name="data_4_val8_rewind_phi_fu_194">
<pin_list>
<pin id="195" dir="0" index="0" bw="1" slack="2"/>
<pin id="196" dir="0" index="1" bw="0" slack="2147483647"/>
<pin id="197" dir="0" index="2" bw="20" slack="0"/>
<pin id="198" dir="0" index="3" bw="0" slack="2147483647"/>
<pin id="199" dir="0" index="4" bw="1" slack="1"/>
<pin id="200" dir="0" index="5" bw="0" slack="2147483647"/>
<pin id="201" dir="1" index="6" bw="20" slack="0"/>
</pin_list>
<bind>
<opcode="phi(47) " fcode="phi"/>
<opset="data_4_val8_rewind/3 "/>
</bind>
</comp>

<comp id="204" class="1005" name="empty_reg_204">
<pin_list>
<pin id="205" dir="0" index="0" bw="27" slack="1"/>
<pin id="206" dir="1" index="1" bw="27" slack="1"/>
</pin_list>
<bind>
<opset="empty (phireg) "/>
</bind>
</comp>

<comp id="208" class="1004" name="empty_phi_fu_208">
<pin_list>
<pin id="209" dir="0" index="0" bw="1" slack="2"/>
<pin id="210" dir="0" index="1" bw="0" slack="2147483647"/>
<pin id="211" dir="0" index="2" bw="27" slack="0"/>
<pin id="212" dir="0" index="3" bw="0" slack="2147483647"/>
<pin id="213" dir="0" index="4" bw="1" slack="1"/>
<pin id="214" dir="0" index="5" bw="0" slack="2147483647"/>
<pin id="215" dir="1" index="6" bw="27" slack="0"/>
</pin_list>
<bind>
<opcode="phi(47) " fcode="phi"/>
<opset="empty/3 "/>
</bind>
</comp>

<comp id="218" class="1005" name="data_0_val4_phi_reg_218">
<pin_list>
<pin id="219" dir="0" index="0" bw="20" slack="0"/>
<pin id="220" dir="1" index="1" bw="20" slack="0"/>
</pin_list>
<bind>
<opset="data_0_val4_phi (phireg) "/>
</bind>
</comp>

<comp id="222" class="1004" name="data_0_val4_phi_phi_fu_222">
<pin_list>
<pin id="223" dir="0" index="0" bw="20" slack="1"/>
<pin id="224" dir="0" index="1" bw="0" slack="2147483647"/>
<pin id="225" dir="0" index="2" bw="20" slack="0"/>
<pin id="226" dir="0" index="3" bw="0" slack="2147483647"/>
<pin id="227" dir="1" index="4" bw="20" slack="0"/>
</pin_list>
<bind>
<opcode="phi(47) " fcode="phi"/>
<opset="data_0_val4_phi/3 "/>
</bind>
</comp>

<comp id="230" class="1005" name="data_1_val5_phi_reg_230">
<pin_list>
<pin id="231" dir="0" index="0" bw="20" slack="0"/>
<pin id="232" dir="1" index="1" bw="20" slack="0"/>
</pin_list>
<bind>
<opset="data_1_val5_phi (phireg) "/>
</bind>
</comp>

<comp id="234" class="1004" name="data_1_val5_phi_phi_fu_234">
<pin_list>
<pin id="235" dir="0" index="0" bw="20" slack="1"/>
<pin id="236" dir="0" index="1" bw="0" slack="2147483647"/>
<pin id="237" dir="0" index="2" bw="20" slack="0"/>
<pin id="238" dir="0" index="3" bw="0" slack="2147483647"/>
<pin id="239" dir="1" index="4" bw="20" slack="0"/>
</pin_list>
<bind>
<opcode="phi(47) " fcode="phi"/>
<opset="data_1_val5_phi/3 "/>
</bind>
</comp>

<comp id="242" class="1005" name="data_2_val6_phi_reg_242">
<pin_list>
<pin id="243" dir="0" index="0" bw="20" slack="0"/>
<pin id="244" dir="1" index="1" bw="20" slack="0"/>
</pin_list>
<bind>
<opset="data_2_val6_phi (phireg) "/>
</bind>
</comp>

<comp id="246" class="1004" name="data_2_val6_phi_phi_fu_246">
<pin_list>
<pin id="247" dir="0" index="0" bw="20" slack="1"/>
<pin id="248" dir="0" index="1" bw="0" slack="2147483647"/>
<pin id="249" dir="0" index="2" bw="20" slack="0"/>
<pin id="250" dir="0" index="3" bw="0" slack="2147483647"/>
<pin id="251" dir="1" index="4" bw="20" slack="0"/>
</pin_list>
<bind>
<opcode="phi(47) " fcode="phi"/>
<opset="data_2_val6_phi/3 "/>
</bind>
</comp>

<comp id="254" class="1005" name="data_3_val7_phi_reg_254">
<pin_list>
<pin id="255" dir="0" index="0" bw="20" slack="0"/>
<pin id="256" dir="1" index="1" bw="20" slack="0"/>
</pin_list>
<bind>
<opset="data_3_val7_phi (phireg) "/>
</bind>
</comp>

<comp id="258" class="1004" name="data_3_val7_phi_phi_fu_258">
<pin_list>
<pin id="259" dir="0" index="0" bw="20" slack="1"/>
<pin id="260" dir="0" index="1" bw="0" slack="2147483647"/>
<pin id="261" dir="0" index="2" bw="20" slack="0"/>
<pin id="262" dir="0" index="3" bw="0" slack="2147483647"/>
<pin id="263" dir="1" index="4" bw="20" slack="0"/>
</pin_list>
<bind>
<opcode="phi(47) " fcode="phi"/>
<opset="data_3_val7_phi/3 "/>
</bind>
</comp>

<comp id="266" class="1005" name="data_4_val8_phi_reg_266">
<pin_list>
<pin id="267" dir="0" index="0" bw="20" slack="0"/>
<pin id="268" dir="1" index="1" bw="20" slack="0"/>
</pin_list>
<bind>
<opset="data_4_val8_phi (phireg) "/>
</bind>
</comp>

<comp id="270" class="1004" name="data_4_val8_phi_phi_fu_270">
<pin_list>
<pin id="271" dir="0" index="0" bw="20" slack="1"/>
<pin id="272" dir="0" index="1" bw="0" slack="2147483647"/>
<pin id="273" dir="0" index="2" bw="20" slack="0"/>
<pin id="274" dir="0" index="3" bw="0" slack="2147483647"/>
<pin id="275" dir="1" index="4" bw="20" slack="0"/>
</pin_list>
<bind>
<opcode="phi(47) " fcode="phi"/>
<opset="data_4_val8_phi/3 "/>
</bind>
</comp>

<comp id="278" class="1004" name="zext_ln46_fu_278">
<pin_list>
<pin id="279" dir="0" index="0" bw="3" slack="0"/>
<pin id="280" dir="1" index="1" bw="64" slack="0"/>
</pin_list>
<bind>
<opcode="zext(34) " fcode="zext"/>
<opset="zext_ln46/2 "/>
</bind>
</comp>

<comp id="283" class="1004" name="w_index_fu_283">
<pin_list>
<pin id="284" dir="0" index="0" bw="3" slack="0"/>
<pin id="285" dir="0" index="1" bw="1" slack="0"/>
<pin id="286" dir="1" index="2" bw="3" slack="0"/>
</pin_list>
<bind>
<opcode="add(8) " fcode="add"/>
<opset="w_index/2 "/>
</bind>
</comp>

<comp id="289" class="1004" name="icmp_ln46_fu_289">
<pin_list>
<pin id="290" dir="0" index="0" bw="3" slack="0"/>
<pin id="291" dir="0" index="1" bw="3" slack="0"/>
<pin id="292" dir="1" index="2" bw="1" slack="1"/>
</pin_list>
<bind>
<opcode="icmp(45) " fcode="icmp"/>
<opset="icmp_ln46/2 "/>
</bind>
</comp>

<comp id="295" class="1004" name="a_fu_295">
<pin_list>
<pin id="296" dir="0" index="0" bw="20" slack="0"/>
<pin id="297" dir="0" index="1" bw="3" slack="0"/>
<pin id="298" dir="0" index="2" bw="20" slack="0"/>
<pin id="299" dir="0" index="3" bw="3" slack="0"/>
<pin id="300" dir="0" index="4" bw="20" slack="0"/>
<pin id="301" dir="0" index="5" bw="3" slack="0"/>
<pin id="302" dir="0" index="6" bw="20" slack="0"/>
<pin id="303" dir="0" index="7" bw="3" slack="0"/>
<pin id="304" dir="0" index="8" bw="20" slack="0"/>
<pin id="305" dir="0" index="9" bw="3" slack="0"/>
<pin id="306" dir="0" index="10" bw="20" slack="0"/>
<pin id="307" dir="0" index="11" bw="20" slack="0"/>
<pin id="308" dir="0" index="12" bw="3" slack="1"/>
<pin id="309" dir="1" index="13" bw="20" slack="0"/>
</pin_list>
<bind>
<opcode="sparsemux(1197) " fcode="sparsemux"/>
<opset="a/3 "/>
</bind>
</comp>

<comp id="323" class="1004" name="sext_ln73_fu_323">
<pin_list>
<pin id="324" dir="0" index="0" bw="20" slack="0"/>
<pin id="325" dir="1" index="1" bw="26" slack="0"/>
</pin_list>
<bind>
<opcode="sext(35) " fcode="sext"/>
<opset="sext_ln73/3 "/>
</bind>
</comp>

<comp id="327" class="1004" name="sext_ln73_37_fu_327">
<pin_list>
<pin id="328" dir="0" index="0" bw="6" slack="0"/>
<pin id="329" dir="1" index="1" bw="26" slack="0"/>
</pin_list>
<bind>
<opcode="sext(35) " fcode="sext"/>
<opset="sext_ln73_37/3 "/>
</bind>
</comp>

<comp id="331" class="1004" name="return_ln84_fu_331">
<pin_list>
<pin id="332" dir="0" index="0" bw="27" slack="0"/>
<pin id="333" dir="1" index="1" bw="0" slack="2147483647"/>
</pin_list>
<bind>
<opcode="return(1203) " fcode="return"/>
<opset="return_ln84/3 "/>
</bind>
</comp>

<comp id="334" class="1007" name="grp_fu_334">
<pin_list>
<pin id="335" dir="0" index="0" bw="20" slack="0"/>
<pin id="336" dir="0" index="1" bw="6" slack="0"/>
<pin id="337" dir="0" index="2" bw="27" slack="0"/>
<pin id="338" dir="1" index="3" bw="27" slack="0"/>
</pin_list>
<bind>
<opcode="muladd(1172) " fcode="muladd"/>
<opset="mul_ln73/3 sext_ln58/3 add_ln58/3 "/>
</bind>
</comp>

<comp id="343" class="1005" name="data_4_val_read_reg_343">
<pin_list>
<pin id="344" dir="0" index="0" bw="20" slack="1"/>
<pin id="345" dir="1" index="1" bw="20" slack="1"/>
</pin_list>
<bind>
<opset="data_4_val_read "/>
</bind>
</comp>

<comp id="348" class="1005" name="data_3_val_read_reg_348">
<pin_list>
<pin id="349" dir="0" index="0" bw="20" slack="1"/>
<pin id="350" dir="1" index="1" bw="20" slack="1"/>
</pin_list>
<bind>
<opset="data_3_val_read "/>
</bind>
</comp>

<comp id="353" class="1005" name="data_2_val_read_reg_353">
<pin_list>
<pin id="354" dir="0" index="0" bw="20" slack="1"/>
<pin id="355" dir="1" index="1" bw="20" slack="1"/>
</pin_list>
<bind>
<opset="data_2_val_read "/>
</bind>
</comp>

<comp id="358" class="1005" name="data_1_val_read_reg_358">
<pin_list>
<pin id="359" dir="0" index="0" bw="20" slack="1"/>
<pin id="360" dir="1" index="1" bw="20" slack="1"/>
</pin_list>
<bind>
<opset="data_1_val_read "/>
</bind>
</comp>

<comp id="363" class="1005" name="data_0_val_read_reg_363">
<pin_list>
<pin id="364" dir="0" index="0" bw="20" slack="1"/>
<pin id="365" dir="1" index="1" bw="20" slack="1"/>
</pin_list>
<bind>
<opset="data_0_val_read "/>
</bind>
</comp>

<comp id="368" class="1005" name="w14_addr_reg_368">
<pin_list>
<pin id="369" dir="0" index="0" bw="3" slack="1"/>
<pin id="370" dir="1" index="1" bw="3" slack="1"/>
</pin_list>
<bind>
<opset="w14_addr "/>
</bind>
</comp>

<comp id="373" class="1005" name="w_index_reg_373">
<pin_list>
<pin id="374" dir="0" index="0" bw="3" slack="0"/>
<pin id="375" dir="1" index="1" bw="3" slack="0"/>
</pin_list>
<bind>
<opset="w_index "/>
</bind>
</comp>

<comp id="378" class="1005" name="icmp_ln46_reg_378">
<pin_list>
<pin id="379" dir="0" index="0" bw="1" slack="1"/>
<pin id="380" dir="1" index="1" bw="1" slack="2147483647"/>
</pin_list>
<bind>
<opset="icmp_ln46 "/>
</bind>
</comp>

<comp id="382" class="1005" name="add_ln58_reg_382">
<pin_list>
<pin id="383" dir="0" index="0" bw="27" slack="0"/>
<pin id="384" dir="1" index="1" bw="27" slack="0"/>
</pin_list>
<bind>
<opset="add_ln58 "/>
</bind>
</comp>

</comp_list>

<net_list>
<net id="64"><net_src comp="26" pin="0"/><net_sink comp="60" pin=0"/></net>

<net id="65"><net_src comp="8" pin="0"/><net_sink comp="60" pin=1"/></net>

<net id="70"><net_src comp="26" pin="0"/><net_sink comp="66" pin=0"/></net>

<net id="71"><net_src comp="6" pin="0"/><net_sink comp="66" pin=1"/></net>

<net id="76"><net_src comp="26" pin="0"/><net_sink comp="72" pin=0"/></net>

<net id="77"><net_src comp="4" pin="0"/><net_sink comp="72" pin=1"/></net>

<net id="82"><net_src comp="26" pin="0"/><net_sink comp="78" pin=0"/></net>

<net id="83"><net_src comp="2" pin="0"/><net_sink comp="78" pin=1"/></net>

<net id="88"><net_src comp="26" pin="0"/><net_sink comp="84" pin=0"/></net>

<net id="89"><net_src comp="0" pin="0"/><net_sink comp="84" pin=1"/></net>

<net id="95"><net_src comp="10" pin="0"/><net_sink comp="90" pin=0"/></net>

<net id="96"><net_src comp="28" pin="0"/><net_sink comp="90" pin=1"/></net>

<net id="102"><net_src comp="90" pin="3"/><net_sink comp="97" pin=0"/></net>

<net id="106"><net_src comp="12" pin="0"/><net_sink comp="103" pin=0"/></net>

<net id="115"><net_src comp="103" pin="1"/><net_sink comp="107" pin=0"/></net>

<net id="116"><net_src comp="14" pin="0"/><net_sink comp="107" pin=2"/></net>

<net id="117"><net_src comp="12" pin="0"/><net_sink comp="107" pin=4"/></net>

<net id="118"><net_src comp="107" pin="6"/><net_sink comp="103" pin=0"/></net>

<net id="122"><net_src comp="16" pin="0"/><net_sink comp="119" pin=0"/></net>

<net id="131"><net_src comp="119" pin="1"/><net_sink comp="123" pin=0"/></net>

<net id="132"><net_src comp="16" pin="0"/><net_sink comp="123" pin=4"/></net>

<net id="133"><net_src comp="123" pin="6"/><net_sink comp="119" pin=0"/></net>

<net id="137"><net_src comp="34" pin="0"/><net_sink comp="134" pin=0"/></net>

<net id="146"><net_src comp="134" pin="1"/><net_sink comp="138" pin=0"/></net>

<net id="147"><net_src comp="134" pin="1"/><net_sink comp="138" pin=4"/></net>

<net id="151"><net_src comp="34" pin="0"/><net_sink comp="148" pin=0"/></net>

<net id="160"><net_src comp="148" pin="1"/><net_sink comp="152" pin=0"/></net>

<net id="161"><net_src comp="148" pin="1"/><net_sink comp="152" pin=4"/></net>

<net id="165"><net_src comp="34" pin="0"/><net_sink comp="162" pin=0"/></net>

<net id="174"><net_src comp="162" pin="1"/><net_sink comp="166" pin=0"/></net>

<net id="175"><net_src comp="162" pin="1"/><net_sink comp="166" pin=4"/></net>

<net id="179"><net_src comp="34" pin="0"/><net_sink comp="176" pin=0"/></net>

<net id="188"><net_src comp="176" pin="1"/><net_sink comp="180" pin=0"/></net>

<net id="189"><net_src comp="176" pin="1"/><net_sink comp="180" pin=4"/></net>

<net id="193"><net_src comp="34" pin="0"/><net_sink comp="190" pin=0"/></net>

<net id="202"><net_src comp="190" pin="1"/><net_sink comp="194" pin=0"/></net>

<net id="203"><net_src comp="190" pin="1"/><net_sink comp="194" pin=4"/></net>

<net id="207"><net_src comp="36" pin="0"/><net_sink comp="204" pin=0"/></net>

<net id="216"><net_src comp="204" pin="1"/><net_sink comp="208" pin=0"/></net>

<net id="217"><net_src comp="204" pin="1"/><net_sink comp="208" pin=4"/></net>

<net id="221"><net_src comp="218" pin="1"/><net_sink comp="138" pin=2"/></net>

<net id="228"><net_src comp="138" pin="6"/><net_sink comp="222" pin=2"/></net>

<net id="229"><net_src comp="222" pin="4"/><net_sink comp="218" pin=0"/></net>

<net id="233"><net_src comp="230" pin="1"/><net_sink comp="152" pin=2"/></net>

<net id="240"><net_src comp="152" pin="6"/><net_sink comp="234" pin=2"/></net>

<net id="241"><net_src comp="234" pin="4"/><net_sink comp="230" pin=0"/></net>

<net id="245"><net_src comp="242" pin="1"/><net_sink comp="166" pin=2"/></net>

<net id="252"><net_src comp="166" pin="6"/><net_sink comp="246" pin=2"/></net>

<net id="253"><net_src comp="246" pin="4"/><net_sink comp="242" pin=0"/></net>

<net id="257"><net_src comp="254" pin="1"/><net_sink comp="180" pin=2"/></net>

<net id="264"><net_src comp="180" pin="6"/><net_sink comp="258" pin=2"/></net>

<net id="265"><net_src comp="258" pin="4"/><net_sink comp="254" pin=0"/></net>

<net id="269"><net_src comp="266" pin="1"/><net_sink comp="194" pin=2"/></net>

<net id="276"><net_src comp="194" pin="6"/><net_sink comp="270" pin=2"/></net>

<net id="277"><net_src comp="270" pin="4"/><net_sink comp="266" pin=0"/></net>

<net id="281"><net_src comp="123" pin="6"/><net_sink comp="278" pin=0"/></net>

<net id="282"><net_src comp="278" pin="1"/><net_sink comp="90" pin=2"/></net>

<net id="287"><net_src comp="123" pin="6"/><net_sink comp="283" pin=0"/></net>

<net id="288"><net_src comp="30" pin="0"/><net_sink comp="283" pin=1"/></net>

<net id="293"><net_src comp="123" pin="6"/><net_sink comp="289" pin=0"/></net>

<net id="294"><net_src comp="32" pin="0"/><net_sink comp="289" pin=1"/></net>

<net id="310"><net_src comp="54" pin="0"/><net_sink comp="295" pin=0"/></net>

<net id="311"><net_src comp="16" pin="0"/><net_sink comp="295" pin=1"/></net>

<net id="312"><net_src comp="222" pin="4"/><net_sink comp="295" pin=2"/></net>

<net id="313"><net_src comp="30" pin="0"/><net_sink comp="295" pin=3"/></net>

<net id="314"><net_src comp="234" pin="4"/><net_sink comp="295" pin=4"/></net>

<net id="315"><net_src comp="56" pin="0"/><net_sink comp="295" pin=5"/></net>

<net id="316"><net_src comp="246" pin="4"/><net_sink comp="295" pin=6"/></net>

<net id="317"><net_src comp="58" pin="0"/><net_sink comp="295" pin=7"/></net>

<net id="318"><net_src comp="258" pin="4"/><net_sink comp="295" pin=8"/></net>

<net id="319"><net_src comp="32" pin="0"/><net_sink comp="295" pin=9"/></net>

<net id="320"><net_src comp="270" pin="4"/><net_sink comp="295" pin=10"/></net>

<net id="321"><net_src comp="34" pin="0"/><net_sink comp="295" pin=11"/></net>

<net id="322"><net_src comp="119" pin="1"/><net_sink comp="295" pin=12"/></net>

<net id="326"><net_src comp="295" pin="13"/><net_sink comp="323" pin=0"/></net>

<net id="330"><net_src comp="97" pin="3"/><net_sink comp="327" pin=0"/></net>

<net id="339"><net_src comp="323" pin="1"/><net_sink comp="334" pin=0"/></net>

<net id="340"><net_src comp="327" pin="1"/><net_sink comp="334" pin=1"/></net>

<net id="341"><net_src comp="208" pin="6"/><net_sink comp="334" pin=2"/></net>

<net id="342"><net_src comp="334" pin="3"/><net_sink comp="331" pin=0"/></net>

<net id="346"><net_src comp="60" pin="2"/><net_sink comp="343" pin=0"/></net>

<net id="347"><net_src comp="343" pin="1"/><net_sink comp="270" pin=0"/></net>

<net id="351"><net_src comp="66" pin="2"/><net_sink comp="348" pin=0"/></net>

<net id="352"><net_src comp="348" pin="1"/><net_sink comp="258" pin=0"/></net>

<net id="356"><net_src comp="72" pin="2"/><net_sink comp="353" pin=0"/></net>

<net id="357"><net_src comp="353" pin="1"/><net_sink comp="246" pin=0"/></net>

<net id="361"><net_src comp="78" pin="2"/><net_sink comp="358" pin=0"/></net>

<net id="362"><net_src comp="358" pin="1"/><net_sink comp="234" pin=0"/></net>

<net id="366"><net_src comp="84" pin="2"/><net_sink comp="363" pin=0"/></net>

<net id="367"><net_src comp="363" pin="1"/><net_sink comp="222" pin=0"/></net>

<net id="371"><net_src comp="90" pin="3"/><net_sink comp="368" pin=0"/></net>

<net id="372"><net_src comp="368" pin="1"/><net_sink comp="97" pin=0"/></net>

<net id="376"><net_src comp="283" pin="2"/><net_sink comp="373" pin=0"/></net>

<net id="377"><net_src comp="373" pin="1"/><net_sink comp="123" pin=2"/></net>

<net id="381"><net_src comp="289" pin="2"/><net_sink comp="378" pin=0"/></net>

<net id="385"><net_src comp="334" pin="3"/><net_sink comp="382" pin=0"/></net>

<net id="386"><net_src comp="382" pin="1"/><net_sink comp="208" pin=2"/></net>

</net_list>

</model> 
---------------- Datapath Model END ------------------

* FSMD analyzer results:
  - Output states:
 - Input state : 
	Port: dense_resource_rf_leq_nin<ap_fixed,ap_fixed<30,16,5,3,0>,config14> : data_0_val | {2 }
	Port: dense_resource_rf_leq_nin<ap_fixed,ap_fixed<30,16,5,3,0>,config14> : data_1_val | {2 }
	Port: dense_resource_rf_leq_nin<ap_fixed,ap_fixed<30,16,5,3,0>,config14> : data_2_val | {2 }
	Port: dense_resource_rf_leq_nin<ap_fixed,ap_fixed<30,16,5,3,0>,config14> : data_3_val | {2 }
	Port: dense_resource_rf_leq_nin<ap_fixed,ap_fixed<30,16,5,3,0>,config14> : data_4_val | {2 }
	Port: dense_resource_rf_leq_nin<ap_fixed,ap_fixed<30,16,5,3,0>,config14> : w14 | {2 3 }
  - Chain level:
	State 1
	State 2
		zext_ln46 : 1
		w14_addr : 2
		w : 3
		w_index : 1
		icmp_ln46 : 1
		br_ln46 : 2
	State 3
		data_0_val4_phi : 1
		data_1_val5_phi : 1
		data_2_val6_phi : 1
		data_3_val7_phi : 1
		data_4_val8_phi : 1
		a : 2
		sext_ln73 : 3
		sext_ln73_37 : 1
		mul_ln73 : 4
		sext_ln58 : 5
		add_ln58 : 6
		return_ln84 : 7


============================================================
+ Verbose Summary: Datapath Resource usage 
============================================================

* Functional unit list:
|----------|----------------------------|---------|---------|---------|
| Operation|       Functional Unit      |   DSP   |    FF   |   LUT   |
|----------|----------------------------|---------|---------|---------|
| sparsemux|          a_fu_295          |    0    |    0    |    21   |
|----------|----------------------------|---------|---------|---------|
|    add   |       w_index_fu_283       |    0    |    0    |    11   |
|----------|----------------------------|---------|---------|---------|
|   icmp   |      icmp_ln46_fu_289      |    0    |    0    |    11   |
|----------|----------------------------|---------|---------|---------|
|  muladd  |         grp_fu_334         |    1    |    0    |    0    |
|----------|----------------------------|---------|---------|---------|
|          | data_4_val_read_read_fu_60 |    0    |    0    |    0    |
|          | data_3_val_read_read_fu_66 |    0    |    0    |    0    |
|   read   | data_2_val_read_read_fu_72 |    0    |    0    |    0    |
|          | data_1_val_read_read_fu_78 |    0    |    0    |    0    |
|          | data_0_val_read_read_fu_84 |    0    |    0    |    0    |
|----------|----------------------------|---------|---------|---------|
|   zext   |      zext_ln46_fu_278      |    0    |    0    |    0    |
|----------|----------------------------|---------|---------|---------|
|   sext   |      sext_ln73_fu_323      |    0    |    0    |    0    |
|          |     sext_ln73_37_fu_327    |    0    |    0    |    0    |
|----------|----------------------------|---------|---------|---------|
|  return  |     return_ln84_fu_331     |    0    |    0    |    0    |
|----------|----------------------------|---------|---------|---------|
|   Total  |                            |    1    |    0    |    43   |
|----------|----------------------------|---------|---------|---------|

Memories:
N/A

* Register list:
+--------------------------+--------+
|                          |   FF   |
+--------------------------+--------+
|     add_ln58_reg_382     |   27   |
|  data_0_val4_phi_reg_218 |   20   |
|data_0_val4_rewind_reg_134|   20   |
|  data_0_val_read_reg_363 |   20   |
|  data_1_val5_phi_reg_230 |   20   |
|data_1_val5_rewind_reg_148|   20   |
|  data_1_val_read_reg_358 |   20   |
|  data_2_val6_phi_reg_242 |   20   |
|data_2_val6_rewind_reg_162|   20   |
|  data_2_val_read_reg_353 |   20   |
|  data_3_val7_phi_reg_254 |   20   |
|data_3_val7_rewind_reg_176|   20   |
|  data_3_val_read_reg_348 |   20   |
|  data_4_val8_phi_reg_266 |   20   |
|data_4_val8_rewind_reg_190|   20   |
|  data_4_val_read_reg_343 |   20   |
|      do_init_reg_103     |    1   |
|       empty_reg_204      |   27   |
|     icmp_ln46_reg_378    |    1   |
|     w14_addr_reg_368     |    3   |
|     w_index3_reg_119     |    3   |
|      w_index_reg_373     |    3   |
+--------------------------+--------+
|           Total          |   365  |
+--------------------------+--------+

* Multiplexer (MUX) list: 
|------------------|------|------|------|--------||---------||---------||---------|
|       Comp       |  Pin | Size |  BW  | S x BW ||  Delay  ||    FF   ||   LUT   |
|------------------|------|------|------|--------||---------||---------||---------|
| grp_access_fu_97 |  p0  |   2  |   3  |    6   ||    0    ||    9    |
|  do_init_reg_103 |  p0  |   2  |   1  |    2   ||    0    ||    9    |
| w_index3_reg_119 |  p0  |   2  |   3  |    6   ||    0    ||    9    |
|------------------|------|------|------|--------||---------||---------||---------|
|       Total      |      |      |      |   14   ||   4.83  ||    0    ||    27   |
|------------------|------|------|------|--------||---------||---------||---------|



* Summary:
+-----------+--------+--------+--------+--------+
|           |   DSP  |  Delay |   FF   |   LUT  |
+-----------+--------+--------+--------+--------+
|  Function |    1   |    -   |    0   |   43   |
|   Memory  |    -   |    -   |    -   |    -   |
|Multiplexer|    -   |    4   |    0   |   27   |
|  Register |    -   |    -   |   365  |    -   |
+-----------+--------+--------+--------+--------+
|   Total   |    1   |    4   |   365  |   70   |
+-----------+--------+--------+--------+--------+
