

================================================================
== Vitis HLS Report for 'dense_array_ap_fixed_10u_array_ap_fixed_16_6_5_3_0_1u_config20_s'
================================================================
* Date:           Mon Apr 28 17:48:41 2025

* Version:        2024.2 (Build 5238294 on Nov  8 2024)
* Project:        myproject_prj
* Solution:       solution1 (Vivado IP Flow Target)
* Product family: artix7
* Target device:  xc7a35t-cpg236-1


================================================================
== Performance Estimates
================================================================
+ Timing: 
    * Summary: 
    +--------+----------+-----------+------------+
    |  Clock |  Target  | Estimated | Uncertainty|
    +--------+----------+-----------+------------+
    |ap_clk  |  30.00 ns|  14.567 ns|     8.10 ns|
    +--------+----------+-----------+------------+

+ Latency: 
    * Summary: 
    +---------+---------+----------+----------+-----+-----+---------+
    |  Latency (cycles) |  Latency (absolute) |  Interval | Pipeline|
    |   min   |   max   |    min   |    max   | min | max |   Type  |
    +---------+---------+----------+----------+-----+-----+---------+
    |       11|       12|  0.330 us|  0.360 us|   11|   12|       no|
    +---------+---------+----------+----------+-----+-----+---------+

    + Detail: 
        * Instance: 
        N/A

        * Loop: 
        N/A

============================================================
+ Verbose Summary: Synthesis Manager
============================================================
InlineROM: 1
ExposeGlobal: 0
============================================================
+ Verbose Summary: CDFG Model
============================================================
IsTopModel: 0
ResetActiveHigh: 1
IsCombinational: 2
IsDatapathOnly: 0
HasWiredReturn: 1
HasMFsm: 0
HasVarLatency: 1
IsPipeline: 0
IsRtlPipelined: 0
IsInstanceOverlapped: 0
IsDontTouch: 0
HasImplIP: 0
IsGatedGlobalClock: 0


============================================================
+ Verbose Summary: Schedule
============================================================
* Number of FSM states : 2
* Pipeline : 0
* Dataflow Pipeline: 0

* FSM state transitions: 
1 --> 2 
2 --> 

* FSM state operations: 

State 1 <SV = 0> <Delay = 3.90>
ST_1 : Operation 3 [1/1] ( I:3.90ns O:3.90ns )   --->   "%layer18_out_read = read i160 @_ssdm_op_Read.ap_fifo.volatile.i160P0A, i160 %layer18_out" [firmware/nnet_utils/nnet_dense_stream.h:43->firmware/nnet_utils/nnet_dense_stream.h:93]   --->   Operation 3 'read' 'layer18_out_read' <Predicate = true> <Delay = 3.90> <CoreInst = "FIFO_SRL">   --->   Core 80 'FIFO_SRL' <Latency = 0> <II = 1> <Delay = 3.90> <Storage> <Opcode : 'read' 'write' 'nbread' 'nbwrite'> <Ports = 0> <Width = 160> <Depth = 1> <FIFO>
ST_1 : Operation 4 [1/1] (0.00ns)   --->   "%data = trunc i160 %layer18_out_read" [firmware/nnet_utils/nnet_dense_stream.h:43->firmware/nnet_utils/nnet_dense_stream.h:93]   --->   Operation 4 'trunc' 'data' <Predicate = true> <Delay = 0.00>
ST_1 : Operation 5 [1/1] (0.00ns)   --->   "%data_6 = partselect i16 @_ssdm_op_PartSelect.i16.i160.i32.i32, i160 %layer18_out_read, i32 16, i32 31" [firmware/nnet_utils/nnet_dense_stream.h:43->firmware/nnet_utils/nnet_dense_stream.h:93]   --->   Operation 5 'partselect' 'data_6' <Predicate = true> <Delay = 0.00>
ST_1 : Operation 6 [1/1] (0.00ns)   --->   "%data_7 = partselect i16 @_ssdm_op_PartSelect.i16.i160.i32.i32, i160 %layer18_out_read, i32 32, i32 47" [firmware/nnet_utils/nnet_dense_stream.h:43->firmware/nnet_utils/nnet_dense_stream.h:93]   --->   Operation 6 'partselect' 'data_7' <Predicate = true> <Delay = 0.00>
ST_1 : Operation 7 [1/1] (0.00ns)   --->   "%data_8 = partselect i16 @_ssdm_op_PartSelect.i16.i160.i32.i32, i160 %layer18_out_read, i32 48, i32 63" [firmware/nnet_utils/nnet_dense_stream.h:43->firmware/nnet_utils/nnet_dense_stream.h:93]   --->   Operation 7 'partselect' 'data_8' <Predicate = true> <Delay = 0.00>
ST_1 : Operation 8 [1/1] (0.00ns)   --->   "%data_9 = partselect i16 @_ssdm_op_PartSelect.i16.i160.i32.i32, i160 %layer18_out_read, i32 64, i32 79" [firmware/nnet_utils/nnet_dense_stream.h:43->firmware/nnet_utils/nnet_dense_stream.h:93]   --->   Operation 8 'partselect' 'data_9' <Predicate = true> <Delay = 0.00>
ST_1 : Operation 9 [1/1] (0.00ns)   --->   "%data_10 = partselect i16 @_ssdm_op_PartSelect.i16.i160.i32.i32, i160 %layer18_out_read, i32 80, i32 95" [firmware/nnet_utils/nnet_dense_stream.h:43->firmware/nnet_utils/nnet_dense_stream.h:93]   --->   Operation 9 'partselect' 'data_10' <Predicate = true> <Delay = 0.00>
ST_1 : Operation 10 [1/1] (0.00ns)   --->   "%data_1 = partselect i16 @_ssdm_op_PartSelect.i16.i160.i32.i32, i160 %layer18_out_read, i32 96, i32 111" [firmware/nnet_utils/nnet_dense_stream.h:43->firmware/nnet_utils/nnet_dense_stream.h:93]   --->   Operation 10 'partselect' 'data_1' <Predicate = true> <Delay = 0.00>
ST_1 : Operation 11 [1/1] (0.00ns)   --->   "%data_2 = partselect i16 @_ssdm_op_PartSelect.i16.i160.i32.i32, i160 %layer18_out_read, i32 112, i32 127" [firmware/nnet_utils/nnet_dense_stream.h:43->firmware/nnet_utils/nnet_dense_stream.h:93]   --->   Operation 11 'partselect' 'data_2' <Predicate = true> <Delay = 0.00>
ST_1 : Operation 12 [1/1] (0.00ns)   --->   "%data_3 = partselect i16 @_ssdm_op_PartSelect.i16.i160.i32.i32, i160 %layer18_out_read, i32 128, i32 143" [firmware/nnet_utils/nnet_dense_stream.h:43->firmware/nnet_utils/nnet_dense_stream.h:93]   --->   Operation 12 'partselect' 'data_3' <Predicate = true> <Delay = 0.00>
ST_1 : Operation 13 [1/1] (0.00ns)   --->   "%data_4 = partselect i16 @_ssdm_op_PartSelect.i16.i160.i32.i32, i160 %layer18_out_read, i32 144, i32 159" [firmware/nnet_utils/nnet_dense_stream.h:43->firmware/nnet_utils/nnet_dense_stream.h:93]   --->   Operation 13 'partselect' 'data_4' <Predicate = true> <Delay = 0.00>
ST_1 : Operation 14 [2/2] (0.00ns)   --->   "%res = call i16 @dense_resource_rf_leq_nin<ap_fixed,ap_fixed<16,6,5,3,0>,config20>, i16 %data, i16 %data_6, i16 %data_7, i16 %data_8, i16 %data_9, i16 %data_10, i16 %data_1, i16 %data_2, i16 %data_3, i16 %data_4, i5 %w20" [firmware/nnet_utils/nnet_dense_resource.h:262->firmware/nnet_utils/nnet_dense_stream.h:24->firmware/nnet_utils/nnet_dense_stream.h:97]   --->   Operation 14 'call' 'res' <Predicate = true> <Delay = 0.00> <CoreType = "Generic">   --->   Generic Core

State 2 <SV = 1> <Delay = 14.5>
ST_2 : Operation 15 [1/1] (0.00ns)   --->   "%specinterface_ln0 = specinterface void @_ssdm_op_SpecInterface, i16 %layer20_out, void @empty_1, i32 0, i32 0, void @empty_0, i32 0, i32 0, void @empty_0, void @empty_0, void @empty_0, i32 0, i32 0, i32 0, i32 0, void @empty_0, void @empty_0, i32 4294967295, i32 0, i32 0"   --->   Operation 15 'specinterface' 'specinterface_ln0' <Predicate = true> <Delay = 0.00>
ST_2 : Operation 16 [1/1] (0.00ns)   --->   "%specinterface_ln0 = specinterface void @_ssdm_op_SpecInterface, i160 %layer18_out, void @empty_1, i32 0, i32 0, void @empty_0, i32 0, i32 0, void @empty_0, void @empty_0, void @empty_0, i32 0, i32 0, i32 0, i32 0, void @empty_0, void @empty_0, i32 4294967295, i32 0, i32 0"   --->   Operation 16 'specinterface' 'specinterface_ln0' <Predicate = true> <Delay = 0.00>
ST_2 : Operation 17 [1/2] (10.6ns)   --->   "%res = call i16 @dense_resource_rf_leq_nin<ap_fixed,ap_fixed<16,6,5,3,0>,config20>, i16 %data, i16 %data_6, i16 %data_7, i16 %data_8, i16 %data_9, i16 %data_10, i16 %data_1, i16 %data_2, i16 %data_3, i16 %data_4, i5 %w20" [firmware/nnet_utils/nnet_dense_resource.h:262->firmware/nnet_utils/nnet_dense_stream.h:24->firmware/nnet_utils/nnet_dense_stream.h:97]   --->   Operation 17 'call' 'res' <Predicate = true> <Delay = 10.6> <CoreType = "Generic">   --->   Generic Core
ST_2 : Operation 18 [1/1] ( I:3.90ns O:3.90ns )   --->   "%write_ln77 = write void @_ssdm_op_Write.ap_fifo.volatile.i16P0A, i16 %layer20_out, i16 %res" [firmware/nnet_utils/nnet_dense_stream.h:77->firmware/nnet_utils/nnet_dense_stream.h:100]   --->   Operation 18 'write' 'write_ln77' <Predicate = true> <Delay = 3.90> <CoreInst = "FIFO_SRL">   --->   Core 80 'FIFO_SRL' <Latency = 0> <II = 1> <Delay = 3.90> <Storage> <Opcode : 'read' 'write' 'nbread' 'nbwrite'> <Ports = 0> <Width = 16> <Depth = 1> <FIFO>
ST_2 : Operation 19 [1/1] (0.00ns)   --->   "%ret_ln101 = ret" [firmware/nnet_utils/nnet_dense_stream.h:101]   --->   Operation 19 'ret' 'ret_ln101' <Predicate = true> <Delay = 0.00>


============================================================
+ Verbose Summary: Timing violations
============================================================
Target clock period: 30.000ns, clock uncertainty: 8.100ns.

 <State 1>: 3.908ns
The critical path consists of the following:
	fifo read operation ('layer18_out_read', firmware/nnet_utils/nnet_dense_stream.h:43->firmware/nnet_utils/nnet_dense_stream.h:93) on port 'layer18_out' (firmware/nnet_utils/nnet_dense_stream.h:43->firmware/nnet_utils/nnet_dense_stream.h:93) [6]  (3.908 ns)

 <State 2>: 14.567ns
The critical path consists of the following:
	'call' operation 16 bit ('res', firmware/nnet_utils/nnet_dense_resource.h:262->firmware/nnet_utils/nnet_dense_stream.h:24->firmware/nnet_utils/nnet_dense_stream.h:97) to 'dense_resource_rf_leq_nin<ap_fixed,ap_fixed<16,6,5,3,0>,config20>' [17]  (10.659 ns)
	fifo write operation ('write_ln77', firmware/nnet_utils/nnet_dense_stream.h:77->firmware/nnet_utils/nnet_dense_stream.h:100) on port 'layer20_out' (firmware/nnet_utils/nnet_dense_stream.h:77->firmware/nnet_utils/nnet_dense_stream.h:100) [18]  (3.908 ns)


============================================================
+ Verbose Summary: Binding
============================================================
N/A
* FSMD analyzer results:
  - Output states:
 - Input state : 
  - Chain level:
	State 1
	State 2


============================================================
+ Verbose Summary: Datapath Resource usage 
============================================================
N/A
