

================================================================
== Vitis HLS Report for 'dense_resource_rf_leq_nin_ap_ufixed_ap_fixed_19_9_5_3_0_config15_s'
================================================================
* Date:           Mon Apr 28 18:35:02 2025

* Version:        2024.2 (Build 5238294 on Nov  8 2024)
* Project:        myproject_prj
* Solution:       solution1 (Vivado IP Flow Target)
* Product family: artix7
* Target device:  xc7a35t-cpg236-1


================================================================
== Performance Estimates
================================================================
+ Timing: 
    * Summary: 
    +--------+----------+-----------+------------+
    |  Clock |  Target  | Estimated | Uncertainty|
    +--------+----------+-----------+------------+
    |ap_clk  |  30.00 ns|  11.884 ns|     8.10 ns|
    +--------+----------+-----------+------------+

+ Latency: 
    * Summary: 
    +---------+---------+----------+----------+-----+-----+-------------------------------------------+
    |  Latency (cycles) |  Latency (absolute) |  Interval |                  Pipeline                 |
    |   min   |   max   |    min   |    max   | min | max |                    Type                   |
    +---------+---------+----------+----------+-----+-----+-------------------------------------------+
    |       54|       55|  1.620 us|  1.650 us|   54|   54|  loop rewind stp (delay=0 clock cycles(s))|
    +---------+---------+----------+----------+-----+-----+-------------------------------------------+

    + Detail: 
        * Instance: 
        N/A

        * Loop: 
        +-------------+---------+---------+----------+-----------+-----------+------+----------+
        |             |  Latency (cycles) | Iteration|  Initiation Interval  | Trip |          |
        |  Loop Name  |   min   |   max   |  Latency |  achieved |   target  | Count| Pipelined|
        +-------------+---------+---------+----------+-----------+-----------+------+----------+
        |- ReuseLoop  |       54|       54|         2|          1|          1|    54|       yes|
        +-------------+---------+---------+----------+-----------+-----------+------+----------+

============================================================
+ Verbose Summary: Synthesis Manager
============================================================
InlineROM: 1
ExposeGlobal: 0
============================================================
+ Verbose Summary: CDFG Model
============================================================
IsTopModel: 0
ResetActiveHigh: 1
IsCombinational: 0
IsDatapathOnly: 0
HasWiredReturn: 1
HasMFsm: 2
HasVarLatency: 1
IsPipeline: 0
IsRtlPipelined: 0
IsInstanceOverlapped: 0
IsDontTouch: 0
HasImplIP: 0
IsGatedGlobalClock: 0

+ Individual pipeline summary: 
  * Pipeline-0: initiation interval (II) = 1, depth = 2


============================================================
+ Verbose Summary: Schedule
============================================================
* Number of FSM states : 3
* Pipeline : 1
  Pipeline-0 : II = 1, D = 2, States = { 2 3 }
* Dataflow Pipeline: 0

* FSM state transitions: 
1 --> 2 
2 --> 3 
3 --> 2 

* FSM state operations: 

State 1 <SV = 0> <Delay = 1.61>
ST_1 : Operation 4 [1/1] (1.61ns)   --->   "%br_ln46 = br void %rewind_header" [firmware/nnet_utils/nnet_dense_resource.h:46]   --->   Operation 4 'br' 'br_ln46' <Predicate = true> <Delay = 1.61>

State 2 <SV = 1> <Delay = 3.25>
ST_2 : Operation 5 [1/1] (0.00ns)   --->   "%do_init = phi i1 1, void %entry, i1 0, void %MultLoop.split, i1 1, void %Result"   --->   Operation 5 'phi' 'do_init' <Predicate = true> <Delay = 0.00>
ST_2 : Operation 6 [1/1] (0.00ns)   --->   "%w_index3 = phi i6 0, void %entry, i6 %w_index, void %MultLoop.split, i6 0, void %Result"   --->   Operation 6 'phi' 'w_index3' <Predicate = true> <Delay = 0.00>
ST_2 : Operation 7 [1/1] (0.00ns)   --->   "%specmemcore_ln0 = specmemcore void @_ssdm_op_SpecMemCore, i28 %w15, i64 666, i64 38, i64 18446744073709551615"   --->   Operation 7 'specmemcore' 'specmemcore_ln0' <Predicate = (do_init)> <Delay = 0.00>
ST_2 : Operation 8 [1/1] (0.00ns)   --->   "%data_53_val_read = read i6 @_ssdm_op_Read.ap_auto.i6, i6 %data_53_val" [firmware/nnet_utils/nnet_dense_resource.h:46]   --->   Operation 8 'read' 'data_53_val_read' <Predicate = (do_init)> <Delay = 0.00>
ST_2 : Operation 9 [1/1] (0.00ns)   --->   "%data_52_val_read = read i6 @_ssdm_op_Read.ap_auto.i6, i6 %data_52_val" [firmware/nnet_utils/nnet_dense_resource.h:46]   --->   Operation 9 'read' 'data_52_val_read' <Predicate = (do_init)> <Delay = 0.00>
ST_2 : Operation 10 [1/1] (0.00ns)   --->   "%data_51_val_read = read i6 @_ssdm_op_Read.ap_auto.i6, i6 %data_51_val" [firmware/nnet_utils/nnet_dense_resource.h:46]   --->   Operation 10 'read' 'data_51_val_read' <Predicate = (do_init)> <Delay = 0.00>
ST_2 : Operation 11 [1/1] (0.00ns)   --->   "%data_50_val_read = read i6 @_ssdm_op_Read.ap_auto.i6, i6 %data_50_val" [firmware/nnet_utils/nnet_dense_resource.h:46]   --->   Operation 11 'read' 'data_50_val_read' <Predicate = (do_init)> <Delay = 0.00>
ST_2 : Operation 12 [1/1] (0.00ns)   --->   "%data_49_val_read = read i6 @_ssdm_op_Read.ap_auto.i6, i6 %data_49_val" [firmware/nnet_utils/nnet_dense_resource.h:46]   --->   Operation 12 'read' 'data_49_val_read' <Predicate = (do_init)> <Delay = 0.00>
ST_2 : Operation 13 [1/1] (0.00ns)   --->   "%data_48_val_read = read i6 @_ssdm_op_Read.ap_auto.i6, i6 %data_48_val" [firmware/nnet_utils/nnet_dense_resource.h:46]   --->   Operation 13 'read' 'data_48_val_read' <Predicate = (do_init)> <Delay = 0.00>
ST_2 : Operation 14 [1/1] (0.00ns)   --->   "%data_47_val_read = read i6 @_ssdm_op_Read.ap_auto.i6, i6 %data_47_val" [firmware/nnet_utils/nnet_dense_resource.h:46]   --->   Operation 14 'read' 'data_47_val_read' <Predicate = (do_init)> <Delay = 0.00>
ST_2 : Operation 15 [1/1] (0.00ns)   --->   "%data_46_val_read = read i6 @_ssdm_op_Read.ap_auto.i6, i6 %data_46_val" [firmware/nnet_utils/nnet_dense_resource.h:46]   --->   Operation 15 'read' 'data_46_val_read' <Predicate = (do_init)> <Delay = 0.00>
ST_2 : Operation 16 [1/1] (0.00ns)   --->   "%data_45_val_read = read i6 @_ssdm_op_Read.ap_auto.i6, i6 %data_45_val" [firmware/nnet_utils/nnet_dense_resource.h:46]   --->   Operation 16 'read' 'data_45_val_read' <Predicate = (do_init)> <Delay = 0.00>
ST_2 : Operation 17 [1/1] (0.00ns)   --->   "%data_44_val_read = read i6 @_ssdm_op_Read.ap_auto.i6, i6 %data_44_val" [firmware/nnet_utils/nnet_dense_resource.h:46]   --->   Operation 17 'read' 'data_44_val_read' <Predicate = (do_init)> <Delay = 0.00>
ST_2 : Operation 18 [1/1] (0.00ns)   --->   "%data_43_val_read = read i6 @_ssdm_op_Read.ap_auto.i6, i6 %data_43_val" [firmware/nnet_utils/nnet_dense_resource.h:46]   --->   Operation 18 'read' 'data_43_val_read' <Predicate = (do_init)> <Delay = 0.00>
ST_2 : Operation 19 [1/1] (0.00ns)   --->   "%data_42_val_read = read i6 @_ssdm_op_Read.ap_auto.i6, i6 %data_42_val" [firmware/nnet_utils/nnet_dense_resource.h:46]   --->   Operation 19 'read' 'data_42_val_read' <Predicate = (do_init)> <Delay = 0.00>
ST_2 : Operation 20 [1/1] (0.00ns)   --->   "%data_41_val_read = read i6 @_ssdm_op_Read.ap_auto.i6, i6 %data_41_val" [firmware/nnet_utils/nnet_dense_resource.h:46]   --->   Operation 20 'read' 'data_41_val_read' <Predicate = (do_init)> <Delay = 0.00>
ST_2 : Operation 21 [1/1] (0.00ns)   --->   "%data_40_val_read = read i6 @_ssdm_op_Read.ap_auto.i6, i6 %data_40_val" [firmware/nnet_utils/nnet_dense_resource.h:46]   --->   Operation 21 'read' 'data_40_val_read' <Predicate = (do_init)> <Delay = 0.00>
ST_2 : Operation 22 [1/1] (0.00ns)   --->   "%data_39_val_read = read i6 @_ssdm_op_Read.ap_auto.i6, i6 %data_39_val" [firmware/nnet_utils/nnet_dense_resource.h:46]   --->   Operation 22 'read' 'data_39_val_read' <Predicate = (do_init)> <Delay = 0.00>
ST_2 : Operation 23 [1/1] (0.00ns)   --->   "%data_38_val_read = read i6 @_ssdm_op_Read.ap_auto.i6, i6 %data_38_val" [firmware/nnet_utils/nnet_dense_resource.h:46]   --->   Operation 23 'read' 'data_38_val_read' <Predicate = (do_init)> <Delay = 0.00>
ST_2 : Operation 24 [1/1] (0.00ns)   --->   "%data_37_val_read = read i6 @_ssdm_op_Read.ap_auto.i6, i6 %data_37_val" [firmware/nnet_utils/nnet_dense_resource.h:46]   --->   Operation 24 'read' 'data_37_val_read' <Predicate = (do_init)> <Delay = 0.00>
ST_2 : Operation 25 [1/1] (0.00ns)   --->   "%data_36_val_read = read i6 @_ssdm_op_Read.ap_auto.i6, i6 %data_36_val" [firmware/nnet_utils/nnet_dense_resource.h:46]   --->   Operation 25 'read' 'data_36_val_read' <Predicate = (do_init)> <Delay = 0.00>
ST_2 : Operation 26 [1/1] (0.00ns)   --->   "%data_35_val_read = read i6 @_ssdm_op_Read.ap_auto.i6, i6 %data_35_val" [firmware/nnet_utils/nnet_dense_resource.h:46]   --->   Operation 26 'read' 'data_35_val_read' <Predicate = (do_init)> <Delay = 0.00>
ST_2 : Operation 27 [1/1] (0.00ns)   --->   "%data_34_val_read = read i6 @_ssdm_op_Read.ap_auto.i6, i6 %data_34_val" [firmware/nnet_utils/nnet_dense_resource.h:46]   --->   Operation 27 'read' 'data_34_val_read' <Predicate = (do_init)> <Delay = 0.00>
ST_2 : Operation 28 [1/1] (0.00ns)   --->   "%data_33_val_read = read i6 @_ssdm_op_Read.ap_auto.i6, i6 %data_33_val" [firmware/nnet_utils/nnet_dense_resource.h:46]   --->   Operation 28 'read' 'data_33_val_read' <Predicate = (do_init)> <Delay = 0.00>
ST_2 : Operation 29 [1/1] (0.00ns)   --->   "%data_32_val_read = read i6 @_ssdm_op_Read.ap_auto.i6, i6 %data_32_val" [firmware/nnet_utils/nnet_dense_resource.h:46]   --->   Operation 29 'read' 'data_32_val_read' <Predicate = (do_init)> <Delay = 0.00>
ST_2 : Operation 30 [1/1] (0.00ns)   --->   "%data_31_val_read = read i6 @_ssdm_op_Read.ap_auto.i6, i6 %data_31_val" [firmware/nnet_utils/nnet_dense_resource.h:46]   --->   Operation 30 'read' 'data_31_val_read' <Predicate = (do_init)> <Delay = 0.00>
ST_2 : Operation 31 [1/1] (0.00ns)   --->   "%data_30_val_read = read i6 @_ssdm_op_Read.ap_auto.i6, i6 %data_30_val" [firmware/nnet_utils/nnet_dense_resource.h:46]   --->   Operation 31 'read' 'data_30_val_read' <Predicate = (do_init)> <Delay = 0.00>
ST_2 : Operation 32 [1/1] (0.00ns)   --->   "%data_29_val_read = read i6 @_ssdm_op_Read.ap_auto.i6, i6 %data_29_val" [firmware/nnet_utils/nnet_dense_resource.h:46]   --->   Operation 32 'read' 'data_29_val_read' <Predicate = (do_init)> <Delay = 0.00>
ST_2 : Operation 33 [1/1] (0.00ns)   --->   "%data_28_val_read = read i6 @_ssdm_op_Read.ap_auto.i6, i6 %data_28_val" [firmware/nnet_utils/nnet_dense_resource.h:46]   --->   Operation 33 'read' 'data_28_val_read' <Predicate = (do_init)> <Delay = 0.00>
ST_2 : Operation 34 [1/1] (0.00ns)   --->   "%data_27_val_read = read i6 @_ssdm_op_Read.ap_auto.i6, i6 %data_27_val" [firmware/nnet_utils/nnet_dense_resource.h:46]   --->   Operation 34 'read' 'data_27_val_read' <Predicate = (do_init)> <Delay = 0.00>
ST_2 : Operation 35 [1/1] (0.00ns)   --->   "%data_26_val_read = read i6 @_ssdm_op_Read.ap_auto.i6, i6 %data_26_val" [firmware/nnet_utils/nnet_dense_resource.h:46]   --->   Operation 35 'read' 'data_26_val_read' <Predicate = (do_init)> <Delay = 0.00>
ST_2 : Operation 36 [1/1] (0.00ns)   --->   "%data_25_val_read = read i6 @_ssdm_op_Read.ap_auto.i6, i6 %data_25_val" [firmware/nnet_utils/nnet_dense_resource.h:46]   --->   Operation 36 'read' 'data_25_val_read' <Predicate = (do_init)> <Delay = 0.00>
ST_2 : Operation 37 [1/1] (0.00ns)   --->   "%data_24_val_read = read i6 @_ssdm_op_Read.ap_auto.i6, i6 %data_24_val" [firmware/nnet_utils/nnet_dense_resource.h:46]   --->   Operation 37 'read' 'data_24_val_read' <Predicate = (do_init)> <Delay = 0.00>
ST_2 : Operation 38 [1/1] (0.00ns)   --->   "%data_23_val_read = read i6 @_ssdm_op_Read.ap_auto.i6, i6 %data_23_val" [firmware/nnet_utils/nnet_dense_resource.h:46]   --->   Operation 38 'read' 'data_23_val_read' <Predicate = (do_init)> <Delay = 0.00>
ST_2 : Operation 39 [1/1] (0.00ns)   --->   "%data_22_val_read = read i6 @_ssdm_op_Read.ap_auto.i6, i6 %data_22_val" [firmware/nnet_utils/nnet_dense_resource.h:46]   --->   Operation 39 'read' 'data_22_val_read' <Predicate = (do_init)> <Delay = 0.00>
ST_2 : Operation 40 [1/1] (0.00ns)   --->   "%data_21_val_read = read i6 @_ssdm_op_Read.ap_auto.i6, i6 %data_21_val" [firmware/nnet_utils/nnet_dense_resource.h:46]   --->   Operation 40 'read' 'data_21_val_read' <Predicate = (do_init)> <Delay = 0.00>
ST_2 : Operation 41 [1/1] (0.00ns)   --->   "%data_20_val_read = read i6 @_ssdm_op_Read.ap_auto.i6, i6 %data_20_val" [firmware/nnet_utils/nnet_dense_resource.h:46]   --->   Operation 41 'read' 'data_20_val_read' <Predicate = (do_init)> <Delay = 0.00>
ST_2 : Operation 42 [1/1] (0.00ns)   --->   "%data_19_val_read = read i6 @_ssdm_op_Read.ap_auto.i6, i6 %data_19_val" [firmware/nnet_utils/nnet_dense_resource.h:46]   --->   Operation 42 'read' 'data_19_val_read' <Predicate = (do_init)> <Delay = 0.00>
ST_2 : Operation 43 [1/1] (0.00ns)   --->   "%data_18_val_read = read i6 @_ssdm_op_Read.ap_auto.i6, i6 %data_18_val" [firmware/nnet_utils/nnet_dense_resource.h:46]   --->   Operation 43 'read' 'data_18_val_read' <Predicate = (do_init)> <Delay = 0.00>
ST_2 : Operation 44 [1/1] (0.00ns)   --->   "%data_17_val_read = read i6 @_ssdm_op_Read.ap_auto.i6, i6 %data_17_val" [firmware/nnet_utils/nnet_dense_resource.h:46]   --->   Operation 44 'read' 'data_17_val_read' <Predicate = (do_init)> <Delay = 0.00>
ST_2 : Operation 45 [1/1] (0.00ns)   --->   "%data_16_val_read = read i6 @_ssdm_op_Read.ap_auto.i6, i6 %data_16_val" [firmware/nnet_utils/nnet_dense_resource.h:46]   --->   Operation 45 'read' 'data_16_val_read' <Predicate = (do_init)> <Delay = 0.00>
ST_2 : Operation 46 [1/1] (0.00ns)   --->   "%data_15_val_read = read i6 @_ssdm_op_Read.ap_auto.i6, i6 %data_15_val" [firmware/nnet_utils/nnet_dense_resource.h:46]   --->   Operation 46 'read' 'data_15_val_read' <Predicate = (do_init)> <Delay = 0.00>
ST_2 : Operation 47 [1/1] (0.00ns)   --->   "%data_14_val_read = read i6 @_ssdm_op_Read.ap_auto.i6, i6 %data_14_val" [firmware/nnet_utils/nnet_dense_resource.h:46]   --->   Operation 47 'read' 'data_14_val_read' <Predicate = (do_init)> <Delay = 0.00>
ST_2 : Operation 48 [1/1] (0.00ns)   --->   "%data_13_val_read = read i6 @_ssdm_op_Read.ap_auto.i6, i6 %data_13_val" [firmware/nnet_utils/nnet_dense_resource.h:46]   --->   Operation 48 'read' 'data_13_val_read' <Predicate = (do_init)> <Delay = 0.00>
ST_2 : Operation 49 [1/1] (0.00ns)   --->   "%data_12_val_read = read i6 @_ssdm_op_Read.ap_auto.i6, i6 %data_12_val" [firmware/nnet_utils/nnet_dense_resource.h:46]   --->   Operation 49 'read' 'data_12_val_read' <Predicate = (do_init)> <Delay = 0.00>
ST_2 : Operation 50 [1/1] (0.00ns)   --->   "%data_11_val_read = read i6 @_ssdm_op_Read.ap_auto.i6, i6 %data_11_val" [firmware/nnet_utils/nnet_dense_resource.h:46]   --->   Operation 50 'read' 'data_11_val_read' <Predicate = (do_init)> <Delay = 0.00>
ST_2 : Operation 51 [1/1] (0.00ns)   --->   "%data_10_val_read = read i6 @_ssdm_op_Read.ap_auto.i6, i6 %data_10_val" [firmware/nnet_utils/nnet_dense_resource.h:46]   --->   Operation 51 'read' 'data_10_val_read' <Predicate = (do_init)> <Delay = 0.00>
ST_2 : Operation 52 [1/1] (0.00ns)   --->   "%data_9_val_read = read i6 @_ssdm_op_Read.ap_auto.i6, i6 %data_9_val" [firmware/nnet_utils/nnet_dense_resource.h:46]   --->   Operation 52 'read' 'data_9_val_read' <Predicate = (do_init)> <Delay = 0.00>
ST_2 : Operation 53 [1/1] (0.00ns)   --->   "%data_8_val_read = read i6 @_ssdm_op_Read.ap_auto.i6, i6 %data_8_val" [firmware/nnet_utils/nnet_dense_resource.h:46]   --->   Operation 53 'read' 'data_8_val_read' <Predicate = (do_init)> <Delay = 0.00>
ST_2 : Operation 54 [1/1] (0.00ns)   --->   "%data_7_val_read = read i6 @_ssdm_op_Read.ap_auto.i6, i6 %data_7_val" [firmware/nnet_utils/nnet_dense_resource.h:46]   --->   Operation 54 'read' 'data_7_val_read' <Predicate = (do_init)> <Delay = 0.00>
ST_2 : Operation 55 [1/1] (0.00ns)   --->   "%data_6_val_read = read i6 @_ssdm_op_Read.ap_auto.i6, i6 %data_6_val" [firmware/nnet_utils/nnet_dense_resource.h:46]   --->   Operation 55 'read' 'data_6_val_read' <Predicate = (do_init)> <Delay = 0.00>
ST_2 : Operation 56 [1/1] (0.00ns)   --->   "%data_5_val_read = read i6 @_ssdm_op_Read.ap_auto.i6, i6 %data_5_val" [firmware/nnet_utils/nnet_dense_resource.h:46]   --->   Operation 56 'read' 'data_5_val_read' <Predicate = (do_init)> <Delay = 0.00>
ST_2 : Operation 57 [1/1] (0.00ns)   --->   "%data_4_val_read = read i6 @_ssdm_op_Read.ap_auto.i6, i6 %data_4_val" [firmware/nnet_utils/nnet_dense_resource.h:46]   --->   Operation 57 'read' 'data_4_val_read' <Predicate = (do_init)> <Delay = 0.00>
ST_2 : Operation 58 [1/1] (0.00ns)   --->   "%data_3_val_read = read i6 @_ssdm_op_Read.ap_auto.i6, i6 %data_3_val" [firmware/nnet_utils/nnet_dense_resource.h:46]   --->   Operation 58 'read' 'data_3_val_read' <Predicate = (do_init)> <Delay = 0.00>
ST_2 : Operation 59 [1/1] (0.00ns)   --->   "%data_2_val_read = read i6 @_ssdm_op_Read.ap_auto.i6, i6 %data_2_val" [firmware/nnet_utils/nnet_dense_resource.h:46]   --->   Operation 59 'read' 'data_2_val_read' <Predicate = (do_init)> <Delay = 0.00>
ST_2 : Operation 60 [1/1] (0.00ns)   --->   "%data_1_val_read = read i6 @_ssdm_op_Read.ap_auto.i6, i6 %data_1_val" [firmware/nnet_utils/nnet_dense_resource.h:46]   --->   Operation 60 'read' 'data_1_val_read' <Predicate = (do_init)> <Delay = 0.00>
ST_2 : Operation 61 [1/1] (0.00ns)   --->   "%data_0_val_read = read i6 @_ssdm_op_Read.ap_auto.i6, i6 %data_0_val" [firmware/nnet_utils/nnet_dense_resource.h:46]   --->   Operation 61 'read' 'data_0_val_read' <Predicate = (do_init)> <Delay = 0.00>
ST_2 : Operation 62 [1/1] (1.61ns)   --->   "%br_ln46 = br void %MultLoop.split" [firmware/nnet_utils/nnet_dense_resource.h:46]   --->   Operation 62 'br' 'br_ln46' <Predicate = (do_init)> <Delay = 1.61>
ST_2 : Operation 63 [1/1] (0.00ns)   --->   "%zext_ln46 = zext i6 %w_index3" [firmware/nnet_utils/nnet_dense_resource.h:46]   --->   Operation 63 'zext' 'zext_ln46' <Predicate = true> <Delay = 0.00>
ST_2 : Operation 64 [1/1] (0.00ns)   --->   "%w15_addr = getelementptr i28 %w15, i64 0, i64 %zext_ln46" [firmware/nnet_utils/nnet_dense_resource.h:59]   --->   Operation 64 'getelementptr' 'w15_addr' <Predicate = true> <Delay = 0.00>
ST_2 : Operation 65 [2/2] (3.25ns)   --->   "%w15_load = load i6 %w15_addr" [firmware/nnet_utils/nnet_dense_resource.h:59]   --->   Operation 65 'load' 'w15_load' <Predicate = true> <Delay = 3.25> <CoreInst = "ROM_nP_BRAM">   --->   Core 102 'ROM_nP_BRAM' <Latency = 1> <II = 1> <Delay = 3.25> <Storage> <Opcode : 'load'> <Ports = 0> <Width = 28> <Depth = 54> <ROM>
ST_2 : Operation 66 [1/1] (1.94ns)   --->   "%w_index = add i6 %w_index3, i6 1" [firmware/nnet_utils/nnet_dense_resource.h:46]   --->   Operation 66 'add' 'w_index' <Predicate = true> <Delay = 1.94> <CoreInst = "Adder">   --->   Core 1 'Adder' <Latency = 0> <II = 1> <Delay = 1.94> <FuncUnit> <Opcode : 'add' 'sub'> <InPorts = 2> <OutPorts = 1>
ST_2 : Operation 67 [1/1] (1.94ns)   --->   "%icmp_ln46 = icmp_eq  i6 %w_index3, i6 53" [firmware/nnet_utils/nnet_dense_resource.h:46]   --->   Operation 67 'icmp' 'icmp_ln46' <Predicate = true> <Delay = 1.94> <CoreInst = "Cmp">   --->   Core 9 'Cmp' <Latency = 0> <II = 1> <Delay = 1.94> <FuncUnit> <Opcode : 'seteq' 'setne' 'setle' 'setge' 'setlt' 'setgt'> <InPorts = 2> <OutPorts = 1>
ST_2 : Operation 68 [1/1] (0.00ns)   --->   "%br_ln46 = br i1 %icmp_ln46, void %rewind_header, void %Result" [firmware/nnet_utils/nnet_dense_resource.h:46]   --->   Operation 68 'br' 'br_ln46' <Predicate = true> <Delay = 0.00>
ST_2 : Operation 69 [1/1] (0.00ns)   --->   "%br_ln84 = br void %rewind_header" [firmware/nnet_utils/nnet_dense_resource.h:84]   --->   Operation 69 'br' 'br_ln84' <Predicate = (icmp_ln46)> <Delay = 0.00>

State 3 <SV = 2> <Delay = 11.8>
ST_3 : Operation 70 [1/1] (0.00ns)   --->   "%data_0_val15_rewind = phi i6 0, void %entry, i6 %data_0_val15_phi, void %MultLoop.split, i6 0, void %Result" [firmware/nnet_utils/nnet_dense_resource.h:46]   --->   Operation 70 'phi' 'data_0_val15_rewind' <Predicate = true> <Delay = 0.00>
ST_3 : Operation 71 [1/1] (0.00ns)   --->   "%data_1_val16_rewind = phi i6 0, void %entry, i6 %data_1_val16_phi, void %MultLoop.split, i6 0, void %Result" [firmware/nnet_utils/nnet_dense_resource.h:46]   --->   Operation 71 'phi' 'data_1_val16_rewind' <Predicate = true> <Delay = 0.00>
ST_3 : Operation 72 [1/1] (0.00ns)   --->   "%data_2_val17_rewind = phi i6 0, void %entry, i6 %data_2_val17_phi, void %MultLoop.split, i6 0, void %Result" [firmware/nnet_utils/nnet_dense_resource.h:46]   --->   Operation 72 'phi' 'data_2_val17_rewind' <Predicate = true> <Delay = 0.00>
ST_3 : Operation 73 [1/1] (0.00ns)   --->   "%data_3_val18_rewind = phi i6 0, void %entry, i6 %data_3_val18_phi, void %MultLoop.split, i6 0, void %Result" [firmware/nnet_utils/nnet_dense_resource.h:46]   --->   Operation 73 'phi' 'data_3_val18_rewind' <Predicate = true> <Delay = 0.00>
ST_3 : Operation 74 [1/1] (0.00ns)   --->   "%data_4_val19_rewind = phi i6 0, void %entry, i6 %data_4_val19_phi, void %MultLoop.split, i6 0, void %Result" [firmware/nnet_utils/nnet_dense_resource.h:46]   --->   Operation 74 'phi' 'data_4_val19_rewind' <Predicate = true> <Delay = 0.00>
ST_3 : Operation 75 [1/1] (0.00ns)   --->   "%data_5_val20_rewind = phi i6 0, void %entry, i6 %data_5_val20_phi, void %MultLoop.split, i6 0, void %Result" [firmware/nnet_utils/nnet_dense_resource.h:46]   --->   Operation 75 'phi' 'data_5_val20_rewind' <Predicate = true> <Delay = 0.00>
ST_3 : Operation 76 [1/1] (0.00ns)   --->   "%data_6_val21_rewind = phi i6 0, void %entry, i6 %data_6_val21_phi, void %MultLoop.split, i6 0, void %Result" [firmware/nnet_utils/nnet_dense_resource.h:46]   --->   Operation 76 'phi' 'data_6_val21_rewind' <Predicate = true> <Delay = 0.00>
ST_3 : Operation 77 [1/1] (0.00ns)   --->   "%data_7_val22_rewind = phi i6 0, void %entry, i6 %data_7_val22_phi, void %MultLoop.split, i6 0, void %Result" [firmware/nnet_utils/nnet_dense_resource.h:46]   --->   Operation 77 'phi' 'data_7_val22_rewind' <Predicate = true> <Delay = 0.00>
ST_3 : Operation 78 [1/1] (0.00ns)   --->   "%data_8_val23_rewind = phi i6 0, void %entry, i6 %data_8_val23_phi, void %MultLoop.split, i6 0, void %Result" [firmware/nnet_utils/nnet_dense_resource.h:46]   --->   Operation 78 'phi' 'data_8_val23_rewind' <Predicate = true> <Delay = 0.00>
ST_3 : Operation 79 [1/1] (0.00ns)   --->   "%data_9_val24_rewind = phi i6 0, void %entry, i6 %data_9_val24_phi, void %MultLoop.split, i6 0, void %Result" [firmware/nnet_utils/nnet_dense_resource.h:46]   --->   Operation 79 'phi' 'data_9_val24_rewind' <Predicate = true> <Delay = 0.00>
ST_3 : Operation 80 [1/1] (0.00ns)   --->   "%data_10_val25_rewind = phi i6 0, void %entry, i6 %data_10_val25_phi, void %MultLoop.split, i6 0, void %Result" [firmware/nnet_utils/nnet_dense_resource.h:46]   --->   Operation 80 'phi' 'data_10_val25_rewind' <Predicate = true> <Delay = 0.00>
ST_3 : Operation 81 [1/1] (0.00ns)   --->   "%data_11_val26_rewind = phi i6 0, void %entry, i6 %data_11_val26_phi, void %MultLoop.split, i6 0, void %Result" [firmware/nnet_utils/nnet_dense_resource.h:46]   --->   Operation 81 'phi' 'data_11_val26_rewind' <Predicate = true> <Delay = 0.00>
ST_3 : Operation 82 [1/1] (0.00ns)   --->   "%data_12_val27_rewind = phi i6 0, void %entry, i6 %data_12_val27_phi, void %MultLoop.split, i6 0, void %Result" [firmware/nnet_utils/nnet_dense_resource.h:46]   --->   Operation 82 'phi' 'data_12_val27_rewind' <Predicate = true> <Delay = 0.00>
ST_3 : Operation 83 [1/1] (0.00ns)   --->   "%data_13_val28_rewind = phi i6 0, void %entry, i6 %data_13_val28_phi, void %MultLoop.split, i6 0, void %Result" [firmware/nnet_utils/nnet_dense_resource.h:46]   --->   Operation 83 'phi' 'data_13_val28_rewind' <Predicate = true> <Delay = 0.00>
ST_3 : Operation 84 [1/1] (0.00ns)   --->   "%data_14_val29_rewind = phi i6 0, void %entry, i6 %data_14_val29_phi, void %MultLoop.split, i6 0, void %Result" [firmware/nnet_utils/nnet_dense_resource.h:46]   --->   Operation 84 'phi' 'data_14_val29_rewind' <Predicate = true> <Delay = 0.00>
ST_3 : Operation 85 [1/1] (0.00ns)   --->   "%data_15_val30_rewind = phi i6 0, void %entry, i6 %data_15_val30_phi, void %MultLoop.split, i6 0, void %Result" [firmware/nnet_utils/nnet_dense_resource.h:46]   --->   Operation 85 'phi' 'data_15_val30_rewind' <Predicate = true> <Delay = 0.00>
ST_3 : Operation 86 [1/1] (0.00ns)   --->   "%data_16_val31_rewind = phi i6 0, void %entry, i6 %data_16_val31_phi, void %MultLoop.split, i6 0, void %Result" [firmware/nnet_utils/nnet_dense_resource.h:46]   --->   Operation 86 'phi' 'data_16_val31_rewind' <Predicate = true> <Delay = 0.00>
ST_3 : Operation 87 [1/1] (0.00ns)   --->   "%data_17_val32_rewind = phi i6 0, void %entry, i6 %data_17_val32_phi, void %MultLoop.split, i6 0, void %Result" [firmware/nnet_utils/nnet_dense_resource.h:46]   --->   Operation 87 'phi' 'data_17_val32_rewind' <Predicate = true> <Delay = 0.00>
ST_3 : Operation 88 [1/1] (0.00ns)   --->   "%data_18_val33_rewind = phi i6 0, void %entry, i6 %data_18_val33_phi, void %MultLoop.split, i6 0, void %Result" [firmware/nnet_utils/nnet_dense_resource.h:46]   --->   Operation 88 'phi' 'data_18_val33_rewind' <Predicate = true> <Delay = 0.00>
ST_3 : Operation 89 [1/1] (0.00ns)   --->   "%data_19_val34_rewind = phi i6 0, void %entry, i6 %data_19_val34_phi, void %MultLoop.split, i6 0, void %Result" [firmware/nnet_utils/nnet_dense_resource.h:46]   --->   Operation 89 'phi' 'data_19_val34_rewind' <Predicate = true> <Delay = 0.00>
ST_3 : Operation 90 [1/1] (0.00ns)   --->   "%data_20_val35_rewind = phi i6 0, void %entry, i6 %data_20_val35_phi, void %MultLoop.split, i6 0, void %Result" [firmware/nnet_utils/nnet_dense_resource.h:46]   --->   Operation 90 'phi' 'data_20_val35_rewind' <Predicate = true> <Delay = 0.00>
ST_3 : Operation 91 [1/1] (0.00ns)   --->   "%data_21_val36_rewind = phi i6 0, void %entry, i6 %data_21_val36_phi, void %MultLoop.split, i6 0, void %Result" [firmware/nnet_utils/nnet_dense_resource.h:46]   --->   Operation 91 'phi' 'data_21_val36_rewind' <Predicate = true> <Delay = 0.00>
ST_3 : Operation 92 [1/1] (0.00ns)   --->   "%data_22_val37_rewind = phi i6 0, void %entry, i6 %data_22_val37_phi, void %MultLoop.split, i6 0, void %Result" [firmware/nnet_utils/nnet_dense_resource.h:46]   --->   Operation 92 'phi' 'data_22_val37_rewind' <Predicate = true> <Delay = 0.00>
ST_3 : Operation 93 [1/1] (0.00ns)   --->   "%data_23_val38_rewind = phi i6 0, void %entry, i6 %data_23_val38_phi, void %MultLoop.split, i6 0, void %Result" [firmware/nnet_utils/nnet_dense_resource.h:46]   --->   Operation 93 'phi' 'data_23_val38_rewind' <Predicate = true> <Delay = 0.00>
ST_3 : Operation 94 [1/1] (0.00ns)   --->   "%data_24_val39_rewind = phi i6 0, void %entry, i6 %data_24_val39_phi, void %MultLoop.split, i6 0, void %Result" [firmware/nnet_utils/nnet_dense_resource.h:46]   --->   Operation 94 'phi' 'data_24_val39_rewind' <Predicate = true> <Delay = 0.00>
ST_3 : Operation 95 [1/1] (0.00ns)   --->   "%data_25_val40_rewind = phi i6 0, void %entry, i6 %data_25_val40_phi, void %MultLoop.split, i6 0, void %Result" [firmware/nnet_utils/nnet_dense_resource.h:46]   --->   Operation 95 'phi' 'data_25_val40_rewind' <Predicate = true> <Delay = 0.00>
ST_3 : Operation 96 [1/1] (0.00ns)   --->   "%data_26_val41_rewind = phi i6 0, void %entry, i6 %data_26_val41_phi, void %MultLoop.split, i6 0, void %Result" [firmware/nnet_utils/nnet_dense_resource.h:46]   --->   Operation 96 'phi' 'data_26_val41_rewind' <Predicate = true> <Delay = 0.00>
ST_3 : Operation 97 [1/1] (0.00ns)   --->   "%data_27_val42_rewind = phi i6 0, void %entry, i6 %data_27_val42_phi, void %MultLoop.split, i6 0, void %Result" [firmware/nnet_utils/nnet_dense_resource.h:46]   --->   Operation 97 'phi' 'data_27_val42_rewind' <Predicate = true> <Delay = 0.00>
ST_3 : Operation 98 [1/1] (0.00ns)   --->   "%data_28_val43_rewind = phi i6 0, void %entry, i6 %data_28_val43_phi, void %MultLoop.split, i6 0, void %Result" [firmware/nnet_utils/nnet_dense_resource.h:46]   --->   Operation 98 'phi' 'data_28_val43_rewind' <Predicate = true> <Delay = 0.00>
ST_3 : Operation 99 [1/1] (0.00ns)   --->   "%data_29_val44_rewind = phi i6 0, void %entry, i6 %data_29_val44_phi, void %MultLoop.split, i6 0, void %Result" [firmware/nnet_utils/nnet_dense_resource.h:46]   --->   Operation 99 'phi' 'data_29_val44_rewind' <Predicate = true> <Delay = 0.00>
ST_3 : Operation 100 [1/1] (0.00ns)   --->   "%data_30_val45_rewind = phi i6 0, void %entry, i6 %data_30_val45_phi, void %MultLoop.split, i6 0, void %Result" [firmware/nnet_utils/nnet_dense_resource.h:46]   --->   Operation 100 'phi' 'data_30_val45_rewind' <Predicate = true> <Delay = 0.00>
ST_3 : Operation 101 [1/1] (0.00ns)   --->   "%data_31_val46_rewind = phi i6 0, void %entry, i6 %data_31_val46_phi, void %MultLoop.split, i6 0, void %Result" [firmware/nnet_utils/nnet_dense_resource.h:46]   --->   Operation 101 'phi' 'data_31_val46_rewind' <Predicate = true> <Delay = 0.00>
ST_3 : Operation 102 [1/1] (0.00ns)   --->   "%data_32_val47_rewind = phi i6 0, void %entry, i6 %data_32_val47_phi, void %MultLoop.split, i6 0, void %Result" [firmware/nnet_utils/nnet_dense_resource.h:46]   --->   Operation 102 'phi' 'data_32_val47_rewind' <Predicate = true> <Delay = 0.00>
ST_3 : Operation 103 [1/1] (0.00ns)   --->   "%data_33_val48_rewind = phi i6 0, void %entry, i6 %data_33_val48_phi, void %MultLoop.split, i6 0, void %Result" [firmware/nnet_utils/nnet_dense_resource.h:46]   --->   Operation 103 'phi' 'data_33_val48_rewind' <Predicate = true> <Delay = 0.00>
ST_3 : Operation 104 [1/1] (0.00ns)   --->   "%data_34_val49_rewind = phi i6 0, void %entry, i6 %data_34_val49_phi, void %MultLoop.split, i6 0, void %Result" [firmware/nnet_utils/nnet_dense_resource.h:46]   --->   Operation 104 'phi' 'data_34_val49_rewind' <Predicate = true> <Delay = 0.00>
ST_3 : Operation 105 [1/1] (0.00ns)   --->   "%data_35_val50_rewind = phi i6 0, void %entry, i6 %data_35_val50_phi, void %MultLoop.split, i6 0, void %Result" [firmware/nnet_utils/nnet_dense_resource.h:46]   --->   Operation 105 'phi' 'data_35_val50_rewind' <Predicate = true> <Delay = 0.00>
ST_3 : Operation 106 [1/1] (0.00ns)   --->   "%data_36_val51_rewind = phi i6 0, void %entry, i6 %data_36_val51_phi, void %MultLoop.split, i6 0, void %Result" [firmware/nnet_utils/nnet_dense_resource.h:46]   --->   Operation 106 'phi' 'data_36_val51_rewind' <Predicate = true> <Delay = 0.00>
ST_3 : Operation 107 [1/1] (0.00ns)   --->   "%data_37_val52_rewind = phi i6 0, void %entry, i6 %data_37_val52_phi, void %MultLoop.split, i6 0, void %Result" [firmware/nnet_utils/nnet_dense_resource.h:46]   --->   Operation 107 'phi' 'data_37_val52_rewind' <Predicate = true> <Delay = 0.00>
ST_3 : Operation 108 [1/1] (0.00ns)   --->   "%data_38_val53_rewind = phi i6 0, void %entry, i6 %data_38_val53_phi, void %MultLoop.split, i6 0, void %Result" [firmware/nnet_utils/nnet_dense_resource.h:46]   --->   Operation 108 'phi' 'data_38_val53_rewind' <Predicate = true> <Delay = 0.00>
ST_3 : Operation 109 [1/1] (0.00ns)   --->   "%data_39_val54_rewind = phi i6 0, void %entry, i6 %data_39_val54_phi, void %MultLoop.split, i6 0, void %Result" [firmware/nnet_utils/nnet_dense_resource.h:46]   --->   Operation 109 'phi' 'data_39_val54_rewind' <Predicate = true> <Delay = 0.00>
ST_3 : Operation 110 [1/1] (0.00ns)   --->   "%data_40_val55_rewind = phi i6 0, void %entry, i6 %data_40_val55_phi, void %MultLoop.split, i6 0, void %Result" [firmware/nnet_utils/nnet_dense_resource.h:46]   --->   Operation 110 'phi' 'data_40_val55_rewind' <Predicate = true> <Delay = 0.00>
ST_3 : Operation 111 [1/1] (0.00ns)   --->   "%data_41_val56_rewind = phi i6 0, void %entry, i6 %data_41_val56_phi, void %MultLoop.split, i6 0, void %Result" [firmware/nnet_utils/nnet_dense_resource.h:46]   --->   Operation 111 'phi' 'data_41_val56_rewind' <Predicate = true> <Delay = 0.00>
ST_3 : Operation 112 [1/1] (0.00ns)   --->   "%data_42_val57_rewind = phi i6 0, void %entry, i6 %data_42_val57_phi, void %MultLoop.split, i6 0, void %Result" [firmware/nnet_utils/nnet_dense_resource.h:46]   --->   Operation 112 'phi' 'data_42_val57_rewind' <Predicate = true> <Delay = 0.00>
ST_3 : Operation 113 [1/1] (0.00ns)   --->   "%data_43_val58_rewind = phi i6 0, void %entry, i6 %data_43_val58_phi, void %MultLoop.split, i6 0, void %Result" [firmware/nnet_utils/nnet_dense_resource.h:46]   --->   Operation 113 'phi' 'data_43_val58_rewind' <Predicate = true> <Delay = 0.00>
ST_3 : Operation 114 [1/1] (0.00ns)   --->   "%data_44_val59_rewind = phi i6 0, void %entry, i6 %data_44_val59_phi, void %MultLoop.split, i6 0, void %Result" [firmware/nnet_utils/nnet_dense_resource.h:46]   --->   Operation 114 'phi' 'data_44_val59_rewind' <Predicate = true> <Delay = 0.00>
ST_3 : Operation 115 [1/1] (0.00ns)   --->   "%data_45_val60_rewind = phi i6 0, void %entry, i6 %data_45_val60_phi, void %MultLoop.split, i6 0, void %Result" [firmware/nnet_utils/nnet_dense_resource.h:46]   --->   Operation 115 'phi' 'data_45_val60_rewind' <Predicate = true> <Delay = 0.00>
ST_3 : Operation 116 [1/1] (0.00ns)   --->   "%data_46_val61_rewind = phi i6 0, void %entry, i6 %data_46_val61_phi, void %MultLoop.split, i6 0, void %Result" [firmware/nnet_utils/nnet_dense_resource.h:46]   --->   Operation 116 'phi' 'data_46_val61_rewind' <Predicate = true> <Delay = 0.00>
ST_3 : Operation 117 [1/1] (0.00ns)   --->   "%data_47_val62_rewind = phi i6 0, void %entry, i6 %data_47_val62_phi, void %MultLoop.split, i6 0, void %Result" [firmware/nnet_utils/nnet_dense_resource.h:46]   --->   Operation 117 'phi' 'data_47_val62_rewind' <Predicate = true> <Delay = 0.00>
ST_3 : Operation 118 [1/1] (0.00ns)   --->   "%data_48_val63_rewind = phi i6 0, void %entry, i6 %data_48_val63_phi, void %MultLoop.split, i6 0, void %Result" [firmware/nnet_utils/nnet_dense_resource.h:46]   --->   Operation 118 'phi' 'data_48_val63_rewind' <Predicate = true> <Delay = 0.00>
ST_3 : Operation 119 [1/1] (0.00ns)   --->   "%data_49_val64_rewind = phi i6 0, void %entry, i6 %data_49_val64_phi, void %MultLoop.split, i6 0, void %Result" [firmware/nnet_utils/nnet_dense_resource.h:46]   --->   Operation 119 'phi' 'data_49_val64_rewind' <Predicate = true> <Delay = 0.00>
ST_3 : Operation 120 [1/1] (0.00ns)   --->   "%data_50_val65_rewind = phi i6 0, void %entry, i6 %data_50_val65_phi, void %MultLoop.split, i6 0, void %Result" [firmware/nnet_utils/nnet_dense_resource.h:46]   --->   Operation 120 'phi' 'data_50_val65_rewind' <Predicate = true> <Delay = 0.00>
ST_3 : Operation 121 [1/1] (0.00ns)   --->   "%data_51_val66_rewind = phi i6 0, void %entry, i6 %data_51_val66_phi, void %MultLoop.split, i6 0, void %Result" [firmware/nnet_utils/nnet_dense_resource.h:46]   --->   Operation 121 'phi' 'data_51_val66_rewind' <Predicate = true> <Delay = 0.00>
ST_3 : Operation 122 [1/1] (0.00ns)   --->   "%data_52_val67_rewind = phi i6 0, void %entry, i6 %data_52_val67_phi, void %MultLoop.split, i6 0, void %Result" [firmware/nnet_utils/nnet_dense_resource.h:46]   --->   Operation 122 'phi' 'data_52_val67_rewind' <Predicate = true> <Delay = 0.00>
ST_3 : Operation 123 [1/1] (0.00ns)   --->   "%data_53_val68_rewind = phi i6 0, void %entry, i6 %data_53_val68_phi, void %MultLoop.split, i6 0, void %Result" [firmware/nnet_utils/nnet_dense_resource.h:46]   --->   Operation 123 'phi' 'data_53_val68_rewind' <Predicate = true> <Delay = 0.00>
ST_3 : Operation 124 [1/1] (0.00ns)   --->   "%conv_i_i2288 = phi i18 0, void %entry, i18 %add_ln58, void %MultLoop.split, i18 0, void %Result" [firmware/nnet_utils/nnet_dense_resource.h:58]   --->   Operation 124 'phi' 'conv_i_i2288' <Predicate = true> <Delay = 0.00>
ST_3 : Operation 125 [1/1] (0.00ns)   --->   "%conv_i_i22_197 = phi i18 0, void %entry, i18 %add_ln58_13, void %MultLoop.split, i18 0, void %Result" [firmware/nnet_utils/nnet_dense_resource.h:58]   --->   Operation 125 'phi' 'conv_i_i22_197' <Predicate = true> <Delay = 0.00>
ST_3 : Operation 126 [1/1] (0.00ns)   --->   "%conv_i_i22_2106 = phi i18 0, void %entry, i18 %add_ln58_14, void %MultLoop.split, i18 0, void %Result" [firmware/nnet_utils/nnet_dense_resource.h:58]   --->   Operation 126 'phi' 'conv_i_i22_2106' <Predicate = true> <Delay = 0.00>
ST_3 : Operation 127 [1/1] (0.00ns)   --->   "%conv_i_i22_3115 = phi i18 0, void %entry, i18 %add_ln58_15, void %MultLoop.split, i18 0, void %Result" [firmware/nnet_utils/nnet_dense_resource.h:58]   --->   Operation 127 'phi' 'conv_i_i22_3115' <Predicate = true> <Delay = 0.00>
ST_3 : Operation 128 [1/1] (0.00ns)   --->   "%conv_i_i22_4124 = phi i16 0, void %entry, i16 %add_ln58_16, void %MultLoop.split, i16 0, void %Result" [firmware/nnet_utils/nnet_dense_resource.h:58]   --->   Operation 128 'phi' 'conv_i_i22_4124' <Predicate = true> <Delay = 0.00>
ST_3 : Operation 129 [1/1] (1.61ns)   --->   "%br_ln0 = br i1 %do_init, void %MultLoop.split, void %rewind_init"   --->   Operation 129 'br' 'br_ln0' <Predicate = true> <Delay = 1.61>
ST_3 : Operation 130 [1/1] (0.00ns)   --->   "%data_0_val15_phi = phi i6 %data_0_val_read, void %rewind_init, i6 %data_0_val15_rewind, void %rewind_header" [firmware/nnet_utils/nnet_dense_resource.h:46]   --->   Operation 130 'phi' 'data_0_val15_phi' <Predicate = true> <Delay = 0.00>
ST_3 : Operation 131 [1/1] (0.00ns)   --->   "%data_1_val16_phi = phi i6 %data_1_val_read, void %rewind_init, i6 %data_1_val16_rewind, void %rewind_header" [firmware/nnet_utils/nnet_dense_resource.h:46]   --->   Operation 131 'phi' 'data_1_val16_phi' <Predicate = true> <Delay = 0.00>
ST_3 : Operation 132 [1/1] (0.00ns)   --->   "%data_2_val17_phi = phi i6 %data_2_val_read, void %rewind_init, i6 %data_2_val17_rewind, void %rewind_header" [firmware/nnet_utils/nnet_dense_resource.h:46]   --->   Operation 132 'phi' 'data_2_val17_phi' <Predicate = true> <Delay = 0.00>
ST_3 : Operation 133 [1/1] (0.00ns)   --->   "%data_3_val18_phi = phi i6 %data_3_val_read, void %rewind_init, i6 %data_3_val18_rewind, void %rewind_header" [firmware/nnet_utils/nnet_dense_resource.h:46]   --->   Operation 133 'phi' 'data_3_val18_phi' <Predicate = true> <Delay = 0.00>
ST_3 : Operation 134 [1/1] (0.00ns)   --->   "%data_4_val19_phi = phi i6 %data_4_val_read, void %rewind_init, i6 %data_4_val19_rewind, void %rewind_header" [firmware/nnet_utils/nnet_dense_resource.h:46]   --->   Operation 134 'phi' 'data_4_val19_phi' <Predicate = true> <Delay = 0.00>
ST_3 : Operation 135 [1/1] (0.00ns)   --->   "%data_5_val20_phi = phi i6 %data_5_val_read, void %rewind_init, i6 %data_5_val20_rewind, void %rewind_header" [firmware/nnet_utils/nnet_dense_resource.h:46]   --->   Operation 135 'phi' 'data_5_val20_phi' <Predicate = true> <Delay = 0.00>
ST_3 : Operation 136 [1/1] (0.00ns)   --->   "%data_6_val21_phi = phi i6 %data_6_val_read, void %rewind_init, i6 %data_6_val21_rewind, void %rewind_header" [firmware/nnet_utils/nnet_dense_resource.h:46]   --->   Operation 136 'phi' 'data_6_val21_phi' <Predicate = true> <Delay = 0.00>
ST_3 : Operation 137 [1/1] (0.00ns)   --->   "%data_7_val22_phi = phi i6 %data_7_val_read, void %rewind_init, i6 %data_7_val22_rewind, void %rewind_header" [firmware/nnet_utils/nnet_dense_resource.h:46]   --->   Operation 137 'phi' 'data_7_val22_phi' <Predicate = true> <Delay = 0.00>
ST_3 : Operation 138 [1/1] (0.00ns)   --->   "%data_8_val23_phi = phi i6 %data_8_val_read, void %rewind_init, i6 %data_8_val23_rewind, void %rewind_header" [firmware/nnet_utils/nnet_dense_resource.h:46]   --->   Operation 138 'phi' 'data_8_val23_phi' <Predicate = true> <Delay = 0.00>
ST_3 : Operation 139 [1/1] (0.00ns)   --->   "%data_9_val24_phi = phi i6 %data_9_val_read, void %rewind_init, i6 %data_9_val24_rewind, void %rewind_header" [firmware/nnet_utils/nnet_dense_resource.h:46]   --->   Operation 139 'phi' 'data_9_val24_phi' <Predicate = true> <Delay = 0.00>
ST_3 : Operation 140 [1/1] (0.00ns)   --->   "%data_10_val25_phi = phi i6 %data_10_val_read, void %rewind_init, i6 %data_10_val25_rewind, void %rewind_header" [firmware/nnet_utils/nnet_dense_resource.h:46]   --->   Operation 140 'phi' 'data_10_val25_phi' <Predicate = true> <Delay = 0.00>
ST_3 : Operation 141 [1/1] (0.00ns)   --->   "%data_11_val26_phi = phi i6 %data_11_val_read, void %rewind_init, i6 %data_11_val26_rewind, void %rewind_header" [firmware/nnet_utils/nnet_dense_resource.h:46]   --->   Operation 141 'phi' 'data_11_val26_phi' <Predicate = true> <Delay = 0.00>
ST_3 : Operation 142 [1/1] (0.00ns)   --->   "%data_12_val27_phi = phi i6 %data_12_val_read, void %rewind_init, i6 %data_12_val27_rewind, void %rewind_header" [firmware/nnet_utils/nnet_dense_resource.h:46]   --->   Operation 142 'phi' 'data_12_val27_phi' <Predicate = true> <Delay = 0.00>
ST_3 : Operation 143 [1/1] (0.00ns)   --->   "%data_13_val28_phi = phi i6 %data_13_val_read, void %rewind_init, i6 %data_13_val28_rewind, void %rewind_header" [firmware/nnet_utils/nnet_dense_resource.h:46]   --->   Operation 143 'phi' 'data_13_val28_phi' <Predicate = true> <Delay = 0.00>
ST_3 : Operation 144 [1/1] (0.00ns)   --->   "%data_14_val29_phi = phi i6 %data_14_val_read, void %rewind_init, i6 %data_14_val29_rewind, void %rewind_header" [firmware/nnet_utils/nnet_dense_resource.h:46]   --->   Operation 144 'phi' 'data_14_val29_phi' <Predicate = true> <Delay = 0.00>
ST_3 : Operation 145 [1/1] (0.00ns)   --->   "%data_15_val30_phi = phi i6 %data_15_val_read, void %rewind_init, i6 %data_15_val30_rewind, void %rewind_header" [firmware/nnet_utils/nnet_dense_resource.h:46]   --->   Operation 145 'phi' 'data_15_val30_phi' <Predicate = true> <Delay = 0.00>
ST_3 : Operation 146 [1/1] (0.00ns)   --->   "%data_16_val31_phi = phi i6 %data_16_val_read, void %rewind_init, i6 %data_16_val31_rewind, void %rewind_header" [firmware/nnet_utils/nnet_dense_resource.h:46]   --->   Operation 146 'phi' 'data_16_val31_phi' <Predicate = true> <Delay = 0.00>
ST_3 : Operation 147 [1/1] (0.00ns)   --->   "%data_17_val32_phi = phi i6 %data_17_val_read, void %rewind_init, i6 %data_17_val32_rewind, void %rewind_header" [firmware/nnet_utils/nnet_dense_resource.h:46]   --->   Operation 147 'phi' 'data_17_val32_phi' <Predicate = true> <Delay = 0.00>
ST_3 : Operation 148 [1/1] (0.00ns)   --->   "%data_18_val33_phi = phi i6 %data_18_val_read, void %rewind_init, i6 %data_18_val33_rewind, void %rewind_header" [firmware/nnet_utils/nnet_dense_resource.h:46]   --->   Operation 148 'phi' 'data_18_val33_phi' <Predicate = true> <Delay = 0.00>
ST_3 : Operation 149 [1/1] (0.00ns)   --->   "%data_19_val34_phi = phi i6 %data_19_val_read, void %rewind_init, i6 %data_19_val34_rewind, void %rewind_header" [firmware/nnet_utils/nnet_dense_resource.h:46]   --->   Operation 149 'phi' 'data_19_val34_phi' <Predicate = true> <Delay = 0.00>
ST_3 : Operation 150 [1/1] (0.00ns)   --->   "%data_20_val35_phi = phi i6 %data_20_val_read, void %rewind_init, i6 %data_20_val35_rewind, void %rewind_header" [firmware/nnet_utils/nnet_dense_resource.h:46]   --->   Operation 150 'phi' 'data_20_val35_phi' <Predicate = true> <Delay = 0.00>
ST_3 : Operation 151 [1/1] (0.00ns)   --->   "%data_21_val36_phi = phi i6 %data_21_val_read, void %rewind_init, i6 %data_21_val36_rewind, void %rewind_header" [firmware/nnet_utils/nnet_dense_resource.h:46]   --->   Operation 151 'phi' 'data_21_val36_phi' <Predicate = true> <Delay = 0.00>
ST_3 : Operation 152 [1/1] (0.00ns)   --->   "%data_22_val37_phi = phi i6 %data_22_val_read, void %rewind_init, i6 %data_22_val37_rewind, void %rewind_header" [firmware/nnet_utils/nnet_dense_resource.h:46]   --->   Operation 152 'phi' 'data_22_val37_phi' <Predicate = true> <Delay = 0.00>
ST_3 : Operation 153 [1/1] (0.00ns)   --->   "%data_23_val38_phi = phi i6 %data_23_val_read, void %rewind_init, i6 %data_23_val38_rewind, void %rewind_header" [firmware/nnet_utils/nnet_dense_resource.h:46]   --->   Operation 153 'phi' 'data_23_val38_phi' <Predicate = true> <Delay = 0.00>
ST_3 : Operation 154 [1/1] (0.00ns)   --->   "%data_24_val39_phi = phi i6 %data_24_val_read, void %rewind_init, i6 %data_24_val39_rewind, void %rewind_header" [firmware/nnet_utils/nnet_dense_resource.h:46]   --->   Operation 154 'phi' 'data_24_val39_phi' <Predicate = true> <Delay = 0.00>
ST_3 : Operation 155 [1/1] (0.00ns)   --->   "%data_25_val40_phi = phi i6 %data_25_val_read, void %rewind_init, i6 %data_25_val40_rewind, void %rewind_header" [firmware/nnet_utils/nnet_dense_resource.h:46]   --->   Operation 155 'phi' 'data_25_val40_phi' <Predicate = true> <Delay = 0.00>
ST_3 : Operation 156 [1/1] (0.00ns)   --->   "%data_26_val41_phi = phi i6 %data_26_val_read, void %rewind_init, i6 %data_26_val41_rewind, void %rewind_header" [firmware/nnet_utils/nnet_dense_resource.h:46]   --->   Operation 156 'phi' 'data_26_val41_phi' <Predicate = true> <Delay = 0.00>
ST_3 : Operation 157 [1/1] (0.00ns)   --->   "%data_27_val42_phi = phi i6 %data_27_val_read, void %rewind_init, i6 %data_27_val42_rewind, void %rewind_header" [firmware/nnet_utils/nnet_dense_resource.h:46]   --->   Operation 157 'phi' 'data_27_val42_phi' <Predicate = true> <Delay = 0.00>
ST_3 : Operation 158 [1/1] (0.00ns)   --->   "%data_28_val43_phi = phi i6 %data_28_val_read, void %rewind_init, i6 %data_28_val43_rewind, void %rewind_header" [firmware/nnet_utils/nnet_dense_resource.h:46]   --->   Operation 158 'phi' 'data_28_val43_phi' <Predicate = true> <Delay = 0.00>
ST_3 : Operation 159 [1/1] (0.00ns)   --->   "%data_29_val44_phi = phi i6 %data_29_val_read, void %rewind_init, i6 %data_29_val44_rewind, void %rewind_header" [firmware/nnet_utils/nnet_dense_resource.h:46]   --->   Operation 159 'phi' 'data_29_val44_phi' <Predicate = true> <Delay = 0.00>
ST_3 : Operation 160 [1/1] (0.00ns)   --->   "%data_30_val45_phi = phi i6 %data_30_val_read, void %rewind_init, i6 %data_30_val45_rewind, void %rewind_header" [firmware/nnet_utils/nnet_dense_resource.h:46]   --->   Operation 160 'phi' 'data_30_val45_phi' <Predicate = true> <Delay = 0.00>
ST_3 : Operation 161 [1/1] (0.00ns)   --->   "%data_31_val46_phi = phi i6 %data_31_val_read, void %rewind_init, i6 %data_31_val46_rewind, void %rewind_header" [firmware/nnet_utils/nnet_dense_resource.h:46]   --->   Operation 161 'phi' 'data_31_val46_phi' <Predicate = true> <Delay = 0.00>
ST_3 : Operation 162 [1/1] (0.00ns)   --->   "%data_32_val47_phi = phi i6 %data_32_val_read, void %rewind_init, i6 %data_32_val47_rewind, void %rewind_header" [firmware/nnet_utils/nnet_dense_resource.h:46]   --->   Operation 162 'phi' 'data_32_val47_phi' <Predicate = true> <Delay = 0.00>
ST_3 : Operation 163 [1/1] (0.00ns)   --->   "%data_33_val48_phi = phi i6 %data_33_val_read, void %rewind_init, i6 %data_33_val48_rewind, void %rewind_header" [firmware/nnet_utils/nnet_dense_resource.h:46]   --->   Operation 163 'phi' 'data_33_val48_phi' <Predicate = true> <Delay = 0.00>
ST_3 : Operation 164 [1/1] (0.00ns)   --->   "%data_34_val49_phi = phi i6 %data_34_val_read, void %rewind_init, i6 %data_34_val49_rewind, void %rewind_header" [firmware/nnet_utils/nnet_dense_resource.h:46]   --->   Operation 164 'phi' 'data_34_val49_phi' <Predicate = true> <Delay = 0.00>
ST_3 : Operation 165 [1/1] (0.00ns)   --->   "%data_35_val50_phi = phi i6 %data_35_val_read, void %rewind_init, i6 %data_35_val50_rewind, void %rewind_header" [firmware/nnet_utils/nnet_dense_resource.h:46]   --->   Operation 165 'phi' 'data_35_val50_phi' <Predicate = true> <Delay = 0.00>
ST_3 : Operation 166 [1/1] (0.00ns)   --->   "%data_36_val51_phi = phi i6 %data_36_val_read, void %rewind_init, i6 %data_36_val51_rewind, void %rewind_header" [firmware/nnet_utils/nnet_dense_resource.h:46]   --->   Operation 166 'phi' 'data_36_val51_phi' <Predicate = true> <Delay = 0.00>
ST_3 : Operation 167 [1/1] (0.00ns)   --->   "%data_37_val52_phi = phi i6 %data_37_val_read, void %rewind_init, i6 %data_37_val52_rewind, void %rewind_header" [firmware/nnet_utils/nnet_dense_resource.h:46]   --->   Operation 167 'phi' 'data_37_val52_phi' <Predicate = true> <Delay = 0.00>
ST_3 : Operation 168 [1/1] (0.00ns)   --->   "%data_38_val53_phi = phi i6 %data_38_val_read, void %rewind_init, i6 %data_38_val53_rewind, void %rewind_header" [firmware/nnet_utils/nnet_dense_resource.h:46]   --->   Operation 168 'phi' 'data_38_val53_phi' <Predicate = true> <Delay = 0.00>
ST_3 : Operation 169 [1/1] (0.00ns)   --->   "%data_39_val54_phi = phi i6 %data_39_val_read, void %rewind_init, i6 %data_39_val54_rewind, void %rewind_header" [firmware/nnet_utils/nnet_dense_resource.h:46]   --->   Operation 169 'phi' 'data_39_val54_phi' <Predicate = true> <Delay = 0.00>
ST_3 : Operation 170 [1/1] (0.00ns)   --->   "%data_40_val55_phi = phi i6 %data_40_val_read, void %rewind_init, i6 %data_40_val55_rewind, void %rewind_header" [firmware/nnet_utils/nnet_dense_resource.h:46]   --->   Operation 170 'phi' 'data_40_val55_phi' <Predicate = true> <Delay = 0.00>
ST_3 : Operation 171 [1/1] (0.00ns)   --->   "%data_41_val56_phi = phi i6 %data_41_val_read, void %rewind_init, i6 %data_41_val56_rewind, void %rewind_header" [firmware/nnet_utils/nnet_dense_resource.h:46]   --->   Operation 171 'phi' 'data_41_val56_phi' <Predicate = true> <Delay = 0.00>
ST_3 : Operation 172 [1/1] (0.00ns)   --->   "%data_42_val57_phi = phi i6 %data_42_val_read, void %rewind_init, i6 %data_42_val57_rewind, void %rewind_header" [firmware/nnet_utils/nnet_dense_resource.h:46]   --->   Operation 172 'phi' 'data_42_val57_phi' <Predicate = true> <Delay = 0.00>
ST_3 : Operation 173 [1/1] (0.00ns)   --->   "%data_43_val58_phi = phi i6 %data_43_val_read, void %rewind_init, i6 %data_43_val58_rewind, void %rewind_header" [firmware/nnet_utils/nnet_dense_resource.h:46]   --->   Operation 173 'phi' 'data_43_val58_phi' <Predicate = true> <Delay = 0.00>
ST_3 : Operation 174 [1/1] (0.00ns)   --->   "%data_44_val59_phi = phi i6 %data_44_val_read, void %rewind_init, i6 %data_44_val59_rewind, void %rewind_header" [firmware/nnet_utils/nnet_dense_resource.h:46]   --->   Operation 174 'phi' 'data_44_val59_phi' <Predicate = true> <Delay = 0.00>
ST_3 : Operation 175 [1/1] (0.00ns)   --->   "%data_45_val60_phi = phi i6 %data_45_val_read, void %rewind_init, i6 %data_45_val60_rewind, void %rewind_header" [firmware/nnet_utils/nnet_dense_resource.h:46]   --->   Operation 175 'phi' 'data_45_val60_phi' <Predicate = true> <Delay = 0.00>
ST_3 : Operation 176 [1/1] (0.00ns)   --->   "%data_46_val61_phi = phi i6 %data_46_val_read, void %rewind_init, i6 %data_46_val61_rewind, void %rewind_header" [firmware/nnet_utils/nnet_dense_resource.h:46]   --->   Operation 176 'phi' 'data_46_val61_phi' <Predicate = true> <Delay = 0.00>
ST_3 : Operation 177 [1/1] (0.00ns)   --->   "%data_47_val62_phi = phi i6 %data_47_val_read, void %rewind_init, i6 %data_47_val62_rewind, void %rewind_header" [firmware/nnet_utils/nnet_dense_resource.h:46]   --->   Operation 177 'phi' 'data_47_val62_phi' <Predicate = true> <Delay = 0.00>
ST_3 : Operation 178 [1/1] (0.00ns)   --->   "%data_48_val63_phi = phi i6 %data_48_val_read, void %rewind_init, i6 %data_48_val63_rewind, void %rewind_header" [firmware/nnet_utils/nnet_dense_resource.h:46]   --->   Operation 178 'phi' 'data_48_val63_phi' <Predicate = true> <Delay = 0.00>
ST_3 : Operation 179 [1/1] (0.00ns)   --->   "%data_49_val64_phi = phi i6 %data_49_val_read, void %rewind_init, i6 %data_49_val64_rewind, void %rewind_header" [firmware/nnet_utils/nnet_dense_resource.h:46]   --->   Operation 179 'phi' 'data_49_val64_phi' <Predicate = true> <Delay = 0.00>
ST_3 : Operation 180 [1/1] (0.00ns)   --->   "%data_50_val65_phi = phi i6 %data_50_val_read, void %rewind_init, i6 %data_50_val65_rewind, void %rewind_header" [firmware/nnet_utils/nnet_dense_resource.h:46]   --->   Operation 180 'phi' 'data_50_val65_phi' <Predicate = true> <Delay = 0.00>
ST_3 : Operation 181 [1/1] (0.00ns)   --->   "%data_51_val66_phi = phi i6 %data_51_val_read, void %rewind_init, i6 %data_51_val66_rewind, void %rewind_header" [firmware/nnet_utils/nnet_dense_resource.h:46]   --->   Operation 181 'phi' 'data_51_val66_phi' <Predicate = true> <Delay = 0.00>
ST_3 : Operation 182 [1/1] (0.00ns)   --->   "%data_52_val67_phi = phi i6 %data_52_val_read, void %rewind_init, i6 %data_52_val67_rewind, void %rewind_header" [firmware/nnet_utils/nnet_dense_resource.h:46]   --->   Operation 182 'phi' 'data_52_val67_phi' <Predicate = true> <Delay = 0.00>
ST_3 : Operation 183 [1/1] (0.00ns)   --->   "%data_53_val68_phi = phi i6 %data_53_val_read, void %rewind_init, i6 %data_53_val68_rewind, void %rewind_header" [firmware/nnet_utils/nnet_dense_resource.h:46]   --->   Operation 183 'phi' 'data_53_val68_phi' <Predicate = true> <Delay = 0.00>
ST_3 : Operation 184 [1/1] (0.00ns)   --->   "%specpipeline_ln47 = specpipeline void @_ssdm_op_SpecPipeline, i32 1, i32 0, i32 0, i32 1, void @empty_3" [firmware/nnet_utils/nnet_dense_resource.h:47]   --->   Operation 184 'specpipeline' 'specpipeline_ln47' <Predicate = true> <Delay = 0.00>
ST_3 : Operation 185 [1/1] (0.00ns)   --->   "%speclooptripcount_ln49 = speclooptripcount void @_ssdm_op_SpecLoopTripCount, i64 54, i64 54, i64 54" [firmware/nnet_utils/nnet_dense_resource.h:49]   --->   Operation 185 'speclooptripcount' 'speclooptripcount_ln49' <Predicate = true> <Delay = 0.00>
ST_3 : Operation 186 [1/1] (0.00ns)   --->   "%specloopname_ln46 = specloopname void @_ssdm_op_SpecLoopName, void @empty_6" [firmware/nnet_utils/nnet_dense_resource.h:46]   --->   Operation 186 'specloopname' 'specloopname_ln46' <Predicate = true> <Delay = 0.00>
ST_3 : Operation 187 [1/1] (3.09ns)   --->   "%a = sparsemux i6 @_ssdm_op_SparseMux.ap_auto.54i6.i6.i6, i6 0, i6 %data_0_val15_phi, i6 1, i6 %data_1_val16_phi, i6 2, i6 %data_2_val17_phi, i6 3, i6 %data_3_val18_phi, i6 4, i6 %data_4_val19_phi, i6 5, i6 %data_5_val20_phi, i6 6, i6 %data_6_val21_phi, i6 7, i6 %data_7_val22_phi, i6 8, i6 %data_8_val23_phi, i6 9, i6 %data_9_val24_phi, i6 10, i6 %data_10_val25_phi, i6 11, i6 %data_11_val26_phi, i6 12, i6 %data_12_val27_phi, i6 13, i6 %data_13_val28_phi, i6 14, i6 %data_14_val29_phi, i6 15, i6 %data_15_val30_phi, i6 16, i6 %data_16_val31_phi, i6 17, i6 %data_17_val32_phi, i6 18, i6 %data_18_val33_phi, i6 19, i6 %data_19_val34_phi, i6 20, i6 %data_20_val35_phi, i6 21, i6 %data_21_val36_phi, i6 22, i6 %data_22_val37_phi, i6 23, i6 %data_23_val38_phi, i6 24, i6 %data_24_val39_phi, i6 25, i6 %data_25_val40_phi, i6 26, i6 %data_26_val41_phi, i6 27, i6 %data_27_val42_phi, i6 28, i6 %data_28_val43_phi, i6 29, i6 %data_29_val44_phi, i6 30, i6 %data_30_val45_phi, i6 31, i6 %data_31_val46_phi, i6 32, i6 %data_32_val47_phi, i6 33, i6 %data_33_val48_phi, i6 34, i6 %data_34_val49_phi, i6 35, i6 %data_35_val50_phi, i6 36, i6 %data_36_val51_phi, i6 37, i6 %data_37_val52_phi, i6 38, i6 %data_38_val53_phi, i6 39, i6 %data_39_val54_phi, i6 40, i6 %data_40_val55_phi, i6 41, i6 %data_41_val56_phi, i6 42, i6 %data_42_val57_phi, i6 43, i6 %data_43_val58_phi, i6 44, i6 %data_44_val59_phi, i6 45, i6 %data_45_val60_phi, i6 46, i6 %data_46_val61_phi, i6 47, i6 %data_47_val62_phi, i6 48, i6 %data_48_val63_phi, i6 49, i6 %data_49_val64_phi, i6 50, i6 %data_50_val65_phi, i6 51, i6 %data_51_val66_phi, i6 52, i6 %data_52_val67_phi, i6 53, i6 %data_53_val68_phi, i6 0, i6 %w_index3" [firmware/nnet_utils/nnet_dense_resource.h:46]   --->   Operation 187 'sparsemux' 'a' <Predicate = true> <Delay = 3.09> <CoreInst = "BinarySparseMux_DontCare">   --->   Core 137 'BinarySparseMux_DontCare' <Latency = 0> <II = 1> <Delay = 3.09> <FuncUnit> <Opcode : 'sparsemux'> <InPorts = 2> <OutPorts = 1>
ST_3 : Operation 188 [1/2] ( I:3.25ns O:3.25ns )   --->   "%w15_load = load i6 %w15_addr" [firmware/nnet_utils/nnet_dense_resource.h:59]   --->   Operation 188 'load' 'w15_load' <Predicate = true> <Delay = 3.25> <CoreInst = "ROM_nP_BRAM">   --->   Core 102 'ROM_nP_BRAM' <Latency = 1> <II = 1> <Delay = 3.25> <Storage> <Opcode : 'load'> <Ports = 0> <Width = 28> <Depth = 54> <ROM>
ST_3 : Operation 189 [1/1] (0.00ns)   --->   "%w = trunc i28 %w15_load" [firmware/nnet_utils/nnet_dense_resource.h:59]   --->   Operation 189 'trunc' 'w' <Predicate = true> <Delay = 0.00>
ST_3 : Operation 190 [1/1] (0.00ns)   --->   "%zext_ln73 = zext i6 %a" [firmware/nnet_utils/nnet_mult.h:73->firmware/nnet_utils/nnet_dense_resource.h:59]   --->   Operation 190 'zext' 'zext_ln73' <Predicate = true> <Delay = 0.00>
ST_3 : Operation 191 [1/1] (0.00ns)   --->   "%zext_ln73_4 = zext i6 %a" [firmware/nnet_utils/nnet_mult.h:73->firmware/nnet_utils/nnet_dense_resource.h:59]   --->   Operation 191 'zext' 'zext_ln73_4' <Predicate = true> <Delay = 0.00>
ST_3 : Operation 192 [1/1] (0.00ns)   --->   "%sext_ln73 = sext i6 %w" [firmware/nnet_utils/nnet_mult.h:73->firmware/nnet_utils/nnet_dense_resource.h:59]   --->   Operation 192 'sext' 'sext_ln73' <Predicate = true> <Delay = 0.00>
ST_3 : Operation 193 [1/1] (3.36ns) (grouped into DSP with root node add_ln58)   --->   "%mul_ln73 = mul i12 %sext_ln73, i12 %zext_ln73" [firmware/nnet_utils/nnet_mult.h:73->firmware/nnet_utils/nnet_dense_resource.h:59]   --->   Operation 193 'mul' 'mul_ln73' <Predicate = true> <Delay = 3.36> <CoreInst = "DSP48">   --->   Core 116 'DSP48' <Latency = 0> <II = 1> <Delay = 7.18> <IPBlock> <Opcode : '' 'add' 'sub' 'mul' 'select'> <InPorts = 0> <OutPorts = 1> <Sync> <CReg>
ST_3 : Operation 194 [1/1] (0.00ns) (grouped into DSP with root node add_ln58)   --->   "%sext_ln58 = sext i12 %mul_ln73" [firmware/nnet_utils/nnet_dense_resource.h:58]   --->   Operation 194 'sext' 'sext_ln58' <Predicate = true> <Delay = 0.00>
ST_3 : Operation 195 [1/1] (3.82ns) (root node of the DSP)   --->   "%add_ln58 = add i18 %sext_ln58, i18 %conv_i_i2288" [firmware/nnet_utils/nnet_dense_resource.h:58]   --->   Operation 195 'add' 'add_ln58' <Predicate = true> <Delay = 3.82> <CoreInst = "DSP48">   --->   Core 116 'DSP48' <Latency = 0> <II = 1> <Delay = 7.18> <IPBlock> <Opcode : '' 'add' 'sub' 'mul' 'select'> <InPorts = 0> <OutPorts = 1> <Sync> <CReg>
ST_3 : Operation 196 [1/1] (0.00ns)   --->   "%w_11 = partselect i6 @_ssdm_op_PartSelect.i6.i28.i32.i32, i28 %w15_load, i32 6, i32 11" [firmware/nnet_utils/nnet_dense_resource.h:59]   --->   Operation 196 'partselect' 'w_11' <Predicate = true> <Delay = 0.00>
ST_3 : Operation 197 [1/1] (0.00ns)   --->   "%sext_ln73_13 = sext i6 %w_11" [firmware/nnet_utils/nnet_mult.h:73->firmware/nnet_utils/nnet_dense_resource.h:59]   --->   Operation 197 'sext' 'sext_ln73_13' <Predicate = true> <Delay = 0.00>
ST_3 : Operation 198 [1/1] (3.36ns) (grouped into DSP with root node add_ln58_13)   --->   "%mul_ln73_13 = mul i12 %sext_ln73_13, i12 %zext_ln73" [firmware/nnet_utils/nnet_mult.h:73->firmware/nnet_utils/nnet_dense_resource.h:59]   --->   Operation 198 'mul' 'mul_ln73_13' <Predicate = true> <Delay = 3.36> <CoreInst = "DSP48">   --->   Core 116 'DSP48' <Latency = 0> <II = 1> <Delay = 7.18> <IPBlock> <Opcode : '' 'add' 'sub' 'mul' 'select'> <InPorts = 0> <OutPorts = 1> <Sync> <CReg>
ST_3 : Operation 199 [1/1] (0.00ns) (grouped into DSP with root node add_ln58_13)   --->   "%sext_ln58_13 = sext i12 %mul_ln73_13" [firmware/nnet_utils/nnet_dense_resource.h:58]   --->   Operation 199 'sext' 'sext_ln58_13' <Predicate = true> <Delay = 0.00>
ST_3 : Operation 200 [1/1] (3.82ns) (root node of the DSP)   --->   "%add_ln58_13 = add i18 %sext_ln58_13, i18 %conv_i_i22_197" [firmware/nnet_utils/nnet_dense_resource.h:58]   --->   Operation 200 'add' 'add_ln58_13' <Predicate = true> <Delay = 3.82> <CoreInst = "DSP48">   --->   Core 116 'DSP48' <Latency = 0> <II = 1> <Delay = 7.18> <IPBlock> <Opcode : '' 'add' 'sub' 'mul' 'select'> <InPorts = 0> <OutPorts = 1> <Sync> <CReg>
ST_3 : Operation 201 [1/1] (0.00ns)   --->   "%w_12 = partselect i6 @_ssdm_op_PartSelect.i6.i28.i32.i32, i28 %w15_load, i32 12, i32 17" [firmware/nnet_utils/nnet_dense_resource.h:59]   --->   Operation 201 'partselect' 'w_12' <Predicate = true> <Delay = 0.00>
ST_3 : Operation 202 [1/1] (0.00ns)   --->   "%sext_ln73_14 = sext i6 %w_12" [firmware/nnet_utils/nnet_mult.h:73->firmware/nnet_utils/nnet_dense_resource.h:59]   --->   Operation 202 'sext' 'sext_ln73_14' <Predicate = true> <Delay = 0.00>
ST_3 : Operation 203 [1/1] (3.36ns) (grouped into DSP with root node add_ln58_14)   --->   "%mul_ln73_14 = mul i12 %sext_ln73_14, i12 %zext_ln73" [firmware/nnet_utils/nnet_mult.h:73->firmware/nnet_utils/nnet_dense_resource.h:59]   --->   Operation 203 'mul' 'mul_ln73_14' <Predicate = true> <Delay = 3.36> <CoreInst = "DSP48">   --->   Core 116 'DSP48' <Latency = 0> <II = 1> <Delay = 7.18> <IPBlock> <Opcode : '' 'add' 'sub' 'mul' 'select'> <InPorts = 0> <OutPorts = 1> <Sync> <CReg>
ST_3 : Operation 204 [1/1] (0.00ns) (grouped into DSP with root node add_ln58_14)   --->   "%sext_ln58_14 = sext i12 %mul_ln73_14" [firmware/nnet_utils/nnet_dense_resource.h:58]   --->   Operation 204 'sext' 'sext_ln58_14' <Predicate = true> <Delay = 0.00>
ST_3 : Operation 205 [1/1] (3.82ns) (root node of the DSP)   --->   "%add_ln58_14 = add i18 %sext_ln58_14, i18 %conv_i_i22_2106" [firmware/nnet_utils/nnet_dense_resource.h:58]   --->   Operation 205 'add' 'add_ln58_14' <Predicate = true> <Delay = 3.82> <CoreInst = "DSP48">   --->   Core 116 'DSP48' <Latency = 0> <II = 1> <Delay = 7.18> <IPBlock> <Opcode : '' 'add' 'sub' 'mul' 'select'> <InPorts = 0> <OutPorts = 1> <Sync> <CReg>
ST_3 : Operation 206 [1/1] (0.00ns)   --->   "%w_13 = partselect i6 @_ssdm_op_PartSelect.i6.i28.i32.i32, i28 %w15_load, i32 18, i32 23" [firmware/nnet_utils/nnet_dense_resource.h:59]   --->   Operation 206 'partselect' 'w_13' <Predicate = true> <Delay = 0.00>
ST_3 : Operation 207 [1/1] (0.00ns)   --->   "%sext_ln73_15 = sext i6 %w_13" [firmware/nnet_utils/nnet_mult.h:73->firmware/nnet_utils/nnet_dense_resource.h:59]   --->   Operation 207 'sext' 'sext_ln73_15' <Predicate = true> <Delay = 0.00>
ST_3 : Operation 208 [1/1] (3.36ns) (grouped into DSP with root node add_ln58_15)   --->   "%mul_ln73_15 = mul i12 %sext_ln73_15, i12 %zext_ln73" [firmware/nnet_utils/nnet_mult.h:73->firmware/nnet_utils/nnet_dense_resource.h:59]   --->   Operation 208 'mul' 'mul_ln73_15' <Predicate = true> <Delay = 3.36> <CoreInst = "DSP48">   --->   Core 116 'DSP48' <Latency = 0> <II = 1> <Delay = 7.18> <IPBlock> <Opcode : '' 'add' 'sub' 'mul' 'select'> <InPorts = 0> <OutPorts = 1> <Sync> <CReg>
ST_3 : Operation 209 [1/1] (0.00ns) (grouped into DSP with root node add_ln58_15)   --->   "%sext_ln58_15 = sext i12 %mul_ln73_15" [firmware/nnet_utils/nnet_dense_resource.h:58]   --->   Operation 209 'sext' 'sext_ln58_15' <Predicate = true> <Delay = 0.00>
ST_3 : Operation 210 [1/1] (3.82ns) (root node of the DSP)   --->   "%add_ln58_15 = add i18 %sext_ln58_15, i18 %conv_i_i22_3115" [firmware/nnet_utils/nnet_dense_resource.h:58]   --->   Operation 210 'add' 'add_ln58_15' <Predicate = true> <Delay = 3.82> <CoreInst = "DSP48">   --->   Core 116 'DSP48' <Latency = 0> <II = 1> <Delay = 7.18> <IPBlock> <Opcode : '' 'add' 'sub' 'mul' 'select'> <InPorts = 0> <OutPorts = 1> <Sync> <CReg>
ST_3 : Operation 211 [1/1] (0.00ns)   --->   "%tmp = partselect i4 @_ssdm_op_PartSelect.i4.i28.i32.i32, i28 %w15_load, i32 24, i32 27" [firmware/nnet_utils/nnet_dense_resource.h:59]   --->   Operation 211 'partselect' 'tmp' <Predicate = true> <Delay = 0.00>
ST_3 : Operation 212 [1/1] (0.00ns)   --->   "%sext_ln73_16 = sext i4 %tmp" [firmware/nnet_utils/nnet_mult.h:73->firmware/nnet_utils/nnet_dense_resource.h:59]   --->   Operation 212 'sext' 'sext_ln73_16' <Predicate = true> <Delay = 0.00>
ST_3 : Operation 213 [1/1] (3.36ns) (grouped into DSP with root node add_ln58_16)   --->   "%mul_ln73_16 = mul i10 %zext_ln73_4, i10 %sext_ln73_16" [firmware/nnet_utils/nnet_mult.h:73->firmware/nnet_utils/nnet_dense_resource.h:59]   --->   Operation 213 'mul' 'mul_ln73_16' <Predicate = true> <Delay = 3.36> <CoreInst = "DSP48">   --->   Core 116 'DSP48' <Latency = 0> <II = 1> <Delay = 7.18> <IPBlock> <Opcode : '' 'add' 'sub' 'mul' 'select'> <InPorts = 0> <OutPorts = 1> <Sync> <CReg>
ST_3 : Operation 214 [1/1] (0.00ns) (grouped into DSP with root node add_ln58_16)   --->   "%sext_ln58_16 = sext i10 %mul_ln73_16" [firmware/nnet_utils/nnet_dense_resource.h:58]   --->   Operation 214 'sext' 'sext_ln58_16' <Predicate = true> <Delay = 0.00>
ST_3 : Operation 215 [1/1] (3.82ns) (root node of the DSP)   --->   "%add_ln58_16 = add i16 %sext_ln58_16, i16 %conv_i_i22_4124" [firmware/nnet_utils/nnet_dense_resource.h:58]   --->   Operation 215 'add' 'add_ln58_16' <Predicate = true> <Delay = 3.82> <CoreInst = "DSP48">   --->   Core 116 'DSP48' <Latency = 0> <II = 1> <Delay = 7.18> <IPBlock> <Opcode : '' 'add' 'sub' 'mul' 'select'> <InPorts = 0> <OutPorts = 1> <Sync> <CReg>
ST_3 : Operation 216 [1/1] (0.00ns)   --->   "%sext_ln46 = sext i18 %add_ln58" [firmware/nnet_utils/nnet_dense_resource.h:46]   --->   Operation 216 'sext' 'sext_ln46' <Predicate = true> <Delay = 0.00>
ST_3 : Operation 217 [1/1] (0.00ns)   --->   "%sext_ln46_4 = sext i18 %add_ln58_13" [firmware/nnet_utils/nnet_dense_resource.h:46]   --->   Operation 217 'sext' 'sext_ln46_4' <Predicate = true> <Delay = 0.00>
ST_3 : Operation 218 [1/1] (0.00ns)   --->   "%sext_ln46_5 = sext i18 %add_ln58_14" [firmware/nnet_utils/nnet_dense_resource.h:46]   --->   Operation 218 'sext' 'sext_ln46_5' <Predicate = true> <Delay = 0.00>
ST_3 : Operation 219 [1/1] (0.00ns)   --->   "%sext_ln46_6 = sext i18 %add_ln58_15" [firmware/nnet_utils/nnet_dense_resource.h:46]   --->   Operation 219 'sext' 'sext_ln46_6' <Predicate = true> <Delay = 0.00>
ST_3 : Operation 220 [1/1] (0.00ns)   --->   "%sext_ln46_7 = sext i16 %add_ln58_16" [firmware/nnet_utils/nnet_dense_resource.h:46]   --->   Operation 220 'sext' 'sext_ln46_7' <Predicate = true> <Delay = 0.00>
ST_3 : Operation 221 [1/1] (0.00ns)   --->   "%mrv = insertvalue i95 <undef>, i19 %sext_ln46" [firmware/nnet_utils/nnet_dense_resource.h:84]   --->   Operation 221 'insertvalue' 'mrv' <Predicate = (icmp_ln46)> <Delay = 0.00>
ST_3 : Operation 222 [1/1] (0.00ns)   --->   "%mrv_1 = insertvalue i95 %mrv, i19 %sext_ln46_4" [firmware/nnet_utils/nnet_dense_resource.h:84]   --->   Operation 222 'insertvalue' 'mrv_1' <Predicate = (icmp_ln46)> <Delay = 0.00>
ST_3 : Operation 223 [1/1] (0.00ns)   --->   "%mrv_2 = insertvalue i95 %mrv_1, i19 %sext_ln46_5" [firmware/nnet_utils/nnet_dense_resource.h:84]   --->   Operation 223 'insertvalue' 'mrv_2' <Predicate = (icmp_ln46)> <Delay = 0.00>
ST_3 : Operation 224 [1/1] (0.00ns)   --->   "%mrv_3 = insertvalue i95 %mrv_2, i19 %sext_ln46_6" [firmware/nnet_utils/nnet_dense_resource.h:84]   --->   Operation 224 'insertvalue' 'mrv_3' <Predicate = (icmp_ln46)> <Delay = 0.00>
ST_3 : Operation 225 [1/1] (0.00ns)   --->   "%mrv_4 = insertvalue i95 %mrv_3, i19 %sext_ln46_7" [firmware/nnet_utils/nnet_dense_resource.h:84]   --->   Operation 225 'insertvalue' 'mrv_4' <Predicate = (icmp_ln46)> <Delay = 0.00>
ST_3 : Operation 226 [1/1] (0.00ns)   --->   "%return_ln84 = return void @_ssdm_op_Return, i95 %mrv_4" [firmware/nnet_utils/nnet_dense_resource.h:84]   --->   Operation 226 'return' 'return_ln84' <Predicate = (icmp_ln46)> <Delay = 0.00>


============================================================
+ Verbose Summary: Timing violations
============================================================
Target clock period: 30.000ns, clock uncertainty: 8.100ns.

 <State 1>: 1.610ns
The critical path consists of the following:
	multiplexor before 'phi' operation 1 bit ('do_init') [58]  (1.610 ns)

 <State 2>: 3.257ns
The critical path consists of the following:
	'phi' operation 6 bit ('w_index') with incoming values : ('w_index', firmware/nnet_utils/nnet_dense_resource.h:46) [118]  (0.000 ns)
	'getelementptr' operation 6 bit ('w15_addr', firmware/nnet_utils/nnet_dense_resource.h:59) [237]  (0.000 ns)
	'load' operation 28 bit ('w15_load', firmware/nnet_utils/nnet_dense_resource.h:59) on array 'w15' [238]  (3.257 ns)

 <State 3>: 11.884ns
The critical path consists of the following:
	'phi' operation 6 bit ('data_0_val15_rewind', firmware/nnet_utils/nnet_dense_resource.h:46) with incoming values : ('data_0_val_read', firmware/nnet_utils/nnet_dense_resource.h:46) [59]  (0.000 ns)
	multiplexor before 'phi' operation 6 bit ('data_0_val15_phi', firmware/nnet_utils/nnet_dense_resource.h:46) with incoming values : ('data_0_val_read', firmware/nnet_utils/nnet_dense_resource.h:46) [178]  (1.610 ns)
	'phi' operation 6 bit ('data_0_val15_phi', firmware/nnet_utils/nnet_dense_resource.h:46) with incoming values : ('data_0_val_read', firmware/nnet_utils/nnet_dense_resource.h:46) [178]  (0.000 ns)
	'sparsemux' operation 6 bit ('a', firmware/nnet_utils/nnet_dense_resource.h:46) [236]  (3.094 ns)
	'mul' operation 12 bit of DSP[245] ('mul_ln73', firmware/nnet_utils/nnet_mult.h:73->firmware/nnet_utils/nnet_dense_resource.h:59) [243]  (3.360 ns)
	'add' operation 18 bit of DSP[245] ('add_ln58', firmware/nnet_utils/nnet_dense_resource.h:58) [245]  (3.820 ns)
	'insertvalue' operation 95 bit ('mrv', firmware/nnet_utils/nnet_dense_resource.h:84) [275]  (0.000 ns)


============================================================
+ Verbose Summary: Binding
============================================================
N/A
* FSMD analyzer results:
  - Output states:
 - Input state : 
  - Chain level:
	State 1
	State 2
	State 3


============================================================
+ Verbose Summary: Datapath Resource usage 
============================================================
N/A
