

================================================================
== Vitis HLS Report for 'dense_latency_ap_uint_8_ap_fixed_20_16_5_3_0_config2_mult_s'
================================================================
* Date:           Mon Apr 28 17:32:07 2025

* Version:        2024.2 (Build 5238294 on Nov  8 2024)
* Project:        myproject_prj
* Solution:       solution1 (Vivado IP Flow Target)
* Product family: artix7
* Target device:  xc7a35t-cpg236-1


================================================================
== Performance Estimates
================================================================
+ Timing: 
    * Summary: 
    +--------+----------+-----------+------------+
    |  Clock |  Target  | Estimated | Uncertainty|
    +--------+----------+-----------+------------+
    |ap_clk  |  30.00 ns|  16.461 ns|     8.10 ns|
    +--------+----------+-----------+------------+

+ Latency: 
    * Summary: 
    +---------+---------+-----------+-----------+-----+-----+---------+
    |  Latency (cycles) |   Latency (absolute)  |  Interval | Pipeline|
    |   min   |   max   |    min    |    max    | min | max |   Type  |
    +---------+---------+-----------+-----------+-----+-----+---------+
    |        1|        1|  30.000 ns|  30.000 ns|    2|    2|      yes|
    +---------+---------+-----------+-----------+-----+-----+---------+

    + Detail: 
        * Instance: 
        N/A

        * Loop: 
        N/A

============================================================
+ Verbose Summary: Synthesis Manager
============================================================
InlineROM: 1
ExposeGlobal: 0
============================================================
+ Verbose Summary: CDFG Model
============================================================
IsTopModel: 0
ResetActiveHigh: 1
IsCombinational: 0
IsDatapathOnly: 0
HasWiredReturn: 1
HasMFsm: 2
HasVarLatency: 0
IsPipeline: 1
IsRtlPipelined: 0
IsInstanceOverlapped: 0
IsDontTouch: 0
HasImplIP: 0
IsGatedGlobalClock: 0

+ Individual pipeline summary: 
  * Pipeline-0: initiation interval (II) = 2, depth = 2


============================================================
+ Verbose Summary: Schedule
============================================================
* Number of FSM states : 2
* Pipeline : 1
  Pipeline-0 : II = 2, D = 2, States = { 1 2 }
* Dataflow Pipeline: 0

* FSM state transitions: 
1 --> 2 
2 --> 

* FSM state operations: 

State 1 <SV = 0> <Delay = 11.9>
ST_1 : Operation 3 [1/1] (0.00ns)   --->   "%a = load i8 %void_compute_output_buffer_2d_array_const_ap_shift_reg_n_chan_stream_weig_9"   --->   Operation 3 'load' 'a' <Predicate = true> <Delay = 0.00>
ST_1 : Operation 4 [1/1] (0.00ns)   --->   "%zext_ln73 = zext i8 %a" [firmware/nnet_utils/nnet_mult.h:73->firmware/nnet_utils/nnet_dense_latency.h:42]   --->   Operation 4 'zext' 'zext_ln73' <Predicate = true> <Delay = 0.00>
ST_1 : Operation 5 [1/1] (0.00ns)   --->   "%tmp = bitconcatenate i10 @_ssdm_op_BitConcatenate.i10.i8.i2, i8 %a, i2 0" [firmware/nnet_utils/nnet_mult.h:73->firmware/nnet_utils/nnet_dense_latency.h:42]   --->   Operation 5 'bitconcatenate' 'tmp' <Predicate = true> <Delay = 0.00>
ST_1 : Operation 6 [1/1] (0.00ns)   --->   "%zext_ln73_1 = zext i10 %tmp" [firmware/nnet_utils/nnet_mult.h:73->firmware/nnet_utils/nnet_dense_latency.h:42]   --->   Operation 6 'zext' 'zext_ln73_1' <Predicate = true> <Delay = 0.00>
ST_1 : Operation 7 [1/1] (2.12ns)   --->   "%sub_ln73_6 = sub i11 %zext_ln73, i11 %zext_ln73_1" [firmware/nnet_utils/nnet_mult.h:73->firmware/nnet_utils/nnet_dense_latency.h:42]   --->   Operation 7 'sub' 'sub_ln73_6' <Predicate = true> <Delay = 2.12> <CoreInst = "Adder">   --->   Core 1 'Adder' <Latency = 0> <II = 1> <Delay = 2.12> <FuncUnit> <Opcode : 'add' 'sub'> <InPorts = 2> <OutPorts = 1>
ST_1 : Operation 8 [1/1] (0.00ns)   --->   "%sext_ln73 = sext i11 %sub_ln73_6" [firmware/nnet_utils/nnet_mult.h:73->firmware/nnet_utils/nnet_dense_latency.h:42]   --->   Operation 8 'sext' 'sext_ln73' <Predicate = true> <Delay = 0.00>
ST_1 : Operation 9 [1/1] (0.00ns)   --->   "%tmp_128 = bitconcatenate i9 @_ssdm_op_BitConcatenate.i9.i8.i1, i8 %a, i1 0" [firmware/nnet_utils/nnet_mult.h:73->firmware/nnet_utils/nnet_dense_latency.h:42]   --->   Operation 9 'bitconcatenate' 'tmp_128' <Predicate = true> <Delay = 0.00>
ST_1 : Operation 10 [1/1] (0.00ns)   --->   "%zext_ln73_4 = zext i9 %tmp_128" [firmware/nnet_utils/nnet_mult.h:73->firmware/nnet_utils/nnet_dense_latency.h:42]   --->   Operation 10 'zext' 'zext_ln73_4' <Predicate = true> <Delay = 0.00>
ST_1 : Operation 11 [1/1] (2.11ns)   --->   "%sub_ln73_7 = sub i10 0, i10 %zext_ln73_4" [firmware/nnet_utils/nnet_mult.h:73->firmware/nnet_utils/nnet_dense_latency.h:42]   --->   Operation 11 'sub' 'sub_ln73_7' <Predicate = true> <Delay = 2.11> <CoreInst = "Adder">   --->   Core 1 'Adder' <Latency = 0> <II = 1> <Delay = 2.11> <FuncUnit> <Opcode : 'add' 'sub'> <InPorts = 2> <OutPorts = 1>
ST_1 : Operation 12 [1/1] (0.00ns)   --->   "%mul_ln73_1_cast_i = sext i10 %sub_ln73_7" [firmware/nnet_utils/nnet_mult.h:73->firmware/nnet_utils/nnet_dense_latency.h:42]   --->   Operation 12 'sext' 'mul_ln73_1_cast_i' <Predicate = true> <Delay = 0.00>
ST_1 : Operation 13 [1/1] (0.00ns)   --->   "%a_1 = load i8 %void_compute_output_buffer_2d_array_const_ap_shift_reg_n_chan_stream_weig_8"   --->   Operation 13 'load' 'a_1' <Predicate = true> <Delay = 0.00>
ST_1 : Operation 14 [1/1] (0.00ns)   --->   "%zext_ln73_2 = zext i8 %a_1" [firmware/nnet_utils/nnet_mult.h:73->firmware/nnet_utils/nnet_dense_latency.h:42]   --->   Operation 14 'zext' 'zext_ln73_2' <Predicate = true> <Delay = 0.00>
ST_1 : Operation 15 [1/1] (0.00ns)   --->   "%zext_ln73_3 = zext i8 %a_1" [firmware/nnet_utils/nnet_mult.h:73->firmware/nnet_utils/nnet_dense_latency.h:42]   --->   Operation 15 'zext' 'zext_ln73_3' <Predicate = true> <Delay = 0.00>
ST_1 : Operation 16 [1/1] (0.00ns)   --->   "%tmp_129 = bitconcatenate i10 @_ssdm_op_BitConcatenate.i10.i8.i2, i8 %a_1, i2 0" [firmware/nnet_utils/nnet_mult.h:73->firmware/nnet_utils/nnet_dense_latency.h:42]   --->   Operation 16 'bitconcatenate' 'tmp_129' <Predicate = true> <Delay = 0.00>
ST_1 : Operation 17 [1/1] (0.00ns)   --->   "%zext_ln73_5 = zext i10 %tmp_129" [firmware/nnet_utils/nnet_mult.h:73->firmware/nnet_utils/nnet_dense_latency.h:42]   --->   Operation 17 'zext' 'zext_ln73_5' <Predicate = true> <Delay = 0.00>
ST_1 : Operation 18 [1/1] (2.12ns)   --->   "%add_ln73 = add i11 %zext_ln73_5, i11 %zext_ln73_3" [firmware/nnet_utils/nnet_mult.h:73->firmware/nnet_utils/nnet_dense_latency.h:42]   --->   Operation 18 'add' 'add_ln73' <Predicate = true> <Delay = 2.12> <CoreInst = "Adder">   --->   Core 1 'Adder' <Latency = 0> <II = 1> <Delay = 2.12> <FuncUnit> <Opcode : 'add' 'sub'> <InPorts = 2> <OutPorts = 1>
ST_1 : Operation 19 [1/1] (2.11ns)   --->   "%sub_ln73 = sub i9 0, i9 %zext_ln73_2" [firmware/nnet_utils/nnet_mult.h:73->firmware/nnet_utils/nnet_dense_latency.h:42]   --->   Operation 19 'sub' 'sub_ln73' <Predicate = true> <Delay = 2.11> <CoreInst = "Adder">   --->   Core 1 'Adder' <Latency = 0> <II = 1> <Delay = 2.11> <FuncUnit> <Opcode : 'add' 'sub'> <InPorts = 2> <OutPorts = 1>
ST_1 : Operation 20 [1/1] (0.00ns)   --->   "%sub_ln73_cast_i = sext i9 %sub_ln73" [firmware/nnet_utils/nnet_mult.h:73->firmware/nnet_utils/nnet_dense_latency.h:42]   --->   Operation 20 'sext' 'sub_ln73_cast_i' <Predicate = true> <Delay = 0.00>
ST_1 : Operation 21 [1/1] (0.00ns)   --->   "%a_2 = load i8 %void_compute_output_buffer_2d_array_const_ap_shift_reg_n_chan_stream_weig_7"   --->   Operation 21 'load' 'a_2' <Predicate = true> <Delay = 0.00>
ST_1 : Operation 22 [1/1] (0.00ns)   --->   "%tmp_130 = bitconcatenate i10 @_ssdm_op_BitConcatenate.i10.i8.i2, i8 %a_2, i2 0" [firmware/nnet_utils/nnet_mult.h:73->firmware/nnet_utils/nnet_dense_latency.h:42]   --->   Operation 22 'bitconcatenate' 'tmp_130' <Predicate = true> <Delay = 0.00>
ST_1 : Operation 23 [1/1] (0.00ns)   --->   "%zext_ln73_7 = zext i10 %tmp_130" [firmware/nnet_utils/nnet_mult.h:73->firmware/nnet_utils/nnet_dense_latency.h:42]   --->   Operation 23 'zext' 'zext_ln73_7' <Predicate = true> <Delay = 0.00>
ST_1 : Operation 24 [1/1] (2.12ns)   --->   "%sub_ln73_8 = sub i11 0, i11 %zext_ln73_7" [firmware/nnet_utils/nnet_mult.h:73->firmware/nnet_utils/nnet_dense_latency.h:42]   --->   Operation 24 'sub' 'sub_ln73_8' <Predicate = true> <Delay = 2.12> <CoreInst = "Adder">   --->   Core 1 'Adder' <Latency = 0> <II = 1> <Delay = 2.12> <FuncUnit> <Opcode : 'add' 'sub'> <InPorts = 2> <OutPorts = 1>
ST_1 : Operation 25 [1/1] (0.00ns)   --->   "%sext_ln73_1 = sext i11 %sub_ln73_8" [firmware/nnet_utils/nnet_mult.h:73->firmware/nnet_utils/nnet_dense_latency.h:42]   --->   Operation 25 'sext' 'sext_ln73_1' <Predicate = true> <Delay = 0.00>
ST_1 : Operation 26 [1/1] (0.00ns)   --->   "%tmp_131 = bitconcatenate i11 @_ssdm_op_BitConcatenate.i11.i8.i3, i8 %a_2, i3 0" [firmware/nnet_utils/nnet_mult.h:73->firmware/nnet_utils/nnet_dense_latency.h:42]   --->   Operation 26 'bitconcatenate' 'tmp_131' <Predicate = true> <Delay = 0.00>
ST_1 : Operation 27 [1/1] (0.00ns)   --->   "%zext_ln73_16 = zext i11 %tmp_131" [firmware/nnet_utils/nnet_mult.h:73->firmware/nnet_utils/nnet_dense_latency.h:42]   --->   Operation 27 'zext' 'zext_ln73_16' <Predicate = true> <Delay = 0.00>
ST_1 : Operation 28 [1/1] (0.00ns)   --->   "%tmp_132 = bitconcatenate i9 @_ssdm_op_BitConcatenate.i9.i8.i1, i8 %a_2, i1 0" [firmware/nnet_utils/nnet_mult.h:73->firmware/nnet_utils/nnet_dense_latency.h:42]   --->   Operation 28 'bitconcatenate' 'tmp_132' <Predicate = true> <Delay = 0.00>
ST_1 : Operation 29 [1/1] (0.00ns)   --->   "%zext_ln73_17 = zext i9 %tmp_132" [firmware/nnet_utils/nnet_mult.h:73->firmware/nnet_utils/nnet_dense_latency.h:42]   --->   Operation 29 'zext' 'zext_ln73_17' <Predicate = true> <Delay = 0.00>
ST_1 : Operation 30 [1/1] (2.12ns)   --->   "%add_ln73_1 = add i12 %zext_ln73_16, i12 %zext_ln73_17" [firmware/nnet_utils/nnet_mult.h:73->firmware/nnet_utils/nnet_dense_latency.h:42]   --->   Operation 30 'add' 'add_ln73_1' <Predicate = true> <Delay = 2.12> <CoreInst = "Adder">   --->   Core 1 'Adder' <Latency = 0> <II = 1> <Delay = 2.12> <FuncUnit> <Opcode : 'add' 'sub'> <InPorts = 2> <OutPorts = 1>
ST_1 : Operation 31 [1/1] (0.00ns)   --->   "%a_3 = load i8 %void_compute_output_buffer_2d_array_const_ap_shift_reg_n_chan_stream_weig_6"   --->   Operation 31 'load' 'a_3' <Predicate = true> <Delay = 0.00>
ST_1 : Operation 32 [1/1] (0.00ns)   --->   "%zext_ln73_6 = zext i8 %a_3" [firmware/nnet_utils/nnet_mult.h:73->firmware/nnet_utils/nnet_dense_latency.h:42]   --->   Operation 32 'zext' 'zext_ln73_6' <Predicate = true> <Delay = 0.00>
ST_1 : Operation 33 [1/1] (0.00ns)   --->   "%tmp_133 = bitconcatenate i11 @_ssdm_op_BitConcatenate.i11.i8.i3, i8 %a_3, i3 0" [firmware/nnet_utils/nnet_mult.h:73->firmware/nnet_utils/nnet_dense_latency.h:42]   --->   Operation 33 'bitconcatenate' 'tmp_133' <Predicate = true> <Delay = 0.00>
ST_1 : Operation 34 [1/1] (0.00ns)   --->   "%zext_ln73_18 = zext i11 %tmp_133" [firmware/nnet_utils/nnet_mult.h:73->firmware/nnet_utils/nnet_dense_latency.h:42]   --->   Operation 34 'zext' 'zext_ln73_18' <Predicate = true> <Delay = 0.00>
ST_1 : Operation 35 [1/1] (0.00ns)   --->   "%tmp_134 = bitconcatenate i9 @_ssdm_op_BitConcatenate.i9.i8.i1, i8 %a_3, i1 0" [firmware/nnet_utils/nnet_mult.h:73->firmware/nnet_utils/nnet_dense_latency.h:42]   --->   Operation 35 'bitconcatenate' 'tmp_134' <Predicate = true> <Delay = 0.00>
ST_1 : Operation 36 [1/1] (0.00ns)   --->   "%zext_ln73_20 = zext i9 %tmp_134" [firmware/nnet_utils/nnet_mult.h:73->firmware/nnet_utils/nnet_dense_latency.h:42]   --->   Operation 36 'zext' 'zext_ln73_20' <Predicate = true> <Delay = 0.00>
ST_1 : Operation 37 [1/1] (2.12ns)   --->   "%sub_ln73_9 = sub i12 %zext_ln73_20, i12 %zext_ln73_18" [firmware/nnet_utils/nnet_mult.h:73->firmware/nnet_utils/nnet_dense_latency.h:42]   --->   Operation 37 'sub' 'sub_ln73_9' <Predicate = true> <Delay = 2.12> <CoreInst = "Adder">   --->   Core 1 'Adder' <Latency = 0> <II = 1> <Delay = 2.12> <FuncUnit> <Opcode : 'add' 'sub'> <InPorts = 2> <OutPorts = 1>
ST_1 : Operation 38 [1/1] (0.00ns)   --->   "%sext_ln73_2 = sext i12 %sub_ln73_9" [firmware/nnet_utils/nnet_mult.h:73->firmware/nnet_utils/nnet_dense_latency.h:42]   --->   Operation 38 'sext' 'sext_ln73_2' <Predicate = true> <Delay = 0.00>
ST_1 : Operation 39 [1/1] (0.00ns)   --->   "%p_shl1 = bitconcatenate i10 @_ssdm_op_BitConcatenate.i10.i8.i2, i8 %a_3, i2 0" [firmware/nnet_utils/nnet_mult.h:73->firmware/nnet_utils/nnet_dense_latency.h:42]   --->   Operation 39 'bitconcatenate' 'p_shl1' <Predicate = true> <Delay = 0.00>
ST_1 : Operation 40 [1/1] (2.12ns)   --->   "%sub_ln73_10 = sub i10 %p_shl1, i10 %zext_ln73_6" [firmware/nnet_utils/nnet_mult.h:73->firmware/nnet_utils/nnet_dense_latency.h:42]   --->   Operation 40 'sub' 'sub_ln73_10' <Predicate = true> <Delay = 2.12> <CoreInst = "Adder">   --->   Core 1 'Adder' <Latency = 0> <II = 1> <Delay = 2.12> <FuncUnit> <Opcode : 'add' 'sub'> <InPorts = 2> <OutPorts = 1>
ST_1 : Operation 41 [1/1] (0.00ns)   --->   "%a_4 = load i8 %void_compute_output_buffer_2d_array_const_ap_shift_reg_n_chan_stream_weig_5"   --->   Operation 41 'load' 'a_4' <Predicate = true> <Delay = 0.00>
ST_1 : Operation 42 [1/1] (0.00ns)   --->   "%zext_ln73_8 = zext i8 %a_4" [firmware/nnet_utils/nnet_mult.h:73->firmware/nnet_utils/nnet_dense_latency.h:42]   --->   Operation 42 'zext' 'zext_ln73_8' <Predicate = true> <Delay = 0.00>
ST_1 : Operation 43 [1/1] (0.00ns)   --->   "%zext_ln73_9 = zext i8 %a_4" [firmware/nnet_utils/nnet_mult.h:73->firmware/nnet_utils/nnet_dense_latency.h:42]   --->   Operation 43 'zext' 'zext_ln73_9' <Predicate = true> <Delay = 0.00>
ST_1 : Operation 44 [1/1] (2.11ns)   --->   "%sub_ln73_1 = sub i9 0, i9 %zext_ln73_9" [firmware/nnet_utils/nnet_mult.h:73->firmware/nnet_utils/nnet_dense_latency.h:42]   --->   Operation 44 'sub' 'sub_ln73_1' <Predicate = true> <Delay = 2.11> <CoreInst = "Adder">   --->   Core 1 'Adder' <Latency = 0> <II = 1> <Delay = 2.11> <FuncUnit> <Opcode : 'add' 'sub'> <InPorts = 2> <OutPorts = 1>
ST_1 : Operation 45 [1/1] (0.00ns)   --->   "%sext_ln73_3 = sext i9 %sub_ln73_1" [firmware/nnet_utils/nnet_mult.h:73->firmware/nnet_utils/nnet_dense_latency.h:42]   --->   Operation 45 'sext' 'sext_ln73_3' <Predicate = true> <Delay = 0.00>
ST_1 : Operation 46 [1/1] (0.00ns)   --->   "%tmp_135 = bitconcatenate i10 @_ssdm_op_BitConcatenate.i10.i8.i2, i8 %a_4, i2 0" [firmware/nnet_utils/nnet_mult.h:73->firmware/nnet_utils/nnet_dense_latency.h:42]   --->   Operation 46 'bitconcatenate' 'tmp_135' <Predicate = true> <Delay = 0.00>
ST_1 : Operation 47 [1/1] (0.00ns)   --->   "%zext_ln73_21 = zext i10 %tmp_135" [firmware/nnet_utils/nnet_mult.h:73->firmware/nnet_utils/nnet_dense_latency.h:42]   --->   Operation 47 'zext' 'zext_ln73_21' <Predicate = true> <Delay = 0.00>
ST_1 : Operation 48 [1/1] (0.00ns) (grouped into TernaryAdder)   --->   "%sub_ln73_11 = sub i11 %zext_ln73_8, i11 %zext_ln73_21" [firmware/nnet_utils/nnet_mult.h:73->firmware/nnet_utils/nnet_dense_latency.h:42]   --->   Operation 48 'sub' 'sub_ln73_11' <Predicate = true> <Delay = 0.00> <CoreInst = "TAddSub">   --->   Core 10 'TAddSub' <Latency = 0> <II = 1> <Delay = 1.99> <IPBlock> <Opcode : '' 'add' 'sub'> <InPorts = 3> <OutPorts = 1> <Sync> <CReg>
ST_1 : Operation 49 [1/1] (0.00ns)   --->   "%a_5 = load i8 %void_compute_output_buffer_2d_array_const_ap_shift_reg_n_chan_stream_weig_4"   --->   Operation 49 'load' 'a_5' <Predicate = true> <Delay = 0.00>
ST_1 : Operation 50 [1/1] (0.00ns)   --->   "%zext_ln70 = zext i8 %a_5" [firmware/nnet_utils/nnet_mult.h:70->firmware/nnet_utils/nnet_dense_latency.h:42]   --->   Operation 50 'zext' 'zext_ln70' <Predicate = true> <Delay = 0.00>
ST_1 : Operation 51 [1/1] (0.00ns)   --->   "%p_shl2 = bitconcatenate i10 @_ssdm_op_BitConcatenate.i10.i8.i2, i8 %a_5, i2 0" [firmware/nnet_utils/nnet_mult.h:73->firmware/nnet_utils/nnet_dense_latency.h:42]   --->   Operation 51 'bitconcatenate' 'p_shl2' <Predicate = true> <Delay = 0.00>
ST_1 : Operation 52 [1/1] (2.12ns)   --->   "%sub_ln73_12 = sub i10 %p_shl2, i10 %zext_ln70" [firmware/nnet_utils/nnet_mult.h:73->firmware/nnet_utils/nnet_dense_latency.h:42]   --->   Operation 52 'sub' 'sub_ln73_12' <Predicate = true> <Delay = 2.12> <CoreInst = "Adder">   --->   Core 1 'Adder' <Latency = 0> <II = 1> <Delay = 2.12> <FuncUnit> <Opcode : 'add' 'sub'> <InPorts = 2> <OutPorts = 1>
ST_1 : Operation 53 [1/1] (0.00ns)   --->   "%a_6 = load i8 %void_compute_output_buffer_2d_array_const_ap_shift_reg_n_chan_stream_weig_3"   --->   Operation 53 'load' 'a_6' <Predicate = true> <Delay = 0.00>
ST_1 : Operation 54 [1/1] (0.00ns)   --->   "%shl_ln = bitconcatenate i10 @_ssdm_op_BitConcatenate.i10.i8.i2, i8 %a_6, i2 0" [firmware/nnet_utils/nnet_mult.h:73->firmware/nnet_utils/nnet_dense_latency.h:42]   --->   Operation 54 'bitconcatenate' 'shl_ln' <Predicate = true> <Delay = 0.00>
ST_1 : Operation 55 [1/1] (0.00ns)   --->   "%zext_ln73_10 = zext i10 %shl_ln" [firmware/nnet_utils/nnet_mult.h:73->firmware/nnet_utils/nnet_dense_latency.h:42]   --->   Operation 55 'zext' 'zext_ln73_10' <Predicate = true> <Delay = 0.00>
ST_1 : Operation 56 [1/1] (0.00ns)   --->   "%shl_ln73_1 = bitconcatenate i9 @_ssdm_op_BitConcatenate.i9.i8.i1, i8 %a_6, i1 0" [firmware/nnet_utils/nnet_mult.h:73->firmware/nnet_utils/nnet_dense_latency.h:42]   --->   Operation 56 'bitconcatenate' 'shl_ln73_1' <Predicate = true> <Delay = 0.00>
ST_1 : Operation 57 [1/1] (0.00ns)   --->   "%shl_ln73_1_cast = zext i9 %shl_ln73_1" [firmware/nnet_utils/nnet_mult.h:73->firmware/nnet_utils/nnet_dense_latency.h:42]   --->   Operation 57 'zext' 'shl_ln73_1_cast' <Predicate = true> <Delay = 0.00>
ST_1 : Operation 58 [1/1] (0.00ns)   --->   "%a_7 = load i8 %void_compute_output_buffer_2d_array_const_ap_shift_reg_n_chan_stream_weig_2"   --->   Operation 58 'load' 'a_7' <Predicate = true> <Delay = 0.00>
ST_1 : Operation 59 [1/1] (0.00ns)   --->   "%zext_ln70_1 = zext i8 %a_7" [firmware/nnet_utils/nnet_mult.h:70->firmware/nnet_utils/nnet_dense_latency.h:42]   --->   Operation 59 'zext' 'zext_ln70_1' <Predicate = true> <Delay = 0.00>
ST_1 : Operation 60 [1/1] (0.00ns)   --->   "%tmp_136 = bitconcatenate i11 @_ssdm_op_BitConcatenate.i11.i8.i3, i8 %a_7, i3 0" [firmware/nnet_utils/nnet_mult.h:73->firmware/nnet_utils/nnet_dense_latency.h:42]   --->   Operation 60 'bitconcatenate' 'tmp_136' <Predicate = true> <Delay = 0.00>
ST_1 : Operation 61 [1/1] (0.00ns)   --->   "%zext_ln73_23 = zext i11 %tmp_136" [firmware/nnet_utils/nnet_mult.h:73->firmware/nnet_utils/nnet_dense_latency.h:42]   --->   Operation 61 'zext' 'zext_ln73_23' <Predicate = true> <Delay = 0.00>
ST_1 : Operation 62 [1/1] (0.00ns) (grouped into TernaryAdder)   --->   "%sub_ln73_13 = sub i13 0, i13 %zext_ln73_23" [firmware/nnet_utils/nnet_mult.h:73->firmware/nnet_utils/nnet_dense_latency.h:42]   --->   Operation 62 'sub' 'sub_ln73_13' <Predicate = true> <Delay = 0.00> <CoreInst = "TAddSub">   --->   Core 10 'TAddSub' <Latency = 0> <II = 1> <Delay = 1.99> <IPBlock> <Opcode : '' 'add' 'sub'> <InPorts = 3> <OutPorts = 1> <Sync> <CReg>
ST_1 : Operation 63 [1/1] (3.85ns) (root node of TernaryAdder)   --->   "%sub_ln73_14 = sub i13 %sub_ln73_13, i13 %zext_ln70_1" [firmware/nnet_utils/nnet_mult.h:73->firmware/nnet_utils/nnet_dense_latency.h:42]   --->   Operation 63 'sub' 'sub_ln73_14' <Predicate = true> <Delay = 3.85> <CoreInst = "TAddSub">   --->   Core 10 'TAddSub' <Latency = 0> <II = 1> <Delay = 1.99> <IPBlock> <Opcode : '' 'add' 'sub'> <InPorts = 3> <OutPorts = 1> <Sync> <CReg>
ST_1 : Operation 64 [1/1] (0.00ns)   --->   "%zext_ln58 = zext i11 %add_ln73" [firmware/nnet_utils/nnet_dense_latency.h:58]   --->   Operation 64 'zext' 'zext_ln58' <Predicate = true> <Delay = 0.00>
ST_1 : Operation 65 [1/1] (2.12ns)   --->   "%add_ln58 = add i11 %mul_ln73_1_cast_i, i11 %sub_ln73_cast_i" [firmware/nnet_utils/nnet_dense_latency.h:58]   --->   Operation 65 'add' 'add_ln58' <Predicate = true> <Delay = 2.12> <CoreInst = "Adder">   --->   Core 1 'Adder' <Latency = 0> <II = 1> <Delay = 2.12> <FuncUnit> <Opcode : 'add' 'sub'> <InPorts = 2> <OutPorts = 1>
ST_1 : Operation 66 [1/1] (0.00ns)   --->   "%sext_ln58_1 = sext i11 %add_ln58" [firmware/nnet_utils/nnet_dense_latency.h:58]   --->   Operation 66 'sext' 'sext_ln58_1' <Predicate = true> <Delay = 0.00>
ST_1 : Operation 67 [1/1] (0.00ns) (grouped into TernaryAdder)   --->   "%add_ln58_1 = add i12 %zext_ln58, i12 %sext_ln73" [firmware/nnet_utils/nnet_dense_latency.h:58]   --->   Operation 67 'add' 'add_ln58_1' <Predicate = true> <Delay = 0.00> <CoreInst = "TAddSub">   --->   Core 10 'TAddSub' <Latency = 0> <II = 1> <Delay = 1.99> <IPBlock> <Opcode : '' 'add' 'sub'> <InPorts = 3> <OutPorts = 1> <Sync> <CReg>
ST_1 : Operation 68 [1/1] (3.85ns) (root node of TernaryAdder)   --->   "%add_ln58_2 = add i12 %add_ln58_1, i12 %sext_ln73_1" [firmware/nnet_utils/nnet_dense_latency.h:58]   --->   Operation 68 'add' 'add_ln58_2' <Predicate = true> <Delay = 3.85> <CoreInst = "TAddSub">   --->   Core 10 'TAddSub' <Latency = 0> <II = 1> <Delay = 1.99> <IPBlock> <Opcode : '' 'add' 'sub'> <InPorts = 3> <OutPorts = 1> <Sync> <CReg>
ST_1 : Operation 69 [1/1] (0.00ns)   --->   "%sext_ln58_2 = sext i12 %add_ln58_2" [firmware/nnet_utils/nnet_dense_latency.h:58]   --->   Operation 69 'sext' 'sext_ln58_2' <Predicate = true> <Delay = 0.00>
ST_1 : Operation 70 [1/1] (0.00ns)   --->   "%zext_ln58_1 = zext i12 %add_ln73_1" [firmware/nnet_utils/nnet_dense_latency.h:58]   --->   Operation 70 'zext' 'zext_ln58_1' <Predicate = true> <Delay = 0.00>
ST_1 : Operation 71 [1/1] (0.00ns)   --->   "%zext_ln58_2 = zext i10 %sub_ln73_10" [firmware/nnet_utils/nnet_dense_latency.h:58]   --->   Operation 71 'zext' 'zext_ln58_2' <Predicate = true> <Delay = 0.00>
ST_1 : Operation 72 [1/1] (0.00ns)   --->   "%zext_ln58_3 = zext i10 %sub_ln73_12" [firmware/nnet_utils/nnet_dense_latency.h:58]   --->   Operation 72 'zext' 'zext_ln58_3' <Predicate = true> <Delay = 0.00>
ST_1 : Operation 73 [1/1] (0.00ns) (grouped into TernaryAdder)   --->   "%add_ln58_3 = add i13 %sext_ln58_2, i13 %sext_ln73_2" [firmware/nnet_utils/nnet_dense_latency.h:58]   --->   Operation 73 'add' 'add_ln58_3' <Predicate = true> <Delay = 0.00> <CoreInst = "TAddSub">   --->   Core 10 'TAddSub' <Latency = 0> <II = 1> <Delay = 1.99> <IPBlock> <Opcode : '' 'add' 'sub'> <InPorts = 3> <OutPorts = 1> <Sync> <CReg>
ST_1 : Operation 74 [1/1] (2.12ns)   --->   "%add_ln58_4 = add i11 %zext_ln73_10, i11 %sext_ln73_3" [firmware/nnet_utils/nnet_dense_latency.h:58]   --->   Operation 74 'add' 'add_ln58_4' <Predicate = true> <Delay = 2.12> <CoreInst = "Adder">   --->   Core 1 'Adder' <Latency = 0> <II = 1> <Delay = 2.12> <FuncUnit> <Opcode : 'add' 'sub'> <InPorts = 2> <OutPorts = 1>
ST_1 : Operation 75 [1/1] (0.00ns)   --->   "%sext_ln58_8 = sext i11 %add_ln58_4" [firmware/nnet_utils/nnet_dense_latency.h:58]   --->   Operation 75 'sext' 'sext_ln58_8' <Predicate = true> <Delay = 0.00>
ST_1 : Operation 76 [1/1] (2.12ns)   --->   "%add_ln58_5 = add i12 %sext_ln58_8, i12 %zext_ln58_3" [firmware/nnet_utils/nnet_dense_latency.h:58]   --->   Operation 76 'add' 'add_ln58_5' <Predicate = true> <Delay = 2.12> <CoreInst = "Adder">   --->   Core 1 'Adder' <Latency = 0> <II = 1> <Delay = 2.12> <FuncUnit> <Opcode : 'add' 'sub'> <InPorts = 2> <OutPorts = 1>
ST_1 : Operation 77 [1/1] (0.00ns)   --->   "%sext_ln58_9 = sext i12 %add_ln58_5" [firmware/nnet_utils/nnet_dense_latency.h:58]   --->   Operation 77 'sext' 'sext_ln58_9' <Predicate = true> <Delay = 0.00>
ST_1 : Operation 78 [1/1] (3.90ns) (root node of TernaryAdder)   --->   "%add_ln58_6 = add i13 %sext_ln58_9, i13 %add_ln58_3" [firmware/nnet_utils/nnet_dense_latency.h:58]   --->   Operation 78 'add' 'add_ln58_6' <Predicate = true> <Delay = 3.90> <CoreInst = "TAddSub">   --->   Core 10 'TAddSub' <Latency = 0> <II = 1> <Delay = 1.99> <IPBlock> <Opcode : '' 'add' 'sub'> <InPorts = 3> <OutPorts = 1> <Sync> <CReg>
ST_1 : Operation 79 [1/1] (2.13ns)   --->   "%add_ln58_19 = add i13 %zext_ln58_1, i13 %sext_ln58_1" [firmware/nnet_utils/nnet_dense_latency.h:58]   --->   Operation 79 'add' 'add_ln58_19' <Predicate = true> <Delay = 2.13> <CoreInst = "Adder">   --->   Core 1 'Adder' <Latency = 0> <II = 1> <Delay = 2.13> <FuncUnit> <Opcode : 'add' 'sub'> <InPorts = 2> <OutPorts = 1>
ST_1 : Operation 80 [1/1] (0.00ns) (grouped into TernaryAdder)   --->   "%add_ln58_20 = add i13 %add_ln58_19, i13 %sub_ln73_14" [firmware/nnet_utils/nnet_dense_latency.h:58]   --->   Operation 80 'add' 'add_ln58_20' <Predicate = true> <Delay = 0.00> <CoreInst = "TAddSub">   --->   Core 10 'TAddSub' <Latency = 0> <II = 1> <Delay = 1.99> <IPBlock> <Opcode : '' 'add' 'sub'> <InPorts = 3> <OutPorts = 1> <Sync> <CReg>
ST_1 : Operation 81 [1/1] (3.81ns) (root node of TernaryAdder)   --->   "%add_ln58_21 = add i11 %sub_ln73_11, i11 %zext_ln58_2" [firmware/nnet_utils/nnet_dense_latency.h:58]   --->   Operation 81 'add' 'add_ln58_21' <Predicate = true> <Delay = 3.81> <CoreInst = "TAddSub">   --->   Core 10 'TAddSub' <Latency = 0> <II = 1> <Delay = 1.99> <IPBlock> <Opcode : '' 'add' 'sub'> <InPorts = 3> <OutPorts = 1> <Sync> <CReg>
ST_1 : Operation 82 [1/1] (0.00ns)   --->   "%sext_ln58_18 = sext i11 %add_ln58_21" [firmware/nnet_utils/nnet_dense_latency.h:58]   --->   Operation 82 'sext' 'sext_ln58_18' <Predicate = true> <Delay = 0.00>
ST_1 : Operation 83 [1/1] (2.11ns)   --->   "%add_ln58_22 = add i10 %shl_ln73_1_cast, i10 %zext_ln70" [firmware/nnet_utils/nnet_dense_latency.h:58]   --->   Operation 83 'add' 'add_ln58_22' <Predicate = true> <Delay = 2.11> <CoreInst = "Adder">   --->   Core 1 'Adder' <Latency = 0> <II = 1> <Delay = 2.11> <FuncUnit> <Opcode : 'add' 'sub'> <InPorts = 2> <OutPorts = 1>
ST_1 : Operation 84 [1/1] (0.00ns)   --->   "%zext_ln58_14 = zext i10 %add_ln58_22" [firmware/nnet_utils/nnet_dense_latency.h:58]   --->   Operation 84 'zext' 'zext_ln58_14' <Predicate = true> <Delay = 0.00>
ST_1 : Operation 85 [1/1] (2.12ns)   --->   "%add_ln58_23 = add i12 %zext_ln58_14, i12 %sext_ln58_18" [firmware/nnet_utils/nnet_dense_latency.h:58]   --->   Operation 85 'add' 'add_ln58_23' <Predicate = true> <Delay = 2.12> <CoreInst = "Adder">   --->   Core 1 'Adder' <Latency = 0> <II = 1> <Delay = 2.12> <FuncUnit> <Opcode : 'add' 'sub'> <InPorts = 2> <OutPorts = 1>
ST_1 : Operation 86 [1/1] (0.00ns)   --->   "%sext_ln58_19 = sext i12 %add_ln58_23" [firmware/nnet_utils/nnet_dense_latency.h:58]   --->   Operation 86 'sext' 'sext_ln58_19' <Predicate = true> <Delay = 0.00>
ST_1 : Operation 87 [1/1] (3.90ns) (root node of TernaryAdder)   --->   "%add_ln58_24 = add i13 %sext_ln58_19, i13 %add_ln58_20" [firmware/nnet_utils/nnet_dense_latency.h:58]   --->   Operation 87 'add' 'add_ln58_24' <Predicate = true> <Delay = 3.90> <CoreInst = "TAddSub">   --->   Core 10 'TAddSub' <Latency = 0> <II = 1> <Delay = 1.99> <IPBlock> <Opcode : '' 'add' 'sub'> <InPorts = 3> <OutPorts = 1> <Sync> <CReg>

State 2 <SV = 1> <Delay = 16.4>
ST_2 : Operation 88 [1/1] (0.00ns)   --->   "%specpipeline_ln13 = specpipeline void @_ssdm_op_SpecPipeline, i32 128, i32 0, i32 0, i32 0, void @empty_0" [firmware/nnet_utils/nnet_dense_latency.h:13]   --->   Operation 88 'specpipeline' 'specpipeline_ln13' <Predicate = true> <Delay = 0.00>
ST_2 : Operation 89 [1/1] (0.00ns)   --->   "%specresourcelimit_ln33 = specresourcelimit void @_ssdm_op_SpecResourceLimit, i64 1, void @empty_2, void @empty_0, void @empty_0, void @empty_0" [firmware/nnet_utils/nnet_dense_latency.h:33]   --->   Operation 89 'specresourcelimit' 'specresourcelimit_ln33' <Predicate = true> <Delay = 0.00>
ST_2 : Operation 90 [1/1] (0.00ns)   --->   "%a_8 = load i8 %void_compute_output_buffer_2d_array_const_ap_shift_reg_n_chan_stream_weig_1"   --->   Operation 90 'load' 'a_8' <Predicate = true> <Delay = 0.00>
ST_2 : Operation 91 [1/1] (0.00ns)   --->   "%zext_ln73_11 = zext i8 %a_8" [firmware/nnet_utils/nnet_mult.h:73->firmware/nnet_utils/nnet_dense_latency.h:42]   --->   Operation 91 'zext' 'zext_ln73_11' <Predicate = true> <Delay = 0.00>
ST_2 : Operation 92 [1/1] (0.00ns)   --->   "%tmp_137 = bitconcatenate i10 @_ssdm_op_BitConcatenate.i10.i8.i2, i8 %a_8, i2 0" [firmware/nnet_utils/nnet_mult.h:73->firmware/nnet_utils/nnet_dense_latency.h:42]   --->   Operation 92 'bitconcatenate' 'tmp_137' <Predicate = true> <Delay = 0.00>
ST_2 : Operation 93 [1/1] (0.00ns)   --->   "%zext_ln73_28 = zext i10 %tmp_137" [firmware/nnet_utils/nnet_mult.h:73->firmware/nnet_utils/nnet_dense_latency.h:42]   --->   Operation 93 'zext' 'zext_ln73_28' <Predicate = true> <Delay = 0.00>
ST_2 : Operation 94 [1/1] (2.12ns)   --->   "%add_ln73_2 = add i11 %zext_ln73_28, i11 %zext_ln73_11" [firmware/nnet_utils/nnet_mult.h:73->firmware/nnet_utils/nnet_dense_latency.h:42]   --->   Operation 94 'add' 'add_ln73_2' <Predicate = true> <Delay = 2.12> <CoreInst = "Adder">   --->   Core 1 'Adder' <Latency = 0> <II = 1> <Delay = 2.12> <FuncUnit> <Opcode : 'add' 'sub'> <InPorts = 2> <OutPorts = 1>
ST_2 : Operation 95 [1/1] (0.00ns)   --->   "%p_shl3 = bitconcatenate i11 @_ssdm_op_BitConcatenate.i11.i8.i3, i8 %a_8, i3 0" [firmware/nnet_utils/nnet_mult.h:73->firmware/nnet_utils/nnet_dense_latency.h:42]   --->   Operation 95 'bitconcatenate' 'p_shl3' <Predicate = true> <Delay = 0.00>
ST_2 : Operation 96 [1/1] (0.00ns)   --->   "%tmp_138 = bitconcatenate i9 @_ssdm_op_BitConcatenate.i9.i8.i1, i8 %a_8, i1 0" [firmware/nnet_utils/nnet_mult.h:73->firmware/nnet_utils/nnet_dense_latency.h:42]   --->   Operation 96 'bitconcatenate' 'tmp_138' <Predicate = true> <Delay = 0.00>
ST_2 : Operation 97 [1/1] (0.00ns)   --->   "%zext_ln73_32 = zext i9 %tmp_138" [firmware/nnet_utils/nnet_mult.h:73->firmware/nnet_utils/nnet_dense_latency.h:42]   --->   Operation 97 'zext' 'zext_ln73_32' <Predicate = true> <Delay = 0.00>
ST_2 : Operation 98 [1/1] (2.12ns)   --->   "%sub_ln73_15 = sub i11 %p_shl3, i11 %zext_ln73_32" [firmware/nnet_utils/nnet_mult.h:73->firmware/nnet_utils/nnet_dense_latency.h:42]   --->   Operation 98 'sub' 'sub_ln73_15' <Predicate = true> <Delay = 2.12> <CoreInst = "Adder">   --->   Core 1 'Adder' <Latency = 0> <II = 1> <Delay = 2.12> <FuncUnit> <Opcode : 'add' 'sub'> <InPorts = 2> <OutPorts = 1>
ST_2 : Operation 99 [1/1] (0.00ns)   --->   "%a_9 = load i8 %void_compute_output_buffer_2d_array_const_ap_shift_reg_n_chan_stream_weig"   --->   Operation 99 'load' 'a_9' <Predicate = true> <Delay = 0.00>
ST_2 : Operation 100 [1/1] (0.00ns)   --->   "%zext_ln70_2 = zext i8 %a_9" [firmware/nnet_utils/nnet_mult.h:70->firmware/nnet_utils/nnet_dense_latency.h:42]   --->   Operation 100 'zext' 'zext_ln70_2' <Predicate = true> <Delay = 0.00>
ST_2 : Operation 101 [1/1] (0.00ns)   --->   "%p_shl4 = bitconcatenate i10 @_ssdm_op_BitConcatenate.i10.i8.i2, i8 %a_9, i2 0" [firmware/nnet_utils/nnet_mult.h:73->firmware/nnet_utils/nnet_dense_latency.h:42]   --->   Operation 101 'bitconcatenate' 'p_shl4' <Predicate = true> <Delay = 0.00>
ST_2 : Operation 102 [1/1] (2.12ns)   --->   "%sub_ln73_16 = sub i10 %p_shl4, i10 %zext_ln70_2" [firmware/nnet_utils/nnet_mult.h:73->firmware/nnet_utils/nnet_dense_latency.h:42]   --->   Operation 102 'sub' 'sub_ln73_16' <Predicate = true> <Delay = 2.12> <CoreInst = "Adder">   --->   Core 1 'Adder' <Latency = 0> <II = 1> <Delay = 2.12> <FuncUnit> <Opcode : 'add' 'sub'> <InPorts = 2> <OutPorts = 1>
ST_2 : Operation 103 [1/1] (0.00ns)   --->   "%a_10 = load i8 %p_ZZN4nnet24compute_output_buffer_2dINS_5arrayI7ap_uintILi8EELj1EEENS1_I8ap_fixed_14"   --->   Operation 103 'load' 'a_10' <Predicate = true> <Delay = 0.00>
ST_2 : Operation 104 [1/1] (0.00ns)   --->   "%zext_ln73_12 = zext i8 %a_10" [firmware/nnet_utils/nnet_mult.h:73->firmware/nnet_utils/nnet_dense_latency.h:42]   --->   Operation 104 'zext' 'zext_ln73_12' <Predicate = true> <Delay = 0.00>
ST_2 : Operation 105 [1/1] (0.00ns)   --->   "%zext_ln73_13 = zext i8 %a_10" [firmware/nnet_utils/nnet_mult.h:73->firmware/nnet_utils/nnet_dense_latency.h:42]   --->   Operation 105 'zext' 'zext_ln73_13' <Predicate = true> <Delay = 0.00>
ST_2 : Operation 106 [1/1] (0.00ns)   --->   "%tmp_139 = bitconcatenate i10 @_ssdm_op_BitConcatenate.i10.i8.i2, i8 %a_10, i2 0" [firmware/nnet_utils/nnet_mult.h:73->firmware/nnet_utils/nnet_dense_latency.h:42]   --->   Operation 106 'bitconcatenate' 'tmp_139' <Predicate = true> <Delay = 0.00>
ST_2 : Operation 107 [1/1] (0.00ns)   --->   "%zext_ln73_33 = zext i10 %tmp_139" [firmware/nnet_utils/nnet_mult.h:73->firmware/nnet_utils/nnet_dense_latency.h:42]   --->   Operation 107 'zext' 'zext_ln73_33' <Predicate = true> <Delay = 0.00>
ST_2 : Operation 108 [1/1] (2.12ns)   --->   "%add_ln73_3 = add i11 %zext_ln73_33, i11 %zext_ln73_13" [firmware/nnet_utils/nnet_mult.h:73->firmware/nnet_utils/nnet_dense_latency.h:42]   --->   Operation 108 'add' 'add_ln73_3' <Predicate = true> <Delay = 2.12> <CoreInst = "Adder">   --->   Core 1 'Adder' <Latency = 0> <II = 1> <Delay = 2.12> <FuncUnit> <Opcode : 'add' 'sub'> <InPorts = 2> <OutPorts = 1>
ST_2 : Operation 109 [1/1] (2.11ns)   --->   "%sub_ln73_2 = sub i9 0, i9 %zext_ln73_12" [firmware/nnet_utils/nnet_mult.h:73->firmware/nnet_utils/nnet_dense_latency.h:42]   --->   Operation 109 'sub' 'sub_ln73_2' <Predicate = true> <Delay = 2.11> <CoreInst = "Adder">   --->   Core 1 'Adder' <Latency = 0> <II = 1> <Delay = 2.11> <FuncUnit> <Opcode : 'add' 'sub'> <InPorts = 2> <OutPorts = 1>
ST_2 : Operation 110 [1/1] (0.00ns)   --->   "%sub_ln73_2_cast = sext i9 %sub_ln73_2" [firmware/nnet_utils/nnet_mult.h:73->firmware/nnet_utils/nnet_dense_latency.h:42]   --->   Operation 110 'sext' 'sub_ln73_2_cast' <Predicate = true> <Delay = 0.00>
ST_2 : Operation 111 [1/1] (0.00ns)   --->   "%a_11 = load i8 %p_ZZN4nnet24compute_output_buffer_2dINS_5arrayI7ap_uintILi8EELj1EEENS1_I8ap_fixed_13"   --->   Operation 111 'load' 'a_11' <Predicate = true> <Delay = 0.00>
ST_2 : Operation 112 [1/1] (0.00ns)   --->   "%zext_ln73_14 = zext i8 %a_11" [firmware/nnet_utils/nnet_mult.h:73->firmware/nnet_utils/nnet_dense_latency.h:42]   --->   Operation 112 'zext' 'zext_ln73_14' <Predicate = true> <Delay = 0.00>
ST_2 : Operation 113 [1/1] (0.00ns)   --->   "%zext_ln73_15 = zext i8 %a_11" [firmware/nnet_utils/nnet_mult.h:73->firmware/nnet_utils/nnet_dense_latency.h:42]   --->   Operation 113 'zext' 'zext_ln73_15' <Predicate = true> <Delay = 0.00>
ST_2 : Operation 114 [1/1] (0.00ns)   --->   "%tmp_140 = bitconcatenate i10 @_ssdm_op_BitConcatenate.i10.i8.i2, i8 %a_11, i2 0" [firmware/nnet_utils/nnet_mult.h:73->firmware/nnet_utils/nnet_dense_latency.h:42]   --->   Operation 114 'bitconcatenate' 'tmp_140' <Predicate = true> <Delay = 0.00>
ST_2 : Operation 115 [1/1] (0.00ns)   --->   "%zext_ln73_34 = zext i10 %tmp_140" [firmware/nnet_utils/nnet_mult.h:73->firmware/nnet_utils/nnet_dense_latency.h:42]   --->   Operation 115 'zext' 'zext_ln73_34' <Predicate = true> <Delay = 0.00>
ST_2 : Operation 116 [1/1] (2.12ns)   --->   "%sub_ln73_17 = sub i11 %zext_ln73_15, i11 %zext_ln73_34" [firmware/nnet_utils/nnet_mult.h:73->firmware/nnet_utils/nnet_dense_latency.h:42]   --->   Operation 116 'sub' 'sub_ln73_17' <Predicate = true> <Delay = 2.12> <CoreInst = "Adder">   --->   Core 1 'Adder' <Latency = 0> <II = 1> <Delay = 2.12> <FuncUnit> <Opcode : 'add' 'sub'> <InPorts = 2> <OutPorts = 1>
ST_2 : Operation 117 [1/1] (0.00ns)   --->   "%sext_ln73_4 = sext i11 %sub_ln73_17" [firmware/nnet_utils/nnet_mult.h:73->firmware/nnet_utils/nnet_dense_latency.h:42]   --->   Operation 117 'sext' 'sext_ln73_4' <Predicate = true> <Delay = 0.00>
ST_2 : Operation 118 [1/1] (0.00ns)   --->   "%tmp_141 = bitconcatenate i11 @_ssdm_op_BitConcatenate.i11.i8.i3, i8 %a_11, i3 0" [firmware/nnet_utils/nnet_mult.h:73->firmware/nnet_utils/nnet_dense_latency.h:42]   --->   Operation 118 'bitconcatenate' 'tmp_141' <Predicate = true> <Delay = 0.00>
ST_2 : Operation 119 [1/1] (0.00ns)   --->   "%zext_ln73_35 = zext i11 %tmp_141" [firmware/nnet_utils/nnet_mult.h:73->firmware/nnet_utils/nnet_dense_latency.h:42]   --->   Operation 119 'zext' 'zext_ln73_35' <Predicate = true> <Delay = 0.00>
ST_2 : Operation 120 [1/1] (2.12ns)   --->   "%sub_ln73_18 = sub i12 %zext_ln73_14, i12 %zext_ln73_35" [firmware/nnet_utils/nnet_mult.h:73->firmware/nnet_utils/nnet_dense_latency.h:42]   --->   Operation 120 'sub' 'sub_ln73_18' <Predicate = true> <Delay = 2.12> <CoreInst = "Adder">   --->   Core 1 'Adder' <Latency = 0> <II = 1> <Delay = 2.12> <FuncUnit> <Opcode : 'add' 'sub'> <InPorts = 2> <OutPorts = 1>
ST_2 : Operation 121 [1/1] (0.00ns)   --->   "%mul_ln73_15_cast_i = sext i12 %sub_ln73_18" [firmware/nnet_utils/nnet_mult.h:73->firmware/nnet_utils/nnet_dense_latency.h:42]   --->   Operation 121 'sext' 'mul_ln73_15_cast_i' <Predicate = true> <Delay = 0.00>
ST_2 : Operation 122 [1/1] (0.00ns)   --->   "%a_12 = load i8 %p_ZZN4nnet24compute_output_buffer_2dINS_5arrayI7ap_uintILi8EELj1EEENS1_I8ap_fixed_12"   --->   Operation 122 'load' 'a_12' <Predicate = true> <Delay = 0.00>
ST_2 : Operation 123 [1/1] (0.00ns)   --->   "%tmp_142 = bitconcatenate i10 @_ssdm_op_BitConcatenate.i10.i8.i2, i8 %a_12, i2 0" [firmware/nnet_utils/nnet_mult.h:73->firmware/nnet_utils/nnet_dense_latency.h:42]   --->   Operation 123 'bitconcatenate' 'tmp_142' <Predicate = true> <Delay = 0.00>
ST_2 : Operation 124 [1/1] (0.00ns)   --->   "%zext_ln73_36 = zext i10 %tmp_142" [firmware/nnet_utils/nnet_mult.h:73->firmware/nnet_utils/nnet_dense_latency.h:42]   --->   Operation 124 'zext' 'zext_ln73_36' <Predicate = true> <Delay = 0.00>
ST_2 : Operation 125 [1/1] (2.12ns)   --->   "%sub_ln73_19 = sub i11 0, i11 %zext_ln73_36" [firmware/nnet_utils/nnet_mult.h:73->firmware/nnet_utils/nnet_dense_latency.h:42]   --->   Operation 125 'sub' 'sub_ln73_19' <Predicate = true> <Delay = 2.12> <CoreInst = "Adder">   --->   Core 1 'Adder' <Latency = 0> <II = 1> <Delay = 2.12> <FuncUnit> <Opcode : 'add' 'sub'> <InPorts = 2> <OutPorts = 1>
ST_2 : Operation 126 [1/1] (0.00ns)   --->   "%sext_ln73_5 = sext i11 %sub_ln73_19" [firmware/nnet_utils/nnet_mult.h:73->firmware/nnet_utils/nnet_dense_latency.h:42]   --->   Operation 126 'sext' 'sext_ln73_5' <Predicate = true> <Delay = 0.00>
ST_2 : Operation 127 [1/1] (0.00ns)   --->   "%tmp_143 = bitconcatenate i11 @_ssdm_op_BitConcatenate.i11.i8.i3, i8 %a_12, i3 0" [firmware/nnet_utils/nnet_mult.h:73->firmware/nnet_utils/nnet_dense_latency.h:42]   --->   Operation 127 'bitconcatenate' 'tmp_143' <Predicate = true> <Delay = 0.00>
ST_2 : Operation 128 [1/1] (0.00ns)   --->   "%zext_ln73_37 = zext i11 %tmp_143" [firmware/nnet_utils/nnet_mult.h:73->firmware/nnet_utils/nnet_dense_latency.h:42]   --->   Operation 128 'zext' 'zext_ln73_37' <Predicate = true> <Delay = 0.00>
ST_2 : Operation 129 [1/1] (0.00ns)   --->   "%tmp_144 = bitconcatenate i9 @_ssdm_op_BitConcatenate.i9.i8.i1, i8 %a_12, i1 0" [firmware/nnet_utils/nnet_mult.h:73->firmware/nnet_utils/nnet_dense_latency.h:42]   --->   Operation 129 'bitconcatenate' 'tmp_144' <Predicate = true> <Delay = 0.00>
ST_2 : Operation 130 [1/1] (0.00ns)   --->   "%zext_ln73_38 = zext i9 %tmp_144" [firmware/nnet_utils/nnet_mult.h:73->firmware/nnet_utils/nnet_dense_latency.h:42]   --->   Operation 130 'zext' 'zext_ln73_38' <Predicate = true> <Delay = 0.00>
ST_2 : Operation 131 [1/1] (0.00ns) (grouped into TernaryAdder)   --->   "%sub_ln73_20 = sub i12 %zext_ln73_38, i12 %zext_ln73_37" [firmware/nnet_utils/nnet_mult.h:73->firmware/nnet_utils/nnet_dense_latency.h:42]   --->   Operation 131 'sub' 'sub_ln73_20' <Predicate = true> <Delay = 0.00> <CoreInst = "TAddSub">   --->   Core 10 'TAddSub' <Latency = 0> <II = 1> <Delay = 1.99> <IPBlock> <Opcode : '' 'add' 'sub'> <InPorts = 3> <OutPorts = 1> <Sync> <CReg>
ST_2 : Operation 132 [1/1] (0.00ns)   --->   "%a_13 = load i8 %p_ZZN4nnet24compute_output_buffer_2dINS_5arrayI7ap_uintILi8EELj1EEENS1_I8ap_fixed_11"   --->   Operation 132 'load' 'a_13' <Predicate = true> <Delay = 0.00>
ST_2 : Operation 133 [1/1] (0.00ns)   --->   "%tmp_145 = bitconcatenate i9 @_ssdm_op_BitConcatenate.i9.i8.i1, i8 %a_13, i1 0" [firmware/nnet_utils/nnet_mult.h:73->firmware/nnet_utils/nnet_dense_latency.h:42]   --->   Operation 133 'bitconcatenate' 'tmp_145' <Predicate = true> <Delay = 0.00>
ST_2 : Operation 134 [1/1] (0.00ns)   --->   "%zext_ln73_39 = zext i9 %tmp_145" [firmware/nnet_utils/nnet_mult.h:73->firmware/nnet_utils/nnet_dense_latency.h:42]   --->   Operation 134 'zext' 'zext_ln73_39' <Predicate = true> <Delay = 0.00>
ST_2 : Operation 135 [1/1] (2.11ns)   --->   "%sub_ln73_21 = sub i10 0, i10 %zext_ln73_39" [firmware/nnet_utils/nnet_mult.h:73->firmware/nnet_utils/nnet_dense_latency.h:42]   --->   Operation 135 'sub' 'sub_ln73_21' <Predicate = true> <Delay = 2.11> <CoreInst = "Adder">   --->   Core 1 'Adder' <Latency = 0> <II = 1> <Delay = 2.11> <FuncUnit> <Opcode : 'add' 'sub'> <InPorts = 2> <OutPorts = 1>
ST_2 : Operation 136 [1/1] (0.00ns)   --->   "%mul_ln73_18_cast = sext i10 %sub_ln73_21" [firmware/nnet_utils/nnet_mult.h:73->firmware/nnet_utils/nnet_dense_latency.h:42]   --->   Operation 136 'sext' 'mul_ln73_18_cast' <Predicate = true> <Delay = 0.00>
ST_2 : Operation 137 [1/1] (0.00ns)   --->   "%a_14 = load i8 %p_ZZN4nnet24compute_output_buffer_2dINS_5arrayI7ap_uintILi8EELj1EEENS1_I8ap_fixed_10"   --->   Operation 137 'load' 'a_14' <Predicate = true> <Delay = 0.00>
ST_2 : Operation 138 [1/1] (0.00ns)   --->   "%zext_ln73_19 = zext i8 %a_14" [firmware/nnet_utils/nnet_mult.h:73->firmware/nnet_utils/nnet_dense_latency.h:42]   --->   Operation 138 'zext' 'zext_ln73_19' <Predicate = true> <Delay = 0.00>
ST_2 : Operation 139 [1/1] (2.11ns)   --->   "%sub_ln73_3 = sub i9 0, i9 %zext_ln73_19" [firmware/nnet_utils/nnet_mult.h:73->firmware/nnet_utils/nnet_dense_latency.h:42]   --->   Operation 139 'sub' 'sub_ln73_3' <Predicate = true> <Delay = 2.11> <CoreInst = "Adder">   --->   Core 1 'Adder' <Latency = 0> <II = 1> <Delay = 2.11> <FuncUnit> <Opcode : 'add' 'sub'> <InPorts = 2> <OutPorts = 1>
ST_2 : Operation 140 [1/1] (0.00ns)   --->   "%sext_ln73_6 = sext i9 %sub_ln73_3" [firmware/nnet_utils/nnet_mult.h:73->firmware/nnet_utils/nnet_dense_latency.h:42]   --->   Operation 140 'sext' 'sext_ln73_6' <Predicate = true> <Delay = 0.00>
ST_2 : Operation 141 [1/1] (0.00ns)   --->   "%p_shl5 = bitconcatenate i11 @_ssdm_op_BitConcatenate.i11.i8.i3, i8 %a_14, i3 0" [firmware/nnet_utils/nnet_mult.h:73->firmware/nnet_utils/nnet_dense_latency.h:42]   --->   Operation 141 'bitconcatenate' 'p_shl5' <Predicate = true> <Delay = 0.00>
ST_2 : Operation 142 [1/1] (0.00ns)   --->   "%tmp_146 = bitconcatenate i9 @_ssdm_op_BitConcatenate.i9.i8.i1, i8 %a_14, i1 0" [firmware/nnet_utils/nnet_mult.h:73->firmware/nnet_utils/nnet_dense_latency.h:42]   --->   Operation 142 'bitconcatenate' 'tmp_146' <Predicate = true> <Delay = 0.00>
ST_2 : Operation 143 [1/1] (0.00ns)   --->   "%zext_ln73_40 = zext i9 %tmp_146" [firmware/nnet_utils/nnet_mult.h:73->firmware/nnet_utils/nnet_dense_latency.h:42]   --->   Operation 143 'zext' 'zext_ln73_40' <Predicate = true> <Delay = 0.00>
ST_2 : Operation 144 [1/1] (2.12ns)   --->   "%sub_ln73_22 = sub i11 %p_shl5, i11 %zext_ln73_40" [firmware/nnet_utils/nnet_mult.h:73->firmware/nnet_utils/nnet_dense_latency.h:42]   --->   Operation 144 'sub' 'sub_ln73_22' <Predicate = true> <Delay = 2.12> <CoreInst = "Adder">   --->   Core 1 'Adder' <Latency = 0> <II = 1> <Delay = 2.12> <FuncUnit> <Opcode : 'add' 'sub'> <InPorts = 2> <OutPorts = 1>
ST_2 : Operation 145 [1/1] (0.00ns)   --->   "%a_15 = load i8 %p_ZZN4nnet24compute_output_buffer_2dINS_5arrayI7ap_uintILi8EELj1EEENS1_I8ap_fixed_9"   --->   Operation 145 'load' 'a_15' <Predicate = true> <Delay = 0.00>
ST_2 : Operation 146 [1/1] (0.00ns)   --->   "%tmp_147 = bitconcatenate i10 @_ssdm_op_BitConcatenate.i10.i8.i2, i8 %a_15, i2 0" [firmware/nnet_utils/nnet_mult.h:73->firmware/nnet_utils/nnet_dense_latency.h:42]   --->   Operation 146 'bitconcatenate' 'tmp_147' <Predicate = true> <Delay = 0.00>
ST_2 : Operation 147 [1/1] (0.00ns)   --->   "%zext_ln73_41 = zext i10 %tmp_147" [firmware/nnet_utils/nnet_mult.h:73->firmware/nnet_utils/nnet_dense_latency.h:42]   --->   Operation 147 'zext' 'zext_ln73_41' <Predicate = true> <Delay = 0.00>
ST_2 : Operation 148 [1/1] (2.12ns)   --->   "%sub_ln73_23 = sub i11 0, i11 %zext_ln73_41" [firmware/nnet_utils/nnet_mult.h:73->firmware/nnet_utils/nnet_dense_latency.h:42]   --->   Operation 148 'sub' 'sub_ln73_23' <Predicate = true> <Delay = 2.12> <CoreInst = "Adder">   --->   Core 1 'Adder' <Latency = 0> <II = 1> <Delay = 2.12> <FuncUnit> <Opcode : 'add' 'sub'> <InPorts = 2> <OutPorts = 1>
ST_2 : Operation 149 [1/1] (0.00ns)   --->   "%mul_ln73_20_cast = sext i11 %sub_ln73_23" [firmware/nnet_utils/nnet_mult.h:73->firmware/nnet_utils/nnet_dense_latency.h:42]   --->   Operation 149 'sext' 'mul_ln73_20_cast' <Predicate = true> <Delay = 0.00>
ST_2 : Operation 150 [1/1] (0.00ns)   --->   "%a_16 = load i8 %p_ZZN4nnet24compute_output_buffer_2dINS_5arrayI7ap_uintILi8EELj1EEENS1_I8ap_fixed_8"   --->   Operation 150 'load' 'a_16' <Predicate = true> <Delay = 0.00>
ST_2 : Operation 151 [1/1] (0.00ns)   --->   "%tmp_148 = bitconcatenate i9 @_ssdm_op_BitConcatenate.i9.i8.i1, i8 %a_16, i1 0" [firmware/nnet_utils/nnet_mult.h:73->firmware/nnet_utils/nnet_dense_latency.h:42]   --->   Operation 151 'bitconcatenate' 'tmp_148' <Predicate = true> <Delay = 0.00>
ST_2 : Operation 152 [1/1] (0.00ns)   --->   "%zext_ln73_42 = zext i9 %tmp_148" [firmware/nnet_utils/nnet_mult.h:73->firmware/nnet_utils/nnet_dense_latency.h:42]   --->   Operation 152 'zext' 'zext_ln73_42' <Predicate = true> <Delay = 0.00>
ST_2 : Operation 153 [1/1] (2.11ns)   --->   "%sub_ln73_24 = sub i10 0, i10 %zext_ln73_42" [firmware/nnet_utils/nnet_mult.h:73->firmware/nnet_utils/nnet_dense_latency.h:42]   --->   Operation 153 'sub' 'sub_ln73_24' <Predicate = true> <Delay = 2.11> <CoreInst = "Adder">   --->   Core 1 'Adder' <Latency = 0> <II = 1> <Delay = 2.11> <FuncUnit> <Opcode : 'add' 'sub'> <InPorts = 2> <OutPorts = 1>
ST_2 : Operation 154 [1/1] (0.00ns)   --->   "%sext_ln73_7 = sext i10 %sub_ln73_24" [firmware/nnet_utils/nnet_mult.h:73->firmware/nnet_utils/nnet_dense_latency.h:42]   --->   Operation 154 'sext' 'sext_ln73_7' <Predicate = true> <Delay = 0.00>
ST_2 : Operation 155 [1/1] (0.00ns)   --->   "%tmp_149 = bitconcatenate i10 @_ssdm_op_BitConcatenate.i10.i8.i2, i8 %a_16, i2 0" [firmware/nnet_utils/nnet_mult.h:73->firmware/nnet_utils/nnet_dense_latency.h:42]   --->   Operation 155 'bitconcatenate' 'tmp_149' <Predicate = true> <Delay = 0.00>
ST_2 : Operation 156 [1/1] (0.00ns)   --->   "%zext_ln73_43 = zext i10 %tmp_149" [firmware/nnet_utils/nnet_mult.h:73->firmware/nnet_utils/nnet_dense_latency.h:42]   --->   Operation 156 'zext' 'zext_ln73_43' <Predicate = true> <Delay = 0.00>
ST_2 : Operation 157 [1/1] (2.12ns)   --->   "%sub_ln73_25 = sub i11 0, i11 %zext_ln73_43" [firmware/nnet_utils/nnet_mult.h:73->firmware/nnet_utils/nnet_dense_latency.h:42]   --->   Operation 157 'sub' 'sub_ln73_25' <Predicate = true> <Delay = 2.12> <CoreInst = "Adder">   --->   Core 1 'Adder' <Latency = 0> <II = 1> <Delay = 2.12> <FuncUnit> <Opcode : 'add' 'sub'> <InPorts = 2> <OutPorts = 1>
ST_2 : Operation 158 [1/1] (0.00ns)   --->   "%mul_ln73_22_cast = sext i11 %sub_ln73_25" [firmware/nnet_utils/nnet_mult.h:73->firmware/nnet_utils/nnet_dense_latency.h:42]   --->   Operation 158 'sext' 'mul_ln73_22_cast' <Predicate = true> <Delay = 0.00>
ST_2 : Operation 159 [1/1] (0.00ns)   --->   "%a_17 = load i8 %p_ZZN4nnet24compute_output_buffer_2dINS_5arrayI7ap_uintILi8EELj1EEENS1_I8ap_fixed_7"   --->   Operation 159 'load' 'a_17' <Predicate = true> <Delay = 0.00>
ST_2 : Operation 160 [1/1] (0.00ns)   --->   "%zext_ln73_22 = zext i8 %a_17" [firmware/nnet_utils/nnet_mult.h:73->firmware/nnet_utils/nnet_dense_latency.h:42]   --->   Operation 160 'zext' 'zext_ln73_22' <Predicate = true> <Delay = 0.00>
ST_2 : Operation 161 [1/1] (0.00ns)   --->   "%tmp_150 = bitconcatenate i10 @_ssdm_op_BitConcatenate.i10.i8.i2, i8 %a_17, i2 0" [firmware/nnet_utils/nnet_mult.h:73->firmware/nnet_utils/nnet_dense_latency.h:42]   --->   Operation 161 'bitconcatenate' 'tmp_150' <Predicate = true> <Delay = 0.00>
ST_2 : Operation 162 [1/1] (0.00ns)   --->   "%zext_ln73_44 = zext i10 %tmp_150" [firmware/nnet_utils/nnet_mult.h:73->firmware/nnet_utils/nnet_dense_latency.h:42]   --->   Operation 162 'zext' 'zext_ln73_44' <Predicate = true> <Delay = 0.00>
ST_2 : Operation 163 [1/1] (2.12ns)   --->   "%sub_ln73_26 = sub i11 0, i11 %zext_ln73_44" [firmware/nnet_utils/nnet_mult.h:73->firmware/nnet_utils/nnet_dense_latency.h:42]   --->   Operation 163 'sub' 'sub_ln73_26' <Predicate = true> <Delay = 2.12> <CoreInst = "Adder">   --->   Core 1 'Adder' <Latency = 0> <II = 1> <Delay = 2.12> <FuncUnit> <Opcode : 'add' 'sub'> <InPorts = 2> <OutPorts = 1>
ST_2 : Operation 164 [1/1] (0.00ns)   --->   "%sext_ln73_8 = sext i11 %sub_ln73_26" [firmware/nnet_utils/nnet_mult.h:73->firmware/nnet_utils/nnet_dense_latency.h:42]   --->   Operation 164 'sext' 'sext_ln73_8' <Predicate = true> <Delay = 0.00>
ST_2 : Operation 165 [1/1] (2.11ns)   --->   "%sub_ln73_4 = sub i9 0, i9 %zext_ln73_22" [firmware/nnet_utils/nnet_mult.h:73->firmware/nnet_utils/nnet_dense_latency.h:42]   --->   Operation 165 'sub' 'sub_ln73_4' <Predicate = true> <Delay = 2.11> <CoreInst = "Adder">   --->   Core 1 'Adder' <Latency = 0> <II = 1> <Delay = 2.11> <FuncUnit> <Opcode : 'add' 'sub'> <InPorts = 2> <OutPorts = 1>
ST_2 : Operation 166 [1/1] (0.00ns)   --->   "%sub_ln73_4_cast = sext i9 %sub_ln73_4" [firmware/nnet_utils/nnet_mult.h:73->firmware/nnet_utils/nnet_dense_latency.h:42]   --->   Operation 166 'sext' 'sub_ln73_4_cast' <Predicate = true> <Delay = 0.00>
ST_2 : Operation 167 [1/1] (0.00ns)   --->   "%a_18 = load i8 %p_ZZN4nnet24compute_output_buffer_2dINS_5arrayI7ap_uintILi8EELj1EEENS1_I8ap_fixed_6"   --->   Operation 167 'load' 'a_18' <Predicate = true> <Delay = 0.00>
ST_2 : Operation 168 [1/1] (0.00ns)   --->   "%zext_ln70_3 = zext i8 %a_18" [firmware/nnet_utils/nnet_mult.h:70->firmware/nnet_utils/nnet_dense_latency.h:42]   --->   Operation 168 'zext' 'zext_ln70_3' <Predicate = true> <Delay = 0.00>
ST_2 : Operation 169 [1/1] (0.00ns)   --->   "%p_shl6 = bitconcatenate i10 @_ssdm_op_BitConcatenate.i10.i8.i2, i8 %a_18, i2 0" [firmware/nnet_utils/nnet_mult.h:73->firmware/nnet_utils/nnet_dense_latency.h:42]   --->   Operation 169 'bitconcatenate' 'p_shl6' <Predicate = true> <Delay = 0.00>
ST_2 : Operation 170 [1/1] (2.12ns)   --->   "%sub_ln73_27 = sub i10 %p_shl6, i10 %zext_ln70_3" [firmware/nnet_utils/nnet_mult.h:73->firmware/nnet_utils/nnet_dense_latency.h:42]   --->   Operation 170 'sub' 'sub_ln73_27' <Predicate = true> <Delay = 2.12> <CoreInst = "Adder">   --->   Core 1 'Adder' <Latency = 0> <II = 1> <Delay = 2.12> <FuncUnit> <Opcode : 'add' 'sub'> <InPorts = 2> <OutPorts = 1>
ST_2 : Operation 171 [1/1] (0.00ns)   --->   "%a_19 = load i8 %p_ZZN4nnet24compute_output_buffer_2dINS_5arrayI7ap_uintILi8EELj1EEENS1_I8ap_fixed_5"   --->   Operation 171 'load' 'a_19' <Predicate = true> <Delay = 0.00>
ST_2 : Operation 172 [1/1] (0.00ns)   --->   "%zext_ln73_24 = zext i8 %a_19" [firmware/nnet_utils/nnet_mult.h:73->firmware/nnet_utils/nnet_dense_latency.h:42]   --->   Operation 172 'zext' 'zext_ln73_24' <Predicate = true> <Delay = 0.00>
ST_2 : Operation 173 [1/1] (0.00ns)   --->   "%zext_ln73_25 = zext i8 %a_19" [firmware/nnet_utils/nnet_mult.h:73->firmware/nnet_utils/nnet_dense_latency.h:42]   --->   Operation 173 'zext' 'zext_ln73_25' <Predicate = true> <Delay = 0.00>
ST_2 : Operation 174 [1/1] (0.00ns)   --->   "%p_shl7 = bitconcatenate i10 @_ssdm_op_BitConcatenate.i10.i8.i2, i8 %a_19, i2 0" [firmware/nnet_utils/nnet_mult.h:73->firmware/nnet_utils/nnet_dense_latency.h:42]   --->   Operation 174 'bitconcatenate' 'p_shl7' <Predicate = true> <Delay = 0.00>
ST_2 : Operation 175 [1/1] (2.12ns)   --->   "%sub_ln73_28 = sub i10 %p_shl7, i10 %zext_ln73_25" [firmware/nnet_utils/nnet_mult.h:73->firmware/nnet_utils/nnet_dense_latency.h:42]   --->   Operation 175 'sub' 'sub_ln73_28' <Predicate = true> <Delay = 2.12> <CoreInst = "Adder">   --->   Core 1 'Adder' <Latency = 0> <II = 1> <Delay = 2.12> <FuncUnit> <Opcode : 'add' 'sub'> <InPorts = 2> <OutPorts = 1>
ST_2 : Operation 176 [1/1] (0.00ns)   --->   "%zext_ln73_45 = zext i10 %p_shl7" [firmware/nnet_utils/nnet_mult.h:73->firmware/nnet_utils/nnet_dense_latency.h:42]   --->   Operation 176 'zext' 'zext_ln73_45' <Predicate = true> <Delay = 0.00>
ST_2 : Operation 177 [1/1] (0.00ns) (grouped into TernaryAdder)   --->   "%sub_ln73_29 = sub i12 0, i12 %zext_ln73_45" [firmware/nnet_utils/nnet_mult.h:73->firmware/nnet_utils/nnet_dense_latency.h:42]   --->   Operation 177 'sub' 'sub_ln73_29' <Predicate = true> <Delay = 0.00> <CoreInst = "TAddSub">   --->   Core 10 'TAddSub' <Latency = 0> <II = 1> <Delay = 1.99> <IPBlock> <Opcode : '' 'add' 'sub'> <InPorts = 3> <OutPorts = 1> <Sync> <CReg>
ST_2 : Operation 178 [1/1] (3.81ns) (root node of TernaryAdder)   --->   "%sub_ln73_30 = sub i12 %sub_ln73_29, i12 %zext_ln73_24" [firmware/nnet_utils/nnet_mult.h:73->firmware/nnet_utils/nnet_dense_latency.h:42]   --->   Operation 178 'sub' 'sub_ln73_30' <Predicate = true> <Delay = 3.81> <CoreInst = "TAddSub">   --->   Core 10 'TAddSub' <Latency = 0> <II = 1> <Delay = 1.99> <IPBlock> <Opcode : '' 'add' 'sub'> <InPorts = 3> <OutPorts = 1> <Sync> <CReg>
ST_2 : Operation 179 [1/1] (0.00ns)   --->   "%mul_ln73_26_cast_i = sext i12 %sub_ln73_30" [firmware/nnet_utils/nnet_mult.h:73->firmware/nnet_utils/nnet_dense_latency.h:42]   --->   Operation 179 'sext' 'mul_ln73_26_cast_i' <Predicate = true> <Delay = 0.00>
ST_2 : Operation 180 [1/1] (0.00ns)   --->   "%a_20 = load i8 %p_ZZN4nnet24compute_output_buffer_2dINS_5arrayI7ap_uintILi8EELj1EEENS1_I8ap_fixed_4"   --->   Operation 180 'load' 'a_20' <Predicate = true> <Delay = 0.00>
ST_2 : Operation 181 [1/1] (0.00ns)   --->   "%zext_ln73_26 = zext i8 %a_20" [firmware/nnet_utils/nnet_mult.h:73->firmware/nnet_utils/nnet_dense_latency.h:42]   --->   Operation 181 'zext' 'zext_ln73_26' <Predicate = true> <Delay = 0.00>
ST_2 : Operation 182 [1/1] (0.00ns)   --->   "%tmp_151 = bitconcatenate i10 @_ssdm_op_BitConcatenate.i10.i8.i2, i8 %a_20, i2 0" [firmware/nnet_utils/nnet_mult.h:73->firmware/nnet_utils/nnet_dense_latency.h:42]   --->   Operation 182 'bitconcatenate' 'tmp_151' <Predicate = true> <Delay = 0.00>
ST_2 : Operation 183 [1/1] (0.00ns)   --->   "%zext_ln73_46 = zext i10 %tmp_151" [firmware/nnet_utils/nnet_mult.h:73->firmware/nnet_utils/nnet_dense_latency.h:42]   --->   Operation 183 'zext' 'zext_ln73_46' <Predicate = true> <Delay = 0.00>
ST_2 : Operation 184 [1/1] (2.12ns)   --->   "%sub_ln73_31 = sub i11 %zext_ln73_26, i11 %zext_ln73_46" [firmware/nnet_utils/nnet_mult.h:73->firmware/nnet_utils/nnet_dense_latency.h:42]   --->   Operation 184 'sub' 'sub_ln73_31' <Predicate = true> <Delay = 2.12> <CoreInst = "Adder">   --->   Core 1 'Adder' <Latency = 0> <II = 1> <Delay = 2.12> <FuncUnit> <Opcode : 'add' 'sub'> <InPorts = 2> <OutPorts = 1>
ST_2 : Operation 185 [1/1] (0.00ns)   --->   "%sext_ln73_9 = sext i11 %sub_ln73_31" [firmware/nnet_utils/nnet_mult.h:73->firmware/nnet_utils/nnet_dense_latency.h:42]   --->   Operation 185 'sext' 'sext_ln73_9' <Predicate = true> <Delay = 0.00>
ST_2 : Operation 186 [1/1] (0.00ns)   --->   "%shl_ln73_2 = bitconcatenate i9 @_ssdm_op_BitConcatenate.i9.i8.i1, i8 %a_20, i1 0" [firmware/nnet_utils/nnet_mult.h:73->firmware/nnet_utils/nnet_dense_latency.h:42]   --->   Operation 186 'bitconcatenate' 'shl_ln73_2' <Predicate = true> <Delay = 0.00>
ST_2 : Operation 187 [1/1] (0.00ns)   --->   "%shl_ln73_2_cast = zext i9 %shl_ln73_2" [firmware/nnet_utils/nnet_mult.h:73->firmware/nnet_utils/nnet_dense_latency.h:42]   --->   Operation 187 'zext' 'shl_ln73_2_cast' <Predicate = true> <Delay = 0.00>
ST_2 : Operation 188 [1/1] (0.00ns)   --->   "%a_21 = load i8 %p_ZZN4nnet24compute_output_buffer_2dINS_5arrayI7ap_uintILi8EELj1EEENS1_I8ap_fixed_3"   --->   Operation 188 'load' 'a_21' <Predicate = true> <Delay = 0.00>
ST_2 : Operation 189 [1/1] (0.00ns)   --->   "%zext_ln73_27 = zext i8 %a_21" [firmware/nnet_utils/nnet_mult.h:73->firmware/nnet_utils/nnet_dense_latency.h:42]   --->   Operation 189 'zext' 'zext_ln73_27' <Predicate = true> <Delay = 0.00>
ST_2 : Operation 190 [1/1] (0.00ns)   --->   "%shl_ln73_3 = bitconcatenate i10 @_ssdm_op_BitConcatenate.i10.i8.i2, i8 %a_21, i2 0" [firmware/nnet_utils/nnet_mult.h:73->firmware/nnet_utils/nnet_dense_latency.h:42]   --->   Operation 190 'bitconcatenate' 'shl_ln73_3' <Predicate = true> <Delay = 0.00>
ST_2 : Operation 191 [1/1] (0.00ns)   --->   "%shl_ln73_3_cast = zext i10 %shl_ln73_3" [firmware/nnet_utils/nnet_mult.h:73->firmware/nnet_utils/nnet_dense_latency.h:42]   --->   Operation 191 'zext' 'shl_ln73_3_cast' <Predicate = true> <Delay = 0.00>
ST_2 : Operation 192 [1/1] (0.00ns)   --->   "%a_22 = load i8 %p_ZZN4nnet24compute_output_buffer_2dINS_5arrayI7ap_uintILi8EELj1EEENS1_I8ap_fixed_2"   --->   Operation 192 'load' 'a_22' <Predicate = true> <Delay = 0.00>
ST_2 : Operation 193 [1/1] (0.00ns)   --->   "%zext_ln73_29 = zext i8 %a_22" [firmware/nnet_utils/nnet_mult.h:73->firmware/nnet_utils/nnet_dense_latency.h:42]   --->   Operation 193 'zext' 'zext_ln73_29' <Predicate = true> <Delay = 0.00>
ST_2 : Operation 194 [1/1] (0.00ns)   --->   "%p_shl8 = bitconcatenate i10 @_ssdm_op_BitConcatenate.i10.i8.i2, i8 %a_22, i2 0" [firmware/nnet_utils/nnet_mult.h:73->firmware/nnet_utils/nnet_dense_latency.h:42]   --->   Operation 194 'bitconcatenate' 'p_shl8' <Predicate = true> <Delay = 0.00>
ST_2 : Operation 195 [1/1] (2.12ns)   --->   "%sub_ln73_32 = sub i10 %p_shl8, i10 %zext_ln73_29" [firmware/nnet_utils/nnet_mult.h:73->firmware/nnet_utils/nnet_dense_latency.h:42]   --->   Operation 195 'sub' 'sub_ln73_32' <Predicate = true> <Delay = 2.12> <CoreInst = "Adder">   --->   Core 1 'Adder' <Latency = 0> <II = 1> <Delay = 2.12> <FuncUnit> <Opcode : 'add' 'sub'> <InPorts = 2> <OutPorts = 1>
ST_2 : Operation 196 [1/1] (0.00ns)   --->   "%zext_ln73_47 = zext i10 %p_shl8" [firmware/nnet_utils/nnet_mult.h:73->firmware/nnet_utils/nnet_dense_latency.h:42]   --->   Operation 196 'zext' 'zext_ln73_47' <Predicate = true> <Delay = 0.00>
ST_2 : Operation 197 [1/1] (2.12ns)   --->   "%sub_ln73_33 = sub i11 0, i11 %zext_ln73_47" [firmware/nnet_utils/nnet_mult.h:73->firmware/nnet_utils/nnet_dense_latency.h:42]   --->   Operation 197 'sub' 'sub_ln73_33' <Predicate = true> <Delay = 2.12> <CoreInst = "Adder">   --->   Core 1 'Adder' <Latency = 0> <II = 1> <Delay = 2.12> <FuncUnit> <Opcode : 'add' 'sub'> <InPorts = 2> <OutPorts = 1>
ST_2 : Operation 198 [1/1] (0.00ns)   --->   "%mul_ln73_29_cast = sext i11 %sub_ln73_33" [firmware/nnet_utils/nnet_mult.h:73->firmware/nnet_utils/nnet_dense_latency.h:42]   --->   Operation 198 'sext' 'mul_ln73_29_cast' <Predicate = true> <Delay = 0.00>
ST_2 : Operation 199 [1/1] (0.00ns)   --->   "%a_23 = load i8 %p_ZZN4nnet24compute_output_buffer_2dINS_5arrayI7ap_uintILi8EELj1EEENS1_I8ap_fixed_1"   --->   Operation 199 'load' 'a_23' <Predicate = true> <Delay = 0.00>
ST_2 : Operation 200 [1/1] (0.00ns)   --->   "%zext_ln73_30 = zext i8 %a_23" [firmware/nnet_utils/nnet_mult.h:73->firmware/nnet_utils/nnet_dense_latency.h:42]   --->   Operation 200 'zext' 'zext_ln73_30' <Predicate = true> <Delay = 0.00>
ST_2 : Operation 201 [1/1] (0.00ns)   --->   "%zext_ln73_31 = zext i8 %a_23" [firmware/nnet_utils/nnet_mult.h:73->firmware/nnet_utils/nnet_dense_latency.h:42]   --->   Operation 201 'zext' 'zext_ln73_31' <Predicate = true> <Delay = 0.00>
ST_2 : Operation 202 [1/1] (0.00ns)   --->   "%tmp_152 = bitconcatenate i10 @_ssdm_op_BitConcatenate.i10.i8.i2, i8 %a_23, i2 0" [firmware/nnet_utils/nnet_mult.h:73->firmware/nnet_utils/nnet_dense_latency.h:42]   --->   Operation 202 'bitconcatenate' 'tmp_152' <Predicate = true> <Delay = 0.00>
ST_2 : Operation 203 [1/1] (0.00ns)   --->   "%zext_ln73_48 = zext i10 %tmp_152" [firmware/nnet_utils/nnet_mult.h:73->firmware/nnet_utils/nnet_dense_latency.h:42]   --->   Operation 203 'zext' 'zext_ln73_48' <Predicate = true> <Delay = 0.00>
ST_2 : Operation 204 [1/1] (2.12ns)   --->   "%add_ln73_4 = add i11 %zext_ln73_48, i11 %zext_ln73_31" [firmware/nnet_utils/nnet_mult.h:73->firmware/nnet_utils/nnet_dense_latency.h:42]   --->   Operation 204 'add' 'add_ln73_4' <Predicate = true> <Delay = 2.12> <CoreInst = "Adder">   --->   Core 1 'Adder' <Latency = 0> <II = 1> <Delay = 2.12> <FuncUnit> <Opcode : 'add' 'sub'> <InPorts = 2> <OutPorts = 1>
ST_2 : Operation 205 [1/1] (2.11ns)   --->   "%sub_ln73_5 = sub i9 0, i9 %zext_ln73_30" [firmware/nnet_utils/nnet_mult.h:73->firmware/nnet_utils/nnet_dense_latency.h:42]   --->   Operation 205 'sub' 'sub_ln73_5' <Predicate = true> <Delay = 2.11> <CoreInst = "Adder">   --->   Core 1 'Adder' <Latency = 0> <II = 1> <Delay = 2.11> <FuncUnit> <Opcode : 'add' 'sub'> <InPorts = 2> <OutPorts = 1>
ST_2 : Operation 206 [1/1] (0.00ns)   --->   "%sub_ln73_6_cast = sext i9 %sub_ln73_5" [firmware/nnet_utils/nnet_mult.h:73->firmware/nnet_utils/nnet_dense_latency.h:42]   --->   Operation 206 'sext' 'sub_ln73_6_cast' <Predicate = true> <Delay = 0.00>
ST_2 : Operation 207 [1/1] (0.00ns)   --->   "%a_24 = load i8 %p_ZZN4nnet24compute_output_buffer_2dINS_5arrayI7ap_uintILi8EELj1EEENS1_I8ap_fixed"   --->   Operation 207 'load' 'a_24' <Predicate = true> <Delay = 0.00>
ST_2 : Operation 208 [1/1] (0.00ns)   --->   "%tmp_153 = bitconcatenate i10 @_ssdm_op_BitConcatenate.i10.i8.i2, i8 %a_24, i2 0" [firmware/nnet_utils/nnet_mult.h:73->firmware/nnet_utils/nnet_dense_latency.h:42]   --->   Operation 208 'bitconcatenate' 'tmp_153' <Predicate = true> <Delay = 0.00>
ST_2 : Operation 209 [1/1] (0.00ns)   --->   "%zext_ln73_49 = zext i10 %tmp_153" [firmware/nnet_utils/nnet_mult.h:73->firmware/nnet_utils/nnet_dense_latency.h:42]   --->   Operation 209 'zext' 'zext_ln73_49' <Predicate = true> <Delay = 0.00>
ST_2 : Operation 210 [1/1] (2.12ns)   --->   "%sub_ln73_34 = sub i11 0, i11 %zext_ln73_49" [firmware/nnet_utils/nnet_mult.h:73->firmware/nnet_utils/nnet_dense_latency.h:42]   --->   Operation 210 'sub' 'sub_ln73_34' <Predicate = true> <Delay = 2.12> <CoreInst = "Adder">   --->   Core 1 'Adder' <Latency = 0> <II = 1> <Delay = 2.12> <FuncUnit> <Opcode : 'add' 'sub'> <InPorts = 2> <OutPorts = 1>
ST_2 : Operation 211 [1/1] (0.00ns)   --->   "%sext_ln58 = sext i11 %sub_ln73_34" [firmware/nnet_utils/nnet_dense_latency.h:58]   --->   Operation 211 'sext' 'sext_ln58' <Predicate = true> <Delay = 0.00>
ST_2 : Operation 212 [1/1] (0.00ns)   --->   "%sext_ln58_3 = sext i13 %add_ln58_6" [firmware/nnet_utils/nnet_dense_latency.h:58]   --->   Operation 212 'sext' 'sext_ln58_3' <Predicate = true> <Delay = 0.00>
ST_2 : Operation 213 [1/1] (0.00ns)   --->   "%zext_ln58_4 = zext i11 %add_ln73_2" [firmware/nnet_utils/nnet_dense_latency.h:58]   --->   Operation 213 'zext' 'zext_ln58_4' <Predicate = true> <Delay = 0.00>
ST_2 : Operation 214 [1/1] (0.00ns)   --->   "%zext_ln58_5 = zext i11 %sub_ln73_15" [firmware/nnet_utils/nnet_dense_latency.h:58]   --->   Operation 214 'zext' 'zext_ln58_5' <Predicate = true> <Delay = 0.00>
ST_2 : Operation 215 [1/1] (0.00ns)   --->   "%zext_ln58_6 = zext i10 %sub_ln73_16" [firmware/nnet_utils/nnet_dense_latency.h:58]   --->   Operation 215 'zext' 'zext_ln58_6' <Predicate = true> <Delay = 0.00>
ST_2 : Operation 216 [1/1] (0.00ns)   --->   "%zext_ln58_7 = zext i11 %add_ln73_3" [firmware/nnet_utils/nnet_dense_latency.h:58]   --->   Operation 216 'zext' 'zext_ln58_7' <Predicate = true> <Delay = 0.00>
ST_2 : Operation 217 [1/1] (0.00ns)   --->   "%zext_ln58_8 = zext i11 %sub_ln73_22" [firmware/nnet_utils/nnet_dense_latency.h:58]   --->   Operation 217 'zext' 'zext_ln58_8' <Predicate = true> <Delay = 0.00>
ST_2 : Operation 218 [1/1] (0.00ns)   --->   "%zext_ln58_9 = zext i10 %sub_ln73_27" [firmware/nnet_utils/nnet_dense_latency.h:58]   --->   Operation 218 'zext' 'zext_ln58_9' <Predicate = true> <Delay = 0.00>
ST_2 : Operation 219 [1/1] (0.00ns)   --->   "%zext_ln58_10 = zext i10 %sub_ln73_28" [firmware/nnet_utils/nnet_dense_latency.h:58]   --->   Operation 219 'zext' 'zext_ln58_10' <Predicate = true> <Delay = 0.00>
ST_2 : Operation 220 [1/1] (0.00ns)   --->   "%zext_ln58_11 = zext i10 %sub_ln73_32" [firmware/nnet_utils/nnet_dense_latency.h:58]   --->   Operation 220 'zext' 'zext_ln58_11' <Predicate = true> <Delay = 0.00>
ST_2 : Operation 221 [1/1] (0.00ns)   --->   "%zext_ln58_12 = zext i11 %add_ln73_4" [firmware/nnet_utils/nnet_dense_latency.h:58]   --->   Operation 221 'zext' 'zext_ln58_12' <Predicate = true> <Delay = 0.00>
ST_2 : Operation 222 [1/1] (0.00ns)   --->   "%zext_ln58_13 = zext i8 %a_24" [firmware/nnet_utils/nnet_dense_latency.h:58]   --->   Operation 222 'zext' 'zext_ln58_13' <Predicate = true> <Delay = 0.00>
ST_2 : Operation 223 [1/1] (2.12ns)   --->   "%add_ln58_7 = add i12 %zext_ln58_4, i12 %sext_ln73_4" [firmware/nnet_utils/nnet_dense_latency.h:58]   --->   Operation 223 'add' 'add_ln58_7' <Predicate = true> <Delay = 2.12> <CoreInst = "Adder">   --->   Core 1 'Adder' <Latency = 0> <II = 1> <Delay = 2.12> <FuncUnit> <Opcode : 'add' 'sub'> <InPorts = 2> <OutPorts = 1>
ST_2 : Operation 224 [1/1] (0.00ns)   --->   "%sext_ln58_10 = sext i12 %add_ln58_7" [firmware/nnet_utils/nnet_dense_latency.h:58]   --->   Operation 224 'sext' 'sext_ln58_10' <Predicate = true> <Delay = 0.00>
ST_2 : Operation 225 [1/1] (2.13ns)   --->   "%add_ln58_8 = add i14 %sext_ln58_10, i14 %sext_ln58_3" [firmware/nnet_utils/nnet_dense_latency.h:58]   --->   Operation 225 'add' 'add_ln58_8' <Predicate = true> <Delay = 2.13> <CoreInst = "Adder">   --->   Core 1 'Adder' <Latency = 0> <II = 1> <Delay = 2.13> <FuncUnit> <Opcode : 'add' 'sub'> <InPorts = 2> <OutPorts = 1>
ST_2 : Operation 226 [1/1] (2.12ns)   --->   "%add_ln58_9 = add i12 %sext_ln73_8, i12 %sext_ln73_9" [firmware/nnet_utils/nnet_dense_latency.h:58]   --->   Operation 226 'add' 'add_ln58_9' <Predicate = true> <Delay = 2.12> <CoreInst = "Adder">   --->   Core 1 'Adder' <Latency = 0> <II = 1> <Delay = 2.12> <FuncUnit> <Opcode : 'add' 'sub'> <InPorts = 2> <OutPorts = 1>
ST_2 : Operation 227 [1/1] (0.00ns)   --->   "%sext_ln58_11 = sext i12 %add_ln58_9" [firmware/nnet_utils/nnet_dense_latency.h:58]   --->   Operation 227 'sext' 'sext_ln58_11' <Predicate = true> <Delay = 0.00>
ST_2 : Operation 228 [1/1] (2.13ns)   --->   "%add_ln58_10 = add i13 %sext_ln58_11, i13 %sext_ln73_5" [firmware/nnet_utils/nnet_dense_latency.h:58]   --->   Operation 228 'add' 'add_ln58_10' <Predicate = true> <Delay = 2.13> <CoreInst = "Adder">   --->   Core 1 'Adder' <Latency = 0> <II = 1> <Delay = 2.13> <FuncUnit> <Opcode : 'add' 'sub'> <InPorts = 2> <OutPorts = 1>
ST_2 : Operation 229 [1/1] (0.00ns)   --->   "%sext_ln58_12 = sext i13 %add_ln58_10" [firmware/nnet_utils/nnet_dense_latency.h:58]   --->   Operation 229 'sext' 'sext_ln58_12' <Predicate = true> <Delay = 0.00>
ST_2 : Operation 230 [1/1] (0.00ns) (grouped into TernaryAdder)   --->   "%add_ln58_11 = add i14 %sext_ln58_12, i14 %add_ln58_8" [firmware/nnet_utils/nnet_dense_latency.h:58]   --->   Operation 230 'add' 'add_ln58_11' <Predicate = true> <Delay = 0.00> <CoreInst = "TAddSub">   --->   Core 10 'TAddSub' <Latency = 0> <II = 1> <Delay = 1.99> <IPBlock> <Opcode : '' 'add' 'sub'> <InPorts = 3> <OutPorts = 1> <Sync> <CReg>
ST_2 : Operation 231 [1/1] (2.12ns)   --->   "%add_ln58_12 = add i11 %sext_ln73_7, i11 %zext_ln58_10" [firmware/nnet_utils/nnet_dense_latency.h:58]   --->   Operation 231 'add' 'add_ln58_12' <Predicate = true> <Delay = 2.12> <CoreInst = "Adder">   --->   Core 1 'Adder' <Latency = 0> <II = 1> <Delay = 2.12> <FuncUnit> <Opcode : 'add' 'sub'> <InPorts = 2> <OutPorts = 1>
ST_2 : Operation 232 [1/1] (0.00ns)   --->   "%sext_ln58_13 = sext i11 %add_ln58_12" [firmware/nnet_utils/nnet_dense_latency.h:58]   --->   Operation 232 'sext' 'sext_ln58_13' <Predicate = true> <Delay = 0.00>
ST_2 : Operation 233 [1/1] (2.12ns)   --->   "%add_ln58_13 = add i12 %sext_ln58_13, i12 %zext_ln58_7" [firmware/nnet_utils/nnet_dense_latency.h:58]   --->   Operation 233 'add' 'add_ln58_13' <Predicate = true> <Delay = 2.12> <CoreInst = "Adder">   --->   Core 1 'Adder' <Latency = 0> <II = 1> <Delay = 2.12> <FuncUnit> <Opcode : 'add' 'sub'> <InPorts = 2> <OutPorts = 1>
ST_2 : Operation 234 [1/1] (0.00ns)   --->   "%sext_ln58_14 = sext i12 %add_ln58_13" [firmware/nnet_utils/nnet_dense_latency.h:58]   --->   Operation 234 'sext' 'sext_ln58_14' <Predicate = true> <Delay = 0.00>
ST_2 : Operation 235 [1/1] (0.00ns) (grouped into TernaryAdder)   --->   "%add_ln58_14 = add i11 %zext_ln58_11, i11 %sext_ln73_6" [firmware/nnet_utils/nnet_dense_latency.h:58]   --->   Operation 235 'add' 'add_ln58_14' <Predicate = true> <Delay = 0.00> <CoreInst = "TAddSub">   --->   Core 10 'TAddSub' <Latency = 0> <II = 1> <Delay = 1.99> <IPBlock> <Opcode : '' 'add' 'sub'> <InPorts = 3> <OutPorts = 1> <Sync> <CReg>
ST_2 : Operation 236 [1/1] (2.11ns)   --->   "%sub_ln58 = sub i9 %zext_ln58_13, i9 %zext_ln73_27" [firmware/nnet_utils/nnet_dense_latency.h:58]   --->   Operation 236 'sub' 'sub_ln58' <Predicate = true> <Delay = 2.11> <CoreInst = "Adder">   --->   Core 1 'Adder' <Latency = 0> <II = 1> <Delay = 2.11> <FuncUnit> <Opcode : 'add' 'sub'> <InPorts = 2> <OutPorts = 1>
ST_2 : Operation 237 [1/1] (0.00ns)   --->   "%sext_ln58_15 = sext i9 %sub_ln58" [firmware/nnet_utils/nnet_dense_latency.h:58]   --->   Operation 237 'sext' 'sext_ln58_15' <Predicate = true> <Delay = 0.00>
ST_2 : Operation 238 [1/1] (3.81ns) (root node of TernaryAdder)   --->   "%add_ln58_15 = add i11 %sext_ln58_15, i11 %add_ln58_14" [firmware/nnet_utils/nnet_dense_latency.h:58]   --->   Operation 238 'add' 'add_ln58_15' <Predicate = true> <Delay = 3.81> <CoreInst = "TAddSub">   --->   Core 10 'TAddSub' <Latency = 0> <II = 1> <Delay = 1.99> <IPBlock> <Opcode : '' 'add' 'sub'> <InPorts = 3> <OutPorts = 1> <Sync> <CReg>
ST_2 : Operation 239 [1/1] (0.00ns)   --->   "%sext_ln58_16 = sext i11 %add_ln58_15" [firmware/nnet_utils/nnet_dense_latency.h:58]   --->   Operation 239 'sext' 'sext_ln58_16' <Predicate = true> <Delay = 0.00>
ST_2 : Operation 240 [1/1] (2.13ns)   --->   "%add_ln58_16 = add i13 %sext_ln58_16, i13 %sext_ln58_14" [firmware/nnet_utils/nnet_dense_latency.h:58]   --->   Operation 240 'add' 'add_ln58_16' <Predicate = true> <Delay = 2.13> <CoreInst = "Adder">   --->   Core 1 'Adder' <Latency = 0> <II = 1> <Delay = 2.13> <FuncUnit> <Opcode : 'add' 'sub'> <InPorts = 2> <OutPorts = 1>
ST_2 : Operation 241 [1/1] (0.00ns)   --->   "%sext_ln58_17 = sext i13 %add_ln58_16" [firmware/nnet_utils/nnet_dense_latency.h:58]   --->   Operation 241 'sext' 'sext_ln58_17' <Predicate = true> <Delay = 0.00>
ST_2 : Operation 242 [1/1] (3.94ns) (root node of TernaryAdder)   --->   "%add_ln58_17 = add i14 %sext_ln58_17, i14 %add_ln58_11" [firmware/nnet_utils/nnet_dense_latency.h:58]   --->   Operation 242 'add' 'add_ln58_17' <Predicate = true> <Delay = 3.94> <CoreInst = "TAddSub">   --->   Core 10 'TAddSub' <Latency = 0> <II = 1> <Delay = 1.99> <IPBlock> <Opcode : '' 'add' 'sub'> <InPorts = 3> <OutPorts = 1> <Sync> <CReg>
ST_2 : Operation 243 [1/1] (0.00ns)   --->   "%sext_ln58_4 = sext i14 %add_ln58_17" [firmware/nnet_utils/nnet_dense_latency.h:58]   --->   Operation 243 'sext' 'sext_ln58_4' <Predicate = true> <Delay = 0.00>
ST_2 : Operation 244 [1/1] (2.13ns)   --->   "%add_ln58_18 = add i15 %sext_ln58_4, i15 %zext_ln58_12" [firmware/nnet_utils/nnet_dense_latency.h:58]   --->   Operation 244 'add' 'add_ln58_18' <Predicate = true> <Delay = 2.13> <CoreInst = "Adder">   --->   Core 1 'Adder' <Latency = 0> <II = 1> <Delay = 2.13> <FuncUnit> <Opcode : 'add' 'sub'> <InPorts = 2> <OutPorts = 1>
ST_2 : Operation 245 [1/1] (0.00ns)   --->   "%sext_ln58_5 = sext i15 %add_ln58_18" [firmware/nnet_utils/nnet_dense_latency.h:58]   --->   Operation 245 'sext' 'sext_ln58_5' <Predicate = true> <Delay = 0.00>
ST_2 : Operation 246 [1/1] (0.00ns)   --->   "%sext_ln58_6 = sext i13 %add_ln58_24" [firmware/nnet_utils/nnet_dense_latency.h:58]   --->   Operation 246 'sext' 'sext_ln58_6' <Predicate = true> <Delay = 0.00>
ST_2 : Operation 247 [1/1] (2.13ns)   --->   "%add_ln58_25 = add i14 %sext_ln58_6, i14 %mul_ln73_15_cast_i" [firmware/nnet_utils/nnet_dense_latency.h:58]   --->   Operation 247 'add' 'add_ln58_25' <Predicate = true> <Delay = 2.13> <CoreInst = "Adder">   --->   Core 1 'Adder' <Latency = 0> <II = 1> <Delay = 2.13> <FuncUnit> <Opcode : 'add' 'sub'> <InPorts = 2> <OutPorts = 1>
ST_2 : Operation 248 [1/1] (3.85ns) (root node of TernaryAdder)   --->   "%add_ln58_26 = add i12 %sub_ln73_20, i12 %zext_ln58_5" [firmware/nnet_utils/nnet_dense_latency.h:58]   --->   Operation 248 'add' 'add_ln58_26' <Predicate = true> <Delay = 3.85> <CoreInst = "TAddSub">   --->   Core 10 'TAddSub' <Latency = 0> <II = 1> <Delay = 1.99> <IPBlock> <Opcode : '' 'add' 'sub'> <InPorts = 3> <OutPorts = 1> <Sync> <CReg>
ST_2 : Operation 249 [1/1] (0.00ns)   --->   "%sext_ln58_20 = sext i12 %add_ln58_26" [firmware/nnet_utils/nnet_dense_latency.h:58]   --->   Operation 249 'sext' 'sext_ln58_20' <Predicate = true> <Delay = 0.00>
ST_2 : Operation 250 [1/1] (0.00ns) (grouped into TernaryAdder)   --->   "%add_ln58_27 = add i14 %sext_ln58_20, i14 %add_ln58_25" [firmware/nnet_utils/nnet_dense_latency.h:58]   --->   Operation 250 'add' 'add_ln58_27' <Predicate = true> <Delay = 0.00> <CoreInst = "TAddSub">   --->   Core 10 'TAddSub' <Latency = 0> <II = 1> <Delay = 1.99> <IPBlock> <Opcode : '' 'add' 'sub'> <InPorts = 3> <OutPorts = 1> <Sync> <CReg>
ST_2 : Operation 251 [1/1] (2.12ns)   --->   "%add_ln58_28 = add i12 %zext_ln58_8, i12 %mul_ln73_18_cast" [firmware/nnet_utils/nnet_dense_latency.h:58]   --->   Operation 251 'add' 'add_ln58_28' <Predicate = true> <Delay = 2.12> <CoreInst = "Adder">   --->   Core 1 'Adder' <Latency = 0> <II = 1> <Delay = 2.12> <FuncUnit> <Opcode : 'add' 'sub'> <InPorts = 2> <OutPorts = 1>
ST_2 : Operation 252 [1/1] (0.00ns)   --->   "%sext_ln58_21 = sext i12 %add_ln58_28" [firmware/nnet_utils/nnet_dense_latency.h:58]   --->   Operation 252 'sext' 'sext_ln58_21' <Predicate = true> <Delay = 0.00>
ST_2 : Operation 253 [1/1] (2.12ns)   --->   "%add_ln58_29 = add i11 %zext_ln58_6, i11 %sub_ln73_2_cast" [firmware/nnet_utils/nnet_dense_latency.h:58]   --->   Operation 253 'add' 'add_ln58_29' <Predicate = true> <Delay = 2.12> <CoreInst = "Adder">   --->   Core 1 'Adder' <Latency = 0> <II = 1> <Delay = 2.12> <FuncUnit> <Opcode : 'add' 'sub'> <InPorts = 2> <OutPorts = 1>
ST_2 : Operation 254 [1/1] (0.00ns)   --->   "%sext_ln58_22 = sext i11 %add_ln58_29" [firmware/nnet_utils/nnet_dense_latency.h:58]   --->   Operation 254 'sext' 'sext_ln58_22' <Predicate = true> <Delay = 0.00>
ST_2 : Operation 255 [1/1] (2.13ns)   --->   "%add_ln58_30 = add i13 %sext_ln58_22, i13 %sext_ln58_21" [firmware/nnet_utils/nnet_dense_latency.h:58]   --->   Operation 255 'add' 'add_ln58_30' <Predicate = true> <Delay = 2.13> <CoreInst = "Adder">   --->   Core 1 'Adder' <Latency = 0> <II = 1> <Delay = 2.13> <FuncUnit> <Opcode : 'add' 'sub'> <InPorts = 2> <OutPorts = 1>
ST_2 : Operation 256 [1/1] (0.00ns)   --->   "%sext_ln58_23 = sext i13 %add_ln58_30" [firmware/nnet_utils/nnet_dense_latency.h:58]   --->   Operation 256 'sext' 'sext_ln58_23' <Predicate = true> <Delay = 0.00>
ST_2 : Operation 257 [1/1] (3.94ns) (root node of TernaryAdder)   --->   "%add_ln58_31 = add i14 %sext_ln58_23, i14 %add_ln58_27" [firmware/nnet_utils/nnet_dense_latency.h:58]   --->   Operation 257 'add' 'add_ln58_31' <Predicate = true> <Delay = 3.94> <CoreInst = "TAddSub">   --->   Core 10 'TAddSub' <Latency = 0> <II = 1> <Delay = 1.99> <IPBlock> <Opcode : '' 'add' 'sub'> <InPorts = 3> <OutPorts = 1> <Sync> <CReg>
ST_2 : Operation 258 [1/1] (0.00ns)   --->   "%sext_ln58_7 = sext i14 %add_ln58_31" [firmware/nnet_utils/nnet_dense_latency.h:58]   --->   Operation 258 'sext' 'sext_ln58_7' <Predicate = true> <Delay = 0.00>
ST_2 : Operation 259 [1/1] (2.13ns)   --->   "%add_ln58_32 = add i15 %sext_ln58_7, i15 %mul_ln73_26_cast_i" [firmware/nnet_utils/nnet_dense_latency.h:58]   --->   Operation 259 'add' 'add_ln58_32' <Predicate = true> <Delay = 2.13> <CoreInst = "Adder">   --->   Core 1 'Adder' <Latency = 0> <II = 1> <Delay = 2.13> <FuncUnit> <Opcode : 'add' 'sub'> <InPorts = 2> <OutPorts = 1>
ST_2 : Operation 260 [1/1] (2.12ns)   --->   "%add_ln58_33 = add i12 %mul_ln73_22_cast, i12 %mul_ln73_29_cast" [firmware/nnet_utils/nnet_dense_latency.h:58]   --->   Operation 260 'add' 'add_ln58_33' <Predicate = true> <Delay = 2.12> <CoreInst = "Adder">   --->   Core 1 'Adder' <Latency = 0> <II = 1> <Delay = 2.12> <FuncUnit> <Opcode : 'add' 'sub'> <InPorts = 2> <OutPorts = 1>
ST_2 : Operation 261 [1/1] (0.00ns)   --->   "%sext_ln58_24 = sext i12 %add_ln58_33" [firmware/nnet_utils/nnet_dense_latency.h:58]   --->   Operation 261 'sext' 'sext_ln58_24' <Predicate = true> <Delay = 0.00>
ST_2 : Operation 262 [1/1] (2.13ns)   --->   "%add_ln58_34 = add i13 %sext_ln58_24, i13 %mul_ln73_20_cast" [firmware/nnet_utils/nnet_dense_latency.h:58]   --->   Operation 262 'add' 'add_ln58_34' <Predicate = true> <Delay = 2.13> <CoreInst = "Adder">   --->   Core 1 'Adder' <Latency = 0> <II = 1> <Delay = 2.13> <FuncUnit> <Opcode : 'add' 'sub'> <InPorts = 2> <OutPorts = 1>
ST_2 : Operation 263 [1/1] (0.00ns)   --->   "%sext_ln58_25 = sext i13 %add_ln58_34" [firmware/nnet_utils/nnet_dense_latency.h:58]   --->   Operation 263 'sext' 'sext_ln58_25' <Predicate = true> <Delay = 0.00>
ST_2 : Operation 264 [1/1] (0.00ns) (grouped into TernaryAdder)   --->   "%add_ln58_35 = add i15 %sext_ln58_25, i15 %add_ln58_32" [firmware/nnet_utils/nnet_dense_latency.h:58]   --->   Operation 264 'add' 'add_ln58_35' <Predicate = true> <Delay = 0.00> <CoreInst = "TAddSub">   --->   Core 10 'TAddSub' <Latency = 0> <II = 1> <Delay = 1.99> <IPBlock> <Opcode : '' 'add' 'sub'> <InPorts = 3> <OutPorts = 1> <Sync> <CReg>
ST_2 : Operation 265 [1/1] (2.12ns)   --->   "%add_ln58_36 = add i11 %zext_ln58_9, i11 %shl_ln73_3_cast" [firmware/nnet_utils/nnet_dense_latency.h:58]   --->   Operation 265 'add' 'add_ln58_36' <Predicate = true> <Delay = 2.12> <CoreInst = "Adder">   --->   Core 1 'Adder' <Latency = 0> <II = 1> <Delay = 2.12> <FuncUnit> <Opcode : 'add' 'sub'> <InPorts = 2> <OutPorts = 1>
ST_2 : Operation 266 [1/1] (0.00ns)   --->   "%zext_ln58_15 = zext i11 %add_ln58_36" [firmware/nnet_utils/nnet_dense_latency.h:58]   --->   Operation 266 'zext' 'zext_ln58_15' <Predicate = true> <Delay = 0.00>
ST_2 : Operation 267 [1/1] (2.12ns)   --->   "%add_ln58_37 = add i12 %zext_ln58_15, i12 %sext_ln58" [firmware/nnet_utils/nnet_dense_latency.h:58]   --->   Operation 267 'add' 'add_ln58_37' <Predicate = true> <Delay = 2.12> <CoreInst = "Adder">   --->   Core 1 'Adder' <Latency = 0> <II = 1> <Delay = 2.12> <FuncUnit> <Opcode : 'add' 'sub'> <InPorts = 2> <OutPorts = 1>
ST_2 : Operation 268 [1/1] (0.00ns)   --->   "%sext_ln58_26 = sext i12 %add_ln58_37" [firmware/nnet_utils/nnet_dense_latency.h:58]   --->   Operation 268 'sext' 'sext_ln58_26' <Predicate = true> <Delay = 0.00>
ST_2 : Operation 269 [1/1] (0.00ns) (grouped into TernaryAdder)   --->   "%add_ln58_38 = add i10 %sub_ln73_6_cast, i10 %shl_ln73_2_cast" [firmware/nnet_utils/nnet_dense_latency.h:58]   --->   Operation 269 'add' 'add_ln58_38' <Predicate = true> <Delay = 0.00> <CoreInst = "TAddSub">   --->   Core 10 'TAddSub' <Latency = 0> <II = 1> <Delay = 1.99> <IPBlock> <Opcode : '' 'add' 'sub'> <InPorts = 3> <OutPorts = 1> <Sync> <CReg>
ST_2 : Operation 270 [1/1] (3.76ns) (root node of TernaryAdder)   --->   "%add_ln58_39 = add i10 %add_ln58_38, i10 %sub_ln73_4_cast" [firmware/nnet_utils/nnet_dense_latency.h:58]   --->   Operation 270 'add' 'add_ln58_39' <Predicate = true> <Delay = 3.76> <CoreInst = "TAddSub">   --->   Core 10 'TAddSub' <Latency = 0> <II = 1> <Delay = 1.99> <IPBlock> <Opcode : '' 'add' 'sub'> <InPorts = 3> <OutPorts = 1> <Sync> <CReg>
ST_2 : Operation 271 [1/1] (0.00ns)   --->   "%sext_ln58_27 = sext i10 %add_ln58_39" [firmware/nnet_utils/nnet_dense_latency.h:58]   --->   Operation 271 'sext' 'sext_ln58_27' <Predicate = true> <Delay = 0.00>
ST_2 : Operation 272 [1/1] (2.13ns)   --->   "%add_ln58_40 = add i13 %sext_ln58_27, i13 %sext_ln58_26" [firmware/nnet_utils/nnet_dense_latency.h:58]   --->   Operation 272 'add' 'add_ln58_40' <Predicate = true> <Delay = 2.13> <CoreInst = "Adder">   --->   Core 1 'Adder' <Latency = 0> <II = 1> <Delay = 2.13> <FuncUnit> <Opcode : 'add' 'sub'> <InPorts = 2> <OutPorts = 1>
ST_2 : Operation 273 [1/1] (0.00ns)   --->   "%sext_ln58_28 = sext i13 %add_ln58_40" [firmware/nnet_utils/nnet_dense_latency.h:58]   --->   Operation 273 'sext' 'sext_ln58_28' <Predicate = true> <Delay = 0.00>
ST_2 : Operation 274 [1/1] (3.99ns) (root node of TernaryAdder)   --->   "%add_ln58_41 = add i15 %sext_ln58_28, i15 %add_ln58_35" [firmware/nnet_utils/nnet_dense_latency.h:58]   --->   Operation 274 'add' 'add_ln58_41' <Predicate = true> <Delay = 3.99> <CoreInst = "TAddSub">   --->   Core 10 'TAddSub' <Latency = 0> <II = 1> <Delay = 1.99> <IPBlock> <Opcode : '' 'add' 'sub'> <InPorts = 3> <OutPorts = 1> <Sync> <CReg>
ST_2 : Operation 275 [1/1] (0.00ns)   --->   "%sext_ln68 = sext i15 %add_ln58_41" [firmware/nnet_utils/nnet_dense_latency.h:68]   --->   Operation 275 'sext' 'sext_ln68' <Predicate = true> <Delay = 0.00>
ST_2 : Operation 276 [1/1] (0.00ns)   --->   "%mrv_i = insertvalue i40 <undef>, i20 %sext_ln58_5" [firmware/nnet_utils/nnet_dense_latency.h:68]   --->   Operation 276 'insertvalue' 'mrv_i' <Predicate = true> <Delay = 0.00>
ST_2 : Operation 277 [1/1] (0.00ns)   --->   "%mrv_1_i = insertvalue i40 %mrv_i, i20 %sext_ln68" [firmware/nnet_utils/nnet_dense_latency.h:68]   --->   Operation 277 'insertvalue' 'mrv_1_i' <Predicate = true> <Delay = 0.00>
ST_2 : Operation 278 [1/1] (0.00ns)   --->   "%ret_ln13 = ret i40 %mrv_1_i" [firmware/nnet_utils/nnet_dense_latency.h:13]   --->   Operation 278 'ret' 'ret_ln13' <Predicate = true> <Delay = 0.00>


============================================================
+ Verbose Summary: Timing violations
============================================================
Target clock period: 30.000ns, clock uncertainty: 8.100ns.

 <State 1>: 11.964ns
The critical path consists of the following:
	'load' operation 8 bit ('a') on static variable 'void_compute_output_buffer_2d_array_const_ap_shift_reg_n_chan_stream_weig_6' [56]  (0.000 ns)
	'sub' operation 10 bit ('sub_ln73_10', firmware/nnet_utils/nnet_mult.h:73->firmware/nnet_utils/nnet_dense_latency.h:42) [65]  (2.123 ns)
	'add' operation 11 bit ('add_ln58_21', firmware/nnet_utils/nnet_dense_latency.h:58) [262]  (3.813 ns)
	'add' operation 12 bit ('add_ln58_23', firmware/nnet_utils/nnet_dense_latency.h:58) [266]  (2.127 ns)
	'add' operation 13 bit ('add_ln58_24', firmware/nnet_utils/nnet_dense_latency.h:58) [268]  (3.902 ns)

 <State 2>: 16.461ns
The critical path consists of the following:
	'load' operation 8 bit ('a') on static variable 'p_ZZN4nnet24compute_output_buffer_2dINS_5arrayI7ap_uintILi8EELj1EEENS1_I8ap_fixed_10' [136]  (0.000 ns)
	'sub' operation 11 bit ('sub_ln73_22', firmware/nnet_utils/nnet_mult.h:73->firmware/nnet_utils/nnet_dense_latency.h:42) [143]  (2.127 ns)
	'add' operation 12 bit ('add_ln58_28', firmware/nnet_utils/nnet_dense_latency.h:58) [274]  (2.127 ns)
	'add' operation 13 bit ('add_ln58_30', firmware/nnet_utils/nnet_dense_latency.h:58) [278]  (2.131 ns)
	'add' operation 14 bit ('add_ln58_31', firmware/nnet_utils/nnet_dense_latency.h:58) [280]  (3.947 ns)
	'add' operation 15 bit ('add_ln58_32', firmware/nnet_utils/nnet_dense_latency.h:58) [282]  (2.138 ns)
	'add' operation 15 bit ('add_ln58_35', firmware/nnet_utils/nnet_dense_latency.h:58) [287]  (0.000 ns)
	'add' operation 15 bit ('add_ln58_41', firmware/nnet_utils/nnet_dense_latency.h:58) [297]  (3.992 ns)


============================================================
+ Verbose Summary: Binding
============================================================
N/A
* FSMD analyzer results:
  - Output states:
 - Input state : 
  - Chain level:
	State 1
	State 2


============================================================
+ Verbose Summary: Datapath Resource usage 
============================================================
N/A
