

================================================================
== Vitis HLS Report for 'dense_resource_rf_leq_nin_ap_fixed_ap_fixed_31_17_5_3_0_config14_s'
================================================================
* Date:           Mon Apr 28 17:44:43 2025

* Version:        2024.2 (Build 5238294 on Nov  8 2024)
* Project:        myproject_prj
* Solution:       solution1 (Vivado IP Flow Target)
* Product family: artix7
* Target device:  xc7a35t-cpg236-1


================================================================
== Performance Estimates
================================================================
+ Timing: 
    * Summary: 
    +--------+----------+-----------+------------+
    |  Clock |  Target  | Estimated | Uncertainty|
    +--------+----------+-----------+------------+
    |ap_clk  |  30.00 ns|  10.659 ns|     8.10 ns|
    +--------+----------+-----------+------------+

+ Latency: 
    * Summary: 
    +---------+---------+----------+----------+-----+-----+-------------------------------------------+
    |  Latency (cycles) |  Latency (absolute) |  Interval |                  Pipeline                 |
    |   min   |   max   |    min   |    max   | min | max |                    Type                   |
    +---------+---------+----------+----------+-----+-----+-------------------------------------------+
    |       10|       11|  0.300 us|  0.330 us|   10|   10|  loop rewind stp (delay=0 clock cycles(s))|
    +---------+---------+----------+----------+-----+-----+-------------------------------------------+

    + Detail: 
        * Instance: 
        N/A

        * Loop: 
        +-------------+---------+---------+----------+-----------+-----------+------+----------+
        |             |  Latency (cycles) | Iteration|  Initiation Interval  | Trip |          |
        |  Loop Name  |   min   |   max   |  Latency |  achieved |   target  | Count| Pipelined|
        +-------------+---------+---------+----------+-----------+-----------+------+----------+
        |- ReuseLoop  |       10|       10|         2|          1|          1|    10|       yes|
        +-------------+---------+---------+----------+-----------+-----------+------+----------+

============================================================
+ Verbose Summary: Synthesis Manager
============================================================
InlineROM: 1
ExposeGlobal: 0
============================================================
+ Verbose Summary: CDFG Model
============================================================
IsTopModel: 0
ResetActiveHigh: 1
IsCombinational: 0
IsDatapathOnly: 0
HasWiredReturn: 1
HasMFsm: 2
HasVarLatency: 1
IsPipeline: 0
IsRtlPipelined: 0
IsInstanceOverlapped: 0
IsDontTouch: 0
HasImplIP: 0
IsGatedGlobalClock: 0

+ Individual pipeline summary: 
  * Pipeline-0: initiation interval (II) = 1, depth = 2


============================================================
+ Verbose Summary: Schedule
============================================================
* Number of FSM states : 3
* Pipeline : 1
  Pipeline-0 : II = 1, D = 2, States = { 2 3 }
* Dataflow Pipeline: 0

* FSM state transitions: 
1 --> 2 
2 --> 3 
3 --> 2 

* FSM state operations: 

State 1 <SV = 0> <Delay = 1.61>
ST_1 : Operation 4 [1/1] (1.61ns)   --->   "%br_ln46 = br void %rewind_header" [firmware/nnet_utils/nnet_dense_resource.h:46]   --->   Operation 4 'br' 'br_ln46' <Predicate = true> <Delay = 1.61>

State 2 <SV = 1> <Delay = 3.25>
ST_2 : Operation 5 [1/1] (0.00ns)   --->   "%do_init = phi i1 1, void %entry, i1 0, void %MultLoop.split, i1 1, void %Result"   --->   Operation 5 'phi' 'do_init' <Predicate = true> <Delay = 0.00>
ST_2 : Operation 6 [1/1] (0.00ns)   --->   "%w_index3 = phi i4 0, void %entry, i4 %w_index, void %MultLoop.split, i4 0, void %Result"   --->   Operation 6 'phi' 'w_index3' <Predicate = true> <Delay = 0.00>
ST_2 : Operation 7 [1/1] (0.00ns)   --->   "%specmemcore_ln0 = specmemcore void @_ssdm_op_SpecMemCore, i5 %w14, i64 666, i64 38, i64 18446744073709551615"   --->   Operation 7 'specmemcore' 'specmemcore_ln0' <Predicate = (do_init)> <Delay = 0.00>
ST_2 : Operation 8 [1/1] (0.00ns)   --->   "%data_9_val_read = read i20 @_ssdm_op_Read.ap_auto.i20, i20 %data_9_val" [firmware/nnet_utils/nnet_dense_resource.h:46]   --->   Operation 8 'read' 'data_9_val_read' <Predicate = (do_init)> <Delay = 0.00>
ST_2 : Operation 9 [1/1] (0.00ns)   --->   "%data_8_val_read = read i20 @_ssdm_op_Read.ap_auto.i20, i20 %data_8_val" [firmware/nnet_utils/nnet_dense_resource.h:46]   --->   Operation 9 'read' 'data_8_val_read' <Predicate = (do_init)> <Delay = 0.00>
ST_2 : Operation 10 [1/1] (0.00ns)   --->   "%data_7_val_read = read i20 @_ssdm_op_Read.ap_auto.i20, i20 %data_7_val" [firmware/nnet_utils/nnet_dense_resource.h:46]   --->   Operation 10 'read' 'data_7_val_read' <Predicate = (do_init)> <Delay = 0.00>
ST_2 : Operation 11 [1/1] (0.00ns)   --->   "%data_6_val_read = read i20 @_ssdm_op_Read.ap_auto.i20, i20 %data_6_val" [firmware/nnet_utils/nnet_dense_resource.h:46]   --->   Operation 11 'read' 'data_6_val_read' <Predicate = (do_init)> <Delay = 0.00>
ST_2 : Operation 12 [1/1] (0.00ns)   --->   "%data_5_val_read = read i20 @_ssdm_op_Read.ap_auto.i20, i20 %data_5_val" [firmware/nnet_utils/nnet_dense_resource.h:46]   --->   Operation 12 'read' 'data_5_val_read' <Predicate = (do_init)> <Delay = 0.00>
ST_2 : Operation 13 [1/1] (0.00ns)   --->   "%data_4_val_read = read i20 @_ssdm_op_Read.ap_auto.i20, i20 %data_4_val" [firmware/nnet_utils/nnet_dense_resource.h:46]   --->   Operation 13 'read' 'data_4_val_read' <Predicate = (do_init)> <Delay = 0.00>
ST_2 : Operation 14 [1/1] (0.00ns)   --->   "%data_3_val_read = read i20 @_ssdm_op_Read.ap_auto.i20, i20 %data_3_val" [firmware/nnet_utils/nnet_dense_resource.h:46]   --->   Operation 14 'read' 'data_3_val_read' <Predicate = (do_init)> <Delay = 0.00>
ST_2 : Operation 15 [1/1] (0.00ns)   --->   "%data_2_val_read = read i20 @_ssdm_op_Read.ap_auto.i20, i20 %data_2_val" [firmware/nnet_utils/nnet_dense_resource.h:46]   --->   Operation 15 'read' 'data_2_val_read' <Predicate = (do_init)> <Delay = 0.00>
ST_2 : Operation 16 [1/1] (0.00ns)   --->   "%data_1_val_read = read i20 @_ssdm_op_Read.ap_auto.i20, i20 %data_1_val" [firmware/nnet_utils/nnet_dense_resource.h:46]   --->   Operation 16 'read' 'data_1_val_read' <Predicate = (do_init)> <Delay = 0.00>
ST_2 : Operation 17 [1/1] (0.00ns)   --->   "%data_0_val_read = read i20 @_ssdm_op_Read.ap_auto.i20, i20 %data_0_val" [firmware/nnet_utils/nnet_dense_resource.h:46]   --->   Operation 17 'read' 'data_0_val_read' <Predicate = (do_init)> <Delay = 0.00>
ST_2 : Operation 18 [1/1] (1.61ns)   --->   "%br_ln46 = br void %MultLoop.split" [firmware/nnet_utils/nnet_dense_resource.h:46]   --->   Operation 18 'br' 'br_ln46' <Predicate = (do_init)> <Delay = 1.61>
ST_2 : Operation 19 [1/1] (0.00ns)   --->   "%zext_ln46 = zext i4 %w_index3" [firmware/nnet_utils/nnet_dense_resource.h:46]   --->   Operation 19 'zext' 'zext_ln46' <Predicate = true> <Delay = 0.00>
ST_2 : Operation 20 [1/1] (0.00ns)   --->   "%w14_addr = getelementptr i5 %w14, i64 0, i64 %zext_ln46" [firmware/nnet_utils/nnet_dense_resource.h:59]   --->   Operation 20 'getelementptr' 'w14_addr' <Predicate = true> <Delay = 0.00>
ST_2 : Operation 21 [2/2] (3.25ns)   --->   "%w = load i4 %w14_addr" [firmware/nnet_utils/nnet_dense_resource.h:59]   --->   Operation 21 'load' 'w' <Predicate = true> <Delay = 3.25> <CoreInst = "ROM_nP_BRAM">   --->   Core 102 'ROM_nP_BRAM' <Latency = 1> <II = 1> <Delay = 3.25> <Storage> <Opcode : 'load'> <Ports = 0> <Width = 5> <Depth = 10> <ROM>
ST_2 : Operation 22 [1/1] (1.77ns)   --->   "%w_index = add i4 %w_index3, i4 1" [firmware/nnet_utils/nnet_dense_resource.h:46]   --->   Operation 22 'add' 'w_index' <Predicate = true> <Delay = 1.77> <CoreInst = "Adder">   --->   Core 1 'Adder' <Latency = 0> <II = 1> <Delay = 1.77> <FuncUnit> <Opcode : 'add' 'sub'> <InPorts = 2> <OutPorts = 1>
ST_2 : Operation 23 [1/1] (1.77ns)   --->   "%icmp_ln46 = icmp_eq  i4 %w_index3, i4 9" [firmware/nnet_utils/nnet_dense_resource.h:46]   --->   Operation 23 'icmp' 'icmp_ln46' <Predicate = true> <Delay = 1.77> <CoreInst = "Cmp">   --->   Core 9 'Cmp' <Latency = 0> <II = 1> <Delay = 1.77> <FuncUnit> <Opcode : 'seteq' 'setne' 'setle' 'setge' 'setlt' 'setgt'> <InPorts = 2> <OutPorts = 1>
ST_2 : Operation 24 [1/1] (0.00ns)   --->   "%br_ln46 = br i1 %icmp_ln46, void %rewind_header, void %Result" [firmware/nnet_utils/nnet_dense_resource.h:46]   --->   Operation 24 'br' 'br_ln46' <Predicate = true> <Delay = 0.00>
ST_2 : Operation 25 [1/1] (0.00ns)   --->   "%br_ln84 = br void %rewind_header" [firmware/nnet_utils/nnet_dense_resource.h:84]   --->   Operation 25 'br' 'br_ln84' <Predicate = (icmp_ln46)> <Delay = 0.00>

State 3 <SV = 2> <Delay = 10.6>
ST_3 : Operation 26 [1/1] (0.00ns)   --->   "%data_0_val4_rewind = phi i20 0, void %entry, i20 %data_0_val4_phi, void %MultLoop.split, i20 0, void %Result" [firmware/nnet_utils/nnet_dense_resource.h:46]   --->   Operation 26 'phi' 'data_0_val4_rewind' <Predicate = true> <Delay = 0.00>
ST_3 : Operation 27 [1/1] (0.00ns)   --->   "%data_1_val5_rewind = phi i20 0, void %entry, i20 %data_1_val5_phi, void %MultLoop.split, i20 0, void %Result" [firmware/nnet_utils/nnet_dense_resource.h:46]   --->   Operation 27 'phi' 'data_1_val5_rewind' <Predicate = true> <Delay = 0.00>
ST_3 : Operation 28 [1/1] (0.00ns)   --->   "%data_2_val6_rewind = phi i20 0, void %entry, i20 %data_2_val6_phi, void %MultLoop.split, i20 0, void %Result" [firmware/nnet_utils/nnet_dense_resource.h:46]   --->   Operation 28 'phi' 'data_2_val6_rewind' <Predicate = true> <Delay = 0.00>
ST_3 : Operation 29 [1/1] (0.00ns)   --->   "%data_3_val7_rewind = phi i20 0, void %entry, i20 %data_3_val7_phi, void %MultLoop.split, i20 0, void %Result" [firmware/nnet_utils/nnet_dense_resource.h:46]   --->   Operation 29 'phi' 'data_3_val7_rewind' <Predicate = true> <Delay = 0.00>
ST_3 : Operation 30 [1/1] (0.00ns)   --->   "%data_4_val8_rewind = phi i20 0, void %entry, i20 %data_4_val8_phi, void %MultLoop.split, i20 0, void %Result" [firmware/nnet_utils/nnet_dense_resource.h:46]   --->   Operation 30 'phi' 'data_4_val8_rewind' <Predicate = true> <Delay = 0.00>
ST_3 : Operation 31 [1/1] (0.00ns)   --->   "%data_5_val9_rewind = phi i20 0, void %entry, i20 %data_5_val9_phi, void %MultLoop.split, i20 0, void %Result" [firmware/nnet_utils/nnet_dense_resource.h:46]   --->   Operation 31 'phi' 'data_5_val9_rewind' <Predicate = true> <Delay = 0.00>
ST_3 : Operation 32 [1/1] (0.00ns)   --->   "%data_6_val10_rewind = phi i20 0, void %entry, i20 %data_6_val10_phi, void %MultLoop.split, i20 0, void %Result" [firmware/nnet_utils/nnet_dense_resource.h:46]   --->   Operation 32 'phi' 'data_6_val10_rewind' <Predicate = true> <Delay = 0.00>
ST_3 : Operation 33 [1/1] (0.00ns)   --->   "%data_7_val11_rewind = phi i20 0, void %entry, i20 %data_7_val11_phi, void %MultLoop.split, i20 0, void %Result" [firmware/nnet_utils/nnet_dense_resource.h:46]   --->   Operation 33 'phi' 'data_7_val11_rewind' <Predicate = true> <Delay = 0.00>
ST_3 : Operation 34 [1/1] (0.00ns)   --->   "%data_8_val12_rewind = phi i20 0, void %entry, i20 %data_8_val12_phi, void %MultLoop.split, i20 0, void %Result" [firmware/nnet_utils/nnet_dense_resource.h:46]   --->   Operation 34 'phi' 'data_8_val12_rewind' <Predicate = true> <Delay = 0.00>
ST_3 : Operation 35 [1/1] (0.00ns)   --->   "%data_9_val13_rewind = phi i20 0, void %entry, i20 %data_9_val13_phi, void %MultLoop.split, i20 0, void %Result" [firmware/nnet_utils/nnet_dense_resource.h:46]   --->   Operation 35 'phi' 'data_9_val13_rewind' <Predicate = true> <Delay = 0.00>
ST_3 : Operation 36 [1/1] (0.00ns)   --->   "%empty = phi i27 0, void %entry, i27 %add_ln58, void %MultLoop.split, i27 0, void %Result" [firmware/nnet_utils/nnet_dense_resource.h:58]   --->   Operation 36 'phi' 'empty' <Predicate = true> <Delay = 0.00>
ST_3 : Operation 37 [1/1] (1.61ns)   --->   "%br_ln0 = br i1 %do_init, void %MultLoop.split, void %rewind_init"   --->   Operation 37 'br' 'br_ln0' <Predicate = true> <Delay = 1.61>
ST_3 : Operation 38 [1/1] (0.00ns)   --->   "%data_0_val4_phi = phi i20 %data_0_val_read, void %rewind_init, i20 %data_0_val4_rewind, void %rewind_header" [firmware/nnet_utils/nnet_dense_resource.h:46]   --->   Operation 38 'phi' 'data_0_val4_phi' <Predicate = true> <Delay = 0.00>
ST_3 : Operation 39 [1/1] (0.00ns)   --->   "%data_1_val5_phi = phi i20 %data_1_val_read, void %rewind_init, i20 %data_1_val5_rewind, void %rewind_header" [firmware/nnet_utils/nnet_dense_resource.h:46]   --->   Operation 39 'phi' 'data_1_val5_phi' <Predicate = true> <Delay = 0.00>
ST_3 : Operation 40 [1/1] (0.00ns)   --->   "%data_2_val6_phi = phi i20 %data_2_val_read, void %rewind_init, i20 %data_2_val6_rewind, void %rewind_header" [firmware/nnet_utils/nnet_dense_resource.h:46]   --->   Operation 40 'phi' 'data_2_val6_phi' <Predicate = true> <Delay = 0.00>
ST_3 : Operation 41 [1/1] (0.00ns)   --->   "%data_3_val7_phi = phi i20 %data_3_val_read, void %rewind_init, i20 %data_3_val7_rewind, void %rewind_header" [firmware/nnet_utils/nnet_dense_resource.h:46]   --->   Operation 41 'phi' 'data_3_val7_phi' <Predicate = true> <Delay = 0.00>
ST_3 : Operation 42 [1/1] (0.00ns)   --->   "%data_4_val8_phi = phi i20 %data_4_val_read, void %rewind_init, i20 %data_4_val8_rewind, void %rewind_header" [firmware/nnet_utils/nnet_dense_resource.h:46]   --->   Operation 42 'phi' 'data_4_val8_phi' <Predicate = true> <Delay = 0.00>
ST_3 : Operation 43 [1/1] (0.00ns)   --->   "%data_5_val9_phi = phi i20 %data_5_val_read, void %rewind_init, i20 %data_5_val9_rewind, void %rewind_header" [firmware/nnet_utils/nnet_dense_resource.h:46]   --->   Operation 43 'phi' 'data_5_val9_phi' <Predicate = true> <Delay = 0.00>
ST_3 : Operation 44 [1/1] (0.00ns)   --->   "%data_6_val10_phi = phi i20 %data_6_val_read, void %rewind_init, i20 %data_6_val10_rewind, void %rewind_header" [firmware/nnet_utils/nnet_dense_resource.h:46]   --->   Operation 44 'phi' 'data_6_val10_phi' <Predicate = true> <Delay = 0.00>
ST_3 : Operation 45 [1/1] (0.00ns)   --->   "%data_7_val11_phi = phi i20 %data_7_val_read, void %rewind_init, i20 %data_7_val11_rewind, void %rewind_header" [firmware/nnet_utils/nnet_dense_resource.h:46]   --->   Operation 45 'phi' 'data_7_val11_phi' <Predicate = true> <Delay = 0.00>
ST_3 : Operation 46 [1/1] (0.00ns)   --->   "%data_8_val12_phi = phi i20 %data_8_val_read, void %rewind_init, i20 %data_8_val12_rewind, void %rewind_header" [firmware/nnet_utils/nnet_dense_resource.h:46]   --->   Operation 46 'phi' 'data_8_val12_phi' <Predicate = true> <Delay = 0.00>
ST_3 : Operation 47 [1/1] (0.00ns)   --->   "%data_9_val13_phi = phi i20 %data_9_val_read, void %rewind_init, i20 %data_9_val13_rewind, void %rewind_header" [firmware/nnet_utils/nnet_dense_resource.h:46]   --->   Operation 47 'phi' 'data_9_val13_phi' <Predicate = true> <Delay = 0.00>
ST_3 : Operation 48 [1/1] (0.00ns)   --->   "%specpipeline_ln47 = specpipeline void @_ssdm_op_SpecPipeline, i32 1, i32 0, i32 0, i32 1, void @empty_3" [firmware/nnet_utils/nnet_dense_resource.h:47]   --->   Operation 48 'specpipeline' 'specpipeline_ln47' <Predicate = true> <Delay = 0.00>
ST_3 : Operation 49 [1/1] (0.00ns)   --->   "%speclooptripcount_ln49 = speclooptripcount void @_ssdm_op_SpecLoopTripCount, i64 10, i64 10, i64 10" [firmware/nnet_utils/nnet_dense_resource.h:49]   --->   Operation 49 'speclooptripcount' 'speclooptripcount_ln49' <Predicate = true> <Delay = 0.00>
ST_3 : Operation 50 [1/1] (0.00ns)   --->   "%specloopname_ln46 = specloopname void @_ssdm_op_SpecLoopName, void @empty_6" [firmware/nnet_utils/nnet_dense_resource.h:46]   --->   Operation 50 'specloopname' 'specloopname_ln46' <Predicate = true> <Delay = 0.00>
ST_3 : Operation 51 [1/1] (1.86ns)   --->   "%a = sparsemux i20 @_ssdm_op_SparseMux.ap_auto.10i20.i20.i4, i4 0, i20 %data_0_val4_phi, i4 1, i20 %data_1_val5_phi, i4 2, i20 %data_2_val6_phi, i4 3, i20 %data_3_val7_phi, i4 4, i20 %data_4_val8_phi, i4 5, i20 %data_5_val9_phi, i4 6, i20 %data_6_val10_phi, i4 7, i20 %data_7_val11_phi, i4 8, i20 %data_8_val12_phi, i4 9, i20 %data_9_val13_phi, i20 0, i4 %w_index3" [firmware/nnet_utils/nnet_dense_resource.h:46]   --->   Operation 51 'sparsemux' 'a' <Predicate = true> <Delay = 1.86> <CoreInst = "BinarySparseMux_DontCare">   --->   Core 137 'BinarySparseMux_DontCare' <Latency = 0> <II = 1> <Delay = 1.86> <FuncUnit> <Opcode : 'sparsemux'> <InPorts = 2> <OutPorts = 1>
ST_3 : Operation 52 [1/2] ( I:3.25ns O:3.25ns )   --->   "%w = load i4 %w14_addr" [firmware/nnet_utils/nnet_dense_resource.h:59]   --->   Operation 52 'load' 'w' <Predicate = true> <Delay = 3.25> <CoreInst = "ROM_nP_BRAM">   --->   Core 102 'ROM_nP_BRAM' <Latency = 1> <II = 1> <Delay = 3.25> <Storage> <Opcode : 'load'> <Ports = 0> <Width = 5> <Depth = 10> <ROM>
ST_3 : Operation 53 [1/1] (0.00ns)   --->   "%sext_ln73 = sext i20 %a" [firmware/nnet_utils/nnet_mult.h:73->firmware/nnet_utils/nnet_dense_resource.h:59]   --->   Operation 53 'sext' 'sext_ln73' <Predicate = true> <Delay = 0.00>
ST_3 : Operation 54 [1/1] (0.00ns)   --->   "%sext_ln73_62 = sext i5 %w" [firmware/nnet_utils/nnet_mult.h:73->firmware/nnet_utils/nnet_dense_resource.h:59]   --->   Operation 54 'sext' 'sext_ln73_62' <Predicate = true> <Delay = 0.00>
ST_3 : Operation 55 [1/1] (3.36ns) (grouped into DSP with root node add_ln58)   --->   "%mul_ln73 = mul i25 %sext_ln73, i25 %sext_ln73_62" [firmware/nnet_utils/nnet_mult.h:73->firmware/nnet_utils/nnet_dense_resource.h:59]   --->   Operation 55 'mul' 'mul_ln73' <Predicate = true> <Delay = 3.36> <CoreInst = "DSP48">   --->   Core 116 'DSP48' <Latency = 0> <II = 1> <Delay = 7.18> <IPBlock> <Opcode : '' 'add' 'sub' 'mul' 'select'> <InPorts = 0> <OutPorts = 1> <Sync> <CReg>
ST_3 : Operation 56 [1/1] (0.00ns) (grouped into DSP with root node add_ln58)   --->   "%sext_ln58 = sext i25 %mul_ln73" [firmware/nnet_utils/nnet_dense_resource.h:58]   --->   Operation 56 'sext' 'sext_ln58' <Predicate = true> <Delay = 0.00>
ST_3 : Operation 57 [1/1] (3.82ns) (root node of the DSP)   --->   "%add_ln58 = add i27 %sext_ln58, i27 %empty" [firmware/nnet_utils/nnet_dense_resource.h:58]   --->   Operation 57 'add' 'add_ln58' <Predicate = true> <Delay = 3.82> <CoreInst = "DSP48">   --->   Core 116 'DSP48' <Latency = 0> <II = 1> <Delay = 7.18> <IPBlock> <Opcode : '' 'add' 'sub' 'mul' 'select'> <InPorts = 0> <OutPorts = 1> <Sync> <CReg>
ST_3 : Operation 58 [1/1] (0.00ns)   --->   "%return_ln84 = return void @_ssdm_op_Return, i27 %add_ln58" [firmware/nnet_utils/nnet_dense_resource.h:84]   --->   Operation 58 'return' 'return_ln84' <Predicate = (icmp_ln46)> <Delay = 0.00>


============================================================
+ Verbose Summary: Binding
============================================================
STG Binding: 
---------------- STG Properties BEGIN ----------------
- Is combinational: 0
- Is one-state seq: 0
- Is datapath-only: 0
- Is pipelined: 0
- Is top level: 0
Port [ Return ] is wired: 1; IO mode=ap_ctrl_hs:ce=0
Port [ data_0_val]:  wired=1; compound=0; hidden=0; nouse=0; global=0; static=0; extern=0; dir=0; type=0; pingpong=0; private_global=0; IO mode=ap_none:ce=0
Port [ data_1_val]:  wired=1; compound=0; hidden=0; nouse=0; global=0; static=0; extern=0; dir=0; type=0; pingpong=0; private_global=0; IO mode=ap_none:ce=0
Port [ data_2_val]:  wired=1; compound=0; hidden=0; nouse=0; global=0; static=0; extern=0; dir=0; type=0; pingpong=0; private_global=0; IO mode=ap_none:ce=0
Port [ data_3_val]:  wired=1; compound=0; hidden=0; nouse=0; global=0; static=0; extern=0; dir=0; type=0; pingpong=0; private_global=0; IO mode=ap_none:ce=0
Port [ data_4_val]:  wired=1; compound=0; hidden=0; nouse=0; global=0; static=0; extern=0; dir=0; type=0; pingpong=0; private_global=0; IO mode=ap_none:ce=0
Port [ data_5_val]:  wired=1; compound=0; hidden=0; nouse=0; global=0; static=0; extern=0; dir=0; type=0; pingpong=0; private_global=0; IO mode=ap_none:ce=0
Port [ data_6_val]:  wired=1; compound=0; hidden=0; nouse=0; global=0; static=0; extern=0; dir=0; type=0; pingpong=0; private_global=0; IO mode=ap_none:ce=0
Port [ data_7_val]:  wired=1; compound=0; hidden=0; nouse=0; global=0; static=0; extern=0; dir=0; type=0; pingpong=0; private_global=0; IO mode=ap_none:ce=0
Port [ data_8_val]:  wired=1; compound=0; hidden=0; nouse=0; global=0; static=0; extern=0; dir=0; type=0; pingpong=0; private_global=0; IO mode=ap_none:ce=0
Port [ data_9_val]:  wired=1; compound=0; hidden=0; nouse=0; global=0; static=0; extern=0; dir=0; type=0; pingpong=0; private_global=0; IO mode=ap_none:ce=0
Port [ w14]:  wired=0; compound=1; hidden=1; nouse=0; global=1; static=1; extern=0; dir=0; type=1; pingpong=0; private_global=1; MemPort=[1]; IO mode=ap_memory:ce=0
---------------- STG Properties END ------------------

---------------- Datapath Model BEGIN ----------------

<LifeTime>
<method=bitvector/>
br_ln46                (br               ) [ 0111]
do_init                (phi              ) [ 0011]
w_index3               (phi              ) [ 0011]
specmemcore_ln0        (specmemcore      ) [ 0000]
data_9_val_read        (read             ) [ 0011]
data_8_val_read        (read             ) [ 0011]
data_7_val_read        (read             ) [ 0011]
data_6_val_read        (read             ) [ 0011]
data_5_val_read        (read             ) [ 0011]
data_4_val_read        (read             ) [ 0011]
data_3_val_read        (read             ) [ 0011]
data_2_val_read        (read             ) [ 0011]
data_1_val_read        (read             ) [ 0011]
data_0_val_read        (read             ) [ 0011]
br_ln46                (br               ) [ 0011]
zext_ln46              (zext             ) [ 0000]
w14_addr               (getelementptr    ) [ 0011]
w_index                (add              ) [ 0111]
icmp_ln46              (icmp             ) [ 0011]
br_ln46                (br               ) [ 0111]
br_ln84                (br               ) [ 0111]
data_0_val4_rewind     (phi              ) [ 0011]
data_1_val5_rewind     (phi              ) [ 0011]
data_2_val6_rewind     (phi              ) [ 0011]
data_3_val7_rewind     (phi              ) [ 0011]
data_4_val8_rewind     (phi              ) [ 0011]
data_5_val9_rewind     (phi              ) [ 0011]
data_6_val10_rewind    (phi              ) [ 0011]
data_7_val11_rewind    (phi              ) [ 0011]
data_8_val12_rewind    (phi              ) [ 0011]
data_9_val13_rewind    (phi              ) [ 0011]
empty                  (phi              ) [ 0011]
br_ln0                 (br               ) [ 0000]
data_0_val4_phi        (phi              ) [ 0111]
data_1_val5_phi        (phi              ) [ 0111]
data_2_val6_phi        (phi              ) [ 0111]
data_3_val7_phi        (phi              ) [ 0111]
data_4_val8_phi        (phi              ) [ 0111]
data_5_val9_phi        (phi              ) [ 0111]
data_6_val10_phi       (phi              ) [ 0111]
data_7_val11_phi       (phi              ) [ 0111]
data_8_val12_phi       (phi              ) [ 0111]
data_9_val13_phi       (phi              ) [ 0111]
specpipeline_ln47      (specpipeline     ) [ 0000]
speclooptripcount_ln49 (speclooptripcount) [ 0000]
specloopname_ln46      (specloopname     ) [ 0000]
a                      (sparsemux        ) [ 0000]
w                      (load             ) [ 0000]
sext_ln73              (sext             ) [ 0000]
sext_ln73_62           (sext             ) [ 0000]
mul_ln73               (mul              ) [ 0000]
sext_ln58              (sext             ) [ 0000]
add_ln58               (add              ) [ 0111]
return_ln84            (return           ) [ 0000]
</LifeTime>

<model>

<comp_list>
<comp id="0" class="1000" name="data_0_val">
<pin_list>
<pin id="1" dir="1" index="0" bw="1" slack="0"/>
</pin_list>
<bind>
<StgValue><ssdm name="data_0_val"/></StgValue>
</bind>
</comp>

<comp id="2" class="1000" name="data_1_val">
<pin_list>
<pin id="3" dir="1" index="0" bw="1" slack="0"/>
</pin_list>
<bind>
<StgValue><ssdm name="data_1_val"/></StgValue>
</bind>
</comp>

<comp id="4" class="1000" name="data_2_val">
<pin_list>
<pin id="5" dir="1" index="0" bw="1" slack="0"/>
</pin_list>
<bind>
<StgValue><ssdm name="data_2_val"/></StgValue>
</bind>
</comp>

<comp id="6" class="1000" name="data_3_val">
<pin_list>
<pin id="7" dir="1" index="0" bw="1" slack="0"/>
</pin_list>
<bind>
<StgValue><ssdm name="data_3_val"/></StgValue>
</bind>
</comp>

<comp id="8" class="1000" name="data_4_val">
<pin_list>
<pin id="9" dir="1" index="0" bw="1" slack="0"/>
</pin_list>
<bind>
<StgValue><ssdm name="data_4_val"/></StgValue>
</bind>
</comp>

<comp id="10" class="1000" name="data_5_val">
<pin_list>
<pin id="11" dir="1" index="0" bw="1" slack="0"/>
</pin_list>
<bind>
<StgValue><ssdm name="data_5_val"/></StgValue>
</bind>
</comp>

<comp id="12" class="1000" name="data_6_val">
<pin_list>
<pin id="13" dir="1" index="0" bw="1" slack="0"/>
</pin_list>
<bind>
<StgValue><ssdm name="data_6_val"/></StgValue>
</bind>
</comp>

<comp id="14" class="1000" name="data_7_val">
<pin_list>
<pin id="15" dir="1" index="0" bw="1" slack="0"/>
</pin_list>
<bind>
<StgValue><ssdm name="data_7_val"/></StgValue>
</bind>
</comp>

<comp id="16" class="1000" name="data_8_val">
<pin_list>
<pin id="17" dir="1" index="0" bw="1" slack="0"/>
</pin_list>
<bind>
<StgValue><ssdm name="data_8_val"/></StgValue>
</bind>
</comp>

<comp id="18" class="1000" name="data_9_val">
<pin_list>
<pin id="19" dir="1" index="0" bw="1" slack="0"/>
</pin_list>
<bind>
<StgValue><ssdm name="data_9_val"/></StgValue>
</bind>
</comp>

<comp id="20" class="1000" name="w14">
<pin_list>
<pin id="21" dir="1" index="0" bw="1" slack="0"/>
</pin_list>
<bind>
<StgValue><ssdm name="w14"/><MemPortTyVec>1 </MemPortTyVec>
</StgValue>
</bind>
</comp>

<comp id="22" class="1001" name="const_22">
<pin_list>
<pin id="23" dir="1" index="0" bw="1" slack="0"/>
</pin_list>
<bind>
<StgValue><ssdm name=""/></StgValue>
</bind>
</comp>

<comp id="24" class="1001" name="const_24">
<pin_list>
<pin id="25" dir="1" index="0" bw="1" slack="0"/>
</pin_list>
<bind>
<StgValue><ssdm name=""/></StgValue>
</bind>
</comp>

<comp id="26" class="1001" name="const_26">
<pin_list>
<pin id="27" dir="1" index="0" bw="1" slack="0"/>
</pin_list>
<bind>
<StgValue><ssdm name=""/></StgValue>
</bind>
</comp>

<comp id="28" class="1001" name="const_28">
<pin_list>
<pin id="29" dir="1" index="0" bw="1" slack="2147483647"/>
</pin_list>
<bind>
<StgValue><ssdm name="_ssdm_op_SpecMemCore"/></StgValue>
</bind>
</comp>

<comp id="30" class="1001" name="const_30">
<pin_list>
<pin id="31" dir="1" index="0" bw="1" slack="2147483647"/>
</pin_list>
<bind>
<StgValue><ssdm name=""/></StgValue>
</bind>
</comp>

<comp id="32" class="1001" name="const_32">
<pin_list>
<pin id="33" dir="1" index="0" bw="1" slack="2147483647"/>
</pin_list>
<bind>
<StgValue><ssdm name=""/></StgValue>
</bind>
</comp>

<comp id="34" class="1001" name="const_34">
<pin_list>
<pin id="35" dir="1" index="0" bw="1" slack="2147483647"/>
</pin_list>
<bind>
<StgValue><ssdm name=""/></StgValue>
</bind>
</comp>

<comp id="36" class="1001" name="const_36">
<pin_list>
<pin id="37" dir="1" index="0" bw="1" slack="0"/>
</pin_list>
<bind>
<StgValue><ssdm name="_ssdm_op_Read.ap_auto.i20"/></StgValue>
</bind>
</comp>

<comp id="38" class="1001" name="const_38">
<pin_list>
<pin id="39" dir="1" index="0" bw="1" slack="0"/>
</pin_list>
<bind>
<StgValue><ssdm name=""/></StgValue>
</bind>
</comp>

<comp id="40" class="1001" name="const_40">
<pin_list>
<pin id="41" dir="1" index="0" bw="1" slack="0"/>
</pin_list>
<bind>
<StgValue><ssdm name=""/></StgValue>
</bind>
</comp>

<comp id="42" class="1001" name="const_42">
<pin_list>
<pin id="43" dir="1" index="0" bw="1" slack="0"/>
</pin_list>
<bind>
<StgValue><ssdm name=""/></StgValue>
</bind>
</comp>

<comp id="44" class="1001" name="const_44">
<pin_list>
<pin id="45" dir="1" index="0" bw="1" slack="0"/>
</pin_list>
<bind>
<StgValue><ssdm name=""/></StgValue>
</bind>
</comp>

<comp id="46" class="1001" name="const_46">
<pin_list>
<pin id="47" dir="1" index="0" bw="1" slack="1"/>
</pin_list>
<bind>
<StgValue><ssdm name=""/></StgValue>
</bind>
</comp>

<comp id="48" class="1001" name="const_48">
<pin_list>
<pin id="49" dir="1" index="0" bw="1" slack="2147483647"/>
</pin_list>
<bind>
<StgValue><ssdm name="_ssdm_op_SpecPipeline"/></StgValue>
</bind>
</comp>

<comp id="50" class="1001" name="const_50">
<pin_list>
<pin id="51" dir="1" index="0" bw="1" slack="2147483647"/>
</pin_list>
<bind>
<StgValue><ssdm name=""/></StgValue>
</bind>
</comp>

<comp id="52" class="1001" name="const_52">
<pin_list>
<pin id="53" dir="1" index="0" bw="1" slack="2147483647"/>
</pin_list>
<bind>
<StgValue><ssdm name=""/></StgValue>
</bind>
</comp>

<comp id="54" class="1001" name="const_54">
<pin_list>
<pin id="55" dir="1" index="0" bw="1" slack="2147483647"/>
</pin_list>
<bind>
<StgValue><ssdm name="empty_3"/></StgValue>
</bind>
</comp>

<comp id="56" class="1001" name="const_56">
<pin_list>
<pin id="57" dir="1" index="0" bw="1" slack="2147483647"/>
</pin_list>
<bind>
<StgValue><ssdm name="_ssdm_op_SpecLoopTripCount"/></StgValue>
</bind>
</comp>

<comp id="58" class="1001" name="const_58">
<pin_list>
<pin id="59" dir="1" index="0" bw="1" slack="2147483647"/>
</pin_list>
<bind>
<StgValue><ssdm name=""/></StgValue>
</bind>
</comp>

<comp id="60" class="1001" name="const_60">
<pin_list>
<pin id="61" dir="1" index="0" bw="1" slack="2147483647"/>
</pin_list>
<bind>
<StgValue><ssdm name="_ssdm_op_SpecLoopName"/></StgValue>
</bind>
</comp>

<comp id="62" class="1001" name="const_62">
<pin_list>
<pin id="63" dir="1" index="0" bw="1" slack="2147483647"/>
</pin_list>
<bind>
<StgValue><ssdm name="empty_6"/></StgValue>
</bind>
</comp>

<comp id="64" class="1001" name="const_64">
<pin_list>
<pin id="65" dir="1" index="0" bw="1" slack="0"/>
</pin_list>
<bind>
<StgValue><ssdm name="_ssdm_op_SparseMux.ap_auto.10i20.i20.i4"/></StgValue>
</bind>
</comp>

<comp id="66" class="1001" name="const_66">
<pin_list>
<pin id="67" dir="1" index="0" bw="1" slack="0"/>
</pin_list>
<bind>
<StgValue><ssdm name=""/></StgValue>
</bind>
</comp>

<comp id="68" class="1001" name="const_68">
<pin_list>
<pin id="69" dir="1" index="0" bw="1" slack="0"/>
</pin_list>
<bind>
<StgValue><ssdm name=""/></StgValue>
</bind>
</comp>

<comp id="70" class="1001" name="const_70">
<pin_list>
<pin id="71" dir="1" index="0" bw="1" slack="0"/>
</pin_list>
<bind>
<StgValue><ssdm name=""/></StgValue>
</bind>
</comp>

<comp id="72" class="1001" name="const_72">
<pin_list>
<pin id="73" dir="1" index="0" bw="1" slack="0"/>
</pin_list>
<bind>
<StgValue><ssdm name=""/></StgValue>
</bind>
</comp>

<comp id="74" class="1001" name="const_74">
<pin_list>
<pin id="75" dir="1" index="0" bw="1" slack="0"/>
</pin_list>
<bind>
<StgValue><ssdm name=""/></StgValue>
</bind>
</comp>

<comp id="76" class="1001" name="const_76">
<pin_list>
<pin id="77" dir="1" index="0" bw="1" slack="0"/>
</pin_list>
<bind>
<StgValue><ssdm name=""/></StgValue>
</bind>
</comp>

<comp id="78" class="1001" name="const_78">
<pin_list>
<pin id="79" dir="1" index="0" bw="1" slack="0"/>
</pin_list>
<bind>
<StgValue><ssdm name=""/></StgValue>
</bind>
</comp>

<comp id="80" class="1004" name="data_9_val_read_read_fu_80">
<pin_list>
<pin id="81" dir="0" index="0" bw="20" slack="0"/>
<pin id="82" dir="0" index="1" bw="20" slack="0"/>
<pin id="83" dir="1" index="2" bw="20" slack="1"/>
</pin_list>
<bind>
<opcode="read(1150) " fcode="read"/>
<opset="data_9_val_read/2 "/>
</bind>
</comp>

<comp id="86" class="1004" name="data_8_val_read_read_fu_86">
<pin_list>
<pin id="87" dir="0" index="0" bw="20" slack="0"/>
<pin id="88" dir="0" index="1" bw="20" slack="0"/>
<pin id="89" dir="1" index="2" bw="20" slack="1"/>
</pin_list>
<bind>
<opcode="read(1150) " fcode="read"/>
<opset="data_8_val_read/2 "/>
</bind>
</comp>

<comp id="92" class="1004" name="data_7_val_read_read_fu_92">
<pin_list>
<pin id="93" dir="0" index="0" bw="20" slack="0"/>
<pin id="94" dir="0" index="1" bw="20" slack="0"/>
<pin id="95" dir="1" index="2" bw="20" slack="1"/>
</pin_list>
<bind>
<opcode="read(1150) " fcode="read"/>
<opset="data_7_val_read/2 "/>
</bind>
</comp>

<comp id="98" class="1004" name="data_6_val_read_read_fu_98">
<pin_list>
<pin id="99" dir="0" index="0" bw="20" slack="0"/>
<pin id="100" dir="0" index="1" bw="20" slack="0"/>
<pin id="101" dir="1" index="2" bw="20" slack="1"/>
</pin_list>
<bind>
<opcode="read(1150) " fcode="read"/>
<opset="data_6_val_read/2 "/>
</bind>
</comp>

<comp id="104" class="1004" name="data_5_val_read_read_fu_104">
<pin_list>
<pin id="105" dir="0" index="0" bw="20" slack="0"/>
<pin id="106" dir="0" index="1" bw="20" slack="0"/>
<pin id="107" dir="1" index="2" bw="20" slack="1"/>
</pin_list>
<bind>
<opcode="read(1150) " fcode="read"/>
<opset="data_5_val_read/2 "/>
</bind>
</comp>

<comp id="110" class="1004" name="data_4_val_read_read_fu_110">
<pin_list>
<pin id="111" dir="0" index="0" bw="20" slack="0"/>
<pin id="112" dir="0" index="1" bw="20" slack="0"/>
<pin id="113" dir="1" index="2" bw="20" slack="1"/>
</pin_list>
<bind>
<opcode="read(1150) " fcode="read"/>
<opset="data_4_val_read/2 "/>
</bind>
</comp>

<comp id="116" class="1004" name="data_3_val_read_read_fu_116">
<pin_list>
<pin id="117" dir="0" index="0" bw="20" slack="0"/>
<pin id="118" dir="0" index="1" bw="20" slack="0"/>
<pin id="119" dir="1" index="2" bw="20" slack="1"/>
</pin_list>
<bind>
<opcode="read(1150) " fcode="read"/>
<opset="data_3_val_read/2 "/>
</bind>
</comp>

<comp id="122" class="1004" name="data_2_val_read_read_fu_122">
<pin_list>
<pin id="123" dir="0" index="0" bw="20" slack="0"/>
<pin id="124" dir="0" index="1" bw="20" slack="0"/>
<pin id="125" dir="1" index="2" bw="20" slack="1"/>
</pin_list>
<bind>
<opcode="read(1150) " fcode="read"/>
<opset="data_2_val_read/2 "/>
</bind>
</comp>

<comp id="128" class="1004" name="data_1_val_read_read_fu_128">
<pin_list>
<pin id="129" dir="0" index="0" bw="20" slack="0"/>
<pin id="130" dir="0" index="1" bw="20" slack="0"/>
<pin id="131" dir="1" index="2" bw="20" slack="1"/>
</pin_list>
<bind>
<opcode="read(1150) " fcode="read"/>
<opset="data_1_val_read/2 "/>
</bind>
</comp>

<comp id="134" class="1004" name="data_0_val_read_read_fu_134">
<pin_list>
<pin id="135" dir="0" index="0" bw="20" slack="0"/>
<pin id="136" dir="0" index="1" bw="20" slack="0"/>
<pin id="137" dir="1" index="2" bw="20" slack="1"/>
</pin_list>
<bind>
<opcode="read(1150) " fcode="read"/>
<opset="data_0_val_read/2 "/>
</bind>
</comp>

<comp id="140" class="1004" name="w14_addr_gep_fu_140">
<pin_list>
<pin id="141" dir="0" index="0" bw="5" slack="0"/>
<pin id="142" dir="0" index="1" bw="1" slack="0"/>
<pin id="143" dir="0" index="2" bw="4" slack="0"/>
<pin id="144" dir="1" index="3" bw="4" slack="0"/>
</pin_list>
<bind>
<opcode="getelementptr(29) " fcode="getelementptr"/>
<opset="w14_addr/2 "/>
</bind>
</comp>

<comp id="147" class="1004" name="grp_access_fu_147">
<pin_list>
<pin id="148" dir="0" index="0" bw="4" slack="0"/>
<pin id="149" dir="0" index="1" bw="5" slack="2147483647"/>
<pin id="150" dir="0" index="2" bw="0" slack="2147483647"/>
<pin id="151" dir="1" index="3" bw="5" slack="0"/>
</pin_list>
<bind>
<opcode="load(27) " fcode="load"/>
<opset="w/2 "/>
</bind>
</comp>

<comp id="153" class="1005" name="do_init_reg_153">
<pin_list>
<pin id="154" dir="0" index="0" bw="1" slack="1"/>
<pin id="155" dir="1" index="1" bw="1" slack="1"/>
</pin_list>
<bind>
<opset="do_init (phireg) "/>
</bind>
</comp>

<comp id="157" class="1004" name="do_init_phi_fu_157">
<pin_list>
<pin id="158" dir="0" index="0" bw="1" slack="1"/>
<pin id="159" dir="0" index="1" bw="0" slack="2147483647"/>
<pin id="160" dir="0" index="2" bw="1" slack="0"/>
<pin id="161" dir="0" index="3" bw="0" slack="2147483647"/>
<pin id="162" dir="0" index="4" bw="1" slack="0"/>
<pin id="163" dir="0" index="5" bw="0" slack="2147483647"/>
<pin id="164" dir="1" index="6" bw="1" slack="1"/>
</pin_list>
<bind>
<opcode="phi(47) " fcode="phi"/>
<opset="do_init/2 "/>
</bind>
</comp>

<comp id="169" class="1005" name="w_index3_reg_169">
<pin_list>
<pin id="170" dir="0" index="0" bw="4" slack="1"/>
<pin id="171" dir="1" index="1" bw="4" slack="1"/>
</pin_list>
<bind>
<opset="w_index3 (phireg) "/>
</bind>
</comp>

<comp id="173" class="1004" name="w_index3_phi_fu_173">
<pin_list>
<pin id="174" dir="0" index="0" bw="1" slack="1"/>
<pin id="175" dir="0" index="1" bw="0" slack="2147483647"/>
<pin id="176" dir="0" index="2" bw="4" slack="0"/>
<pin id="177" dir="0" index="3" bw="0" slack="2147483647"/>
<pin id="178" dir="0" index="4" bw="1" slack="0"/>
<pin id="179" dir="0" index="5" bw="0" slack="2147483647"/>
<pin id="180" dir="1" index="6" bw="4" slack="0"/>
</pin_list>
<bind>
<opcode="phi(47) " fcode="phi"/>
<opset="w_index3/2 "/>
</bind>
</comp>

<comp id="184" class="1005" name="data_0_val4_rewind_reg_184">
<pin_list>
<pin id="185" dir="0" index="0" bw="20" slack="1"/>
<pin id="186" dir="1" index="1" bw="20" slack="1"/>
</pin_list>
<bind>
<opset="data_0_val4_rewind (phireg) "/>
</bind>
</comp>

<comp id="188" class="1004" name="data_0_val4_rewind_phi_fu_188">
<pin_list>
<pin id="189" dir="0" index="0" bw="1" slack="2"/>
<pin id="190" dir="0" index="1" bw="0" slack="2147483647"/>
<pin id="191" dir="0" index="2" bw="20" slack="0"/>
<pin id="192" dir="0" index="3" bw="0" slack="2147483647"/>
<pin id="193" dir="0" index="4" bw="1" slack="1"/>
<pin id="194" dir="0" index="5" bw="0" slack="2147483647"/>
<pin id="195" dir="1" index="6" bw="20" slack="0"/>
</pin_list>
<bind>
<opcode="phi(47) " fcode="phi"/>
<opset="data_0_val4_rewind/3 "/>
</bind>
</comp>

<comp id="198" class="1005" name="data_1_val5_rewind_reg_198">
<pin_list>
<pin id="199" dir="0" index="0" bw="20" slack="1"/>
<pin id="200" dir="1" index="1" bw="20" slack="1"/>
</pin_list>
<bind>
<opset="data_1_val5_rewind (phireg) "/>
</bind>
</comp>

<comp id="202" class="1004" name="data_1_val5_rewind_phi_fu_202">
<pin_list>
<pin id="203" dir="0" index="0" bw="1" slack="2"/>
<pin id="204" dir="0" index="1" bw="0" slack="2147483647"/>
<pin id="205" dir="0" index="2" bw="20" slack="0"/>
<pin id="206" dir="0" index="3" bw="0" slack="2147483647"/>
<pin id="207" dir="0" index="4" bw="1" slack="1"/>
<pin id="208" dir="0" index="5" bw="0" slack="2147483647"/>
<pin id="209" dir="1" index="6" bw="20" slack="0"/>
</pin_list>
<bind>
<opcode="phi(47) " fcode="phi"/>
<opset="data_1_val5_rewind/3 "/>
</bind>
</comp>

<comp id="212" class="1005" name="data_2_val6_rewind_reg_212">
<pin_list>
<pin id="213" dir="0" index="0" bw="20" slack="1"/>
<pin id="214" dir="1" index="1" bw="20" slack="1"/>
</pin_list>
<bind>
<opset="data_2_val6_rewind (phireg) "/>
</bind>
</comp>

<comp id="216" class="1004" name="data_2_val6_rewind_phi_fu_216">
<pin_list>
<pin id="217" dir="0" index="0" bw="1" slack="2"/>
<pin id="218" dir="0" index="1" bw="0" slack="2147483647"/>
<pin id="219" dir="0" index="2" bw="20" slack="0"/>
<pin id="220" dir="0" index="3" bw="0" slack="2147483647"/>
<pin id="221" dir="0" index="4" bw="1" slack="1"/>
<pin id="222" dir="0" index="5" bw="0" slack="2147483647"/>
<pin id="223" dir="1" index="6" bw="20" slack="0"/>
</pin_list>
<bind>
<opcode="phi(47) " fcode="phi"/>
<opset="data_2_val6_rewind/3 "/>
</bind>
</comp>

<comp id="226" class="1005" name="data_3_val7_rewind_reg_226">
<pin_list>
<pin id="227" dir="0" index="0" bw="20" slack="1"/>
<pin id="228" dir="1" index="1" bw="20" slack="1"/>
</pin_list>
<bind>
<opset="data_3_val7_rewind (phireg) "/>
</bind>
</comp>

<comp id="230" class="1004" name="data_3_val7_rewind_phi_fu_230">
<pin_list>
<pin id="231" dir="0" index="0" bw="1" slack="2"/>
<pin id="232" dir="0" index="1" bw="0" slack="2147483647"/>
<pin id="233" dir="0" index="2" bw="20" slack="0"/>
<pin id="234" dir="0" index="3" bw="0" slack="2147483647"/>
<pin id="235" dir="0" index="4" bw="1" slack="1"/>
<pin id="236" dir="0" index="5" bw="0" slack="2147483647"/>
<pin id="237" dir="1" index="6" bw="20" slack="0"/>
</pin_list>
<bind>
<opcode="phi(47) " fcode="phi"/>
<opset="data_3_val7_rewind/3 "/>
</bind>
</comp>

<comp id="240" class="1005" name="data_4_val8_rewind_reg_240">
<pin_list>
<pin id="241" dir="0" index="0" bw="20" slack="1"/>
<pin id="242" dir="1" index="1" bw="20" slack="1"/>
</pin_list>
<bind>
<opset="data_4_val8_rewind (phireg) "/>
</bind>
</comp>

<comp id="244" class="1004" name="data_4_val8_rewind_phi_fu_244">
<pin_list>
<pin id="245" dir="0" index="0" bw="1" slack="2"/>
<pin id="246" dir="0" index="1" bw="0" slack="2147483647"/>
<pin id="247" dir="0" index="2" bw="20" slack="0"/>
<pin id="248" dir="0" index="3" bw="0" slack="2147483647"/>
<pin id="249" dir="0" index="4" bw="1" slack="1"/>
<pin id="250" dir="0" index="5" bw="0" slack="2147483647"/>
<pin id="251" dir="1" index="6" bw="20" slack="0"/>
</pin_list>
<bind>
<opcode="phi(47) " fcode="phi"/>
<opset="data_4_val8_rewind/3 "/>
</bind>
</comp>

<comp id="254" class="1005" name="data_5_val9_rewind_reg_254">
<pin_list>
<pin id="255" dir="0" index="0" bw="20" slack="1"/>
<pin id="256" dir="1" index="1" bw="20" slack="1"/>
</pin_list>
<bind>
<opset="data_5_val9_rewind (phireg) "/>
</bind>
</comp>

<comp id="258" class="1004" name="data_5_val9_rewind_phi_fu_258">
<pin_list>
<pin id="259" dir="0" index="0" bw="1" slack="2"/>
<pin id="260" dir="0" index="1" bw="0" slack="2147483647"/>
<pin id="261" dir="0" index="2" bw="20" slack="0"/>
<pin id="262" dir="0" index="3" bw="0" slack="2147483647"/>
<pin id="263" dir="0" index="4" bw="1" slack="1"/>
<pin id="264" dir="0" index="5" bw="0" slack="2147483647"/>
<pin id="265" dir="1" index="6" bw="20" slack="0"/>
</pin_list>
<bind>
<opcode="phi(47) " fcode="phi"/>
<opset="data_5_val9_rewind/3 "/>
</bind>
</comp>

<comp id="268" class="1005" name="data_6_val10_rewind_reg_268">
<pin_list>
<pin id="269" dir="0" index="0" bw="20" slack="1"/>
<pin id="270" dir="1" index="1" bw="20" slack="1"/>
</pin_list>
<bind>
<opset="data_6_val10_rewind (phireg) "/>
</bind>
</comp>

<comp id="272" class="1004" name="data_6_val10_rewind_phi_fu_272">
<pin_list>
<pin id="273" dir="0" index="0" bw="1" slack="2"/>
<pin id="274" dir="0" index="1" bw="0" slack="2147483647"/>
<pin id="275" dir="0" index="2" bw="20" slack="0"/>
<pin id="276" dir="0" index="3" bw="0" slack="2147483647"/>
<pin id="277" dir="0" index="4" bw="1" slack="1"/>
<pin id="278" dir="0" index="5" bw="0" slack="2147483647"/>
<pin id="279" dir="1" index="6" bw="20" slack="0"/>
</pin_list>
<bind>
<opcode="phi(47) " fcode="phi"/>
<opset="data_6_val10_rewind/3 "/>
</bind>
</comp>

<comp id="282" class="1005" name="data_7_val11_rewind_reg_282">
<pin_list>
<pin id="283" dir="0" index="0" bw="20" slack="1"/>
<pin id="284" dir="1" index="1" bw="20" slack="1"/>
</pin_list>
<bind>
<opset="data_7_val11_rewind (phireg) "/>
</bind>
</comp>

<comp id="286" class="1004" name="data_7_val11_rewind_phi_fu_286">
<pin_list>
<pin id="287" dir="0" index="0" bw="1" slack="2"/>
<pin id="288" dir="0" index="1" bw="0" slack="2147483647"/>
<pin id="289" dir="0" index="2" bw="20" slack="0"/>
<pin id="290" dir="0" index="3" bw="0" slack="2147483647"/>
<pin id="291" dir="0" index="4" bw="1" slack="1"/>
<pin id="292" dir="0" index="5" bw="0" slack="2147483647"/>
<pin id="293" dir="1" index="6" bw="20" slack="0"/>
</pin_list>
<bind>
<opcode="phi(47) " fcode="phi"/>
<opset="data_7_val11_rewind/3 "/>
</bind>
</comp>

<comp id="296" class="1005" name="data_8_val12_rewind_reg_296">
<pin_list>
<pin id="297" dir="0" index="0" bw="20" slack="1"/>
<pin id="298" dir="1" index="1" bw="20" slack="1"/>
</pin_list>
<bind>
<opset="data_8_val12_rewind (phireg) "/>
</bind>
</comp>

<comp id="300" class="1004" name="data_8_val12_rewind_phi_fu_300">
<pin_list>
<pin id="301" dir="0" index="0" bw="1" slack="2"/>
<pin id="302" dir="0" index="1" bw="0" slack="2147483647"/>
<pin id="303" dir="0" index="2" bw="20" slack="0"/>
<pin id="304" dir="0" index="3" bw="0" slack="2147483647"/>
<pin id="305" dir="0" index="4" bw="1" slack="1"/>
<pin id="306" dir="0" index="5" bw="0" slack="2147483647"/>
<pin id="307" dir="1" index="6" bw="20" slack="0"/>
</pin_list>
<bind>
<opcode="phi(47) " fcode="phi"/>
<opset="data_8_val12_rewind/3 "/>
</bind>
</comp>

<comp id="310" class="1005" name="data_9_val13_rewind_reg_310">
<pin_list>
<pin id="311" dir="0" index="0" bw="20" slack="1"/>
<pin id="312" dir="1" index="1" bw="20" slack="1"/>
</pin_list>
<bind>
<opset="data_9_val13_rewind (phireg) "/>
</bind>
</comp>

<comp id="314" class="1004" name="data_9_val13_rewind_phi_fu_314">
<pin_list>
<pin id="315" dir="0" index="0" bw="1" slack="2"/>
<pin id="316" dir="0" index="1" bw="0" slack="2147483647"/>
<pin id="317" dir="0" index="2" bw="20" slack="0"/>
<pin id="318" dir="0" index="3" bw="0" slack="2147483647"/>
<pin id="319" dir="0" index="4" bw="1" slack="1"/>
<pin id="320" dir="0" index="5" bw="0" slack="2147483647"/>
<pin id="321" dir="1" index="6" bw="20" slack="0"/>
</pin_list>
<bind>
<opcode="phi(47) " fcode="phi"/>
<opset="data_9_val13_rewind/3 "/>
</bind>
</comp>

<comp id="324" class="1005" name="empty_reg_324">
<pin_list>
<pin id="325" dir="0" index="0" bw="27" slack="1"/>
<pin id="326" dir="1" index="1" bw="27" slack="1"/>
</pin_list>
<bind>
<opset="empty (phireg) "/>
</bind>
</comp>

<comp id="328" class="1004" name="empty_phi_fu_328">
<pin_list>
<pin id="329" dir="0" index="0" bw="1" slack="2"/>
<pin id="330" dir="0" index="1" bw="0" slack="2147483647"/>
<pin id="331" dir="0" index="2" bw="27" slack="0"/>
<pin id="332" dir="0" index="3" bw="0" slack="2147483647"/>
<pin id="333" dir="0" index="4" bw="1" slack="1"/>
<pin id="334" dir="0" index="5" bw="0" slack="2147483647"/>
<pin id="335" dir="1" index="6" bw="27" slack="0"/>
</pin_list>
<bind>
<opcode="phi(47) " fcode="phi"/>
<opset="empty/3 "/>
</bind>
</comp>

<comp id="338" class="1005" name="data_0_val4_phi_reg_338">
<pin_list>
<pin id="339" dir="0" index="0" bw="20" slack="0"/>
<pin id="340" dir="1" index="1" bw="20" slack="0"/>
</pin_list>
<bind>
<opset="data_0_val4_phi (phireg) "/>
</bind>
</comp>

<comp id="342" class="1004" name="data_0_val4_phi_phi_fu_342">
<pin_list>
<pin id="343" dir="0" index="0" bw="20" slack="1"/>
<pin id="344" dir="0" index="1" bw="0" slack="2147483647"/>
<pin id="345" dir="0" index="2" bw="20" slack="0"/>
<pin id="346" dir="0" index="3" bw="0" slack="2147483647"/>
<pin id="347" dir="1" index="4" bw="20" slack="0"/>
</pin_list>
<bind>
<opcode="phi(47) " fcode="phi"/>
<opset="data_0_val4_phi/3 "/>
</bind>
</comp>

<comp id="350" class="1005" name="data_1_val5_phi_reg_350">
<pin_list>
<pin id="351" dir="0" index="0" bw="20" slack="0"/>
<pin id="352" dir="1" index="1" bw="20" slack="0"/>
</pin_list>
<bind>
<opset="data_1_val5_phi (phireg) "/>
</bind>
</comp>

<comp id="354" class="1004" name="data_1_val5_phi_phi_fu_354">
<pin_list>
<pin id="355" dir="0" index="0" bw="20" slack="1"/>
<pin id="356" dir="0" index="1" bw="0" slack="2147483647"/>
<pin id="357" dir="0" index="2" bw="20" slack="0"/>
<pin id="358" dir="0" index="3" bw="0" slack="2147483647"/>
<pin id="359" dir="1" index="4" bw="20" slack="0"/>
</pin_list>
<bind>
<opcode="phi(47) " fcode="phi"/>
<opset="data_1_val5_phi/3 "/>
</bind>
</comp>

<comp id="362" class="1005" name="data_2_val6_phi_reg_362">
<pin_list>
<pin id="363" dir="0" index="0" bw="20" slack="0"/>
<pin id="364" dir="1" index="1" bw="20" slack="0"/>
</pin_list>
<bind>
<opset="data_2_val6_phi (phireg) "/>
</bind>
</comp>

<comp id="366" class="1004" name="data_2_val6_phi_phi_fu_366">
<pin_list>
<pin id="367" dir="0" index="0" bw="20" slack="1"/>
<pin id="368" dir="0" index="1" bw="0" slack="2147483647"/>
<pin id="369" dir="0" index="2" bw="20" slack="0"/>
<pin id="370" dir="0" index="3" bw="0" slack="2147483647"/>
<pin id="371" dir="1" index="4" bw="20" slack="0"/>
</pin_list>
<bind>
<opcode="phi(47) " fcode="phi"/>
<opset="data_2_val6_phi/3 "/>
</bind>
</comp>

<comp id="374" class="1005" name="data_3_val7_phi_reg_374">
<pin_list>
<pin id="375" dir="0" index="0" bw="20" slack="0"/>
<pin id="376" dir="1" index="1" bw="20" slack="0"/>
</pin_list>
<bind>
<opset="data_3_val7_phi (phireg) "/>
</bind>
</comp>

<comp id="378" class="1004" name="data_3_val7_phi_phi_fu_378">
<pin_list>
<pin id="379" dir="0" index="0" bw="20" slack="1"/>
<pin id="380" dir="0" index="1" bw="0" slack="2147483647"/>
<pin id="381" dir="0" index="2" bw="20" slack="0"/>
<pin id="382" dir="0" index="3" bw="0" slack="2147483647"/>
<pin id="383" dir="1" index="4" bw="20" slack="0"/>
</pin_list>
<bind>
<opcode="phi(47) " fcode="phi"/>
<opset="data_3_val7_phi/3 "/>
</bind>
</comp>

<comp id="386" class="1005" name="data_4_val8_phi_reg_386">
<pin_list>
<pin id="387" dir="0" index="0" bw="20" slack="0"/>
<pin id="388" dir="1" index="1" bw="20" slack="0"/>
</pin_list>
<bind>
<opset="data_4_val8_phi (phireg) "/>
</bind>
</comp>

<comp id="390" class="1004" name="data_4_val8_phi_phi_fu_390">
<pin_list>
<pin id="391" dir="0" index="0" bw="20" slack="1"/>
<pin id="392" dir="0" index="1" bw="0" slack="2147483647"/>
<pin id="393" dir="0" index="2" bw="20" slack="0"/>
<pin id="394" dir="0" index="3" bw="0" slack="2147483647"/>
<pin id="395" dir="1" index="4" bw="20" slack="0"/>
</pin_list>
<bind>
<opcode="phi(47) " fcode="phi"/>
<opset="data_4_val8_phi/3 "/>
</bind>
</comp>

<comp id="398" class="1005" name="data_5_val9_phi_reg_398">
<pin_list>
<pin id="399" dir="0" index="0" bw="20" slack="0"/>
<pin id="400" dir="1" index="1" bw="20" slack="0"/>
</pin_list>
<bind>
<opset="data_5_val9_phi (phireg) "/>
</bind>
</comp>

<comp id="402" class="1004" name="data_5_val9_phi_phi_fu_402">
<pin_list>
<pin id="403" dir="0" index="0" bw="20" slack="1"/>
<pin id="404" dir="0" index="1" bw="0" slack="2147483647"/>
<pin id="405" dir="0" index="2" bw="20" slack="0"/>
<pin id="406" dir="0" index="3" bw="0" slack="2147483647"/>
<pin id="407" dir="1" index="4" bw="20" slack="0"/>
</pin_list>
<bind>
<opcode="phi(47) " fcode="phi"/>
<opset="data_5_val9_phi/3 "/>
</bind>
</comp>

<comp id="410" class="1005" name="data_6_val10_phi_reg_410">
<pin_list>
<pin id="411" dir="0" index="0" bw="20" slack="0"/>
<pin id="412" dir="1" index="1" bw="20" slack="0"/>
</pin_list>
<bind>
<opset="data_6_val10_phi (phireg) "/>
</bind>
</comp>

<comp id="414" class="1004" name="data_6_val10_phi_phi_fu_414">
<pin_list>
<pin id="415" dir="0" index="0" bw="20" slack="1"/>
<pin id="416" dir="0" index="1" bw="0" slack="2147483647"/>
<pin id="417" dir="0" index="2" bw="20" slack="0"/>
<pin id="418" dir="0" index="3" bw="0" slack="2147483647"/>
<pin id="419" dir="1" index="4" bw="20" slack="0"/>
</pin_list>
<bind>
<opcode="phi(47) " fcode="phi"/>
<opset="data_6_val10_phi/3 "/>
</bind>
</comp>

<comp id="422" class="1005" name="data_7_val11_phi_reg_422">
<pin_list>
<pin id="423" dir="0" index="0" bw="20" slack="0"/>
<pin id="424" dir="1" index="1" bw="20" slack="0"/>
</pin_list>
<bind>
<opset="data_7_val11_phi (phireg) "/>
</bind>
</comp>

<comp id="426" class="1004" name="data_7_val11_phi_phi_fu_426">
<pin_list>
<pin id="427" dir="0" index="0" bw="20" slack="1"/>
<pin id="428" dir="0" index="1" bw="0" slack="2147483647"/>
<pin id="429" dir="0" index="2" bw="20" slack="0"/>
<pin id="430" dir="0" index="3" bw="0" slack="2147483647"/>
<pin id="431" dir="1" index="4" bw="20" slack="0"/>
</pin_list>
<bind>
<opcode="phi(47) " fcode="phi"/>
<opset="data_7_val11_phi/3 "/>
</bind>
</comp>

<comp id="434" class="1005" name="data_8_val12_phi_reg_434">
<pin_list>
<pin id="435" dir="0" index="0" bw="20" slack="0"/>
<pin id="436" dir="1" index="1" bw="20" slack="0"/>
</pin_list>
<bind>
<opset="data_8_val12_phi (phireg) "/>
</bind>
</comp>

<comp id="438" class="1004" name="data_8_val12_phi_phi_fu_438">
<pin_list>
<pin id="439" dir="0" index="0" bw="20" slack="1"/>
<pin id="440" dir="0" index="1" bw="0" slack="2147483647"/>
<pin id="441" dir="0" index="2" bw="20" slack="0"/>
<pin id="442" dir="0" index="3" bw="0" slack="2147483647"/>
<pin id="443" dir="1" index="4" bw="20" slack="0"/>
</pin_list>
<bind>
<opcode="phi(47) " fcode="phi"/>
<opset="data_8_val12_phi/3 "/>
</bind>
</comp>

<comp id="446" class="1005" name="data_9_val13_phi_reg_446">
<pin_list>
<pin id="447" dir="0" index="0" bw="20" slack="0"/>
<pin id="448" dir="1" index="1" bw="20" slack="0"/>
</pin_list>
<bind>
<opset="data_9_val13_phi (phireg) "/>
</bind>
</comp>

<comp id="450" class="1004" name="data_9_val13_phi_phi_fu_450">
<pin_list>
<pin id="451" dir="0" index="0" bw="20" slack="1"/>
<pin id="452" dir="0" index="1" bw="0" slack="2147483647"/>
<pin id="453" dir="0" index="2" bw="20" slack="0"/>
<pin id="454" dir="0" index="3" bw="0" slack="2147483647"/>
<pin id="455" dir="1" index="4" bw="20" slack="0"/>
</pin_list>
<bind>
<opcode="phi(47) " fcode="phi"/>
<opset="data_9_val13_phi/3 "/>
</bind>
</comp>

<comp id="458" class="1004" name="zext_ln46_fu_458">
<pin_list>
<pin id="459" dir="0" index="0" bw="4" slack="0"/>
<pin id="460" dir="1" index="1" bw="64" slack="0"/>
</pin_list>
<bind>
<opcode="zext(34) " fcode="zext"/>
<opset="zext_ln46/2 "/>
</bind>
</comp>

<comp id="463" class="1004" name="w_index_fu_463">
<pin_list>
<pin id="464" dir="0" index="0" bw="4" slack="0"/>
<pin id="465" dir="0" index="1" bw="1" slack="0"/>
<pin id="466" dir="1" index="2" bw="4" slack="0"/>
</pin_list>
<bind>
<opcode="add(8) " fcode="add"/>
<opset="w_index/2 "/>
</bind>
</comp>

<comp id="469" class="1004" name="icmp_ln46_fu_469">
<pin_list>
<pin id="470" dir="0" index="0" bw="4" slack="0"/>
<pin id="471" dir="0" index="1" bw="4" slack="0"/>
<pin id="472" dir="1" index="2" bw="1" slack="1"/>
</pin_list>
<bind>
<opcode="icmp(45) " fcode="icmp"/>
<opset="icmp_ln46/2 "/>
</bind>
</comp>

<comp id="475" class="1004" name="a_fu_475">
<pin_list>
<pin id="476" dir="0" index="0" bw="20" slack="0"/>
<pin id="477" dir="0" index="1" bw="4" slack="0"/>
<pin id="478" dir="0" index="2" bw="20" slack="0"/>
<pin id="479" dir="0" index="3" bw="4" slack="0"/>
<pin id="480" dir="0" index="4" bw="20" slack="0"/>
<pin id="481" dir="0" index="5" bw="4" slack="0"/>
<pin id="482" dir="0" index="6" bw="20" slack="0"/>
<pin id="483" dir="0" index="7" bw="4" slack="0"/>
<pin id="484" dir="0" index="8" bw="20" slack="0"/>
<pin id="485" dir="0" index="9" bw="4" slack="0"/>
<pin id="486" dir="0" index="10" bw="20" slack="0"/>
<pin id="487" dir="0" index="11" bw="4" slack="0"/>
<pin id="488" dir="0" index="12" bw="20" slack="0"/>
<pin id="489" dir="0" index="13" bw="4" slack="0"/>
<pin id="490" dir="0" index="14" bw="20" slack="0"/>
<pin id="491" dir="0" index="15" bw="4" slack="0"/>
<pin id="492" dir="0" index="16" bw="20" slack="0"/>
<pin id="493" dir="0" index="17" bw="4" slack="0"/>
<pin id="494" dir="0" index="18" bw="20" slack="0"/>
<pin id="495" dir="0" index="19" bw="4" slack="0"/>
<pin id="496" dir="0" index="20" bw="20" slack="0"/>
<pin id="497" dir="0" index="21" bw="20" slack="0"/>
<pin id="498" dir="0" index="22" bw="4" slack="1"/>
<pin id="499" dir="1" index="23" bw="20" slack="0"/>
</pin_list>
<bind>
<opcode="sparsemux(1197) " fcode="sparsemux"/>
<opset="a/3 "/>
</bind>
</comp>

<comp id="523" class="1004" name="sext_ln73_fu_523">
<pin_list>
<pin id="524" dir="0" index="0" bw="20" slack="0"/>
<pin id="525" dir="1" index="1" bw="25" slack="0"/>
</pin_list>
<bind>
<opcode="sext(35) " fcode="sext"/>
<opset="sext_ln73/3 "/>
</bind>
</comp>

<comp id="527" class="1004" name="sext_ln73_62_fu_527">
<pin_list>
<pin id="528" dir="0" index="0" bw="5" slack="0"/>
<pin id="529" dir="1" index="1" bw="25" slack="0"/>
</pin_list>
<bind>
<opcode="sext(35) " fcode="sext"/>
<opset="sext_ln73_62/3 "/>
</bind>
</comp>

<comp id="531" class="1004" name="return_ln84_fu_531">
<pin_list>
<pin id="532" dir="0" index="0" bw="27" slack="0"/>
<pin id="533" dir="1" index="1" bw="0" slack="2147483647"/>
</pin_list>
<bind>
<opcode="return(1203) " fcode="return"/>
<opset="return_ln84/3 "/>
</bind>
</comp>

<comp id="534" class="1007" name="grp_fu_534">
<pin_list>
<pin id="535" dir="0" index="0" bw="20" slack="0"/>
<pin id="536" dir="0" index="1" bw="5" slack="0"/>
<pin id="537" dir="0" index="2" bw="27" slack="0"/>
<pin id="538" dir="1" index="3" bw="27" slack="0"/>
</pin_list>
<bind>
<opcode="muladd(1172) " fcode="muladd"/>
<opset="mul_ln73/3 sext_ln58/3 add_ln58/3 "/>
</bind>
</comp>

<comp id="543" class="1005" name="data_9_val_read_reg_543">
<pin_list>
<pin id="544" dir="0" index="0" bw="20" slack="1"/>
<pin id="545" dir="1" index="1" bw="20" slack="1"/>
</pin_list>
<bind>
<opset="data_9_val_read "/>
</bind>
</comp>

<comp id="548" class="1005" name="data_8_val_read_reg_548">
<pin_list>
<pin id="549" dir="0" index="0" bw="20" slack="1"/>
<pin id="550" dir="1" index="1" bw="20" slack="1"/>
</pin_list>
<bind>
<opset="data_8_val_read "/>
</bind>
</comp>

<comp id="553" class="1005" name="data_7_val_read_reg_553">
<pin_list>
<pin id="554" dir="0" index="0" bw="20" slack="1"/>
<pin id="555" dir="1" index="1" bw="20" slack="1"/>
</pin_list>
<bind>
<opset="data_7_val_read "/>
</bind>
</comp>

<comp id="558" class="1005" name="data_6_val_read_reg_558">
<pin_list>
<pin id="559" dir="0" index="0" bw="20" slack="1"/>
<pin id="560" dir="1" index="1" bw="20" slack="1"/>
</pin_list>
<bind>
<opset="data_6_val_read "/>
</bind>
</comp>

<comp id="563" class="1005" name="data_5_val_read_reg_563">
<pin_list>
<pin id="564" dir="0" index="0" bw="20" slack="1"/>
<pin id="565" dir="1" index="1" bw="20" slack="1"/>
</pin_list>
<bind>
<opset="data_5_val_read "/>
</bind>
</comp>

<comp id="568" class="1005" name="data_4_val_read_reg_568">
<pin_list>
<pin id="569" dir="0" index="0" bw="20" slack="1"/>
<pin id="570" dir="1" index="1" bw="20" slack="1"/>
</pin_list>
<bind>
<opset="data_4_val_read "/>
</bind>
</comp>

<comp id="573" class="1005" name="data_3_val_read_reg_573">
<pin_list>
<pin id="574" dir="0" index="0" bw="20" slack="1"/>
<pin id="575" dir="1" index="1" bw="20" slack="1"/>
</pin_list>
<bind>
<opset="data_3_val_read "/>
</bind>
</comp>

<comp id="578" class="1005" name="data_2_val_read_reg_578">
<pin_list>
<pin id="579" dir="0" index="0" bw="20" slack="1"/>
<pin id="580" dir="1" index="1" bw="20" slack="1"/>
</pin_list>
<bind>
<opset="data_2_val_read "/>
</bind>
</comp>

<comp id="583" class="1005" name="data_1_val_read_reg_583">
<pin_list>
<pin id="584" dir="0" index="0" bw="20" slack="1"/>
<pin id="585" dir="1" index="1" bw="20" slack="1"/>
</pin_list>
<bind>
<opset="data_1_val_read "/>
</bind>
</comp>

<comp id="588" class="1005" name="data_0_val_read_reg_588">
<pin_list>
<pin id="589" dir="0" index="0" bw="20" slack="1"/>
<pin id="590" dir="1" index="1" bw="20" slack="1"/>
</pin_list>
<bind>
<opset="data_0_val_read "/>
</bind>
</comp>

<comp id="593" class="1005" name="w14_addr_reg_593">
<pin_list>
<pin id="594" dir="0" index="0" bw="4" slack="1"/>
<pin id="595" dir="1" index="1" bw="4" slack="1"/>
</pin_list>
<bind>
<opset="w14_addr "/>
</bind>
</comp>

<comp id="598" class="1005" name="w_index_reg_598">
<pin_list>
<pin id="599" dir="0" index="0" bw="4" slack="0"/>
<pin id="600" dir="1" index="1" bw="4" slack="0"/>
</pin_list>
<bind>
<opset="w_index "/>
</bind>
</comp>

<comp id="603" class="1005" name="icmp_ln46_reg_603">
<pin_list>
<pin id="604" dir="0" index="0" bw="1" slack="1"/>
<pin id="605" dir="1" index="1" bw="1" slack="2147483647"/>
</pin_list>
<bind>
<opset="icmp_ln46 "/>
</bind>
</comp>

<comp id="607" class="1005" name="add_ln58_reg_607">
<pin_list>
<pin id="608" dir="0" index="0" bw="27" slack="0"/>
<pin id="609" dir="1" index="1" bw="27" slack="0"/>
</pin_list>
<bind>
<opset="add_ln58 "/>
</bind>
</comp>

</comp_list>

<net_list>
<net id="84"><net_src comp="36" pin="0"/><net_sink comp="80" pin=0"/></net>

<net id="85"><net_src comp="18" pin="0"/><net_sink comp="80" pin=1"/></net>

<net id="90"><net_src comp="36" pin="0"/><net_sink comp="86" pin=0"/></net>

<net id="91"><net_src comp="16" pin="0"/><net_sink comp="86" pin=1"/></net>

<net id="96"><net_src comp="36" pin="0"/><net_sink comp="92" pin=0"/></net>

<net id="97"><net_src comp="14" pin="0"/><net_sink comp="92" pin=1"/></net>

<net id="102"><net_src comp="36" pin="0"/><net_sink comp="98" pin=0"/></net>

<net id="103"><net_src comp="12" pin="0"/><net_sink comp="98" pin=1"/></net>

<net id="108"><net_src comp="36" pin="0"/><net_sink comp="104" pin=0"/></net>

<net id="109"><net_src comp="10" pin="0"/><net_sink comp="104" pin=1"/></net>

<net id="114"><net_src comp="36" pin="0"/><net_sink comp="110" pin=0"/></net>

<net id="115"><net_src comp="8" pin="0"/><net_sink comp="110" pin=1"/></net>

<net id="120"><net_src comp="36" pin="0"/><net_sink comp="116" pin=0"/></net>

<net id="121"><net_src comp="6" pin="0"/><net_sink comp="116" pin=1"/></net>

<net id="126"><net_src comp="36" pin="0"/><net_sink comp="122" pin=0"/></net>

<net id="127"><net_src comp="4" pin="0"/><net_sink comp="122" pin=1"/></net>

<net id="132"><net_src comp="36" pin="0"/><net_sink comp="128" pin=0"/></net>

<net id="133"><net_src comp="2" pin="0"/><net_sink comp="128" pin=1"/></net>

<net id="138"><net_src comp="36" pin="0"/><net_sink comp="134" pin=0"/></net>

<net id="139"><net_src comp="0" pin="0"/><net_sink comp="134" pin=1"/></net>

<net id="145"><net_src comp="20" pin="0"/><net_sink comp="140" pin=0"/></net>

<net id="146"><net_src comp="38" pin="0"/><net_sink comp="140" pin=1"/></net>

<net id="152"><net_src comp="140" pin="3"/><net_sink comp="147" pin=0"/></net>

<net id="156"><net_src comp="22" pin="0"/><net_sink comp="153" pin=0"/></net>

<net id="165"><net_src comp="153" pin="1"/><net_sink comp="157" pin=0"/></net>

<net id="166"><net_src comp="24" pin="0"/><net_sink comp="157" pin=2"/></net>

<net id="167"><net_src comp="22" pin="0"/><net_sink comp="157" pin=4"/></net>

<net id="168"><net_src comp="157" pin="6"/><net_sink comp="153" pin=0"/></net>

<net id="172"><net_src comp="26" pin="0"/><net_sink comp="169" pin=0"/></net>

<net id="181"><net_src comp="169" pin="1"/><net_sink comp="173" pin=0"/></net>

<net id="182"><net_src comp="26" pin="0"/><net_sink comp="173" pin=4"/></net>

<net id="183"><net_src comp="173" pin="6"/><net_sink comp="169" pin=0"/></net>

<net id="187"><net_src comp="44" pin="0"/><net_sink comp="184" pin=0"/></net>

<net id="196"><net_src comp="184" pin="1"/><net_sink comp="188" pin=0"/></net>

<net id="197"><net_src comp="184" pin="1"/><net_sink comp="188" pin=4"/></net>

<net id="201"><net_src comp="44" pin="0"/><net_sink comp="198" pin=0"/></net>

<net id="210"><net_src comp="198" pin="1"/><net_sink comp="202" pin=0"/></net>

<net id="211"><net_src comp="198" pin="1"/><net_sink comp="202" pin=4"/></net>

<net id="215"><net_src comp="44" pin="0"/><net_sink comp="212" pin=0"/></net>

<net id="224"><net_src comp="212" pin="1"/><net_sink comp="216" pin=0"/></net>

<net id="225"><net_src comp="212" pin="1"/><net_sink comp="216" pin=4"/></net>

<net id="229"><net_src comp="44" pin="0"/><net_sink comp="226" pin=0"/></net>

<net id="238"><net_src comp="226" pin="1"/><net_sink comp="230" pin=0"/></net>

<net id="239"><net_src comp="226" pin="1"/><net_sink comp="230" pin=4"/></net>

<net id="243"><net_src comp="44" pin="0"/><net_sink comp="240" pin=0"/></net>

<net id="252"><net_src comp="240" pin="1"/><net_sink comp="244" pin=0"/></net>

<net id="253"><net_src comp="240" pin="1"/><net_sink comp="244" pin=4"/></net>

<net id="257"><net_src comp="44" pin="0"/><net_sink comp="254" pin=0"/></net>

<net id="266"><net_src comp="254" pin="1"/><net_sink comp="258" pin=0"/></net>

<net id="267"><net_src comp="254" pin="1"/><net_sink comp="258" pin=4"/></net>

<net id="271"><net_src comp="44" pin="0"/><net_sink comp="268" pin=0"/></net>

<net id="280"><net_src comp="268" pin="1"/><net_sink comp="272" pin=0"/></net>

<net id="281"><net_src comp="268" pin="1"/><net_sink comp="272" pin=4"/></net>

<net id="285"><net_src comp="44" pin="0"/><net_sink comp="282" pin=0"/></net>

<net id="294"><net_src comp="282" pin="1"/><net_sink comp="286" pin=0"/></net>

<net id="295"><net_src comp="282" pin="1"/><net_sink comp="286" pin=4"/></net>

<net id="299"><net_src comp="44" pin="0"/><net_sink comp="296" pin=0"/></net>

<net id="308"><net_src comp="296" pin="1"/><net_sink comp="300" pin=0"/></net>

<net id="309"><net_src comp="296" pin="1"/><net_sink comp="300" pin=4"/></net>

<net id="313"><net_src comp="44" pin="0"/><net_sink comp="310" pin=0"/></net>

<net id="322"><net_src comp="310" pin="1"/><net_sink comp="314" pin=0"/></net>

<net id="323"><net_src comp="310" pin="1"/><net_sink comp="314" pin=4"/></net>

<net id="327"><net_src comp="46" pin="0"/><net_sink comp="324" pin=0"/></net>

<net id="336"><net_src comp="324" pin="1"/><net_sink comp="328" pin=0"/></net>

<net id="337"><net_src comp="324" pin="1"/><net_sink comp="328" pin=4"/></net>

<net id="341"><net_src comp="338" pin="1"/><net_sink comp="188" pin=2"/></net>

<net id="348"><net_src comp="188" pin="6"/><net_sink comp="342" pin=2"/></net>

<net id="349"><net_src comp="342" pin="4"/><net_sink comp="338" pin=0"/></net>

<net id="353"><net_src comp="350" pin="1"/><net_sink comp="202" pin=2"/></net>

<net id="360"><net_src comp="202" pin="6"/><net_sink comp="354" pin=2"/></net>

<net id="361"><net_src comp="354" pin="4"/><net_sink comp="350" pin=0"/></net>

<net id="365"><net_src comp="362" pin="1"/><net_sink comp="216" pin=2"/></net>

<net id="372"><net_src comp="216" pin="6"/><net_sink comp="366" pin=2"/></net>

<net id="373"><net_src comp="366" pin="4"/><net_sink comp="362" pin=0"/></net>

<net id="377"><net_src comp="374" pin="1"/><net_sink comp="230" pin=2"/></net>

<net id="384"><net_src comp="230" pin="6"/><net_sink comp="378" pin=2"/></net>

<net id="385"><net_src comp="378" pin="4"/><net_sink comp="374" pin=0"/></net>

<net id="389"><net_src comp="386" pin="1"/><net_sink comp="244" pin=2"/></net>

<net id="396"><net_src comp="244" pin="6"/><net_sink comp="390" pin=2"/></net>

<net id="397"><net_src comp="390" pin="4"/><net_sink comp="386" pin=0"/></net>

<net id="401"><net_src comp="398" pin="1"/><net_sink comp="258" pin=2"/></net>

<net id="408"><net_src comp="258" pin="6"/><net_sink comp="402" pin=2"/></net>

<net id="409"><net_src comp="402" pin="4"/><net_sink comp="398" pin=0"/></net>

<net id="413"><net_src comp="410" pin="1"/><net_sink comp="272" pin=2"/></net>

<net id="420"><net_src comp="272" pin="6"/><net_sink comp="414" pin=2"/></net>

<net id="421"><net_src comp="414" pin="4"/><net_sink comp="410" pin=0"/></net>

<net id="425"><net_src comp="422" pin="1"/><net_sink comp="286" pin=2"/></net>

<net id="432"><net_src comp="286" pin="6"/><net_sink comp="426" pin=2"/></net>

<net id="433"><net_src comp="426" pin="4"/><net_sink comp="422" pin=0"/></net>

<net id="437"><net_src comp="434" pin="1"/><net_sink comp="300" pin=2"/></net>

<net id="444"><net_src comp="300" pin="6"/><net_sink comp="438" pin=2"/></net>

<net id="445"><net_src comp="438" pin="4"/><net_sink comp="434" pin=0"/></net>

<net id="449"><net_src comp="446" pin="1"/><net_sink comp="314" pin=2"/></net>

<net id="456"><net_src comp="314" pin="6"/><net_sink comp="450" pin=2"/></net>

<net id="457"><net_src comp="450" pin="4"/><net_sink comp="446" pin=0"/></net>

<net id="461"><net_src comp="173" pin="6"/><net_sink comp="458" pin=0"/></net>

<net id="462"><net_src comp="458" pin="1"/><net_sink comp="140" pin=2"/></net>

<net id="467"><net_src comp="173" pin="6"/><net_sink comp="463" pin=0"/></net>

<net id="468"><net_src comp="40" pin="0"/><net_sink comp="463" pin=1"/></net>

<net id="473"><net_src comp="173" pin="6"/><net_sink comp="469" pin=0"/></net>

<net id="474"><net_src comp="42" pin="0"/><net_sink comp="469" pin=1"/></net>

<net id="500"><net_src comp="64" pin="0"/><net_sink comp="475" pin=0"/></net>

<net id="501"><net_src comp="26" pin="0"/><net_sink comp="475" pin=1"/></net>

<net id="502"><net_src comp="342" pin="4"/><net_sink comp="475" pin=2"/></net>

<net id="503"><net_src comp="40" pin="0"/><net_sink comp="475" pin=3"/></net>

<net id="504"><net_src comp="354" pin="4"/><net_sink comp="475" pin=4"/></net>

<net id="505"><net_src comp="66" pin="0"/><net_sink comp="475" pin=5"/></net>

<net id="506"><net_src comp="366" pin="4"/><net_sink comp="475" pin=6"/></net>

<net id="507"><net_src comp="68" pin="0"/><net_sink comp="475" pin=7"/></net>

<net id="508"><net_src comp="378" pin="4"/><net_sink comp="475" pin=8"/></net>

<net id="509"><net_src comp="70" pin="0"/><net_sink comp="475" pin=9"/></net>

<net id="510"><net_src comp="390" pin="4"/><net_sink comp="475" pin=10"/></net>

<net id="511"><net_src comp="72" pin="0"/><net_sink comp="475" pin=11"/></net>

<net id="512"><net_src comp="402" pin="4"/><net_sink comp="475" pin=12"/></net>

<net id="513"><net_src comp="74" pin="0"/><net_sink comp="475" pin=13"/></net>

<net id="514"><net_src comp="414" pin="4"/><net_sink comp="475" pin=14"/></net>

<net id="515"><net_src comp="76" pin="0"/><net_sink comp="475" pin=15"/></net>

<net id="516"><net_src comp="426" pin="4"/><net_sink comp="475" pin=16"/></net>

<net id="517"><net_src comp="78" pin="0"/><net_sink comp="475" pin=17"/></net>

<net id="518"><net_src comp="438" pin="4"/><net_sink comp="475" pin=18"/></net>

<net id="519"><net_src comp="42" pin="0"/><net_sink comp="475" pin=19"/></net>

<net id="520"><net_src comp="450" pin="4"/><net_sink comp="475" pin=20"/></net>

<net id="521"><net_src comp="44" pin="0"/><net_sink comp="475" pin=21"/></net>

<net id="522"><net_src comp="169" pin="1"/><net_sink comp="475" pin=22"/></net>

<net id="526"><net_src comp="475" pin="23"/><net_sink comp="523" pin=0"/></net>

<net id="530"><net_src comp="147" pin="3"/><net_sink comp="527" pin=0"/></net>

<net id="539"><net_src comp="523" pin="1"/><net_sink comp="534" pin=0"/></net>

<net id="540"><net_src comp="527" pin="1"/><net_sink comp="534" pin=1"/></net>

<net id="541"><net_src comp="328" pin="6"/><net_sink comp="534" pin=2"/></net>

<net id="542"><net_src comp="534" pin="3"/><net_sink comp="531" pin=0"/></net>

<net id="546"><net_src comp="80" pin="2"/><net_sink comp="543" pin=0"/></net>

<net id="547"><net_src comp="543" pin="1"/><net_sink comp="450" pin=0"/></net>

<net id="551"><net_src comp="86" pin="2"/><net_sink comp="548" pin=0"/></net>

<net id="552"><net_src comp="548" pin="1"/><net_sink comp="438" pin=0"/></net>

<net id="556"><net_src comp="92" pin="2"/><net_sink comp="553" pin=0"/></net>

<net id="557"><net_src comp="553" pin="1"/><net_sink comp="426" pin=0"/></net>

<net id="561"><net_src comp="98" pin="2"/><net_sink comp="558" pin=0"/></net>

<net id="562"><net_src comp="558" pin="1"/><net_sink comp="414" pin=0"/></net>

<net id="566"><net_src comp="104" pin="2"/><net_sink comp="563" pin=0"/></net>

<net id="567"><net_src comp="563" pin="1"/><net_sink comp="402" pin=0"/></net>

<net id="571"><net_src comp="110" pin="2"/><net_sink comp="568" pin=0"/></net>

<net id="572"><net_src comp="568" pin="1"/><net_sink comp="390" pin=0"/></net>

<net id="576"><net_src comp="116" pin="2"/><net_sink comp="573" pin=0"/></net>

<net id="577"><net_src comp="573" pin="1"/><net_sink comp="378" pin=0"/></net>

<net id="581"><net_src comp="122" pin="2"/><net_sink comp="578" pin=0"/></net>

<net id="582"><net_src comp="578" pin="1"/><net_sink comp="366" pin=0"/></net>

<net id="586"><net_src comp="128" pin="2"/><net_sink comp="583" pin=0"/></net>

<net id="587"><net_src comp="583" pin="1"/><net_sink comp="354" pin=0"/></net>

<net id="591"><net_src comp="134" pin="2"/><net_sink comp="588" pin=0"/></net>

<net id="592"><net_src comp="588" pin="1"/><net_sink comp="342" pin=0"/></net>

<net id="596"><net_src comp="140" pin="3"/><net_sink comp="593" pin=0"/></net>

<net id="597"><net_src comp="593" pin="1"/><net_sink comp="147" pin=0"/></net>

<net id="601"><net_src comp="463" pin="2"/><net_sink comp="598" pin=0"/></net>

<net id="602"><net_src comp="598" pin="1"/><net_sink comp="173" pin=2"/></net>

<net id="606"><net_src comp="469" pin="2"/><net_sink comp="603" pin=0"/></net>

<net id="610"><net_src comp="534" pin="3"/><net_sink comp="607" pin=0"/></net>

<net id="611"><net_src comp="607" pin="1"/><net_sink comp="328" pin=2"/></net>

</net_list>

</model> 
---------------- Datapath Model END ------------------

* FSMD analyzer results:
  - Output states:
 - Input state : 
	Port: dense_resource_rf_leq_nin<ap_fixed,ap_fixed<31,17,5,3,0>,config14> : data_0_val | {2 }
	Port: dense_resource_rf_leq_nin<ap_fixed,ap_fixed<31,17,5,3,0>,config14> : data_1_val | {2 }
	Port: dense_resource_rf_leq_nin<ap_fixed,ap_fixed<31,17,5,3,0>,config14> : data_2_val | {2 }
	Port: dense_resource_rf_leq_nin<ap_fixed,ap_fixed<31,17,5,3,0>,config14> : data_3_val | {2 }
	Port: dense_resource_rf_leq_nin<ap_fixed,ap_fixed<31,17,5,3,0>,config14> : data_4_val | {2 }
	Port: dense_resource_rf_leq_nin<ap_fixed,ap_fixed<31,17,5,3,0>,config14> : data_5_val | {2 }
	Port: dense_resource_rf_leq_nin<ap_fixed,ap_fixed<31,17,5,3,0>,config14> : data_6_val | {2 }
	Port: dense_resource_rf_leq_nin<ap_fixed,ap_fixed<31,17,5,3,0>,config14> : data_7_val | {2 }
	Port: dense_resource_rf_leq_nin<ap_fixed,ap_fixed<31,17,5,3,0>,config14> : data_8_val | {2 }
	Port: dense_resource_rf_leq_nin<ap_fixed,ap_fixed<31,17,5,3,0>,config14> : data_9_val | {2 }
	Port: dense_resource_rf_leq_nin<ap_fixed,ap_fixed<31,17,5,3,0>,config14> : w14 | {2 3 }
  - Chain level:
	State 1
	State 2
		zext_ln46 : 1
		w14_addr : 2
		w : 3
		w_index : 1
		icmp_ln46 : 1
		br_ln46 : 2
	State 3
		data_0_val4_phi : 1
		data_1_val5_phi : 1
		data_2_val6_phi : 1
		data_3_val7_phi : 1
		data_4_val8_phi : 1
		data_5_val9_phi : 1
		data_6_val10_phi : 1
		data_7_val11_phi : 1
		data_8_val12_phi : 1
		data_9_val13_phi : 1
		a : 2
		sext_ln73 : 3
		sext_ln73_62 : 1
		mul_ln73 : 4
		sext_ln58 : 5
		add_ln58 : 6
		return_ln84 : 7


============================================================
+ Verbose Summary: Datapath Resource usage 
============================================================

* Functional unit list:
|----------|-----------------------------|---------|---------|---------|
| Operation|       Functional Unit       |   DSP   |    FF   |   LUT   |
|----------|-----------------------------|---------|---------|---------|
| sparsemux|           a_fu_475          |    0    |    0    |    41   |
|----------|-----------------------------|---------|---------|---------|
|    add   |        w_index_fu_463       |    0    |    0    |    13   |
|----------|-----------------------------|---------|---------|---------|
|   icmp   |       icmp_ln46_fu_469      |    0    |    0    |    13   |
|----------|-----------------------------|---------|---------|---------|
|  muladd  |          grp_fu_534         |    1    |    0    |    0    |
|----------|-----------------------------|---------|---------|---------|
|          |  data_9_val_read_read_fu_80 |    0    |    0    |    0    |
|          |  data_8_val_read_read_fu_86 |    0    |    0    |    0    |
|          |  data_7_val_read_read_fu_92 |    0    |    0    |    0    |
|          |  data_6_val_read_read_fu_98 |    0    |    0    |    0    |
|   read   | data_5_val_read_read_fu_104 |    0    |    0    |    0    |
|          | data_4_val_read_read_fu_110 |    0    |    0    |    0    |
|          | data_3_val_read_read_fu_116 |    0    |    0    |    0    |
|          | data_2_val_read_read_fu_122 |    0    |    0    |    0    |
|          | data_1_val_read_read_fu_128 |    0    |    0    |    0    |
|          | data_0_val_read_read_fu_134 |    0    |    0    |    0    |
|----------|-----------------------------|---------|---------|---------|
|   zext   |       zext_ln46_fu_458      |    0    |    0    |    0    |
|----------|-----------------------------|---------|---------|---------|
|   sext   |       sext_ln73_fu_523      |    0    |    0    |    0    |
|          |     sext_ln73_62_fu_527     |    0    |    0    |    0    |
|----------|-----------------------------|---------|---------|---------|
|  return  |      return_ln84_fu_531     |    0    |    0    |    0    |
|----------|-----------------------------|---------|---------|---------|
|   Total  |                             |    1    |    0    |    67   |
|----------|-----------------------------|---------|---------|---------|

Memories:
N/A

* Register list:
+---------------------------+--------+
|                           |   FF   |
+---------------------------+--------+
|      add_ln58_reg_607     |   27   |
|  data_0_val4_phi_reg_338  |   20   |
| data_0_val4_rewind_reg_184|   20   |
|  data_0_val_read_reg_588  |   20   |
|  data_1_val5_phi_reg_350  |   20   |
| data_1_val5_rewind_reg_198|   20   |
|  data_1_val_read_reg_583  |   20   |
|  data_2_val6_phi_reg_362  |   20   |
| data_2_val6_rewind_reg_212|   20   |
|  data_2_val_read_reg_578  |   20   |
|  data_3_val7_phi_reg_374  |   20   |
| data_3_val7_rewind_reg_226|   20   |
|  data_3_val_read_reg_573  |   20   |
|  data_4_val8_phi_reg_386  |   20   |
| data_4_val8_rewind_reg_240|   20   |
|  data_4_val_read_reg_568  |   20   |
|  data_5_val9_phi_reg_398  |   20   |
| data_5_val9_rewind_reg_254|   20   |
|  data_5_val_read_reg_563  |   20   |
|  data_6_val10_phi_reg_410 |   20   |
|data_6_val10_rewind_reg_268|   20   |
|  data_6_val_read_reg_558  |   20   |
|  data_7_val11_phi_reg_422 |   20   |
|data_7_val11_rewind_reg_282|   20   |
|  data_7_val_read_reg_553  |   20   |
|  data_8_val12_phi_reg_434 |   20   |
|data_8_val12_rewind_reg_296|   20   |
|  data_8_val_read_reg_548  |   20   |
|  data_9_val13_phi_reg_446 |   20   |
|data_9_val13_rewind_reg_310|   20   |
|  data_9_val_read_reg_543  |   20   |
|      do_init_reg_153      |    1   |
|       empty_reg_324       |   27   |
|     icmp_ln46_reg_603     |    1   |
|      w14_addr_reg_593     |    4   |
|      w_index3_reg_169     |    4   |
|      w_index_reg_598      |    4   |
+---------------------------+--------+
|           Total           |   668  |
+---------------------------+--------+

* Multiplexer (MUX) list: 
|-------------------|------|------|------|--------||---------||---------||---------|
|        Comp       |  Pin | Size |  BW  | S x BW ||  Delay  ||    FF   ||   LUT   |
|-------------------|------|------|------|--------||---------||---------||---------|
| grp_access_fu_147 |  p0  |   2  |   4  |    8   ||    0    ||    9    |
|  do_init_reg_153  |  p0  |   2  |   1  |    2   ||    0    ||    9    |
|  w_index3_reg_169 |  p0  |   2  |   4  |    8   ||    0    ||    9    |
|-------------------|------|------|------|--------||---------||---------||---------|
|       Total       |      |      |      |   18   ||   4.83  ||    0    ||    27   |
|-------------------|------|------|------|--------||---------||---------||---------|



* Summary:
+-----------+--------+--------+--------+--------+
|           |   DSP  |  Delay |   FF   |   LUT  |
+-----------+--------+--------+--------+--------+
|  Function |    1   |    -   |    0   |   67   |
|   Memory  |    -   |    -   |    -   |    -   |
|Multiplexer|    -   |    4   |    0   |   27   |
|  Register |    -   |    -   |   668  |    -   |
+-----------+--------+--------+--------+--------+
|   Total   |    1   |    4   |   668  |   94   |
+-----------+--------+--------+--------+--------+
