

================================================================
== Vitis HLS Report for 'dense_array_ap_fixed_5u_array_ap_fixed_41_23_5_3_0_1u_config16_s'
================================================================
* Date:           Mon Apr 28 17:43:38 2025

* Version:        2024.2 (Build 5238294 on Nov  8 2024)
* Project:        myproject_prj
* Solution:       solution1 (Vivado IP Flow Target)
* Product family: artix7
* Target device:  xc7a35t-cpg236-1


================================================================
== Performance Estimates
================================================================
+ Timing: 
    * Summary: 
    +--------+----------+-----------+------------+
    |  Clock |  Target  | Estimated | Uncertainty|
    +--------+----------+-----------+------------+
    |ap_clk  |  30.00 ns|  18.267 ns|     8.10 ns|
    +--------+----------+-----------+------------+

+ Latency: 
    * Summary: 
    +---------+---------+----------+----------+-----+-----+---------+
    |  Latency (cycles) |  Latency (absolute) |  Interval | Pipeline|
    |   min   |   max   |    min   |    max   | min | max |   Type  |
    +---------+---------+----------+----------+-----+-----+---------+
    |        6|        7|  0.180 us|  0.210 us|    6|    7|       no|
    +---------+---------+----------+----------+-----+-----+---------+

    + Detail: 
        * Instance: 
        +------------------------------------------------------------------------------+--------------------------------------------------------------------+---------+---------+----------+----------+-----+-----+-------------------------------------------+
        |                                                                              |                                                                    |  Latency (cycles) |  Latency (absolute) |  Interval |                  Pipeline                 |
        |                                   Instance                                   |                               Module                               |   min   |   max   |    min   |    max   | min | max |                    Type                   |
        +------------------------------------------------------------------------------+--------------------------------------------------------------------+---------+---------+----------+----------+-----+-----+-------------------------------------------+
        |grp_dense_resource_rf_leq_nin_ap_fixed_ap_fixed_41_23_5_3_0_config16_s_fu_53  |dense_resource_rf_leq_nin_ap_fixed_ap_fixed_41_23_5_3_0_config16_s  |        5|        6|  0.150 us|  0.180 us|    5|    5|  loop rewind stp (delay=0 clock cycles(s))|
        +------------------------------------------------------------------------------+--------------------------------------------------------------------+---------+---------+----------+----------+-----+-----+-------------------------------------------+

        * Loop: 
        N/A

============================================================
+ Verbose Summary: Synthesis Manager
============================================================
InlineROM: 1
ExposeGlobal: 0
============================================================
+ Verbose Summary: CDFG Model
============================================================
IsTopModel: 0
ResetActiveHigh: 1
IsCombinational: 2
IsDatapathOnly: 0
HasWiredReturn: 1
HasMFsm: 0
HasVarLatency: 1
IsPipeline: 0
IsRtlPipelined: 0
IsInstanceOverlapped: 0
IsDontTouch: 0
HasImplIP: 0
IsGatedGlobalClock: 0


============================================================
+ Verbose Summary: Schedule
============================================================
* Number of FSM states : 2
* Pipeline : 0
* Dataflow Pipeline: 0

* FSM state transitions: 
1 --> 2 
2 --> 

* FSM state operations: 

State 1 <SV = 0> <Delay = 3.90>
ST_1 : Operation 3 [1/1] ( I:3.90ns O:3.90ns )   --->   "%layer14_out_read = read i155 @_ssdm_op_Read.ap_fifo.volatile.i155P0A, i155 %layer14_out" [firmware/nnet_utils/nnet_dense_stream.h:43->firmware/nnet_utils/nnet_dense_stream.h:93]   --->   Operation 3 'read' 'layer14_out_read' <Predicate = true> <Delay = 3.90> <CoreInst = "FIFO_SRL">   --->   Core 80 'FIFO_SRL' <Latency = 0> <II = 1> <Delay = 3.90> <Storage> <Opcode : 'read' 'write' 'nbread' 'nbwrite'> <Ports = 0> <Width = 155> <Depth = 1> <FIFO>
ST_1 : Operation 4 [1/1] (0.00ns)   --->   "%data = trunc i155 %layer14_out_read" [firmware/nnet_utils/nnet_dense_stream.h:43->firmware/nnet_utils/nnet_dense_stream.h:93]   --->   Operation 4 'trunc' 'data' <Predicate = true> <Delay = 0.00>
ST_1 : Operation 5 [1/1] (0.00ns)   --->   "%data_4 = partselect i31 @_ssdm_op_PartSelect.i31.i155.i32.i32, i155 %layer14_out_read, i32 31, i32 61" [firmware/nnet_utils/nnet_dense_stream.h:43->firmware/nnet_utils/nnet_dense_stream.h:93]   --->   Operation 5 'partselect' 'data_4' <Predicate = true> <Delay = 0.00>
ST_1 : Operation 6 [1/1] (0.00ns)   --->   "%data_1 = partselect i31 @_ssdm_op_PartSelect.i31.i155.i32.i32, i155 %layer14_out_read, i32 62, i32 92" [firmware/nnet_utils/nnet_dense_stream.h:43->firmware/nnet_utils/nnet_dense_stream.h:93]   --->   Operation 6 'partselect' 'data_1' <Predicate = true> <Delay = 0.00>
ST_1 : Operation 7 [1/1] (0.00ns)   --->   "%data_2 = partselect i31 @_ssdm_op_PartSelect.i31.i155.i32.i32, i155 %layer14_out_read, i32 93, i32 123" [firmware/nnet_utils/nnet_dense_stream.h:43->firmware/nnet_utils/nnet_dense_stream.h:93]   --->   Operation 7 'partselect' 'data_2' <Predicate = true> <Delay = 0.00>
ST_1 : Operation 8 [1/1] (0.00ns)   --->   "%data_3 = partselect i31 @_ssdm_op_PartSelect.i31.i155.i32.i32, i155 %layer14_out_read, i32 124, i32 154" [firmware/nnet_utils/nnet_dense_stream.h:43->firmware/nnet_utils/nnet_dense_stream.h:93]   --->   Operation 8 'partselect' 'data_3' <Predicate = true> <Delay = 0.00>
ST_1 : Operation 9 [2/2] (0.00ns)   --->   "%res = call i37 @dense_resource_rf_leq_nin<ap_fixed,ap_fixed<41,23,5,3,0>,config16>, i31 %data, i31 %data_4, i31 %data_1, i31 %data_2, i31 %data_3, i5 %w16" [firmware/nnet_utils/nnet_dense_resource.h:262->firmware/nnet_utils/nnet_dense_stream.h:24->firmware/nnet_utils/nnet_dense_stream.h:97]   --->   Operation 9 'call' 'res' <Predicate = true> <Delay = 0.00> <CoreType = "Generic">   --->   Generic Core

State 2 <SV = 1> <Delay = 18.2>
ST_2 : Operation 10 [1/1] (0.00ns)   --->   "%specinterface_ln0 = specinterface void @_ssdm_op_SpecInterface, i41 %layer16_out, void @empty_2, i32 0, i32 0, void @empty_3, i32 0, i32 0, void @empty_3, void @empty_3, void @empty_3, i32 0, i32 0, i32 0, i32 0, void @empty_3, void @empty_3, i32 4294967295, i32 0, i32 0"   --->   Operation 10 'specinterface' 'specinterface_ln0' <Predicate = true> <Delay = 0.00>
ST_2 : Operation 11 [1/1] (0.00ns)   --->   "%specinterface_ln0 = specinterface void @_ssdm_op_SpecInterface, i155 %layer14_out, void @empty_2, i32 0, i32 0, void @empty_3, i32 0, i32 0, void @empty_3, void @empty_3, void @empty_3, i32 0, i32 0, i32 0, i32 0, void @empty_3, void @empty_3, i32 4294967295, i32 0, i32 0"   --->   Operation 11 'specinterface' 'specinterface_ln0' <Predicate = true> <Delay = 0.00>
ST_2 : Operation 12 [1/2] (14.3ns)   --->   "%res = call i37 @dense_resource_rf_leq_nin<ap_fixed,ap_fixed<41,23,5,3,0>,config16>, i31 %data, i31 %data_4, i31 %data_1, i31 %data_2, i31 %data_3, i5 %w16" [firmware/nnet_utils/nnet_dense_resource.h:262->firmware/nnet_utils/nnet_dense_stream.h:24->firmware/nnet_utils/nnet_dense_stream.h:97]   --->   Operation 12 'call' 'res' <Predicate = true> <Delay = 14.3> <CoreType = "Generic">   --->   Generic Core
ST_2 : Operation 13 [1/1] (0.00ns)   --->   "%sext_ln262 = sext i37 %res" [firmware/nnet_utils/nnet_dense_resource.h:262->firmware/nnet_utils/nnet_dense_stream.h:24->firmware/nnet_utils/nnet_dense_stream.h:97]   --->   Operation 13 'sext' 'sext_ln262' <Predicate = true> <Delay = 0.00>
ST_2 : Operation 14 [1/1] ( I:3.90ns O:3.90ns )   --->   "%write_ln77 = write void @_ssdm_op_Write.ap_fifo.volatile.i41P0A, i41 %layer16_out, i41 %sext_ln262" [firmware/nnet_utils/nnet_dense_stream.h:77->firmware/nnet_utils/nnet_dense_stream.h:100]   --->   Operation 14 'write' 'write_ln77' <Predicate = true> <Delay = 3.90> <CoreInst = "FIFO_SRL">   --->   Core 80 'FIFO_SRL' <Latency = 0> <II = 1> <Delay = 3.90> <Storage> <Opcode : 'read' 'write' 'nbread' 'nbwrite'> <Ports = 0> <Width = 41> <Depth = 1> <FIFO>
ST_2 : Operation 15 [1/1] (0.00ns)   --->   "%ret_ln101 = ret" [firmware/nnet_utils/nnet_dense_stream.h:101]   --->   Operation 15 'ret' 'ret_ln101' <Predicate = true> <Delay = 0.00>


============================================================
+ Verbose Summary: Binding
============================================================
STG Binding: 
---------------- STG Properties BEGIN ----------------
- Is combinational: 0
- Is one-state seq: 0
- Is datapath-only: 0
- Is pipelined: 0
- Is top level: 0
Port [ Return ] is wired: 1; IO mode=ap_ctrl_hs:ce=0
Port [ layer14_out]:  wired=1; compound=1; hidden=0; nouse=0; global=0; static=0; extern=0; dir=0; type=3; pingpong=0; private_global=0; IO mode=ap_fifo:ce=0
Port [ layer16_out]:  wired=1; compound=1; hidden=0; nouse=0; global=0; static=0; extern=0; dir=1; type=3; pingpong=0; private_global=0; IO mode=ap_fifo:ce=0
Port [ w16]:  wired=0; compound=1; hidden=1; nouse=1; global=1; static=1; extern=0; dir=0; type=1; pingpong=0; private_global=0; MemPort=[1]; IO mode=ap_memory:ce=0
---------------- STG Properties END ------------------

---------------- Datapath Model BEGIN ----------------

<LifeTime>
<method=bitvector/>
layer14_out_read  (read         ) [ 000]
data              (trunc        ) [ 001]
data_4            (partselect   ) [ 001]
data_1            (partselect   ) [ 001]
data_2            (partselect   ) [ 001]
data_3            (partselect   ) [ 001]
specinterface_ln0 (specinterface) [ 000]
specinterface_ln0 (specinterface) [ 000]
res               (call         ) [ 000]
sext_ln262        (sext         ) [ 000]
write_ln77        (write        ) [ 000]
ret_ln101         (ret          ) [ 000]
</LifeTime>

<model>

<comp_list>
<comp id="0" class="1000" name="layer14_out">
<pin_list>
<pin id="1" dir="1" index="0" bw="1" slack="0"/>
</pin_list>
<bind>
<StgValue><ssdm name="layer14_out"/></StgValue>
</bind>
</comp>

<comp id="2" class="1000" name="layer16_out">
<pin_list>
<pin id="3" dir="1" index="0" bw="1" slack="0"/>
</pin_list>
<bind>
<StgValue><ssdm name="layer16_out"/></StgValue>
</bind>
</comp>

<comp id="4" class="1000" name="w16">
<pin_list>
<pin id="5" dir="1" index="0" bw="1" slack="0"/>
</pin_list>
<bind>
<StgValue><ssdm name="w16"/><MemPortTyVec>1 </MemPortTyVec>
</StgValue>
</bind>
</comp>

<comp id="6" class="1001" name="const_6">
<pin_list>
<pin id="7" dir="1" index="0" bw="1" slack="0"/>
</pin_list>
<bind>
<StgValue><ssdm name="_ssdm_op_Read.ap_fifo.volatile.i155P0A"/></StgValue>
</bind>
</comp>

<comp id="8" class="1001" name="const_8">
<pin_list>
<pin id="9" dir="1" index="0" bw="1" slack="0"/>
</pin_list>
<bind>
<StgValue><ssdm name="_ssdm_op_PartSelect.i31.i155.i32.i32"/></StgValue>
</bind>
</comp>

<comp id="10" class="1001" name="const_10">
<pin_list>
<pin id="11" dir="1" index="0" bw="1" slack="0"/>
</pin_list>
<bind>
<StgValue><ssdm name=""/></StgValue>
</bind>
</comp>

<comp id="12" class="1001" name="const_12">
<pin_list>
<pin id="13" dir="1" index="0" bw="1" slack="0"/>
</pin_list>
<bind>
<StgValue><ssdm name=""/></StgValue>
</bind>
</comp>

<comp id="14" class="1001" name="const_14">
<pin_list>
<pin id="15" dir="1" index="0" bw="1" slack="0"/>
</pin_list>
<bind>
<StgValue><ssdm name=""/></StgValue>
</bind>
</comp>

<comp id="16" class="1001" name="const_16">
<pin_list>
<pin id="17" dir="1" index="0" bw="1" slack="0"/>
</pin_list>
<bind>
<StgValue><ssdm name=""/></StgValue>
</bind>
</comp>

<comp id="18" class="1001" name="const_18">
<pin_list>
<pin id="19" dir="1" index="0" bw="1" slack="0"/>
</pin_list>
<bind>
<StgValue><ssdm name=""/></StgValue>
</bind>
</comp>

<comp id="20" class="1001" name="const_20">
<pin_list>
<pin id="21" dir="1" index="0" bw="1" slack="0"/>
</pin_list>
<bind>
<StgValue><ssdm name=""/></StgValue>
</bind>
</comp>

<comp id="22" class="1001" name="const_22">
<pin_list>
<pin id="23" dir="1" index="0" bw="1" slack="0"/>
</pin_list>
<bind>
<StgValue><ssdm name=""/></StgValue>
</bind>
</comp>

<comp id="24" class="1001" name="const_24">
<pin_list>
<pin id="25" dir="1" index="0" bw="1" slack="0"/>
</pin_list>
<bind>
<StgValue><ssdm name=""/></StgValue>
</bind>
</comp>

<comp id="26" class="1001" name="const_26">
<pin_list>
<pin id="27" dir="1" index="0" bw="1" slack="0"/>
</pin_list>
<bind>
<StgValue><ssdm name="dense_resource_rf_leq_nin<ap_fixed,ap_fixed<41,23,5,3,0>,config16>"/></StgValue>
</bind>
</comp>

<comp id="28" class="1001" name="const_28">
<pin_list>
<pin id="29" dir="1" index="0" bw="1" slack="2147483647"/>
</pin_list>
<bind>
<StgValue><ssdm name="_ssdm_op_SpecInterface"/></StgValue>
</bind>
</comp>

<comp id="30" class="1001" name="const_30">
<pin_list>
<pin id="31" dir="1" index="0" bw="1" slack="2147483647"/>
</pin_list>
<bind>
<StgValue><ssdm name="empty_2"/></StgValue>
</bind>
</comp>

<comp id="32" class="1001" name="const_32">
<pin_list>
<pin id="33" dir="1" index="0" bw="1" slack="2147483647"/>
</pin_list>
<bind>
<StgValue><ssdm name=""/></StgValue>
</bind>
</comp>

<comp id="34" class="1001" name="const_34">
<pin_list>
<pin id="35" dir="1" index="0" bw="1" slack="2147483647"/>
</pin_list>
<bind>
<StgValue><ssdm name="empty_3"/></StgValue>
</bind>
</comp>

<comp id="36" class="1001" name="const_36">
<pin_list>
<pin id="37" dir="1" index="0" bw="1" slack="2147483647"/>
</pin_list>
<bind>
<StgValue><ssdm name=""/></StgValue>
</bind>
</comp>

<comp id="38" class="1001" name="const_38">
<pin_list>
<pin id="39" dir="1" index="0" bw="1" slack="0"/>
</pin_list>
<bind>
<StgValue><ssdm name="_ssdm_op_Write.ap_fifo.volatile.i41P0A"/></StgValue>
</bind>
</comp>

<comp id="40" class="1004" name="layer14_out_read_read_fu_40">
<pin_list>
<pin id="41" dir="0" index="0" bw="155" slack="0"/>
<pin id="42" dir="0" index="1" bw="155" slack="0"/>
<pin id="43" dir="1" index="2" bw="155" slack="0"/>
</pin_list>
<bind>
<opcode="read(1150) " fcode="read"/>
<opset="layer14_out_read/1 "/>
</bind>
</comp>

<comp id="46" class="1004" name="write_ln77_write_fu_46">
<pin_list>
<pin id="47" dir="0" index="0" bw="0" slack="0"/>
<pin id="48" dir="0" index="1" bw="41" slack="0"/>
<pin id="49" dir="0" index="2" bw="37" slack="0"/>
<pin id="50" dir="1" index="3" bw="0" slack="2147483647"/>
</pin_list>
<bind>
<opcode="write(1151) " fcode="write"/>
<opset="write_ln77/2 "/>
</bind>
</comp>

<comp id="53" class="1004" name="grp_dense_resource_rf_leq_nin_ap_fixed_ap_fixed_41_23_5_3_0_config16_s_fu_53">
<pin_list>
<pin id="54" dir="0" index="0" bw="37" slack="0"/>
<pin id="55" dir="0" index="1" bw="31" slack="0"/>
<pin id="56" dir="0" index="2" bw="31" slack="0"/>
<pin id="57" dir="0" index="3" bw="31" slack="0"/>
<pin id="58" dir="0" index="4" bw="31" slack="0"/>
<pin id="59" dir="0" index="5" bw="31" slack="0"/>
<pin id="60" dir="0" index="6" bw="5" slack="0"/>
<pin id="61" dir="1" index="7" bw="37" slack="0"/>
</pin_list>
<bind>
<opcode="call(48) " fcode="call"/>
<opset="res/1 "/>
</bind>
</comp>

<comp id="64" class="1004" name="data_fu_64">
<pin_list>
<pin id="65" dir="0" index="0" bw="155" slack="0"/>
<pin id="66" dir="1" index="1" bw="31" slack="0"/>
</pin_list>
<bind>
<opcode="trunc(33) " fcode="trunc"/>
<opset="data/1 "/>
</bind>
</comp>

<comp id="69" class="1004" name="data_4_fu_69">
<pin_list>
<pin id="70" dir="0" index="0" bw="31" slack="0"/>
<pin id="71" dir="0" index="1" bw="155" slack="0"/>
<pin id="72" dir="0" index="2" bw="6" slack="0"/>
<pin id="73" dir="0" index="3" bw="7" slack="0"/>
<pin id="74" dir="1" index="4" bw="31" slack="0"/>
</pin_list>
<bind>
<opcode="partselect(1002) " fcode="partselect"/>
<opset="data_4/1 "/>
</bind>
</comp>

<comp id="80" class="1004" name="data_1_fu_80">
<pin_list>
<pin id="81" dir="0" index="0" bw="31" slack="0"/>
<pin id="82" dir="0" index="1" bw="155" slack="0"/>
<pin id="83" dir="0" index="2" bw="7" slack="0"/>
<pin id="84" dir="0" index="3" bw="8" slack="0"/>
<pin id="85" dir="1" index="4" bw="31" slack="0"/>
</pin_list>
<bind>
<opcode="partselect(1002) " fcode="partselect"/>
<opset="data_1/1 "/>
</bind>
</comp>

<comp id="91" class="1004" name="data_2_fu_91">
<pin_list>
<pin id="92" dir="0" index="0" bw="31" slack="0"/>
<pin id="93" dir="0" index="1" bw="155" slack="0"/>
<pin id="94" dir="0" index="2" bw="8" slack="0"/>
<pin id="95" dir="0" index="3" bw="8" slack="0"/>
<pin id="96" dir="1" index="4" bw="31" slack="0"/>
</pin_list>
<bind>
<opcode="partselect(1002) " fcode="partselect"/>
<opset="data_2/1 "/>
</bind>
</comp>

<comp id="102" class="1004" name="data_3_fu_102">
<pin_list>
<pin id="103" dir="0" index="0" bw="31" slack="0"/>
<pin id="104" dir="0" index="1" bw="155" slack="0"/>
<pin id="105" dir="0" index="2" bw="8" slack="0"/>
<pin id="106" dir="0" index="3" bw="9" slack="0"/>
<pin id="107" dir="1" index="4" bw="31" slack="0"/>
</pin_list>
<bind>
<opcode="partselect(1002) " fcode="partselect"/>
<opset="data_3/1 "/>
</bind>
</comp>

<comp id="113" class="1004" name="sext_ln262_fu_113">
<pin_list>
<pin id="114" dir="0" index="0" bw="37" slack="0"/>
<pin id="115" dir="1" index="1" bw="41" slack="0"/>
</pin_list>
<bind>
<opcode="sext(35) " fcode="sext"/>
<opset="sext_ln262/2 "/>
</bind>
</comp>

<comp id="118" class="1005" name="data_reg_118">
<pin_list>
<pin id="119" dir="0" index="0" bw="31" slack="1"/>
<pin id="120" dir="1" index="1" bw="31" slack="1"/>
</pin_list>
<bind>
<opset="data "/>
</bind>
</comp>

<comp id="123" class="1005" name="data_4_reg_123">
<pin_list>
<pin id="124" dir="0" index="0" bw="31" slack="1"/>
<pin id="125" dir="1" index="1" bw="31" slack="1"/>
</pin_list>
<bind>
<opset="data_4 "/>
</bind>
</comp>

<comp id="128" class="1005" name="data_1_reg_128">
<pin_list>
<pin id="129" dir="0" index="0" bw="31" slack="1"/>
<pin id="130" dir="1" index="1" bw="31" slack="1"/>
</pin_list>
<bind>
<opset="data_1 "/>
</bind>
</comp>

<comp id="133" class="1005" name="data_2_reg_133">
<pin_list>
<pin id="134" dir="0" index="0" bw="31" slack="1"/>
<pin id="135" dir="1" index="1" bw="31" slack="1"/>
</pin_list>
<bind>
<opset="data_2 "/>
</bind>
</comp>

<comp id="138" class="1005" name="data_3_reg_138">
<pin_list>
<pin id="139" dir="0" index="0" bw="31" slack="1"/>
<pin id="140" dir="1" index="1" bw="31" slack="1"/>
</pin_list>
<bind>
<opset="data_3 "/>
</bind>
</comp>

</comp_list>

<net_list>
<net id="44"><net_src comp="6" pin="0"/><net_sink comp="40" pin=0"/></net>

<net id="45"><net_src comp="0" pin="0"/><net_sink comp="40" pin=1"/></net>

<net id="51"><net_src comp="38" pin="0"/><net_sink comp="46" pin=0"/></net>

<net id="52"><net_src comp="2" pin="0"/><net_sink comp="46" pin=1"/></net>

<net id="62"><net_src comp="26" pin="0"/><net_sink comp="53" pin=0"/></net>

<net id="63"><net_src comp="4" pin="0"/><net_sink comp="53" pin=6"/></net>

<net id="67"><net_src comp="40" pin="2"/><net_sink comp="64" pin=0"/></net>

<net id="68"><net_src comp="64" pin="1"/><net_sink comp="53" pin=1"/></net>

<net id="75"><net_src comp="8" pin="0"/><net_sink comp="69" pin=0"/></net>

<net id="76"><net_src comp="40" pin="2"/><net_sink comp="69" pin=1"/></net>

<net id="77"><net_src comp="10" pin="0"/><net_sink comp="69" pin=2"/></net>

<net id="78"><net_src comp="12" pin="0"/><net_sink comp="69" pin=3"/></net>

<net id="79"><net_src comp="69" pin="4"/><net_sink comp="53" pin=2"/></net>

<net id="86"><net_src comp="8" pin="0"/><net_sink comp="80" pin=0"/></net>

<net id="87"><net_src comp="40" pin="2"/><net_sink comp="80" pin=1"/></net>

<net id="88"><net_src comp="14" pin="0"/><net_sink comp="80" pin=2"/></net>

<net id="89"><net_src comp="16" pin="0"/><net_sink comp="80" pin=3"/></net>

<net id="90"><net_src comp="80" pin="4"/><net_sink comp="53" pin=3"/></net>

<net id="97"><net_src comp="8" pin="0"/><net_sink comp="91" pin=0"/></net>

<net id="98"><net_src comp="40" pin="2"/><net_sink comp="91" pin=1"/></net>

<net id="99"><net_src comp="18" pin="0"/><net_sink comp="91" pin=2"/></net>

<net id="100"><net_src comp="20" pin="0"/><net_sink comp="91" pin=3"/></net>

<net id="101"><net_src comp="91" pin="4"/><net_sink comp="53" pin=4"/></net>

<net id="108"><net_src comp="8" pin="0"/><net_sink comp="102" pin=0"/></net>

<net id="109"><net_src comp="40" pin="2"/><net_sink comp="102" pin=1"/></net>

<net id="110"><net_src comp="22" pin="0"/><net_sink comp="102" pin=2"/></net>

<net id="111"><net_src comp="24" pin="0"/><net_sink comp="102" pin=3"/></net>

<net id="112"><net_src comp="102" pin="4"/><net_sink comp="53" pin=5"/></net>

<net id="116"><net_src comp="53" pin="7"/><net_sink comp="113" pin=0"/></net>

<net id="117"><net_src comp="113" pin="1"/><net_sink comp="46" pin=2"/></net>

<net id="121"><net_src comp="64" pin="1"/><net_sink comp="118" pin=0"/></net>

<net id="122"><net_src comp="118" pin="1"/><net_sink comp="53" pin=1"/></net>

<net id="126"><net_src comp="69" pin="4"/><net_sink comp="123" pin=0"/></net>

<net id="127"><net_src comp="123" pin="1"/><net_sink comp="53" pin=2"/></net>

<net id="131"><net_src comp="80" pin="4"/><net_sink comp="128" pin=0"/></net>

<net id="132"><net_src comp="128" pin="1"/><net_sink comp="53" pin=3"/></net>

<net id="136"><net_src comp="91" pin="4"/><net_sink comp="133" pin=0"/></net>

<net id="137"><net_src comp="133" pin="1"/><net_sink comp="53" pin=4"/></net>

<net id="141"><net_src comp="102" pin="4"/><net_sink comp="138" pin=0"/></net>

<net id="142"><net_src comp="138" pin="1"/><net_sink comp="53" pin=5"/></net>

</net_list>

</model> 
---------------- Datapath Model END ------------------

* FSMD analyzer results:
  - Output states:
	Port: layer16_out | {2 }
 - Input state : 
	Port: dense<array<ap_fixed,5u>,array<ap_fixed<41,23,5,3,0>,1u>,config16> : layer14_out | {1 }
	Port: dense<array<ap_fixed,5u>,array<ap_fixed<41,23,5,3,0>,1u>,config16> : w16 | {1 2 }
  - Chain level:
	State 1
		res : 1
	State 2
		sext_ln262 : 1
		write_ln77 : 2


============================================================
+ Verbose Summary: Datapath Resource usage 
============================================================

* Functional unit list:
|----------|------------------------------------------------------------------------------|---------|---------|---------|---------|
| Operation|                                Functional Unit                               |   DSP   |  Delay  |    FF   |   LUT   |
|----------|------------------------------------------------------------------------------|---------|---------|---------|---------|
|   call   | grp_dense_resource_rf_leq_nin_ap_fixed_ap_fixed_41_23_5_3_0_config16_s_fu_53 |    2    |   4.83  |   550   |   138   |
|----------|------------------------------------------------------------------------------|---------|---------|---------|---------|
|   read   |                          layer14_out_read_read_fu_40                         |    0    |    0    |    0    |    0    |
|----------|------------------------------------------------------------------------------|---------|---------|---------|---------|
|   write  |                            write_ln77_write_fu_46                            |    0    |    0    |    0    |    0    |
|----------|------------------------------------------------------------------------------|---------|---------|---------|---------|
|   trunc  |                                  data_fu_64                                  |    0    |    0    |    0    |    0    |
|----------|------------------------------------------------------------------------------|---------|---------|---------|---------|
|          |                                 data_4_fu_69                                 |    0    |    0    |    0    |    0    |
|partselect|                                 data_1_fu_80                                 |    0    |    0    |    0    |    0    |
|          |                                 data_2_fu_91                                 |    0    |    0    |    0    |    0    |
|          |                                 data_3_fu_102                                |    0    |    0    |    0    |    0    |
|----------|------------------------------------------------------------------------------|---------|---------|---------|---------|
|   sext   |                               sext_ln262_fu_113                              |    0    |    0    |    0    |    0    |
|----------|------------------------------------------------------------------------------|---------|---------|---------|---------|
|   Total  |                                                                              |    2    |   4.83  |   550   |   138   |
|----------|------------------------------------------------------------------------------|---------|---------|---------|---------|

Memories:
N/A

* Register list:
+--------------+--------+
|              |   FF   |
+--------------+--------+
|data_1_reg_128|   31   |
|data_2_reg_133|   31   |
|data_3_reg_138|   31   |
|data_4_reg_123|   31   |
| data_reg_118 |   31   |
+--------------+--------+
|     Total    |   155  |
+--------------+--------+

* Multiplexer (MUX) list: 
|------------------------------------------------------------------------------|------|------|------|--------||---------||---------||---------|
|                                     Comp                                     |  Pin | Size |  BW  | S x BW ||  Delay  ||    FF   ||   LUT   |
|------------------------------------------------------------------------------|------|------|------|--------||---------||---------||---------|
| grp_dense_resource_rf_leq_nin_ap_fixed_ap_fixed_41_23_5_3_0_config16_s_fu_53 |  p1  |   2  |  31  |   62   ||    0    ||    9    |
| grp_dense_resource_rf_leq_nin_ap_fixed_ap_fixed_41_23_5_3_0_config16_s_fu_53 |  p2  |   2  |  31  |   62   ||    0    ||    9    |
| grp_dense_resource_rf_leq_nin_ap_fixed_ap_fixed_41_23_5_3_0_config16_s_fu_53 |  p3  |   2  |  31  |   62   ||    0    ||    9    |
| grp_dense_resource_rf_leq_nin_ap_fixed_ap_fixed_41_23_5_3_0_config16_s_fu_53 |  p4  |   2  |  31  |   62   ||    0    ||    9    |
| grp_dense_resource_rf_leq_nin_ap_fixed_ap_fixed_41_23_5_3_0_config16_s_fu_53 |  p5  |   2  |  31  |   62   ||    0    ||    9    |
|------------------------------------------------------------------------------|------|------|------|--------||---------||---------||---------|
|                                     Total                                    |      |      |      |   310  ||   8.05  ||    0    ||    45   |
|------------------------------------------------------------------------------|------|------|------|--------||---------||---------||---------|



* Summary:
+-----------+--------+--------+--------+--------+
|           |   DSP  |  Delay |   FF   |   LUT  |
+-----------+--------+--------+--------+--------+
|  Function |    2   |    4   |   550  |   138  |
|   Memory  |    -   |    -   |    -   |    -   |
|Multiplexer|    -   |    8   |    0   |   45   |
|  Register |    -   |    -   |   155  |    -   |
+-----------+--------+--------+--------+--------+
|   Total   |    2   |   12   |   705  |   183  |
+-----------+--------+--------+--------+--------+
