

================================================================
== Vitis HLS Report for 'dense_array_ap_fixed_5u_array_ap_fixed_16_6_5_3_0_1u_config22_s'
================================================================
* Date:           Mon Apr 28 17:47:43 2025

* Version:        2024.2 (Build 5238294 on Nov  8 2024)
* Project:        myproject_prj
* Solution:       solution1 (Vivado IP Flow Target)
* Product family: artix7
* Target device:  xc7a35t-cpg236-1


================================================================
== Performance Estimates
================================================================
+ Timing: 
    * Summary: 
    +--------+----------+-----------+------------+
    |  Clock |  Target  | Estimated | Uncertainty|
    +--------+----------+-----------+------------+
    |ap_clk  |  30.00 ns|  17.228 ns|     8.10 ns|
    +--------+----------+-----------+------------+

+ Latency: 
    * Summary: 
    +---------+---------+----------+----------+-----+-----+---------+
    |  Latency (cycles) |  Latency (absolute) |  Interval | Pipeline|
    |   min   |   max   |    min   |    max   | min | max |   Type  |
    +---------+---------+----------+----------+-----+-----+---------+
    |        6|        7|  0.180 us|  0.210 us|    6|    7|       no|
    +---------+---------+----------+----------+-----+-----+---------+

    + Detail: 
        * Instance: 
        N/A

        * Loop: 
        N/A

============================================================
+ Verbose Summary: Synthesis Manager
============================================================
InlineROM: 1
ExposeGlobal: 0
============================================================
+ Verbose Summary: CDFG Model
============================================================
IsTopModel: 0
ResetActiveHigh: 1
IsCombinational: 2
IsDatapathOnly: 0
HasWiredReturn: 1
HasMFsm: 0
HasVarLatency: 1
IsPipeline: 0
IsRtlPipelined: 0
IsInstanceOverlapped: 0
IsDontTouch: 0
HasImplIP: 0
IsGatedGlobalClock: 0


============================================================
+ Verbose Summary: Schedule
============================================================
* Number of FSM states : 2
* Pipeline : 0
* Dataflow Pipeline: 0

* FSM state transitions: 
1 --> 2 
2 --> 

* FSM state operations: 

State 1 <SV = 0> <Delay = 3.90>
ST_1 : Operation 3 [1/1] ( I:3.90ns O:3.90ns )   --->   "%layer20_out_read = read i135 @_ssdm_op_Read.ap_fifo.volatile.i135P0A, i135 %layer20_out" [firmware/nnet_utils/nnet_dense_stream.h:43->firmware/nnet_utils/nnet_dense_stream.h:93]   --->   Operation 3 'read' 'layer20_out_read' <Predicate = true> <Delay = 3.90> <CoreInst = "FIFO_SRL">   --->   Core 80 'FIFO_SRL' <Latency = 0> <II = 1> <Delay = 3.90> <Storage> <Opcode : 'read' 'write' 'nbread' 'nbwrite'> <Ports = 0> <Width = 135> <Depth = 1> <FIFO>
ST_1 : Operation 4 [1/1] (0.00ns)   --->   "%data = trunc i135 %layer20_out_read" [firmware/nnet_utils/nnet_dense_stream.h:43->firmware/nnet_utils/nnet_dense_stream.h:93]   --->   Operation 4 'trunc' 'data' <Predicate = true> <Delay = 0.00>
ST_1 : Operation 5 [1/1] (0.00ns)   --->   "%data_6 = partselect i27 @_ssdm_op_PartSelect.i27.i135.i32.i32, i135 %layer20_out_read, i32 27, i32 53" [firmware/nnet_utils/nnet_dense_stream.h:43->firmware/nnet_utils/nnet_dense_stream.h:93]   --->   Operation 5 'partselect' 'data_6' <Predicate = true> <Delay = 0.00>
ST_1 : Operation 6 [1/1] (0.00ns)   --->   "%data_7 = partselect i27 @_ssdm_op_PartSelect.i27.i135.i32.i32, i135 %layer20_out_read, i32 54, i32 80" [firmware/nnet_utils/nnet_dense_stream.h:43->firmware/nnet_utils/nnet_dense_stream.h:93]   --->   Operation 6 'partselect' 'data_7' <Predicate = true> <Delay = 0.00>
ST_1 : Operation 7 [1/1] (0.00ns)   --->   "%data_8 = partselect i27 @_ssdm_op_PartSelect.i27.i135.i32.i32, i135 %layer20_out_read, i32 81, i32 107" [firmware/nnet_utils/nnet_dense_stream.h:43->firmware/nnet_utils/nnet_dense_stream.h:93]   --->   Operation 7 'partselect' 'data_8' <Predicate = true> <Delay = 0.00>
ST_1 : Operation 8 [1/1] (0.00ns)   --->   "%data_9 = partselect i27 @_ssdm_op_PartSelect.i27.i135.i32.i32, i135 %layer20_out_read, i32 108, i32 134" [firmware/nnet_utils/nnet_dense_stream.h:43->firmware/nnet_utils/nnet_dense_stream.h:93]   --->   Operation 8 'partselect' 'data_9' <Predicate = true> <Delay = 0.00>
ST_1 : Operation 9 [2/2] (0.00ns)   --->   "%res = call i16 @dense_resource_rf_leq_nin<ap_fixed,ap_fixed<16,6,5,3,0>,config22>, i27 %data, i27 %data_6, i27 %data_7, i27 %data_8, i27 %data_9, i6 %w22" [firmware/nnet_utils/nnet_dense_resource.h:262->firmware/nnet_utils/nnet_dense_stream.h:24->firmware/nnet_utils/nnet_dense_stream.h:97]   --->   Operation 9 'call' 'res' <Predicate = true> <Delay = 0.00> <CoreType = "Generic">   --->   Generic Core

State 2 <SV = 1> <Delay = 17.2>
ST_2 : Operation 10 [1/1] (0.00ns)   --->   "%specinterface_ln0 = specinterface void @_ssdm_op_SpecInterface, i16 %layer22_out, void @empty_1, i32 0, i32 0, void @empty_0, i32 0, i32 0, void @empty_0, void @empty_0, void @empty_0, i32 0, i32 0, i32 0, i32 0, void @empty_0, void @empty_0, i32 4294967295, i32 0, i32 0"   --->   Operation 10 'specinterface' 'specinterface_ln0' <Predicate = true> <Delay = 0.00>
ST_2 : Operation 11 [1/1] (0.00ns)   --->   "%specinterface_ln0 = specinterface void @_ssdm_op_SpecInterface, i135 %layer20_out, void @empty_1, i32 0, i32 0, void @empty_0, i32 0, i32 0, void @empty_0, void @empty_0, void @empty_0, i32 0, i32 0, i32 0, i32 0, void @empty_0, void @empty_0, i32 4294967295, i32 0, i32 0"   --->   Operation 11 'specinterface' 'specinterface_ln0' <Predicate = true> <Delay = 0.00>
ST_2 : Operation 12 [1/2] (13.3ns)   --->   "%res = call i16 @dense_resource_rf_leq_nin<ap_fixed,ap_fixed<16,6,5,3,0>,config22>, i27 %data, i27 %data_6, i27 %data_7, i27 %data_8, i27 %data_9, i6 %w22" [firmware/nnet_utils/nnet_dense_resource.h:262->firmware/nnet_utils/nnet_dense_stream.h:24->firmware/nnet_utils/nnet_dense_stream.h:97]   --->   Operation 12 'call' 'res' <Predicate = true> <Delay = 13.3> <CoreType = "Generic">   --->   Generic Core
ST_2 : Operation 13 [1/1] ( I:3.90ns O:3.90ns )   --->   "%write_ln77 = write void @_ssdm_op_Write.ap_fifo.volatile.i16P0A, i16 %layer22_out, i16 %res" [firmware/nnet_utils/nnet_dense_stream.h:77->firmware/nnet_utils/nnet_dense_stream.h:100]   --->   Operation 13 'write' 'write_ln77' <Predicate = true> <Delay = 3.90> <CoreInst = "FIFO_SRL">   --->   Core 80 'FIFO_SRL' <Latency = 0> <II = 1> <Delay = 3.90> <Storage> <Opcode : 'read' 'write' 'nbread' 'nbwrite'> <Ports = 0> <Width = 16> <Depth = 1> <FIFO>
ST_2 : Operation 14 [1/1] (0.00ns)   --->   "%ret_ln101 = ret" [firmware/nnet_utils/nnet_dense_stream.h:101]   --->   Operation 14 'ret' 'ret_ln101' <Predicate = true> <Delay = 0.00>


============================================================
+ Verbose Summary: Timing violations
============================================================
Target clock period: 30.000ns, clock uncertainty: 8.100ns.

 <State 1>: 3.908ns
The critical path consists of the following:
	fifo read operation ('layer20_out_read', firmware/nnet_utils/nnet_dense_stream.h:43->firmware/nnet_utils/nnet_dense_stream.h:93) on port 'layer20_out' (firmware/nnet_utils/nnet_dense_stream.h:43->firmware/nnet_utils/nnet_dense_stream.h:93) [6]  (3.908 ns)

 <State 2>: 17.228ns
The critical path consists of the following:
	'call' operation 16 bit ('res', firmware/nnet_utils/nnet_dense_resource.h:262->firmware/nnet_utils/nnet_dense_stream.h:24->firmware/nnet_utils/nnet_dense_stream.h:97) to 'dense_resource_rf_leq_nin<ap_fixed,ap_fixed<16,6,5,3,0>,config22>' [12]  (13.320 ns)
	fifo write operation ('write_ln77', firmware/nnet_utils/nnet_dense_stream.h:77->firmware/nnet_utils/nnet_dense_stream.h:100) on port 'layer22_out' (firmware/nnet_utils/nnet_dense_stream.h:77->firmware/nnet_utils/nnet_dense_stream.h:100) [13]  (3.908 ns)


============================================================
+ Verbose Summary: Binding
============================================================
N/A
* FSMD analyzer results:
  - Output states:
 - Input state : 
  - Chain level:
	State 1
	State 2


============================================================
+ Verbose Summary: Datapath Resource usage 
============================================================
N/A
