

================================================================
== Vitis HLS Report for 'dense_array_ap_fixed_10u_array_ap_fixed_16_6_5_3_0_1u_config20_s'
================================================================
* Date:           Mon Apr 28 17:48:44 2025

* Version:        2024.2 (Build 5238294 on Nov  8 2024)
* Project:        myproject_prj
* Solution:       solution1 (Vivado IP Flow Target)
* Product family: artix7
* Target device:  xc7a35t-cpg236-1


================================================================
== Performance Estimates
================================================================
+ Timing: 
    * Summary: 
    +--------+----------+-----------+------------+
    |  Clock |  Target  | Estimated | Uncertainty|
    +--------+----------+-----------+------------+
    |ap_clk  |  30.00 ns|  14.567 ns|     8.10 ns|
    +--------+----------+-----------+------------+

+ Latency: 
    * Summary: 
    +---------+---------+----------+----------+-----+-----+---------+
    |  Latency (cycles) |  Latency (absolute) |  Interval | Pipeline|
    |   min   |   max   |    min   |    max   | min | max |   Type  |
    +---------+---------+----------+----------+-----+-----+---------+
    |       11|       12|  0.330 us|  0.360 us|   11|   12|       no|
    +---------+---------+----------+----------+-----+-----+---------+

    + Detail: 
        * Instance: 
        +-----------------------------------------------------------------------------+-------------------------------------------------------------------+---------+---------+----------+----------+-----+-----+-------------------------------------------+
        |                                                                             |                                                                   |  Latency (cycles) |  Latency (absolute) |  Interval |                  Pipeline                 |
        |                                   Instance                                  |                               Module                              |   min   |   max   |    min   |    max   | min | max |                    Type                   |
        +-----------------------------------------------------------------------------+-------------------------------------------------------------------+---------+---------+----------+----------+-----+-----+-------------------------------------------+
        |grp_dense_resource_rf_leq_nin_ap_fixed_ap_fixed_16_6_5_3_0_config20_s_fu_73  |dense_resource_rf_leq_nin_ap_fixed_ap_fixed_16_6_5_3_0_config20_s  |       10|       11|  0.300 us|  0.330 us|   10|   10|  loop rewind stp (delay=0 clock cycles(s))|
        +-----------------------------------------------------------------------------+-------------------------------------------------------------------+---------+---------+----------+----------+-----+-----+-------------------------------------------+

        * Loop: 
        N/A



================================================================
== Utilization Estimates
================================================================
* Summary: 
+-----------------+---------+----+-------+-------+-----+
|       Name      | BRAM_18K| DSP|   FF  |  LUT  | URAM|
+-----------------+---------+----+-------+-------+-----+
|DSP              |        -|   -|      -|      -|    -|
|Expression       |        -|   -|      0|      2|    -|
|FIFO             |        -|   -|      -|      -|    -|
|Instance         |        1|   1|    373|    328|    -|
|Memory           |        -|   -|      -|      -|    -|
|Multiplexer      |        -|   -|      0|     49|    -|
|Register         |        -|   -|    165|      -|    -|
+-----------------+---------+----+-------+-------+-----+
|Total            |        1|   1|    538|    379|    0|
+-----------------+---------+----+-------+-------+-----+
|Available        |      100|  90|  41600|  20800|    0|
+-----------------+---------+----+-------+-------+-----+
|Utilization (%)  |        1|   1|      1|      1|    0|
+-----------------+---------+----+-------+-------+-----+

+ Detail: 
    * Instance: 
    +-----------------------------------------------------------------------------+-------------------------------------------------------------------+---------+----+-----+-----+-----+
    |                                   Instance                                  |                               Module                              | BRAM_18K| DSP|  FF | LUT | URAM|
    +-----------------------------------------------------------------------------+-------------------------------------------------------------------+---------+----+-----+-----+-----+
    |grp_dense_resource_rf_leq_nin_ap_fixed_ap_fixed_16_6_5_3_0_config20_s_fu_73  |dense_resource_rf_leq_nin_ap_fixed_ap_fixed_16_6_5_3_0_config20_s  |        1|   1|  373|  328|    0|
    +-----------------------------------------------------------------------------+-------------------------------------------------------------------+---------+----+-----+-----+-----+
    |Total                                                                        |                                                                   |        1|   1|  373|  328|    0|
    +-----------------------------------------------------------------------------+-------------------------------------------------------------------+---------+----+-----+-----+-----+

    * DSP: 
    N/A

    * Memory: 
    N/A

    * FIFO: 
    N/A

    * Expression: 
    +-----------------+----------+----+---+----+------------+------------+
    |  Variable Name  | Operation| DSP| FF| LUT| Bitwidth P0| Bitwidth P1|
    +-----------------+----------+----+---+----+------------+------------+
    |ap_block_state1  |        or|   0|  0|   2|           1|           1|
    +-----------------+----------+----+---+----+------------+------------+
    |Total            |          |   0|  0|   2|           1|           1|
    +-----------------+----------+----+---+----+------------+------------+

    * Multiplexer: 
    +-------------------+----+-----------+-----+-----------+
    |        Name       | LUT| Input Size| Bits| Total Bits|
    +-------------------+----+-----------+-----+-----------+
    |ap_NS_fsm          |  13|          3|    1|          3|
    |ap_done            |   9|          2|    1|          2|
    |layer18_out_blk_n  |   9|          2|    1|          2|
    |layer20_out_blk_n  |   9|          2|    1|          2|
    |real_start         |   9|          2|    1|          2|
    +-------------------+----+-----------+-----+-----------+
    |Total              |  49|         11|    5|         11|
    +-------------------+----+-----------+-----+-----------+

    * Register: 
    +------------------------------------------------------------------------------------------+----+----+-----+-----------+
    |                                           Name                                           | FF | LUT| Bits| Const Bits|
    +------------------------------------------------------------------------------------------+----+----+-----+-----------+
    |ap_CS_fsm                                                                                 |   2|   0|    2|          0|
    |ap_done_reg                                                                               |   1|   0|    1|          0|
    |data_10_reg_219                                                                           |  16|   0|   16|          0|
    |data_1_reg_224                                                                            |  16|   0|   16|          0|
    |data_2_reg_229                                                                            |  16|   0|   16|          0|
    |data_3_reg_234                                                                            |  16|   0|   16|          0|
    |data_4_reg_239                                                                            |  16|   0|   16|          0|
    |data_6_reg_199                                                                            |  16|   0|   16|          0|
    |data_7_reg_204                                                                            |  16|   0|   16|          0|
    |data_8_reg_209                                                                            |  16|   0|   16|          0|
    |data_9_reg_214                                                                            |  16|   0|   16|          0|
    |data_reg_194                                                                              |  16|   0|   16|          0|
    |grp_dense_resource_rf_leq_nin_ap_fixed_ap_fixed_16_6_5_3_0_config20_s_fu_73_ap_start_reg  |   1|   0|    1|          0|
    |start_once_reg                                                                            |   1|   0|    1|          0|
    +------------------------------------------------------------------------------------------+----+----+-----+-----------+
    |Total                                                                                     | 165|   0|  165|          0|
    +------------------------------------------------------------------------------------------+----+----+-----+-----------+



================================================================
== Interface
================================================================
* Summary: 
+----------------------------+-----+-----+------------+--------------------------------------------------------------------+--------------+
|          RTL Ports         | Dir | Bits|  Protocol  |                            Source Object                           |    C Type    |
+----------------------------+-----+-----+------------+--------------------------------------------------------------------+--------------+
|ap_clk                      |   in|    1|  ap_ctrl_hs|  dense<array<ap_fixed,10u>,array<ap_fixed<16,6,5,3,0>,1u>,config20>|  return value|
|ap_rst                      |   in|    1|  ap_ctrl_hs|  dense<array<ap_fixed,10u>,array<ap_fixed<16,6,5,3,0>,1u>,config20>|  return value|
|ap_start                    |   in|    1|  ap_ctrl_hs|  dense<array<ap_fixed,10u>,array<ap_fixed<16,6,5,3,0>,1u>,config20>|  return value|
|start_full_n                |   in|    1|  ap_ctrl_hs|  dense<array<ap_fixed,10u>,array<ap_fixed<16,6,5,3,0>,1u>,config20>|  return value|
|ap_done                     |  out|    1|  ap_ctrl_hs|  dense<array<ap_fixed,10u>,array<ap_fixed<16,6,5,3,0>,1u>,config20>|  return value|
|ap_continue                 |   in|    1|  ap_ctrl_hs|  dense<array<ap_fixed,10u>,array<ap_fixed<16,6,5,3,0>,1u>,config20>|  return value|
|ap_idle                     |  out|    1|  ap_ctrl_hs|  dense<array<ap_fixed,10u>,array<ap_fixed<16,6,5,3,0>,1u>,config20>|  return value|
|ap_ready                    |  out|    1|  ap_ctrl_hs|  dense<array<ap_fixed,10u>,array<ap_fixed<16,6,5,3,0>,1u>,config20>|  return value|
|start_out                   |  out|    1|  ap_ctrl_hs|  dense<array<ap_fixed,10u>,array<ap_fixed<16,6,5,3,0>,1u>,config20>|  return value|
|start_write                 |  out|    1|  ap_ctrl_hs|  dense<array<ap_fixed,10u>,array<ap_fixed<16,6,5,3,0>,1u>,config20>|  return value|
|layer18_out_dout            |   in|  160|     ap_fifo|                                                         layer18_out|       pointer|
|layer18_out_empty_n         |   in|    1|     ap_fifo|                                                         layer18_out|       pointer|
|layer18_out_read            |  out|    1|     ap_fifo|                                                         layer18_out|       pointer|
|layer18_out_num_data_valid  |   in|    2|     ap_fifo|                                                         layer18_out|       pointer|
|layer18_out_fifo_cap        |   in|    2|     ap_fifo|                                                         layer18_out|       pointer|
|layer20_out_din             |  out|   16|     ap_fifo|                                                         layer20_out|       pointer|
|layer20_out_full_n          |   in|    1|     ap_fifo|                                                         layer20_out|       pointer|
|layer20_out_write           |  out|    1|     ap_fifo|                                                         layer20_out|       pointer|
|layer20_out_num_data_valid  |   in|    2|     ap_fifo|                                                         layer20_out|       pointer|
|layer20_out_fifo_cap        |   in|    2|     ap_fifo|                                                         layer20_out|       pointer|
+----------------------------+-----+-----+------------+--------------------------------------------------------------------+--------------+

============================================================
+ Verbose Summary: Synthesis Manager
============================================================
InlineROM: 1
ExposeGlobal: 0
============================================================
+ Verbose Summary: CDFG Model
============================================================
IsTopModel: 0
ResetActiveHigh: 1
IsCombinational: 2
IsDatapathOnly: 0
HasWiredReturn: 1
HasMFsm: 0
HasVarLatency: 1
IsPipeline: 0
IsRtlPipelined: 0
IsInstanceOverlapped: 0
IsDontTouch: 0
HasImplIP: 0
IsGatedGlobalClock: 0


============================================================
+ Verbose Summary: Schedule
============================================================
* Number of FSM states : 2
* Pipeline : 0
* Dataflow Pipeline: 0

* FSM state transitions: 
1 --> 2 
2 --> 

* FSM state operations: 

State 1 <SV = 0> <Delay = 3.90>
ST_1 : Operation 3 [1/1] ( I:3.90ns O:3.90ns )   --->   "%layer18_out_read = read i160 @_ssdm_op_Read.ap_fifo.volatile.i160P0A, i160 %layer18_out" [firmware/nnet_utils/nnet_dense_stream.h:43->firmware/nnet_utils/nnet_dense_stream.h:93]   --->   Operation 3 'read' 'layer18_out_read' <Predicate = true> <Delay = 3.90> <CoreInst = "FIFO_SRL">   --->   Core 80 'FIFO_SRL' <Latency = 0> <II = 1> <Delay = 3.90> <Storage> <Opcode : 'read' 'write' 'nbread' 'nbwrite'> <Ports = 0> <Width = 160> <Depth = 1> <FIFO>
ST_1 : Operation 4 [1/1] (0.00ns)   --->   "%data = trunc i160 %layer18_out_read" [firmware/nnet_utils/nnet_dense_stream.h:43->firmware/nnet_utils/nnet_dense_stream.h:93]   --->   Operation 4 'trunc' 'data' <Predicate = true> <Delay = 0.00>
ST_1 : Operation 5 [1/1] (0.00ns)   --->   "%data_6 = partselect i16 @_ssdm_op_PartSelect.i16.i160.i32.i32, i160 %layer18_out_read, i32 16, i32 31" [firmware/nnet_utils/nnet_dense_stream.h:43->firmware/nnet_utils/nnet_dense_stream.h:93]   --->   Operation 5 'partselect' 'data_6' <Predicate = true> <Delay = 0.00>
ST_1 : Operation 6 [1/1] (0.00ns)   --->   "%data_7 = partselect i16 @_ssdm_op_PartSelect.i16.i160.i32.i32, i160 %layer18_out_read, i32 32, i32 47" [firmware/nnet_utils/nnet_dense_stream.h:43->firmware/nnet_utils/nnet_dense_stream.h:93]   --->   Operation 6 'partselect' 'data_7' <Predicate = true> <Delay = 0.00>
ST_1 : Operation 7 [1/1] (0.00ns)   --->   "%data_8 = partselect i16 @_ssdm_op_PartSelect.i16.i160.i32.i32, i160 %layer18_out_read, i32 48, i32 63" [firmware/nnet_utils/nnet_dense_stream.h:43->firmware/nnet_utils/nnet_dense_stream.h:93]   --->   Operation 7 'partselect' 'data_8' <Predicate = true> <Delay = 0.00>
ST_1 : Operation 8 [1/1] (0.00ns)   --->   "%data_9 = partselect i16 @_ssdm_op_PartSelect.i16.i160.i32.i32, i160 %layer18_out_read, i32 64, i32 79" [firmware/nnet_utils/nnet_dense_stream.h:43->firmware/nnet_utils/nnet_dense_stream.h:93]   --->   Operation 8 'partselect' 'data_9' <Predicate = true> <Delay = 0.00>
ST_1 : Operation 9 [1/1] (0.00ns)   --->   "%data_10 = partselect i16 @_ssdm_op_PartSelect.i16.i160.i32.i32, i160 %layer18_out_read, i32 80, i32 95" [firmware/nnet_utils/nnet_dense_stream.h:43->firmware/nnet_utils/nnet_dense_stream.h:93]   --->   Operation 9 'partselect' 'data_10' <Predicate = true> <Delay = 0.00>
ST_1 : Operation 10 [1/1] (0.00ns)   --->   "%data_1 = partselect i16 @_ssdm_op_PartSelect.i16.i160.i32.i32, i160 %layer18_out_read, i32 96, i32 111" [firmware/nnet_utils/nnet_dense_stream.h:43->firmware/nnet_utils/nnet_dense_stream.h:93]   --->   Operation 10 'partselect' 'data_1' <Predicate = true> <Delay = 0.00>
ST_1 : Operation 11 [1/1] (0.00ns)   --->   "%data_2 = partselect i16 @_ssdm_op_PartSelect.i16.i160.i32.i32, i160 %layer18_out_read, i32 112, i32 127" [firmware/nnet_utils/nnet_dense_stream.h:43->firmware/nnet_utils/nnet_dense_stream.h:93]   --->   Operation 11 'partselect' 'data_2' <Predicate = true> <Delay = 0.00>
ST_1 : Operation 12 [1/1] (0.00ns)   --->   "%data_3 = partselect i16 @_ssdm_op_PartSelect.i16.i160.i32.i32, i160 %layer18_out_read, i32 128, i32 143" [firmware/nnet_utils/nnet_dense_stream.h:43->firmware/nnet_utils/nnet_dense_stream.h:93]   --->   Operation 12 'partselect' 'data_3' <Predicate = true> <Delay = 0.00>
ST_1 : Operation 13 [1/1] (0.00ns)   --->   "%data_4 = partselect i16 @_ssdm_op_PartSelect.i16.i160.i32.i32, i160 %layer18_out_read, i32 144, i32 159" [firmware/nnet_utils/nnet_dense_stream.h:43->firmware/nnet_utils/nnet_dense_stream.h:93]   --->   Operation 13 'partselect' 'data_4' <Predicate = true> <Delay = 0.00>
ST_1 : Operation 14 [2/2] (0.00ns)   --->   "%res = call i16 @dense_resource_rf_leq_nin<ap_fixed,ap_fixed<16,6,5,3,0>,config20>, i16 %data, i16 %data_6, i16 %data_7, i16 %data_8, i16 %data_9, i16 %data_10, i16 %data_1, i16 %data_2, i16 %data_3, i16 %data_4, i5 %w20" [firmware/nnet_utils/nnet_dense_resource.h:262->firmware/nnet_utils/nnet_dense_stream.h:24->firmware/nnet_utils/nnet_dense_stream.h:97]   --->   Operation 14 'call' 'res' <Predicate = true> <Delay = 0.00> <CoreType = "Generic">   --->   Generic Core

State 2 <SV = 1> <Delay = 14.5>
ST_2 : Operation 15 [1/1] (0.00ns)   --->   "%specinterface_ln0 = specinterface void @_ssdm_op_SpecInterface, i16 %layer20_out, void @empty_1, i32 0, i32 0, void @empty_0, i32 0, i32 0, void @empty_0, void @empty_0, void @empty_0, i32 0, i32 0, i32 0, i32 0, void @empty_0, void @empty_0, i32 4294967295, i32 0, i32 0"   --->   Operation 15 'specinterface' 'specinterface_ln0' <Predicate = true> <Delay = 0.00>
ST_2 : Operation 16 [1/1] (0.00ns)   --->   "%specinterface_ln0 = specinterface void @_ssdm_op_SpecInterface, i160 %layer18_out, void @empty_1, i32 0, i32 0, void @empty_0, i32 0, i32 0, void @empty_0, void @empty_0, void @empty_0, i32 0, i32 0, i32 0, i32 0, void @empty_0, void @empty_0, i32 4294967295, i32 0, i32 0"   --->   Operation 16 'specinterface' 'specinterface_ln0' <Predicate = true> <Delay = 0.00>
ST_2 : Operation 17 [1/2] (10.6ns)   --->   "%res = call i16 @dense_resource_rf_leq_nin<ap_fixed,ap_fixed<16,6,5,3,0>,config20>, i16 %data, i16 %data_6, i16 %data_7, i16 %data_8, i16 %data_9, i16 %data_10, i16 %data_1, i16 %data_2, i16 %data_3, i16 %data_4, i5 %w20" [firmware/nnet_utils/nnet_dense_resource.h:262->firmware/nnet_utils/nnet_dense_stream.h:24->firmware/nnet_utils/nnet_dense_stream.h:97]   --->   Operation 17 'call' 'res' <Predicate = true> <Delay = 10.6> <CoreType = "Generic">   --->   Generic Core
ST_2 : Operation 18 [1/1] ( I:3.90ns O:3.90ns )   --->   "%write_ln77 = write void @_ssdm_op_Write.ap_fifo.volatile.i16P0A, i16 %layer20_out, i16 %res" [firmware/nnet_utils/nnet_dense_stream.h:77->firmware/nnet_utils/nnet_dense_stream.h:100]   --->   Operation 18 'write' 'write_ln77' <Predicate = true> <Delay = 3.90> <CoreInst = "FIFO_SRL">   --->   Core 80 'FIFO_SRL' <Latency = 0> <II = 1> <Delay = 3.90> <Storage> <Opcode : 'read' 'write' 'nbread' 'nbwrite'> <Ports = 0> <Width = 16> <Depth = 1> <FIFO>
ST_2 : Operation 19 [1/1] (0.00ns)   --->   "%ret_ln101 = ret" [firmware/nnet_utils/nnet_dense_stream.h:101]   --->   Operation 19 'ret' 'ret_ln101' <Predicate = true> <Delay = 0.00>


============================================================
+ Verbose Summary: Binding
============================================================
STG Binding: 
---------------- STG Properties BEGIN ----------------
- Is combinational: 0
- Is one-state seq: 0
- Is datapath-only: 0
- Is pipelined: 0
- Is top level: 0
Port [ Return ] is wired: 1; IO mode=ap_ctrl_hs:ce=0
Port [ layer18_out]:  wired=1; compound=1; hidden=0; nouse=0; global=0; static=0; extern=0; dir=0; type=3; pingpong=0; private_global=0; IO mode=ap_fifo:ce=0
Port [ layer20_out]:  wired=1; compound=1; hidden=0; nouse=0; global=0; static=0; extern=0; dir=1; type=3; pingpong=0; private_global=0; IO mode=ap_fifo:ce=0
Port [ w20]:  wired=0; compound=1; hidden=1; nouse=1; global=1; static=1; extern=0; dir=0; type=1; pingpong=0; private_global=0; MemPort=[1]; IO mode=ap_memory:ce=0
---------------- STG Properties END ------------------

---------------- Datapath Model BEGIN ----------------

<LifeTime>
<method=bitvector/>
layer18_out_read  (read         ) [ 000]
data              (trunc        ) [ 001]
data_6            (partselect   ) [ 001]
data_7            (partselect   ) [ 001]
data_8            (partselect   ) [ 001]
data_9            (partselect   ) [ 001]
data_10           (partselect   ) [ 001]
data_1            (partselect   ) [ 001]
data_2            (partselect   ) [ 001]
data_3            (partselect   ) [ 001]
data_4            (partselect   ) [ 001]
specinterface_ln0 (specinterface) [ 000]
specinterface_ln0 (specinterface) [ 000]
res               (call         ) [ 000]
write_ln77        (write        ) [ 000]
ret_ln101         (ret          ) [ 000]
</LifeTime>

<model>

<comp_list>
<comp id="0" class="1000" name="layer18_out">
<pin_list>
<pin id="1" dir="1" index="0" bw="1" slack="0"/>
</pin_list>
<bind>
<StgValue><ssdm name="layer18_out"/></StgValue>
</bind>
</comp>

<comp id="2" class="1000" name="layer20_out">
<pin_list>
<pin id="3" dir="1" index="0" bw="1" slack="0"/>
</pin_list>
<bind>
<StgValue><ssdm name="layer20_out"/></StgValue>
</bind>
</comp>

<comp id="4" class="1000" name="w20">
<pin_list>
<pin id="5" dir="1" index="0" bw="1" slack="0"/>
</pin_list>
<bind>
<StgValue><ssdm name="w20"/><MemPortTyVec>1 </MemPortTyVec>
</StgValue>
</bind>
</comp>

<comp id="6" class="1001" name="const_6">
<pin_list>
<pin id="7" dir="1" index="0" bw="1" slack="0"/>
</pin_list>
<bind>
<StgValue><ssdm name="_ssdm_op_Read.ap_fifo.volatile.i160P0A"/></StgValue>
</bind>
</comp>

<comp id="8" class="1001" name="const_8">
<pin_list>
<pin id="9" dir="1" index="0" bw="1" slack="0"/>
</pin_list>
<bind>
<StgValue><ssdm name="_ssdm_op_PartSelect.i16.i160.i32.i32"/></StgValue>
</bind>
</comp>

<comp id="10" class="1001" name="const_10">
<pin_list>
<pin id="11" dir="1" index="0" bw="1" slack="0"/>
</pin_list>
<bind>
<StgValue><ssdm name=""/></StgValue>
</bind>
</comp>

<comp id="12" class="1001" name="const_12">
<pin_list>
<pin id="13" dir="1" index="0" bw="1" slack="0"/>
</pin_list>
<bind>
<StgValue><ssdm name=""/></StgValue>
</bind>
</comp>

<comp id="14" class="1001" name="const_14">
<pin_list>
<pin id="15" dir="1" index="0" bw="1" slack="0"/>
</pin_list>
<bind>
<StgValue><ssdm name=""/></StgValue>
</bind>
</comp>

<comp id="16" class="1001" name="const_16">
<pin_list>
<pin id="17" dir="1" index="0" bw="1" slack="0"/>
</pin_list>
<bind>
<StgValue><ssdm name=""/></StgValue>
</bind>
</comp>

<comp id="18" class="1001" name="const_18">
<pin_list>
<pin id="19" dir="1" index="0" bw="1" slack="0"/>
</pin_list>
<bind>
<StgValue><ssdm name=""/></StgValue>
</bind>
</comp>

<comp id="20" class="1001" name="const_20">
<pin_list>
<pin id="21" dir="1" index="0" bw="1" slack="0"/>
</pin_list>
<bind>
<StgValue><ssdm name=""/></StgValue>
</bind>
</comp>

<comp id="22" class="1001" name="const_22">
<pin_list>
<pin id="23" dir="1" index="0" bw="1" slack="0"/>
</pin_list>
<bind>
<StgValue><ssdm name=""/></StgValue>
</bind>
</comp>

<comp id="24" class="1001" name="const_24">
<pin_list>
<pin id="25" dir="1" index="0" bw="1" slack="0"/>
</pin_list>
<bind>
<StgValue><ssdm name=""/></StgValue>
</bind>
</comp>

<comp id="26" class="1001" name="const_26">
<pin_list>
<pin id="27" dir="1" index="0" bw="1" slack="0"/>
</pin_list>
<bind>
<StgValue><ssdm name=""/></StgValue>
</bind>
</comp>

<comp id="28" class="1001" name="const_28">
<pin_list>
<pin id="29" dir="1" index="0" bw="1" slack="0"/>
</pin_list>
<bind>
<StgValue><ssdm name=""/></StgValue>
</bind>
</comp>

<comp id="30" class="1001" name="const_30">
<pin_list>
<pin id="31" dir="1" index="0" bw="1" slack="0"/>
</pin_list>
<bind>
<StgValue><ssdm name=""/></StgValue>
</bind>
</comp>

<comp id="32" class="1001" name="const_32">
<pin_list>
<pin id="33" dir="1" index="0" bw="1" slack="0"/>
</pin_list>
<bind>
<StgValue><ssdm name=""/></StgValue>
</bind>
</comp>

<comp id="34" class="1001" name="const_34">
<pin_list>
<pin id="35" dir="1" index="0" bw="1" slack="0"/>
</pin_list>
<bind>
<StgValue><ssdm name=""/></StgValue>
</bind>
</comp>

<comp id="36" class="1001" name="const_36">
<pin_list>
<pin id="37" dir="1" index="0" bw="1" slack="0"/>
</pin_list>
<bind>
<StgValue><ssdm name=""/></StgValue>
</bind>
</comp>

<comp id="38" class="1001" name="const_38">
<pin_list>
<pin id="39" dir="1" index="0" bw="1" slack="0"/>
</pin_list>
<bind>
<StgValue><ssdm name=""/></StgValue>
</bind>
</comp>

<comp id="40" class="1001" name="const_40">
<pin_list>
<pin id="41" dir="1" index="0" bw="1" slack="0"/>
</pin_list>
<bind>
<StgValue><ssdm name=""/></StgValue>
</bind>
</comp>

<comp id="42" class="1001" name="const_42">
<pin_list>
<pin id="43" dir="1" index="0" bw="1" slack="0"/>
</pin_list>
<bind>
<StgValue><ssdm name=""/></StgValue>
</bind>
</comp>

<comp id="44" class="1001" name="const_44">
<pin_list>
<pin id="45" dir="1" index="0" bw="1" slack="0"/>
</pin_list>
<bind>
<StgValue><ssdm name=""/></StgValue>
</bind>
</comp>

<comp id="46" class="1001" name="const_46">
<pin_list>
<pin id="47" dir="1" index="0" bw="1" slack="0"/>
</pin_list>
<bind>
<StgValue><ssdm name="dense_resource_rf_leq_nin<ap_fixed,ap_fixed<16,6,5,3,0>,config20>"/></StgValue>
</bind>
</comp>

<comp id="48" class="1001" name="const_48">
<pin_list>
<pin id="49" dir="1" index="0" bw="1" slack="2147483647"/>
</pin_list>
<bind>
<StgValue><ssdm name="_ssdm_op_SpecInterface"/></StgValue>
</bind>
</comp>

<comp id="50" class="1001" name="const_50">
<pin_list>
<pin id="51" dir="1" index="0" bw="1" slack="2147483647"/>
</pin_list>
<bind>
<StgValue><ssdm name="empty_1"/></StgValue>
</bind>
</comp>

<comp id="52" class="1001" name="const_52">
<pin_list>
<pin id="53" dir="1" index="0" bw="1" slack="2147483647"/>
</pin_list>
<bind>
<StgValue><ssdm name=""/></StgValue>
</bind>
</comp>

<comp id="54" class="1001" name="const_54">
<pin_list>
<pin id="55" dir="1" index="0" bw="1" slack="2147483647"/>
</pin_list>
<bind>
<StgValue><ssdm name="empty_0"/></StgValue>
</bind>
</comp>

<comp id="56" class="1001" name="const_56">
<pin_list>
<pin id="57" dir="1" index="0" bw="1" slack="2147483647"/>
</pin_list>
<bind>
<StgValue><ssdm name=""/></StgValue>
</bind>
</comp>

<comp id="58" class="1001" name="const_58">
<pin_list>
<pin id="59" dir="1" index="0" bw="1" slack="0"/>
</pin_list>
<bind>
<StgValue><ssdm name="_ssdm_op_Write.ap_fifo.volatile.i16P0A"/></StgValue>
</bind>
</comp>

<comp id="60" class="1004" name="layer18_out_read_read_fu_60">
<pin_list>
<pin id="61" dir="0" index="0" bw="160" slack="0"/>
<pin id="62" dir="0" index="1" bw="160" slack="0"/>
<pin id="63" dir="1" index="2" bw="160" slack="0"/>
</pin_list>
<bind>
<opcode="read(1150) " fcode="read"/>
<opset="layer18_out_read/1 "/>
</bind>
</comp>

<comp id="66" class="1004" name="write_ln77_write_fu_66">
<pin_list>
<pin id="67" dir="0" index="0" bw="0" slack="0"/>
<pin id="68" dir="0" index="1" bw="16" slack="0"/>
<pin id="69" dir="0" index="2" bw="16" slack="0"/>
<pin id="70" dir="1" index="3" bw="0" slack="2147483647"/>
</pin_list>
<bind>
<opcode="write(1151) " fcode="write"/>
<opset="write_ln77/2 "/>
</bind>
</comp>

<comp id="73" class="1004" name="grp_dense_resource_rf_leq_nin_ap_fixed_ap_fixed_16_6_5_3_0_config20_s_fu_73">
<pin_list>
<pin id="74" dir="0" index="0" bw="16" slack="0"/>
<pin id="75" dir="0" index="1" bw="16" slack="0"/>
<pin id="76" dir="0" index="2" bw="16" slack="0"/>
<pin id="77" dir="0" index="3" bw="16" slack="0"/>
<pin id="78" dir="0" index="4" bw="16" slack="0"/>
<pin id="79" dir="0" index="5" bw="16" slack="0"/>
<pin id="80" dir="0" index="6" bw="16" slack="0"/>
<pin id="81" dir="0" index="7" bw="16" slack="0"/>
<pin id="82" dir="0" index="8" bw="16" slack="0"/>
<pin id="83" dir="0" index="9" bw="16" slack="0"/>
<pin id="84" dir="0" index="10" bw="16" slack="0"/>
<pin id="85" dir="0" index="11" bw="5" slack="0"/>
<pin id="86" dir="1" index="12" bw="16" slack="0"/>
</pin_list>
<bind>
<opcode="call(48) " fcode="call"/>
<opset="res/1 "/>
</bind>
</comp>

<comp id="90" class="1004" name="data_fu_90">
<pin_list>
<pin id="91" dir="0" index="0" bw="160" slack="0"/>
<pin id="92" dir="1" index="1" bw="16" slack="0"/>
</pin_list>
<bind>
<opcode="trunc(33) " fcode="trunc"/>
<opset="data/1 "/>
</bind>
</comp>

<comp id="95" class="1004" name="data_6_fu_95">
<pin_list>
<pin id="96" dir="0" index="0" bw="16" slack="0"/>
<pin id="97" dir="0" index="1" bw="160" slack="0"/>
<pin id="98" dir="0" index="2" bw="6" slack="0"/>
<pin id="99" dir="0" index="3" bw="6" slack="0"/>
<pin id="100" dir="1" index="4" bw="16" slack="0"/>
</pin_list>
<bind>
<opcode="partselect(1002) " fcode="partselect"/>
<opset="data_6/1 "/>
</bind>
</comp>

<comp id="106" class="1004" name="data_7_fu_106">
<pin_list>
<pin id="107" dir="0" index="0" bw="16" slack="0"/>
<pin id="108" dir="0" index="1" bw="160" slack="0"/>
<pin id="109" dir="0" index="2" bw="7" slack="0"/>
<pin id="110" dir="0" index="3" bw="7" slack="0"/>
<pin id="111" dir="1" index="4" bw="16" slack="0"/>
</pin_list>
<bind>
<opcode="partselect(1002) " fcode="partselect"/>
<opset="data_7/1 "/>
</bind>
</comp>

<comp id="117" class="1004" name="data_8_fu_117">
<pin_list>
<pin id="118" dir="0" index="0" bw="16" slack="0"/>
<pin id="119" dir="0" index="1" bw="160" slack="0"/>
<pin id="120" dir="0" index="2" bw="7" slack="0"/>
<pin id="121" dir="0" index="3" bw="7" slack="0"/>
<pin id="122" dir="1" index="4" bw="16" slack="0"/>
</pin_list>
<bind>
<opcode="partselect(1002) " fcode="partselect"/>
<opset="data_8/1 "/>
</bind>
</comp>

<comp id="128" class="1004" name="data_9_fu_128">
<pin_list>
<pin id="129" dir="0" index="0" bw="16" slack="0"/>
<pin id="130" dir="0" index="1" bw="160" slack="0"/>
<pin id="131" dir="0" index="2" bw="8" slack="0"/>
<pin id="132" dir="0" index="3" bw="8" slack="0"/>
<pin id="133" dir="1" index="4" bw="16" slack="0"/>
</pin_list>
<bind>
<opcode="partselect(1002) " fcode="partselect"/>
<opset="data_9/1 "/>
</bind>
</comp>

<comp id="139" class="1004" name="data_10_fu_139">
<pin_list>
<pin id="140" dir="0" index="0" bw="16" slack="0"/>
<pin id="141" dir="0" index="1" bw="160" slack="0"/>
<pin id="142" dir="0" index="2" bw="8" slack="0"/>
<pin id="143" dir="0" index="3" bw="8" slack="0"/>
<pin id="144" dir="1" index="4" bw="16" slack="0"/>
</pin_list>
<bind>
<opcode="partselect(1002) " fcode="partselect"/>
<opset="data_10/1 "/>
</bind>
</comp>

<comp id="150" class="1004" name="data_1_fu_150">
<pin_list>
<pin id="151" dir="0" index="0" bw="16" slack="0"/>
<pin id="152" dir="0" index="1" bw="160" slack="0"/>
<pin id="153" dir="0" index="2" bw="8" slack="0"/>
<pin id="154" dir="0" index="3" bw="8" slack="0"/>
<pin id="155" dir="1" index="4" bw="16" slack="0"/>
</pin_list>
<bind>
<opcode="partselect(1002) " fcode="partselect"/>
<opset="data_1/1 "/>
</bind>
</comp>

<comp id="161" class="1004" name="data_2_fu_161">
<pin_list>
<pin id="162" dir="0" index="0" bw="16" slack="0"/>
<pin id="163" dir="0" index="1" bw="160" slack="0"/>
<pin id="164" dir="0" index="2" bw="8" slack="0"/>
<pin id="165" dir="0" index="3" bw="8" slack="0"/>
<pin id="166" dir="1" index="4" bw="16" slack="0"/>
</pin_list>
<bind>
<opcode="partselect(1002) " fcode="partselect"/>
<opset="data_2/1 "/>
</bind>
</comp>

<comp id="172" class="1004" name="data_3_fu_172">
<pin_list>
<pin id="173" dir="0" index="0" bw="16" slack="0"/>
<pin id="174" dir="0" index="1" bw="160" slack="0"/>
<pin id="175" dir="0" index="2" bw="9" slack="0"/>
<pin id="176" dir="0" index="3" bw="9" slack="0"/>
<pin id="177" dir="1" index="4" bw="16" slack="0"/>
</pin_list>
<bind>
<opcode="partselect(1002) " fcode="partselect"/>
<opset="data_3/1 "/>
</bind>
</comp>

<comp id="183" class="1004" name="data_4_fu_183">
<pin_list>
<pin id="184" dir="0" index="0" bw="16" slack="0"/>
<pin id="185" dir="0" index="1" bw="160" slack="0"/>
<pin id="186" dir="0" index="2" bw="9" slack="0"/>
<pin id="187" dir="0" index="3" bw="9" slack="0"/>
<pin id="188" dir="1" index="4" bw="16" slack="0"/>
</pin_list>
<bind>
<opcode="partselect(1002) " fcode="partselect"/>
<opset="data_4/1 "/>
</bind>
</comp>

<comp id="194" class="1005" name="data_reg_194">
<pin_list>
<pin id="195" dir="0" index="0" bw="16" slack="1"/>
<pin id="196" dir="1" index="1" bw="16" slack="1"/>
</pin_list>
<bind>
<opset="data "/>
</bind>
</comp>

<comp id="199" class="1005" name="data_6_reg_199">
<pin_list>
<pin id="200" dir="0" index="0" bw="16" slack="1"/>
<pin id="201" dir="1" index="1" bw="16" slack="1"/>
</pin_list>
<bind>
<opset="data_6 "/>
</bind>
</comp>

<comp id="204" class="1005" name="data_7_reg_204">
<pin_list>
<pin id="205" dir="0" index="0" bw="16" slack="1"/>
<pin id="206" dir="1" index="1" bw="16" slack="1"/>
</pin_list>
<bind>
<opset="data_7 "/>
</bind>
</comp>

<comp id="209" class="1005" name="data_8_reg_209">
<pin_list>
<pin id="210" dir="0" index="0" bw="16" slack="1"/>
<pin id="211" dir="1" index="1" bw="16" slack="1"/>
</pin_list>
<bind>
<opset="data_8 "/>
</bind>
</comp>

<comp id="214" class="1005" name="data_9_reg_214">
<pin_list>
<pin id="215" dir="0" index="0" bw="16" slack="1"/>
<pin id="216" dir="1" index="1" bw="16" slack="1"/>
</pin_list>
<bind>
<opset="data_9 "/>
</bind>
</comp>

<comp id="219" class="1005" name="data_10_reg_219">
<pin_list>
<pin id="220" dir="0" index="0" bw="16" slack="1"/>
<pin id="221" dir="1" index="1" bw="16" slack="1"/>
</pin_list>
<bind>
<opset="data_10 "/>
</bind>
</comp>

<comp id="224" class="1005" name="data_1_reg_224">
<pin_list>
<pin id="225" dir="0" index="0" bw="16" slack="1"/>
<pin id="226" dir="1" index="1" bw="16" slack="1"/>
</pin_list>
<bind>
<opset="data_1 "/>
</bind>
</comp>

<comp id="229" class="1005" name="data_2_reg_229">
<pin_list>
<pin id="230" dir="0" index="0" bw="16" slack="1"/>
<pin id="231" dir="1" index="1" bw="16" slack="1"/>
</pin_list>
<bind>
<opset="data_2 "/>
</bind>
</comp>

<comp id="234" class="1005" name="data_3_reg_234">
<pin_list>
<pin id="235" dir="0" index="0" bw="16" slack="1"/>
<pin id="236" dir="1" index="1" bw="16" slack="1"/>
</pin_list>
<bind>
<opset="data_3 "/>
</bind>
</comp>

<comp id="239" class="1005" name="data_4_reg_239">
<pin_list>
<pin id="240" dir="0" index="0" bw="16" slack="1"/>
<pin id="241" dir="1" index="1" bw="16" slack="1"/>
</pin_list>
<bind>
<opset="data_4 "/>
</bind>
</comp>

</comp_list>

<net_list>
<net id="64"><net_src comp="6" pin="0"/><net_sink comp="60" pin=0"/></net>

<net id="65"><net_src comp="0" pin="0"/><net_sink comp="60" pin=1"/></net>

<net id="71"><net_src comp="58" pin="0"/><net_sink comp="66" pin=0"/></net>

<net id="72"><net_src comp="2" pin="0"/><net_sink comp="66" pin=1"/></net>

<net id="87"><net_src comp="73" pin="12"/><net_sink comp="66" pin=2"/></net>

<net id="88"><net_src comp="46" pin="0"/><net_sink comp="73" pin=0"/></net>

<net id="89"><net_src comp="4" pin="0"/><net_sink comp="73" pin=11"/></net>

<net id="93"><net_src comp="60" pin="2"/><net_sink comp="90" pin=0"/></net>

<net id="94"><net_src comp="90" pin="1"/><net_sink comp="73" pin=1"/></net>

<net id="101"><net_src comp="8" pin="0"/><net_sink comp="95" pin=0"/></net>

<net id="102"><net_src comp="60" pin="2"/><net_sink comp="95" pin=1"/></net>

<net id="103"><net_src comp="10" pin="0"/><net_sink comp="95" pin=2"/></net>

<net id="104"><net_src comp="12" pin="0"/><net_sink comp="95" pin=3"/></net>

<net id="105"><net_src comp="95" pin="4"/><net_sink comp="73" pin=2"/></net>

<net id="112"><net_src comp="8" pin="0"/><net_sink comp="106" pin=0"/></net>

<net id="113"><net_src comp="60" pin="2"/><net_sink comp="106" pin=1"/></net>

<net id="114"><net_src comp="14" pin="0"/><net_sink comp="106" pin=2"/></net>

<net id="115"><net_src comp="16" pin="0"/><net_sink comp="106" pin=3"/></net>

<net id="116"><net_src comp="106" pin="4"/><net_sink comp="73" pin=3"/></net>

<net id="123"><net_src comp="8" pin="0"/><net_sink comp="117" pin=0"/></net>

<net id="124"><net_src comp="60" pin="2"/><net_sink comp="117" pin=1"/></net>

<net id="125"><net_src comp="18" pin="0"/><net_sink comp="117" pin=2"/></net>

<net id="126"><net_src comp="20" pin="0"/><net_sink comp="117" pin=3"/></net>

<net id="127"><net_src comp="117" pin="4"/><net_sink comp="73" pin=4"/></net>

<net id="134"><net_src comp="8" pin="0"/><net_sink comp="128" pin=0"/></net>

<net id="135"><net_src comp="60" pin="2"/><net_sink comp="128" pin=1"/></net>

<net id="136"><net_src comp="22" pin="0"/><net_sink comp="128" pin=2"/></net>

<net id="137"><net_src comp="24" pin="0"/><net_sink comp="128" pin=3"/></net>

<net id="138"><net_src comp="128" pin="4"/><net_sink comp="73" pin=5"/></net>

<net id="145"><net_src comp="8" pin="0"/><net_sink comp="139" pin=0"/></net>

<net id="146"><net_src comp="60" pin="2"/><net_sink comp="139" pin=1"/></net>

<net id="147"><net_src comp="26" pin="0"/><net_sink comp="139" pin=2"/></net>

<net id="148"><net_src comp="28" pin="0"/><net_sink comp="139" pin=3"/></net>

<net id="149"><net_src comp="139" pin="4"/><net_sink comp="73" pin=6"/></net>

<net id="156"><net_src comp="8" pin="0"/><net_sink comp="150" pin=0"/></net>

<net id="157"><net_src comp="60" pin="2"/><net_sink comp="150" pin=1"/></net>

<net id="158"><net_src comp="30" pin="0"/><net_sink comp="150" pin=2"/></net>

<net id="159"><net_src comp="32" pin="0"/><net_sink comp="150" pin=3"/></net>

<net id="160"><net_src comp="150" pin="4"/><net_sink comp="73" pin=7"/></net>

<net id="167"><net_src comp="8" pin="0"/><net_sink comp="161" pin=0"/></net>

<net id="168"><net_src comp="60" pin="2"/><net_sink comp="161" pin=1"/></net>

<net id="169"><net_src comp="34" pin="0"/><net_sink comp="161" pin=2"/></net>

<net id="170"><net_src comp="36" pin="0"/><net_sink comp="161" pin=3"/></net>

<net id="171"><net_src comp="161" pin="4"/><net_sink comp="73" pin=8"/></net>

<net id="178"><net_src comp="8" pin="0"/><net_sink comp="172" pin=0"/></net>

<net id="179"><net_src comp="60" pin="2"/><net_sink comp="172" pin=1"/></net>

<net id="180"><net_src comp="38" pin="0"/><net_sink comp="172" pin=2"/></net>

<net id="181"><net_src comp="40" pin="0"/><net_sink comp="172" pin=3"/></net>

<net id="182"><net_src comp="172" pin="4"/><net_sink comp="73" pin=9"/></net>

<net id="189"><net_src comp="8" pin="0"/><net_sink comp="183" pin=0"/></net>

<net id="190"><net_src comp="60" pin="2"/><net_sink comp="183" pin=1"/></net>

<net id="191"><net_src comp="42" pin="0"/><net_sink comp="183" pin=2"/></net>

<net id="192"><net_src comp="44" pin="0"/><net_sink comp="183" pin=3"/></net>

<net id="193"><net_src comp="183" pin="4"/><net_sink comp="73" pin=10"/></net>

<net id="197"><net_src comp="90" pin="1"/><net_sink comp="194" pin=0"/></net>

<net id="198"><net_src comp="194" pin="1"/><net_sink comp="73" pin=1"/></net>

<net id="202"><net_src comp="95" pin="4"/><net_sink comp="199" pin=0"/></net>

<net id="203"><net_src comp="199" pin="1"/><net_sink comp="73" pin=2"/></net>

<net id="207"><net_src comp="106" pin="4"/><net_sink comp="204" pin=0"/></net>

<net id="208"><net_src comp="204" pin="1"/><net_sink comp="73" pin=3"/></net>

<net id="212"><net_src comp="117" pin="4"/><net_sink comp="209" pin=0"/></net>

<net id="213"><net_src comp="209" pin="1"/><net_sink comp="73" pin=4"/></net>

<net id="217"><net_src comp="128" pin="4"/><net_sink comp="214" pin=0"/></net>

<net id="218"><net_src comp="214" pin="1"/><net_sink comp="73" pin=5"/></net>

<net id="222"><net_src comp="139" pin="4"/><net_sink comp="219" pin=0"/></net>

<net id="223"><net_src comp="219" pin="1"/><net_sink comp="73" pin=6"/></net>

<net id="227"><net_src comp="150" pin="4"/><net_sink comp="224" pin=0"/></net>

<net id="228"><net_src comp="224" pin="1"/><net_sink comp="73" pin=7"/></net>

<net id="232"><net_src comp="161" pin="4"/><net_sink comp="229" pin=0"/></net>

<net id="233"><net_src comp="229" pin="1"/><net_sink comp="73" pin=8"/></net>

<net id="237"><net_src comp="172" pin="4"/><net_sink comp="234" pin=0"/></net>

<net id="238"><net_src comp="234" pin="1"/><net_sink comp="73" pin=9"/></net>

<net id="242"><net_src comp="183" pin="4"/><net_sink comp="239" pin=0"/></net>

<net id="243"><net_src comp="239" pin="1"/><net_sink comp="73" pin=10"/></net>

</net_list>

</model> 
---------------- Datapath Model END ------------------

* FSMD analyzer results:
  - Output states:
	Port: layer20_out | {2 }
	Port: w20 | {}
 - Input state : 
	Port: dense<array<ap_fixed,10u>,array<ap_fixed<16,6,5,3,0>,1u>,config20> : layer18_out | {1 }
	Port: dense<array<ap_fixed,10u>,array<ap_fixed<16,6,5,3,0>,1u>,config20> : w20 | {1 2 }
  - Chain level:
	State 1
		res : 1
	State 2
		write_ln77 : 1


============================================================
+ Verbose Summary: Datapath Resource usage 
============================================================

* Functional unit list:
|----------|-----------------------------------------------------------------------------|---------|---------|---------|---------|
| Operation|                               Functional Unit                               |   DSP   |  Delay  |    FF   |   LUT   |
|----------|-----------------------------------------------------------------------------|---------|---------|---------|---------|
|   call   | grp_dense_resource_rf_leq_nin_ap_fixed_ap_fixed_16_6_5_3_0_config20_s_fu_73 |    1    |   4.83  |   542   |    94   |
|----------|-----------------------------------------------------------------------------|---------|---------|---------|---------|
|   read   |                         layer18_out_read_read_fu_60                         |    0    |    0    |    0    |    0    |
|----------|-----------------------------------------------------------------------------|---------|---------|---------|---------|
|   write  |                            write_ln77_write_fu_66                           |    0    |    0    |    0    |    0    |
|----------|-----------------------------------------------------------------------------|---------|---------|---------|---------|
|   trunc  |                                  data_fu_90                                 |    0    |    0    |    0    |    0    |
|----------|-----------------------------------------------------------------------------|---------|---------|---------|---------|
|          |                                 data_6_fu_95                                |    0    |    0    |    0    |    0    |
|          |                                data_7_fu_106                                |    0    |    0    |    0    |    0    |
|          |                                data_8_fu_117                                |    0    |    0    |    0    |    0    |
|          |                                data_9_fu_128                                |    0    |    0    |    0    |    0    |
|partselect|                                data_10_fu_139                               |    0    |    0    |    0    |    0    |
|          |                                data_1_fu_150                                |    0    |    0    |    0    |    0    |
|          |                                data_2_fu_161                                |    0    |    0    |    0    |    0    |
|          |                                data_3_fu_172                                |    0    |    0    |    0    |    0    |
|          |                                data_4_fu_183                                |    0    |    0    |    0    |    0    |
|----------|-----------------------------------------------------------------------------|---------|---------|---------|---------|
|   Total  |                                                                             |    1    |   4.83  |   542   |    94   |
|----------|-----------------------------------------------------------------------------|---------|---------|---------|---------|

Memories:
N/A

* Register list:
+---------------+--------+
|               |   FF   |
+---------------+--------+
|data_10_reg_219|   16   |
| data_1_reg_224|   16   |
| data_2_reg_229|   16   |
| data_3_reg_234|   16   |
| data_4_reg_239|   16   |
| data_6_reg_199|   16   |
| data_7_reg_204|   16   |
| data_8_reg_209|   16   |
| data_9_reg_214|   16   |
|  data_reg_194 |   16   |
+---------------+--------+
|     Total     |   160  |
+---------------+--------+

* Multiplexer (MUX) list: 
|-----------------------------------------------------------------------------|------|------|------|--------||---------||---------||---------|
|                                     Comp                                    |  Pin | Size |  BW  | S x BW ||  Delay  ||    FF   ||   LUT   |
|-----------------------------------------------------------------------------|------|------|------|--------||---------||---------||---------|
| grp_dense_resource_rf_leq_nin_ap_fixed_ap_fixed_16_6_5_3_0_config20_s_fu_73 |  p1  |   2  |  16  |   32   ||    0    ||    9    |
| grp_dense_resource_rf_leq_nin_ap_fixed_ap_fixed_16_6_5_3_0_config20_s_fu_73 |  p2  |   2  |  16  |   32   ||    0    ||    9    |
| grp_dense_resource_rf_leq_nin_ap_fixed_ap_fixed_16_6_5_3_0_config20_s_fu_73 |  p3  |   2  |  16  |   32   ||    0    ||    9    |
| grp_dense_resource_rf_leq_nin_ap_fixed_ap_fixed_16_6_5_3_0_config20_s_fu_73 |  p4  |   2  |  16  |   32   ||    0    ||    9    |
| grp_dense_resource_rf_leq_nin_ap_fixed_ap_fixed_16_6_5_3_0_config20_s_fu_73 |  p5  |   2  |  16  |   32   ||    0    ||    9    |
| grp_dense_resource_rf_leq_nin_ap_fixed_ap_fixed_16_6_5_3_0_config20_s_fu_73 |  p6  |   2  |  16  |   32   ||    0    ||    9    |
| grp_dense_resource_rf_leq_nin_ap_fixed_ap_fixed_16_6_5_3_0_config20_s_fu_73 |  p7  |   2  |  16  |   32   ||    0    ||    9    |
| grp_dense_resource_rf_leq_nin_ap_fixed_ap_fixed_16_6_5_3_0_config20_s_fu_73 |  p8  |   2  |  16  |   32   ||    0    ||    9    |
| grp_dense_resource_rf_leq_nin_ap_fixed_ap_fixed_16_6_5_3_0_config20_s_fu_73 |  p9  |   2  |  16  |   32   ||    0    ||    9    |
| grp_dense_resource_rf_leq_nin_ap_fixed_ap_fixed_16_6_5_3_0_config20_s_fu_73 |  p10 |   2  |  16  |   32   ||    0    ||    9    |
|-----------------------------------------------------------------------------|------|------|------|--------||---------||---------||---------|
|                                    Total                                    |      |      |      |   320  ||   16.1  ||    0    ||    90   |
|-----------------------------------------------------------------------------|------|------|------|--------||---------||---------||---------|



* Summary:
+-----------+--------+--------+--------+--------+
|           |   DSP  |  Delay |   FF   |   LUT  |
+-----------+--------+--------+--------+--------+
|  Function |    1   |    4   |   542  |   94   |
|   Memory  |    -   |    -   |    -   |    -   |
|Multiplexer|    -   |   16   |    0   |   90   |
|  Register |    -   |    -   |   160  |    -   |
+-----------+--------+--------+--------+--------+
|   Total   |    1   |   20   |   702  |   184  |
+-----------+--------+--------+--------+--------+
