

================================================================
== Vitis HLS Report for 'dense_array_ap_ufixed_5u_array_ap_fixed_20_10_5_3_0_1u_config12_s'
================================================================
* Date:           Mon Apr 28 17:41:38 2025

* Version:        2024.2 (Build 5238294 on Nov  8 2024)
* Project:        myproject_prj
* Solution:       solution1 (Vivado IP Flow Target)
* Product family: artix7
* Target device:  xc7a35t-cpg236-1


================================================================
== Performance Estimates
================================================================
+ Timing: 
    * Summary: 
    +--------+----------+-----------+------------+
    |  Clock |  Target  | Estimated | Uncertainty|
    +--------+----------+-----------+------------+
    |ap_clk  |  30.00 ns|  20.500 ns|     8.10 ns|
    +--------+----------+-----------+------------+

+ Latency: 
    * Summary: 
    +---------+---------+----------+----------+-----+-----+---------+
    |  Latency (cycles) |  Latency (absolute) |  Interval | Pipeline|
    |   min   |   max   |    min   |    max   | min | max |   Type  |
    +---------+---------+----------+----------+-----+-----+---------+
    |       55|       56|  1.650 us|  1.680 us|   55|   56|       no|
    +---------+---------+----------+----------+-----+-----+---------+

    + Detail: 
        * Instance: 
        N/A

        * Loop: 
        N/A

============================================================
+ Verbose Summary: Synthesis Manager
============================================================
InlineROM: 1
ExposeGlobal: 0
============================================================
+ Verbose Summary: CDFG Model
============================================================
IsTopModel: 0
ResetActiveHigh: 1
IsCombinational: 2
IsDatapathOnly: 0
HasWiredReturn: 1
HasMFsm: 0
HasVarLatency: 1
IsPipeline: 0
IsRtlPipelined: 0
IsInstanceOverlapped: 0
IsDontTouch: 0
HasImplIP: 0
IsGatedGlobalClock: 0


============================================================
+ Verbose Summary: Schedule
============================================================
* Number of FSM states : 5
* Pipeline : 0
* Dataflow Pipeline: 0

* FSM state transitions: 
1 --> 2 
2 --> 3 
3 --> 4 
4 --> 5 
5 --> 

* FSM state operations: 

State 1 <SV = 0> <Delay = 0.00>
ST_1 : Operation 6 [1/1] (0.00ns)   --->   "%data_loc = alloca i64 1"   --->   Operation 6 'alloca' 'data_loc' <Predicate = true> <Delay = 0.00>
ST_1 : Operation 7 [1/1] (0.00ns)   --->   "%data_1_loc = alloca i64 1"   --->   Operation 7 'alloca' 'data_1_loc' <Predicate = true> <Delay = 0.00>
ST_1 : Operation 8 [1/1] (0.00ns)   --->   "%data_2_loc = alloca i64 1"   --->   Operation 8 'alloca' 'data_2_loc' <Predicate = true> <Delay = 0.00>
ST_1 : Operation 9 [1/1] (0.00ns)   --->   "%data_3_loc = alloca i64 1"   --->   Operation 9 'alloca' 'data_3_loc' <Predicate = true> <Delay = 0.00>
ST_1 : Operation 10 [1/1] (0.00ns)   --->   "%data_4_loc = alloca i64 1"   --->   Operation 10 'alloca' 'data_4_loc' <Predicate = true> <Delay = 0.00>
ST_1 : Operation 11 [1/1] (0.00ns)   --->   "%data_5_loc = alloca i64 1"   --->   Operation 11 'alloca' 'data_5_loc' <Predicate = true> <Delay = 0.00>
ST_1 : Operation 12 [1/1] (0.00ns)   --->   "%data_6_loc = alloca i64 1"   --->   Operation 12 'alloca' 'data_6_loc' <Predicate = true> <Delay = 0.00>
ST_1 : Operation 13 [1/1] (0.00ns)   --->   "%data_7_loc = alloca i64 1"   --->   Operation 13 'alloca' 'data_7_loc' <Predicate = true> <Delay = 0.00>
ST_1 : Operation 14 [1/1] (0.00ns)   --->   "%data_8_loc = alloca i64 1"   --->   Operation 14 'alloca' 'data_8_loc' <Predicate = true> <Delay = 0.00>
ST_1 : Operation 15 [1/1] (0.00ns)   --->   "%data_9_loc = alloca i64 1"   --->   Operation 15 'alloca' 'data_9_loc' <Predicate = true> <Delay = 0.00>
ST_1 : Operation 16 [1/1] (0.00ns)   --->   "%data_10_loc = alloca i64 1"   --->   Operation 16 'alloca' 'data_10_loc' <Predicate = true> <Delay = 0.00>
ST_1 : Operation 17 [1/1] (0.00ns)   --->   "%data_11_loc = alloca i64 1"   --->   Operation 17 'alloca' 'data_11_loc' <Predicate = true> <Delay = 0.00>
ST_1 : Operation 18 [1/1] (0.00ns)   --->   "%data_12_loc = alloca i64 1"   --->   Operation 18 'alloca' 'data_12_loc' <Predicate = true> <Delay = 0.00>
ST_1 : Operation 19 [1/1] (0.00ns)   --->   "%data_13_loc = alloca i64 1"   --->   Operation 19 'alloca' 'data_13_loc' <Predicate = true> <Delay = 0.00>
ST_1 : Operation 20 [1/1] (0.00ns)   --->   "%data_14_loc = alloca i64 1"   --->   Operation 20 'alloca' 'data_14_loc' <Predicate = true> <Delay = 0.00>
ST_1 : Operation 21 [1/1] (0.00ns)   --->   "%data_15_loc = alloca i64 1"   --->   Operation 21 'alloca' 'data_15_loc' <Predicate = true> <Delay = 0.00>
ST_1 : Operation 22 [1/1] (0.00ns)   --->   "%data_16_loc = alloca i64 1"   --->   Operation 22 'alloca' 'data_16_loc' <Predicate = true> <Delay = 0.00>
ST_1 : Operation 23 [1/1] (0.00ns)   --->   "%data_17_loc = alloca i64 1"   --->   Operation 23 'alloca' 'data_17_loc' <Predicate = true> <Delay = 0.00>
ST_1 : Operation 24 [1/1] (0.00ns)   --->   "%data_18_loc = alloca i64 1"   --->   Operation 24 'alloca' 'data_18_loc' <Predicate = true> <Delay = 0.00>
ST_1 : Operation 25 [1/1] (0.00ns)   --->   "%data_19_loc = alloca i64 1"   --->   Operation 25 'alloca' 'data_19_loc' <Predicate = true> <Delay = 0.00>
ST_1 : Operation 26 [1/1] (0.00ns)   --->   "%data_20_loc = alloca i64 1"   --->   Operation 26 'alloca' 'data_20_loc' <Predicate = true> <Delay = 0.00>
ST_1 : Operation 27 [1/1] (0.00ns)   --->   "%data_21_loc = alloca i64 1"   --->   Operation 27 'alloca' 'data_21_loc' <Predicate = true> <Delay = 0.00>
ST_1 : Operation 28 [1/1] (0.00ns)   --->   "%data_22_loc = alloca i64 1"   --->   Operation 28 'alloca' 'data_22_loc' <Predicate = true> <Delay = 0.00>
ST_1 : Operation 29 [1/1] (0.00ns)   --->   "%data_23_loc = alloca i64 1"   --->   Operation 29 'alloca' 'data_23_loc' <Predicate = true> <Delay = 0.00>
ST_1 : Operation 30 [1/1] (0.00ns)   --->   "%data_24_loc = alloca i64 1"   --->   Operation 30 'alloca' 'data_24_loc' <Predicate = true> <Delay = 0.00>
ST_1 : Operation 31 [1/1] (0.00ns)   --->   "%data_25_loc = alloca i64 1"   --->   Operation 31 'alloca' 'data_25_loc' <Predicate = true> <Delay = 0.00>
ST_1 : Operation 32 [1/1] (0.00ns)   --->   "%data_26_loc = alloca i64 1"   --->   Operation 32 'alloca' 'data_26_loc' <Predicate = true> <Delay = 0.00>
ST_1 : Operation 33 [1/1] (0.00ns)   --->   "%data_27_loc = alloca i64 1"   --->   Operation 33 'alloca' 'data_27_loc' <Predicate = true> <Delay = 0.00>
ST_1 : Operation 34 [1/1] (0.00ns)   --->   "%data_28_loc = alloca i64 1"   --->   Operation 34 'alloca' 'data_28_loc' <Predicate = true> <Delay = 0.00>
ST_1 : Operation 35 [1/1] (0.00ns)   --->   "%data_29_loc = alloca i64 1"   --->   Operation 35 'alloca' 'data_29_loc' <Predicate = true> <Delay = 0.00>
ST_1 : Operation 36 [1/1] (0.00ns)   --->   "%data_30_loc = alloca i64 1"   --->   Operation 36 'alloca' 'data_30_loc' <Predicate = true> <Delay = 0.00>
ST_1 : Operation 37 [1/1] (0.00ns)   --->   "%data_31_loc = alloca i64 1"   --->   Operation 37 'alloca' 'data_31_loc' <Predicate = true> <Delay = 0.00>
ST_1 : Operation 38 [1/1] (0.00ns)   --->   "%data_32_loc = alloca i64 1"   --->   Operation 38 'alloca' 'data_32_loc' <Predicate = true> <Delay = 0.00>
ST_1 : Operation 39 [1/1] (0.00ns)   --->   "%data_33_loc = alloca i64 1"   --->   Operation 39 'alloca' 'data_33_loc' <Predicate = true> <Delay = 0.00>
ST_1 : Operation 40 [1/1] (0.00ns)   --->   "%data_34_loc = alloca i64 1"   --->   Operation 40 'alloca' 'data_34_loc' <Predicate = true> <Delay = 0.00>
ST_1 : Operation 41 [1/1] (0.00ns)   --->   "%data_35_loc = alloca i64 1"   --->   Operation 41 'alloca' 'data_35_loc' <Predicate = true> <Delay = 0.00>
ST_1 : Operation 42 [1/1] (0.00ns)   --->   "%data_36_loc = alloca i64 1"   --->   Operation 42 'alloca' 'data_36_loc' <Predicate = true> <Delay = 0.00>
ST_1 : Operation 43 [1/1] (0.00ns)   --->   "%data_37_loc = alloca i64 1"   --->   Operation 43 'alloca' 'data_37_loc' <Predicate = true> <Delay = 0.00>
ST_1 : Operation 44 [1/1] (0.00ns)   --->   "%data_38_loc = alloca i64 1"   --->   Operation 44 'alloca' 'data_38_loc' <Predicate = true> <Delay = 0.00>
ST_1 : Operation 45 [1/1] (0.00ns)   --->   "%data_39_loc = alloca i64 1"   --->   Operation 45 'alloca' 'data_39_loc' <Predicate = true> <Delay = 0.00>
ST_1 : Operation 46 [1/1] (0.00ns)   --->   "%data_40_loc = alloca i64 1"   --->   Operation 46 'alloca' 'data_40_loc' <Predicate = true> <Delay = 0.00>
ST_1 : Operation 47 [1/1] (0.00ns)   --->   "%data_41_loc = alloca i64 1"   --->   Operation 47 'alloca' 'data_41_loc' <Predicate = true> <Delay = 0.00>
ST_1 : Operation 48 [1/1] (0.00ns)   --->   "%data_42_loc = alloca i64 1"   --->   Operation 48 'alloca' 'data_42_loc' <Predicate = true> <Delay = 0.00>
ST_1 : Operation 49 [1/1] (0.00ns)   --->   "%data_43_loc = alloca i64 1"   --->   Operation 49 'alloca' 'data_43_loc' <Predicate = true> <Delay = 0.00>
ST_1 : Operation 50 [1/1] (0.00ns)   --->   "%data_44_loc = alloca i64 1"   --->   Operation 50 'alloca' 'data_44_loc' <Predicate = true> <Delay = 0.00>
ST_1 : Operation 51 [1/1] (0.00ns)   --->   "%data_45_loc = alloca i64 1"   --->   Operation 51 'alloca' 'data_45_loc' <Predicate = true> <Delay = 0.00>
ST_1 : Operation 52 [1/1] (0.00ns)   --->   "%data_46_loc = alloca i64 1"   --->   Operation 52 'alloca' 'data_46_loc' <Predicate = true> <Delay = 0.00>
ST_1 : Operation 53 [1/1] (0.00ns)   --->   "%data_47_loc = alloca i64 1"   --->   Operation 53 'alloca' 'data_47_loc' <Predicate = true> <Delay = 0.00>
ST_1 : Operation 54 [1/1] (0.00ns)   --->   "%data_48_loc = alloca i64 1"   --->   Operation 54 'alloca' 'data_48_loc' <Predicate = true> <Delay = 0.00>
ST_1 : Operation 55 [1/1] (0.00ns)   --->   "%data_49_loc = alloca i64 1"   --->   Operation 55 'alloca' 'data_49_loc' <Predicate = true> <Delay = 0.00>
ST_1 : Operation 56 [1/1] (0.00ns)   --->   "%data_50_loc = alloca i64 1"   --->   Operation 56 'alloca' 'data_50_loc' <Predicate = true> <Delay = 0.00>
ST_1 : Operation 57 [1/1] (0.00ns)   --->   "%data_51_loc = alloca i64 1"   --->   Operation 57 'alloca' 'data_51_loc' <Predicate = true> <Delay = 0.00>
ST_1 : Operation 58 [1/1] (0.00ns)   --->   "%data_52_loc = alloca i64 1"   --->   Operation 58 'alloca' 'data_52_loc' <Predicate = true> <Delay = 0.00>
ST_1 : Operation 59 [1/1] (0.00ns)   --->   "%data_53_loc = alloca i64 1"   --->   Operation 59 'alloca' 'data_53_loc' <Predicate = true> <Delay = 0.00>
ST_1 : Operation 60 [1/1] (0.00ns)   --->   "%data_54_loc = alloca i64 1"   --->   Operation 60 'alloca' 'data_54_loc' <Predicate = true> <Delay = 0.00>
ST_1 : Operation 61 [1/1] (0.00ns)   --->   "%data_55_loc = alloca i64 1"   --->   Operation 61 'alloca' 'data_55_loc' <Predicate = true> <Delay = 0.00>
ST_1 : Operation 62 [1/1] (0.00ns)   --->   "%data_56_loc = alloca i64 1"   --->   Operation 62 'alloca' 'data_56_loc' <Predicate = true> <Delay = 0.00>
ST_1 : Operation 63 [1/1] (0.00ns)   --->   "%data_57_loc = alloca i64 1"   --->   Operation 63 'alloca' 'data_57_loc' <Predicate = true> <Delay = 0.00>
ST_1 : Operation 64 [1/1] (0.00ns)   --->   "%data_58_loc = alloca i64 1"   --->   Operation 64 'alloca' 'data_58_loc' <Predicate = true> <Delay = 0.00>
ST_1 : Operation 65 [1/1] (0.00ns)   --->   "%data_59_loc = alloca i64 1"   --->   Operation 65 'alloca' 'data_59_loc' <Predicate = true> <Delay = 0.00>
ST_1 : Operation 66 [1/1] (0.00ns)   --->   "%data_60_loc = alloca i64 1"   --->   Operation 66 'alloca' 'data_60_loc' <Predicate = true> <Delay = 0.00>
ST_1 : Operation 67 [1/1] (0.00ns)   --->   "%data_61_loc = alloca i64 1"   --->   Operation 67 'alloca' 'data_61_loc' <Predicate = true> <Delay = 0.00>
ST_1 : Operation 68 [1/1] (0.00ns)   --->   "%data_62_loc = alloca i64 1"   --->   Operation 68 'alloca' 'data_62_loc' <Predicate = true> <Delay = 0.00>
ST_1 : Operation 69 [1/1] (0.00ns)   --->   "%data_63_loc = alloca i64 1"   --->   Operation 69 'alloca' 'data_63_loc' <Predicate = true> <Delay = 0.00>
ST_1 : Operation 70 [1/1] (0.00ns)   --->   "%data_64_loc = alloca i64 1"   --->   Operation 70 'alloca' 'data_64_loc' <Predicate = true> <Delay = 0.00>
ST_1 : Operation 71 [1/1] (0.00ns)   --->   "%data_65_loc = alloca i64 1"   --->   Operation 71 'alloca' 'data_65_loc' <Predicate = true> <Delay = 0.00>
ST_1 : Operation 72 [1/1] (0.00ns)   --->   "%data_66_loc = alloca i64 1"   --->   Operation 72 'alloca' 'data_66_loc' <Predicate = true> <Delay = 0.00>
ST_1 : Operation 73 [1/1] (0.00ns)   --->   "%data_67_loc = alloca i64 1"   --->   Operation 73 'alloca' 'data_67_loc' <Predicate = true> <Delay = 0.00>
ST_1 : Operation 74 [1/1] (0.00ns)   --->   "%data_68_loc = alloca i64 1"   --->   Operation 74 'alloca' 'data_68_loc' <Predicate = true> <Delay = 0.00>
ST_1 : Operation 75 [1/1] (0.00ns)   --->   "%data_69_loc = alloca i64 1"   --->   Operation 75 'alloca' 'data_69_loc' <Predicate = true> <Delay = 0.00>
ST_1 : Operation 76 [1/1] (0.00ns)   --->   "%data_70_loc = alloca i64 1"   --->   Operation 76 'alloca' 'data_70_loc' <Predicate = true> <Delay = 0.00>
ST_1 : Operation 77 [1/1] (0.00ns)   --->   "%data_71_loc = alloca i64 1"   --->   Operation 77 'alloca' 'data_71_loc' <Predicate = true> <Delay = 0.00>
ST_1 : Operation 78 [1/1] (0.00ns)   --->   "%data_72_loc = alloca i64 1"   --->   Operation 78 'alloca' 'data_72_loc' <Predicate = true> <Delay = 0.00>
ST_1 : Operation 79 [1/1] (0.00ns)   --->   "%data_73_loc = alloca i64 1"   --->   Operation 79 'alloca' 'data_73_loc' <Predicate = true> <Delay = 0.00>
ST_1 : Operation 80 [1/1] (0.00ns)   --->   "%data_74_loc = alloca i64 1"   --->   Operation 80 'alloca' 'data_74_loc' <Predicate = true> <Delay = 0.00>
ST_1 : Operation 81 [1/1] (0.00ns)   --->   "%data_75_loc = alloca i64 1"   --->   Operation 81 'alloca' 'data_75_loc' <Predicate = true> <Delay = 0.00>
ST_1 : Operation 82 [1/1] (0.00ns)   --->   "%data_76_loc = alloca i64 1"   --->   Operation 82 'alloca' 'data_76_loc' <Predicate = true> <Delay = 0.00>
ST_1 : Operation 83 [1/1] (0.00ns)   --->   "%data_77_loc = alloca i64 1"   --->   Operation 83 'alloca' 'data_77_loc' <Predicate = true> <Delay = 0.00>
ST_1 : Operation 84 [1/1] (0.00ns)   --->   "%data_78_loc = alloca i64 1"   --->   Operation 84 'alloca' 'data_78_loc' <Predicate = true> <Delay = 0.00>
ST_1 : Operation 85 [1/1] (0.00ns)   --->   "%data_79_loc = alloca i64 1"   --->   Operation 85 'alloca' 'data_79_loc' <Predicate = true> <Delay = 0.00>
ST_1 : Operation 86 [1/1] (0.00ns)   --->   "%data_80_loc = alloca i64 1"   --->   Operation 86 'alloca' 'data_80_loc' <Predicate = true> <Delay = 0.00>
ST_1 : Operation 87 [1/1] (0.00ns)   --->   "%data_81_loc = alloca i64 1"   --->   Operation 87 'alloca' 'data_81_loc' <Predicate = true> <Delay = 0.00>
ST_1 : Operation 88 [1/1] (0.00ns)   --->   "%data_82_loc = alloca i64 1"   --->   Operation 88 'alloca' 'data_82_loc' <Predicate = true> <Delay = 0.00>
ST_1 : Operation 89 [1/1] (0.00ns)   --->   "%data_83_loc = alloca i64 1"   --->   Operation 89 'alloca' 'data_83_loc' <Predicate = true> <Delay = 0.00>
ST_1 : Operation 90 [1/1] (0.00ns)   --->   "%data_84_loc = alloca i64 1"   --->   Operation 90 'alloca' 'data_84_loc' <Predicate = true> <Delay = 0.00>
ST_1 : Operation 91 [1/1] (0.00ns)   --->   "%data_85_loc = alloca i64 1"   --->   Operation 91 'alloca' 'data_85_loc' <Predicate = true> <Delay = 0.00>
ST_1 : Operation 92 [1/1] (0.00ns)   --->   "%data_86_loc = alloca i64 1"   --->   Operation 92 'alloca' 'data_86_loc' <Predicate = true> <Delay = 0.00>
ST_1 : Operation 93 [1/1] (0.00ns)   --->   "%data_87_loc = alloca i64 1"   --->   Operation 93 'alloca' 'data_87_loc' <Predicate = true> <Delay = 0.00>
ST_1 : Operation 94 [1/1] (0.00ns)   --->   "%data_88_loc = alloca i64 1"   --->   Operation 94 'alloca' 'data_88_loc' <Predicate = true> <Delay = 0.00>
ST_1 : Operation 95 [1/1] (0.00ns)   --->   "%data_89_loc = alloca i64 1"   --->   Operation 95 'alloca' 'data_89_loc' <Predicate = true> <Delay = 0.00>
ST_1 : Operation 96 [1/1] (0.00ns)   --->   "%data_90_loc = alloca i64 1"   --->   Operation 96 'alloca' 'data_90_loc' <Predicate = true> <Delay = 0.00>
ST_1 : Operation 97 [1/1] (0.00ns)   --->   "%data_91_loc = alloca i64 1"   --->   Operation 97 'alloca' 'data_91_loc' <Predicate = true> <Delay = 0.00>
ST_1 : Operation 98 [1/1] (0.00ns)   --->   "%data_92_loc = alloca i64 1"   --->   Operation 98 'alloca' 'data_92_loc' <Predicate = true> <Delay = 0.00>
ST_1 : Operation 99 [1/1] (0.00ns)   --->   "%data_93_loc = alloca i64 1"   --->   Operation 99 'alloca' 'data_93_loc' <Predicate = true> <Delay = 0.00>
ST_1 : Operation 100 [1/1] (0.00ns)   --->   "%data_94_loc = alloca i64 1"   --->   Operation 100 'alloca' 'data_94_loc' <Predicate = true> <Delay = 0.00>
ST_1 : Operation 101 [1/1] (0.00ns)   --->   "%data_95_loc = alloca i64 1"   --->   Operation 101 'alloca' 'data_95_loc' <Predicate = true> <Delay = 0.00>
ST_1 : Operation 102 [1/1] (0.00ns)   --->   "%data_96_loc = alloca i64 1"   --->   Operation 102 'alloca' 'data_96_loc' <Predicate = true> <Delay = 0.00>
ST_1 : Operation 103 [1/1] (0.00ns)   --->   "%data_97_loc = alloca i64 1"   --->   Operation 103 'alloca' 'data_97_loc' <Predicate = true> <Delay = 0.00>
ST_1 : Operation 104 [1/1] (0.00ns)   --->   "%data_98_loc = alloca i64 1"   --->   Operation 104 'alloca' 'data_98_loc' <Predicate = true> <Delay = 0.00>
ST_1 : Operation 105 [1/1] (0.00ns)   --->   "%data_99_loc = alloca i64 1"   --->   Operation 105 'alloca' 'data_99_loc' <Predicate = true> <Delay = 0.00>
ST_1 : Operation 106 [1/1] (0.00ns)   --->   "%data_100_loc = alloca i64 1"   --->   Operation 106 'alloca' 'data_100_loc' <Predicate = true> <Delay = 0.00>
ST_1 : Operation 107 [1/1] (0.00ns)   --->   "%data_101_loc = alloca i64 1"   --->   Operation 107 'alloca' 'data_101_loc' <Predicate = true> <Delay = 0.00>
ST_1 : Operation 108 [1/1] (0.00ns)   --->   "%data_102_loc = alloca i64 1"   --->   Operation 108 'alloca' 'data_102_loc' <Predicate = true> <Delay = 0.00>
ST_1 : Operation 109 [1/1] (0.00ns)   --->   "%data_103_loc = alloca i64 1"   --->   Operation 109 'alloca' 'data_103_loc' <Predicate = true> <Delay = 0.00>
ST_1 : Operation 110 [1/1] (0.00ns)   --->   "%data_104_loc = alloca i64 1"   --->   Operation 110 'alloca' 'data_104_loc' <Predicate = true> <Delay = 0.00>
ST_1 : Operation 111 [1/1] (0.00ns)   --->   "%data_105_loc = alloca i64 1"   --->   Operation 111 'alloca' 'data_105_loc' <Predicate = true> <Delay = 0.00>
ST_1 : Operation 112 [1/1] (0.00ns)   --->   "%data_106_loc = alloca i64 1"   --->   Operation 112 'alloca' 'data_106_loc' <Predicate = true> <Delay = 0.00>
ST_1 : Operation 113 [1/1] (0.00ns)   --->   "%data_107_loc = alloca i64 1"   --->   Operation 113 'alloca' 'data_107_loc' <Predicate = true> <Delay = 0.00>
ST_1 : Operation 114 [1/1] (0.00ns)   --->   "%data_108_loc = alloca i64 1"   --->   Operation 114 'alloca' 'data_108_loc' <Predicate = true> <Delay = 0.00>
ST_1 : Operation 115 [1/1] (0.00ns)   --->   "%data_109_loc = alloca i64 1"   --->   Operation 115 'alloca' 'data_109_loc' <Predicate = true> <Delay = 0.00>
ST_1 : Operation 116 [1/1] (0.00ns)   --->   "%data_110_loc = alloca i64 1"   --->   Operation 116 'alloca' 'data_110_loc' <Predicate = true> <Delay = 0.00>
ST_1 : Operation 117 [1/1] (0.00ns)   --->   "%data_111_loc = alloca i64 1"   --->   Operation 117 'alloca' 'data_111_loc' <Predicate = true> <Delay = 0.00>
ST_1 : Operation 118 [1/1] (0.00ns)   --->   "%data_112_loc = alloca i64 1"   --->   Operation 118 'alloca' 'data_112_loc' <Predicate = true> <Delay = 0.00>
ST_1 : Operation 119 [1/1] (0.00ns)   --->   "%data_113_loc = alloca i64 1"   --->   Operation 119 'alloca' 'data_113_loc' <Predicate = true> <Delay = 0.00>
ST_1 : Operation 120 [1/1] (0.00ns)   --->   "%data_114_loc = alloca i64 1"   --->   Operation 120 'alloca' 'data_114_loc' <Predicate = true> <Delay = 0.00>
ST_1 : Operation 121 [1/1] (0.00ns)   --->   "%data_115_loc = alloca i64 1"   --->   Operation 121 'alloca' 'data_115_loc' <Predicate = true> <Delay = 0.00>
ST_1 : Operation 122 [1/1] (0.00ns)   --->   "%data_116_loc = alloca i64 1"   --->   Operation 122 'alloca' 'data_116_loc' <Predicate = true> <Delay = 0.00>
ST_1 : Operation 123 [1/1] (0.00ns)   --->   "%data_117_loc = alloca i64 1"   --->   Operation 123 'alloca' 'data_117_loc' <Predicate = true> <Delay = 0.00>
ST_1 : Operation 124 [1/1] (0.00ns)   --->   "%data_118_loc = alloca i64 1"   --->   Operation 124 'alloca' 'data_118_loc' <Predicate = true> <Delay = 0.00>
ST_1 : Operation 125 [1/1] (0.00ns)   --->   "%data_119_loc = alloca i64 1"   --->   Operation 125 'alloca' 'data_119_loc' <Predicate = true> <Delay = 0.00>
ST_1 : Operation 126 [1/1] (0.00ns)   --->   "%data_120_loc = alloca i64 1"   --->   Operation 126 'alloca' 'data_120_loc' <Predicate = true> <Delay = 0.00>
ST_1 : Operation 127 [1/1] (0.00ns)   --->   "%data_121_loc = alloca i64 1"   --->   Operation 127 'alloca' 'data_121_loc' <Predicate = true> <Delay = 0.00>
ST_1 : Operation 128 [1/1] (0.00ns)   --->   "%data_122_loc = alloca i64 1"   --->   Operation 128 'alloca' 'data_122_loc' <Predicate = true> <Delay = 0.00>
ST_1 : Operation 129 [1/1] (0.00ns)   --->   "%data_123_loc = alloca i64 1"   --->   Operation 129 'alloca' 'data_123_loc' <Predicate = true> <Delay = 0.00>
ST_1 : Operation 130 [1/1] (0.00ns)   --->   "%data_124_loc = alloca i64 1"   --->   Operation 130 'alloca' 'data_124_loc' <Predicate = true> <Delay = 0.00>
ST_1 : Operation 131 [2/2] (0.00ns)   --->   "%call_ln0 = call void @dense<array,array<ap_fixed<20,10,5,3,0>,1u>,config12>_Pipeline_DataPrepare, i30 %layer10_out, i6 %data_124_loc, i6 %data_123_loc, i6 %data_122_loc, i6 %data_121_loc, i6 %data_120_loc, i6 %data_119_loc, i6 %data_118_loc, i6 %data_117_loc, i6 %data_116_loc, i6 %data_115_loc, i6 %data_114_loc, i6 %data_113_loc, i6 %data_112_loc, i6 %data_111_loc, i6 %data_110_loc, i6 %data_109_loc, i6 %data_108_loc, i6 %data_107_loc, i6 %data_106_loc, i6 %data_105_loc, i6 %data_104_loc, i6 %data_103_loc, i6 %data_102_loc, i6 %data_101_loc, i6 %data_100_loc, i6 %data_99_loc, i6 %data_98_loc, i6 %data_97_loc, i6 %data_96_loc, i6 %data_95_loc, i6 %data_94_loc, i6 %data_93_loc, i6 %data_92_loc, i6 %data_91_loc, i6 %data_90_loc, i6 %data_89_loc, i6 %data_88_loc, i6 %data_87_loc, i6 %data_86_loc, i6 %data_85_loc, i6 %data_84_loc, i6 %data_83_loc, i6 %data_82_loc, i6 %data_81_loc, i6 %data_80_loc, i6 %data_79_loc, i6 %data_78_loc, i6 %data_77_loc, i6 %data_76_loc, i6 %data_75_loc, i6 %data_74_loc, i6 %data_73_loc, i6 %data_72_loc, i6 %data_71_loc, i6 %data_70_loc, i6 %data_69_loc, i6 %data_68_loc, i6 %data_67_loc, i6 %data_66_loc, i6 %data_65_loc, i6 %data_64_loc, i6 %data_63_loc, i6 %data_62_loc, i6 %data_61_loc, i6 %data_60_loc, i6 %data_59_loc, i6 %data_58_loc, i6 %data_57_loc, i6 %data_56_loc, i6 %data_55_loc, i6 %data_54_loc, i6 %data_53_loc, i6 %data_52_loc, i6 %data_51_loc, i6 %data_50_loc, i6 %data_49_loc, i6 %data_48_loc, i6 %data_47_loc, i6 %data_46_loc, i6 %data_45_loc, i6 %data_44_loc, i6 %data_43_loc, i6 %data_42_loc, i6 %data_41_loc, i6 %data_40_loc, i6 %data_39_loc, i6 %data_38_loc, i6 %data_37_loc, i6 %data_36_loc, i6 %data_35_loc, i6 %data_34_loc, i6 %data_33_loc, i6 %data_32_loc, i6 %data_31_loc, i6 %data_30_loc, i6 %data_29_loc, i6 %data_28_loc, i6 %data_27_loc, i6 %data_26_loc, i6 %data_25_loc, i6 %data_24_loc, i6 %data_23_loc, i6 %data_22_loc, i6 %data_21_loc, i6 %data_20_loc, i6 %data_19_loc, i6 %data_18_loc, i6 %data_17_loc, i6 %data_16_loc, i6 %data_15_loc, i6 %data_14_loc, i6 %data_13_loc, i6 %data_12_loc, i6 %data_11_loc, i6 %data_10_loc, i6 %data_9_loc, i6 %data_8_loc, i6 %data_7_loc, i6 %data_6_loc, i6 %data_5_loc, i6 %data_4_loc, i6 %data_3_loc, i6 %data_2_loc, i6 %data_1_loc, i6 %data_loc"   --->   Operation 131 'call' 'call_ln0' <Predicate = true> <Delay = 0.00> <CoreType = "Generic">   --->   Generic Core

State 2 <SV = 1> <Delay = 5.08>
ST_2 : Operation 132 [1/2] (5.08ns)   --->   "%call_ln0 = call void @dense<array,array<ap_fixed<20,10,5,3,0>,1u>,config12>_Pipeline_DataPrepare, i30 %layer10_out, i6 %data_124_loc, i6 %data_123_loc, i6 %data_122_loc, i6 %data_121_loc, i6 %data_120_loc, i6 %data_119_loc, i6 %data_118_loc, i6 %data_117_loc, i6 %data_116_loc, i6 %data_115_loc, i6 %data_114_loc, i6 %data_113_loc, i6 %data_112_loc, i6 %data_111_loc, i6 %data_110_loc, i6 %data_109_loc, i6 %data_108_loc, i6 %data_107_loc, i6 %data_106_loc, i6 %data_105_loc, i6 %data_104_loc, i6 %data_103_loc, i6 %data_102_loc, i6 %data_101_loc, i6 %data_100_loc, i6 %data_99_loc, i6 %data_98_loc, i6 %data_97_loc, i6 %data_96_loc, i6 %data_95_loc, i6 %data_94_loc, i6 %data_93_loc, i6 %data_92_loc, i6 %data_91_loc, i6 %data_90_loc, i6 %data_89_loc, i6 %data_88_loc, i6 %data_87_loc, i6 %data_86_loc, i6 %data_85_loc, i6 %data_84_loc, i6 %data_83_loc, i6 %data_82_loc, i6 %data_81_loc, i6 %data_80_loc, i6 %data_79_loc, i6 %data_78_loc, i6 %data_77_loc, i6 %data_76_loc, i6 %data_75_loc, i6 %data_74_loc, i6 %data_73_loc, i6 %data_72_loc, i6 %data_71_loc, i6 %data_70_loc, i6 %data_69_loc, i6 %data_68_loc, i6 %data_67_loc, i6 %data_66_loc, i6 %data_65_loc, i6 %data_64_loc, i6 %data_63_loc, i6 %data_62_loc, i6 %data_61_loc, i6 %data_60_loc, i6 %data_59_loc, i6 %data_58_loc, i6 %data_57_loc, i6 %data_56_loc, i6 %data_55_loc, i6 %data_54_loc, i6 %data_53_loc, i6 %data_52_loc, i6 %data_51_loc, i6 %data_50_loc, i6 %data_49_loc, i6 %data_48_loc, i6 %data_47_loc, i6 %data_46_loc, i6 %data_45_loc, i6 %data_44_loc, i6 %data_43_loc, i6 %data_42_loc, i6 %data_41_loc, i6 %data_40_loc, i6 %data_39_loc, i6 %data_38_loc, i6 %data_37_loc, i6 %data_36_loc, i6 %data_35_loc, i6 %data_34_loc, i6 %data_33_loc, i6 %data_32_loc, i6 %data_31_loc, i6 %data_30_loc, i6 %data_29_loc, i6 %data_28_loc, i6 %data_27_loc, i6 %data_26_loc, i6 %data_25_loc, i6 %data_24_loc, i6 %data_23_loc, i6 %data_22_loc, i6 %data_21_loc, i6 %data_20_loc, i6 %data_19_loc, i6 %data_18_loc, i6 %data_17_loc, i6 %data_16_loc, i6 %data_15_loc, i6 %data_14_loc, i6 %data_13_loc, i6 %data_12_loc, i6 %data_11_loc, i6 %data_10_loc, i6 %data_9_loc, i6 %data_8_loc, i6 %data_7_loc, i6 %data_6_loc, i6 %data_5_loc, i6 %data_4_loc, i6 %data_3_loc, i6 %data_2_loc, i6 %data_1_loc, i6 %data_loc"   --->   Operation 132 'call' 'call_ln0' <Predicate = true> <Delay = 5.08> <CoreType = "Generic">   --->   Generic Core

State 3 <SV = 2> <Delay = 0.00>
ST_3 : Operation 133 [1/1] (0.00ns)   --->   "%fence_ln87 = fence void @_ssdm_op_Fence, i30 %layer10_out, i32 4294967295, i20 %layer12_out" [firmware/nnet_utils/nnet_dense_stream.h:87]   --->   Operation 133 'fence' 'fence_ln87' <Predicate = true> <Delay = 0.00>
ST_3 : Operation 134 [1/1] (0.00ns)   --->   "%data_124_loc_load = load i6 %data_124_loc"   --->   Operation 134 'load' 'data_124_loc_load' <Predicate = true> <Delay = 0.00>
ST_3 : Operation 135 [1/1] (0.00ns)   --->   "%data_123_loc_load = load i6 %data_123_loc"   --->   Operation 135 'load' 'data_123_loc_load' <Predicate = true> <Delay = 0.00>
ST_3 : Operation 136 [1/1] (0.00ns)   --->   "%data_122_loc_load = load i6 %data_122_loc"   --->   Operation 136 'load' 'data_122_loc_load' <Predicate = true> <Delay = 0.00>
ST_3 : Operation 137 [1/1] (0.00ns)   --->   "%data_121_loc_load = load i6 %data_121_loc"   --->   Operation 137 'load' 'data_121_loc_load' <Predicate = true> <Delay = 0.00>
ST_3 : Operation 138 [1/1] (0.00ns)   --->   "%data_120_loc_load = load i6 %data_120_loc"   --->   Operation 138 'load' 'data_120_loc_load' <Predicate = true> <Delay = 0.00>
ST_3 : Operation 139 [1/1] (0.00ns)   --->   "%data_119_loc_load = load i6 %data_119_loc"   --->   Operation 139 'load' 'data_119_loc_load' <Predicate = true> <Delay = 0.00>
ST_3 : Operation 140 [1/1] (0.00ns)   --->   "%data_118_loc_load = load i6 %data_118_loc"   --->   Operation 140 'load' 'data_118_loc_load' <Predicate = true> <Delay = 0.00>
ST_3 : Operation 141 [1/1] (0.00ns)   --->   "%data_117_loc_load = load i6 %data_117_loc"   --->   Operation 141 'load' 'data_117_loc_load' <Predicate = true> <Delay = 0.00>
ST_3 : Operation 142 [1/1] (0.00ns)   --->   "%data_116_loc_load = load i6 %data_116_loc"   --->   Operation 142 'load' 'data_116_loc_load' <Predicate = true> <Delay = 0.00>
ST_3 : Operation 143 [1/1] (0.00ns)   --->   "%data_115_loc_load = load i6 %data_115_loc"   --->   Operation 143 'load' 'data_115_loc_load' <Predicate = true> <Delay = 0.00>
ST_3 : Operation 144 [1/1] (0.00ns)   --->   "%data_114_loc_load = load i6 %data_114_loc"   --->   Operation 144 'load' 'data_114_loc_load' <Predicate = true> <Delay = 0.00>
ST_3 : Operation 145 [1/1] (0.00ns)   --->   "%data_113_loc_load = load i6 %data_113_loc"   --->   Operation 145 'load' 'data_113_loc_load' <Predicate = true> <Delay = 0.00>
ST_3 : Operation 146 [1/1] (0.00ns)   --->   "%data_112_loc_load = load i6 %data_112_loc"   --->   Operation 146 'load' 'data_112_loc_load' <Predicate = true> <Delay = 0.00>
ST_3 : Operation 147 [1/1] (0.00ns)   --->   "%data_111_loc_load = load i6 %data_111_loc"   --->   Operation 147 'load' 'data_111_loc_load' <Predicate = true> <Delay = 0.00>
ST_3 : Operation 148 [1/1] (0.00ns)   --->   "%data_110_loc_load = load i6 %data_110_loc"   --->   Operation 148 'load' 'data_110_loc_load' <Predicate = true> <Delay = 0.00>
ST_3 : Operation 149 [1/1] (0.00ns)   --->   "%data_109_loc_load = load i6 %data_109_loc"   --->   Operation 149 'load' 'data_109_loc_load' <Predicate = true> <Delay = 0.00>
ST_3 : Operation 150 [1/1] (0.00ns)   --->   "%data_108_loc_load = load i6 %data_108_loc"   --->   Operation 150 'load' 'data_108_loc_load' <Predicate = true> <Delay = 0.00>
ST_3 : Operation 151 [1/1] (0.00ns)   --->   "%data_107_loc_load = load i6 %data_107_loc"   --->   Operation 151 'load' 'data_107_loc_load' <Predicate = true> <Delay = 0.00>
ST_3 : Operation 152 [1/1] (0.00ns)   --->   "%data_106_loc_load = load i6 %data_106_loc"   --->   Operation 152 'load' 'data_106_loc_load' <Predicate = true> <Delay = 0.00>
ST_3 : Operation 153 [1/1] (0.00ns)   --->   "%data_105_loc_load = load i6 %data_105_loc"   --->   Operation 153 'load' 'data_105_loc_load' <Predicate = true> <Delay = 0.00>
ST_3 : Operation 154 [1/1] (0.00ns)   --->   "%data_104_loc_load = load i6 %data_104_loc"   --->   Operation 154 'load' 'data_104_loc_load' <Predicate = true> <Delay = 0.00>
ST_3 : Operation 155 [1/1] (0.00ns)   --->   "%data_103_loc_load = load i6 %data_103_loc"   --->   Operation 155 'load' 'data_103_loc_load' <Predicate = true> <Delay = 0.00>
ST_3 : Operation 156 [1/1] (0.00ns)   --->   "%data_102_loc_load = load i6 %data_102_loc"   --->   Operation 156 'load' 'data_102_loc_load' <Predicate = true> <Delay = 0.00>
ST_3 : Operation 157 [1/1] (0.00ns)   --->   "%data_101_loc_load = load i6 %data_101_loc"   --->   Operation 157 'load' 'data_101_loc_load' <Predicate = true> <Delay = 0.00>
ST_3 : Operation 158 [1/1] (0.00ns)   --->   "%data_100_loc_load = load i6 %data_100_loc"   --->   Operation 158 'load' 'data_100_loc_load' <Predicate = true> <Delay = 0.00>
ST_3 : Operation 159 [1/1] (0.00ns)   --->   "%data_99_loc_load = load i6 %data_99_loc"   --->   Operation 159 'load' 'data_99_loc_load' <Predicate = true> <Delay = 0.00>
ST_3 : Operation 160 [1/1] (0.00ns)   --->   "%data_98_loc_load = load i6 %data_98_loc"   --->   Operation 160 'load' 'data_98_loc_load' <Predicate = true> <Delay = 0.00>
ST_3 : Operation 161 [1/1] (0.00ns)   --->   "%data_97_loc_load = load i6 %data_97_loc"   --->   Operation 161 'load' 'data_97_loc_load' <Predicate = true> <Delay = 0.00>
ST_3 : Operation 162 [1/1] (0.00ns)   --->   "%data_96_loc_load = load i6 %data_96_loc"   --->   Operation 162 'load' 'data_96_loc_load' <Predicate = true> <Delay = 0.00>
ST_3 : Operation 163 [1/1] (0.00ns)   --->   "%data_95_loc_load = load i6 %data_95_loc"   --->   Operation 163 'load' 'data_95_loc_load' <Predicate = true> <Delay = 0.00>
ST_3 : Operation 164 [1/1] (0.00ns)   --->   "%data_94_loc_load = load i6 %data_94_loc"   --->   Operation 164 'load' 'data_94_loc_load' <Predicate = true> <Delay = 0.00>
ST_3 : Operation 165 [1/1] (0.00ns)   --->   "%data_93_loc_load = load i6 %data_93_loc"   --->   Operation 165 'load' 'data_93_loc_load' <Predicate = true> <Delay = 0.00>
ST_3 : Operation 166 [1/1] (0.00ns)   --->   "%data_92_loc_load = load i6 %data_92_loc"   --->   Operation 166 'load' 'data_92_loc_load' <Predicate = true> <Delay = 0.00>
ST_3 : Operation 167 [1/1] (0.00ns)   --->   "%data_91_loc_load = load i6 %data_91_loc"   --->   Operation 167 'load' 'data_91_loc_load' <Predicate = true> <Delay = 0.00>
ST_3 : Operation 168 [1/1] (0.00ns)   --->   "%data_90_loc_load = load i6 %data_90_loc"   --->   Operation 168 'load' 'data_90_loc_load' <Predicate = true> <Delay = 0.00>
ST_3 : Operation 169 [1/1] (0.00ns)   --->   "%data_89_loc_load = load i6 %data_89_loc"   --->   Operation 169 'load' 'data_89_loc_load' <Predicate = true> <Delay = 0.00>
ST_3 : Operation 170 [1/1] (0.00ns)   --->   "%data_88_loc_load = load i6 %data_88_loc"   --->   Operation 170 'load' 'data_88_loc_load' <Predicate = true> <Delay = 0.00>
ST_3 : Operation 171 [1/1] (0.00ns)   --->   "%data_87_loc_load = load i6 %data_87_loc"   --->   Operation 171 'load' 'data_87_loc_load' <Predicate = true> <Delay = 0.00>
ST_3 : Operation 172 [1/1] (0.00ns)   --->   "%data_86_loc_load = load i6 %data_86_loc"   --->   Operation 172 'load' 'data_86_loc_load' <Predicate = true> <Delay = 0.00>
ST_3 : Operation 173 [1/1] (0.00ns)   --->   "%data_85_loc_load = load i6 %data_85_loc"   --->   Operation 173 'load' 'data_85_loc_load' <Predicate = true> <Delay = 0.00>
ST_3 : Operation 174 [1/1] (0.00ns)   --->   "%data_84_loc_load = load i6 %data_84_loc"   --->   Operation 174 'load' 'data_84_loc_load' <Predicate = true> <Delay = 0.00>
ST_3 : Operation 175 [1/1] (0.00ns)   --->   "%data_83_loc_load = load i6 %data_83_loc"   --->   Operation 175 'load' 'data_83_loc_load' <Predicate = true> <Delay = 0.00>
ST_3 : Operation 176 [1/1] (0.00ns)   --->   "%data_82_loc_load = load i6 %data_82_loc"   --->   Operation 176 'load' 'data_82_loc_load' <Predicate = true> <Delay = 0.00>
ST_3 : Operation 177 [1/1] (0.00ns)   --->   "%data_81_loc_load = load i6 %data_81_loc"   --->   Operation 177 'load' 'data_81_loc_load' <Predicate = true> <Delay = 0.00>
ST_3 : Operation 178 [1/1] (0.00ns)   --->   "%data_80_loc_load = load i6 %data_80_loc"   --->   Operation 178 'load' 'data_80_loc_load' <Predicate = true> <Delay = 0.00>
ST_3 : Operation 179 [1/1] (0.00ns)   --->   "%data_79_loc_load = load i6 %data_79_loc"   --->   Operation 179 'load' 'data_79_loc_load' <Predicate = true> <Delay = 0.00>
ST_3 : Operation 180 [1/1] (0.00ns)   --->   "%data_78_loc_load = load i6 %data_78_loc"   --->   Operation 180 'load' 'data_78_loc_load' <Predicate = true> <Delay = 0.00>
ST_3 : Operation 181 [1/1] (0.00ns)   --->   "%data_77_loc_load = load i6 %data_77_loc"   --->   Operation 181 'load' 'data_77_loc_load' <Predicate = true> <Delay = 0.00>
ST_3 : Operation 182 [1/1] (0.00ns)   --->   "%data_76_loc_load = load i6 %data_76_loc"   --->   Operation 182 'load' 'data_76_loc_load' <Predicate = true> <Delay = 0.00>
ST_3 : Operation 183 [1/1] (0.00ns)   --->   "%data_75_loc_load = load i6 %data_75_loc"   --->   Operation 183 'load' 'data_75_loc_load' <Predicate = true> <Delay = 0.00>
ST_3 : Operation 184 [1/1] (0.00ns)   --->   "%data_74_loc_load = load i6 %data_74_loc"   --->   Operation 184 'load' 'data_74_loc_load' <Predicate = true> <Delay = 0.00>
ST_3 : Operation 185 [1/1] (0.00ns)   --->   "%data_73_loc_load = load i6 %data_73_loc"   --->   Operation 185 'load' 'data_73_loc_load' <Predicate = true> <Delay = 0.00>
ST_3 : Operation 186 [1/1] (0.00ns)   --->   "%data_72_loc_load = load i6 %data_72_loc"   --->   Operation 186 'load' 'data_72_loc_load' <Predicate = true> <Delay = 0.00>
ST_3 : Operation 187 [1/1] (0.00ns)   --->   "%data_71_loc_load = load i6 %data_71_loc"   --->   Operation 187 'load' 'data_71_loc_load' <Predicate = true> <Delay = 0.00>
ST_3 : Operation 188 [1/1] (0.00ns)   --->   "%data_70_loc_load = load i6 %data_70_loc"   --->   Operation 188 'load' 'data_70_loc_load' <Predicate = true> <Delay = 0.00>
ST_3 : Operation 189 [1/1] (0.00ns)   --->   "%data_69_loc_load = load i6 %data_69_loc"   --->   Operation 189 'load' 'data_69_loc_load' <Predicate = true> <Delay = 0.00>
ST_3 : Operation 190 [1/1] (0.00ns)   --->   "%data_68_loc_load = load i6 %data_68_loc"   --->   Operation 190 'load' 'data_68_loc_load' <Predicate = true> <Delay = 0.00>
ST_3 : Operation 191 [1/1] (0.00ns)   --->   "%data_67_loc_load = load i6 %data_67_loc"   --->   Operation 191 'load' 'data_67_loc_load' <Predicate = true> <Delay = 0.00>
ST_3 : Operation 192 [1/1] (0.00ns)   --->   "%data_66_loc_load = load i6 %data_66_loc"   --->   Operation 192 'load' 'data_66_loc_load' <Predicate = true> <Delay = 0.00>
ST_3 : Operation 193 [1/1] (0.00ns)   --->   "%data_65_loc_load = load i6 %data_65_loc"   --->   Operation 193 'load' 'data_65_loc_load' <Predicate = true> <Delay = 0.00>
ST_3 : Operation 194 [1/1] (0.00ns)   --->   "%data_64_loc_load = load i6 %data_64_loc"   --->   Operation 194 'load' 'data_64_loc_load' <Predicate = true> <Delay = 0.00>
ST_3 : Operation 195 [1/1] (0.00ns)   --->   "%data_63_loc_load = load i6 %data_63_loc"   --->   Operation 195 'load' 'data_63_loc_load' <Predicate = true> <Delay = 0.00>
ST_3 : Operation 196 [1/1] (0.00ns)   --->   "%data_62_loc_load = load i6 %data_62_loc"   --->   Operation 196 'load' 'data_62_loc_load' <Predicate = true> <Delay = 0.00>
ST_3 : Operation 197 [1/1] (0.00ns)   --->   "%data_61_loc_load = load i6 %data_61_loc"   --->   Operation 197 'load' 'data_61_loc_load' <Predicate = true> <Delay = 0.00>
ST_3 : Operation 198 [1/1] (0.00ns)   --->   "%data_60_loc_load = load i6 %data_60_loc"   --->   Operation 198 'load' 'data_60_loc_load' <Predicate = true> <Delay = 0.00>
ST_3 : Operation 199 [1/1] (0.00ns)   --->   "%data_59_loc_load = load i6 %data_59_loc"   --->   Operation 199 'load' 'data_59_loc_load' <Predicate = true> <Delay = 0.00>
ST_3 : Operation 200 [1/1] (0.00ns)   --->   "%data_58_loc_load = load i6 %data_58_loc"   --->   Operation 200 'load' 'data_58_loc_load' <Predicate = true> <Delay = 0.00>
ST_3 : Operation 201 [1/1] (0.00ns)   --->   "%data_57_loc_load = load i6 %data_57_loc"   --->   Operation 201 'load' 'data_57_loc_load' <Predicate = true> <Delay = 0.00>
ST_3 : Operation 202 [1/1] (0.00ns)   --->   "%data_56_loc_load = load i6 %data_56_loc"   --->   Operation 202 'load' 'data_56_loc_load' <Predicate = true> <Delay = 0.00>
ST_3 : Operation 203 [1/1] (0.00ns)   --->   "%data_55_loc_load = load i6 %data_55_loc"   --->   Operation 203 'load' 'data_55_loc_load' <Predicate = true> <Delay = 0.00>
ST_3 : Operation 204 [1/1] (0.00ns)   --->   "%data_54_loc_load = load i6 %data_54_loc"   --->   Operation 204 'load' 'data_54_loc_load' <Predicate = true> <Delay = 0.00>
ST_3 : Operation 205 [1/1] (0.00ns)   --->   "%data_53_loc_load = load i6 %data_53_loc"   --->   Operation 205 'load' 'data_53_loc_load' <Predicate = true> <Delay = 0.00>
ST_3 : Operation 206 [1/1] (0.00ns)   --->   "%data_52_loc_load = load i6 %data_52_loc"   --->   Operation 206 'load' 'data_52_loc_load' <Predicate = true> <Delay = 0.00>
ST_3 : Operation 207 [1/1] (0.00ns)   --->   "%data_51_loc_load = load i6 %data_51_loc"   --->   Operation 207 'load' 'data_51_loc_load' <Predicate = true> <Delay = 0.00>
ST_3 : Operation 208 [1/1] (0.00ns)   --->   "%data_50_loc_load = load i6 %data_50_loc"   --->   Operation 208 'load' 'data_50_loc_load' <Predicate = true> <Delay = 0.00>
ST_3 : Operation 209 [1/1] (0.00ns)   --->   "%data_49_loc_load = load i6 %data_49_loc"   --->   Operation 209 'load' 'data_49_loc_load' <Predicate = true> <Delay = 0.00>
ST_3 : Operation 210 [1/1] (0.00ns)   --->   "%data_48_loc_load = load i6 %data_48_loc"   --->   Operation 210 'load' 'data_48_loc_load' <Predicate = true> <Delay = 0.00>
ST_3 : Operation 211 [1/1] (0.00ns)   --->   "%data_47_loc_load = load i6 %data_47_loc"   --->   Operation 211 'load' 'data_47_loc_load' <Predicate = true> <Delay = 0.00>
ST_3 : Operation 212 [1/1] (0.00ns)   --->   "%data_46_loc_load = load i6 %data_46_loc"   --->   Operation 212 'load' 'data_46_loc_load' <Predicate = true> <Delay = 0.00>
ST_3 : Operation 213 [1/1] (0.00ns)   --->   "%data_45_loc_load = load i6 %data_45_loc"   --->   Operation 213 'load' 'data_45_loc_load' <Predicate = true> <Delay = 0.00>
ST_3 : Operation 214 [1/1] (0.00ns)   --->   "%data_44_loc_load = load i6 %data_44_loc"   --->   Operation 214 'load' 'data_44_loc_load' <Predicate = true> <Delay = 0.00>
ST_3 : Operation 215 [1/1] (0.00ns)   --->   "%data_43_loc_load = load i6 %data_43_loc"   --->   Operation 215 'load' 'data_43_loc_load' <Predicate = true> <Delay = 0.00>
ST_3 : Operation 216 [1/1] (0.00ns)   --->   "%data_42_loc_load = load i6 %data_42_loc"   --->   Operation 216 'load' 'data_42_loc_load' <Predicate = true> <Delay = 0.00>
ST_3 : Operation 217 [1/1] (0.00ns)   --->   "%data_41_loc_load = load i6 %data_41_loc"   --->   Operation 217 'load' 'data_41_loc_load' <Predicate = true> <Delay = 0.00>
ST_3 : Operation 218 [1/1] (0.00ns)   --->   "%data_40_loc_load = load i6 %data_40_loc"   --->   Operation 218 'load' 'data_40_loc_load' <Predicate = true> <Delay = 0.00>
ST_3 : Operation 219 [1/1] (0.00ns)   --->   "%data_39_loc_load = load i6 %data_39_loc"   --->   Operation 219 'load' 'data_39_loc_load' <Predicate = true> <Delay = 0.00>
ST_3 : Operation 220 [1/1] (0.00ns)   --->   "%data_38_loc_load = load i6 %data_38_loc"   --->   Operation 220 'load' 'data_38_loc_load' <Predicate = true> <Delay = 0.00>
ST_3 : Operation 221 [1/1] (0.00ns)   --->   "%data_37_loc_load = load i6 %data_37_loc"   --->   Operation 221 'load' 'data_37_loc_load' <Predicate = true> <Delay = 0.00>
ST_3 : Operation 222 [1/1] (0.00ns)   --->   "%data_36_loc_load = load i6 %data_36_loc"   --->   Operation 222 'load' 'data_36_loc_load' <Predicate = true> <Delay = 0.00>
ST_3 : Operation 223 [1/1] (0.00ns)   --->   "%data_35_loc_load = load i6 %data_35_loc"   --->   Operation 223 'load' 'data_35_loc_load' <Predicate = true> <Delay = 0.00>
ST_3 : Operation 224 [1/1] (0.00ns)   --->   "%data_34_loc_load = load i6 %data_34_loc"   --->   Operation 224 'load' 'data_34_loc_load' <Predicate = true> <Delay = 0.00>
ST_3 : Operation 225 [1/1] (0.00ns)   --->   "%data_33_loc_load = load i6 %data_33_loc"   --->   Operation 225 'load' 'data_33_loc_load' <Predicate = true> <Delay = 0.00>
ST_3 : Operation 226 [1/1] (0.00ns)   --->   "%data_32_loc_load = load i6 %data_32_loc"   --->   Operation 226 'load' 'data_32_loc_load' <Predicate = true> <Delay = 0.00>
ST_3 : Operation 227 [1/1] (0.00ns)   --->   "%data_31_loc_load = load i6 %data_31_loc"   --->   Operation 227 'load' 'data_31_loc_load' <Predicate = true> <Delay = 0.00>
ST_3 : Operation 228 [1/1] (0.00ns)   --->   "%data_30_loc_load = load i6 %data_30_loc"   --->   Operation 228 'load' 'data_30_loc_load' <Predicate = true> <Delay = 0.00>
ST_3 : Operation 229 [1/1] (0.00ns)   --->   "%data_29_loc_load = load i6 %data_29_loc"   --->   Operation 229 'load' 'data_29_loc_load' <Predicate = true> <Delay = 0.00>
ST_3 : Operation 230 [1/1] (0.00ns)   --->   "%data_28_loc_load = load i6 %data_28_loc"   --->   Operation 230 'load' 'data_28_loc_load' <Predicate = true> <Delay = 0.00>
ST_3 : Operation 231 [1/1] (0.00ns)   --->   "%data_27_loc_load = load i6 %data_27_loc"   --->   Operation 231 'load' 'data_27_loc_load' <Predicate = true> <Delay = 0.00>
ST_3 : Operation 232 [1/1] (0.00ns)   --->   "%data_26_loc_load = load i6 %data_26_loc"   --->   Operation 232 'load' 'data_26_loc_load' <Predicate = true> <Delay = 0.00>
ST_3 : Operation 233 [1/1] (0.00ns)   --->   "%data_25_loc_load = load i6 %data_25_loc"   --->   Operation 233 'load' 'data_25_loc_load' <Predicate = true> <Delay = 0.00>
ST_3 : Operation 234 [1/1] (0.00ns)   --->   "%data_24_loc_load = load i6 %data_24_loc"   --->   Operation 234 'load' 'data_24_loc_load' <Predicate = true> <Delay = 0.00>
ST_3 : Operation 235 [1/1] (0.00ns)   --->   "%data_23_loc_load = load i6 %data_23_loc"   --->   Operation 235 'load' 'data_23_loc_load' <Predicate = true> <Delay = 0.00>
ST_3 : Operation 236 [1/1] (0.00ns)   --->   "%data_22_loc_load = load i6 %data_22_loc"   --->   Operation 236 'load' 'data_22_loc_load' <Predicate = true> <Delay = 0.00>
ST_3 : Operation 237 [1/1] (0.00ns)   --->   "%data_21_loc_load = load i6 %data_21_loc"   --->   Operation 237 'load' 'data_21_loc_load' <Predicate = true> <Delay = 0.00>
ST_3 : Operation 238 [1/1] (0.00ns)   --->   "%data_20_loc_load = load i6 %data_20_loc"   --->   Operation 238 'load' 'data_20_loc_load' <Predicate = true> <Delay = 0.00>
ST_3 : Operation 239 [1/1] (0.00ns)   --->   "%data_19_loc_load = load i6 %data_19_loc"   --->   Operation 239 'load' 'data_19_loc_load' <Predicate = true> <Delay = 0.00>
ST_3 : Operation 240 [1/1] (0.00ns)   --->   "%data_18_loc_load = load i6 %data_18_loc"   --->   Operation 240 'load' 'data_18_loc_load' <Predicate = true> <Delay = 0.00>
ST_3 : Operation 241 [1/1] (0.00ns)   --->   "%data_17_loc_load = load i6 %data_17_loc"   --->   Operation 241 'load' 'data_17_loc_load' <Predicate = true> <Delay = 0.00>
ST_3 : Operation 242 [1/1] (0.00ns)   --->   "%data_16_loc_load = load i6 %data_16_loc"   --->   Operation 242 'load' 'data_16_loc_load' <Predicate = true> <Delay = 0.00>
ST_3 : Operation 243 [1/1] (0.00ns)   --->   "%data_15_loc_load = load i6 %data_15_loc"   --->   Operation 243 'load' 'data_15_loc_load' <Predicate = true> <Delay = 0.00>
ST_3 : Operation 244 [1/1] (0.00ns)   --->   "%data_14_loc_load = load i6 %data_14_loc"   --->   Operation 244 'load' 'data_14_loc_load' <Predicate = true> <Delay = 0.00>
ST_3 : Operation 245 [1/1] (0.00ns)   --->   "%data_13_loc_load = load i6 %data_13_loc"   --->   Operation 245 'load' 'data_13_loc_load' <Predicate = true> <Delay = 0.00>
ST_3 : Operation 246 [1/1] (0.00ns)   --->   "%data_12_loc_load = load i6 %data_12_loc"   --->   Operation 246 'load' 'data_12_loc_load' <Predicate = true> <Delay = 0.00>
ST_3 : Operation 247 [1/1] (0.00ns)   --->   "%data_11_loc_load = load i6 %data_11_loc"   --->   Operation 247 'load' 'data_11_loc_load' <Predicate = true> <Delay = 0.00>
ST_3 : Operation 248 [1/1] (0.00ns)   --->   "%data_10_loc_load = load i6 %data_10_loc"   --->   Operation 248 'load' 'data_10_loc_load' <Predicate = true> <Delay = 0.00>
ST_3 : Operation 249 [1/1] (0.00ns)   --->   "%data_9_loc_load = load i6 %data_9_loc"   --->   Operation 249 'load' 'data_9_loc_load' <Predicate = true> <Delay = 0.00>
ST_3 : Operation 250 [1/1] (0.00ns)   --->   "%data_8_loc_load = load i6 %data_8_loc"   --->   Operation 250 'load' 'data_8_loc_load' <Predicate = true> <Delay = 0.00>
ST_3 : Operation 251 [1/1] (0.00ns)   --->   "%data_7_loc_load = load i6 %data_7_loc"   --->   Operation 251 'load' 'data_7_loc_load' <Predicate = true> <Delay = 0.00>
ST_3 : Operation 252 [1/1] (0.00ns)   --->   "%data_6_loc_load = load i6 %data_6_loc"   --->   Operation 252 'load' 'data_6_loc_load' <Predicate = true> <Delay = 0.00>
ST_3 : Operation 253 [1/1] (0.00ns)   --->   "%data_5_loc_load = load i6 %data_5_loc"   --->   Operation 253 'load' 'data_5_loc_load' <Predicate = true> <Delay = 0.00>
ST_3 : Operation 254 [1/1] (0.00ns)   --->   "%data_4_loc_load = load i6 %data_4_loc"   --->   Operation 254 'load' 'data_4_loc_load' <Predicate = true> <Delay = 0.00>
ST_3 : Operation 255 [1/1] (0.00ns)   --->   "%data_3_loc_load = load i6 %data_3_loc"   --->   Operation 255 'load' 'data_3_loc_load' <Predicate = true> <Delay = 0.00>
ST_3 : Operation 256 [1/1] (0.00ns)   --->   "%data_2_loc_load = load i6 %data_2_loc"   --->   Operation 256 'load' 'data_2_loc_load' <Predicate = true> <Delay = 0.00>
ST_3 : Operation 257 [1/1] (0.00ns)   --->   "%data_1_loc_load = load i6 %data_1_loc"   --->   Operation 257 'load' 'data_1_loc_load' <Predicate = true> <Delay = 0.00>
ST_3 : Operation 258 [1/1] (0.00ns)   --->   "%data_loc_load = load i6 %data_loc"   --->   Operation 258 'load' 'data_loc_load' <Predicate = true> <Delay = 0.00>
ST_3 : Operation 259 [2/2] (0.00ns)   --->   "%res = call i19 @dense_resource_rf_leq_nin<ap_ufixed,ap_fixed<20,10,5,3,0>,config12>, i6 %data_115_loc_load, i6 %data_116_loc_load, i6 %data_117_loc_load, i6 %data_118_loc_load, i6 %data_119_loc_load, i6 %data_110_loc_load, i6 %data_111_loc_load, i6 %data_112_loc_load, i6 %data_113_loc_load, i6 %data_114_loc_load, i6 %data_105_loc_load, i6 %data_106_loc_load, i6 %data_107_loc_load, i6 %data_108_loc_load, i6 %data_109_loc_load, i6 %data_100_loc_load, i6 %data_101_loc_load, i6 %data_102_loc_load, i6 %data_103_loc_load, i6 %data_104_loc_load, i6 %data_95_loc_load, i6 %data_96_loc_load, i6 %data_97_loc_load, i6 %data_98_loc_load, i6 %data_99_loc_load, i6 %data_90_loc_load, i6 %data_91_loc_load, i6 %data_92_loc_load, i6 %data_93_loc_load, i6 %data_94_loc_load, i6 %data_85_loc_load, i6 %data_86_loc_load, i6 %data_87_loc_load, i6 %data_88_loc_load, i6 %data_89_loc_load, i6 %data_80_loc_load, i6 %data_81_loc_load, i6 %data_82_loc_load, i6 %data_83_loc_load, i6 %data_84_loc_load, i6 %data_75_loc_load, i6 %data_76_loc_load, i6 %data_77_loc_load, i6 %data_78_loc_load, i6 %data_79_loc_load, i6 %data_70_loc_load, i6 %data_71_loc_load, i6 %data_72_loc_load, i6 %data_73_loc_load, i6 %data_74_loc_load, i6 %data_65_loc_load, i6 %data_66_loc_load, i6 %data_67_loc_load, i6 %data_68_loc_load, i6 %data_69_loc_load, i6 %data_60_loc_load, i6 %data_61_loc_load, i6 %data_62_loc_load, i6 %data_63_loc_load, i6 %data_64_loc_load, i6 %data_55_loc_load, i6 %data_56_loc_load, i6 %data_57_loc_load, i6 %data_58_loc_load, i6 %data_59_loc_load, i6 %data_50_loc_load, i6 %data_51_loc_load, i6 %data_52_loc_load, i6 %data_53_loc_load, i6 %data_54_loc_load, i6 %data_45_loc_load, i6 %data_46_loc_load, i6 %data_47_loc_load, i6 %data_48_loc_load, i6 %data_49_loc_load, i6 %data_40_loc_load, i6 %data_41_loc_load, i6 %data_42_loc_load, i6 %data_43_loc_load, i6 %data_44_loc_load, i6 %data_35_loc_load, i6 %data_36_loc_load, i6 %data_37_loc_load, i6 %data_38_loc_load, i6 %data_39_loc_load, i6 %data_30_loc_load, i6 %data_31_loc_load, i6 %data_32_loc_load, i6 %data_33_loc_load, i6 %data_34_loc_load, i6 %data_25_loc_load, i6 %data_26_loc_load, i6 %data_27_loc_load, i6 %data_28_loc_load, i6 %data_29_loc_load, i6 %data_20_loc_load, i6 %data_21_loc_load, i6 %data_22_loc_load, i6 %data_23_loc_load, i6 %data_24_loc_load, i6 %data_15_loc_load, i6 %data_16_loc_load, i6 %data_17_loc_load, i6 %data_18_loc_load, i6 %data_19_loc_load, i6 %data_10_loc_load, i6 %data_11_loc_load, i6 %data_12_loc_load, i6 %data_13_loc_load, i6 %data_14_loc_load, i6 %data_5_loc_load, i6 %data_6_loc_load, i6 %data_7_loc_load, i6 %data_8_loc_load, i6 %data_9_loc_load, i6 %data_loc_load, i6 %data_1_loc_load, i6 %data_2_loc_load, i6 %data_3_loc_load, i6 %data_4_loc_load, i6 %data_120_loc_load, i6 %data_121_loc_load, i6 %data_122_loc_load, i6 %data_123_loc_load, i6 %data_124_loc_load, i28 %w12" [firmware/nnet_utils/nnet_dense_resource.h:262->firmware/nnet_utils/nnet_dense_stream.h:24->firmware/nnet_utils/nnet_dense_stream.h:97]   --->   Operation 259 'call' 'res' <Predicate = true> <Delay = 0.00> <CoreType = "Generic">   --->   Generic Core

State 4 <SV = 3> <Delay = 20.4>
ST_4 : Operation 260 [1/2] (20.4ns)   --->   "%res = call i19 @dense_resource_rf_leq_nin<ap_ufixed,ap_fixed<20,10,5,3,0>,config12>, i6 %data_115_loc_load, i6 %data_116_loc_load, i6 %data_117_loc_load, i6 %data_118_loc_load, i6 %data_119_loc_load, i6 %data_110_loc_load, i6 %data_111_loc_load, i6 %data_112_loc_load, i6 %data_113_loc_load, i6 %data_114_loc_load, i6 %data_105_loc_load, i6 %data_106_loc_load, i6 %data_107_loc_load, i6 %data_108_loc_load, i6 %data_109_loc_load, i6 %data_100_loc_load, i6 %data_101_loc_load, i6 %data_102_loc_load, i6 %data_103_loc_load, i6 %data_104_loc_load, i6 %data_95_loc_load, i6 %data_96_loc_load, i6 %data_97_loc_load, i6 %data_98_loc_load, i6 %data_99_loc_load, i6 %data_90_loc_load, i6 %data_91_loc_load, i6 %data_92_loc_load, i6 %data_93_loc_load, i6 %data_94_loc_load, i6 %data_85_loc_load, i6 %data_86_loc_load, i6 %data_87_loc_load, i6 %data_88_loc_load, i6 %data_89_loc_load, i6 %data_80_loc_load, i6 %data_81_loc_load, i6 %data_82_loc_load, i6 %data_83_loc_load, i6 %data_84_loc_load, i6 %data_75_loc_load, i6 %data_76_loc_load, i6 %data_77_loc_load, i6 %data_78_loc_load, i6 %data_79_loc_load, i6 %data_70_loc_load, i6 %data_71_loc_load, i6 %data_72_loc_load, i6 %data_73_loc_load, i6 %data_74_loc_load, i6 %data_65_loc_load, i6 %data_66_loc_load, i6 %data_67_loc_load, i6 %data_68_loc_load, i6 %data_69_loc_load, i6 %data_60_loc_load, i6 %data_61_loc_load, i6 %data_62_loc_load, i6 %data_63_loc_load, i6 %data_64_loc_load, i6 %data_55_loc_load, i6 %data_56_loc_load, i6 %data_57_loc_load, i6 %data_58_loc_load, i6 %data_59_loc_load, i6 %data_50_loc_load, i6 %data_51_loc_load, i6 %data_52_loc_load, i6 %data_53_loc_load, i6 %data_54_loc_load, i6 %data_45_loc_load, i6 %data_46_loc_load, i6 %data_47_loc_load, i6 %data_48_loc_load, i6 %data_49_loc_load, i6 %data_40_loc_load, i6 %data_41_loc_load, i6 %data_42_loc_load, i6 %data_43_loc_load, i6 %data_44_loc_load, i6 %data_35_loc_load, i6 %data_36_loc_load, i6 %data_37_loc_load, i6 %data_38_loc_load, i6 %data_39_loc_load, i6 %data_30_loc_load, i6 %data_31_loc_load, i6 %data_32_loc_load, i6 %data_33_loc_load, i6 %data_34_loc_load, i6 %data_25_loc_load, i6 %data_26_loc_load, i6 %data_27_loc_load, i6 %data_28_loc_load, i6 %data_29_loc_load, i6 %data_20_loc_load, i6 %data_21_loc_load, i6 %data_22_loc_load, i6 %data_23_loc_load, i6 %data_24_loc_load, i6 %data_15_loc_load, i6 %data_16_loc_load, i6 %data_17_loc_load, i6 %data_18_loc_load, i6 %data_19_loc_load, i6 %data_10_loc_load, i6 %data_11_loc_load, i6 %data_12_loc_load, i6 %data_13_loc_load, i6 %data_14_loc_load, i6 %data_5_loc_load, i6 %data_6_loc_load, i6 %data_7_loc_load, i6 %data_8_loc_load, i6 %data_9_loc_load, i6 %data_loc_load, i6 %data_1_loc_load, i6 %data_2_loc_load, i6 %data_3_loc_load, i6 %data_4_loc_load, i6 %data_120_loc_load, i6 %data_121_loc_load, i6 %data_122_loc_load, i6 %data_123_loc_load, i6 %data_124_loc_load, i28 %w12" [firmware/nnet_utils/nnet_dense_resource.h:262->firmware/nnet_utils/nnet_dense_stream.h:24->firmware/nnet_utils/nnet_dense_stream.h:97]   --->   Operation 260 'call' 'res' <Predicate = true> <Delay = 20.4> <CoreType = "Generic">   --->   Generic Core

State 5 <SV = 4> <Delay = 3.90>
ST_5 : Operation 261 [1/1] (0.00ns)   --->   "%specinterface_ln0 = specinterface void @_ssdm_op_SpecInterface, i20 %layer12_out, void @empty_1, i32 0, i32 0, void @empty_2, i32 0, i32 0, void @empty_2, void @empty_2, void @empty_2, i32 0, i32 0, i32 0, i32 0, void @empty_2, void @empty_2, i32 4294967295, i32 0, i32 0"   --->   Operation 261 'specinterface' 'specinterface_ln0' <Predicate = true> <Delay = 0.00>
ST_5 : Operation 262 [1/1] (0.00ns)   --->   "%specinterface_ln0 = specinterface void @_ssdm_op_SpecInterface, i30 %layer10_out, void @empty_1, i32 0, i32 0, void @empty_2, i32 0, i32 0, void @empty_2, void @empty_2, void @empty_2, i32 0, i32 0, i32 0, i32 0, void @empty_2, void @empty_2, i32 4294967295, i32 0, i32 0"   --->   Operation 262 'specinterface' 'specinterface_ln0' <Predicate = true> <Delay = 0.00>
ST_5 : Operation 263 [1/1] (0.00ns)   --->   "%sext_ln262 = sext i19 %res" [firmware/nnet_utils/nnet_dense_resource.h:262->firmware/nnet_utils/nnet_dense_stream.h:24->firmware/nnet_utils/nnet_dense_stream.h:97]   --->   Operation 263 'sext' 'sext_ln262' <Predicate = true> <Delay = 0.00>
ST_5 : Operation 264 [1/1] ( I:3.90ns O:3.90ns )   --->   "%write_ln77 = write void @_ssdm_op_Write.ap_fifo.volatile.i20P0A, i20 %layer12_out, i20 %sext_ln262" [firmware/nnet_utils/nnet_dense_stream.h:77->firmware/nnet_utils/nnet_dense_stream.h:100]   --->   Operation 264 'write' 'write_ln77' <Predicate = true> <Delay = 3.90> <CoreInst = "FIFO_SRL">   --->   Core 80 'FIFO_SRL' <Latency = 0> <II = 1> <Delay = 3.90> <Storage> <Opcode : 'read' 'write' 'nbread' 'nbwrite'> <Ports = 0> <Width = 20> <Depth = 1> <FIFO>
ST_5 : Operation 265 [1/1] (0.00ns)   --->   "%ret_ln101 = ret" [firmware/nnet_utils/nnet_dense_stream.h:101]   --->   Operation 265 'ret' 'ret_ln101' <Predicate = true> <Delay = 0.00>


============================================================
+ Verbose Summary: Timing violations
============================================================
Target clock period: 30.000ns, clock uncertainty: 8.100ns.

 <State 1>: 0.000ns
The critical path consists of the following:

 <State 2>: 5.082ns
The critical path consists of the following:
	'call' operation 0 bit ('call_ln0') to 'dense<array,array<ap_fixed<20,10,5,3,0>,1u>,config12>_Pipeline_DataPrepare' [131]  (5.082 ns)

 <State 3>: 0.000ns
The critical path consists of the following:

 <State 4>: 20.500ns
The critical path consists of the following:
	'call' operation 19 bit ('res', firmware/nnet_utils/nnet_dense_resource.h:262->firmware/nnet_utils/nnet_dense_stream.h:24->firmware/nnet_utils/nnet_dense_stream.h:97) to 'dense_resource_rf_leq_nin<ap_ufixed,ap_fixed<20,10,5,3,0>,config12>' [258]  (20.500 ns)

 <State 5>: 3.908ns
The critical path consists of the following:
	fifo write operation ('write_ln77', firmware/nnet_utils/nnet_dense_stream.h:77->firmware/nnet_utils/nnet_dense_stream.h:100) on port 'layer12_out' (firmware/nnet_utils/nnet_dense_stream.h:77->firmware/nnet_utils/nnet_dense_stream.h:100) [260]  (3.908 ns)


============================================================
+ Verbose Summary: Binding
============================================================
N/A
* FSMD analyzer results:
  - Output states:
 - Input state : 
  - Chain level:
	State 1
	State 2
	State 3
	State 4
	State 5


============================================================
+ Verbose Summary: Datapath Resource usage 
============================================================
N/A
