

================================================================
== Vitis HLS Report for 'dense_resource_rf_leq_nin_ap_fixed_ap_fixed_37_19_5_3_0_config22_s'
================================================================
* Date:           Mon Apr 28 17:45:51 2025

* Version:        2024.2 (Build 5238294 on Nov  8 2024)
* Project:        myproject_prj
* Solution:       solution1 (Vivado IP Flow Target)
* Product family: artix7
* Target device:  xc7a35t-cpg236-1


================================================================
== Performance Estimates
================================================================
+ Timing: 
    * Summary: 
    +--------+----------+-----------+------------+
    |  Clock |  Target  | Estimated | Uncertainty|
    +--------+----------+-----------+------------+
    |ap_clk  |  30.00 ns|  13.297 ns|     8.10 ns|
    +--------+----------+-----------+------------+

+ Latency: 
    * Summary: 
    +---------+---------+----------+----------+-----+-----+-------------------------------------------+
    |  Latency (cycles) |  Latency (absolute) |  Interval |                  Pipeline                 |
    |   min   |   max   |    min   |    max   | min | max |                    Type                   |
    +---------+---------+----------+----------+-----+-----+-------------------------------------------+
    |        5|        6|  0.150 us|  0.180 us|    5|    5|  loop rewind stp (delay=0 clock cycles(s))|
    +---------+---------+----------+----------+-----+-----+-------------------------------------------+

    + Detail: 
        * Instance: 
        N/A

        * Loop: 
        +-------------+---------+---------+----------+-----------+-----------+------+----------+
        |             |  Latency (cycles) | Iteration|  Initiation Interval  | Trip |          |
        |  Loop Name  |   min   |   max   |  Latency |  achieved |   target  | Count| Pipelined|
        +-------------+---------+---------+----------+-----------+-----------+------+----------+
        |- ReuseLoop  |        5|        5|         2|          1|          1|     5|       yes|
        +-------------+---------+---------+----------+-----------+-----------+------+----------+

============================================================
+ Verbose Summary: Synthesis Manager
============================================================
InlineROM: 1
ExposeGlobal: 0
============================================================
+ Verbose Summary: CDFG Model
============================================================
IsTopModel: 0
ResetActiveHigh: 1
IsCombinational: 0
IsDatapathOnly: 0
HasWiredReturn: 1
HasMFsm: 2
HasVarLatency: 1
IsPipeline: 0
IsRtlPipelined: 0
IsInstanceOverlapped: 0
IsDontTouch: 0
HasImplIP: 0
IsGatedGlobalClock: 0

+ Individual pipeline summary: 
  * Pipeline-0: initiation interval (II) = 1, depth = 2


============================================================
+ Verbose Summary: Schedule
============================================================
* Number of FSM states : 3
* Pipeline : 1
  Pipeline-0 : II = 1, D = 2, States = { 2 3 }
* Dataflow Pipeline: 0

* FSM state transitions: 
1 --> 2 
2 --> 3 
3 --> 2 

* FSM state operations: 

State 1 <SV = 0> <Delay = 1.61>
ST_1 : Operation 4 [1/1] (1.61ns)   --->   "%br_ln46 = br void %rewind_header" [firmware/nnet_utils/nnet_dense_resource.h:46]   --->   Operation 4 'br' 'br_ln46' <Predicate = true> <Delay = 1.61>

State 2 <SV = 1> <Delay = 3.25>
ST_2 : Operation 5 [1/1] (0.00ns)   --->   "%do_init = phi i1 1, void %entry, i1 0, void %MultLoop.split, i1 1, void %Result"   --->   Operation 5 'phi' 'do_init' <Predicate = true> <Delay = 0.00>
ST_2 : Operation 6 [1/1] (0.00ns)   --->   "%w_index3 = phi i3 0, void %entry, i3 %w_index, void %MultLoop.split, i3 0, void %Result"   --->   Operation 6 'phi' 'w_index3' <Predicate = true> <Delay = 0.00>
ST_2 : Operation 7 [1/1] (0.00ns)   --->   "%specmemcore_ln0 = specmemcore void @_ssdm_op_SpecMemCore, i5 %w22, i64 666, i64 38, i64 18446744073709551615"   --->   Operation 7 'specmemcore' 'specmemcore_ln0' <Predicate = (do_init)> <Delay = 0.00>
ST_2 : Operation 8 [1/1] (0.00ns)   --->   "%data_4_val_read = read i27 @_ssdm_op_Read.ap_auto.i27, i27 %data_4_val" [firmware/nnet_utils/nnet_dense_resource.h:46]   --->   Operation 8 'read' 'data_4_val_read' <Predicate = (do_init)> <Delay = 0.00>
ST_2 : Operation 9 [1/1] (0.00ns)   --->   "%data_3_val_read = read i27 @_ssdm_op_Read.ap_auto.i27, i27 %data_3_val" [firmware/nnet_utils/nnet_dense_resource.h:46]   --->   Operation 9 'read' 'data_3_val_read' <Predicate = (do_init)> <Delay = 0.00>
ST_2 : Operation 10 [1/1] (0.00ns)   --->   "%data_2_val_read = read i27 @_ssdm_op_Read.ap_auto.i27, i27 %data_2_val" [firmware/nnet_utils/nnet_dense_resource.h:46]   --->   Operation 10 'read' 'data_2_val_read' <Predicate = (do_init)> <Delay = 0.00>
ST_2 : Operation 11 [1/1] (0.00ns)   --->   "%data_1_val_read = read i27 @_ssdm_op_Read.ap_auto.i27, i27 %data_1_val" [firmware/nnet_utils/nnet_dense_resource.h:46]   --->   Operation 11 'read' 'data_1_val_read' <Predicate = (do_init)> <Delay = 0.00>
ST_2 : Operation 12 [1/1] (0.00ns)   --->   "%data_0_val_read = read i27 @_ssdm_op_Read.ap_auto.i27, i27 %data_0_val" [firmware/nnet_utils/nnet_dense_resource.h:46]   --->   Operation 12 'read' 'data_0_val_read' <Predicate = (do_init)> <Delay = 0.00>
ST_2 : Operation 13 [1/1] (1.61ns)   --->   "%br_ln46 = br void %MultLoop.split" [firmware/nnet_utils/nnet_dense_resource.h:46]   --->   Operation 13 'br' 'br_ln46' <Predicate = (do_init)> <Delay = 1.61>
ST_2 : Operation 14 [1/1] (0.00ns)   --->   "%zext_ln46 = zext i3 %w_index3" [firmware/nnet_utils/nnet_dense_resource.h:46]   --->   Operation 14 'zext' 'zext_ln46' <Predicate = true> <Delay = 0.00>
ST_2 : Operation 15 [1/1] (0.00ns)   --->   "%w22_addr = getelementptr i5 %w22, i64 0, i64 %zext_ln46" [firmware/nnet_utils/nnet_dense_resource.h:59]   --->   Operation 15 'getelementptr' 'w22_addr' <Predicate = true> <Delay = 0.00>
ST_2 : Operation 16 [2/2] (3.25ns)   --->   "%w = load i3 %w22_addr" [firmware/nnet_utils/nnet_dense_resource.h:59]   --->   Operation 16 'load' 'w' <Predicate = true> <Delay = 3.25> <CoreInst = "ROM_nP_BRAM">   --->   Core 102 'ROM_nP_BRAM' <Latency = 1> <II = 1> <Delay = 3.25> <Storage> <Opcode : 'load'> <Ports = 0> <Width = 5> <Depth = 5> <ROM>
ST_2 : Operation 17 [1/1] (1.68ns)   --->   "%w_index = add i3 %w_index3, i3 1" [firmware/nnet_utils/nnet_dense_resource.h:46]   --->   Operation 17 'add' 'w_index' <Predicate = true> <Delay = 1.68> <CoreInst = "Adder">   --->   Core 1 'Adder' <Latency = 0> <II = 1> <Delay = 1.68> <FuncUnit> <Opcode : 'add' 'sub'> <InPorts = 2> <OutPorts = 1>
ST_2 : Operation 18 [1/1] (1.68ns)   --->   "%icmp_ln46 = icmp_eq  i3 %w_index3, i3 4" [firmware/nnet_utils/nnet_dense_resource.h:46]   --->   Operation 18 'icmp' 'icmp_ln46' <Predicate = true> <Delay = 1.68> <CoreInst = "Cmp">   --->   Core 9 'Cmp' <Latency = 0> <II = 1> <Delay = 1.68> <FuncUnit> <Opcode : 'seteq' 'setne' 'setle' 'setge' 'setlt' 'setgt'> <InPorts = 2> <OutPorts = 1>
ST_2 : Operation 19 [1/1] (0.00ns)   --->   "%br_ln46 = br i1 %icmp_ln46, void %rewind_header, void %Result" [firmware/nnet_utils/nnet_dense_resource.h:46]   --->   Operation 19 'br' 'br_ln46' <Predicate = true> <Delay = 0.00>
ST_2 : Operation 20 [1/1] (0.00ns)   --->   "%br_ln84 = br void %rewind_header" [firmware/nnet_utils/nnet_dense_resource.h:84]   --->   Operation 20 'br' 'br_ln84' <Predicate = (icmp_ln46)> <Delay = 0.00>

State 3 <SV = 2> <Delay = 13.2>
ST_3 : Operation 21 [1/1] (0.00ns)   --->   "%data_0_val8_rewind = phi i27 0, void %entry, i27 %data_0_val8_phi, void %MultLoop.split, i27 0, void %Result" [firmware/nnet_utils/nnet_dense_resource.h:46]   --->   Operation 21 'phi' 'data_0_val8_rewind' <Predicate = true> <Delay = 0.00>
ST_3 : Operation 22 [1/1] (0.00ns)   --->   "%data_1_val9_rewind = phi i27 0, void %entry, i27 %data_1_val9_phi, void %MultLoop.split, i27 0, void %Result" [firmware/nnet_utils/nnet_dense_resource.h:46]   --->   Operation 22 'phi' 'data_1_val9_rewind' <Predicate = true> <Delay = 0.00>
ST_3 : Operation 23 [1/1] (0.00ns)   --->   "%data_2_val10_rewind = phi i27 0, void %entry, i27 %data_2_val10_phi, void %MultLoop.split, i27 0, void %Result" [firmware/nnet_utils/nnet_dense_resource.h:46]   --->   Operation 23 'phi' 'data_2_val10_rewind' <Predicate = true> <Delay = 0.00>
ST_3 : Operation 24 [1/1] (0.00ns)   --->   "%data_3_val11_rewind = phi i27 0, void %entry, i27 %data_3_val11_phi, void %MultLoop.split, i27 0, void %Result" [firmware/nnet_utils/nnet_dense_resource.h:46]   --->   Operation 24 'phi' 'data_3_val11_rewind' <Predicate = true> <Delay = 0.00>
ST_3 : Operation 25 [1/1] (0.00ns)   --->   "%data_4_val12_rewind = phi i27 0, void %entry, i27 %data_4_val12_phi, void %MultLoop.split, i27 0, void %Result" [firmware/nnet_utils/nnet_dense_resource.h:46]   --->   Operation 25 'phi' 'data_4_val12_rewind' <Predicate = true> <Delay = 0.00>
ST_3 : Operation 26 [1/1] (0.00ns)   --->   "%res_04 = phi i33 0, void %entry, i33 %trunc_ln46, void %MultLoop.split, i33 0, void %Result" [firmware/nnet_utils/nnet_dense_resource.h:46]   --->   Operation 26 'phi' 'res_04' <Predicate = true> <Delay = 0.00>
ST_3 : Operation 27 [1/1] (1.61ns)   --->   "%br_ln0 = br i1 %do_init, void %MultLoop.split, void %rewind_init"   --->   Operation 27 'br' 'br_ln0' <Predicate = true> <Delay = 1.61>
ST_3 : Operation 28 [1/1] (0.00ns)   --->   "%data_0_val8_phi = phi i27 %data_0_val_read, void %rewind_init, i27 %data_0_val8_rewind, void %rewind_header" [firmware/nnet_utils/nnet_dense_resource.h:46]   --->   Operation 28 'phi' 'data_0_val8_phi' <Predicate = true> <Delay = 0.00>
ST_3 : Operation 29 [1/1] (0.00ns)   --->   "%data_1_val9_phi = phi i27 %data_1_val_read, void %rewind_init, i27 %data_1_val9_rewind, void %rewind_header" [firmware/nnet_utils/nnet_dense_resource.h:46]   --->   Operation 29 'phi' 'data_1_val9_phi' <Predicate = true> <Delay = 0.00>
ST_3 : Operation 30 [1/1] (0.00ns)   --->   "%data_2_val10_phi = phi i27 %data_2_val_read, void %rewind_init, i27 %data_2_val10_rewind, void %rewind_header" [firmware/nnet_utils/nnet_dense_resource.h:46]   --->   Operation 30 'phi' 'data_2_val10_phi' <Predicate = true> <Delay = 0.00>
ST_3 : Operation 31 [1/1] (0.00ns)   --->   "%data_3_val11_phi = phi i27 %data_3_val_read, void %rewind_init, i27 %data_3_val11_rewind, void %rewind_header" [firmware/nnet_utils/nnet_dense_resource.h:46]   --->   Operation 31 'phi' 'data_3_val11_phi' <Predicate = true> <Delay = 0.00>
ST_3 : Operation 32 [1/1] (0.00ns)   --->   "%data_4_val12_phi = phi i27 %data_4_val_read, void %rewind_init, i27 %data_4_val12_rewind, void %rewind_header" [firmware/nnet_utils/nnet_dense_resource.h:46]   --->   Operation 32 'phi' 'data_4_val12_phi' <Predicate = true> <Delay = 0.00>
ST_3 : Operation 33 [1/1] (0.00ns)   --->   "%sext_ln46 = sext i33 %res_04" [firmware/nnet_utils/nnet_dense_resource.h:46]   --->   Operation 33 'sext' 'sext_ln46' <Predicate = true> <Delay = 0.00>
ST_3 : Operation 34 [1/1] (0.00ns)   --->   "%specpipeline_ln47 = specpipeline void @_ssdm_op_SpecPipeline, i32 1, i32 0, i32 0, i32 1, void @empty_0" [firmware/nnet_utils/nnet_dense_resource.h:47]   --->   Operation 34 'specpipeline' 'specpipeline_ln47' <Predicate = true> <Delay = 0.00>
ST_3 : Operation 35 [1/1] (0.00ns)   --->   "%speclooptripcount_ln49 = speclooptripcount void @_ssdm_op_SpecLoopTripCount, i64 5, i64 5, i64 5" [firmware/nnet_utils/nnet_dense_resource.h:49]   --->   Operation 35 'speclooptripcount' 'speclooptripcount_ln49' <Predicate = true> <Delay = 0.00>
ST_3 : Operation 36 [1/1] (0.00ns)   --->   "%specloopname_ln46 = specloopname void @_ssdm_op_SpecLoopName, void @empty_4" [firmware/nnet_utils/nnet_dense_resource.h:46]   --->   Operation 36 'specloopname' 'specloopname_ln46' <Predicate = true> <Delay = 0.00>
ST_3 : Operation 37 [1/1] (1.70ns)   --->   "%a = sparsemux i27 @_ssdm_op_SparseMux.ap_auto.5i27.i27.i3, i3 0, i27 %data_0_val8_phi, i3 1, i27 %data_1_val9_phi, i3 2, i27 %data_2_val10_phi, i3 3, i27 %data_3_val11_phi, i3 4, i27 %data_4_val12_phi, i27 0, i3 %w_index3" [firmware/nnet_utils/nnet_dense_resource.h:46]   --->   Operation 37 'sparsemux' 'a' <Predicate = true> <Delay = 1.70> <CoreInst = "BinarySparseMux_DontCare">   --->   Core 137 'BinarySparseMux_DontCare' <Latency = 0> <II = 1> <Delay = 1.70> <FuncUnit> <Opcode : 'sparsemux'> <InPorts = 2> <OutPorts = 1>
ST_3 : Operation 38 [1/2] ( I:3.25ns O:3.25ns )   --->   "%w = load i3 %w22_addr" [firmware/nnet_utils/nnet_dense_resource.h:59]   --->   Operation 38 'load' 'w' <Predicate = true> <Delay = 3.25> <CoreInst = "ROM_nP_BRAM">   --->   Core 102 'ROM_nP_BRAM' <Latency = 1> <II = 1> <Delay = 3.25> <Storage> <Opcode : 'load'> <Ports = 0> <Width = 5> <Depth = 5> <ROM>
ST_3 : Operation 39 [1/1] (0.00ns)   --->   "%sext_ln73 = sext i27 %a" [firmware/nnet_utils/nnet_mult.h:73->firmware/nnet_utils/nnet_dense_resource.h:59]   --->   Operation 39 'sext' 'sext_ln73' <Predicate = true> <Delay = 0.00>
ST_3 : Operation 40 [1/1] (0.00ns)   --->   "%sext_ln73_23 = sext i5 %w" [firmware/nnet_utils/nnet_mult.h:73->firmware/nnet_utils/nnet_dense_resource.h:59]   --->   Operation 40 'sext' 'sext_ln73_23' <Predicate = true> <Delay = 0.00>
ST_3 : Operation 41 [1/1] (7.25ns)   --->   "%mul_ln73 = mul i32 %sext_ln73, i32 %sext_ln73_23" [firmware/nnet_utils/nnet_mult.h:73->firmware/nnet_utils/nnet_dense_resource.h:59]   --->   Operation 41 'mul' 'mul_ln73' <Predicate = true> <Delay = 7.25> <CoreInst = "Multiplier">   --->   Core 3 'Multiplier' <Latency = 0> <II = 1> <Delay = 7.25> <FuncUnit> <Opcode : 'mul'> <InPorts = 2> <OutPorts = 1>
ST_3 : Operation 42 [1/1] (0.00ns)   --->   "%sext_ln58 = sext i32 %mul_ln73" [firmware/nnet_utils/nnet_dense_resource.h:58]   --->   Operation 42 'sext' 'sext_ln58' <Predicate = true> <Delay = 0.00>
ST_3 : Operation 43 [1/1] (2.72ns)   --->   "%add_ln58 = add i34 %sext_ln58, i34 %sext_ln46" [firmware/nnet_utils/nnet_dense_resource.h:58]   --->   Operation 43 'add' 'add_ln58' <Predicate = true> <Delay = 2.72> <CoreInst = "Adder">   --->   Core 1 'Adder' <Latency = 0> <II = 1> <Delay = 2.72> <FuncUnit> <Opcode : 'add' 'sub'> <InPorts = 2> <OutPorts = 1>
ST_3 : Operation 44 [1/1] (0.00ns)   --->   "%trunc_ln46 = trunc i34 %add_ln58" [firmware/nnet_utils/nnet_dense_resource.h:46]   --->   Operation 44 'trunc' 'trunc_ln46' <Predicate = true> <Delay = 0.00>
ST_3 : Operation 45 [1/1] (0.00ns)   --->   "%return_ln84 = return void @_ssdm_op_Return, i34 %add_ln58" [firmware/nnet_utils/nnet_dense_resource.h:84]   --->   Operation 45 'return' 'return_ln84' <Predicate = (icmp_ln46)> <Delay = 0.00>


============================================================
+ Verbose Summary: Timing violations
============================================================
Target clock period: 30.000ns, clock uncertainty: 8.100ns.

 <State 1>: 1.610ns
The critical path consists of the following:
	multiplexor before 'phi' operation 1 bit ('do_init') [9]  (1.610 ns)

 <State 2>: 3.257ns
The critical path consists of the following:
	'phi' operation 3 bit ('w_index') with incoming values : ('w_index', firmware/nnet_utils/nnet_dense_resource.h:46) [16]  (0.000 ns)
	'getelementptr' operation 3 bit ('w22_addr', firmware/nnet_utils/nnet_dense_resource.h:59) [38]  (0.000 ns)
	'load' operation 5 bit ('w', firmware/nnet_utils/nnet_dense_resource.h:59) on array 'w22' [39]  (3.257 ns)

 <State 3>: 13.297ns
The critical path consists of the following:
	'phi' operation 27 bit ('data_0_val8_rewind', firmware/nnet_utils/nnet_dense_resource.h:46) with incoming values : ('data_0_val_read', firmware/nnet_utils/nnet_dense_resource.h:46) [10]  (0.000 ns)
	multiplexor before 'phi' operation 27 bit ('data_0_val8_phi', firmware/nnet_utils/nnet_dense_resource.h:46) with incoming values : ('data_0_val_read', firmware/nnet_utils/nnet_dense_resource.h:46) [27]  (1.610 ns)
	'phi' operation 27 bit ('data_0_val8_phi', firmware/nnet_utils/nnet_dense_resource.h:46) with incoming values : ('data_0_val_read', firmware/nnet_utils/nnet_dense_resource.h:46) [27]  (0.000 ns)
	'sparsemux' operation 27 bit ('a', firmware/nnet_utils/nnet_dense_resource.h:46) [37]  (1.707 ns)
	'mul' operation 32 bit ('mul_ln73', firmware/nnet_utils/nnet_mult.h:73->firmware/nnet_utils/nnet_dense_resource.h:59) [42]  (7.256 ns)
	'add' operation 34 bit ('add_ln58', firmware/nnet_utils/nnet_dense_resource.h:58) [44]  (2.724 ns)
	'return' operation 0 bit ('return_ln84', firmware/nnet_utils/nnet_dense_resource.h:84) [50]  (0.000 ns)


============================================================
+ Verbose Summary: Binding
============================================================
N/A
* FSMD analyzer results:
  - Output states:
 - Input state : 
  - Chain level:
	State 1
	State 2
	State 3


============================================================
+ Verbose Summary: Datapath Resource usage 
============================================================
N/A
