

================================================================
== Vitis HLS Report for 'relu_array_ap_fixed_6u_array_ap_ufixed_6_0_4_0_0_6u_relu_config16_s'
================================================================
* Date:           Mon Apr 28 18:18:51 2025

* Version:        2024.2 (Build 5238294 on Nov  8 2024)
* Project:        myproject_prj
* Solution:       solution1 (Vivado IP Flow Target)
* Product family: artix7
* Target device:  xc7a35t-cpg236-1


================================================================
== Performance Estimates
================================================================
+ Timing: 
    * Summary: 
    +--------+----------+-----------+------------+
    |  Clock |  Target  | Estimated | Uncertainty|
    +--------+----------+-----------+------------+
    |ap_clk  |  30.00 ns|  14.376 ns|     8.10 ns|
    +--------+----------+-----------+------------+

+ Latency: 
    * Summary: 
    +---------+---------+----------+----------+-----+-----+---------+
    |  Latency (cycles) |  Latency (absolute) |  Interval | Pipeline|
    |   min   |   max   |    min   |    max   | min | max |   Type  |
    +---------+---------+----------+----------+-----+-----+---------+
    |        0|        0|      0 ns|      0 ns|    0|    0|       no|
    +---------+---------+----------+----------+-----+-----+---------+

    + Detail: 
        * Instance: 
        N/A

        * Loop: 
        N/A

============================================================
+ Verbose Summary: Synthesis Manager
============================================================
InlineROM: 1
ExposeGlobal: 0
============================================================
+ Verbose Summary: CDFG Model
============================================================
IsTopModel: 0
ResetActiveHigh: 1
IsCombinational: 2
IsDatapathOnly: 0
HasWiredReturn: 1
HasMFsm: 0
HasVarLatency: 0
IsPipeline: 0
IsRtlPipelined: 0
IsInstanceOverlapped: 0
IsDontTouch: 0
HasImplIP: 0
IsGatedGlobalClock: 0


============================================================
+ Verbose Summary: Schedule
============================================================
* Number of FSM states : 1
* Pipeline : 0
* Dataflow Pipeline: 0

* FSM state transitions: 
1 --> 

* FSM state operations: 

State 1 <SV = 0> <Delay = 14.3>
ST_1 : Operation 2 [1/1] (0.00ns)   --->   "%specinterface_ln0 = specinterface void @_ssdm_op_SpecInterface, i36 %layer16_out, void @empty_1, i32 0, i32 0, void @empty_0, i32 0, i32 0, void @empty_0, void @empty_0, void @empty_0, i32 0, i32 0, i32 0, i32 0, void @empty_0, void @empty_0, i32 4294967295, i32 0, i32 0"   --->   Operation 2 'specinterface' 'specinterface_ln0' <Predicate = true> <Delay = 0.00>
ST_1 : Operation 3 [1/1] (0.00ns)   --->   "%specinterface_ln0 = specinterface void @_ssdm_op_SpecInterface, i114 %layer14_out, void @empty_1, i32 0, i32 0, void @empty_0, i32 0, i32 0, void @empty_0, void @empty_0, void @empty_0, i32 0, i32 0, i32 0, i32 0, void @empty_0, void @empty_0, i32 4294967295, i32 0, i32 0"   --->   Operation 3 'specinterface' 'specinterface_ln0' <Predicate = true> <Delay = 0.00>
ST_1 : Operation 4 [1/1] ( I:3.90ns O:3.90ns )   --->   "%layer14_out_read = read i114 @_ssdm_op_Read.ap_fifo.volatile.i114P0A, i114 %layer14_out" [firmware/nnet_utils/nnet_activation_stream.h:44]   --->   Operation 4 'read' 'layer14_out_read' <Predicate = true> <Delay = 3.90> <CoreInst = "FIFO_SRL">   --->   Core 80 'FIFO_SRL' <Latency = 0> <II = 1> <Delay = 3.90> <Storage> <Opcode : 'read' 'write' 'nbread' 'nbwrite'> <Ports = 0> <Width = 114> <Depth = 1> <FIFO>
ST_1 : Operation 5 [1/1] (0.00ns)   --->   "%trunc_ln44 = trunc i114 %layer14_out_read" [firmware/nnet_utils/nnet_activation_stream.h:44]   --->   Operation 5 'trunc' 'trunc_ln44' <Predicate = true> <Delay = 0.00>
ST_1 : Operation 6 [1/1] (0.00ns)   --->   "%trunc_ln44_6 = partselect i19 @_ssdm_op_PartSelect.i19.i114.i32.i32, i114 %layer14_out_read, i32 19, i32 37" [firmware/nnet_utils/nnet_activation_stream.h:44]   --->   Operation 6 'partselect' 'trunc_ln44_6' <Predicate = true> <Delay = 0.00>
ST_1 : Operation 7 [1/1] (0.00ns)   --->   "%trunc_ln44_7 = partselect i19 @_ssdm_op_PartSelect.i19.i114.i32.i32, i114 %layer14_out_read, i32 38, i32 56" [firmware/nnet_utils/nnet_activation_stream.h:44]   --->   Operation 7 'partselect' 'trunc_ln44_7' <Predicate = true> <Delay = 0.00>
ST_1 : Operation 8 [1/1] (0.00ns)   --->   "%trunc_ln44_8 = partselect i19 @_ssdm_op_PartSelect.i19.i114.i32.i32, i114 %layer14_out_read, i32 57, i32 75" [firmware/nnet_utils/nnet_activation_stream.h:44]   --->   Operation 8 'partselect' 'trunc_ln44_8' <Predicate = true> <Delay = 0.00>
ST_1 : Operation 9 [1/1] (0.00ns)   --->   "%trunc_ln44_9 = partselect i19 @_ssdm_op_PartSelect.i19.i114.i32.i32, i114 %layer14_out_read, i32 76, i32 94" [firmware/nnet_utils/nnet_activation_stream.h:44]   --->   Operation 9 'partselect' 'trunc_ln44_9' <Predicate = true> <Delay = 0.00>
ST_1 : Operation 10 [1/1] (0.00ns)   --->   "%trunc_ln44_s = partselect i19 @_ssdm_op_PartSelect.i19.i114.i32.i32, i114 %layer14_out_read, i32 95, i32 113" [firmware/nnet_utils/nnet_activation_stream.h:44]   --->   Operation 10 'partselect' 'trunc_ln44_s' <Predicate = true> <Delay = 0.00>
ST_1 : Operation 11 [1/1] (2.25ns)   --->   "%icmp_ln51 = icmp_sgt  i19 %trunc_ln44, i19 0" [firmware/nnet_utils/nnet_activation_stream.h:51]   --->   Operation 11 'icmp' 'icmp_ln51' <Predicate = true> <Delay = 2.25> <CoreInst = "Cmp">   --->   Core 9 'Cmp' <Latency = 0> <II = 1> <Delay = 2.25> <FuncUnit> <Opcode : 'seteq' 'setne' 'setle' 'setge' 'setlt' 'setgt'> <InPorts = 2> <OutPorts = 1>
ST_1 : Operation 12 [1/1] (0.00ns)   --->   "%tmp = bitselect i1 @_ssdm_op_BitSelect.i1.i114.i32, i114 %layer14_out_read, i32 18" [firmware/nnet_utils/nnet_activation_stream.h:52]   --->   Operation 12 'bitselect' 'tmp' <Predicate = (icmp_ln51)> <Delay = 0.00>
ST_1 : Operation 13 [1/1] (0.00ns) (grouped into LUT with out node add_ln52)   --->   "%trunc_ln1 = partselect i6 @_ssdm_op_PartSelect.i6.i114.i32.i32, i114 %layer14_out_read, i32 4, i32 9" [firmware/nnet_utils/nnet_activation_stream.h:52]   --->   Operation 13 'partselect' 'trunc_ln1' <Predicate = (icmp_ln51)> <Delay = 0.00>
ST_1 : Operation 14 [1/1] (0.00ns) (grouped into LUT with out node add_ln52)   --->   "%tmp_1 = bitselect i1 @_ssdm_op_BitSelect.i1.i114.i32, i114 %layer14_out_read, i32 3" [firmware/nnet_utils/nnet_activation_stream.h:52]   --->   Operation 14 'bitselect' 'tmp_1' <Predicate = (icmp_ln51)> <Delay = 0.00>
ST_1 : Operation 15 [1/1] (0.00ns)   --->   "%trunc_ln52 = trunc i114 %layer14_out_read" [firmware/nnet_utils/nnet_activation_stream.h:52]   --->   Operation 15 'trunc' 'trunc_ln52' <Predicate = (icmp_ln51)> <Delay = 0.00>
ST_1 : Operation 16 [1/1] (1.68ns)   --->   "%icmp_ln52 = icmp_ne  i3 %trunc_ln52, i3 0" [firmware/nnet_utils/nnet_activation_stream.h:52]   --->   Operation 16 'icmp' 'icmp_ln52' <Predicate = (icmp_ln51)> <Delay = 1.68> <CoreInst = "Cmp">   --->   Core 9 'Cmp' <Latency = 0> <II = 1> <Delay = 1.68> <FuncUnit> <Opcode : 'seteq' 'setne' 'setle' 'setge' 'setlt' 'setgt'> <InPorts = 2> <OutPorts = 1>
ST_1 : Operation 17 [1/1] (0.00ns) (grouped into LUT with out node empty)   --->   "%tmp_2 = bitselect i1 @_ssdm_op_BitSelect.i1.i114.i32, i114 %layer14_out_read, i32 9" [firmware/nnet_utils/nnet_activation_stream.h:52]   --->   Operation 17 'bitselect' 'tmp_2' <Predicate = (icmp_ln51)> <Delay = 0.00>
ST_1 : Operation 18 [1/1] (0.00ns) (grouped into LUT with out node add_ln52)   --->   "%tmp_3 = bitselect i1 @_ssdm_op_BitSelect.i1.i114.i32, i114 %layer14_out_read, i32 4" [firmware/nnet_utils/nnet_activation_stream.h:52]   --->   Operation 18 'bitselect' 'tmp_3' <Predicate = (icmp_ln51)> <Delay = 0.00>
ST_1 : Operation 19 [1/1] (0.00ns) (grouped into LUT with out node add_ln52)   --->   "%or_ln52 = or i1 %tmp_3, i1 %icmp_ln52" [firmware/nnet_utils/nnet_activation_stream.h:52]   --->   Operation 19 'or' 'or_ln52' <Predicate = (icmp_ln51)> <Delay = 0.00> <CoreInst = "LogicGate">   --->   Core 74 'LogicGate' <Latency = 0> <II = 1> <Delay = 0.97> <FuncUnit> <Opcode : 'and' 'or' 'xor'> <InPorts = 2> <OutPorts = 1>
ST_1 : Operation 20 [1/1] (0.00ns) (grouped into LUT with out node add_ln52)   --->   "%and_ln52 = and i1 %or_ln52, i1 %tmp_1" [firmware/nnet_utils/nnet_activation_stream.h:52]   --->   Operation 20 'and' 'and_ln52' <Predicate = (icmp_ln51)> <Delay = 0.00> <CoreInst = "LogicGate">   --->   Core 74 'LogicGate' <Latency = 0> <II = 1> <Delay = 0.97> <FuncUnit> <Opcode : 'and' 'or' 'xor'> <InPorts = 2> <OutPorts = 1>
ST_1 : Operation 21 [1/1] (0.00ns) (grouped into LUT with out node add_ln52)   --->   "%zext_ln52 = zext i1 %and_ln52" [firmware/nnet_utils/nnet_activation_stream.h:52]   --->   Operation 21 'zext' 'zext_ln52' <Predicate = (icmp_ln51)> <Delay = 0.00>
ST_1 : Operation 22 [1/1] (1.94ns) (out node of the LUT)   --->   "%add_ln52 = add i6 %trunc_ln1, i6 %zext_ln52" [firmware/nnet_utils/nnet_activation_stream.h:52]   --->   Operation 22 'add' 'add_ln52' <Predicate = (icmp_ln51)> <Delay = 1.94> <CoreInst = "Adder">   --->   Core 1 'Adder' <Latency = 0> <II = 1> <Delay = 1.94> <FuncUnit> <Opcode : 'add' 'sub'> <InPorts = 2> <OutPorts = 1>
ST_1 : Operation 23 [1/1] (0.00ns)   --->   "%tmp_5 = partselect i9 @_ssdm_op_PartSelect.i9.i114.i32.i32, i114 %layer14_out_read, i32 10, i32 18" [firmware/nnet_utils/nnet_activation_stream.h:52]   --->   Operation 23 'partselect' 'tmp_5' <Predicate = (icmp_ln51)> <Delay = 0.00>
ST_1 : Operation 24 [1/1] (2.11ns)   --->   "%icmp_ln52_1 = icmp_eq  i9 %tmp_5, i9 0" [firmware/nnet_utils/nnet_activation_stream.h:52]   --->   Operation 24 'icmp' 'icmp_ln52_1' <Predicate = (icmp_ln51)> <Delay = 2.11> <CoreInst = "Cmp">   --->   Core 9 'Cmp' <Latency = 0> <II = 1> <Delay = 2.11> <FuncUnit> <Opcode : 'seteq' 'setne' 'setle' 'setge' 'setlt' 'setgt'> <InPorts = 2> <OutPorts = 1>
ST_1 : Operation 25 [1/1] (0.00ns) (grouped into LUT with out node empty)   --->   "%tmp_4 = bitselect i1 @_ssdm_op_BitSelect.i1.i6.i32, i6 %add_ln52, i32 5" [firmware/nnet_utils/nnet_activation_stream.h:52]   --->   Operation 25 'bitselect' 'tmp_4' <Predicate = (icmp_ln51)> <Delay = 0.00>
ST_1 : Operation 26 [1/1] (0.00ns) (grouped into LUT with out node empty)   --->   "%not_tmp_37 = xor i1 %tmp_2, i1 1" [firmware/nnet_utils/nnet_activation_stream.h:52]   --->   Operation 26 'xor' 'not_tmp_37' <Predicate = (icmp_ln51)> <Delay = 0.00> <CoreInst = "LogicGate">   --->   Core 74 'LogicGate' <Latency = 0> <II = 1> <Delay = 0.97> <FuncUnit> <Opcode : 'and' 'or' 'xor'> <InPorts = 2> <OutPorts = 1>
ST_1 : Operation 27 [1/1] (0.00ns) (grouped into LUT with out node empty)   --->   "%and_ln52_13 = or i1 %tmp_4, i1 %not_tmp_37" [firmware/nnet_utils/nnet_activation_stream.h:52]   --->   Operation 27 'or' 'and_ln52_13' <Predicate = (icmp_ln51)> <Delay = 0.00> <CoreInst = "LogicGate">   --->   Core 74 'LogicGate' <Latency = 0> <II = 1> <Delay = 0.97> <FuncUnit> <Opcode : 'and' 'or' 'xor'> <InPorts = 2> <OutPorts = 1>
ST_1 : Operation 28 [1/1] (0.97ns) (out node of the LUT)   --->   "%empty = and i1 %icmp_ln52_1, i1 %and_ln52_13" [firmware/nnet_utils/nnet_activation_stream.h:52]   --->   Operation 28 'and' 'empty' <Predicate = (icmp_ln51)> <Delay = 0.97> <CoreInst = "LogicGate">   --->   Core 74 'LogicGate' <Latency = 0> <II = 1> <Delay = 0.97> <FuncUnit> <Opcode : 'and' 'or' 'xor'> <InPorts = 2> <OutPorts = 1>
ST_1 : Operation 29 [1/1] (0.00ns) (grouped into LUT with out node select_ln52_1)   --->   "%or_ln52_1 = or i1 %empty, i1 %tmp" [firmware/nnet_utils/nnet_activation_stream.h:52]   --->   Operation 29 'or' 'or_ln52_1' <Predicate = (or_ln52_2 & icmp_ln51)> <Delay = 0.00> <CoreInst = "LogicGate">   --->   Core 74 'LogicGate' <Latency = 0> <II = 1> <Delay = 0.97> <FuncUnit> <Opcode : 'and' 'or' 'xor'> <InPorts = 2> <OutPorts = 1>
ST_1 : Operation 30 [1/1] (0.00ns) (grouped into LUT with out node out_data_0_0_0_0_0_load)   --->   "%xor_ln52 = xor i1 %empty, i1 1" [firmware/nnet_utils/nnet_activation_stream.h:52]   --->   Operation 30 'xor' 'xor_ln52' <Predicate = (icmp_ln51)> <Delay = 0.00> <CoreInst = "LogicGate">   --->   Core 74 'LogicGate' <Latency = 0> <II = 1> <Delay = 0.97> <FuncUnit> <Opcode : 'and' 'or' 'xor'> <InPorts = 2> <OutPorts = 1>
ST_1 : Operation 31 [1/1] (0.00ns) (grouped into LUT with out node out_data_0_0_0_0_0_load)   --->   "%or_ln52_2 = or i1 %tmp, i1 %xor_ln52" [firmware/nnet_utils/nnet_activation_stream.h:52]   --->   Operation 31 'or' 'or_ln52_2' <Predicate = (icmp_ln51)> <Delay = 0.00> <CoreInst = "LogicGate">   --->   Core 74 'LogicGate' <Latency = 0> <II = 1> <Delay = 0.97> <FuncUnit> <Opcode : 'and' 'or' 'xor'> <InPorts = 2> <OutPorts = 1>
ST_1 : Operation 32 [1/1] (0.00ns) (grouped into LUT with out node select_ln52_1)   --->   "%select_ln52 = select i1 %tmp, i6 0, i6 %add_ln52" [firmware/nnet_utils/nnet_activation_stream.h:52]   --->   Operation 32 'select' 'select_ln52' <Predicate = (or_ln52_1 & or_ln52_2 & icmp_ln51)> <Delay = 0.00> <CoreInst = "Sel">   --->   Core 73 'Sel' <Latency = 0> <II = 1> <Delay = 0.66> <FuncUnit> <Opcode : 'select'> <InPorts = 3> <OutPorts = 1>
ST_1 : Operation 33 [1/1] (0.97ns) (out node of the LUT)   --->   "%select_ln52_1 = select i1 %or_ln52_1, i6 %select_ln52, i6 63" [firmware/nnet_utils/nnet_activation_stream.h:52]   --->   Operation 33 'select' 'select_ln52_1' <Predicate = (or_ln52_2 & icmp_ln51)> <Delay = 0.97> <CoreInst = "Sel">   --->   Core 73 'Sel' <Latency = 0> <II = 1> <Delay = 0.66> <FuncUnit> <Opcode : 'select'> <InPorts = 3> <OutPorts = 1>
ST_1 : Operation 34 [1/1] (0.00ns) (grouped into LUT with out node out_data_0_0_0_0_0_load)   --->   "%select_ln52_2 = select i1 %or_ln52_2, i6 %select_ln52_1, i6 %add_ln52" [firmware/nnet_utils/nnet_activation_stream.h:52]   --->   Operation 34 'select' 'select_ln52_2' <Predicate = (icmp_ln51)> <Delay = 0.00> <CoreInst = "Sel">   --->   Core 73 'Sel' <Latency = 0> <II = 1> <Delay = 0.66> <FuncUnit> <Opcode : 'select'> <InPorts = 3> <OutPorts = 1>
ST_1 : Operation 35 [1/1] (0.97ns) (out node of the LUT)   --->   "%out_data_0_0_0_0_0_load = select i1 %icmp_ln51, i6 %select_ln52_2, i6 0" [firmware/nnet_utils/nnet_activation_stream.h:51]   --->   Operation 35 'select' 'out_data_0_0_0_0_0_load' <Predicate = true> <Delay = 0.97> <CoreInst = "Sel">   --->   Core 73 'Sel' <Latency = 0> <II = 1> <Delay = 0.66> <FuncUnit> <Opcode : 'select'> <InPorts = 3> <OutPorts = 1>
ST_1 : Operation 36 [1/1] (2.25ns)   --->   "%icmp_ln51_1 = icmp_sgt  i19 %trunc_ln44_6, i19 0" [firmware/nnet_utils/nnet_activation_stream.h:51]   --->   Operation 36 'icmp' 'icmp_ln51_1' <Predicate = true> <Delay = 2.25> <CoreInst = "Cmp">   --->   Core 9 'Cmp' <Latency = 0> <II = 1> <Delay = 2.25> <FuncUnit> <Opcode : 'seteq' 'setne' 'setle' 'setge' 'setlt' 'setgt'> <InPorts = 2> <OutPorts = 1>
ST_1 : Operation 37 [1/1] (0.00ns)   --->   "%tmp_6 = bitselect i1 @_ssdm_op_BitSelect.i1.i114.i32, i114 %layer14_out_read, i32 37" [firmware/nnet_utils/nnet_activation_stream.h:52]   --->   Operation 37 'bitselect' 'tmp_6' <Predicate = (icmp_ln51_1)> <Delay = 0.00>
ST_1 : Operation 38 [1/1] (0.00ns) (grouped into LUT with out node add_ln52_1)   --->   "%trunc_ln52_6 = partselect i6 @_ssdm_op_PartSelect.i6.i114.i32.i32, i114 %layer14_out_read, i32 23, i32 28" [firmware/nnet_utils/nnet_activation_stream.h:52]   --->   Operation 38 'partselect' 'trunc_ln52_6' <Predicate = (icmp_ln51_1)> <Delay = 0.00>
ST_1 : Operation 39 [1/1] (0.00ns) (grouped into LUT with out node add_ln52_1)   --->   "%tmp_7 = bitselect i1 @_ssdm_op_BitSelect.i1.i114.i32, i114 %layer14_out_read, i32 22" [firmware/nnet_utils/nnet_activation_stream.h:52]   --->   Operation 39 'bitselect' 'tmp_7' <Predicate = (icmp_ln51_1)> <Delay = 0.00>
ST_1 : Operation 40 [1/1] (0.00ns)   --->   "%tmp_9 = partselect i3 @_ssdm_op_PartSelect.i3.i114.i32.i32, i114 %layer14_out_read, i32 19, i32 21" [firmware/nnet_utils/nnet_activation_stream.h:52]   --->   Operation 40 'partselect' 'tmp_9' <Predicate = (icmp_ln51_1)> <Delay = 0.00>
ST_1 : Operation 41 [1/1] (1.68ns)   --->   "%icmp_ln52_2 = icmp_ne  i3 %tmp_9, i3 0" [firmware/nnet_utils/nnet_activation_stream.h:52]   --->   Operation 41 'icmp' 'icmp_ln52_2' <Predicate = (icmp_ln51_1)> <Delay = 1.68> <CoreInst = "Cmp">   --->   Core 9 'Cmp' <Latency = 0> <II = 1> <Delay = 1.68> <FuncUnit> <Opcode : 'seteq' 'setne' 'setle' 'setge' 'setlt' 'setgt'> <InPorts = 2> <OutPorts = 1>
ST_1 : Operation 42 [1/1] (0.00ns) (grouped into LUT with out node empty_46)   --->   "%tmp_8 = bitselect i1 @_ssdm_op_BitSelect.i1.i114.i32, i114 %layer14_out_read, i32 28" [firmware/nnet_utils/nnet_activation_stream.h:52]   --->   Operation 42 'bitselect' 'tmp_8' <Predicate = (icmp_ln51_1)> <Delay = 0.00>
ST_1 : Operation 43 [1/1] (0.00ns) (grouped into LUT with out node add_ln52_1)   --->   "%tmp_10 = bitselect i1 @_ssdm_op_BitSelect.i1.i114.i32, i114 %layer14_out_read, i32 23" [firmware/nnet_utils/nnet_activation_stream.h:52]   --->   Operation 43 'bitselect' 'tmp_10' <Predicate = (icmp_ln51_1)> <Delay = 0.00>
ST_1 : Operation 44 [1/1] (0.00ns) (grouped into LUT with out node add_ln52_1)   --->   "%or_ln52_3 = or i1 %tmp_10, i1 %icmp_ln52_2" [firmware/nnet_utils/nnet_activation_stream.h:52]   --->   Operation 44 'or' 'or_ln52_3' <Predicate = (icmp_ln51_1)> <Delay = 0.00> <CoreInst = "LogicGate">   --->   Core 74 'LogicGate' <Latency = 0> <II = 1> <Delay = 0.97> <FuncUnit> <Opcode : 'and' 'or' 'xor'> <InPorts = 2> <OutPorts = 1>
ST_1 : Operation 45 [1/1] (0.00ns) (grouped into LUT with out node add_ln52_1)   --->   "%and_ln52_1 = and i1 %or_ln52_3, i1 %tmp_7" [firmware/nnet_utils/nnet_activation_stream.h:52]   --->   Operation 45 'and' 'and_ln52_1' <Predicate = (icmp_ln51_1)> <Delay = 0.00> <CoreInst = "LogicGate">   --->   Core 74 'LogicGate' <Latency = 0> <II = 1> <Delay = 0.97> <FuncUnit> <Opcode : 'and' 'or' 'xor'> <InPorts = 2> <OutPorts = 1>
ST_1 : Operation 46 [1/1] (0.00ns) (grouped into LUT with out node add_ln52_1)   --->   "%zext_ln52_1 = zext i1 %and_ln52_1" [firmware/nnet_utils/nnet_activation_stream.h:52]   --->   Operation 46 'zext' 'zext_ln52_1' <Predicate = (icmp_ln51_1)> <Delay = 0.00>
ST_1 : Operation 47 [1/1] (1.94ns) (out node of the LUT)   --->   "%add_ln52_1 = add i6 %trunc_ln52_6, i6 %zext_ln52_1" [firmware/nnet_utils/nnet_activation_stream.h:52]   --->   Operation 47 'add' 'add_ln52_1' <Predicate = (icmp_ln51_1)> <Delay = 1.94> <CoreInst = "Adder">   --->   Core 1 'Adder' <Latency = 0> <II = 1> <Delay = 1.94> <FuncUnit> <Opcode : 'add' 'sub'> <InPorts = 2> <OutPorts = 1>
ST_1 : Operation 48 [1/1] (0.00ns)   --->   "%tmp_s = partselect i9 @_ssdm_op_PartSelect.i9.i114.i32.i32, i114 %layer14_out_read, i32 29, i32 37" [firmware/nnet_utils/nnet_activation_stream.h:52]   --->   Operation 48 'partselect' 'tmp_s' <Predicate = (icmp_ln51_1)> <Delay = 0.00>
ST_1 : Operation 49 [1/1] (2.11ns)   --->   "%icmp_ln52_3 = icmp_eq  i9 %tmp_s, i9 0" [firmware/nnet_utils/nnet_activation_stream.h:52]   --->   Operation 49 'icmp' 'icmp_ln52_3' <Predicate = (icmp_ln51_1)> <Delay = 2.11> <CoreInst = "Cmp">   --->   Core 9 'Cmp' <Latency = 0> <II = 1> <Delay = 2.11> <FuncUnit> <Opcode : 'seteq' 'setne' 'setle' 'setge' 'setlt' 'setgt'> <InPorts = 2> <OutPorts = 1>
ST_1 : Operation 50 [1/1] (0.00ns) (grouped into LUT with out node empty_46)   --->   "%tmp_11 = bitselect i1 @_ssdm_op_BitSelect.i1.i6.i32, i6 %add_ln52_1, i32 5" [firmware/nnet_utils/nnet_activation_stream.h:52]   --->   Operation 50 'bitselect' 'tmp_11' <Predicate = (icmp_ln51_1)> <Delay = 0.00>
ST_1 : Operation 51 [1/1] (0.00ns) (grouped into LUT with out node empty_46)   --->   "%not_tmp_44 = xor i1 %tmp_8, i1 1" [firmware/nnet_utils/nnet_activation_stream.h:52]   --->   Operation 51 'xor' 'not_tmp_44' <Predicate = (icmp_ln51_1)> <Delay = 0.00> <CoreInst = "LogicGate">   --->   Core 74 'LogicGate' <Latency = 0> <II = 1> <Delay = 0.97> <FuncUnit> <Opcode : 'and' 'or' 'xor'> <InPorts = 2> <OutPorts = 1>
ST_1 : Operation 52 [1/1] (0.00ns) (grouped into LUT with out node empty_46)   --->   "%and_ln52_15 = or i1 %tmp_11, i1 %not_tmp_44" [firmware/nnet_utils/nnet_activation_stream.h:52]   --->   Operation 52 'or' 'and_ln52_15' <Predicate = (icmp_ln51_1)> <Delay = 0.00> <CoreInst = "LogicGate">   --->   Core 74 'LogicGate' <Latency = 0> <II = 1> <Delay = 0.97> <FuncUnit> <Opcode : 'and' 'or' 'xor'> <InPorts = 2> <OutPorts = 1>
ST_1 : Operation 53 [1/1] (0.97ns) (out node of the LUT)   --->   "%empty_46 = and i1 %icmp_ln52_3, i1 %and_ln52_15" [firmware/nnet_utils/nnet_activation_stream.h:52]   --->   Operation 53 'and' 'empty_46' <Predicate = (icmp_ln51_1)> <Delay = 0.97> <CoreInst = "LogicGate">   --->   Core 74 'LogicGate' <Latency = 0> <II = 1> <Delay = 0.97> <FuncUnit> <Opcode : 'and' 'or' 'xor'> <InPorts = 2> <OutPorts = 1>
ST_1 : Operation 54 [1/1] (0.00ns) (grouped into LUT with out node select_ln52_4)   --->   "%or_ln52_4 = or i1 %empty_46, i1 %tmp_6" [firmware/nnet_utils/nnet_activation_stream.h:52]   --->   Operation 54 'or' 'or_ln52_4' <Predicate = (or_ln52_5 & icmp_ln51_1)> <Delay = 0.00> <CoreInst = "LogicGate">   --->   Core 74 'LogicGate' <Latency = 0> <II = 1> <Delay = 0.97> <FuncUnit> <Opcode : 'and' 'or' 'xor'> <InPorts = 2> <OutPorts = 1>
ST_1 : Operation 55 [1/1] (0.00ns) (grouped into LUT with out node out_data_0_1_0_0_0_load)   --->   "%xor_ln52_1 = xor i1 %empty_46, i1 1" [firmware/nnet_utils/nnet_activation_stream.h:52]   --->   Operation 55 'xor' 'xor_ln52_1' <Predicate = (icmp_ln51_1)> <Delay = 0.00> <CoreInst = "LogicGate">   --->   Core 74 'LogicGate' <Latency = 0> <II = 1> <Delay = 0.97> <FuncUnit> <Opcode : 'and' 'or' 'xor'> <InPorts = 2> <OutPorts = 1>
ST_1 : Operation 56 [1/1] (0.00ns) (grouped into LUT with out node out_data_0_1_0_0_0_load)   --->   "%or_ln52_5 = or i1 %tmp_6, i1 %xor_ln52_1" [firmware/nnet_utils/nnet_activation_stream.h:52]   --->   Operation 56 'or' 'or_ln52_5' <Predicate = (icmp_ln51_1)> <Delay = 0.00> <CoreInst = "LogicGate">   --->   Core 74 'LogicGate' <Latency = 0> <II = 1> <Delay = 0.97> <FuncUnit> <Opcode : 'and' 'or' 'xor'> <InPorts = 2> <OutPorts = 1>
ST_1 : Operation 57 [1/1] (0.00ns) (grouped into LUT with out node select_ln52_4)   --->   "%select_ln52_3 = select i1 %tmp_6, i6 0, i6 %add_ln52_1" [firmware/nnet_utils/nnet_activation_stream.h:52]   --->   Operation 57 'select' 'select_ln52_3' <Predicate = (or_ln52_4 & or_ln52_5 & icmp_ln51_1)> <Delay = 0.00> <CoreInst = "Sel">   --->   Core 73 'Sel' <Latency = 0> <II = 1> <Delay = 0.66> <FuncUnit> <Opcode : 'select'> <InPorts = 3> <OutPorts = 1>
ST_1 : Operation 58 [1/1] (0.97ns) (out node of the LUT)   --->   "%select_ln52_4 = select i1 %or_ln52_4, i6 %select_ln52_3, i6 63" [firmware/nnet_utils/nnet_activation_stream.h:52]   --->   Operation 58 'select' 'select_ln52_4' <Predicate = (or_ln52_5 & icmp_ln51_1)> <Delay = 0.97> <CoreInst = "Sel">   --->   Core 73 'Sel' <Latency = 0> <II = 1> <Delay = 0.66> <FuncUnit> <Opcode : 'select'> <InPorts = 3> <OutPorts = 1>
ST_1 : Operation 59 [1/1] (0.00ns) (grouped into LUT with out node out_data_0_1_0_0_0_load)   --->   "%select_ln52_5 = select i1 %or_ln52_5, i6 %select_ln52_4, i6 %add_ln52_1" [firmware/nnet_utils/nnet_activation_stream.h:52]   --->   Operation 59 'select' 'select_ln52_5' <Predicate = (icmp_ln51_1)> <Delay = 0.00> <CoreInst = "Sel">   --->   Core 73 'Sel' <Latency = 0> <II = 1> <Delay = 0.66> <FuncUnit> <Opcode : 'select'> <InPorts = 3> <OutPorts = 1>
ST_1 : Operation 60 [1/1] (0.97ns) (out node of the LUT)   --->   "%out_data_0_1_0_0_0_load = select i1 %icmp_ln51_1, i6 %select_ln52_5, i6 0" [firmware/nnet_utils/nnet_activation_stream.h:51]   --->   Operation 60 'select' 'out_data_0_1_0_0_0_load' <Predicate = true> <Delay = 0.97> <CoreInst = "Sel">   --->   Core 73 'Sel' <Latency = 0> <II = 1> <Delay = 0.66> <FuncUnit> <Opcode : 'select'> <InPorts = 3> <OutPorts = 1>
ST_1 : Operation 61 [1/1] (2.25ns)   --->   "%icmp_ln51_2 = icmp_sgt  i19 %trunc_ln44_7, i19 0" [firmware/nnet_utils/nnet_activation_stream.h:51]   --->   Operation 61 'icmp' 'icmp_ln51_2' <Predicate = true> <Delay = 2.25> <CoreInst = "Cmp">   --->   Core 9 'Cmp' <Latency = 0> <II = 1> <Delay = 2.25> <FuncUnit> <Opcode : 'seteq' 'setne' 'setle' 'setge' 'setlt' 'setgt'> <InPorts = 2> <OutPorts = 1>
ST_1 : Operation 62 [1/1] (0.00ns)   --->   "%tmp_12 = bitselect i1 @_ssdm_op_BitSelect.i1.i114.i32, i114 %layer14_out_read, i32 56" [firmware/nnet_utils/nnet_activation_stream.h:52]   --->   Operation 62 'bitselect' 'tmp_12' <Predicate = (icmp_ln51_2)> <Delay = 0.00>
ST_1 : Operation 63 [1/1] (0.00ns) (grouped into LUT with out node add_ln52_2)   --->   "%trunc_ln52_7 = partselect i6 @_ssdm_op_PartSelect.i6.i114.i32.i32, i114 %layer14_out_read, i32 42, i32 47" [firmware/nnet_utils/nnet_activation_stream.h:52]   --->   Operation 63 'partselect' 'trunc_ln52_7' <Predicate = (icmp_ln51_2)> <Delay = 0.00>
ST_1 : Operation 64 [1/1] (0.00ns) (grouped into LUT with out node add_ln52_2)   --->   "%tmp_13 = bitselect i1 @_ssdm_op_BitSelect.i1.i114.i32, i114 %layer14_out_read, i32 41" [firmware/nnet_utils/nnet_activation_stream.h:52]   --->   Operation 64 'bitselect' 'tmp_13' <Predicate = (icmp_ln51_2)> <Delay = 0.00>
ST_1 : Operation 65 [1/1] (0.00ns)   --->   "%tmp_14 = partselect i3 @_ssdm_op_PartSelect.i3.i114.i32.i32, i114 %layer14_out_read, i32 38, i32 40" [firmware/nnet_utils/nnet_activation_stream.h:52]   --->   Operation 65 'partselect' 'tmp_14' <Predicate = (icmp_ln51_2)> <Delay = 0.00>
ST_1 : Operation 66 [1/1] (1.68ns)   --->   "%icmp_ln52_4 = icmp_ne  i3 %tmp_14, i3 0" [firmware/nnet_utils/nnet_activation_stream.h:52]   --->   Operation 66 'icmp' 'icmp_ln52_4' <Predicate = (icmp_ln51_2)> <Delay = 1.68> <CoreInst = "Cmp">   --->   Core 9 'Cmp' <Latency = 0> <II = 1> <Delay = 1.68> <FuncUnit> <Opcode : 'seteq' 'setne' 'setle' 'setge' 'setlt' 'setgt'> <InPorts = 2> <OutPorts = 1>
ST_1 : Operation 67 [1/1] (0.00ns) (grouped into LUT with out node empty_47)   --->   "%tmp_15 = bitselect i1 @_ssdm_op_BitSelect.i1.i114.i32, i114 %layer14_out_read, i32 47" [firmware/nnet_utils/nnet_activation_stream.h:52]   --->   Operation 67 'bitselect' 'tmp_15' <Predicate = (icmp_ln51_2)> <Delay = 0.00>
ST_1 : Operation 68 [1/1] (0.00ns) (grouped into LUT with out node add_ln52_2)   --->   "%tmp_16 = bitselect i1 @_ssdm_op_BitSelect.i1.i114.i32, i114 %layer14_out_read, i32 42" [firmware/nnet_utils/nnet_activation_stream.h:52]   --->   Operation 68 'bitselect' 'tmp_16' <Predicate = (icmp_ln51_2)> <Delay = 0.00>
ST_1 : Operation 69 [1/1] (0.00ns) (grouped into LUT with out node add_ln52_2)   --->   "%or_ln52_6 = or i1 %tmp_16, i1 %icmp_ln52_4" [firmware/nnet_utils/nnet_activation_stream.h:52]   --->   Operation 69 'or' 'or_ln52_6' <Predicate = (icmp_ln51_2)> <Delay = 0.00> <CoreInst = "LogicGate">   --->   Core 74 'LogicGate' <Latency = 0> <II = 1> <Delay = 0.97> <FuncUnit> <Opcode : 'and' 'or' 'xor'> <InPorts = 2> <OutPorts = 1>
ST_1 : Operation 70 [1/1] (0.00ns) (grouped into LUT with out node add_ln52_2)   --->   "%and_ln52_2 = and i1 %or_ln52_6, i1 %tmp_13" [firmware/nnet_utils/nnet_activation_stream.h:52]   --->   Operation 70 'and' 'and_ln52_2' <Predicate = (icmp_ln51_2)> <Delay = 0.00> <CoreInst = "LogicGate">   --->   Core 74 'LogicGate' <Latency = 0> <II = 1> <Delay = 0.97> <FuncUnit> <Opcode : 'and' 'or' 'xor'> <InPorts = 2> <OutPorts = 1>
ST_1 : Operation 71 [1/1] (0.00ns) (grouped into LUT with out node add_ln52_2)   --->   "%zext_ln52_2 = zext i1 %and_ln52_2" [firmware/nnet_utils/nnet_activation_stream.h:52]   --->   Operation 71 'zext' 'zext_ln52_2' <Predicate = (icmp_ln51_2)> <Delay = 0.00>
ST_1 : Operation 72 [1/1] (1.94ns) (out node of the LUT)   --->   "%add_ln52_2 = add i6 %trunc_ln52_7, i6 %zext_ln52_2" [firmware/nnet_utils/nnet_activation_stream.h:52]   --->   Operation 72 'add' 'add_ln52_2' <Predicate = (icmp_ln51_2)> <Delay = 1.94> <CoreInst = "Adder">   --->   Core 1 'Adder' <Latency = 0> <II = 1> <Delay = 1.94> <FuncUnit> <Opcode : 'add' 'sub'> <InPorts = 2> <OutPorts = 1>
ST_1 : Operation 73 [1/1] (0.00ns)   --->   "%tmp_17 = partselect i9 @_ssdm_op_PartSelect.i9.i114.i32.i32, i114 %layer14_out_read, i32 48, i32 56" [firmware/nnet_utils/nnet_activation_stream.h:52]   --->   Operation 73 'partselect' 'tmp_17' <Predicate = (icmp_ln51_2)> <Delay = 0.00>
ST_1 : Operation 74 [1/1] (2.11ns)   --->   "%icmp_ln52_5 = icmp_eq  i9 %tmp_17, i9 0" [firmware/nnet_utils/nnet_activation_stream.h:52]   --->   Operation 74 'icmp' 'icmp_ln52_5' <Predicate = (icmp_ln51_2)> <Delay = 2.11> <CoreInst = "Cmp">   --->   Core 9 'Cmp' <Latency = 0> <II = 1> <Delay = 2.11> <FuncUnit> <Opcode : 'seteq' 'setne' 'setle' 'setge' 'setlt' 'setgt'> <InPorts = 2> <OutPorts = 1>
ST_1 : Operation 75 [1/1] (0.00ns) (grouped into LUT with out node empty_47)   --->   "%tmp_18 = bitselect i1 @_ssdm_op_BitSelect.i1.i6.i32, i6 %add_ln52_2, i32 5" [firmware/nnet_utils/nnet_activation_stream.h:52]   --->   Operation 75 'bitselect' 'tmp_18' <Predicate = (icmp_ln51_2)> <Delay = 0.00>
ST_1 : Operation 76 [1/1] (0.00ns) (grouped into LUT with out node empty_47)   --->   "%not_tmp_51 = xor i1 %tmp_15, i1 1" [firmware/nnet_utils/nnet_activation_stream.h:52]   --->   Operation 76 'xor' 'not_tmp_51' <Predicate = (icmp_ln51_2)> <Delay = 0.00> <CoreInst = "LogicGate">   --->   Core 74 'LogicGate' <Latency = 0> <II = 1> <Delay = 0.97> <FuncUnit> <Opcode : 'and' 'or' 'xor'> <InPorts = 2> <OutPorts = 1>
ST_1 : Operation 77 [1/1] (0.00ns) (grouped into LUT with out node empty_47)   --->   "%and_ln52_17 = or i1 %tmp_18, i1 %not_tmp_51" [firmware/nnet_utils/nnet_activation_stream.h:52]   --->   Operation 77 'or' 'and_ln52_17' <Predicate = (icmp_ln51_2)> <Delay = 0.00> <CoreInst = "LogicGate">   --->   Core 74 'LogicGate' <Latency = 0> <II = 1> <Delay = 0.97> <FuncUnit> <Opcode : 'and' 'or' 'xor'> <InPorts = 2> <OutPorts = 1>
ST_1 : Operation 78 [1/1] (0.97ns) (out node of the LUT)   --->   "%empty_47 = and i1 %icmp_ln52_5, i1 %and_ln52_17" [firmware/nnet_utils/nnet_activation_stream.h:52]   --->   Operation 78 'and' 'empty_47' <Predicate = (icmp_ln51_2)> <Delay = 0.97> <CoreInst = "LogicGate">   --->   Core 74 'LogicGate' <Latency = 0> <II = 1> <Delay = 0.97> <FuncUnit> <Opcode : 'and' 'or' 'xor'> <InPorts = 2> <OutPorts = 1>
ST_1 : Operation 79 [1/1] (0.00ns) (grouped into LUT with out node select_ln52_7)   --->   "%or_ln52_7 = or i1 %empty_47, i1 %tmp_12" [firmware/nnet_utils/nnet_activation_stream.h:52]   --->   Operation 79 'or' 'or_ln52_7' <Predicate = (or_ln52_8 & icmp_ln51_2)> <Delay = 0.00> <CoreInst = "LogicGate">   --->   Core 74 'LogicGate' <Latency = 0> <II = 1> <Delay = 0.97> <FuncUnit> <Opcode : 'and' 'or' 'xor'> <InPorts = 2> <OutPorts = 1>
ST_1 : Operation 80 [1/1] (0.00ns) (grouped into LUT with out node out_data_0_2_0_0_0_load)   --->   "%xor_ln52_2 = xor i1 %empty_47, i1 1" [firmware/nnet_utils/nnet_activation_stream.h:52]   --->   Operation 80 'xor' 'xor_ln52_2' <Predicate = (icmp_ln51_2)> <Delay = 0.00> <CoreInst = "LogicGate">   --->   Core 74 'LogicGate' <Latency = 0> <II = 1> <Delay = 0.97> <FuncUnit> <Opcode : 'and' 'or' 'xor'> <InPorts = 2> <OutPorts = 1>
ST_1 : Operation 81 [1/1] (0.00ns) (grouped into LUT with out node out_data_0_2_0_0_0_load)   --->   "%or_ln52_8 = or i1 %tmp_12, i1 %xor_ln52_2" [firmware/nnet_utils/nnet_activation_stream.h:52]   --->   Operation 81 'or' 'or_ln52_8' <Predicate = (icmp_ln51_2)> <Delay = 0.00> <CoreInst = "LogicGate">   --->   Core 74 'LogicGate' <Latency = 0> <II = 1> <Delay = 0.97> <FuncUnit> <Opcode : 'and' 'or' 'xor'> <InPorts = 2> <OutPorts = 1>
ST_1 : Operation 82 [1/1] (0.00ns) (grouped into LUT with out node select_ln52_7)   --->   "%select_ln52_6 = select i1 %tmp_12, i6 0, i6 %add_ln52_2" [firmware/nnet_utils/nnet_activation_stream.h:52]   --->   Operation 82 'select' 'select_ln52_6' <Predicate = (or_ln52_7 & or_ln52_8 & icmp_ln51_2)> <Delay = 0.00> <CoreInst = "Sel">   --->   Core 73 'Sel' <Latency = 0> <II = 1> <Delay = 0.66> <FuncUnit> <Opcode : 'select'> <InPorts = 3> <OutPorts = 1>
ST_1 : Operation 83 [1/1] (0.97ns) (out node of the LUT)   --->   "%select_ln52_7 = select i1 %or_ln52_7, i6 %select_ln52_6, i6 63" [firmware/nnet_utils/nnet_activation_stream.h:52]   --->   Operation 83 'select' 'select_ln52_7' <Predicate = (or_ln52_8 & icmp_ln51_2)> <Delay = 0.97> <CoreInst = "Sel">   --->   Core 73 'Sel' <Latency = 0> <II = 1> <Delay = 0.66> <FuncUnit> <Opcode : 'select'> <InPorts = 3> <OutPorts = 1>
ST_1 : Operation 84 [1/1] (0.00ns) (grouped into LUT with out node out_data_0_2_0_0_0_load)   --->   "%select_ln52_8 = select i1 %or_ln52_8, i6 %select_ln52_7, i6 %add_ln52_2" [firmware/nnet_utils/nnet_activation_stream.h:52]   --->   Operation 84 'select' 'select_ln52_8' <Predicate = (icmp_ln51_2)> <Delay = 0.00> <CoreInst = "Sel">   --->   Core 73 'Sel' <Latency = 0> <II = 1> <Delay = 0.66> <FuncUnit> <Opcode : 'select'> <InPorts = 3> <OutPorts = 1>
ST_1 : Operation 85 [1/1] (0.97ns) (out node of the LUT)   --->   "%out_data_0_2_0_0_0_load = select i1 %icmp_ln51_2, i6 %select_ln52_8, i6 0" [firmware/nnet_utils/nnet_activation_stream.h:51]   --->   Operation 85 'select' 'out_data_0_2_0_0_0_load' <Predicate = true> <Delay = 0.97> <CoreInst = "Sel">   --->   Core 73 'Sel' <Latency = 0> <II = 1> <Delay = 0.66> <FuncUnit> <Opcode : 'select'> <InPorts = 3> <OutPorts = 1>
ST_1 : Operation 86 [1/1] (2.25ns)   --->   "%icmp_ln51_3 = icmp_sgt  i19 %trunc_ln44_8, i19 0" [firmware/nnet_utils/nnet_activation_stream.h:51]   --->   Operation 86 'icmp' 'icmp_ln51_3' <Predicate = true> <Delay = 2.25> <CoreInst = "Cmp">   --->   Core 9 'Cmp' <Latency = 0> <II = 1> <Delay = 2.25> <FuncUnit> <Opcode : 'seteq' 'setne' 'setle' 'setge' 'setlt' 'setgt'> <InPorts = 2> <OutPorts = 1>
ST_1 : Operation 87 [1/1] (0.00ns)   --->   "%tmp_19 = bitselect i1 @_ssdm_op_BitSelect.i1.i114.i32, i114 %layer14_out_read, i32 75" [firmware/nnet_utils/nnet_activation_stream.h:52]   --->   Operation 87 'bitselect' 'tmp_19' <Predicate = (icmp_ln51_3)> <Delay = 0.00>
ST_1 : Operation 88 [1/1] (0.00ns) (grouped into LUT with out node add_ln52_3)   --->   "%trunc_ln52_8 = partselect i6 @_ssdm_op_PartSelect.i6.i114.i32.i32, i114 %layer14_out_read, i32 61, i32 66" [firmware/nnet_utils/nnet_activation_stream.h:52]   --->   Operation 88 'partselect' 'trunc_ln52_8' <Predicate = (icmp_ln51_3)> <Delay = 0.00>
ST_1 : Operation 89 [1/1] (0.00ns) (grouped into LUT with out node add_ln52_3)   --->   "%tmp_20 = bitselect i1 @_ssdm_op_BitSelect.i1.i114.i32, i114 %layer14_out_read, i32 60" [firmware/nnet_utils/nnet_activation_stream.h:52]   --->   Operation 89 'bitselect' 'tmp_20' <Predicate = (icmp_ln51_3)> <Delay = 0.00>
ST_1 : Operation 90 [1/1] (0.00ns)   --->   "%tmp_21 = partselect i3 @_ssdm_op_PartSelect.i3.i114.i32.i32, i114 %layer14_out_read, i32 57, i32 59" [firmware/nnet_utils/nnet_activation_stream.h:52]   --->   Operation 90 'partselect' 'tmp_21' <Predicate = (icmp_ln51_3)> <Delay = 0.00>
ST_1 : Operation 91 [1/1] (1.68ns)   --->   "%icmp_ln52_6 = icmp_ne  i3 %tmp_21, i3 0" [firmware/nnet_utils/nnet_activation_stream.h:52]   --->   Operation 91 'icmp' 'icmp_ln52_6' <Predicate = (icmp_ln51_3)> <Delay = 1.68> <CoreInst = "Cmp">   --->   Core 9 'Cmp' <Latency = 0> <II = 1> <Delay = 1.68> <FuncUnit> <Opcode : 'seteq' 'setne' 'setle' 'setge' 'setlt' 'setgt'> <InPorts = 2> <OutPorts = 1>
ST_1 : Operation 92 [1/1] (0.00ns) (grouped into LUT with out node empty_48)   --->   "%tmp_22 = bitselect i1 @_ssdm_op_BitSelect.i1.i114.i32, i114 %layer14_out_read, i32 66" [firmware/nnet_utils/nnet_activation_stream.h:52]   --->   Operation 92 'bitselect' 'tmp_22' <Predicate = (icmp_ln51_3)> <Delay = 0.00>
ST_1 : Operation 93 [1/1] (0.00ns) (grouped into LUT with out node add_ln52_3)   --->   "%tmp_23 = bitselect i1 @_ssdm_op_BitSelect.i1.i114.i32, i114 %layer14_out_read, i32 61" [firmware/nnet_utils/nnet_activation_stream.h:52]   --->   Operation 93 'bitselect' 'tmp_23' <Predicate = (icmp_ln51_3)> <Delay = 0.00>
ST_1 : Operation 94 [1/1] (0.00ns) (grouped into LUT with out node add_ln52_3)   --->   "%or_ln52_9 = or i1 %tmp_23, i1 %icmp_ln52_6" [firmware/nnet_utils/nnet_activation_stream.h:52]   --->   Operation 94 'or' 'or_ln52_9' <Predicate = (icmp_ln51_3)> <Delay = 0.00> <CoreInst = "LogicGate">   --->   Core 74 'LogicGate' <Latency = 0> <II = 1> <Delay = 0.97> <FuncUnit> <Opcode : 'and' 'or' 'xor'> <InPorts = 2> <OutPorts = 1>
ST_1 : Operation 95 [1/1] (0.00ns) (grouped into LUT with out node add_ln52_3)   --->   "%and_ln52_3 = and i1 %or_ln52_9, i1 %tmp_20" [firmware/nnet_utils/nnet_activation_stream.h:52]   --->   Operation 95 'and' 'and_ln52_3' <Predicate = (icmp_ln51_3)> <Delay = 0.00> <CoreInst = "LogicGate">   --->   Core 74 'LogicGate' <Latency = 0> <II = 1> <Delay = 0.97> <FuncUnit> <Opcode : 'and' 'or' 'xor'> <InPorts = 2> <OutPorts = 1>
ST_1 : Operation 96 [1/1] (0.00ns) (grouped into LUT with out node add_ln52_3)   --->   "%zext_ln52_3 = zext i1 %and_ln52_3" [firmware/nnet_utils/nnet_activation_stream.h:52]   --->   Operation 96 'zext' 'zext_ln52_3' <Predicate = (icmp_ln51_3)> <Delay = 0.00>
ST_1 : Operation 97 [1/1] (1.94ns) (out node of the LUT)   --->   "%add_ln52_3 = add i6 %trunc_ln52_8, i6 %zext_ln52_3" [firmware/nnet_utils/nnet_activation_stream.h:52]   --->   Operation 97 'add' 'add_ln52_3' <Predicate = (icmp_ln51_3)> <Delay = 1.94> <CoreInst = "Adder">   --->   Core 1 'Adder' <Latency = 0> <II = 1> <Delay = 1.94> <FuncUnit> <Opcode : 'add' 'sub'> <InPorts = 2> <OutPorts = 1>
ST_1 : Operation 98 [1/1] (0.00ns)   --->   "%tmp_24 = partselect i9 @_ssdm_op_PartSelect.i9.i114.i32.i32, i114 %layer14_out_read, i32 67, i32 75" [firmware/nnet_utils/nnet_activation_stream.h:52]   --->   Operation 98 'partselect' 'tmp_24' <Predicate = (icmp_ln51_3)> <Delay = 0.00>
ST_1 : Operation 99 [1/1] (2.11ns)   --->   "%icmp_ln52_7 = icmp_eq  i9 %tmp_24, i9 0" [firmware/nnet_utils/nnet_activation_stream.h:52]   --->   Operation 99 'icmp' 'icmp_ln52_7' <Predicate = (icmp_ln51_3)> <Delay = 2.11> <CoreInst = "Cmp">   --->   Core 9 'Cmp' <Latency = 0> <II = 1> <Delay = 2.11> <FuncUnit> <Opcode : 'seteq' 'setne' 'setle' 'setge' 'setlt' 'setgt'> <InPorts = 2> <OutPorts = 1>
ST_1 : Operation 100 [1/1] (0.00ns) (grouped into LUT with out node empty_48)   --->   "%tmp_25 = bitselect i1 @_ssdm_op_BitSelect.i1.i6.i32, i6 %add_ln52_3, i32 5" [firmware/nnet_utils/nnet_activation_stream.h:52]   --->   Operation 100 'bitselect' 'tmp_25' <Predicate = (icmp_ln51_3)> <Delay = 0.00>
ST_1 : Operation 101 [1/1] (0.00ns) (grouped into LUT with out node empty_48)   --->   "%not_tmp_58 = xor i1 %tmp_22, i1 1" [firmware/nnet_utils/nnet_activation_stream.h:52]   --->   Operation 101 'xor' 'not_tmp_58' <Predicate = (icmp_ln51_3)> <Delay = 0.00> <CoreInst = "LogicGate">   --->   Core 74 'LogicGate' <Latency = 0> <II = 1> <Delay = 0.97> <FuncUnit> <Opcode : 'and' 'or' 'xor'> <InPorts = 2> <OutPorts = 1>
ST_1 : Operation 102 [1/1] (0.00ns) (grouped into LUT with out node empty_48)   --->   "%and_ln52_19 = or i1 %tmp_25, i1 %not_tmp_58" [firmware/nnet_utils/nnet_activation_stream.h:52]   --->   Operation 102 'or' 'and_ln52_19' <Predicate = (icmp_ln51_3)> <Delay = 0.00> <CoreInst = "LogicGate">   --->   Core 74 'LogicGate' <Latency = 0> <II = 1> <Delay = 0.97> <FuncUnit> <Opcode : 'and' 'or' 'xor'> <InPorts = 2> <OutPorts = 1>
ST_1 : Operation 103 [1/1] (0.97ns) (out node of the LUT)   --->   "%empty_48 = and i1 %icmp_ln52_7, i1 %and_ln52_19" [firmware/nnet_utils/nnet_activation_stream.h:52]   --->   Operation 103 'and' 'empty_48' <Predicate = (icmp_ln51_3)> <Delay = 0.97> <CoreInst = "LogicGate">   --->   Core 74 'LogicGate' <Latency = 0> <II = 1> <Delay = 0.97> <FuncUnit> <Opcode : 'and' 'or' 'xor'> <InPorts = 2> <OutPorts = 1>
ST_1 : Operation 104 [1/1] (0.00ns) (grouped into LUT with out node select_ln52_10)   --->   "%or_ln52_10 = or i1 %empty_48, i1 %tmp_19" [firmware/nnet_utils/nnet_activation_stream.h:52]   --->   Operation 104 'or' 'or_ln52_10' <Predicate = (or_ln52_11 & icmp_ln51_3)> <Delay = 0.00> <CoreInst = "LogicGate">   --->   Core 74 'LogicGate' <Latency = 0> <II = 1> <Delay = 0.97> <FuncUnit> <Opcode : 'and' 'or' 'xor'> <InPorts = 2> <OutPorts = 1>
ST_1 : Operation 105 [1/1] (0.00ns) (grouped into LUT with out node out_data_0_3_0_0_0_load)   --->   "%xor_ln52_3 = xor i1 %empty_48, i1 1" [firmware/nnet_utils/nnet_activation_stream.h:52]   --->   Operation 105 'xor' 'xor_ln52_3' <Predicate = (icmp_ln51_3)> <Delay = 0.00> <CoreInst = "LogicGate">   --->   Core 74 'LogicGate' <Latency = 0> <II = 1> <Delay = 0.97> <FuncUnit> <Opcode : 'and' 'or' 'xor'> <InPorts = 2> <OutPorts = 1>
ST_1 : Operation 106 [1/1] (0.00ns) (grouped into LUT with out node out_data_0_3_0_0_0_load)   --->   "%or_ln52_11 = or i1 %tmp_19, i1 %xor_ln52_3" [firmware/nnet_utils/nnet_activation_stream.h:52]   --->   Operation 106 'or' 'or_ln52_11' <Predicate = (icmp_ln51_3)> <Delay = 0.00> <CoreInst = "LogicGate">   --->   Core 74 'LogicGate' <Latency = 0> <II = 1> <Delay = 0.97> <FuncUnit> <Opcode : 'and' 'or' 'xor'> <InPorts = 2> <OutPorts = 1>
ST_1 : Operation 107 [1/1] (0.00ns) (grouped into LUT with out node select_ln52_10)   --->   "%select_ln52_9 = select i1 %tmp_19, i6 0, i6 %add_ln52_3" [firmware/nnet_utils/nnet_activation_stream.h:52]   --->   Operation 107 'select' 'select_ln52_9' <Predicate = (or_ln52_10 & or_ln52_11 & icmp_ln51_3)> <Delay = 0.00> <CoreInst = "Sel">   --->   Core 73 'Sel' <Latency = 0> <II = 1> <Delay = 0.66> <FuncUnit> <Opcode : 'select'> <InPorts = 3> <OutPorts = 1>
ST_1 : Operation 108 [1/1] (0.97ns) (out node of the LUT)   --->   "%select_ln52_10 = select i1 %or_ln52_10, i6 %select_ln52_9, i6 63" [firmware/nnet_utils/nnet_activation_stream.h:52]   --->   Operation 108 'select' 'select_ln52_10' <Predicate = (or_ln52_11 & icmp_ln51_3)> <Delay = 0.97> <CoreInst = "Sel">   --->   Core 73 'Sel' <Latency = 0> <II = 1> <Delay = 0.66> <FuncUnit> <Opcode : 'select'> <InPorts = 3> <OutPorts = 1>
ST_1 : Operation 109 [1/1] (0.00ns) (grouped into LUT with out node out_data_0_3_0_0_0_load)   --->   "%select_ln52_11 = select i1 %or_ln52_11, i6 %select_ln52_10, i6 %add_ln52_3" [firmware/nnet_utils/nnet_activation_stream.h:52]   --->   Operation 109 'select' 'select_ln52_11' <Predicate = (icmp_ln51_3)> <Delay = 0.00> <CoreInst = "Sel">   --->   Core 73 'Sel' <Latency = 0> <II = 1> <Delay = 0.66> <FuncUnit> <Opcode : 'select'> <InPorts = 3> <OutPorts = 1>
ST_1 : Operation 110 [1/1] (0.97ns) (out node of the LUT)   --->   "%out_data_0_3_0_0_0_load = select i1 %icmp_ln51_3, i6 %select_ln52_11, i6 0" [firmware/nnet_utils/nnet_activation_stream.h:51]   --->   Operation 110 'select' 'out_data_0_3_0_0_0_load' <Predicate = true> <Delay = 0.97> <CoreInst = "Sel">   --->   Core 73 'Sel' <Latency = 0> <II = 1> <Delay = 0.66> <FuncUnit> <Opcode : 'select'> <InPorts = 3> <OutPorts = 1>
ST_1 : Operation 111 [1/1] (2.25ns)   --->   "%icmp_ln51_4 = icmp_sgt  i19 %trunc_ln44_9, i19 0" [firmware/nnet_utils/nnet_activation_stream.h:51]   --->   Operation 111 'icmp' 'icmp_ln51_4' <Predicate = true> <Delay = 2.25> <CoreInst = "Cmp">   --->   Core 9 'Cmp' <Latency = 0> <II = 1> <Delay = 2.25> <FuncUnit> <Opcode : 'seteq' 'setne' 'setle' 'setge' 'setlt' 'setgt'> <InPorts = 2> <OutPorts = 1>
ST_1 : Operation 112 [1/1] (0.00ns)   --->   "%tmp_26 = bitselect i1 @_ssdm_op_BitSelect.i1.i114.i32, i114 %layer14_out_read, i32 94" [firmware/nnet_utils/nnet_activation_stream.h:52]   --->   Operation 112 'bitselect' 'tmp_26' <Predicate = (icmp_ln51_4)> <Delay = 0.00>
ST_1 : Operation 113 [1/1] (0.00ns) (grouped into LUT with out node add_ln52_4)   --->   "%trunc_ln52_9 = partselect i6 @_ssdm_op_PartSelect.i6.i114.i32.i32, i114 %layer14_out_read, i32 80, i32 85" [firmware/nnet_utils/nnet_activation_stream.h:52]   --->   Operation 113 'partselect' 'trunc_ln52_9' <Predicate = (icmp_ln51_4)> <Delay = 0.00>
ST_1 : Operation 114 [1/1] (0.00ns) (grouped into LUT with out node add_ln52_4)   --->   "%tmp_27 = bitselect i1 @_ssdm_op_BitSelect.i1.i114.i32, i114 %layer14_out_read, i32 79" [firmware/nnet_utils/nnet_activation_stream.h:52]   --->   Operation 114 'bitselect' 'tmp_27' <Predicate = (icmp_ln51_4)> <Delay = 0.00>
ST_1 : Operation 115 [1/1] (0.00ns)   --->   "%tmp_28 = partselect i3 @_ssdm_op_PartSelect.i3.i114.i32.i32, i114 %layer14_out_read, i32 76, i32 78" [firmware/nnet_utils/nnet_activation_stream.h:52]   --->   Operation 115 'partselect' 'tmp_28' <Predicate = (icmp_ln51_4)> <Delay = 0.00>
ST_1 : Operation 116 [1/1] (1.68ns)   --->   "%icmp_ln52_8 = icmp_ne  i3 %tmp_28, i3 0" [firmware/nnet_utils/nnet_activation_stream.h:52]   --->   Operation 116 'icmp' 'icmp_ln52_8' <Predicate = (icmp_ln51_4)> <Delay = 1.68> <CoreInst = "Cmp">   --->   Core 9 'Cmp' <Latency = 0> <II = 1> <Delay = 1.68> <FuncUnit> <Opcode : 'seteq' 'setne' 'setle' 'setge' 'setlt' 'setgt'> <InPorts = 2> <OutPorts = 1>
ST_1 : Operation 117 [1/1] (0.00ns) (grouped into LUT with out node empty_49)   --->   "%tmp_29 = bitselect i1 @_ssdm_op_BitSelect.i1.i114.i32, i114 %layer14_out_read, i32 85" [firmware/nnet_utils/nnet_activation_stream.h:52]   --->   Operation 117 'bitselect' 'tmp_29' <Predicate = (icmp_ln51_4)> <Delay = 0.00>
ST_1 : Operation 118 [1/1] (0.00ns) (grouped into LUT with out node add_ln52_4)   --->   "%tmp_30 = bitselect i1 @_ssdm_op_BitSelect.i1.i114.i32, i114 %layer14_out_read, i32 80" [firmware/nnet_utils/nnet_activation_stream.h:52]   --->   Operation 118 'bitselect' 'tmp_30' <Predicate = (icmp_ln51_4)> <Delay = 0.00>
ST_1 : Operation 119 [1/1] (0.00ns) (grouped into LUT with out node add_ln52_4)   --->   "%or_ln52_12 = or i1 %tmp_30, i1 %icmp_ln52_8" [firmware/nnet_utils/nnet_activation_stream.h:52]   --->   Operation 119 'or' 'or_ln52_12' <Predicate = (icmp_ln51_4)> <Delay = 0.00> <CoreInst = "LogicGate">   --->   Core 74 'LogicGate' <Latency = 0> <II = 1> <Delay = 0.97> <FuncUnit> <Opcode : 'and' 'or' 'xor'> <InPorts = 2> <OutPorts = 1>
ST_1 : Operation 120 [1/1] (0.00ns) (grouped into LUT with out node add_ln52_4)   --->   "%and_ln52_4 = and i1 %or_ln52_12, i1 %tmp_27" [firmware/nnet_utils/nnet_activation_stream.h:52]   --->   Operation 120 'and' 'and_ln52_4' <Predicate = (icmp_ln51_4)> <Delay = 0.00> <CoreInst = "LogicGate">   --->   Core 74 'LogicGate' <Latency = 0> <II = 1> <Delay = 0.97> <FuncUnit> <Opcode : 'and' 'or' 'xor'> <InPorts = 2> <OutPorts = 1>
ST_1 : Operation 121 [1/1] (0.00ns) (grouped into LUT with out node add_ln52_4)   --->   "%zext_ln52_4 = zext i1 %and_ln52_4" [firmware/nnet_utils/nnet_activation_stream.h:52]   --->   Operation 121 'zext' 'zext_ln52_4' <Predicate = (icmp_ln51_4)> <Delay = 0.00>
ST_1 : Operation 122 [1/1] (1.94ns) (out node of the LUT)   --->   "%add_ln52_4 = add i6 %trunc_ln52_9, i6 %zext_ln52_4" [firmware/nnet_utils/nnet_activation_stream.h:52]   --->   Operation 122 'add' 'add_ln52_4' <Predicate = (icmp_ln51_4)> <Delay = 1.94> <CoreInst = "Adder">   --->   Core 1 'Adder' <Latency = 0> <II = 1> <Delay = 1.94> <FuncUnit> <Opcode : 'add' 'sub'> <InPorts = 2> <OutPorts = 1>
ST_1 : Operation 123 [1/1] (0.00ns)   --->   "%tmp_31 = partselect i9 @_ssdm_op_PartSelect.i9.i114.i32.i32, i114 %layer14_out_read, i32 86, i32 94" [firmware/nnet_utils/nnet_activation_stream.h:52]   --->   Operation 123 'partselect' 'tmp_31' <Predicate = (icmp_ln51_4)> <Delay = 0.00>
ST_1 : Operation 124 [1/1] (2.11ns)   --->   "%icmp_ln52_9 = icmp_eq  i9 %tmp_31, i9 0" [firmware/nnet_utils/nnet_activation_stream.h:52]   --->   Operation 124 'icmp' 'icmp_ln52_9' <Predicate = (icmp_ln51_4)> <Delay = 2.11> <CoreInst = "Cmp">   --->   Core 9 'Cmp' <Latency = 0> <II = 1> <Delay = 2.11> <FuncUnit> <Opcode : 'seteq' 'setne' 'setle' 'setge' 'setlt' 'setgt'> <InPorts = 2> <OutPorts = 1>
ST_1 : Operation 125 [1/1] (0.00ns) (grouped into LUT with out node empty_49)   --->   "%tmp_32 = bitselect i1 @_ssdm_op_BitSelect.i1.i6.i32, i6 %add_ln52_4, i32 5" [firmware/nnet_utils/nnet_activation_stream.h:52]   --->   Operation 125 'bitselect' 'tmp_32' <Predicate = (icmp_ln51_4)> <Delay = 0.00>
ST_1 : Operation 126 [1/1] (0.00ns) (grouped into LUT with out node empty_49)   --->   "%not_tmp_65 = xor i1 %tmp_29, i1 1" [firmware/nnet_utils/nnet_activation_stream.h:52]   --->   Operation 126 'xor' 'not_tmp_65' <Predicate = (icmp_ln51_4)> <Delay = 0.00> <CoreInst = "LogicGate">   --->   Core 74 'LogicGate' <Latency = 0> <II = 1> <Delay = 0.97> <FuncUnit> <Opcode : 'and' 'or' 'xor'> <InPorts = 2> <OutPorts = 1>
ST_1 : Operation 127 [1/1] (0.00ns) (grouped into LUT with out node empty_49)   --->   "%and_ln52_21 = or i1 %tmp_32, i1 %not_tmp_65" [firmware/nnet_utils/nnet_activation_stream.h:52]   --->   Operation 127 'or' 'and_ln52_21' <Predicate = (icmp_ln51_4)> <Delay = 0.00> <CoreInst = "LogicGate">   --->   Core 74 'LogicGate' <Latency = 0> <II = 1> <Delay = 0.97> <FuncUnit> <Opcode : 'and' 'or' 'xor'> <InPorts = 2> <OutPorts = 1>
ST_1 : Operation 128 [1/1] (0.97ns) (out node of the LUT)   --->   "%empty_49 = and i1 %icmp_ln52_9, i1 %and_ln52_21" [firmware/nnet_utils/nnet_activation_stream.h:52]   --->   Operation 128 'and' 'empty_49' <Predicate = (icmp_ln51_4)> <Delay = 0.97> <CoreInst = "LogicGate">   --->   Core 74 'LogicGate' <Latency = 0> <II = 1> <Delay = 0.97> <FuncUnit> <Opcode : 'and' 'or' 'xor'> <InPorts = 2> <OutPorts = 1>
ST_1 : Operation 129 [1/1] (0.00ns) (grouped into LUT with out node select_ln52_13)   --->   "%or_ln52_13 = or i1 %empty_49, i1 %tmp_26" [firmware/nnet_utils/nnet_activation_stream.h:52]   --->   Operation 129 'or' 'or_ln52_13' <Predicate = (or_ln52_14 & icmp_ln51_4)> <Delay = 0.00> <CoreInst = "LogicGate">   --->   Core 74 'LogicGate' <Latency = 0> <II = 1> <Delay = 0.97> <FuncUnit> <Opcode : 'and' 'or' 'xor'> <InPorts = 2> <OutPorts = 1>
ST_1 : Operation 130 [1/1] (0.00ns) (grouped into LUT with out node out_data_0_4_0_0_0_load)   --->   "%xor_ln52_4 = xor i1 %empty_49, i1 1" [firmware/nnet_utils/nnet_activation_stream.h:52]   --->   Operation 130 'xor' 'xor_ln52_4' <Predicate = (icmp_ln51_4)> <Delay = 0.00> <CoreInst = "LogicGate">   --->   Core 74 'LogicGate' <Latency = 0> <II = 1> <Delay = 0.97> <FuncUnit> <Opcode : 'and' 'or' 'xor'> <InPorts = 2> <OutPorts = 1>
ST_1 : Operation 131 [1/1] (0.00ns) (grouped into LUT with out node out_data_0_4_0_0_0_load)   --->   "%or_ln52_14 = or i1 %tmp_26, i1 %xor_ln52_4" [firmware/nnet_utils/nnet_activation_stream.h:52]   --->   Operation 131 'or' 'or_ln52_14' <Predicate = (icmp_ln51_4)> <Delay = 0.00> <CoreInst = "LogicGate">   --->   Core 74 'LogicGate' <Latency = 0> <II = 1> <Delay = 0.97> <FuncUnit> <Opcode : 'and' 'or' 'xor'> <InPorts = 2> <OutPorts = 1>
ST_1 : Operation 132 [1/1] (0.00ns) (grouped into LUT with out node select_ln52_13)   --->   "%select_ln52_12 = select i1 %tmp_26, i6 0, i6 %add_ln52_4" [firmware/nnet_utils/nnet_activation_stream.h:52]   --->   Operation 132 'select' 'select_ln52_12' <Predicate = (or_ln52_13 & or_ln52_14 & icmp_ln51_4)> <Delay = 0.00> <CoreInst = "Sel">   --->   Core 73 'Sel' <Latency = 0> <II = 1> <Delay = 0.66> <FuncUnit> <Opcode : 'select'> <InPorts = 3> <OutPorts = 1>
ST_1 : Operation 133 [1/1] (0.97ns) (out node of the LUT)   --->   "%select_ln52_13 = select i1 %or_ln52_13, i6 %select_ln52_12, i6 63" [firmware/nnet_utils/nnet_activation_stream.h:52]   --->   Operation 133 'select' 'select_ln52_13' <Predicate = (or_ln52_14 & icmp_ln51_4)> <Delay = 0.97> <CoreInst = "Sel">   --->   Core 73 'Sel' <Latency = 0> <II = 1> <Delay = 0.66> <FuncUnit> <Opcode : 'select'> <InPorts = 3> <OutPorts = 1>
ST_1 : Operation 134 [1/1] (0.00ns) (grouped into LUT with out node out_data_0_4_0_0_0_load)   --->   "%select_ln52_14 = select i1 %or_ln52_14, i6 %select_ln52_13, i6 %add_ln52_4" [firmware/nnet_utils/nnet_activation_stream.h:52]   --->   Operation 134 'select' 'select_ln52_14' <Predicate = (icmp_ln51_4)> <Delay = 0.00> <CoreInst = "Sel">   --->   Core 73 'Sel' <Latency = 0> <II = 1> <Delay = 0.66> <FuncUnit> <Opcode : 'select'> <InPorts = 3> <OutPorts = 1>
ST_1 : Operation 135 [1/1] (0.97ns) (out node of the LUT)   --->   "%out_data_0_4_0_0_0_load = select i1 %icmp_ln51_4, i6 %select_ln52_14, i6 0" [firmware/nnet_utils/nnet_activation_stream.h:51]   --->   Operation 135 'select' 'out_data_0_4_0_0_0_load' <Predicate = true> <Delay = 0.97> <CoreInst = "Sel">   --->   Core 73 'Sel' <Latency = 0> <II = 1> <Delay = 0.66> <FuncUnit> <Opcode : 'select'> <InPorts = 3> <OutPorts = 1>
ST_1 : Operation 136 [1/1] (2.25ns)   --->   "%icmp_ln51_5 = icmp_sgt  i19 %trunc_ln44_s, i19 0" [firmware/nnet_utils/nnet_activation_stream.h:51]   --->   Operation 136 'icmp' 'icmp_ln51_5' <Predicate = true> <Delay = 2.25> <CoreInst = "Cmp">   --->   Core 9 'Cmp' <Latency = 0> <II = 1> <Delay = 2.25> <FuncUnit> <Opcode : 'seteq' 'setne' 'setle' 'setge' 'setlt' 'setgt'> <InPorts = 2> <OutPorts = 1>
ST_1 : Operation 137 [1/1] (0.00ns)   --->   "%tmp_33 = bitselect i1 @_ssdm_op_BitSelect.i1.i114.i32, i114 %layer14_out_read, i32 113" [firmware/nnet_utils/nnet_activation_stream.h:52]   --->   Operation 137 'bitselect' 'tmp_33' <Predicate = (icmp_ln51_5)> <Delay = 0.00>
ST_1 : Operation 138 [1/1] (0.00ns) (grouped into LUT with out node add_ln52_5)   --->   "%trunc_ln52_s = partselect i6 @_ssdm_op_PartSelect.i6.i114.i32.i32, i114 %layer14_out_read, i32 99, i32 104" [firmware/nnet_utils/nnet_activation_stream.h:52]   --->   Operation 138 'partselect' 'trunc_ln52_s' <Predicate = (icmp_ln51_5)> <Delay = 0.00>
ST_1 : Operation 139 [1/1] (0.00ns) (grouped into LUT with out node add_ln52_5)   --->   "%tmp_34 = bitselect i1 @_ssdm_op_BitSelect.i1.i114.i32, i114 %layer14_out_read, i32 98" [firmware/nnet_utils/nnet_activation_stream.h:52]   --->   Operation 139 'bitselect' 'tmp_34' <Predicate = (icmp_ln51_5)> <Delay = 0.00>
ST_1 : Operation 140 [1/1] (0.00ns)   --->   "%tmp_35 = partselect i3 @_ssdm_op_PartSelect.i3.i114.i32.i32, i114 %layer14_out_read, i32 95, i32 97" [firmware/nnet_utils/nnet_activation_stream.h:52]   --->   Operation 140 'partselect' 'tmp_35' <Predicate = (icmp_ln51_5)> <Delay = 0.00>
ST_1 : Operation 141 [1/1] (1.68ns)   --->   "%icmp_ln52_10 = icmp_ne  i3 %tmp_35, i3 0" [firmware/nnet_utils/nnet_activation_stream.h:52]   --->   Operation 141 'icmp' 'icmp_ln52_10' <Predicate = (icmp_ln51_5)> <Delay = 1.68> <CoreInst = "Cmp">   --->   Core 9 'Cmp' <Latency = 0> <II = 1> <Delay = 1.68> <FuncUnit> <Opcode : 'seteq' 'setne' 'setle' 'setge' 'setlt' 'setgt'> <InPorts = 2> <OutPorts = 1>
ST_1 : Operation 142 [1/1] (0.00ns) (grouped into LUT with out node empty_50)   --->   "%tmp_36 = bitselect i1 @_ssdm_op_BitSelect.i1.i114.i32, i114 %layer14_out_read, i32 104" [firmware/nnet_utils/nnet_activation_stream.h:52]   --->   Operation 142 'bitselect' 'tmp_36' <Predicate = (icmp_ln51_5)> <Delay = 0.00>
ST_1 : Operation 143 [1/1] (0.00ns) (grouped into LUT with out node add_ln52_5)   --->   "%tmp_37 = bitselect i1 @_ssdm_op_BitSelect.i1.i114.i32, i114 %layer14_out_read, i32 99" [firmware/nnet_utils/nnet_activation_stream.h:52]   --->   Operation 143 'bitselect' 'tmp_37' <Predicate = (icmp_ln51_5)> <Delay = 0.00>
ST_1 : Operation 144 [1/1] (0.00ns) (grouped into LUT with out node add_ln52_5)   --->   "%or_ln52_15 = or i1 %tmp_37, i1 %icmp_ln52_10" [firmware/nnet_utils/nnet_activation_stream.h:52]   --->   Operation 144 'or' 'or_ln52_15' <Predicate = (icmp_ln51_5)> <Delay = 0.00> <CoreInst = "LogicGate">   --->   Core 74 'LogicGate' <Latency = 0> <II = 1> <Delay = 0.97> <FuncUnit> <Opcode : 'and' 'or' 'xor'> <InPorts = 2> <OutPorts = 1>
ST_1 : Operation 145 [1/1] (0.00ns) (grouped into LUT with out node add_ln52_5)   --->   "%and_ln52_5 = and i1 %or_ln52_15, i1 %tmp_34" [firmware/nnet_utils/nnet_activation_stream.h:52]   --->   Operation 145 'and' 'and_ln52_5' <Predicate = (icmp_ln51_5)> <Delay = 0.00> <CoreInst = "LogicGate">   --->   Core 74 'LogicGate' <Latency = 0> <II = 1> <Delay = 0.97> <FuncUnit> <Opcode : 'and' 'or' 'xor'> <InPorts = 2> <OutPorts = 1>
ST_1 : Operation 146 [1/1] (0.00ns) (grouped into LUT with out node add_ln52_5)   --->   "%zext_ln52_5 = zext i1 %and_ln52_5" [firmware/nnet_utils/nnet_activation_stream.h:52]   --->   Operation 146 'zext' 'zext_ln52_5' <Predicate = (icmp_ln51_5)> <Delay = 0.00>
ST_1 : Operation 147 [1/1] (1.94ns) (out node of the LUT)   --->   "%add_ln52_5 = add i6 %trunc_ln52_s, i6 %zext_ln52_5" [firmware/nnet_utils/nnet_activation_stream.h:52]   --->   Operation 147 'add' 'add_ln52_5' <Predicate = (icmp_ln51_5)> <Delay = 1.94> <CoreInst = "Adder">   --->   Core 1 'Adder' <Latency = 0> <II = 1> <Delay = 1.94> <FuncUnit> <Opcode : 'add' 'sub'> <InPorts = 2> <OutPorts = 1>
ST_1 : Operation 148 [1/1] (0.00ns)   --->   "%tmp_38 = partselect i9 @_ssdm_op_PartSelect.i9.i114.i32.i32, i114 %layer14_out_read, i32 105, i32 113" [firmware/nnet_utils/nnet_activation_stream.h:52]   --->   Operation 148 'partselect' 'tmp_38' <Predicate = (icmp_ln51_5)> <Delay = 0.00>
ST_1 : Operation 149 [1/1] (2.11ns)   --->   "%icmp_ln52_11 = icmp_eq  i9 %tmp_38, i9 0" [firmware/nnet_utils/nnet_activation_stream.h:52]   --->   Operation 149 'icmp' 'icmp_ln52_11' <Predicate = (icmp_ln51_5)> <Delay = 2.11> <CoreInst = "Cmp">   --->   Core 9 'Cmp' <Latency = 0> <II = 1> <Delay = 2.11> <FuncUnit> <Opcode : 'seteq' 'setne' 'setle' 'setge' 'setlt' 'setgt'> <InPorts = 2> <OutPorts = 1>
ST_1 : Operation 150 [1/1] (0.00ns) (grouped into LUT with out node empty_50)   --->   "%tmp_39 = bitselect i1 @_ssdm_op_BitSelect.i1.i6.i32, i6 %add_ln52_5, i32 5" [firmware/nnet_utils/nnet_activation_stream.h:52]   --->   Operation 150 'bitselect' 'tmp_39' <Predicate = (icmp_ln51_5)> <Delay = 0.00>
ST_1 : Operation 151 [1/1] (0.00ns) (grouped into LUT with out node empty_50)   --->   "%not_tmp_72 = xor i1 %tmp_36, i1 1" [firmware/nnet_utils/nnet_activation_stream.h:52]   --->   Operation 151 'xor' 'not_tmp_72' <Predicate = (icmp_ln51_5)> <Delay = 0.00> <CoreInst = "LogicGate">   --->   Core 74 'LogicGate' <Latency = 0> <II = 1> <Delay = 0.97> <FuncUnit> <Opcode : 'and' 'or' 'xor'> <InPorts = 2> <OutPorts = 1>
ST_1 : Operation 152 [1/1] (0.00ns) (grouped into LUT with out node empty_50)   --->   "%and_ln52_22 = or i1 %tmp_39, i1 %not_tmp_72" [firmware/nnet_utils/nnet_activation_stream.h:52]   --->   Operation 152 'or' 'and_ln52_22' <Predicate = (icmp_ln51_5)> <Delay = 0.00> <CoreInst = "LogicGate">   --->   Core 74 'LogicGate' <Latency = 0> <II = 1> <Delay = 0.97> <FuncUnit> <Opcode : 'and' 'or' 'xor'> <InPorts = 2> <OutPorts = 1>
ST_1 : Operation 153 [1/1] (0.97ns) (out node of the LUT)   --->   "%empty_50 = and i1 %icmp_ln52_11, i1 %and_ln52_22" [firmware/nnet_utils/nnet_activation_stream.h:52]   --->   Operation 153 'and' 'empty_50' <Predicate = (icmp_ln51_5)> <Delay = 0.97> <CoreInst = "LogicGate">   --->   Core 74 'LogicGate' <Latency = 0> <II = 1> <Delay = 0.97> <FuncUnit> <Opcode : 'and' 'or' 'xor'> <InPorts = 2> <OutPorts = 1>
ST_1 : Operation 154 [1/1] (0.00ns) (grouped into LUT with out node select_ln52_16)   --->   "%or_ln52_16 = or i1 %empty_50, i1 %tmp_33" [firmware/nnet_utils/nnet_activation_stream.h:52]   --->   Operation 154 'or' 'or_ln52_16' <Predicate = (or_ln52_17 & icmp_ln51_5)> <Delay = 0.00> <CoreInst = "LogicGate">   --->   Core 74 'LogicGate' <Latency = 0> <II = 1> <Delay = 0.97> <FuncUnit> <Opcode : 'and' 'or' 'xor'> <InPorts = 2> <OutPorts = 1>
ST_1 : Operation 155 [1/1] (0.00ns) (grouped into LUT with out node out_data_0_5_0_0_0_load)   --->   "%xor_ln52_5 = xor i1 %empty_50, i1 1" [firmware/nnet_utils/nnet_activation_stream.h:52]   --->   Operation 155 'xor' 'xor_ln52_5' <Predicate = (icmp_ln51_5)> <Delay = 0.00> <CoreInst = "LogicGate">   --->   Core 74 'LogicGate' <Latency = 0> <II = 1> <Delay = 0.97> <FuncUnit> <Opcode : 'and' 'or' 'xor'> <InPorts = 2> <OutPorts = 1>
ST_1 : Operation 156 [1/1] (0.00ns) (grouped into LUT with out node out_data_0_5_0_0_0_load)   --->   "%or_ln52_17 = or i1 %tmp_33, i1 %xor_ln52_5" [firmware/nnet_utils/nnet_activation_stream.h:52]   --->   Operation 156 'or' 'or_ln52_17' <Predicate = (icmp_ln51_5)> <Delay = 0.00> <CoreInst = "LogicGate">   --->   Core 74 'LogicGate' <Latency = 0> <II = 1> <Delay = 0.97> <FuncUnit> <Opcode : 'and' 'or' 'xor'> <InPorts = 2> <OutPorts = 1>
ST_1 : Operation 157 [1/1] (0.00ns) (grouped into LUT with out node select_ln52_16)   --->   "%select_ln52_15 = select i1 %tmp_33, i6 0, i6 %add_ln52_5" [firmware/nnet_utils/nnet_activation_stream.h:52]   --->   Operation 157 'select' 'select_ln52_15' <Predicate = (or_ln52_16 & or_ln52_17 & icmp_ln51_5)> <Delay = 0.00> <CoreInst = "Sel">   --->   Core 73 'Sel' <Latency = 0> <II = 1> <Delay = 0.66> <FuncUnit> <Opcode : 'select'> <InPorts = 3> <OutPorts = 1>
ST_1 : Operation 158 [1/1] (0.97ns) (out node of the LUT)   --->   "%select_ln52_16 = select i1 %or_ln52_16, i6 %select_ln52_15, i6 63" [firmware/nnet_utils/nnet_activation_stream.h:52]   --->   Operation 158 'select' 'select_ln52_16' <Predicate = (or_ln52_17 & icmp_ln51_5)> <Delay = 0.97> <CoreInst = "Sel">   --->   Core 73 'Sel' <Latency = 0> <II = 1> <Delay = 0.66> <FuncUnit> <Opcode : 'select'> <InPorts = 3> <OutPorts = 1>
ST_1 : Operation 159 [1/1] (0.00ns) (grouped into LUT with out node out_data_0_5_0_0_0_load)   --->   "%select_ln52_17 = select i1 %or_ln52_17, i6 %select_ln52_16, i6 %add_ln52_5" [firmware/nnet_utils/nnet_activation_stream.h:52]   --->   Operation 159 'select' 'select_ln52_17' <Predicate = (icmp_ln51_5)> <Delay = 0.00> <CoreInst = "Sel">   --->   Core 73 'Sel' <Latency = 0> <II = 1> <Delay = 0.66> <FuncUnit> <Opcode : 'select'> <InPorts = 3> <OutPorts = 1>
ST_1 : Operation 160 [1/1] (0.97ns) (out node of the LUT)   --->   "%out_data_0_5_0_0_0_load = select i1 %icmp_ln51_5, i6 %select_ln52_17, i6 0" [firmware/nnet_utils/nnet_activation_stream.h:51]   --->   Operation 160 'select' 'out_data_0_5_0_0_0_load' <Predicate = true> <Delay = 0.97> <CoreInst = "Sel">   --->   Core 73 'Sel' <Latency = 0> <II = 1> <Delay = 0.66> <FuncUnit> <Opcode : 'select'> <InPorts = 3> <OutPorts = 1>
ST_1 : Operation 161 [1/1] (0.00ns)   --->   "%p_s = bitconcatenate i36 @_ssdm_op_BitConcatenate.i36.i6.i6.i6.i6.i6.i6, i6 %out_data_0_5_0_0_0_load, i6 %out_data_0_4_0_0_0_load, i6 %out_data_0_3_0_0_0_load, i6 %out_data_0_2_0_0_0_load, i6 %out_data_0_1_0_0_0_load, i6 %out_data_0_0_0_0_0_load" [firmware/nnet_utils/nnet_activation_stream.h:57]   --->   Operation 161 'bitconcatenate' 'p_s' <Predicate = true> <Delay = 0.00>
ST_1 : Operation 162 [1/1] ( I:3.90ns O:3.90ns )   --->   "%write_ln57 = write void @_ssdm_op_Write.ap_fifo.volatile.i36P0A, i36 %layer16_out, i36 %p_s" [firmware/nnet_utils/nnet_activation_stream.h:57]   --->   Operation 162 'write' 'write_ln57' <Predicate = true> <Delay = 3.90> <CoreInst = "FIFO_SRL">   --->   Core 80 'FIFO_SRL' <Latency = 0> <II = 1> <Delay = 3.90> <Storage> <Opcode : 'read' 'write' 'nbread' 'nbwrite'> <Ports = 0> <Width = 36> <Depth = 1> <FIFO>
ST_1 : Operation 163 [1/1] (0.00ns)   --->   "%ret_ln59 = ret" [firmware/nnet_utils/nnet_activation_stream.h:59]   --->   Operation 163 'ret' 'ret_ln59' <Predicate = true> <Delay = 0.00>


============================================================
+ Verbose Summary: Timing violations
============================================================
Target clock period: 30.000ns, clock uncertainty: 8.100ns.

 <State 1>: 14.376ns
The critical path consists of the following:
	fifo read operation ('layer14_out_read', firmware/nnet_utils/nnet_activation_stream.h:44) on port 'layer14_out' (firmware/nnet_utils/nnet_activation_stream.h:44) [5]  (3.908 ns)
	'icmp' operation 1 bit ('icmp_ln52_6', firmware/nnet_utils/nnet_activation_stream.h:52) [92]  (1.680 ns)
	'or' operation 1 bit ('or_ln52_9', firmware/nnet_utils/nnet_activation_stream.h:52) [95]  (0.000 ns)
	'and' operation 1 bit ('and_ln52_3', firmware/nnet_utils/nnet_activation_stream.h:52) [96]  (0.000 ns)
	'add' operation 6 bit ('add_ln52_3', firmware/nnet_utils/nnet_activation_stream.h:52) [98]  (1.946 ns)
	'or' operation 1 bit ('and_ln52_19', firmware/nnet_utils/nnet_activation_stream.h:52) [103]  (0.000 ns)
	'and' operation 1 bit ('empty_48', firmware/nnet_utils/nnet_activation_stream.h:52) [104]  (0.978 ns)
	'or' operation 1 bit ('or_ln52_10', firmware/nnet_utils/nnet_activation_stream.h:52) [105]  (0.000 ns)
	'select' operation 6 bit ('select_ln52_10', firmware/nnet_utils/nnet_activation_stream.h:52) [109]  (0.978 ns)
	'select' operation 6 bit ('select_ln52_11', firmware/nnet_utils/nnet_activation_stream.h:52) [110]  (0.000 ns)
	'select' operation 6 bit ('out_data_0_3_0_0_0_load', firmware/nnet_utils/nnet_activation_stream.h:51) [111]  (0.978 ns)
	fifo write operation ('write_ln57', firmware/nnet_utils/nnet_activation_stream.h:57) on port 'layer16_out' (firmware/nnet_utils/nnet_activation_stream.h:57) [163]  (3.908 ns)


============================================================
+ Verbose Summary: Binding
============================================================
N/A
* FSMD analyzer results:
  - Output states:
 - Input state : 
  - Chain level:
	State 1


============================================================
+ Verbose Summary: Datapath Resource usage 
============================================================
N/A
