================================================================
== Design Size Report
================================================================

* Total Instructions per Compilation Phase
+---------------+-----------------------------+--------------+----------------------------------------------------------------------------------------+
| Phase         | Step                        | Instructions | Description                                                                            |
+---------------+-----------------------------+--------------+----------------------------------------------------------------------------------------+
| Compile/Link  |                             | 6,305        | After all functions are compiled and linked into a single design                       |
|               |                             |              |                                                                                        |
| Unroll/Inline |                             |              | After user unroll and inline pragmas are applied                                       |
|               | (1) unroll                  | 4,542        | user unroll pragmas are applied                                                        |
|               | (2) simplification          | 2,379        | simplification of applied user unroll pragmas                                          |
|               | (3) inline                  | 2,037        | user inline pragmas are applied                                                        |
|               | (4) simplification          | 1,811        | simplification of applied user inline pragmas                                          |
|               |                             |              |                                                                                        |
| Array/Struct  |                             |              | After user array partition and struct aggregate/disaggregate pragmas are applied       |
|               | (1) array partition         | 4,759        | user array partition pragmas are applied                                               |
|               | (2) simplification          | 4,059        | simplification of applied user array partition & struct aggregate/disaggregate pragmas |
|               | (3) aggregate/disaggregate  | 4,081        | user struct aggregate/disaggregate pragmas are applied                                 |
|               | (4) array reshape           | 4,656        | apply array reshape pragmas                                                            |
|               | (5) access patterns         | 7,411        | array access pattern optmizations                                                      |
|               |                             |              |                                                                                        |
| Performance   |                             |              | After transformations are applied to meet performance pragma targets                   |
|               | (1) loop simplification     | 4,552        | loop and instruction simplification                                                    |
|               | (2) parallelization         | 3,717        | loops are unrolled or pipelined to meet performance targets                            |
|               | (3) array partition         | 3,630        | arrays are partitioned to meet performance targets                                     |
|               | (4) simplification          | 3,630        | simplification of design after performance transformations                             |
|               |                             |              |                                                                                        |
| HW Transforms |                             |              | After hardware transfomations                                                          |
|               | (1) lowering                | 3,520        | initial conversion to HW specific instructions                                         |
|               | (2) optimizations           | 3,722        | high level synthesis optimizations                                                     |
+---------------+-----------------------------+--------------+----------------------------------------------------------------------------------------+

* Instructions per Function for each Compilation Phase
+-----------------------------------------+-----------------------------+----------------+---------------+--------------+-------------+---------------+
| Function                                | Location                    | Compile/Link   | Unroll/Inline | Array/Struct | Performance | HW Transforms |
+-----------------------------------------+-----------------------------+----------------+---------------+--------------+-------------+---------------+
| + myproject                             | myproject.cpp:7             | 6,305          | 1,811         | 7,411        | 3,630       | 3,722         |
|  + conv_2d_cl<nnet::array<ap_ui...      | nnet_conv2d_stream.h:66     | 1,008          |  202          |  259         |  230        |  261          |
|   + conv_2d_buffer_resource_cl<n...     | nnet_conv2d_stream.h:40     | 1,005          |               |              |             |               |
|    + compute_output_buffer_2d<nne...    | nnet_conv_stream.h:251      |  948           |               |              |             |               |
|     + shift_line_buffer<nnet::arra...   | nnet_conv_stream.h:215      |  157           |               |              |             |               |
|        operator[]                       | nnet_types.h:19             |    3           |               |              |             |               |
|        kernel_shift_2d<nnet::array<...  | nnet_conv_stream.h:181      |   75           |               |              |             |               |
|     + dense                             | nnet_dense.h:72             |  689           |               |              |             |               |
|      + dense_resource_rf_gt_nin_rem...  | nnet_dense_resource.h:87    |  687           |               |              |             |               |
|         product                         | nnet_mult.h:70              |  240           |               |              |             |               |
|         cast<ap_uint<8>, ap_fixed<20... | nnet_mult.h:110             |    3           |               |              |             |               |
|       operator[]                        | nnet_types.h:17             |    3           |               |              |             |               |
|   + compute_output_buffer_2d<nne...     | nnet_conv_stream.h:251      |                |  178          |  235         |  211        |  235          |
|      shift_line_buffer<nnet::arra...    | nnet_conv_stream.h:215      |                |   63          |   82         |   60        |   79          |
|      dense_resource_rf_gt_nin_rem...    | nnet_dense_resource.h:87    |                |   49          |   81         |   79        |   86          |
|  + relu<nnet::array<ap_fixed<20...      | nnet_activation_stream.h:39 |  803           |   64          |   76         |   76        |   74          |
|     operator[]                          | nnet_types.h:17             |   12 (4 calls) |               |              |             |               |
|  + conv_2d_cl<nnet::array<ap_uf...      | nnet_conv2d_stream.h:66     |  900           |  332          |  445         |  383        |  435          |
|   + conv_2d_buffer_resource_cl<n...     | nnet_conv2d_stream.h:40     |  897           |               |              |             |               |
|    + compute_output_buffer_2d<nne...    | nnet_conv_stream.h:251      |  840           |               |              |             |               |
|     + shift_line_buffer<nnet::arra...   | nnet_conv_stream.h:215      |  157           |               |              |             |               |
|        operator[]                       | nnet_types.h:19             |    3           |               |              |             |               |
|        kernel_shift_2d<nnet::array<...  | nnet_conv_stream.h:181      |   75           |               |              |             |               |
|     + dense                             | nnet_dense.h:61             |  581           |               |              |             |               |
|      + dense_resource_rf_leq_nin<ap...  | nnet_dense_resource.h:13    |  579           |               |              |             |               |
|         product                         | nnet_mult.h:70              |  141           |               |              |             |               |
|         cast<ap_ufixed<6, 0, AP_RND_... | nnet_mult.h:110             |    3           |               |              |             |               |
|       operator[]                        | nnet_types.h:17             |    3           |               |              |             |               |
|   + compute_output_buffer_2d<nne...     | nnet_conv_stream.h:251      |                |  304          |  401         |  347        |  395          |
|      shift_line_buffer<nnet::arra...    | nnet_conv_stream.h:215      |                |  123          |  163         |  119        |  156          |
|      dense_resource_rf_leq_nin<ap...    | nnet_dense_resource.h:13    |                |  100          |  136         |  126        |  136          |
|  + relu<nnet::array<ap_fixed<19...      | nnet_activation_stream.h:39 |  857           |  243          |  275         |  275        |  276          |
|     operator[]                          | nnet_types.h:17             |   12 (4 calls) |               |              |             |               |
|  + conv_2d_cl<nnet::array<ap_uf...      | nnet_conv2d_stream.h:66     |  900           |  362          |  515         |  459        |  492          |
|   + conv_2d_buffer_resource_cl<n...     | nnet_conv2d_stream.h:40     |  897           |               |              |             |               |
|    + compute_output_buffer_2d<nne...    | nnet_conv_stream.h:251      |  840           |               |              |             |               |
|     + shift_line_buffer<nnet::arra...   | nnet_conv_stream.h:215      |  157           |               |              |             |               |
|        operator[]                       | nnet_types.h:19             |    3           |               |              |             |               |
|        kernel_shift_2d<nnet::array<...  | nnet_conv_stream.h:181      |   75           |               |              |             |               |
|     + dense                             | nnet_dense.h:61             |  581           |               |              |             |               |
|      + dense_resource_rf_leq_nin<ap...  | nnet_dense_resource.h:13    |  579           |               |              |             |               |
|         product                         | nnet_mult.h:70              |  141           |               |              |             |               |
|         cast<ap_ufixed<6, 0, AP_RND_... | nnet_mult.h:110             |    3           |               |              |             |               |
|       operator[]                        | nnet_types.h:17             |    3           |               |              |             |               |
|   + compute_output_buffer_2d<nne...     | nnet_conv_stream.h:251      |                |  325          |  442         |  375        |  419          |
|      shift_line_buffer<nnet::arra...    | nnet_conv_stream.h:215      |                |  123          |  186         |  131        |  162          |
|      dense_resource_rf_leq_nin<ap...    | nnet_dense_resource.h:13    |                |  118          |  146         |  134        |  145          |
|  + relu<nnet::array<ap_fixed<19...      | nnet_activation_stream.h:39 |  857           |  288          |  328         |  328        |  330          |
|     operator[]                          | nnet_types.h:17             |   12 (4 calls) |               |              |             |               |
|  + dense<nnet::array<ap_ufixed<...      | nnet_dense_stream.h:82      |  794           |  264          | 5,434        | 1,802       | 1,803         |
|   + data_prepare<nnet::array<ap_...     | nnet_dense_stream.h:28      |   75           |               |              |             |               |
|      operator[]                         | nnet_types.h:17             |    6 (2 calls) |               |              |             |               |
|   + dense_resource_wrapper<ap_uf...     | nnet_dense_stream.h:21      |  628           |               |              |             |               |
|    + dense_resource<ap_ufixed<6, ...    | nnet_dense_resource.h:255   |  626           |               |              |             |               |
|     + dense_resource_rf_leq_nin<ap...   | nnet_dense_resource.h:13    |  624           |               |              |             |               |
|        product                          | nnet_mult.h:70              |  141           |               |              |             |               |
|        cast<ap_ufixed<6, 0, AP_RND_...  | nnet_mult.h:110             |   48           |               |              |             |               |
|   + res_write<nnet::array<ap_fix...     | nnet_dense_stream.h:53      |   71           |               |              |             |               |
|      operator[]                         | nnet_types.h:17             |    6 (2 calls) |               |              |             |               |
|     dense_resource_rf_leq_nin<ap...     | nnet_dense_resource.h:13    |                |  221          |  892         |  165        |  171          |
|  + linear<nnet::array<ap_fixed<...      | nnet_activation_stream.h:17 |  117           |    9          |   14         |   12        |   10          |
|     operator[]                          | nnet_types.h:17             |    6 (2 calls) |               |              |             |               |
+-----------------------------------------+-----------------------------+----------------+---------------+--------------+-------------+---------------+

* Design Size Message Settings
+---------------------------------------------+--------+------------------------------------------------------------------+
| Message Setting                             | Value  | Description                                                      |
+---------------------------------------------+--------+------------------------------------------------------------------+
| config_compile -design_size_maximum_warning | 100000 | Show a warning when total design instructions exceeds this value |
+---------------------------------------------+--------+------------------------------------------------------------------+


