

================================================================
== Vitis HLS Report for 'shift_line_buffer_array_ap_ufixed_6_0_4_0_0_2u_config5_s'
================================================================
* Date:           Mon Apr 28 18:56:02 2025

* Version:        2024.2 (Build 5238294 on Nov  8 2024)
* Project:        myproject_prj
* Solution:       solution1 (Vivado IP Flow Target)
* Product family: artix7
* Target device:  xc7a35t-cpg236-1


================================================================
== Performance Estimates
================================================================
+ Timing: 
    * Summary: 
    +--------+----------+----------+------------+
    |  Clock |  Target  | Estimated| Uncertainty|
    +--------+----------+----------+------------+
    |ap_clk  |  30.00 ns|  6.468 ns|     8.10 ns|
    +--------+----------+----------+------------+

+ Latency: 
    * Summary: 
    +---------+---------+----------+----------+-----+-----+---------+
    |  Latency (cycles) |  Latency (absolute) |  Interval | Pipeline|
    |   min   |   max   |    min   |    max   | min | max |   Type  |
    +---------+---------+----------+----------+-----+-----+---------+
    |        0|        0|      0 ns|      0 ns|    1|    1|      yes|
    +---------+---------+----------+----------+-----+-----+---------+

    + Detail: 
        * Instance: 
        N/A

        * Loop: 
        N/A



================================================================
== Utilization Estimates
================================================================
* Summary: 
+-----------------+---------+----+-------+-------+-----+
|       Name      | BRAM_18K| DSP|   FF  |  LUT  | URAM|
+-----------------+---------+----+-------+-------+-----+
|DSP              |        -|   -|      -|      -|    -|
|Expression       |        -|   -|      -|      -|    -|
|FIFO             |        -|   -|      -|      -|    -|
|Instance         |        -|   -|      -|      -|    -|
|Memory           |        -|   -|    512|    256|    -|
|Multiplexer      |        -|   -|      0|    360|    -|
|Register         |        -|   -|      1|      -|    -|
+-----------------+---------+----+-------+-------+-----+
|Total            |        0|   0|    513|    616|    0|
+-----------------+---------+----+-------+-------+-----+
|Available        |      100|  90|  41600|  20800|    0|
+-----------------+---------+----+-------+-------+-----+
|Utilization (%)  |        0|   0|      1|      2|    0|
+-----------------+---------+----+-------+-------+-----+

+ Detail: 
    * Instance: 
    N/A

    * DSP: 
    N/A

    * Memory: 
    +----------------------------------------------------------------------------------------+----------------------------------------------------------------------------------+---------+----+----+-----+------+-----+------+-------------+
    |                                         Memory                                         |                                      Module                                      | BRAM_18K| FF | LUT| URAM| Words| Bits| Banks| W*Bits*Banks|
    +----------------------------------------------------------------------------------------+----------------------------------------------------------------------------------+---------+----+----+-----+------+-----+------+-------------+
    |p_ZZN4nnet26conv_2d_buffer_resource_clINS_5arrayI9ap_ufixedILi6ELi0EL9ap_q_mode4E_17_U  |shift_line_buffer_array_ap_ufixed_6_0_4_0_0_2u_config5_s_p_ZZN4nnet26conv_2d_hbi  |        0|  64|  32|    0|    30|    6|     1|          180|
    |p_ZZN4nnet26conv_2d_buffer_resource_clINS_5arrayI9ap_ufixedILi6ELi0EL9ap_q_mode4E_15_U  |shift_line_buffer_array_ap_ufixed_6_0_4_0_0_2u_config5_s_p_ZZN4nnet26conv_2d_hbi  |        0|  64|  32|    0|    30|    6|     1|          180|
    |p_ZZN4nnet26conv_2d_buffer_resource_clINS_5arrayI9ap_ufixedILi6ELi0EL9ap_q_mode4E_13_U  |shift_line_buffer_array_ap_ufixed_6_0_4_0_0_2u_config5_s_p_ZZN4nnet26conv_2d_hbi  |        0|  64|  32|    0|    30|    6|     1|          180|
    |p_ZZN4nnet26conv_2d_buffer_resource_clINS_5arrayI9ap_ufixedILi6ELi0EL9ap_q_mode4E_11_U  |shift_line_buffer_array_ap_ufixed_6_0_4_0_0_2u_config5_s_p_ZZN4nnet26conv_2d_hbi  |        0|  64|  32|    0|    30|    6|     1|          180|
    |p_ZZN4nnet26conv_2d_buffer_resource_clINS_5arrayI9ap_ufixedILi6ELi0EL9ap_q_mode4E_16_U  |shift_line_buffer_array_ap_ufixed_6_0_4_0_0_2u_config5_s_p_ZZN4nnet26conv_2d_hbi  |        0|  64|  32|    0|    30|    6|     1|          180|
    |p_ZZN4nnet26conv_2d_buffer_resource_clINS_5arrayI9ap_ufixedILi6ELi0EL9ap_q_mode4E_14_U  |shift_line_buffer_array_ap_ufixed_6_0_4_0_0_2u_config5_s_p_ZZN4nnet26conv_2d_hbi  |        0|  64|  32|    0|    30|    6|     1|          180|
    |p_ZZN4nnet26conv_2d_buffer_resource_clINS_5arrayI9ap_ufixedILi6ELi0EL9ap_q_mode4E_12_U  |shift_line_buffer_array_ap_ufixed_6_0_4_0_0_2u_config5_s_p_ZZN4nnet26conv_2d_hbi  |        0|  64|  32|    0|    30|    6|     1|          180|
    |p_ZZN4nnet26conv_2d_buffer_resource_clINS_5arrayI9ap_ufixedILi6ELi0EL9ap_q_mode4E_10_U  |shift_line_buffer_array_ap_ufixed_6_0_4_0_0_2u_config5_s_p_ZZN4nnet26conv_2d_hbi  |        0|  64|  32|    0|    30|    6|     1|          180|
    +----------------------------------------------------------------------------------------+----------------------------------------------------------------------------------+---------+----+----+-----+------+-----+------+-------------+
    |Total                                                                                   |                                                                                  |        0| 512| 256|    0|   240|   48|     8|         1440|
    +----------------------------------------------------------------------------------------+----------------------------------------------------------------------------------+---------+----+----+-----+------+-----+------+-------------+

    * FIFO: 
    N/A

    * Expression: 
    N/A

    * Multiplexer: 
    +----------------------------------------------------------------------------------------+----+-----------+-----+-----------+
    |                                          Name                                          | LUT| Input Size| Bits| Total Bits|
    +----------------------------------------------------------------------------------------+----+-----------+-----+-----------+
    |p_ZZN4nnet24compute_output_buffer_2dINS_5arrayI9ap_ufixedILi6ELi0EL9ap_q_mode4EL9_35_o  |   9|          2|    6|         12|
    |p_ZZN4nnet24compute_output_buffer_2dINS_5arrayI9ap_ufixedILi6ELi0EL9ap_q_mode4EL9_36_o  |   9|          2|    6|         12|
    |p_ZZN4nnet24compute_output_buffer_2dINS_5arrayI9ap_ufixedILi6ELi0EL9ap_q_mode4EL9_37_o  |   9|          2|    6|         12|
    |p_ZZN4nnet24compute_output_buffer_2dINS_5arrayI9ap_ufixedILi6ELi0EL9ap_q_mode4EL9_38_o  |   9|          2|    6|         12|
    |p_ZZN4nnet24compute_output_buffer_2dINS_5arrayI9ap_ufixedILi6ELi0EL9ap_q_mode4EL9_39_o  |   9|          2|    6|         12|
    |p_ZZN4nnet24compute_output_buffer_2dINS_5arrayI9ap_ufixedILi6ELi0EL9ap_q_mode4EL9_40_o  |   9|          2|    6|         12|
    |p_ZZN4nnet24compute_output_buffer_2dINS_5arrayI9ap_ufixedILi6ELi0EL9ap_q_mode4EL9_41_o  |   9|          2|    6|         12|
    |p_ZZN4nnet24compute_output_buffer_2dINS_5arrayI9ap_ufixedILi6ELi0EL9ap_q_mode4EL9_42_o  |   9|          2|    6|         12|
    |p_ZZN4nnet24compute_output_buffer_2dINS_5arrayI9ap_ufixedILi6ELi0EL9ap_q_mode4EL9_45_o  |   9|          2|    6|         12|
    |p_ZZN4nnet24compute_output_buffer_2dINS_5arrayI9ap_ufixedILi6ELi0EL9ap_q_mode4EL9_46_o  |   9|          2|    6|         12|
    |p_ZZN4nnet24compute_output_buffer_2dINS_5arrayI9ap_ufixedILi6ELi0EL9ap_q_mode4EL9_47_o  |   9|          2|    6|         12|
    |p_ZZN4nnet24compute_output_buffer_2dINS_5arrayI9ap_ufixedILi6ELi0EL9ap_q_mode4EL9_48_o  |   9|          2|    6|         12|
    |p_ZZN4nnet24compute_output_buffer_2dINS_5arrayI9ap_ufixedILi6ELi0EL9ap_q_mode4EL9_49_o  |   9|          2|    6|         12|
    |p_ZZN4nnet24compute_output_buffer_2dINS_5arrayI9ap_ufixedILi6ELi0EL9ap_q_mode4EL9_50_o  |   9|          2|    6|         12|
    |p_ZZN4nnet24compute_output_buffer_2dINS_5arrayI9ap_ufixedILi6ELi0EL9ap_q_mode4EL9_51_o  |   9|          2|    6|         12|
    |p_ZZN4nnet24compute_output_buffer_2dINS_5arrayI9ap_ufixedILi6ELi0EL9ap_q_mode4EL9_52_o  |   9|          2|    6|         12|
    |p_ZZN4nnet24compute_output_buffer_2dINS_5arrayI9ap_ufixedILi6ELi0EL9ap_q_mode4EL9_55_o  |   9|          2|    6|         12|
    |p_ZZN4nnet24compute_output_buffer_2dINS_5arrayI9ap_ufixedILi6ELi0EL9ap_q_mode4EL9_56_o  |   9|          2|    6|         12|
    |p_ZZN4nnet24compute_output_buffer_2dINS_5arrayI9ap_ufixedILi6ELi0EL9ap_q_mode4EL9_57_o  |   9|          2|    6|         12|
    |p_ZZN4nnet24compute_output_buffer_2dINS_5arrayI9ap_ufixedILi6ELi0EL9ap_q_mode4EL9_58_o  |   9|          2|    6|         12|
    |p_ZZN4nnet24compute_output_buffer_2dINS_5arrayI9ap_ufixedILi6ELi0EL9ap_q_mode4EL9_59_o  |   9|          2|    6|         12|
    |p_ZZN4nnet24compute_output_buffer_2dINS_5arrayI9ap_ufixedILi6ELi0EL9ap_q_mode4EL9_60_o  |   9|          2|    6|         12|
    |p_ZZN4nnet24compute_output_buffer_2dINS_5arrayI9ap_ufixedILi6ELi0EL9ap_q_mode4EL9_61_o  |   9|          2|    6|         12|
    |p_ZZN4nnet24compute_output_buffer_2dINS_5arrayI9ap_ufixedILi6ELi0EL9ap_q_mode4EL9_62_o  |   9|          2|    6|         12|
    |p_ZZN4nnet24compute_output_buffer_2dINS_5arrayI9ap_ufixedILi6ELi0EL9ap_q_mode4EL9_65_o  |   9|          2|    6|         12|
    |p_ZZN4nnet24compute_output_buffer_2dINS_5arrayI9ap_ufixedILi6ELi0EL9ap_q_mode4EL9_66_o  |   9|          2|    6|         12|
    |p_ZZN4nnet24compute_output_buffer_2dINS_5arrayI9ap_ufixedILi6ELi0EL9ap_q_mode4EL9_67_o  |   9|          2|    6|         12|
    |p_ZZN4nnet24compute_output_buffer_2dINS_5arrayI9ap_ufixedILi6ELi0EL9ap_q_mode4EL9_68_o  |   9|          2|    6|         12|
    |p_ZZN4nnet24compute_output_buffer_2dINS_5arrayI9ap_ufixedILi6ELi0EL9ap_q_mode4EL9_69_o  |   9|          2|    6|         12|
    |p_ZZN4nnet24compute_output_buffer_2dINS_5arrayI9ap_ufixedILi6ELi0EL9ap_q_mode4EL9_70_o  |   9|          2|    6|         12|
    |p_ZZN4nnet24compute_output_buffer_2dINS_5arrayI9ap_ufixedILi6ELi0EL9ap_q_mode4EL9_71_o  |   9|          2|    6|         12|
    |p_ZZN4nnet24compute_output_buffer_2dINS_5arrayI9ap_ufixedILi6ELi0EL9ap_q_mode4EL9_72_o  |   9|          2|    6|         12|
    |void_compute_output_buffer_2d_array_const_ap_shift_reg_n_chan_stream_weig_20_o          |   9|          2|    6|         12|
    |void_compute_output_buffer_2d_array_const_ap_shift_reg_n_chan_stream_weig_21_o          |   9|          2|    6|         12|
    |void_compute_output_buffer_2d_array_const_ap_shift_reg_n_chan_stream_weig_22_o          |   9|          2|    6|         12|
    |void_compute_output_buffer_2d_array_const_ap_shift_reg_n_chan_stream_weig_23_o          |   9|          2|    6|         12|
    |void_compute_output_buffer_2d_array_const_ap_shift_reg_n_chan_stream_weig_24_o          |   9|          2|    6|         12|
    |void_compute_output_buffer_2d_array_const_ap_shift_reg_n_chan_stream_weig_25_o          |   9|          2|    6|         12|
    |void_compute_output_buffer_2d_array_const_ap_shift_reg_n_chan_stream_weig_26_o          |   9|          2|    6|         12|
    |void_compute_output_buffer_2d_array_const_ap_shift_reg_n_chan_stream_weig_27_o          |   9|          2|    6|         12|
    +----------------------------------------------------------------------------------------+----+-----------+-----+-----------+
    |Total                                                                                   | 360|         80|  240|        480|
    +----------------------------------------------------------------------------------------+----+-----------+-----+-----------+

    * Register: 
    +-----------+---+----+-----+-----------+
    |    Name   | FF| LUT| Bits| Const Bits|
    +-----------+---+----+-----+-----------+
    |ap_CS_fsm  |  1|   0|    1|          0|
    +-----------+---+----+-----+-----------+
    |Total      |  1|   0|    1|          0|
    +-----------+---+----+-----+-----------+



================================================================
== Interface
================================================================
* Summary: 
+-----------------------------------------------------------------------------------------------+-----+-----+------------+--------------------------------------------------------------------------------------+--------------+
|                                           RTL Ports                                           | Dir | Bits|  Protocol  |                                     Source Object                                    |    C Type    |
+-----------------------------------------------------------------------------------------------+-----+-----+------------+--------------------------------------------------------------------------------------+--------------+
|ap_clk                                                                                         |   in|    1|  ap_ctrl_hs|                       shift_line_buffer<array<ap_ufixed<6, 0, 4, 0, 0>, 2u>, config5>|  return value|
|ap_rst                                                                                         |   in|    1|  ap_ctrl_hs|                       shift_line_buffer<array<ap_ufixed<6, 0, 4, 0, 0>, 2u>, config5>|  return value|
|ap_start                                                                                       |   in|    1|  ap_ctrl_hs|                       shift_line_buffer<array<ap_ufixed<6, 0, 4, 0, 0>, 2u>, config5>|  return value|
|ap_done                                                                                        |  out|    1|  ap_ctrl_hs|                       shift_line_buffer<array<ap_ufixed<6, 0, 4, 0, 0>, 2u>, config5>|  return value|
|ap_idle                                                                                        |  out|    1|  ap_ctrl_hs|                       shift_line_buffer<array<ap_ufixed<6, 0, 4, 0, 0>, 2u>, config5>|  return value|
|ap_ready                                                                                       |  out|    1|  ap_ctrl_hs|                       shift_line_buffer<array<ap_ufixed<6, 0, 4, 0, 0>, 2u>, config5>|  return value|
|in_elem_0_0_0_0_0_val                                                                          |   in|    6|     ap_none|                                                                 in_elem_0_0_0_0_0_val|        scalar|
|in_elem_0_1_0_0_0_val                                                                          |   in|    6|     ap_none|                                                                 in_elem_0_1_0_0_0_val|        scalar|
|void_compute_output_buffer_2d_array_const_ap_shift_reg_n_chan_stream_weig_27_i                 |   in|    6|     ap_ovld|          void_compute_output_buffer_2d_array_const_ap_shift_reg_n_chan_stream_weig_27|       pointer|
|void_compute_output_buffer_2d_array_const_ap_shift_reg_n_chan_stream_weig_27_o                 |  out|    6|     ap_ovld|          void_compute_output_buffer_2d_array_const_ap_shift_reg_n_chan_stream_weig_27|       pointer|
|void_compute_output_buffer_2d_array_const_ap_shift_reg_n_chan_stream_weig_27_o_ap_vld          |  out|    1|     ap_ovld|          void_compute_output_buffer_2d_array_const_ap_shift_reg_n_chan_stream_weig_27|       pointer|
|void_compute_output_buffer_2d_array_const_ap_shift_reg_n_chan_stream_weig_29                   |  out|    6|      ap_vld|          void_compute_output_buffer_2d_array_const_ap_shift_reg_n_chan_stream_weig_29|       pointer|
|void_compute_output_buffer_2d_array_const_ap_shift_reg_n_chan_stream_weig_29_ap_vld            |  out|    1|      ap_vld|          void_compute_output_buffer_2d_array_const_ap_shift_reg_n_chan_stream_weig_29|       pointer|
|void_compute_output_buffer_2d_array_const_ap_shift_reg_n_chan_stream_weig_26_i                 |   in|    6|     ap_ovld|          void_compute_output_buffer_2d_array_const_ap_shift_reg_n_chan_stream_weig_26|       pointer|
|void_compute_output_buffer_2d_array_const_ap_shift_reg_n_chan_stream_weig_26_o                 |  out|    6|     ap_ovld|          void_compute_output_buffer_2d_array_const_ap_shift_reg_n_chan_stream_weig_26|       pointer|
|void_compute_output_buffer_2d_array_const_ap_shift_reg_n_chan_stream_weig_26_o_ap_vld          |  out|    1|     ap_ovld|          void_compute_output_buffer_2d_array_const_ap_shift_reg_n_chan_stream_weig_26|       pointer|
|void_compute_output_buffer_2d_array_const_ap_shift_reg_n_chan_stream_weig_28                   |  out|    6|      ap_vld|          void_compute_output_buffer_2d_array_const_ap_shift_reg_n_chan_stream_weig_28|       pointer|
|void_compute_output_buffer_2d_array_const_ap_shift_reg_n_chan_stream_weig_28_ap_vld            |  out|    1|      ap_vld|          void_compute_output_buffer_2d_array_const_ap_shift_reg_n_chan_stream_weig_28|       pointer|
|p_ZZN4nnet24compute_output_buffer_2dINS_5arrayI9ap_ufixedILi6ELi0EL9ap_q_mode4EL9_72_i         |   in|    6|     ap_ovld|  p_ZZN4nnet24compute_output_buffer_2dINS_5arrayI9ap_ufixedILi6ELi0EL9ap_q_mode4EL9_72|       pointer|
|p_ZZN4nnet24compute_output_buffer_2dINS_5arrayI9ap_ufixedILi6ELi0EL9ap_q_mode4EL9_72_o         |  out|    6|     ap_ovld|  p_ZZN4nnet24compute_output_buffer_2dINS_5arrayI9ap_ufixedILi6ELi0EL9ap_q_mode4EL9_72|       pointer|
|p_ZZN4nnet24compute_output_buffer_2dINS_5arrayI9ap_ufixedILi6ELi0EL9ap_q_mode4EL9_72_o_ap_vld  |  out|    1|     ap_ovld|  p_ZZN4nnet24compute_output_buffer_2dINS_5arrayI9ap_ufixedILi6ELi0EL9ap_q_mode4EL9_72|       pointer|
|p_ZZN4nnet24compute_output_buffer_2dINS_5arrayI9ap_ufixedILi6ELi0EL9ap_q_mode4EL9_74           |  out|    6|      ap_vld|  p_ZZN4nnet24compute_output_buffer_2dINS_5arrayI9ap_ufixedILi6ELi0EL9ap_q_mode4EL9_74|       pointer|
|p_ZZN4nnet24compute_output_buffer_2dINS_5arrayI9ap_ufixedILi6ELi0EL9ap_q_mode4EL9_74_ap_vld    |  out|    1|      ap_vld|  p_ZZN4nnet24compute_output_buffer_2dINS_5arrayI9ap_ufixedILi6ELi0EL9ap_q_mode4EL9_74|       pointer|
|p_ZZN4nnet24compute_output_buffer_2dINS_5arrayI9ap_ufixedILi6ELi0EL9ap_q_mode4EL9_71_i         |   in|    6|     ap_ovld|  p_ZZN4nnet24compute_output_buffer_2dINS_5arrayI9ap_ufixedILi6ELi0EL9ap_q_mode4EL9_71|       pointer|
|p_ZZN4nnet24compute_output_buffer_2dINS_5arrayI9ap_ufixedILi6ELi0EL9ap_q_mode4EL9_71_o         |  out|    6|     ap_ovld|  p_ZZN4nnet24compute_output_buffer_2dINS_5arrayI9ap_ufixedILi6ELi0EL9ap_q_mode4EL9_71|       pointer|
|p_ZZN4nnet24compute_output_buffer_2dINS_5arrayI9ap_ufixedILi6ELi0EL9ap_q_mode4EL9_71_o_ap_vld  |  out|    1|     ap_ovld|  p_ZZN4nnet24compute_output_buffer_2dINS_5arrayI9ap_ufixedILi6ELi0EL9ap_q_mode4EL9_71|       pointer|
|p_ZZN4nnet24compute_output_buffer_2dINS_5arrayI9ap_ufixedILi6ELi0EL9ap_q_mode4EL9_73           |  out|    6|      ap_vld|  p_ZZN4nnet24compute_output_buffer_2dINS_5arrayI9ap_ufixedILi6ELi0EL9ap_q_mode4EL9_73|       pointer|
|p_ZZN4nnet24compute_output_buffer_2dINS_5arrayI9ap_ufixedILi6ELi0EL9ap_q_mode4EL9_73_ap_vld    |  out|    1|      ap_vld|  p_ZZN4nnet24compute_output_buffer_2dINS_5arrayI9ap_ufixedILi6ELi0EL9ap_q_mode4EL9_73|       pointer|
|p_ZZN4nnet24compute_output_buffer_2dINS_5arrayI9ap_ufixedILi6ELi0EL9ap_q_mode4EL9_62_i         |   in|    6|     ap_ovld|  p_ZZN4nnet24compute_output_buffer_2dINS_5arrayI9ap_ufixedILi6ELi0EL9ap_q_mode4EL9_62|       pointer|
|p_ZZN4nnet24compute_output_buffer_2dINS_5arrayI9ap_ufixedILi6ELi0EL9ap_q_mode4EL9_62_o         |  out|    6|     ap_ovld|  p_ZZN4nnet24compute_output_buffer_2dINS_5arrayI9ap_ufixedILi6ELi0EL9ap_q_mode4EL9_62|       pointer|
|p_ZZN4nnet24compute_output_buffer_2dINS_5arrayI9ap_ufixedILi6ELi0EL9ap_q_mode4EL9_62_o_ap_vld  |  out|    1|     ap_ovld|  p_ZZN4nnet24compute_output_buffer_2dINS_5arrayI9ap_ufixedILi6ELi0EL9ap_q_mode4EL9_62|       pointer|
|p_ZZN4nnet24compute_output_buffer_2dINS_5arrayI9ap_ufixedILi6ELi0EL9ap_q_mode4EL9_64           |  out|    6|      ap_vld|  p_ZZN4nnet24compute_output_buffer_2dINS_5arrayI9ap_ufixedILi6ELi0EL9ap_q_mode4EL9_64|       pointer|
|p_ZZN4nnet24compute_output_buffer_2dINS_5arrayI9ap_ufixedILi6ELi0EL9ap_q_mode4EL9_64_ap_vld    |  out|    1|      ap_vld|  p_ZZN4nnet24compute_output_buffer_2dINS_5arrayI9ap_ufixedILi6ELi0EL9ap_q_mode4EL9_64|       pointer|
|p_ZZN4nnet24compute_output_buffer_2dINS_5arrayI9ap_ufixedILi6ELi0EL9ap_q_mode4EL9_61_i         |   in|    6|     ap_ovld|  p_ZZN4nnet24compute_output_buffer_2dINS_5arrayI9ap_ufixedILi6ELi0EL9ap_q_mode4EL9_61|       pointer|
|p_ZZN4nnet24compute_output_buffer_2dINS_5arrayI9ap_ufixedILi6ELi0EL9ap_q_mode4EL9_61_o         |  out|    6|     ap_ovld|  p_ZZN4nnet24compute_output_buffer_2dINS_5arrayI9ap_ufixedILi6ELi0EL9ap_q_mode4EL9_61|       pointer|
|p_ZZN4nnet24compute_output_buffer_2dINS_5arrayI9ap_ufixedILi6ELi0EL9ap_q_mode4EL9_61_o_ap_vld  |  out|    1|     ap_ovld|  p_ZZN4nnet24compute_output_buffer_2dINS_5arrayI9ap_ufixedILi6ELi0EL9ap_q_mode4EL9_61|       pointer|
|p_ZZN4nnet24compute_output_buffer_2dINS_5arrayI9ap_ufixedILi6ELi0EL9ap_q_mode4EL9_63           |  out|    6|      ap_vld|  p_ZZN4nnet24compute_output_buffer_2dINS_5arrayI9ap_ufixedILi6ELi0EL9ap_q_mode4EL9_63|       pointer|
|p_ZZN4nnet24compute_output_buffer_2dINS_5arrayI9ap_ufixedILi6ELi0EL9ap_q_mode4EL9_63_ap_vld    |  out|    1|      ap_vld|  p_ZZN4nnet24compute_output_buffer_2dINS_5arrayI9ap_ufixedILi6ELi0EL9ap_q_mode4EL9_63|       pointer|
|p_ZZN4nnet24compute_output_buffer_2dINS_5arrayI9ap_ufixedILi6ELi0EL9ap_q_mode4EL9_52_i         |   in|    6|     ap_ovld|  p_ZZN4nnet24compute_output_buffer_2dINS_5arrayI9ap_ufixedILi6ELi0EL9ap_q_mode4EL9_52|       pointer|
|p_ZZN4nnet24compute_output_buffer_2dINS_5arrayI9ap_ufixedILi6ELi0EL9ap_q_mode4EL9_52_o         |  out|    6|     ap_ovld|  p_ZZN4nnet24compute_output_buffer_2dINS_5arrayI9ap_ufixedILi6ELi0EL9ap_q_mode4EL9_52|       pointer|
|p_ZZN4nnet24compute_output_buffer_2dINS_5arrayI9ap_ufixedILi6ELi0EL9ap_q_mode4EL9_52_o_ap_vld  |  out|    1|     ap_ovld|  p_ZZN4nnet24compute_output_buffer_2dINS_5arrayI9ap_ufixedILi6ELi0EL9ap_q_mode4EL9_52|       pointer|
|p_ZZN4nnet24compute_output_buffer_2dINS_5arrayI9ap_ufixedILi6ELi0EL9ap_q_mode4EL9_54           |  out|    6|      ap_vld|  p_ZZN4nnet24compute_output_buffer_2dINS_5arrayI9ap_ufixedILi6ELi0EL9ap_q_mode4EL9_54|       pointer|
|p_ZZN4nnet24compute_output_buffer_2dINS_5arrayI9ap_ufixedILi6ELi0EL9ap_q_mode4EL9_54_ap_vld    |  out|    1|      ap_vld|  p_ZZN4nnet24compute_output_buffer_2dINS_5arrayI9ap_ufixedILi6ELi0EL9ap_q_mode4EL9_54|       pointer|
|p_ZZN4nnet24compute_output_buffer_2dINS_5arrayI9ap_ufixedILi6ELi0EL9ap_q_mode4EL9_51_i         |   in|    6|     ap_ovld|  p_ZZN4nnet24compute_output_buffer_2dINS_5arrayI9ap_ufixedILi6ELi0EL9ap_q_mode4EL9_51|       pointer|
|p_ZZN4nnet24compute_output_buffer_2dINS_5arrayI9ap_ufixedILi6ELi0EL9ap_q_mode4EL9_51_o         |  out|    6|     ap_ovld|  p_ZZN4nnet24compute_output_buffer_2dINS_5arrayI9ap_ufixedILi6ELi0EL9ap_q_mode4EL9_51|       pointer|
|p_ZZN4nnet24compute_output_buffer_2dINS_5arrayI9ap_ufixedILi6ELi0EL9ap_q_mode4EL9_51_o_ap_vld  |  out|    1|     ap_ovld|  p_ZZN4nnet24compute_output_buffer_2dINS_5arrayI9ap_ufixedILi6ELi0EL9ap_q_mode4EL9_51|       pointer|
|p_ZZN4nnet24compute_output_buffer_2dINS_5arrayI9ap_ufixedILi6ELi0EL9ap_q_mode4EL9_53           |  out|    6|      ap_vld|  p_ZZN4nnet24compute_output_buffer_2dINS_5arrayI9ap_ufixedILi6ELi0EL9ap_q_mode4EL9_53|       pointer|
|p_ZZN4nnet24compute_output_buffer_2dINS_5arrayI9ap_ufixedILi6ELi0EL9ap_q_mode4EL9_53_ap_vld    |  out|    1|      ap_vld|  p_ZZN4nnet24compute_output_buffer_2dINS_5arrayI9ap_ufixedILi6ELi0EL9ap_q_mode4EL9_53|       pointer|
|p_ZZN4nnet24compute_output_buffer_2dINS_5arrayI9ap_ufixedILi6ELi0EL9ap_q_mode4EL9_42_i         |   in|    6|     ap_ovld|  p_ZZN4nnet24compute_output_buffer_2dINS_5arrayI9ap_ufixedILi6ELi0EL9ap_q_mode4EL9_42|       pointer|
|p_ZZN4nnet24compute_output_buffer_2dINS_5arrayI9ap_ufixedILi6ELi0EL9ap_q_mode4EL9_42_o         |  out|    6|     ap_ovld|  p_ZZN4nnet24compute_output_buffer_2dINS_5arrayI9ap_ufixedILi6ELi0EL9ap_q_mode4EL9_42|       pointer|
|p_ZZN4nnet24compute_output_buffer_2dINS_5arrayI9ap_ufixedILi6ELi0EL9ap_q_mode4EL9_42_o_ap_vld  |  out|    1|     ap_ovld|  p_ZZN4nnet24compute_output_buffer_2dINS_5arrayI9ap_ufixedILi6ELi0EL9ap_q_mode4EL9_42|       pointer|
|p_ZZN4nnet24compute_output_buffer_2dINS_5arrayI9ap_ufixedILi6ELi0EL9ap_q_mode4EL9_44           |  out|    6|      ap_vld|  p_ZZN4nnet24compute_output_buffer_2dINS_5arrayI9ap_ufixedILi6ELi0EL9ap_q_mode4EL9_44|       pointer|
|p_ZZN4nnet24compute_output_buffer_2dINS_5arrayI9ap_ufixedILi6ELi0EL9ap_q_mode4EL9_44_ap_vld    |  out|    1|      ap_vld|  p_ZZN4nnet24compute_output_buffer_2dINS_5arrayI9ap_ufixedILi6ELi0EL9ap_q_mode4EL9_44|       pointer|
|p_ZZN4nnet24compute_output_buffer_2dINS_5arrayI9ap_ufixedILi6ELi0EL9ap_q_mode4EL9_41_i         |   in|    6|     ap_ovld|  p_ZZN4nnet24compute_output_buffer_2dINS_5arrayI9ap_ufixedILi6ELi0EL9ap_q_mode4EL9_41|       pointer|
|p_ZZN4nnet24compute_output_buffer_2dINS_5arrayI9ap_ufixedILi6ELi0EL9ap_q_mode4EL9_41_o         |  out|    6|     ap_ovld|  p_ZZN4nnet24compute_output_buffer_2dINS_5arrayI9ap_ufixedILi6ELi0EL9ap_q_mode4EL9_41|       pointer|
|p_ZZN4nnet24compute_output_buffer_2dINS_5arrayI9ap_ufixedILi6ELi0EL9ap_q_mode4EL9_41_o_ap_vld  |  out|    1|     ap_ovld|  p_ZZN4nnet24compute_output_buffer_2dINS_5arrayI9ap_ufixedILi6ELi0EL9ap_q_mode4EL9_41|       pointer|
|p_ZZN4nnet24compute_output_buffer_2dINS_5arrayI9ap_ufixedILi6ELi0EL9ap_q_mode4EL9_43           |  out|    6|      ap_vld|  p_ZZN4nnet24compute_output_buffer_2dINS_5arrayI9ap_ufixedILi6ELi0EL9ap_q_mode4EL9_43|       pointer|
|p_ZZN4nnet24compute_output_buffer_2dINS_5arrayI9ap_ufixedILi6ELi0EL9ap_q_mode4EL9_43_ap_vld    |  out|    1|      ap_vld|  p_ZZN4nnet24compute_output_buffer_2dINS_5arrayI9ap_ufixedILi6ELi0EL9ap_q_mode4EL9_43|       pointer|
|void_compute_output_buffer_2d_array_const_ap_shift_reg_n_chan_stream_weig_25_i                 |   in|    6|     ap_ovld|          void_compute_output_buffer_2d_array_const_ap_shift_reg_n_chan_stream_weig_25|       pointer|
|void_compute_output_buffer_2d_array_const_ap_shift_reg_n_chan_stream_weig_25_o                 |  out|    6|     ap_ovld|          void_compute_output_buffer_2d_array_const_ap_shift_reg_n_chan_stream_weig_25|       pointer|
|void_compute_output_buffer_2d_array_const_ap_shift_reg_n_chan_stream_weig_25_o_ap_vld          |  out|    1|     ap_ovld|          void_compute_output_buffer_2d_array_const_ap_shift_reg_n_chan_stream_weig_25|       pointer|
|void_compute_output_buffer_2d_array_const_ap_shift_reg_n_chan_stream_weig_24_i                 |   in|    6|     ap_ovld|          void_compute_output_buffer_2d_array_const_ap_shift_reg_n_chan_stream_weig_24|       pointer|
|void_compute_output_buffer_2d_array_const_ap_shift_reg_n_chan_stream_weig_24_o                 |  out|    6|     ap_ovld|          void_compute_output_buffer_2d_array_const_ap_shift_reg_n_chan_stream_weig_24|       pointer|
|void_compute_output_buffer_2d_array_const_ap_shift_reg_n_chan_stream_weig_24_o_ap_vld          |  out|    1|     ap_ovld|          void_compute_output_buffer_2d_array_const_ap_shift_reg_n_chan_stream_weig_24|       pointer|
|p_ZZN4nnet24compute_output_buffer_2dINS_5arrayI9ap_ufixedILi6ELi0EL9ap_q_mode4EL9_70_i         |   in|    6|     ap_ovld|  p_ZZN4nnet24compute_output_buffer_2dINS_5arrayI9ap_ufixedILi6ELi0EL9ap_q_mode4EL9_70|       pointer|
|p_ZZN4nnet24compute_output_buffer_2dINS_5arrayI9ap_ufixedILi6ELi0EL9ap_q_mode4EL9_70_o         |  out|    6|     ap_ovld|  p_ZZN4nnet24compute_output_buffer_2dINS_5arrayI9ap_ufixedILi6ELi0EL9ap_q_mode4EL9_70|       pointer|
|p_ZZN4nnet24compute_output_buffer_2dINS_5arrayI9ap_ufixedILi6ELi0EL9ap_q_mode4EL9_70_o_ap_vld  |  out|    1|     ap_ovld|  p_ZZN4nnet24compute_output_buffer_2dINS_5arrayI9ap_ufixedILi6ELi0EL9ap_q_mode4EL9_70|       pointer|
|p_ZZN4nnet24compute_output_buffer_2dINS_5arrayI9ap_ufixedILi6ELi0EL9ap_q_mode4EL9_69_i         |   in|    6|     ap_ovld|  p_ZZN4nnet24compute_output_buffer_2dINS_5arrayI9ap_ufixedILi6ELi0EL9ap_q_mode4EL9_69|       pointer|
|p_ZZN4nnet24compute_output_buffer_2dINS_5arrayI9ap_ufixedILi6ELi0EL9ap_q_mode4EL9_69_o         |  out|    6|     ap_ovld|  p_ZZN4nnet24compute_output_buffer_2dINS_5arrayI9ap_ufixedILi6ELi0EL9ap_q_mode4EL9_69|       pointer|
|p_ZZN4nnet24compute_output_buffer_2dINS_5arrayI9ap_ufixedILi6ELi0EL9ap_q_mode4EL9_69_o_ap_vld  |  out|    1|     ap_ovld|  p_ZZN4nnet24compute_output_buffer_2dINS_5arrayI9ap_ufixedILi6ELi0EL9ap_q_mode4EL9_69|       pointer|
|p_ZZN4nnet24compute_output_buffer_2dINS_5arrayI9ap_ufixedILi6ELi0EL9ap_q_mode4EL9_60_i         |   in|    6|     ap_ovld|  p_ZZN4nnet24compute_output_buffer_2dINS_5arrayI9ap_ufixedILi6ELi0EL9ap_q_mode4EL9_60|       pointer|
|p_ZZN4nnet24compute_output_buffer_2dINS_5arrayI9ap_ufixedILi6ELi0EL9ap_q_mode4EL9_60_o         |  out|    6|     ap_ovld|  p_ZZN4nnet24compute_output_buffer_2dINS_5arrayI9ap_ufixedILi6ELi0EL9ap_q_mode4EL9_60|       pointer|
|p_ZZN4nnet24compute_output_buffer_2dINS_5arrayI9ap_ufixedILi6ELi0EL9ap_q_mode4EL9_60_o_ap_vld  |  out|    1|     ap_ovld|  p_ZZN4nnet24compute_output_buffer_2dINS_5arrayI9ap_ufixedILi6ELi0EL9ap_q_mode4EL9_60|       pointer|
|p_ZZN4nnet24compute_output_buffer_2dINS_5arrayI9ap_ufixedILi6ELi0EL9ap_q_mode4EL9_59_i         |   in|    6|     ap_ovld|  p_ZZN4nnet24compute_output_buffer_2dINS_5arrayI9ap_ufixedILi6ELi0EL9ap_q_mode4EL9_59|       pointer|
|p_ZZN4nnet24compute_output_buffer_2dINS_5arrayI9ap_ufixedILi6ELi0EL9ap_q_mode4EL9_59_o         |  out|    6|     ap_ovld|  p_ZZN4nnet24compute_output_buffer_2dINS_5arrayI9ap_ufixedILi6ELi0EL9ap_q_mode4EL9_59|       pointer|
|p_ZZN4nnet24compute_output_buffer_2dINS_5arrayI9ap_ufixedILi6ELi0EL9ap_q_mode4EL9_59_o_ap_vld  |  out|    1|     ap_ovld|  p_ZZN4nnet24compute_output_buffer_2dINS_5arrayI9ap_ufixedILi6ELi0EL9ap_q_mode4EL9_59|       pointer|
|p_ZZN4nnet24compute_output_buffer_2dINS_5arrayI9ap_ufixedILi6ELi0EL9ap_q_mode4EL9_50_i         |   in|    6|     ap_ovld|  p_ZZN4nnet24compute_output_buffer_2dINS_5arrayI9ap_ufixedILi6ELi0EL9ap_q_mode4EL9_50|       pointer|
|p_ZZN4nnet24compute_output_buffer_2dINS_5arrayI9ap_ufixedILi6ELi0EL9ap_q_mode4EL9_50_o         |  out|    6|     ap_ovld|  p_ZZN4nnet24compute_output_buffer_2dINS_5arrayI9ap_ufixedILi6ELi0EL9ap_q_mode4EL9_50|       pointer|
|p_ZZN4nnet24compute_output_buffer_2dINS_5arrayI9ap_ufixedILi6ELi0EL9ap_q_mode4EL9_50_o_ap_vld  |  out|    1|     ap_ovld|  p_ZZN4nnet24compute_output_buffer_2dINS_5arrayI9ap_ufixedILi6ELi0EL9ap_q_mode4EL9_50|       pointer|
|p_ZZN4nnet24compute_output_buffer_2dINS_5arrayI9ap_ufixedILi6ELi0EL9ap_q_mode4EL9_49_i         |   in|    6|     ap_ovld|  p_ZZN4nnet24compute_output_buffer_2dINS_5arrayI9ap_ufixedILi6ELi0EL9ap_q_mode4EL9_49|       pointer|
|p_ZZN4nnet24compute_output_buffer_2dINS_5arrayI9ap_ufixedILi6ELi0EL9ap_q_mode4EL9_49_o         |  out|    6|     ap_ovld|  p_ZZN4nnet24compute_output_buffer_2dINS_5arrayI9ap_ufixedILi6ELi0EL9ap_q_mode4EL9_49|       pointer|
|p_ZZN4nnet24compute_output_buffer_2dINS_5arrayI9ap_ufixedILi6ELi0EL9ap_q_mode4EL9_49_o_ap_vld  |  out|    1|     ap_ovld|  p_ZZN4nnet24compute_output_buffer_2dINS_5arrayI9ap_ufixedILi6ELi0EL9ap_q_mode4EL9_49|       pointer|
|p_ZZN4nnet24compute_output_buffer_2dINS_5arrayI9ap_ufixedILi6ELi0EL9ap_q_mode4EL9_40_i         |   in|    6|     ap_ovld|  p_ZZN4nnet24compute_output_buffer_2dINS_5arrayI9ap_ufixedILi6ELi0EL9ap_q_mode4EL9_40|       pointer|
|p_ZZN4nnet24compute_output_buffer_2dINS_5arrayI9ap_ufixedILi6ELi0EL9ap_q_mode4EL9_40_o         |  out|    6|     ap_ovld|  p_ZZN4nnet24compute_output_buffer_2dINS_5arrayI9ap_ufixedILi6ELi0EL9ap_q_mode4EL9_40|       pointer|
|p_ZZN4nnet24compute_output_buffer_2dINS_5arrayI9ap_ufixedILi6ELi0EL9ap_q_mode4EL9_40_o_ap_vld  |  out|    1|     ap_ovld|  p_ZZN4nnet24compute_output_buffer_2dINS_5arrayI9ap_ufixedILi6ELi0EL9ap_q_mode4EL9_40|       pointer|
|p_ZZN4nnet24compute_output_buffer_2dINS_5arrayI9ap_ufixedILi6ELi0EL9ap_q_mode4EL9_39_i         |   in|    6|     ap_ovld|  p_ZZN4nnet24compute_output_buffer_2dINS_5arrayI9ap_ufixedILi6ELi0EL9ap_q_mode4EL9_39|       pointer|
|p_ZZN4nnet24compute_output_buffer_2dINS_5arrayI9ap_ufixedILi6ELi0EL9ap_q_mode4EL9_39_o         |  out|    6|     ap_ovld|  p_ZZN4nnet24compute_output_buffer_2dINS_5arrayI9ap_ufixedILi6ELi0EL9ap_q_mode4EL9_39|       pointer|
|p_ZZN4nnet24compute_output_buffer_2dINS_5arrayI9ap_ufixedILi6ELi0EL9ap_q_mode4EL9_39_o_ap_vld  |  out|    1|     ap_ovld|  p_ZZN4nnet24compute_output_buffer_2dINS_5arrayI9ap_ufixedILi6ELi0EL9ap_q_mode4EL9_39|       pointer|
|void_compute_output_buffer_2d_array_const_ap_shift_reg_n_chan_stream_weig_23_i                 |   in|    6|     ap_ovld|          void_compute_output_buffer_2d_array_const_ap_shift_reg_n_chan_stream_weig_23|       pointer|
|void_compute_output_buffer_2d_array_const_ap_shift_reg_n_chan_stream_weig_23_o                 |  out|    6|     ap_ovld|          void_compute_output_buffer_2d_array_const_ap_shift_reg_n_chan_stream_weig_23|       pointer|
|void_compute_output_buffer_2d_array_const_ap_shift_reg_n_chan_stream_weig_23_o_ap_vld          |  out|    1|     ap_ovld|          void_compute_output_buffer_2d_array_const_ap_shift_reg_n_chan_stream_weig_23|       pointer|
|void_compute_output_buffer_2d_array_const_ap_shift_reg_n_chan_stream_weig_22_i                 |   in|    6|     ap_ovld|          void_compute_output_buffer_2d_array_const_ap_shift_reg_n_chan_stream_weig_22|       pointer|
|void_compute_output_buffer_2d_array_const_ap_shift_reg_n_chan_stream_weig_22_o                 |  out|    6|     ap_ovld|          void_compute_output_buffer_2d_array_const_ap_shift_reg_n_chan_stream_weig_22|       pointer|
|void_compute_output_buffer_2d_array_const_ap_shift_reg_n_chan_stream_weig_22_o_ap_vld          |  out|    1|     ap_ovld|          void_compute_output_buffer_2d_array_const_ap_shift_reg_n_chan_stream_weig_22|       pointer|
|p_ZZN4nnet24compute_output_buffer_2dINS_5arrayI9ap_ufixedILi6ELi0EL9ap_q_mode4EL9_68_i         |   in|    6|     ap_ovld|  p_ZZN4nnet24compute_output_buffer_2dINS_5arrayI9ap_ufixedILi6ELi0EL9ap_q_mode4EL9_68|       pointer|
|p_ZZN4nnet24compute_output_buffer_2dINS_5arrayI9ap_ufixedILi6ELi0EL9ap_q_mode4EL9_68_o         |  out|    6|     ap_ovld|  p_ZZN4nnet24compute_output_buffer_2dINS_5arrayI9ap_ufixedILi6ELi0EL9ap_q_mode4EL9_68|       pointer|
|p_ZZN4nnet24compute_output_buffer_2dINS_5arrayI9ap_ufixedILi6ELi0EL9ap_q_mode4EL9_68_o_ap_vld  |  out|    1|     ap_ovld|  p_ZZN4nnet24compute_output_buffer_2dINS_5arrayI9ap_ufixedILi6ELi0EL9ap_q_mode4EL9_68|       pointer|
|p_ZZN4nnet24compute_output_buffer_2dINS_5arrayI9ap_ufixedILi6ELi0EL9ap_q_mode4EL9_67_i         |   in|    6|     ap_ovld|  p_ZZN4nnet24compute_output_buffer_2dINS_5arrayI9ap_ufixedILi6ELi0EL9ap_q_mode4EL9_67|       pointer|
|p_ZZN4nnet24compute_output_buffer_2dINS_5arrayI9ap_ufixedILi6ELi0EL9ap_q_mode4EL9_67_o         |  out|    6|     ap_ovld|  p_ZZN4nnet24compute_output_buffer_2dINS_5arrayI9ap_ufixedILi6ELi0EL9ap_q_mode4EL9_67|       pointer|
|p_ZZN4nnet24compute_output_buffer_2dINS_5arrayI9ap_ufixedILi6ELi0EL9ap_q_mode4EL9_67_o_ap_vld  |  out|    1|     ap_ovld|  p_ZZN4nnet24compute_output_buffer_2dINS_5arrayI9ap_ufixedILi6ELi0EL9ap_q_mode4EL9_67|       pointer|
|p_ZZN4nnet24compute_output_buffer_2dINS_5arrayI9ap_ufixedILi6ELi0EL9ap_q_mode4EL9_58_i         |   in|    6|     ap_ovld|  p_ZZN4nnet24compute_output_buffer_2dINS_5arrayI9ap_ufixedILi6ELi0EL9ap_q_mode4EL9_58|       pointer|
|p_ZZN4nnet24compute_output_buffer_2dINS_5arrayI9ap_ufixedILi6ELi0EL9ap_q_mode4EL9_58_o         |  out|    6|     ap_ovld|  p_ZZN4nnet24compute_output_buffer_2dINS_5arrayI9ap_ufixedILi6ELi0EL9ap_q_mode4EL9_58|       pointer|
|p_ZZN4nnet24compute_output_buffer_2dINS_5arrayI9ap_ufixedILi6ELi0EL9ap_q_mode4EL9_58_o_ap_vld  |  out|    1|     ap_ovld|  p_ZZN4nnet24compute_output_buffer_2dINS_5arrayI9ap_ufixedILi6ELi0EL9ap_q_mode4EL9_58|       pointer|
|p_ZZN4nnet24compute_output_buffer_2dINS_5arrayI9ap_ufixedILi6ELi0EL9ap_q_mode4EL9_57_i         |   in|    6|     ap_ovld|  p_ZZN4nnet24compute_output_buffer_2dINS_5arrayI9ap_ufixedILi6ELi0EL9ap_q_mode4EL9_57|       pointer|
|p_ZZN4nnet24compute_output_buffer_2dINS_5arrayI9ap_ufixedILi6ELi0EL9ap_q_mode4EL9_57_o         |  out|    6|     ap_ovld|  p_ZZN4nnet24compute_output_buffer_2dINS_5arrayI9ap_ufixedILi6ELi0EL9ap_q_mode4EL9_57|       pointer|
|p_ZZN4nnet24compute_output_buffer_2dINS_5arrayI9ap_ufixedILi6ELi0EL9ap_q_mode4EL9_57_o_ap_vld  |  out|    1|     ap_ovld|  p_ZZN4nnet24compute_output_buffer_2dINS_5arrayI9ap_ufixedILi6ELi0EL9ap_q_mode4EL9_57|       pointer|
|p_ZZN4nnet24compute_output_buffer_2dINS_5arrayI9ap_ufixedILi6ELi0EL9ap_q_mode4EL9_48_i         |   in|    6|     ap_ovld|  p_ZZN4nnet24compute_output_buffer_2dINS_5arrayI9ap_ufixedILi6ELi0EL9ap_q_mode4EL9_48|       pointer|
|p_ZZN4nnet24compute_output_buffer_2dINS_5arrayI9ap_ufixedILi6ELi0EL9ap_q_mode4EL9_48_o         |  out|    6|     ap_ovld|  p_ZZN4nnet24compute_output_buffer_2dINS_5arrayI9ap_ufixedILi6ELi0EL9ap_q_mode4EL9_48|       pointer|
|p_ZZN4nnet24compute_output_buffer_2dINS_5arrayI9ap_ufixedILi6ELi0EL9ap_q_mode4EL9_48_o_ap_vld  |  out|    1|     ap_ovld|  p_ZZN4nnet24compute_output_buffer_2dINS_5arrayI9ap_ufixedILi6ELi0EL9ap_q_mode4EL9_48|       pointer|
|p_ZZN4nnet24compute_output_buffer_2dINS_5arrayI9ap_ufixedILi6ELi0EL9ap_q_mode4EL9_47_i         |   in|    6|     ap_ovld|  p_ZZN4nnet24compute_output_buffer_2dINS_5arrayI9ap_ufixedILi6ELi0EL9ap_q_mode4EL9_47|       pointer|
|p_ZZN4nnet24compute_output_buffer_2dINS_5arrayI9ap_ufixedILi6ELi0EL9ap_q_mode4EL9_47_o         |  out|    6|     ap_ovld|  p_ZZN4nnet24compute_output_buffer_2dINS_5arrayI9ap_ufixedILi6ELi0EL9ap_q_mode4EL9_47|       pointer|
|p_ZZN4nnet24compute_output_buffer_2dINS_5arrayI9ap_ufixedILi6ELi0EL9ap_q_mode4EL9_47_o_ap_vld  |  out|    1|     ap_ovld|  p_ZZN4nnet24compute_output_buffer_2dINS_5arrayI9ap_ufixedILi6ELi0EL9ap_q_mode4EL9_47|       pointer|
|p_ZZN4nnet24compute_output_buffer_2dINS_5arrayI9ap_ufixedILi6ELi0EL9ap_q_mode4EL9_38_i         |   in|    6|     ap_ovld|  p_ZZN4nnet24compute_output_buffer_2dINS_5arrayI9ap_ufixedILi6ELi0EL9ap_q_mode4EL9_38|       pointer|
|p_ZZN4nnet24compute_output_buffer_2dINS_5arrayI9ap_ufixedILi6ELi0EL9ap_q_mode4EL9_38_o         |  out|    6|     ap_ovld|  p_ZZN4nnet24compute_output_buffer_2dINS_5arrayI9ap_ufixedILi6ELi0EL9ap_q_mode4EL9_38|       pointer|
|p_ZZN4nnet24compute_output_buffer_2dINS_5arrayI9ap_ufixedILi6ELi0EL9ap_q_mode4EL9_38_o_ap_vld  |  out|    1|     ap_ovld|  p_ZZN4nnet24compute_output_buffer_2dINS_5arrayI9ap_ufixedILi6ELi0EL9ap_q_mode4EL9_38|       pointer|
|p_ZZN4nnet24compute_output_buffer_2dINS_5arrayI9ap_ufixedILi6ELi0EL9ap_q_mode4EL9_37_i         |   in|    6|     ap_ovld|  p_ZZN4nnet24compute_output_buffer_2dINS_5arrayI9ap_ufixedILi6ELi0EL9ap_q_mode4EL9_37|       pointer|
|p_ZZN4nnet24compute_output_buffer_2dINS_5arrayI9ap_ufixedILi6ELi0EL9ap_q_mode4EL9_37_o         |  out|    6|     ap_ovld|  p_ZZN4nnet24compute_output_buffer_2dINS_5arrayI9ap_ufixedILi6ELi0EL9ap_q_mode4EL9_37|       pointer|
|p_ZZN4nnet24compute_output_buffer_2dINS_5arrayI9ap_ufixedILi6ELi0EL9ap_q_mode4EL9_37_o_ap_vld  |  out|    1|     ap_ovld|  p_ZZN4nnet24compute_output_buffer_2dINS_5arrayI9ap_ufixedILi6ELi0EL9ap_q_mode4EL9_37|       pointer|
|void_compute_output_buffer_2d_array_const_ap_shift_reg_n_chan_stream_weig_21_i                 |   in|    6|     ap_ovld|          void_compute_output_buffer_2d_array_const_ap_shift_reg_n_chan_stream_weig_21|       pointer|
|void_compute_output_buffer_2d_array_const_ap_shift_reg_n_chan_stream_weig_21_o                 |  out|    6|     ap_ovld|          void_compute_output_buffer_2d_array_const_ap_shift_reg_n_chan_stream_weig_21|       pointer|
|void_compute_output_buffer_2d_array_const_ap_shift_reg_n_chan_stream_weig_21_o_ap_vld          |  out|    1|     ap_ovld|          void_compute_output_buffer_2d_array_const_ap_shift_reg_n_chan_stream_weig_21|       pointer|
|void_compute_output_buffer_2d_array_const_ap_shift_reg_n_chan_stream_weig_20_i                 |   in|    6|     ap_ovld|          void_compute_output_buffer_2d_array_const_ap_shift_reg_n_chan_stream_weig_20|       pointer|
|void_compute_output_buffer_2d_array_const_ap_shift_reg_n_chan_stream_weig_20_o                 |  out|    6|     ap_ovld|          void_compute_output_buffer_2d_array_const_ap_shift_reg_n_chan_stream_weig_20|       pointer|
|void_compute_output_buffer_2d_array_const_ap_shift_reg_n_chan_stream_weig_20_o_ap_vld          |  out|    1|     ap_ovld|          void_compute_output_buffer_2d_array_const_ap_shift_reg_n_chan_stream_weig_20|       pointer|
|p_ZZN4nnet24compute_output_buffer_2dINS_5arrayI9ap_ufixedILi6ELi0EL9ap_q_mode4EL9_66_i         |   in|    6|     ap_ovld|  p_ZZN4nnet24compute_output_buffer_2dINS_5arrayI9ap_ufixedILi6ELi0EL9ap_q_mode4EL9_66|       pointer|
|p_ZZN4nnet24compute_output_buffer_2dINS_5arrayI9ap_ufixedILi6ELi0EL9ap_q_mode4EL9_66_o         |  out|    6|     ap_ovld|  p_ZZN4nnet24compute_output_buffer_2dINS_5arrayI9ap_ufixedILi6ELi0EL9ap_q_mode4EL9_66|       pointer|
|p_ZZN4nnet24compute_output_buffer_2dINS_5arrayI9ap_ufixedILi6ELi0EL9ap_q_mode4EL9_66_o_ap_vld  |  out|    1|     ap_ovld|  p_ZZN4nnet24compute_output_buffer_2dINS_5arrayI9ap_ufixedILi6ELi0EL9ap_q_mode4EL9_66|       pointer|
|p_ZZN4nnet24compute_output_buffer_2dINS_5arrayI9ap_ufixedILi6ELi0EL9ap_q_mode4EL9_65_i         |   in|    6|     ap_ovld|  p_ZZN4nnet24compute_output_buffer_2dINS_5arrayI9ap_ufixedILi6ELi0EL9ap_q_mode4EL9_65|       pointer|
|p_ZZN4nnet24compute_output_buffer_2dINS_5arrayI9ap_ufixedILi6ELi0EL9ap_q_mode4EL9_65_o         |  out|    6|     ap_ovld|  p_ZZN4nnet24compute_output_buffer_2dINS_5arrayI9ap_ufixedILi6ELi0EL9ap_q_mode4EL9_65|       pointer|
|p_ZZN4nnet24compute_output_buffer_2dINS_5arrayI9ap_ufixedILi6ELi0EL9ap_q_mode4EL9_65_o_ap_vld  |  out|    1|     ap_ovld|  p_ZZN4nnet24compute_output_buffer_2dINS_5arrayI9ap_ufixedILi6ELi0EL9ap_q_mode4EL9_65|       pointer|
|p_ZZN4nnet24compute_output_buffer_2dINS_5arrayI9ap_ufixedILi6ELi0EL9ap_q_mode4EL9_56_i         |   in|    6|     ap_ovld|  p_ZZN4nnet24compute_output_buffer_2dINS_5arrayI9ap_ufixedILi6ELi0EL9ap_q_mode4EL9_56|       pointer|
|p_ZZN4nnet24compute_output_buffer_2dINS_5arrayI9ap_ufixedILi6ELi0EL9ap_q_mode4EL9_56_o         |  out|    6|     ap_ovld|  p_ZZN4nnet24compute_output_buffer_2dINS_5arrayI9ap_ufixedILi6ELi0EL9ap_q_mode4EL9_56|       pointer|
|p_ZZN4nnet24compute_output_buffer_2dINS_5arrayI9ap_ufixedILi6ELi0EL9ap_q_mode4EL9_56_o_ap_vld  |  out|    1|     ap_ovld|  p_ZZN4nnet24compute_output_buffer_2dINS_5arrayI9ap_ufixedILi6ELi0EL9ap_q_mode4EL9_56|       pointer|
|p_ZZN4nnet24compute_output_buffer_2dINS_5arrayI9ap_ufixedILi6ELi0EL9ap_q_mode4EL9_55_i         |   in|    6|     ap_ovld|  p_ZZN4nnet24compute_output_buffer_2dINS_5arrayI9ap_ufixedILi6ELi0EL9ap_q_mode4EL9_55|       pointer|
|p_ZZN4nnet24compute_output_buffer_2dINS_5arrayI9ap_ufixedILi6ELi0EL9ap_q_mode4EL9_55_o         |  out|    6|     ap_ovld|  p_ZZN4nnet24compute_output_buffer_2dINS_5arrayI9ap_ufixedILi6ELi0EL9ap_q_mode4EL9_55|       pointer|
|p_ZZN4nnet24compute_output_buffer_2dINS_5arrayI9ap_ufixedILi6ELi0EL9ap_q_mode4EL9_55_o_ap_vld  |  out|    1|     ap_ovld|  p_ZZN4nnet24compute_output_buffer_2dINS_5arrayI9ap_ufixedILi6ELi0EL9ap_q_mode4EL9_55|       pointer|
|p_ZZN4nnet24compute_output_buffer_2dINS_5arrayI9ap_ufixedILi6ELi0EL9ap_q_mode4EL9_46_i         |   in|    6|     ap_ovld|  p_ZZN4nnet24compute_output_buffer_2dINS_5arrayI9ap_ufixedILi6ELi0EL9ap_q_mode4EL9_46|       pointer|
|p_ZZN4nnet24compute_output_buffer_2dINS_5arrayI9ap_ufixedILi6ELi0EL9ap_q_mode4EL9_46_o         |  out|    6|     ap_ovld|  p_ZZN4nnet24compute_output_buffer_2dINS_5arrayI9ap_ufixedILi6ELi0EL9ap_q_mode4EL9_46|       pointer|
|p_ZZN4nnet24compute_output_buffer_2dINS_5arrayI9ap_ufixedILi6ELi0EL9ap_q_mode4EL9_46_o_ap_vld  |  out|    1|     ap_ovld|  p_ZZN4nnet24compute_output_buffer_2dINS_5arrayI9ap_ufixedILi6ELi0EL9ap_q_mode4EL9_46|       pointer|
|p_ZZN4nnet24compute_output_buffer_2dINS_5arrayI9ap_ufixedILi6ELi0EL9ap_q_mode4EL9_45_i         |   in|    6|     ap_ovld|  p_ZZN4nnet24compute_output_buffer_2dINS_5arrayI9ap_ufixedILi6ELi0EL9ap_q_mode4EL9_45|       pointer|
|p_ZZN4nnet24compute_output_buffer_2dINS_5arrayI9ap_ufixedILi6ELi0EL9ap_q_mode4EL9_45_o         |  out|    6|     ap_ovld|  p_ZZN4nnet24compute_output_buffer_2dINS_5arrayI9ap_ufixedILi6ELi0EL9ap_q_mode4EL9_45|       pointer|
|p_ZZN4nnet24compute_output_buffer_2dINS_5arrayI9ap_ufixedILi6ELi0EL9ap_q_mode4EL9_45_o_ap_vld  |  out|    1|     ap_ovld|  p_ZZN4nnet24compute_output_buffer_2dINS_5arrayI9ap_ufixedILi6ELi0EL9ap_q_mode4EL9_45|       pointer|
|p_ZZN4nnet24compute_output_buffer_2dINS_5arrayI9ap_ufixedILi6ELi0EL9ap_q_mode4EL9_36_i         |   in|    6|     ap_ovld|  p_ZZN4nnet24compute_output_buffer_2dINS_5arrayI9ap_ufixedILi6ELi0EL9ap_q_mode4EL9_36|       pointer|
|p_ZZN4nnet24compute_output_buffer_2dINS_5arrayI9ap_ufixedILi6ELi0EL9ap_q_mode4EL9_36_o         |  out|    6|     ap_ovld|  p_ZZN4nnet24compute_output_buffer_2dINS_5arrayI9ap_ufixedILi6ELi0EL9ap_q_mode4EL9_36|       pointer|
|p_ZZN4nnet24compute_output_buffer_2dINS_5arrayI9ap_ufixedILi6ELi0EL9ap_q_mode4EL9_36_o_ap_vld  |  out|    1|     ap_ovld|  p_ZZN4nnet24compute_output_buffer_2dINS_5arrayI9ap_ufixedILi6ELi0EL9ap_q_mode4EL9_36|       pointer|
|p_ZZN4nnet24compute_output_buffer_2dINS_5arrayI9ap_ufixedILi6ELi0EL9ap_q_mode4EL9_35_i         |   in|    6|     ap_ovld|  p_ZZN4nnet24compute_output_buffer_2dINS_5arrayI9ap_ufixedILi6ELi0EL9ap_q_mode4EL9_35|       pointer|
|p_ZZN4nnet24compute_output_buffer_2dINS_5arrayI9ap_ufixedILi6ELi0EL9ap_q_mode4EL9_35_o         |  out|    6|     ap_ovld|  p_ZZN4nnet24compute_output_buffer_2dINS_5arrayI9ap_ufixedILi6ELi0EL9ap_q_mode4EL9_35|       pointer|
|p_ZZN4nnet24compute_output_buffer_2dINS_5arrayI9ap_ufixedILi6ELi0EL9ap_q_mode4EL9_35_o_ap_vld  |  out|    1|     ap_ovld|  p_ZZN4nnet24compute_output_buffer_2dINS_5arrayI9ap_ufixedILi6ELi0EL9ap_q_mode4EL9_35|       pointer|
+-----------------------------------------------------------------------------------------------+-----+-----+------------+--------------------------------------------------------------------------------------+--------------+

